[2023-08-09 11:34:32,457] {scheduler_job.py:182} INFO - Started process (PID=7412) to work on /home/airflow/.local/lib/python3.6/site-packages/airflow/example_dags/example_nested_branch_dag.py
[2023-08-09 11:34:32,470] {scheduler_job.py:633} INFO - Processing file /home/airflow/.local/lib/python3.6/site-packages/airflow/example_dags/example_nested_branch_dag.py for tasks to queue
[2023-08-09 11:34:32,494] {logging_mixin.py:104} INFO - [2023-08-09 11:34:32,494] {dagbag.py:496} INFO - Filling up the DagBag from /home/airflow/.local/lib/python3.6/site-packages/airflow/example_dags/example_nested_branch_dag.py
[2023-08-09 11:34:32,622] {scheduler_job.py:643} INFO - DAG(s) dict_keys(['example_nested_branch_dag']) retrieved from /home/airflow/.local/lib/python3.6/site-packages/airflow/example_dags/example_nested_branch_dag.py
[2023-08-09 11:34:34,055] {logging_mixin.py:104} INFO - [2023-08-09 11:34:34,055] {dag.py:1833} INFO - Sync 1 DAGs
[2023-08-09 11:34:34,122] {logging_mixin.py:104} INFO - [2023-08-09 11:34:34,122] {dag.py:2306} INFO - Setting next_dagrun for example_nested_branch_dag to 2023-08-07 00:00:00+00:00
[2023-08-09 11:34:34,194] {scheduler_job.py:190} INFO - Processing /home/airflow/.local/lib/python3.6/site-packages/airflow/example_dags/example_nested_branch_dag.py took 1.780 seconds
[2023-08-09 11:35:05,795] {scheduler_job.py:182} INFO - Started process (PID=7462) to work on /home/airflow/.local/lib/python3.6/site-packages/airflow/example_dags/example_nested_branch_dag.py
[2023-08-09 11:35:05,816] {scheduler_job.py:633} INFO - Processing file /home/airflow/.local/lib/python3.6/site-packages/airflow/example_dags/example_nested_branch_dag.py for tasks to queue
[2023-08-09 11:35:05,823] {logging_mixin.py:104} INFO - [2023-08-09 11:35:05,823] {dagbag.py:496} INFO - Filling up the DagBag from /home/airflow/.local/lib/python3.6/site-packages/airflow/example_dags/example_nested_branch_dag.py
[2023-08-09 11:35:05,881] {scheduler_job.py:643} INFO - DAG(s) dict_keys(['example_nested_branch_dag']) retrieved from /home/airflow/.local/lib/python3.6/site-packages/airflow/example_dags/example_nested_branch_dag.py
[2023-08-09 11:35:05,930] {logging_mixin.py:104} INFO - [2023-08-09 11:35:05,930] {dag.py:1833} INFO - Sync 1 DAGs
[2023-08-09 11:35:05,989] {logging_mixin.py:104} INFO - [2023-08-09 11:35:05,989] {dag.py:2306} INFO - Setting next_dagrun for example_nested_branch_dag to 2023-08-07 00:00:00+00:00
[2023-08-09 11:35:06,023] {scheduler_job.py:190} INFO - Processing /home/airflow/.local/lib/python3.6/site-packages/airflow/example_dags/example_nested_branch_dag.py took 0.246 seconds
[2023-08-09 11:35:36,682] {scheduler_job.py:182} INFO - Started process (PID=7514) to work on /home/airflow/.local/lib/python3.6/site-packages/airflow/example_dags/example_nested_branch_dag.py
[2023-08-09 11:35:36,693] {scheduler_job.py:633} INFO - Processing file /home/airflow/.local/lib/python3.6/site-packages/airflow/example_dags/example_nested_branch_dag.py for tasks to queue
[2023-08-09 11:35:36,696] {logging_mixin.py:104} INFO - [2023-08-09 11:35:36,695] {dagbag.py:496} INFO - Filling up the DagBag from /home/airflow/.local/lib/python3.6/site-packages/airflow/example_dags/example_nested_branch_dag.py
[2023-08-09 11:35:36,784] {scheduler_job.py:643} INFO - DAG(s) dict_keys(['example_nested_branch_dag']) retrieved from /home/airflow/.local/lib/python3.6/site-packages/airflow/example_dags/example_nested_branch_dag.py
[2023-08-09 11:35:36,898] {logging_mixin.py:104} INFO - [2023-08-09 11:35:36,898] {dag.py:1833} INFO - Sync 1 DAGs
[2023-08-09 11:35:36,985] {logging_mixin.py:104} INFO - [2023-08-09 11:35:36,985] {dag.py:2306} INFO - Setting next_dagrun for example_nested_branch_dag to 2023-08-07 00:00:00+00:00
[2023-08-09 11:35:37,038] {scheduler_job.py:190} INFO - Processing /home/airflow/.local/lib/python3.6/site-packages/airflow/example_dags/example_nested_branch_dag.py took 0.398 seconds
[2023-08-09 11:36:07,488] {scheduler_job.py:182} INFO - Started process (PID=7564) to work on /home/airflow/.local/lib/python3.6/site-packages/airflow/example_dags/example_nested_branch_dag.py
[2023-08-09 11:36:07,502] {scheduler_job.py:633} INFO - Processing file /home/airflow/.local/lib/python3.6/site-packages/airflow/example_dags/example_nested_branch_dag.py for tasks to queue
[2023-08-09 11:36:07,513] {logging_mixin.py:104} INFO - [2023-08-09 11:36:07,512] {dagbag.py:496} INFO - Filling up the DagBag from /home/airflow/.local/lib/python3.6/site-packages/airflow/example_dags/example_nested_branch_dag.py
[2023-08-09 11:36:07,658] {scheduler_job.py:643} INFO - DAG(s) dict_keys(['example_nested_branch_dag']) retrieved from /home/airflow/.local/lib/python3.6/site-packages/airflow/example_dags/example_nested_branch_dag.py
[2023-08-09 11:36:07,810] {logging_mixin.py:104} INFO - [2023-08-09 11:36:07,810] {dag.py:1833} INFO - Sync 1 DAGs
[2023-08-09 11:36:07,913] {logging_mixin.py:104} INFO - [2023-08-09 11:36:07,913] {dag.py:2306} INFO - Setting next_dagrun for example_nested_branch_dag to 2023-08-07 00:00:00+00:00
[2023-08-09 11:36:08,003] {scheduler_job.py:190} INFO - Processing /home/airflow/.local/lib/python3.6/site-packages/airflow/example_dags/example_nested_branch_dag.py took 0.540 seconds
[2023-08-09 11:36:38,263] {scheduler_job.py:182} INFO - Started process (PID=7616) to work on /home/airflow/.local/lib/python3.6/site-packages/airflow/example_dags/example_nested_branch_dag.py
[2023-08-09 11:36:38,266] {scheduler_job.py:633} INFO - Processing file /home/airflow/.local/lib/python3.6/site-packages/airflow/example_dags/example_nested_branch_dag.py for tasks to queue
[2023-08-09 11:36:38,276] {logging_mixin.py:104} INFO - [2023-08-09 11:36:38,275] {dagbag.py:496} INFO - Filling up the DagBag from /home/airflow/.local/lib/python3.6/site-packages/airflow/example_dags/example_nested_branch_dag.py
[2023-08-09 11:36:38,335] {scheduler_job.py:643} INFO - DAG(s) dict_keys(['example_nested_branch_dag']) retrieved from /home/airflow/.local/lib/python3.6/site-packages/airflow/example_dags/example_nested_branch_dag.py
[2023-08-09 11:36:38,408] {logging_mixin.py:104} INFO - [2023-08-09 11:36:38,408] {dag.py:1833} INFO - Sync 1 DAGs
[2023-08-09 11:36:38,437] {logging_mixin.py:104} INFO - [2023-08-09 11:36:38,437] {dag.py:2306} INFO - Setting next_dagrun for example_nested_branch_dag to 2023-08-07 00:00:00+00:00
[2023-08-09 11:36:38,471] {scheduler_job.py:190} INFO - Processing /home/airflow/.local/lib/python3.6/site-packages/airflow/example_dags/example_nested_branch_dag.py took 0.224 seconds
[2023-08-09 11:37:08,707] {scheduler_job.py:182} INFO - Started process (PID=7668) to work on /home/airflow/.local/lib/python3.6/site-packages/airflow/example_dags/example_nested_branch_dag.py
[2023-08-09 11:37:08,715] {scheduler_job.py:633} INFO - Processing file /home/airflow/.local/lib/python3.6/site-packages/airflow/example_dags/example_nested_branch_dag.py for tasks to queue
[2023-08-09 11:37:08,721] {logging_mixin.py:104} INFO - [2023-08-09 11:37:08,720] {dagbag.py:496} INFO - Filling up the DagBag from /home/airflow/.local/lib/python3.6/site-packages/airflow/example_dags/example_nested_branch_dag.py
[2023-08-09 11:37:08,790] {scheduler_job.py:643} INFO - DAG(s) dict_keys(['example_nested_branch_dag']) retrieved from /home/airflow/.local/lib/python3.6/site-packages/airflow/example_dags/example_nested_branch_dag.py
[2023-08-09 11:37:08,884] {logging_mixin.py:104} INFO - [2023-08-09 11:37:08,884] {dag.py:1833} INFO - Sync 1 DAGs
[2023-08-09 11:37:08,923] {logging_mixin.py:104} INFO - [2023-08-09 11:37:08,922] {dag.py:2306} INFO - Setting next_dagrun for example_nested_branch_dag to 2023-08-07 00:00:00+00:00
[2023-08-09 11:37:08,959] {scheduler_job.py:190} INFO - Processing /home/airflow/.local/lib/python3.6/site-packages/airflow/example_dags/example_nested_branch_dag.py took 0.277 seconds
[2023-08-09 11:37:39,238] {scheduler_job.py:182} INFO - Started process (PID=7718) to work on /home/airflow/.local/lib/python3.6/site-packages/airflow/example_dags/example_nested_branch_dag.py
[2023-08-09 11:37:39,245] {scheduler_job.py:633} INFO - Processing file /home/airflow/.local/lib/python3.6/site-packages/airflow/example_dags/example_nested_branch_dag.py for tasks to queue
[2023-08-09 11:37:39,252] {logging_mixin.py:104} INFO - [2023-08-09 11:37:39,248] {dagbag.py:496} INFO - Filling up the DagBag from /home/airflow/.local/lib/python3.6/site-packages/airflow/example_dags/example_nested_branch_dag.py
[2023-08-09 11:37:39,346] {scheduler_job.py:643} INFO - DAG(s) dict_keys(['example_nested_branch_dag']) retrieved from /home/airflow/.local/lib/python3.6/site-packages/airflow/example_dags/example_nested_branch_dag.py
[2023-08-09 11:37:39,487] {logging_mixin.py:104} INFO - [2023-08-09 11:37:39,487] {dag.py:1833} INFO - Sync 1 DAGs
[2023-08-09 11:37:39,532] {logging_mixin.py:104} INFO - [2023-08-09 11:37:39,532] {dag.py:2306} INFO - Setting next_dagrun for example_nested_branch_dag to 2023-08-07 00:00:00+00:00
[2023-08-09 11:37:39,566] {scheduler_job.py:190} INFO - Processing /home/airflow/.local/lib/python3.6/site-packages/airflow/example_dags/example_nested_branch_dag.py took 0.354 seconds
[2023-08-09 11:38:10,416] {scheduler_job.py:182} INFO - Started process (PID=7765) to work on /home/airflow/.local/lib/python3.6/site-packages/airflow/example_dags/example_nested_branch_dag.py
[2023-08-09 11:38:10,439] {scheduler_job.py:633} INFO - Processing file /home/airflow/.local/lib/python3.6/site-packages/airflow/example_dags/example_nested_branch_dag.py for tasks to queue
[2023-08-09 11:38:10,445] {logging_mixin.py:104} INFO - [2023-08-09 11:38:10,443] {dagbag.py:496} INFO - Filling up the DagBag from /home/airflow/.local/lib/python3.6/site-packages/airflow/example_dags/example_nested_branch_dag.py
[2023-08-09 11:38:10,551] {scheduler_job.py:643} INFO - DAG(s) dict_keys(['example_nested_branch_dag']) retrieved from /home/airflow/.local/lib/python3.6/site-packages/airflow/example_dags/example_nested_branch_dag.py
[2023-08-09 11:38:10,645] {logging_mixin.py:104} INFO - [2023-08-09 11:38:10,645] {dag.py:1833} INFO - Sync 1 DAGs
[2023-08-09 11:38:10,707] {logging_mixin.py:104} INFO - [2023-08-09 11:38:10,707] {dag.py:2306} INFO - Setting next_dagrun for example_nested_branch_dag to 2023-08-07 00:00:00+00:00
[2023-08-09 11:38:10,738] {scheduler_job.py:190} INFO - Processing /home/airflow/.local/lib/python3.6/site-packages/airflow/example_dags/example_nested_branch_dag.py took 0.362 seconds
[2023-08-09 11:38:41,518] {scheduler_job.py:182} INFO - Started process (PID=7815) to work on /home/airflow/.local/lib/python3.6/site-packages/airflow/example_dags/example_nested_branch_dag.py
[2023-08-09 11:38:41,535] {scheduler_job.py:633} INFO - Processing file /home/airflow/.local/lib/python3.6/site-packages/airflow/example_dags/example_nested_branch_dag.py for tasks to queue
[2023-08-09 11:38:41,550] {logging_mixin.py:104} INFO - [2023-08-09 11:38:41,550] {dagbag.py:496} INFO - Filling up the DagBag from /home/airflow/.local/lib/python3.6/site-packages/airflow/example_dags/example_nested_branch_dag.py
[2023-08-09 11:38:41,682] {scheduler_job.py:643} INFO - DAG(s) dict_keys(['example_nested_branch_dag']) retrieved from /home/airflow/.local/lib/python3.6/site-packages/airflow/example_dags/example_nested_branch_dag.py
[2023-08-09 11:38:41,810] {logging_mixin.py:104} INFO - [2023-08-09 11:38:41,810] {dag.py:1833} INFO - Sync 1 DAGs
[2023-08-09 11:38:41,910] {logging_mixin.py:104} INFO - [2023-08-09 11:38:41,910] {dag.py:2306} INFO - Setting next_dagrun for example_nested_branch_dag to 2023-08-07 00:00:00+00:00
[2023-08-09 11:38:41,969] {scheduler_job.py:190} INFO - Processing /home/airflow/.local/lib/python3.6/site-packages/airflow/example_dags/example_nested_branch_dag.py took 0.487 seconds
[2023-08-09 11:39:12,697] {scheduler_job.py:182} INFO - Started process (PID=7856) to work on /home/airflow/.local/lib/python3.6/site-packages/airflow/example_dags/example_nested_branch_dag.py
[2023-08-09 11:39:12,709] {scheduler_job.py:633} INFO - Processing file /home/airflow/.local/lib/python3.6/site-packages/airflow/example_dags/example_nested_branch_dag.py for tasks to queue
[2023-08-09 11:39:12,713] {logging_mixin.py:104} INFO - [2023-08-09 11:39:12,712] {dagbag.py:496} INFO - Filling up the DagBag from /home/airflow/.local/lib/python3.6/site-packages/airflow/example_dags/example_nested_branch_dag.py
[2023-08-09 11:39:12,812] {scheduler_job.py:643} INFO - DAG(s) dict_keys(['example_nested_branch_dag']) retrieved from /home/airflow/.local/lib/python3.6/site-packages/airflow/example_dags/example_nested_branch_dag.py
[2023-08-09 11:39:12,939] {logging_mixin.py:104} INFO - [2023-08-09 11:39:12,939] {dag.py:1833} INFO - Sync 1 DAGs
[2023-08-09 11:39:13,004] {logging_mixin.py:104} INFO - [2023-08-09 11:39:13,004] {dag.py:2306} INFO - Setting next_dagrun for example_nested_branch_dag to 2023-08-07 00:00:00+00:00
[2023-08-09 11:39:13,044] {scheduler_job.py:190} INFO - Processing /home/airflow/.local/lib/python3.6/site-packages/airflow/example_dags/example_nested_branch_dag.py took 0.358 seconds
[2023-08-09 16:25:52,022] {scheduler_job.py:182} INFO - Started process (PID=7904) to work on /home/airflow/.local/lib/python3.6/site-packages/airflow/example_dags/example_nested_branch_dag.py
[2023-08-09 16:25:52,036] {scheduler_job.py:633} INFO - Processing file /home/airflow/.local/lib/python3.6/site-packages/airflow/example_dags/example_nested_branch_dag.py for tasks to queue
[2023-08-09 16:25:52,047] {logging_mixin.py:104} INFO - [2023-08-09 16:25:52,047] {dagbag.py:496} INFO - Filling up the DagBag from /home/airflow/.local/lib/python3.6/site-packages/airflow/example_dags/example_nested_branch_dag.py
[2023-08-09 16:25:52,135] {scheduler_job.py:643} INFO - DAG(s) dict_keys(['example_nested_branch_dag']) retrieved from /home/airflow/.local/lib/python3.6/site-packages/airflow/example_dags/example_nested_branch_dag.py
[2023-08-09 16:25:52,285] {logging_mixin.py:104} INFO - [2023-08-09 16:25:52,285] {dag.py:1833} INFO - Sync 1 DAGs
[2023-08-09 16:25:52,370] {logging_mixin.py:104} INFO - [2023-08-09 16:25:52,370] {dag.py:2306} INFO - Setting next_dagrun for example_nested_branch_dag to 2023-08-07 00:00:00+00:00
[2023-08-09 16:25:52,445] {scheduler_job.py:190} INFO - Processing /home/airflow/.local/lib/python3.6/site-packages/airflow/example_dags/example_nested_branch_dag.py took 0.449 seconds
[2023-08-09 16:26:22,704] {scheduler_job.py:182} INFO - Started process (PID=7955) to work on /home/airflow/.local/lib/python3.6/site-packages/airflow/example_dags/example_nested_branch_dag.py
[2023-08-09 16:26:22,715] {scheduler_job.py:633} INFO - Processing file /home/airflow/.local/lib/python3.6/site-packages/airflow/example_dags/example_nested_branch_dag.py for tasks to queue
[2023-08-09 16:26:22,718] {logging_mixin.py:104} INFO - [2023-08-09 16:26:22,718] {dagbag.py:496} INFO - Filling up the DagBag from /home/airflow/.local/lib/python3.6/site-packages/airflow/example_dags/example_nested_branch_dag.py
[2023-08-09 16:26:22,774] {scheduler_job.py:643} INFO - DAG(s) dict_keys(['example_nested_branch_dag']) retrieved from /home/airflow/.local/lib/python3.6/site-packages/airflow/example_dags/example_nested_branch_dag.py
[2023-08-09 16:26:22,855] {logging_mixin.py:104} INFO - [2023-08-09 16:26:22,855] {dag.py:1833} INFO - Sync 1 DAGs
[2023-08-09 16:26:22,882] {logging_mixin.py:104} INFO - [2023-08-09 16:26:22,882] {dag.py:2306} INFO - Setting next_dagrun for example_nested_branch_dag to 2023-08-07 00:00:00+00:00
[2023-08-09 16:26:22,912] {scheduler_job.py:190} INFO - Processing /home/airflow/.local/lib/python3.6/site-packages/airflow/example_dags/example_nested_branch_dag.py took 0.221 seconds
[2023-08-09 16:26:53,367] {scheduler_job.py:182} INFO - Started process (PID=8006) to work on /home/airflow/.local/lib/python3.6/site-packages/airflow/example_dags/example_nested_branch_dag.py
[2023-08-09 16:26:53,372] {scheduler_job.py:633} INFO - Processing file /home/airflow/.local/lib/python3.6/site-packages/airflow/example_dags/example_nested_branch_dag.py for tasks to queue
[2023-08-09 16:26:53,377] {logging_mixin.py:104} INFO - [2023-08-09 16:26:53,376] {dagbag.py:496} INFO - Filling up the DagBag from /home/airflow/.local/lib/python3.6/site-packages/airflow/example_dags/example_nested_branch_dag.py
[2023-08-09 16:26:53,408] {scheduler_job.py:643} INFO - DAG(s) dict_keys(['example_nested_branch_dag']) retrieved from /home/airflow/.local/lib/python3.6/site-packages/airflow/example_dags/example_nested_branch_dag.py
[2023-08-09 16:26:53,441] {logging_mixin.py:104} INFO - [2023-08-09 16:26:53,441] {dag.py:1833} INFO - Sync 1 DAGs
[2023-08-09 16:26:53,467] {logging_mixin.py:104} INFO - [2023-08-09 16:26:53,467] {dag.py:2306} INFO - Setting next_dagrun for example_nested_branch_dag to 2023-08-07 00:00:00+00:00
[2023-08-09 16:26:53,482] {scheduler_job.py:190} INFO - Processing /home/airflow/.local/lib/python3.6/site-packages/airflow/example_dags/example_nested_branch_dag.py took 0.135 seconds
[2023-08-09 16:27:23,807] {scheduler_job.py:182} INFO - Started process (PID=8056) to work on /home/airflow/.local/lib/python3.6/site-packages/airflow/example_dags/example_nested_branch_dag.py
[2023-08-09 16:27:23,825] {scheduler_job.py:633} INFO - Processing file /home/airflow/.local/lib/python3.6/site-packages/airflow/example_dags/example_nested_branch_dag.py for tasks to queue
[2023-08-09 16:27:23,833] {logging_mixin.py:104} INFO - [2023-08-09 16:27:23,832] {dagbag.py:496} INFO - Filling up the DagBag from /home/airflow/.local/lib/python3.6/site-packages/airflow/example_dags/example_nested_branch_dag.py
[2023-08-09 16:27:23,880] {scheduler_job.py:643} INFO - DAG(s) dict_keys(['example_nested_branch_dag']) retrieved from /home/airflow/.local/lib/python3.6/site-packages/airflow/example_dags/example_nested_branch_dag.py
[2023-08-09 16:27:23,923] {logging_mixin.py:104} INFO - [2023-08-09 16:27:23,923] {dag.py:1833} INFO - Sync 1 DAGs
[2023-08-09 16:27:23,948] {logging_mixin.py:104} INFO - [2023-08-09 16:27:23,948] {dag.py:2306} INFO - Setting next_dagrun for example_nested_branch_dag to 2023-08-07 00:00:00+00:00
[2023-08-09 16:27:23,992] {scheduler_job.py:190} INFO - Processing /home/airflow/.local/lib/python3.6/site-packages/airflow/example_dags/example_nested_branch_dag.py took 0.212 seconds
[2023-08-09 16:27:54,113] {scheduler_job.py:182} INFO - Started process (PID=8107) to work on /home/airflow/.local/lib/python3.6/site-packages/airflow/example_dags/example_nested_branch_dag.py
[2023-08-09 16:27:54,117] {scheduler_job.py:633} INFO - Processing file /home/airflow/.local/lib/python3.6/site-packages/airflow/example_dags/example_nested_branch_dag.py for tasks to queue
[2023-08-09 16:27:54,119] {logging_mixin.py:104} INFO - [2023-08-09 16:27:54,119] {dagbag.py:496} INFO - Filling up the DagBag from /home/airflow/.local/lib/python3.6/site-packages/airflow/example_dags/example_nested_branch_dag.py
[2023-08-09 16:27:54,142] {scheduler_job.py:643} INFO - DAG(s) dict_keys(['example_nested_branch_dag']) retrieved from /home/airflow/.local/lib/python3.6/site-packages/airflow/example_dags/example_nested_branch_dag.py
[2023-08-09 16:27:54,176] {logging_mixin.py:104} INFO - [2023-08-09 16:27:54,175] {dag.py:1833} INFO - Sync 1 DAGs
[2023-08-09 16:27:54,198] {logging_mixin.py:104} INFO - [2023-08-09 16:27:54,198] {dag.py:2306} INFO - Setting next_dagrun for example_nested_branch_dag to 2023-08-07 00:00:00+00:00
[2023-08-09 16:27:54,221] {scheduler_job.py:190} INFO - Processing /home/airflow/.local/lib/python3.6/site-packages/airflow/example_dags/example_nested_branch_dag.py took 0.116 seconds
[2023-08-09 16:28:24,583] {scheduler_job.py:182} INFO - Started process (PID=8166) to work on /home/airflow/.local/lib/python3.6/site-packages/airflow/example_dags/example_nested_branch_dag.py
[2023-08-09 16:28:24,586] {scheduler_job.py:633} INFO - Processing file /home/airflow/.local/lib/python3.6/site-packages/airflow/example_dags/example_nested_branch_dag.py for tasks to queue
[2023-08-09 16:28:24,589] {logging_mixin.py:104} INFO - [2023-08-09 16:28:24,589] {dagbag.py:496} INFO - Filling up the DagBag from /home/airflow/.local/lib/python3.6/site-packages/airflow/example_dags/example_nested_branch_dag.py
[2023-08-09 16:28:24,629] {scheduler_job.py:643} INFO - DAG(s) dict_keys(['example_nested_branch_dag']) retrieved from /home/airflow/.local/lib/python3.6/site-packages/airflow/example_dags/example_nested_branch_dag.py
[2023-08-09 16:28:24,683] {logging_mixin.py:104} INFO - [2023-08-09 16:28:24,682] {dag.py:1833} INFO - Sync 1 DAGs
[2023-08-09 16:28:24,713] {logging_mixin.py:104} INFO - [2023-08-09 16:28:24,713] {dag.py:2306} INFO - Setting next_dagrun for example_nested_branch_dag to 2023-08-07 00:00:00+00:00
[2023-08-09 16:28:24,728] {scheduler_job.py:190} INFO - Processing /home/airflow/.local/lib/python3.6/site-packages/airflow/example_dags/example_nested_branch_dag.py took 0.158 seconds
[2023-08-09 16:28:55,077] {scheduler_job.py:182} INFO - Started process (PID=8218) to work on /home/airflow/.local/lib/python3.6/site-packages/airflow/example_dags/example_nested_branch_dag.py
[2023-08-09 16:28:55,084] {scheduler_job.py:633} INFO - Processing file /home/airflow/.local/lib/python3.6/site-packages/airflow/example_dags/example_nested_branch_dag.py for tasks to queue
[2023-08-09 16:28:55,088] {logging_mixin.py:104} INFO - [2023-08-09 16:28:55,088] {dagbag.py:496} INFO - Filling up the DagBag from /home/airflow/.local/lib/python3.6/site-packages/airflow/example_dags/example_nested_branch_dag.py
[2023-08-09 16:28:55,132] {scheduler_job.py:643} INFO - DAG(s) dict_keys(['example_nested_branch_dag']) retrieved from /home/airflow/.local/lib/python3.6/site-packages/airflow/example_dags/example_nested_branch_dag.py
[2023-08-09 16:28:55,207] {logging_mixin.py:104} INFO - [2023-08-09 16:28:55,204] {dag.py:1833} INFO - Sync 1 DAGs
[2023-08-09 16:28:55,244] {logging_mixin.py:104} INFO - [2023-08-09 16:28:55,244] {dag.py:2306} INFO - Setting next_dagrun for example_nested_branch_dag to 2023-08-07 00:00:00+00:00
[2023-08-09 16:28:55,269] {scheduler_job.py:190} INFO - Processing /home/airflow/.local/lib/python3.6/site-packages/airflow/example_dags/example_nested_branch_dag.py took 0.203 seconds
[2023-08-09 16:29:25,905] {scheduler_job.py:182} INFO - Started process (PID=8268) to work on /home/airflow/.local/lib/python3.6/site-packages/airflow/example_dags/example_nested_branch_dag.py
[2023-08-09 16:29:25,910] {scheduler_job.py:633} INFO - Processing file /home/airflow/.local/lib/python3.6/site-packages/airflow/example_dags/example_nested_branch_dag.py for tasks to queue
[2023-08-09 16:29:25,913] {logging_mixin.py:104} INFO - [2023-08-09 16:29:25,912] {dagbag.py:496} INFO - Filling up the DagBag from /home/airflow/.local/lib/python3.6/site-packages/airflow/example_dags/example_nested_branch_dag.py
[2023-08-09 16:29:25,958] {scheduler_job.py:643} INFO - DAG(s) dict_keys(['example_nested_branch_dag']) retrieved from /home/airflow/.local/lib/python3.6/site-packages/airflow/example_dags/example_nested_branch_dag.py
[2023-08-09 16:29:26,011] {logging_mixin.py:104} INFO - [2023-08-09 16:29:26,011] {dag.py:1833} INFO - Sync 1 DAGs
[2023-08-09 16:29:26,064] {logging_mixin.py:104} INFO - [2023-08-09 16:29:26,064] {dag.py:2306} INFO - Setting next_dagrun for example_nested_branch_dag to 2023-08-07 00:00:00+00:00
[2023-08-09 16:29:26,092] {scheduler_job.py:190} INFO - Processing /home/airflow/.local/lib/python3.6/site-packages/airflow/example_dags/example_nested_branch_dag.py took 0.202 seconds
[2023-08-09 16:29:56,911] {scheduler_job.py:182} INFO - Started process (PID=8329) to work on /home/airflow/.local/lib/python3.6/site-packages/airflow/example_dags/example_nested_branch_dag.py
[2023-08-09 16:29:56,921] {scheduler_job.py:633} INFO - Processing file /home/airflow/.local/lib/python3.6/site-packages/airflow/example_dags/example_nested_branch_dag.py for tasks to queue
[2023-08-09 16:29:56,923] {logging_mixin.py:104} INFO - [2023-08-09 16:29:56,923] {dagbag.py:496} INFO - Filling up the DagBag from /home/airflow/.local/lib/python3.6/site-packages/airflow/example_dags/example_nested_branch_dag.py
[2023-08-09 16:29:56,973] {scheduler_job.py:643} INFO - DAG(s) dict_keys(['example_nested_branch_dag']) retrieved from /home/airflow/.local/lib/python3.6/site-packages/airflow/example_dags/example_nested_branch_dag.py
[2023-08-09 16:29:57,025] {logging_mixin.py:104} INFO - [2023-08-09 16:29:57,025] {dag.py:1833} INFO - Sync 1 DAGs
[2023-08-09 16:29:57,049] {logging_mixin.py:104} INFO - [2023-08-09 16:29:57,049] {dag.py:2306} INFO - Setting next_dagrun for example_nested_branch_dag to 2023-08-07 00:00:00+00:00
[2023-08-09 16:29:57,076] {scheduler_job.py:190} INFO - Processing /home/airflow/.local/lib/python3.6/site-packages/airflow/example_dags/example_nested_branch_dag.py took 0.176 seconds
[2023-08-09 16:30:27,322] {scheduler_job.py:182} INFO - Started process (PID=8380) to work on /home/airflow/.local/lib/python3.6/site-packages/airflow/example_dags/example_nested_branch_dag.py
[2023-08-09 16:30:27,325] {scheduler_job.py:633} INFO - Processing file /home/airflow/.local/lib/python3.6/site-packages/airflow/example_dags/example_nested_branch_dag.py for tasks to queue
[2023-08-09 16:30:27,328] {logging_mixin.py:104} INFO - [2023-08-09 16:30:27,328] {dagbag.py:496} INFO - Filling up the DagBag from /home/airflow/.local/lib/python3.6/site-packages/airflow/example_dags/example_nested_branch_dag.py
[2023-08-09 16:30:27,355] {scheduler_job.py:643} INFO - DAG(s) dict_keys(['example_nested_branch_dag']) retrieved from /home/airflow/.local/lib/python3.6/site-packages/airflow/example_dags/example_nested_branch_dag.py
[2023-08-09 16:30:27,409] {logging_mixin.py:104} INFO - [2023-08-09 16:30:27,409] {dag.py:1833} INFO - Sync 1 DAGs
[2023-08-09 16:30:27,437] {logging_mixin.py:104} INFO - [2023-08-09 16:30:27,437] {dag.py:2306} INFO - Setting next_dagrun for example_nested_branch_dag to 2023-08-07 00:00:00+00:00
[2023-08-09 16:30:27,459] {scheduler_job.py:190} INFO - Processing /home/airflow/.local/lib/python3.6/site-packages/airflow/example_dags/example_nested_branch_dag.py took 0.142 seconds
[2023-08-09 16:30:57,886] {scheduler_job.py:182} INFO - Started process (PID=8431) to work on /home/airflow/.local/lib/python3.6/site-packages/airflow/example_dags/example_nested_branch_dag.py
[2023-08-09 16:30:57,891] {scheduler_job.py:633} INFO - Processing file /home/airflow/.local/lib/python3.6/site-packages/airflow/example_dags/example_nested_branch_dag.py for tasks to queue
[2023-08-09 16:30:57,894] {logging_mixin.py:104} INFO - [2023-08-09 16:30:57,893] {dagbag.py:496} INFO - Filling up the DagBag from /home/airflow/.local/lib/python3.6/site-packages/airflow/example_dags/example_nested_branch_dag.py
[2023-08-09 16:30:57,931] {scheduler_job.py:643} INFO - DAG(s) dict_keys(['example_nested_branch_dag']) retrieved from /home/airflow/.local/lib/python3.6/site-packages/airflow/example_dags/example_nested_branch_dag.py
[2023-08-09 16:30:57,961] {logging_mixin.py:104} INFO - [2023-08-09 16:30:57,961] {dag.py:1833} INFO - Sync 1 DAGs
[2023-08-09 16:30:57,980] {logging_mixin.py:104} INFO - [2023-08-09 16:30:57,980] {dag.py:2306} INFO - Setting next_dagrun for example_nested_branch_dag to 2023-08-07 00:00:00+00:00
[2023-08-09 16:30:57,996] {scheduler_job.py:190} INFO - Processing /home/airflow/.local/lib/python3.6/site-packages/airflow/example_dags/example_nested_branch_dag.py took 0.118 seconds
[2023-08-09 16:31:29,005] {scheduler_job.py:182} INFO - Started process (PID=8491) to work on /home/airflow/.local/lib/python3.6/site-packages/airflow/example_dags/example_nested_branch_dag.py
[2023-08-09 16:31:29,012] {scheduler_job.py:633} INFO - Processing file /home/airflow/.local/lib/python3.6/site-packages/airflow/example_dags/example_nested_branch_dag.py for tasks to queue
[2023-08-09 16:31:29,016] {logging_mixin.py:104} INFO - [2023-08-09 16:31:29,015] {dagbag.py:496} INFO - Filling up the DagBag from /home/airflow/.local/lib/python3.6/site-packages/airflow/example_dags/example_nested_branch_dag.py
[2023-08-09 16:31:29,085] {scheduler_job.py:643} INFO - DAG(s) dict_keys(['example_nested_branch_dag']) retrieved from /home/airflow/.local/lib/python3.6/site-packages/airflow/example_dags/example_nested_branch_dag.py
[2023-08-09 16:31:29,150] {logging_mixin.py:104} INFO - [2023-08-09 16:31:29,150] {dag.py:1833} INFO - Sync 1 DAGs
[2023-08-09 16:31:29,185] {logging_mixin.py:104} INFO - [2023-08-09 16:31:29,184] {dag.py:2306} INFO - Setting next_dagrun for example_nested_branch_dag to 2023-08-07 00:00:00+00:00
[2023-08-09 16:31:29,212] {scheduler_job.py:190} INFO - Processing /home/airflow/.local/lib/python3.6/site-packages/airflow/example_dags/example_nested_branch_dag.py took 0.222 seconds
[2023-08-09 16:31:59,310] {scheduler_job.py:182} INFO - Started process (PID=8543) to work on /home/airflow/.local/lib/python3.6/site-packages/airflow/example_dags/example_nested_branch_dag.py
[2023-08-09 16:31:59,314] {scheduler_job.py:633} INFO - Processing file /home/airflow/.local/lib/python3.6/site-packages/airflow/example_dags/example_nested_branch_dag.py for tasks to queue
[2023-08-09 16:31:59,317] {logging_mixin.py:104} INFO - [2023-08-09 16:31:59,316] {dagbag.py:496} INFO - Filling up the DagBag from /home/airflow/.local/lib/python3.6/site-packages/airflow/example_dags/example_nested_branch_dag.py
[2023-08-09 16:31:59,343] {scheduler_job.py:643} INFO - DAG(s) dict_keys(['example_nested_branch_dag']) retrieved from /home/airflow/.local/lib/python3.6/site-packages/airflow/example_dags/example_nested_branch_dag.py
[2023-08-09 16:31:59,374] {logging_mixin.py:104} INFO - [2023-08-09 16:31:59,374] {dag.py:1833} INFO - Sync 1 DAGs
[2023-08-09 16:31:59,393] {logging_mixin.py:104} INFO - [2023-08-09 16:31:59,393] {dag.py:2306} INFO - Setting next_dagrun for example_nested_branch_dag to 2023-08-07 00:00:00+00:00
[2023-08-09 16:31:59,416] {scheduler_job.py:190} INFO - Processing /home/airflow/.local/lib/python3.6/site-packages/airflow/example_dags/example_nested_branch_dag.py took 0.114 seconds
[2023-08-09 16:32:29,640] {scheduler_job.py:182} INFO - Started process (PID=8594) to work on /home/airflow/.local/lib/python3.6/site-packages/airflow/example_dags/example_nested_branch_dag.py
[2023-08-09 16:32:29,642] {scheduler_job.py:633} INFO - Processing file /home/airflow/.local/lib/python3.6/site-packages/airflow/example_dags/example_nested_branch_dag.py for tasks to queue
[2023-08-09 16:32:29,644] {logging_mixin.py:104} INFO - [2023-08-09 16:32:29,644] {dagbag.py:496} INFO - Filling up the DagBag from /home/airflow/.local/lib/python3.6/site-packages/airflow/example_dags/example_nested_branch_dag.py
[2023-08-09 16:32:29,667] {scheduler_job.py:643} INFO - DAG(s) dict_keys(['example_nested_branch_dag']) retrieved from /home/airflow/.local/lib/python3.6/site-packages/airflow/example_dags/example_nested_branch_dag.py
[2023-08-09 16:32:29,706] {logging_mixin.py:104} INFO - [2023-08-09 16:32:29,706] {dag.py:1833} INFO - Sync 1 DAGs
[2023-08-09 16:32:29,726] {logging_mixin.py:104} INFO - [2023-08-09 16:32:29,725] {dag.py:2306} INFO - Setting next_dagrun for example_nested_branch_dag to 2023-08-07 00:00:00+00:00
[2023-08-09 16:32:29,741] {scheduler_job.py:190} INFO - Processing /home/airflow/.local/lib/python3.6/site-packages/airflow/example_dags/example_nested_branch_dag.py took 0.107 seconds
[2023-08-09 16:33:00,845] {scheduler_job.py:182} INFO - Started process (PID=8646) to work on /home/airflow/.local/lib/python3.6/site-packages/airflow/example_dags/example_nested_branch_dag.py
[2023-08-09 16:33:00,849] {scheduler_job.py:633} INFO - Processing file /home/airflow/.local/lib/python3.6/site-packages/airflow/example_dags/example_nested_branch_dag.py for tasks to queue
[2023-08-09 16:33:00,852] {logging_mixin.py:104} INFO - [2023-08-09 16:33:00,852] {dagbag.py:496} INFO - Filling up the DagBag from /home/airflow/.local/lib/python3.6/site-packages/airflow/example_dags/example_nested_branch_dag.py
[2023-08-09 16:33:00,875] {scheduler_job.py:643} INFO - DAG(s) dict_keys(['example_nested_branch_dag']) retrieved from /home/airflow/.local/lib/python3.6/site-packages/airflow/example_dags/example_nested_branch_dag.py
[2023-08-09 16:33:00,906] {logging_mixin.py:104} INFO - [2023-08-09 16:33:00,906] {dag.py:1833} INFO - Sync 1 DAGs
[2023-08-09 16:33:00,929] {logging_mixin.py:104} INFO - [2023-08-09 16:33:00,929] {dag.py:2306} INFO - Setting next_dagrun for example_nested_branch_dag to 2023-08-07 00:00:00+00:00
[2023-08-09 16:33:00,947] {scheduler_job.py:190} INFO - Processing /home/airflow/.local/lib/python3.6/site-packages/airflow/example_dags/example_nested_branch_dag.py took 0.107 seconds
[2023-08-09 16:33:31,136] {scheduler_job.py:182} INFO - Started process (PID=8707) to work on /home/airflow/.local/lib/python3.6/site-packages/airflow/example_dags/example_nested_branch_dag.py
[2023-08-09 16:33:31,139] {scheduler_job.py:633} INFO - Processing file /home/airflow/.local/lib/python3.6/site-packages/airflow/example_dags/example_nested_branch_dag.py for tasks to queue
[2023-08-09 16:33:31,142] {logging_mixin.py:104} INFO - [2023-08-09 16:33:31,142] {dagbag.py:496} INFO - Filling up the DagBag from /home/airflow/.local/lib/python3.6/site-packages/airflow/example_dags/example_nested_branch_dag.py
[2023-08-09 16:33:31,171] {scheduler_job.py:643} INFO - DAG(s) dict_keys(['example_nested_branch_dag']) retrieved from /home/airflow/.local/lib/python3.6/site-packages/airflow/example_dags/example_nested_branch_dag.py
[2023-08-09 16:33:31,209] {logging_mixin.py:104} INFO - [2023-08-09 16:33:31,209] {dag.py:1833} INFO - Sync 1 DAGs
[2023-08-09 16:33:31,237] {logging_mixin.py:104} INFO - [2023-08-09 16:33:31,237] {dag.py:2306} INFO - Setting next_dagrun for example_nested_branch_dag to 2023-08-07 00:00:00+00:00
[2023-08-09 16:33:31,256] {scheduler_job.py:190} INFO - Processing /home/airflow/.local/lib/python3.6/site-packages/airflow/example_dags/example_nested_branch_dag.py took 0.127 seconds
[2023-08-09 16:34:02,596] {scheduler_job.py:182} INFO - Started process (PID=8758) to work on /home/airflow/.local/lib/python3.6/site-packages/airflow/example_dags/example_nested_branch_dag.py
[2023-08-09 16:34:02,600] {scheduler_job.py:633} INFO - Processing file /home/airflow/.local/lib/python3.6/site-packages/airflow/example_dags/example_nested_branch_dag.py for tasks to queue
[2023-08-09 16:34:02,606] {logging_mixin.py:104} INFO - [2023-08-09 16:34:02,605] {dagbag.py:496} INFO - Filling up the DagBag from /home/airflow/.local/lib/python3.6/site-packages/airflow/example_dags/example_nested_branch_dag.py
[2023-08-09 16:34:02,661] {scheduler_job.py:643} INFO - DAG(s) dict_keys(['example_nested_branch_dag']) retrieved from /home/airflow/.local/lib/python3.6/site-packages/airflow/example_dags/example_nested_branch_dag.py
[2023-08-09 16:34:02,702] {logging_mixin.py:104} INFO - [2023-08-09 16:34:02,702] {dag.py:1833} INFO - Sync 1 DAGs
[2023-08-09 16:34:02,726] {logging_mixin.py:104} INFO - [2023-08-09 16:34:02,725] {dag.py:2306} INFO - Setting next_dagrun for example_nested_branch_dag to 2023-08-07 00:00:00+00:00
[2023-08-09 16:34:02,751] {scheduler_job.py:190} INFO - Processing /home/airflow/.local/lib/python3.6/site-packages/airflow/example_dags/example_nested_branch_dag.py took 0.167 seconds
[2023-08-09 16:34:33,588] {scheduler_job.py:182} INFO - Started process (PID=8820) to work on /home/airflow/.local/lib/python3.6/site-packages/airflow/example_dags/example_nested_branch_dag.py
[2023-08-09 16:34:33,595] {scheduler_job.py:633} INFO - Processing file /home/airflow/.local/lib/python3.6/site-packages/airflow/example_dags/example_nested_branch_dag.py for tasks to queue
[2023-08-09 16:34:33,597] {logging_mixin.py:104} INFO - [2023-08-09 16:34:33,597] {dagbag.py:496} INFO - Filling up the DagBag from /home/airflow/.local/lib/python3.6/site-packages/airflow/example_dags/example_nested_branch_dag.py
[2023-08-09 16:34:33,639] {scheduler_job.py:643} INFO - DAG(s) dict_keys(['example_nested_branch_dag']) retrieved from /home/airflow/.local/lib/python3.6/site-packages/airflow/example_dags/example_nested_branch_dag.py
[2023-08-09 16:34:33,700] {logging_mixin.py:104} INFO - [2023-08-09 16:34:33,700] {dag.py:1833} INFO - Sync 1 DAGs
[2023-08-09 16:34:33,740] {logging_mixin.py:104} INFO - [2023-08-09 16:34:33,740] {dag.py:2306} INFO - Setting next_dagrun for example_nested_branch_dag to 2023-08-07 00:00:00+00:00
[2023-08-09 16:34:33,758] {scheduler_job.py:190} INFO - Processing /home/airflow/.local/lib/python3.6/site-packages/airflow/example_dags/example_nested_branch_dag.py took 0.181 seconds
[2023-08-09 16:35:04,479] {scheduler_job.py:182} INFO - Started process (PID=8869) to work on /home/airflow/.local/lib/python3.6/site-packages/airflow/example_dags/example_nested_branch_dag.py
[2023-08-09 16:35:04,482] {scheduler_job.py:633} INFO - Processing file /home/airflow/.local/lib/python3.6/site-packages/airflow/example_dags/example_nested_branch_dag.py for tasks to queue
[2023-08-09 16:35:04,484] {logging_mixin.py:104} INFO - [2023-08-09 16:35:04,484] {dagbag.py:496} INFO - Filling up the DagBag from /home/airflow/.local/lib/python3.6/site-packages/airflow/example_dags/example_nested_branch_dag.py
[2023-08-09 16:35:04,519] {scheduler_job.py:643} INFO - DAG(s) dict_keys(['example_nested_branch_dag']) retrieved from /home/airflow/.local/lib/python3.6/site-packages/airflow/example_dags/example_nested_branch_dag.py
[2023-08-09 16:35:04,561] {logging_mixin.py:104} INFO - [2023-08-09 16:35:04,560] {dag.py:1833} INFO - Sync 1 DAGs
[2023-08-09 16:35:04,592] {logging_mixin.py:104} INFO - [2023-08-09 16:35:04,592] {dag.py:2306} INFO - Setting next_dagrun for example_nested_branch_dag to 2023-08-07 00:00:00+00:00
[2023-08-09 16:35:04,617] {scheduler_job.py:190} INFO - Processing /home/airflow/.local/lib/python3.6/site-packages/airflow/example_dags/example_nested_branch_dag.py took 0.145 seconds
[2023-08-09 16:35:35,069] {scheduler_job.py:182} INFO - Started process (PID=8919) to work on /home/airflow/.local/lib/python3.6/site-packages/airflow/example_dags/example_nested_branch_dag.py
[2023-08-09 16:35:35,072] {scheduler_job.py:633} INFO - Processing file /home/airflow/.local/lib/python3.6/site-packages/airflow/example_dags/example_nested_branch_dag.py for tasks to queue
[2023-08-09 16:35:35,075] {logging_mixin.py:104} INFO - [2023-08-09 16:35:35,075] {dagbag.py:496} INFO - Filling up the DagBag from /home/airflow/.local/lib/python3.6/site-packages/airflow/example_dags/example_nested_branch_dag.py
[2023-08-09 16:35:35,107] {scheduler_job.py:643} INFO - DAG(s) dict_keys(['example_nested_branch_dag']) retrieved from /home/airflow/.local/lib/python3.6/site-packages/airflow/example_dags/example_nested_branch_dag.py
[2023-08-09 16:35:35,150] {logging_mixin.py:104} INFO - [2023-08-09 16:35:35,150] {dag.py:1833} INFO - Sync 1 DAGs
[2023-08-09 16:35:35,179] {logging_mixin.py:104} INFO - [2023-08-09 16:35:35,179] {dag.py:2306} INFO - Setting next_dagrun for example_nested_branch_dag to 2023-08-07 00:00:00+00:00
[2023-08-09 16:35:35,199] {scheduler_job.py:190} INFO - Processing /home/airflow/.local/lib/python3.6/site-packages/airflow/example_dags/example_nested_branch_dag.py took 0.137 seconds
[2023-08-09 16:36:05,470] {scheduler_job.py:182} INFO - Started process (PID=8968) to work on /home/airflow/.local/lib/python3.6/site-packages/airflow/example_dags/example_nested_branch_dag.py
[2023-08-09 16:36:05,473] {scheduler_job.py:633} INFO - Processing file /home/airflow/.local/lib/python3.6/site-packages/airflow/example_dags/example_nested_branch_dag.py for tasks to queue
[2023-08-09 16:36:05,479] {logging_mixin.py:104} INFO - [2023-08-09 16:36:05,479] {dagbag.py:496} INFO - Filling up the DagBag from /home/airflow/.local/lib/python3.6/site-packages/airflow/example_dags/example_nested_branch_dag.py
[2023-08-09 16:36:05,513] {scheduler_job.py:643} INFO - DAG(s) dict_keys(['example_nested_branch_dag']) retrieved from /home/airflow/.local/lib/python3.6/site-packages/airflow/example_dags/example_nested_branch_dag.py
[2023-08-09 16:36:05,555] {logging_mixin.py:104} INFO - [2023-08-09 16:36:05,555] {dag.py:1833} INFO - Sync 1 DAGs
[2023-08-09 16:36:05,582] {logging_mixin.py:104} INFO - [2023-08-09 16:36:05,582] {dag.py:2306} INFO - Setting next_dagrun for example_nested_branch_dag to 2023-08-07 00:00:00+00:00
[2023-08-09 16:36:05,599] {scheduler_job.py:190} INFO - Processing /home/airflow/.local/lib/python3.6/site-packages/airflow/example_dags/example_nested_branch_dag.py took 0.135 seconds
[2023-08-09 16:36:35,836] {scheduler_job.py:182} INFO - Started process (PID=9029) to work on /home/airflow/.local/lib/python3.6/site-packages/airflow/example_dags/example_nested_branch_dag.py
[2023-08-09 16:36:35,847] {scheduler_job.py:633} INFO - Processing file /home/airflow/.local/lib/python3.6/site-packages/airflow/example_dags/example_nested_branch_dag.py for tasks to queue
[2023-08-09 16:36:35,849] {logging_mixin.py:104} INFO - [2023-08-09 16:36:35,849] {dagbag.py:496} INFO - Filling up the DagBag from /home/airflow/.local/lib/python3.6/site-packages/airflow/example_dags/example_nested_branch_dag.py
[2023-08-09 16:36:35,921] {scheduler_job.py:643} INFO - DAG(s) dict_keys(['example_nested_branch_dag']) retrieved from /home/airflow/.local/lib/python3.6/site-packages/airflow/example_dags/example_nested_branch_dag.py
[2023-08-09 16:36:36,004] {logging_mixin.py:104} INFO - [2023-08-09 16:36:36,003] {dag.py:1833} INFO - Sync 1 DAGs
[2023-08-09 16:36:36,042] {logging_mixin.py:104} INFO - [2023-08-09 16:36:36,042] {dag.py:2306} INFO - Setting next_dagrun for example_nested_branch_dag to 2023-08-07 00:00:00+00:00
[2023-08-09 16:36:36,086] {scheduler_job.py:190} INFO - Processing /home/airflow/.local/lib/python3.6/site-packages/airflow/example_dags/example_nested_branch_dag.py took 0.255 seconds
[2023-08-09 16:37:06,273] {scheduler_job.py:182} INFO - Started process (PID=9080) to work on /home/airflow/.local/lib/python3.6/site-packages/airflow/example_dags/example_nested_branch_dag.py
[2023-08-09 16:37:06,286] {scheduler_job.py:633} INFO - Processing file /home/airflow/.local/lib/python3.6/site-packages/airflow/example_dags/example_nested_branch_dag.py for tasks to queue
[2023-08-09 16:37:06,288] {logging_mixin.py:104} INFO - [2023-08-09 16:37:06,288] {dagbag.py:496} INFO - Filling up the DagBag from /home/airflow/.local/lib/python3.6/site-packages/airflow/example_dags/example_nested_branch_dag.py
[2023-08-09 16:37:06,358] {scheduler_job.py:643} INFO - DAG(s) dict_keys(['example_nested_branch_dag']) retrieved from /home/airflow/.local/lib/python3.6/site-packages/airflow/example_dags/example_nested_branch_dag.py
[2023-08-09 16:37:06,440] {logging_mixin.py:104} INFO - [2023-08-09 16:37:06,440] {dag.py:1833} INFO - Sync 1 DAGs
[2023-08-09 16:37:06,501] {logging_mixin.py:104} INFO - [2023-08-09 16:37:06,501] {dag.py:2306} INFO - Setting next_dagrun for example_nested_branch_dag to 2023-08-07 00:00:00+00:00
[2023-08-09 16:37:06,535] {scheduler_job.py:190} INFO - Processing /home/airflow/.local/lib/python3.6/site-packages/airflow/example_dags/example_nested_branch_dag.py took 0.280 seconds
[2023-08-09 16:37:37,199] {scheduler_job.py:182} INFO - Started process (PID=9131) to work on /home/airflow/.local/lib/python3.6/site-packages/airflow/example_dags/example_nested_branch_dag.py
[2023-08-09 16:37:37,202] {scheduler_job.py:633} INFO - Processing file /home/airflow/.local/lib/python3.6/site-packages/airflow/example_dags/example_nested_branch_dag.py for tasks to queue
[2023-08-09 16:37:37,205] {logging_mixin.py:104} INFO - [2023-08-09 16:37:37,205] {dagbag.py:496} INFO - Filling up the DagBag from /home/airflow/.local/lib/python3.6/site-packages/airflow/example_dags/example_nested_branch_dag.py
[2023-08-09 16:37:37,262] {scheduler_job.py:643} INFO - DAG(s) dict_keys(['example_nested_branch_dag']) retrieved from /home/airflow/.local/lib/python3.6/site-packages/airflow/example_dags/example_nested_branch_dag.py
[2023-08-09 16:37:37,317] {logging_mixin.py:104} INFO - [2023-08-09 16:37:37,317] {dag.py:1833} INFO - Sync 1 DAGs
[2023-08-09 16:37:37,360] {logging_mixin.py:104} INFO - [2023-08-09 16:37:37,360] {dag.py:2306} INFO - Setting next_dagrun for example_nested_branch_dag to 2023-08-07 00:00:00+00:00
[2023-08-09 16:37:37,376] {scheduler_job.py:190} INFO - Processing /home/airflow/.local/lib/python3.6/site-packages/airflow/example_dags/example_nested_branch_dag.py took 0.198 seconds
[2023-08-09 16:38:07,554] {scheduler_job.py:182} INFO - Started process (PID=9183) to work on /home/airflow/.local/lib/python3.6/site-packages/airflow/example_dags/example_nested_branch_dag.py
[2023-08-09 16:38:07,562] {scheduler_job.py:633} INFO - Processing file /home/airflow/.local/lib/python3.6/site-packages/airflow/example_dags/example_nested_branch_dag.py for tasks to queue
[2023-08-09 16:38:07,566] {logging_mixin.py:104} INFO - [2023-08-09 16:38:07,565] {dagbag.py:496} INFO - Filling up the DagBag from /home/airflow/.local/lib/python3.6/site-packages/airflow/example_dags/example_nested_branch_dag.py
[2023-08-09 16:38:07,603] {scheduler_job.py:643} INFO - DAG(s) dict_keys(['example_nested_branch_dag']) retrieved from /home/airflow/.local/lib/python3.6/site-packages/airflow/example_dags/example_nested_branch_dag.py
[2023-08-09 16:38:07,637] {logging_mixin.py:104} INFO - [2023-08-09 16:38:07,637] {dag.py:1833} INFO - Sync 1 DAGs
[2023-08-09 16:38:07,659] {logging_mixin.py:104} INFO - [2023-08-09 16:38:07,659] {dag.py:2306} INFO - Setting next_dagrun for example_nested_branch_dag to 2023-08-07 00:00:00+00:00
[2023-08-09 16:38:07,691] {scheduler_job.py:190} INFO - Processing /home/airflow/.local/lib/python3.6/site-packages/airflow/example_dags/example_nested_branch_dag.py took 0.147 seconds
[2023-08-09 16:38:38,024] {scheduler_job.py:182} INFO - Started process (PID=9244) to work on /home/airflow/.local/lib/python3.6/site-packages/airflow/example_dags/example_nested_branch_dag.py
[2023-08-09 16:38:38,029] {scheduler_job.py:633} INFO - Processing file /home/airflow/.local/lib/python3.6/site-packages/airflow/example_dags/example_nested_branch_dag.py for tasks to queue
[2023-08-09 16:38:38,030] {logging_mixin.py:104} INFO - [2023-08-09 16:38:38,030] {dagbag.py:496} INFO - Filling up the DagBag from /home/airflow/.local/lib/python3.6/site-packages/airflow/example_dags/example_nested_branch_dag.py
[2023-08-09 16:38:38,069] {scheduler_job.py:643} INFO - DAG(s) dict_keys(['example_nested_branch_dag']) retrieved from /home/airflow/.local/lib/python3.6/site-packages/airflow/example_dags/example_nested_branch_dag.py
[2023-08-09 16:38:38,105] {logging_mixin.py:104} INFO - [2023-08-09 16:38:38,105] {dag.py:1833} INFO - Sync 1 DAGs
[2023-08-09 16:38:38,129] {logging_mixin.py:104} INFO - [2023-08-09 16:38:38,128] {dag.py:2306} INFO - Setting next_dagrun for example_nested_branch_dag to 2023-08-07 00:00:00+00:00
[2023-08-09 16:38:38,147] {scheduler_job.py:190} INFO - Processing /home/airflow/.local/lib/python3.6/site-packages/airflow/example_dags/example_nested_branch_dag.py took 0.136 seconds
[2023-08-09 16:39:09,061] {scheduler_job.py:182} INFO - Started process (PID=9295) to work on /home/airflow/.local/lib/python3.6/site-packages/airflow/example_dags/example_nested_branch_dag.py
[2023-08-09 16:39:09,064] {scheduler_job.py:633} INFO - Processing file /home/airflow/.local/lib/python3.6/site-packages/airflow/example_dags/example_nested_branch_dag.py for tasks to queue
[2023-08-09 16:39:09,066] {logging_mixin.py:104} INFO - [2023-08-09 16:39:09,066] {dagbag.py:496} INFO - Filling up the DagBag from /home/airflow/.local/lib/python3.6/site-packages/airflow/example_dags/example_nested_branch_dag.py
[2023-08-09 16:39:09,097] {scheduler_job.py:643} INFO - DAG(s) dict_keys(['example_nested_branch_dag']) retrieved from /home/airflow/.local/lib/python3.6/site-packages/airflow/example_dags/example_nested_branch_dag.py
[2023-08-09 16:39:09,138] {logging_mixin.py:104} INFO - [2023-08-09 16:39:09,138] {dag.py:1833} INFO - Sync 1 DAGs
[2023-08-09 16:39:09,171] {logging_mixin.py:104} INFO - [2023-08-09 16:39:09,171] {dag.py:2306} INFO - Setting next_dagrun for example_nested_branch_dag to 2023-08-07 00:00:00+00:00
[2023-08-09 16:39:09,190] {scheduler_job.py:190} INFO - Processing /home/airflow/.local/lib/python3.6/site-packages/airflow/example_dags/example_nested_branch_dag.py took 0.136 seconds
[2023-08-09 16:39:40,295] {scheduler_job.py:182} INFO - Started process (PID=9352) to work on /home/airflow/.local/lib/python3.6/site-packages/airflow/example_dags/example_nested_branch_dag.py
[2023-08-09 16:39:40,307] {scheduler_job.py:633} INFO - Processing file /home/airflow/.local/lib/python3.6/site-packages/airflow/example_dags/example_nested_branch_dag.py for tasks to queue
[2023-08-09 16:39:40,313] {logging_mixin.py:104} INFO - [2023-08-09 16:39:40,313] {dagbag.py:496} INFO - Filling up the DagBag from /home/airflow/.local/lib/python3.6/site-packages/airflow/example_dags/example_nested_branch_dag.py
[2023-08-09 16:39:40,398] {scheduler_job.py:643} INFO - DAG(s) dict_keys(['example_nested_branch_dag']) retrieved from /home/airflow/.local/lib/python3.6/site-packages/airflow/example_dags/example_nested_branch_dag.py
[2023-08-09 16:39:40,475] {logging_mixin.py:104} INFO - [2023-08-09 16:39:40,475] {dag.py:1833} INFO - Sync 1 DAGs
[2023-08-09 16:39:40,526] {logging_mixin.py:104} INFO - [2023-08-09 16:39:40,526] {dag.py:2306} INFO - Setting next_dagrun for example_nested_branch_dag to 2023-08-07 00:00:00+00:00
[2023-08-09 16:39:40,587] {scheduler_job.py:190} INFO - Processing /home/airflow/.local/lib/python3.6/site-packages/airflow/example_dags/example_nested_branch_dag.py took 0.312 seconds
[2023-08-09 16:40:11,076] {scheduler_job.py:182} INFO - Started process (PID=9404) to work on /home/airflow/.local/lib/python3.6/site-packages/airflow/example_dags/example_nested_branch_dag.py
[2023-08-09 16:40:11,087] {scheduler_job.py:633} INFO - Processing file /home/airflow/.local/lib/python3.6/site-packages/airflow/example_dags/example_nested_branch_dag.py for tasks to queue
[2023-08-09 16:40:11,091] {logging_mixin.py:104} INFO - [2023-08-09 16:40:11,091] {dagbag.py:496} INFO - Filling up the DagBag from /home/airflow/.local/lib/python3.6/site-packages/airflow/example_dags/example_nested_branch_dag.py
[2023-08-09 16:40:11,176] {scheduler_job.py:643} INFO - DAG(s) dict_keys(['example_nested_branch_dag']) retrieved from /home/airflow/.local/lib/python3.6/site-packages/airflow/example_dags/example_nested_branch_dag.py
[2023-08-09 16:40:11,286] {logging_mixin.py:104} INFO - [2023-08-09 16:40:11,286] {dag.py:1833} INFO - Sync 1 DAGs
[2023-08-09 16:40:11,360] {logging_mixin.py:104} INFO - [2023-08-09 16:40:11,359] {dag.py:2306} INFO - Setting next_dagrun for example_nested_branch_dag to 2023-08-07 00:00:00+00:00
[2023-08-09 16:40:11,391] {scheduler_job.py:190} INFO - Processing /home/airflow/.local/lib/python3.6/site-packages/airflow/example_dags/example_nested_branch_dag.py took 0.325 seconds
[2023-08-09 16:40:41,574] {scheduler_job.py:182} INFO - Started process (PID=9455) to work on /home/airflow/.local/lib/python3.6/site-packages/airflow/example_dags/example_nested_branch_dag.py
[2023-08-09 16:40:41,577] {scheduler_job.py:633} INFO - Processing file /home/airflow/.local/lib/python3.6/site-packages/airflow/example_dags/example_nested_branch_dag.py for tasks to queue
[2023-08-09 16:40:41,579] {logging_mixin.py:104} INFO - [2023-08-09 16:40:41,578] {dagbag.py:496} INFO - Filling up the DagBag from /home/airflow/.local/lib/python3.6/site-packages/airflow/example_dags/example_nested_branch_dag.py
[2023-08-09 16:40:41,604] {scheduler_job.py:643} INFO - DAG(s) dict_keys(['example_nested_branch_dag']) retrieved from /home/airflow/.local/lib/python3.6/site-packages/airflow/example_dags/example_nested_branch_dag.py
[2023-08-09 16:40:41,636] {logging_mixin.py:104} INFO - [2023-08-09 16:40:41,636] {dag.py:1833} INFO - Sync 1 DAGs
[2023-08-09 16:40:41,655] {logging_mixin.py:104} INFO - [2023-08-09 16:40:41,655] {dag.py:2306} INFO - Setting next_dagrun for example_nested_branch_dag to 2023-08-07 00:00:00+00:00
[2023-08-09 16:40:41,672] {scheduler_job.py:190} INFO - Processing /home/airflow/.local/lib/python3.6/site-packages/airflow/example_dags/example_nested_branch_dag.py took 0.103 seconds
[2023-08-09 16:41:11,947] {scheduler_job.py:182} INFO - Started process (PID=9505) to work on /home/airflow/.local/lib/python3.6/site-packages/airflow/example_dags/example_nested_branch_dag.py
[2023-08-09 16:41:11,952] {scheduler_job.py:633} INFO - Processing file /home/airflow/.local/lib/python3.6/site-packages/airflow/example_dags/example_nested_branch_dag.py for tasks to queue
[2023-08-09 16:41:11,954] {logging_mixin.py:104} INFO - [2023-08-09 16:41:11,953] {dagbag.py:496} INFO - Filling up the DagBag from /home/airflow/.local/lib/python3.6/site-packages/airflow/example_dags/example_nested_branch_dag.py
[2023-08-09 16:41:11,994] {scheduler_job.py:643} INFO - DAG(s) dict_keys(['example_nested_branch_dag']) retrieved from /home/airflow/.local/lib/python3.6/site-packages/airflow/example_dags/example_nested_branch_dag.py
[2023-08-09 16:41:12,048] {logging_mixin.py:104} INFO - [2023-08-09 16:41:12,047] {dag.py:1833} INFO - Sync 1 DAGs
[2023-08-09 16:41:12,084] {logging_mixin.py:104} INFO - [2023-08-09 16:41:12,084] {dag.py:2306} INFO - Setting next_dagrun for example_nested_branch_dag to 2023-08-07 00:00:00+00:00
[2023-08-09 16:41:12,110] {scheduler_job.py:190} INFO - Processing /home/airflow/.local/lib/python3.6/site-packages/airflow/example_dags/example_nested_branch_dag.py took 0.170 seconds
[2023-08-09 16:41:42,623] {scheduler_job.py:182} INFO - Started process (PID=9557) to work on /home/airflow/.local/lib/python3.6/site-packages/airflow/example_dags/example_nested_branch_dag.py
[2023-08-09 16:41:42,626] {scheduler_job.py:633} INFO - Processing file /home/airflow/.local/lib/python3.6/site-packages/airflow/example_dags/example_nested_branch_dag.py for tasks to queue
[2023-08-09 16:41:42,627] {logging_mixin.py:104} INFO - [2023-08-09 16:41:42,627] {dagbag.py:496} INFO - Filling up the DagBag from /home/airflow/.local/lib/python3.6/site-packages/airflow/example_dags/example_nested_branch_dag.py
[2023-08-09 16:41:42,658] {scheduler_job.py:643} INFO - DAG(s) dict_keys(['example_nested_branch_dag']) retrieved from /home/airflow/.local/lib/python3.6/site-packages/airflow/example_dags/example_nested_branch_dag.py
[2023-08-09 16:41:42,689] {logging_mixin.py:104} INFO - [2023-08-09 16:41:42,689] {dag.py:1833} INFO - Sync 1 DAGs
[2023-08-09 16:41:42,714] {logging_mixin.py:104} INFO - [2023-08-09 16:41:42,713] {dag.py:2306} INFO - Setting next_dagrun for example_nested_branch_dag to 2023-08-07 00:00:00+00:00
[2023-08-09 16:41:42,735] {scheduler_job.py:190} INFO - Processing /home/airflow/.local/lib/python3.6/site-packages/airflow/example_dags/example_nested_branch_dag.py took 0.117 seconds
[2023-08-09 16:42:13,282] {scheduler_job.py:182} INFO - Started process (PID=9617) to work on /home/airflow/.local/lib/python3.6/site-packages/airflow/example_dags/example_nested_branch_dag.py
[2023-08-09 16:42:13,284] {scheduler_job.py:633} INFO - Processing file /home/airflow/.local/lib/python3.6/site-packages/airflow/example_dags/example_nested_branch_dag.py for tasks to queue
[2023-08-09 16:42:13,286] {logging_mixin.py:104} INFO - [2023-08-09 16:42:13,286] {dagbag.py:496} INFO - Filling up the DagBag from /home/airflow/.local/lib/python3.6/site-packages/airflow/example_dags/example_nested_branch_dag.py
[2023-08-09 16:42:13,319] {scheduler_job.py:643} INFO - DAG(s) dict_keys(['example_nested_branch_dag']) retrieved from /home/airflow/.local/lib/python3.6/site-packages/airflow/example_dags/example_nested_branch_dag.py
[2023-08-09 16:42:13,361] {logging_mixin.py:104} INFO - [2023-08-09 16:42:13,360] {dag.py:1833} INFO - Sync 1 DAGs
[2023-08-09 16:42:13,387] {logging_mixin.py:104} INFO - [2023-08-09 16:42:13,387] {dag.py:2306} INFO - Setting next_dagrun for example_nested_branch_dag to 2023-08-07 00:00:00+00:00
[2023-08-09 16:42:13,407] {scheduler_job.py:190} INFO - Processing /home/airflow/.local/lib/python3.6/site-packages/airflow/example_dags/example_nested_branch_dag.py took 0.132 seconds
[2023-08-09 16:42:44,350] {scheduler_job.py:182} INFO - Started process (PID=9669) to work on /home/airflow/.local/lib/python3.6/site-packages/airflow/example_dags/example_nested_branch_dag.py
[2023-08-09 16:42:44,359] {scheduler_job.py:633} INFO - Processing file /home/airflow/.local/lib/python3.6/site-packages/airflow/example_dags/example_nested_branch_dag.py for tasks to queue
[2023-08-09 16:42:44,368] {logging_mixin.py:104} INFO - [2023-08-09 16:42:44,368] {dagbag.py:496} INFO - Filling up the DagBag from /home/airflow/.local/lib/python3.6/site-packages/airflow/example_dags/example_nested_branch_dag.py
[2023-08-09 16:42:44,417] {scheduler_job.py:643} INFO - DAG(s) dict_keys(['example_nested_branch_dag']) retrieved from /home/airflow/.local/lib/python3.6/site-packages/airflow/example_dags/example_nested_branch_dag.py
[2023-08-09 16:42:44,447] {logging_mixin.py:104} INFO - [2023-08-09 16:42:44,447] {dag.py:1833} INFO - Sync 1 DAGs
[2023-08-09 16:42:44,467] {logging_mixin.py:104} INFO - [2023-08-09 16:42:44,467] {dag.py:2306} INFO - Setting next_dagrun for example_nested_branch_dag to 2023-08-07 00:00:00+00:00
[2023-08-09 16:42:44,495] {scheduler_job.py:190} INFO - Processing /home/airflow/.local/lib/python3.6/site-packages/airflow/example_dags/example_nested_branch_dag.py took 0.151 seconds
[2023-08-09 16:43:14,701] {scheduler_job.py:182} INFO - Started process (PID=9719) to work on /home/airflow/.local/lib/python3.6/site-packages/airflow/example_dags/example_nested_branch_dag.py
[2023-08-09 16:43:14,711] {scheduler_job.py:633} INFO - Processing file /home/airflow/.local/lib/python3.6/site-packages/airflow/example_dags/example_nested_branch_dag.py for tasks to queue
[2023-08-09 16:43:14,719] {logging_mixin.py:104} INFO - [2023-08-09 16:43:14,719] {dagbag.py:496} INFO - Filling up the DagBag from /home/airflow/.local/lib/python3.6/site-packages/airflow/example_dags/example_nested_branch_dag.py
[2023-08-09 16:43:14,748] {scheduler_job.py:643} INFO - DAG(s) dict_keys(['example_nested_branch_dag']) retrieved from /home/airflow/.local/lib/python3.6/site-packages/airflow/example_dags/example_nested_branch_dag.py
[2023-08-09 16:43:14,783] {logging_mixin.py:104} INFO - [2023-08-09 16:43:14,783] {dag.py:1833} INFO - Sync 1 DAGs
[2023-08-09 16:43:14,826] {logging_mixin.py:104} INFO - [2023-08-09 16:43:14,826] {dag.py:2306} INFO - Setting next_dagrun for example_nested_branch_dag to 2023-08-07 00:00:00+00:00
[2023-08-09 16:43:14,856] {scheduler_job.py:190} INFO - Processing /home/airflow/.local/lib/python3.6/site-packages/airflow/example_dags/example_nested_branch_dag.py took 0.160 seconds
[2023-08-09 16:43:45,070] {scheduler_job.py:182} INFO - Started process (PID=9778) to work on /home/airflow/.local/lib/python3.6/site-packages/airflow/example_dags/example_nested_branch_dag.py
[2023-08-09 16:43:45,074] {scheduler_job.py:633} INFO - Processing file /home/airflow/.local/lib/python3.6/site-packages/airflow/example_dags/example_nested_branch_dag.py for tasks to queue
[2023-08-09 16:43:45,076] {logging_mixin.py:104} INFO - [2023-08-09 16:43:45,076] {dagbag.py:496} INFO - Filling up the DagBag from /home/airflow/.local/lib/python3.6/site-packages/airflow/example_dags/example_nested_branch_dag.py
[2023-08-09 16:43:45,099] {scheduler_job.py:643} INFO - DAG(s) dict_keys(['example_nested_branch_dag']) retrieved from /home/airflow/.local/lib/python3.6/site-packages/airflow/example_dags/example_nested_branch_dag.py
[2023-08-09 16:43:45,139] {logging_mixin.py:104} INFO - [2023-08-09 16:43:45,139] {dag.py:1833} INFO - Sync 1 DAGs
[2023-08-09 16:43:45,180] {logging_mixin.py:104} INFO - [2023-08-09 16:43:45,179] {dag.py:2306} INFO - Setting next_dagrun for example_nested_branch_dag to 2023-08-07 00:00:00+00:00
[2023-08-09 16:43:45,196] {scheduler_job.py:190} INFO - Processing /home/airflow/.local/lib/python3.6/site-packages/airflow/example_dags/example_nested_branch_dag.py took 0.133 seconds
[2023-08-09 16:44:15,325] {scheduler_job.py:182} INFO - Started process (PID=9830) to work on /home/airflow/.local/lib/python3.6/site-packages/airflow/example_dags/example_nested_branch_dag.py
[2023-08-09 16:44:15,328] {scheduler_job.py:633} INFO - Processing file /home/airflow/.local/lib/python3.6/site-packages/airflow/example_dags/example_nested_branch_dag.py for tasks to queue
[2023-08-09 16:44:15,330] {logging_mixin.py:104} INFO - [2023-08-09 16:44:15,330] {dagbag.py:496} INFO - Filling up the DagBag from /home/airflow/.local/lib/python3.6/site-packages/airflow/example_dags/example_nested_branch_dag.py
[2023-08-09 16:44:15,358] {scheduler_job.py:643} INFO - DAG(s) dict_keys(['example_nested_branch_dag']) retrieved from /home/airflow/.local/lib/python3.6/site-packages/airflow/example_dags/example_nested_branch_dag.py
[2023-08-09 16:44:15,389] {logging_mixin.py:104} INFO - [2023-08-09 16:44:15,389] {dag.py:1833} INFO - Sync 1 DAGs
[2023-08-09 16:44:15,411] {logging_mixin.py:104} INFO - [2023-08-09 16:44:15,410] {dag.py:2306} INFO - Setting next_dagrun for example_nested_branch_dag to 2023-08-07 00:00:00+00:00
[2023-08-09 16:44:15,430] {scheduler_job.py:190} INFO - Processing /home/airflow/.local/lib/python3.6/site-packages/airflow/example_dags/example_nested_branch_dag.py took 0.111 seconds
[2023-08-09 16:44:45,764] {scheduler_job.py:182} INFO - Started process (PID=9881) to work on /home/airflow/.local/lib/python3.6/site-packages/airflow/example_dags/example_nested_branch_dag.py
[2023-08-09 16:44:45,772] {scheduler_job.py:633} INFO - Processing file /home/airflow/.local/lib/python3.6/site-packages/airflow/example_dags/example_nested_branch_dag.py for tasks to queue
[2023-08-09 16:44:45,773] {logging_mixin.py:104} INFO - [2023-08-09 16:44:45,773] {dagbag.py:496} INFO - Filling up the DagBag from /home/airflow/.local/lib/python3.6/site-packages/airflow/example_dags/example_nested_branch_dag.py
[2023-08-09 16:44:45,800] {scheduler_job.py:643} INFO - DAG(s) dict_keys(['example_nested_branch_dag']) retrieved from /home/airflow/.local/lib/python3.6/site-packages/airflow/example_dags/example_nested_branch_dag.py
[2023-08-09 16:44:45,840] {logging_mixin.py:104} INFO - [2023-08-09 16:44:45,839] {dag.py:1833} INFO - Sync 1 DAGs
[2023-08-09 16:44:45,860] {logging_mixin.py:104} INFO - [2023-08-09 16:44:45,859] {dag.py:2306} INFO - Setting next_dagrun for example_nested_branch_dag to 2023-08-07 00:00:00+00:00
[2023-08-09 16:44:45,880] {scheduler_job.py:190} INFO - Processing /home/airflow/.local/lib/python3.6/site-packages/airflow/example_dags/example_nested_branch_dag.py took 0.122 seconds
[2023-08-09 16:45:16,388] {scheduler_job.py:182} INFO - Started process (PID=9943) to work on /home/airflow/.local/lib/python3.6/site-packages/airflow/example_dags/example_nested_branch_dag.py
[2023-08-09 16:45:16,392] {scheduler_job.py:633} INFO - Processing file /home/airflow/.local/lib/python3.6/site-packages/airflow/example_dags/example_nested_branch_dag.py for tasks to queue
[2023-08-09 16:45:16,395] {logging_mixin.py:104} INFO - [2023-08-09 16:45:16,394] {dagbag.py:496} INFO - Filling up the DagBag from /home/airflow/.local/lib/python3.6/site-packages/airflow/example_dags/example_nested_branch_dag.py
[2023-08-09 16:45:16,440] {scheduler_job.py:643} INFO - DAG(s) dict_keys(['example_nested_branch_dag']) retrieved from /home/airflow/.local/lib/python3.6/site-packages/airflow/example_dags/example_nested_branch_dag.py
[2023-08-09 16:45:16,525] {logging_mixin.py:104} INFO - [2023-08-09 16:45:16,525] {dag.py:1833} INFO - Sync 1 DAGs
[2023-08-09 16:45:16,587] {logging_mixin.py:104} INFO - [2023-08-09 16:45:16,587] {dag.py:2306} INFO - Setting next_dagrun for example_nested_branch_dag to 2023-08-07 00:00:00+00:00
[2023-08-09 16:45:16,629] {scheduler_job.py:190} INFO - Processing /home/airflow/.local/lib/python3.6/site-packages/airflow/example_dags/example_nested_branch_dag.py took 0.247 seconds
[2023-08-09 16:45:46,827] {scheduler_job.py:182} INFO - Started process (PID=9994) to work on /home/airflow/.local/lib/python3.6/site-packages/airflow/example_dags/example_nested_branch_dag.py
[2023-08-09 16:45:46,834] {scheduler_job.py:633} INFO - Processing file /home/airflow/.local/lib/python3.6/site-packages/airflow/example_dags/example_nested_branch_dag.py for tasks to queue
[2023-08-09 16:45:46,836] {logging_mixin.py:104} INFO - [2023-08-09 16:45:46,835] {dagbag.py:496} INFO - Filling up the DagBag from /home/airflow/.local/lib/python3.6/site-packages/airflow/example_dags/example_nested_branch_dag.py
[2023-08-09 16:45:46,868] {scheduler_job.py:643} INFO - DAG(s) dict_keys(['example_nested_branch_dag']) retrieved from /home/airflow/.local/lib/python3.6/site-packages/airflow/example_dags/example_nested_branch_dag.py
[2023-08-09 16:45:46,914] {logging_mixin.py:104} INFO - [2023-08-09 16:45:46,914] {dag.py:1833} INFO - Sync 1 DAGs
[2023-08-09 16:45:46,940] {logging_mixin.py:104} INFO - [2023-08-09 16:45:46,940] {dag.py:2306} INFO - Setting next_dagrun for example_nested_branch_dag to 2023-08-07 00:00:00+00:00
[2023-08-09 16:45:46,957] {scheduler_job.py:190} INFO - Processing /home/airflow/.local/lib/python3.6/site-packages/airflow/example_dags/example_nested_branch_dag.py took 0.145 seconds
[2023-08-09 16:46:17,455] {scheduler_job.py:182} INFO - Started process (PID=10055) to work on /home/airflow/.local/lib/python3.6/site-packages/airflow/example_dags/example_nested_branch_dag.py
[2023-08-09 16:46:17,459] {scheduler_job.py:633} INFO - Processing file /home/airflow/.local/lib/python3.6/site-packages/airflow/example_dags/example_nested_branch_dag.py for tasks to queue
[2023-08-09 16:46:17,461] {logging_mixin.py:104} INFO - [2023-08-09 16:46:17,461] {dagbag.py:496} INFO - Filling up the DagBag from /home/airflow/.local/lib/python3.6/site-packages/airflow/example_dags/example_nested_branch_dag.py
[2023-08-09 16:46:17,496] {scheduler_job.py:643} INFO - DAG(s) dict_keys(['example_nested_branch_dag']) retrieved from /home/airflow/.local/lib/python3.6/site-packages/airflow/example_dags/example_nested_branch_dag.py
[2023-08-09 16:46:17,534] {logging_mixin.py:104} INFO - [2023-08-09 16:46:17,534] {dag.py:1833} INFO - Sync 1 DAGs
[2023-08-09 16:46:17,557] {logging_mixin.py:104} INFO - [2023-08-09 16:46:17,557] {dag.py:2306} INFO - Setting next_dagrun for example_nested_branch_dag to 2023-08-07 00:00:00+00:00
[2023-08-09 16:46:17,574] {scheduler_job.py:190} INFO - Processing /home/airflow/.local/lib/python3.6/site-packages/airflow/example_dags/example_nested_branch_dag.py took 0.124 seconds
[2023-08-09 16:46:47,689] {scheduler_job.py:182} INFO - Started process (PID=10105) to work on /home/airflow/.local/lib/python3.6/site-packages/airflow/example_dags/example_nested_branch_dag.py
[2023-08-09 16:46:47,693] {scheduler_job.py:633} INFO - Processing file /home/airflow/.local/lib/python3.6/site-packages/airflow/example_dags/example_nested_branch_dag.py for tasks to queue
[2023-08-09 16:46:47,696] {logging_mixin.py:104} INFO - [2023-08-09 16:46:47,695] {dagbag.py:496} INFO - Filling up the DagBag from /home/airflow/.local/lib/python3.6/site-packages/airflow/example_dags/example_nested_branch_dag.py
[2023-08-09 16:46:47,724] {scheduler_job.py:643} INFO - DAG(s) dict_keys(['example_nested_branch_dag']) retrieved from /home/airflow/.local/lib/python3.6/site-packages/airflow/example_dags/example_nested_branch_dag.py
[2023-08-09 16:46:47,754] {logging_mixin.py:104} INFO - [2023-08-09 16:46:47,754] {dag.py:1833} INFO - Sync 1 DAGs
[2023-08-09 16:46:47,777] {logging_mixin.py:104} INFO - [2023-08-09 16:46:47,776] {dag.py:2306} INFO - Setting next_dagrun for example_nested_branch_dag to 2023-08-07 00:00:00+00:00
[2023-08-09 16:46:47,793] {scheduler_job.py:190} INFO - Processing /home/airflow/.local/lib/python3.6/site-packages/airflow/example_dags/example_nested_branch_dag.py took 0.111 seconds
[2023-08-09 16:47:18,496] {scheduler_job.py:182} INFO - Started process (PID=10154) to work on /home/airflow/.local/lib/python3.6/site-packages/airflow/example_dags/example_nested_branch_dag.py
[2023-08-09 16:47:18,499] {scheduler_job.py:633} INFO - Processing file /home/airflow/.local/lib/python3.6/site-packages/airflow/example_dags/example_nested_branch_dag.py for tasks to queue
[2023-08-09 16:47:18,500] {logging_mixin.py:104} INFO - [2023-08-09 16:47:18,500] {dagbag.py:496} INFO - Filling up the DagBag from /home/airflow/.local/lib/python3.6/site-packages/airflow/example_dags/example_nested_branch_dag.py
[2023-08-09 16:47:18,545] {scheduler_job.py:643} INFO - DAG(s) dict_keys(['example_nested_branch_dag']) retrieved from /home/airflow/.local/lib/python3.6/site-packages/airflow/example_dags/example_nested_branch_dag.py
[2023-08-09 16:47:18,596] {logging_mixin.py:104} INFO - [2023-08-09 16:47:18,596] {dag.py:1833} INFO - Sync 1 DAGs
[2023-08-09 16:47:18,621] {logging_mixin.py:104} INFO - [2023-08-09 16:47:18,621] {dag.py:2306} INFO - Setting next_dagrun for example_nested_branch_dag to 2023-08-07 00:00:00+00:00
[2023-08-09 16:47:18,640] {scheduler_job.py:190} INFO - Processing /home/airflow/.local/lib/python3.6/site-packages/airflow/example_dags/example_nested_branch_dag.py took 0.151 seconds
[2023-08-09 16:47:49,454] {scheduler_job.py:182} INFO - Started process (PID=10215) to work on /home/airflow/.local/lib/python3.6/site-packages/airflow/example_dags/example_nested_branch_dag.py
[2023-08-09 16:47:49,459] {scheduler_job.py:633} INFO - Processing file /home/airflow/.local/lib/python3.6/site-packages/airflow/example_dags/example_nested_branch_dag.py for tasks to queue
[2023-08-09 16:47:49,468] {logging_mixin.py:104} INFO - [2023-08-09 16:47:49,468] {dagbag.py:496} INFO - Filling up the DagBag from /home/airflow/.local/lib/python3.6/site-packages/airflow/example_dags/example_nested_branch_dag.py
[2023-08-09 16:47:49,502] {scheduler_job.py:643} INFO - DAG(s) dict_keys(['example_nested_branch_dag']) retrieved from /home/airflow/.local/lib/python3.6/site-packages/airflow/example_dags/example_nested_branch_dag.py
[2023-08-09 16:47:49,556] {logging_mixin.py:104} INFO - [2023-08-09 16:47:49,556] {dag.py:1833} INFO - Sync 1 DAGs
[2023-08-09 16:47:49,596] {logging_mixin.py:104} INFO - [2023-08-09 16:47:49,596] {dag.py:2306} INFO - Setting next_dagrun for example_nested_branch_dag to 2023-08-07 00:00:00+00:00
[2023-08-09 16:47:49,637] {scheduler_job.py:190} INFO - Processing /home/airflow/.local/lib/python3.6/site-packages/airflow/example_dags/example_nested_branch_dag.py took 0.190 seconds
[2023-08-09 16:48:20,739] {scheduler_job.py:182} INFO - Started process (PID=10267) to work on /home/airflow/.local/lib/python3.6/site-packages/airflow/example_dags/example_nested_branch_dag.py
[2023-08-09 16:48:20,774] {scheduler_job.py:633} INFO - Processing file /home/airflow/.local/lib/python3.6/site-packages/airflow/example_dags/example_nested_branch_dag.py for tasks to queue
[2023-08-09 16:48:20,778] {logging_mixin.py:104} INFO - [2023-08-09 16:48:20,778] {dagbag.py:496} INFO - Filling up the DagBag from /home/airflow/.local/lib/python3.6/site-packages/airflow/example_dags/example_nested_branch_dag.py
[2023-08-09 16:48:20,951] {scheduler_job.py:643} INFO - DAG(s) dict_keys(['example_nested_branch_dag']) retrieved from /home/airflow/.local/lib/python3.6/site-packages/airflow/example_dags/example_nested_branch_dag.py
[2023-08-09 16:48:21,023] {logging_mixin.py:104} INFO - [2023-08-09 16:48:21,023] {dag.py:1833} INFO - Sync 1 DAGs
[2023-08-09 16:48:21,070] {logging_mixin.py:104} INFO - [2023-08-09 16:48:21,070] {dag.py:2306} INFO - Setting next_dagrun for example_nested_branch_dag to 2023-08-07 00:00:00+00:00
[2023-08-09 16:48:21,120] {scheduler_job.py:190} INFO - Processing /home/airflow/.local/lib/python3.6/site-packages/airflow/example_dags/example_nested_branch_dag.py took 0.397 seconds
[2023-08-09 16:48:51,227] {scheduler_job.py:182} INFO - Started process (PID=10318) to work on /home/airflow/.local/lib/python3.6/site-packages/airflow/example_dags/example_nested_branch_dag.py
[2023-08-09 16:48:51,230] {scheduler_job.py:633} INFO - Processing file /home/airflow/.local/lib/python3.6/site-packages/airflow/example_dags/example_nested_branch_dag.py for tasks to queue
[2023-08-09 16:48:51,232] {logging_mixin.py:104} INFO - [2023-08-09 16:48:51,232] {dagbag.py:496} INFO - Filling up the DagBag from /home/airflow/.local/lib/python3.6/site-packages/airflow/example_dags/example_nested_branch_dag.py
[2023-08-09 16:48:51,259] {scheduler_job.py:643} INFO - DAG(s) dict_keys(['example_nested_branch_dag']) retrieved from /home/airflow/.local/lib/python3.6/site-packages/airflow/example_dags/example_nested_branch_dag.py
[2023-08-09 16:48:51,301] {logging_mixin.py:104} INFO - [2023-08-09 16:48:51,301] {dag.py:1833} INFO - Sync 1 DAGs
[2023-08-09 16:48:51,320] {logging_mixin.py:104} INFO - [2023-08-09 16:48:51,320] {dag.py:2306} INFO - Setting next_dagrun for example_nested_branch_dag to 2023-08-07 00:00:00+00:00
[2023-08-09 16:48:51,335] {scheduler_job.py:190} INFO - Processing /home/airflow/.local/lib/python3.6/site-packages/airflow/example_dags/example_nested_branch_dag.py took 0.113 seconds
[2023-08-09 16:49:22,257] {scheduler_job.py:182} INFO - Started process (PID=10378) to work on /home/airflow/.local/lib/python3.6/site-packages/airflow/example_dags/example_nested_branch_dag.py
[2023-08-09 16:49:22,261] {scheduler_job.py:633} INFO - Processing file /home/airflow/.local/lib/python3.6/site-packages/airflow/example_dags/example_nested_branch_dag.py for tasks to queue
[2023-08-09 16:49:22,267] {logging_mixin.py:104} INFO - [2023-08-09 16:49:22,266] {dagbag.py:496} INFO - Filling up the DagBag from /home/airflow/.local/lib/python3.6/site-packages/airflow/example_dags/example_nested_branch_dag.py
[2023-08-09 16:49:22,327] {scheduler_job.py:643} INFO - DAG(s) dict_keys(['example_nested_branch_dag']) retrieved from /home/airflow/.local/lib/python3.6/site-packages/airflow/example_dags/example_nested_branch_dag.py
[2023-08-09 16:49:22,366] {logging_mixin.py:104} INFO - [2023-08-09 16:49:22,366] {dag.py:1833} INFO - Sync 1 DAGs
[2023-08-09 16:49:22,406] {logging_mixin.py:104} INFO - [2023-08-09 16:49:22,406] {dag.py:2306} INFO - Setting next_dagrun for example_nested_branch_dag to 2023-08-07 00:00:00+00:00
[2023-08-09 16:49:22,444] {scheduler_job.py:190} INFO - Processing /home/airflow/.local/lib/python3.6/site-packages/airflow/example_dags/example_nested_branch_dag.py took 0.203 seconds
[2023-08-09 16:49:52,846] {scheduler_job.py:182} INFO - Started process (PID=10430) to work on /home/airflow/.local/lib/python3.6/site-packages/airflow/example_dags/example_nested_branch_dag.py
[2023-08-09 16:49:52,858] {scheduler_job.py:633} INFO - Processing file /home/airflow/.local/lib/python3.6/site-packages/airflow/example_dags/example_nested_branch_dag.py for tasks to queue
[2023-08-09 16:49:52,861] {logging_mixin.py:104} INFO - [2023-08-09 16:49:52,860] {dagbag.py:496} INFO - Filling up the DagBag from /home/airflow/.local/lib/python3.6/site-packages/airflow/example_dags/example_nested_branch_dag.py
[2023-08-09 16:49:52,903] {scheduler_job.py:643} INFO - DAG(s) dict_keys(['example_nested_branch_dag']) retrieved from /home/airflow/.local/lib/python3.6/site-packages/airflow/example_dags/example_nested_branch_dag.py
[2023-08-09 16:49:52,934] {logging_mixin.py:104} INFO - [2023-08-09 16:49:52,933] {dag.py:1833} INFO - Sync 1 DAGs
[2023-08-09 16:49:52,957] {logging_mixin.py:104} INFO - [2023-08-09 16:49:52,957] {dag.py:2306} INFO - Setting next_dagrun for example_nested_branch_dag to 2023-08-07 00:00:00+00:00
[2023-08-09 16:49:52,973] {scheduler_job.py:190} INFO - Processing /home/airflow/.local/lib/python3.6/site-packages/airflow/example_dags/example_nested_branch_dag.py took 0.135 seconds
[2023-08-09 16:50:23,917] {scheduler_job.py:182} INFO - Started process (PID=10480) to work on /home/airflow/.local/lib/python3.6/site-packages/airflow/example_dags/example_nested_branch_dag.py
[2023-08-09 16:50:23,919] {scheduler_job.py:633} INFO - Processing file /home/airflow/.local/lib/python3.6/site-packages/airflow/example_dags/example_nested_branch_dag.py for tasks to queue
[2023-08-09 16:50:23,922] {logging_mixin.py:104} INFO - [2023-08-09 16:50:23,921] {dagbag.py:496} INFO - Filling up the DagBag from /home/airflow/.local/lib/python3.6/site-packages/airflow/example_dags/example_nested_branch_dag.py
[2023-08-09 16:50:23,968] {scheduler_job.py:643} INFO - DAG(s) dict_keys(['example_nested_branch_dag']) retrieved from /home/airflow/.local/lib/python3.6/site-packages/airflow/example_dags/example_nested_branch_dag.py
[2023-08-09 16:50:24,019] {logging_mixin.py:104} INFO - [2023-08-09 16:50:24,019] {dag.py:1833} INFO - Sync 1 DAGs
[2023-08-09 16:50:24,038] {logging_mixin.py:104} INFO - [2023-08-09 16:50:24,037] {dag.py:2306} INFO - Setting next_dagrun for example_nested_branch_dag to 2023-08-07 00:00:00+00:00
[2023-08-09 16:50:24,068] {scheduler_job.py:190} INFO - Processing /home/airflow/.local/lib/python3.6/site-packages/airflow/example_dags/example_nested_branch_dag.py took 0.156 seconds
[2023-08-09 16:50:55,371] {scheduler_job.py:182} INFO - Started process (PID=10539) to work on /home/airflow/.local/lib/python3.6/site-packages/airflow/example_dags/example_nested_branch_dag.py
[2023-08-09 16:50:55,379] {scheduler_job.py:633} INFO - Processing file /home/airflow/.local/lib/python3.6/site-packages/airflow/example_dags/example_nested_branch_dag.py for tasks to queue
[2023-08-09 16:50:55,397] {logging_mixin.py:104} INFO - [2023-08-09 16:50:55,397] {dagbag.py:496} INFO - Filling up the DagBag from /home/airflow/.local/lib/python3.6/site-packages/airflow/example_dags/example_nested_branch_dag.py
[2023-08-09 16:50:55,516] {scheduler_job.py:643} INFO - DAG(s) dict_keys(['example_nested_branch_dag']) retrieved from /home/airflow/.local/lib/python3.6/site-packages/airflow/example_dags/example_nested_branch_dag.py
[2023-08-09 16:50:55,626] {logging_mixin.py:104} INFO - [2023-08-09 16:50:55,626] {dag.py:1833} INFO - Sync 1 DAGs
[2023-08-09 16:50:55,693] {logging_mixin.py:104} INFO - [2023-08-09 16:50:55,693] {dag.py:2306} INFO - Setting next_dagrun for example_nested_branch_dag to 2023-08-07 00:00:00+00:00
[2023-08-09 16:50:55,737] {scheduler_job.py:190} INFO - Processing /home/airflow/.local/lib/python3.6/site-packages/airflow/example_dags/example_nested_branch_dag.py took 0.398 seconds
[2023-08-09 16:51:26,499] {scheduler_job.py:182} INFO - Started process (PID=10590) to work on /home/airflow/.local/lib/python3.6/site-packages/airflow/example_dags/example_nested_branch_dag.py
[2023-08-09 16:51:26,502] {scheduler_job.py:633} INFO - Processing file /home/airflow/.local/lib/python3.6/site-packages/airflow/example_dags/example_nested_branch_dag.py for tasks to queue
[2023-08-09 16:51:26,505] {logging_mixin.py:104} INFO - [2023-08-09 16:51:26,504] {dagbag.py:496} INFO - Filling up the DagBag from /home/airflow/.local/lib/python3.6/site-packages/airflow/example_dags/example_nested_branch_dag.py
[2023-08-09 16:51:26,532] {scheduler_job.py:643} INFO - DAG(s) dict_keys(['example_nested_branch_dag']) retrieved from /home/airflow/.local/lib/python3.6/site-packages/airflow/example_dags/example_nested_branch_dag.py
[2023-08-09 16:51:26,563] {logging_mixin.py:104} INFO - [2023-08-09 16:51:26,563] {dag.py:1833} INFO - Sync 1 DAGs
[2023-08-09 16:51:26,586] {logging_mixin.py:104} INFO - [2023-08-09 16:51:26,586] {dag.py:2306} INFO - Setting next_dagrun for example_nested_branch_dag to 2023-08-07 00:00:00+00:00
[2023-08-09 16:51:26,604] {scheduler_job.py:190} INFO - Processing /home/airflow/.local/lib/python3.6/site-packages/airflow/example_dags/example_nested_branch_dag.py took 0.112 seconds
[2023-08-09 16:51:56,845] {scheduler_job.py:182} INFO - Started process (PID=10640) to work on /home/airflow/.local/lib/python3.6/site-packages/airflow/example_dags/example_nested_branch_dag.py
[2023-08-09 16:51:56,848] {scheduler_job.py:633} INFO - Processing file /home/airflow/.local/lib/python3.6/site-packages/airflow/example_dags/example_nested_branch_dag.py for tasks to queue
[2023-08-09 16:51:56,850] {logging_mixin.py:104} INFO - [2023-08-09 16:51:56,850] {dagbag.py:496} INFO - Filling up the DagBag from /home/airflow/.local/lib/python3.6/site-packages/airflow/example_dags/example_nested_branch_dag.py
[2023-08-09 16:51:56,882] {scheduler_job.py:643} INFO - DAG(s) dict_keys(['example_nested_branch_dag']) retrieved from /home/airflow/.local/lib/python3.6/site-packages/airflow/example_dags/example_nested_branch_dag.py
[2023-08-09 16:51:56,924] {logging_mixin.py:104} INFO - [2023-08-09 16:51:56,924] {dag.py:1833} INFO - Sync 1 DAGs
[2023-08-09 16:51:56,955] {logging_mixin.py:104} INFO - [2023-08-09 16:51:56,955] {dag.py:2306} INFO - Setting next_dagrun for example_nested_branch_dag to 2023-08-07 00:00:00+00:00
[2023-08-09 16:51:56,980] {scheduler_job.py:190} INFO - Processing /home/airflow/.local/lib/python3.6/site-packages/airflow/example_dags/example_nested_branch_dag.py took 0.147 seconds
[2023-08-09 16:52:27,116] {scheduler_job.py:182} INFO - Started process (PID=10691) to work on /home/airflow/.local/lib/python3.6/site-packages/airflow/example_dags/example_nested_branch_dag.py
[2023-08-09 16:52:27,119] {scheduler_job.py:633} INFO - Processing file /home/airflow/.local/lib/python3.6/site-packages/airflow/example_dags/example_nested_branch_dag.py for tasks to queue
[2023-08-09 16:52:27,121] {logging_mixin.py:104} INFO - [2023-08-09 16:52:27,121] {dagbag.py:496} INFO - Filling up the DagBag from /home/airflow/.local/lib/python3.6/site-packages/airflow/example_dags/example_nested_branch_dag.py
[2023-08-09 16:52:27,151] {scheduler_job.py:643} INFO - DAG(s) dict_keys(['example_nested_branch_dag']) retrieved from /home/airflow/.local/lib/python3.6/site-packages/airflow/example_dags/example_nested_branch_dag.py
[2023-08-09 16:52:27,184] {logging_mixin.py:104} INFO - [2023-08-09 16:52:27,184] {dag.py:1833} INFO - Sync 1 DAGs
[2023-08-09 16:52:27,206] {logging_mixin.py:104} INFO - [2023-08-09 16:52:27,206] {dag.py:2306} INFO - Setting next_dagrun for example_nested_branch_dag to 2023-08-07 00:00:00+00:00
[2023-08-09 16:52:27,224] {scheduler_job.py:190} INFO - Processing /home/airflow/.local/lib/python3.6/site-packages/airflow/example_dags/example_nested_branch_dag.py took 0.120 seconds
[2023-08-09 16:52:57,764] {scheduler_job.py:182} INFO - Started process (PID=10752) to work on /home/airflow/.local/lib/python3.6/site-packages/airflow/example_dags/example_nested_branch_dag.py
[2023-08-09 16:52:57,771] {scheduler_job.py:633} INFO - Processing file /home/airflow/.local/lib/python3.6/site-packages/airflow/example_dags/example_nested_branch_dag.py for tasks to queue
[2023-08-09 16:52:57,775] {logging_mixin.py:104} INFO - [2023-08-09 16:52:57,775] {dagbag.py:496} INFO - Filling up the DagBag from /home/airflow/.local/lib/python3.6/site-packages/airflow/example_dags/example_nested_branch_dag.py
[2023-08-09 16:52:57,813] {scheduler_job.py:643} INFO - DAG(s) dict_keys(['example_nested_branch_dag']) retrieved from /home/airflow/.local/lib/python3.6/site-packages/airflow/example_dags/example_nested_branch_dag.py
[2023-08-09 16:52:57,862] {logging_mixin.py:104} INFO - [2023-08-09 16:52:57,862] {dag.py:1833} INFO - Sync 1 DAGs
[2023-08-09 16:52:57,914] {logging_mixin.py:104} INFO - [2023-08-09 16:52:57,909] {dag.py:2306} INFO - Setting next_dagrun for example_nested_branch_dag to 2023-08-07 00:00:00+00:00
[2023-08-09 16:52:57,952] {scheduler_job.py:190} INFO - Processing /home/airflow/.local/lib/python3.6/site-packages/airflow/example_dags/example_nested_branch_dag.py took 0.196 seconds
[2023-08-09 16:53:28,718] {scheduler_job.py:182} INFO - Started process (PID=10803) to work on /home/airflow/.local/lib/python3.6/site-packages/airflow/example_dags/example_nested_branch_dag.py
[2023-08-09 16:53:28,721] {scheduler_job.py:633} INFO - Processing file /home/airflow/.local/lib/python3.6/site-packages/airflow/example_dags/example_nested_branch_dag.py for tasks to queue
[2023-08-09 16:53:28,727] {logging_mixin.py:104} INFO - [2023-08-09 16:53:28,727] {dagbag.py:496} INFO - Filling up the DagBag from /home/airflow/.local/lib/python3.6/site-packages/airflow/example_dags/example_nested_branch_dag.py
[2023-08-09 16:53:28,794] {scheduler_job.py:643} INFO - DAG(s) dict_keys(['example_nested_branch_dag']) retrieved from /home/airflow/.local/lib/python3.6/site-packages/airflow/example_dags/example_nested_branch_dag.py
[2023-08-09 16:53:28,851] {logging_mixin.py:104} INFO - [2023-08-09 16:53:28,851] {dag.py:1833} INFO - Sync 1 DAGs
[2023-08-09 16:53:28,902] {logging_mixin.py:104} INFO - [2023-08-09 16:53:28,888] {dag.py:2306} INFO - Setting next_dagrun for example_nested_branch_dag to 2023-08-07 00:00:00+00:00
[2023-08-09 16:53:28,949] {scheduler_job.py:190} INFO - Processing /home/airflow/.local/lib/python3.6/site-packages/airflow/example_dags/example_nested_branch_dag.py took 0.245 seconds
[2023-08-09 16:53:59,037] {scheduler_job.py:182} INFO - Started process (PID=10854) to work on /home/airflow/.local/lib/python3.6/site-packages/airflow/example_dags/example_nested_branch_dag.py
[2023-08-09 16:53:59,054] {scheduler_job.py:633} INFO - Processing file /home/airflow/.local/lib/python3.6/site-packages/airflow/example_dags/example_nested_branch_dag.py for tasks to queue
[2023-08-09 16:53:59,055] {logging_mixin.py:104} INFO - [2023-08-09 16:53:59,055] {dagbag.py:496} INFO - Filling up the DagBag from /home/airflow/.local/lib/python3.6/site-packages/airflow/example_dags/example_nested_branch_dag.py
[2023-08-09 16:53:59,106] {scheduler_job.py:643} INFO - DAG(s) dict_keys(['example_nested_branch_dag']) retrieved from /home/airflow/.local/lib/python3.6/site-packages/airflow/example_dags/example_nested_branch_dag.py
[2023-08-09 16:53:59,160] {logging_mixin.py:104} INFO - [2023-08-09 16:53:59,160] {dag.py:1833} INFO - Sync 1 DAGs
[2023-08-09 16:53:59,197] {logging_mixin.py:104} INFO - [2023-08-09 16:53:59,197] {dag.py:2306} INFO - Setting next_dagrun for example_nested_branch_dag to 2023-08-07 00:00:00+00:00
[2023-08-09 16:53:59,224] {scheduler_job.py:190} INFO - Processing /home/airflow/.local/lib/python3.6/site-packages/airflow/example_dags/example_nested_branch_dag.py took 0.194 seconds
[2023-08-09 16:54:29,672] {scheduler_job.py:182} INFO - Started process (PID=10914) to work on /home/airflow/.local/lib/python3.6/site-packages/airflow/example_dags/example_nested_branch_dag.py
[2023-08-09 16:54:29,679] {scheduler_job.py:633} INFO - Processing file /home/airflow/.local/lib/python3.6/site-packages/airflow/example_dags/example_nested_branch_dag.py for tasks to queue
[2023-08-09 16:54:29,682] {logging_mixin.py:104} INFO - [2023-08-09 16:54:29,682] {dagbag.py:496} INFO - Filling up the DagBag from /home/airflow/.local/lib/python3.6/site-packages/airflow/example_dags/example_nested_branch_dag.py
[2023-08-09 16:54:29,727] {scheduler_job.py:643} INFO - DAG(s) dict_keys(['example_nested_branch_dag']) retrieved from /home/airflow/.local/lib/python3.6/site-packages/airflow/example_dags/example_nested_branch_dag.py
[2023-08-09 16:54:29,777] {logging_mixin.py:104} INFO - [2023-08-09 16:54:29,777] {dag.py:1833} INFO - Sync 1 DAGs
[2023-08-09 16:54:29,807] {logging_mixin.py:104} INFO - [2023-08-09 16:54:29,807] {dag.py:2306} INFO - Setting next_dagrun for example_nested_branch_dag to 2023-08-07 00:00:00+00:00
[2023-08-09 16:54:29,822] {scheduler_job.py:190} INFO - Processing /home/airflow/.local/lib/python3.6/site-packages/airflow/example_dags/example_nested_branch_dag.py took 0.156 seconds
[2023-08-09 16:55:00,814] {scheduler_job.py:182} INFO - Started process (PID=10963) to work on /home/airflow/.local/lib/python3.6/site-packages/airflow/example_dags/example_nested_branch_dag.py
[2023-08-09 16:55:00,816] {scheduler_job.py:633} INFO - Processing file /home/airflow/.local/lib/python3.6/site-packages/airflow/example_dags/example_nested_branch_dag.py for tasks to queue
[2023-08-09 16:55:00,818] {logging_mixin.py:104} INFO - [2023-08-09 16:55:00,818] {dagbag.py:496} INFO - Filling up the DagBag from /home/airflow/.local/lib/python3.6/site-packages/airflow/example_dags/example_nested_branch_dag.py
[2023-08-09 16:55:00,842] {scheduler_job.py:643} INFO - DAG(s) dict_keys(['example_nested_branch_dag']) retrieved from /home/airflow/.local/lib/python3.6/site-packages/airflow/example_dags/example_nested_branch_dag.py
[2023-08-09 16:55:00,873] {logging_mixin.py:104} INFO - [2023-08-09 16:55:00,873] {dag.py:1833} INFO - Sync 1 DAGs
[2023-08-09 16:55:00,902] {logging_mixin.py:104} INFO - [2023-08-09 16:55:00,902] {dag.py:2306} INFO - Setting next_dagrun for example_nested_branch_dag to 2023-08-07 00:00:00+00:00
[2023-08-09 16:55:00,925] {scheduler_job.py:190} INFO - Processing /home/airflow/.local/lib/python3.6/site-packages/airflow/example_dags/example_nested_branch_dag.py took 0.117 seconds
[2023-08-09 16:55:31,605] {scheduler_job.py:182} INFO - Started process (PID=11014) to work on /home/airflow/.local/lib/python3.6/site-packages/airflow/example_dags/example_nested_branch_dag.py
[2023-08-09 16:55:31,608] {scheduler_job.py:633} INFO - Processing file /home/airflow/.local/lib/python3.6/site-packages/airflow/example_dags/example_nested_branch_dag.py for tasks to queue
[2023-08-09 16:55:31,609] {logging_mixin.py:104} INFO - [2023-08-09 16:55:31,609] {dagbag.py:496} INFO - Filling up the DagBag from /home/airflow/.local/lib/python3.6/site-packages/airflow/example_dags/example_nested_branch_dag.py
[2023-08-09 16:55:31,655] {scheduler_job.py:643} INFO - DAG(s) dict_keys(['example_nested_branch_dag']) retrieved from /home/airflow/.local/lib/python3.6/site-packages/airflow/example_dags/example_nested_branch_dag.py
[2023-08-09 16:55:31,707] {logging_mixin.py:104} INFO - [2023-08-09 16:55:31,707] {dag.py:1833} INFO - Sync 1 DAGs
[2023-08-09 16:55:31,749] {logging_mixin.py:104} INFO - [2023-08-09 16:55:31,749] {dag.py:2306} INFO - Setting next_dagrun for example_nested_branch_dag to 2023-08-07 00:00:00+00:00
[2023-08-09 16:55:31,790] {scheduler_job.py:190} INFO - Processing /home/airflow/.local/lib/python3.6/site-packages/airflow/example_dags/example_nested_branch_dag.py took 0.198 seconds
[2023-08-09 16:56:02,658] {scheduler_job.py:182} INFO - Started process (PID=11073) to work on /home/airflow/.local/lib/python3.6/site-packages/airflow/example_dags/example_nested_branch_dag.py
[2023-08-09 16:56:02,667] {scheduler_job.py:633} INFO - Processing file /home/airflow/.local/lib/python3.6/site-packages/airflow/example_dags/example_nested_branch_dag.py for tasks to queue
[2023-08-09 16:56:02,669] {logging_mixin.py:104} INFO - [2023-08-09 16:56:02,669] {dagbag.py:496} INFO - Filling up the DagBag from /home/airflow/.local/lib/python3.6/site-packages/airflow/example_dags/example_nested_branch_dag.py
[2023-08-09 16:56:02,708] {scheduler_job.py:643} INFO - DAG(s) dict_keys(['example_nested_branch_dag']) retrieved from /home/airflow/.local/lib/python3.6/site-packages/airflow/example_dags/example_nested_branch_dag.py
[2023-08-09 16:56:02,756] {logging_mixin.py:104} INFO - [2023-08-09 16:56:02,756] {dag.py:1833} INFO - Sync 1 DAGs
[2023-08-09 16:56:02,780] {logging_mixin.py:104} INFO - [2023-08-09 16:56:02,780] {dag.py:2306} INFO - Setting next_dagrun for example_nested_branch_dag to 2023-08-07 00:00:00+00:00
[2023-08-09 16:56:02,797] {scheduler_job.py:190} INFO - Processing /home/airflow/.local/lib/python3.6/site-packages/airflow/example_dags/example_nested_branch_dag.py took 0.156 seconds
[2023-08-09 16:56:33,589] {scheduler_job.py:182} INFO - Started process (PID=11126) to work on /home/airflow/.local/lib/python3.6/site-packages/airflow/example_dags/example_nested_branch_dag.py
[2023-08-09 16:56:33,592] {scheduler_job.py:633} INFO - Processing file /home/airflow/.local/lib/python3.6/site-packages/airflow/example_dags/example_nested_branch_dag.py for tasks to queue
[2023-08-09 16:56:33,594] {logging_mixin.py:104} INFO - [2023-08-09 16:56:33,594] {dagbag.py:496} INFO - Filling up the DagBag from /home/airflow/.local/lib/python3.6/site-packages/airflow/example_dags/example_nested_branch_dag.py
[2023-08-09 16:56:33,622] {scheduler_job.py:643} INFO - DAG(s) dict_keys(['example_nested_branch_dag']) retrieved from /home/airflow/.local/lib/python3.6/site-packages/airflow/example_dags/example_nested_branch_dag.py
[2023-08-09 16:56:33,651] {logging_mixin.py:104} INFO - [2023-08-09 16:56:33,651] {dag.py:1833} INFO - Sync 1 DAGs
[2023-08-09 16:56:33,684] {logging_mixin.py:104} INFO - [2023-08-09 16:56:33,684] {dag.py:2306} INFO - Setting next_dagrun for example_nested_branch_dag to 2023-08-07 00:00:00+00:00
[2023-08-09 16:56:33,720] {scheduler_job.py:190} INFO - Processing /home/airflow/.local/lib/python3.6/site-packages/airflow/example_dags/example_nested_branch_dag.py took 0.138 seconds
[2023-08-09 16:57:03,869] {scheduler_job.py:182} INFO - Started process (PID=11177) to work on /home/airflow/.local/lib/python3.6/site-packages/airflow/example_dags/example_nested_branch_dag.py
[2023-08-09 16:57:03,873] {scheduler_job.py:633} INFO - Processing file /home/airflow/.local/lib/python3.6/site-packages/airflow/example_dags/example_nested_branch_dag.py for tasks to queue
[2023-08-09 16:57:03,878] {logging_mixin.py:104} INFO - [2023-08-09 16:57:03,876] {dagbag.py:496} INFO - Filling up the DagBag from /home/airflow/.local/lib/python3.6/site-packages/airflow/example_dags/example_nested_branch_dag.py
[2023-08-09 16:57:03,931] {scheduler_job.py:643} INFO - DAG(s) dict_keys(['example_nested_branch_dag']) retrieved from /home/airflow/.local/lib/python3.6/site-packages/airflow/example_dags/example_nested_branch_dag.py
[2023-08-09 16:57:03,978] {logging_mixin.py:104} INFO - [2023-08-09 16:57:03,977] {dag.py:1833} INFO - Sync 1 DAGs
[2023-08-09 16:57:04,007] {logging_mixin.py:104} INFO - [2023-08-09 16:57:04,007] {dag.py:2306} INFO - Setting next_dagrun for example_nested_branch_dag to 2023-08-07 00:00:00+00:00
[2023-08-09 16:57:04,024] {scheduler_job.py:190} INFO - Processing /home/airflow/.local/lib/python3.6/site-packages/airflow/example_dags/example_nested_branch_dag.py took 0.161 seconds
[2023-08-09 16:57:34,363] {scheduler_job.py:182} INFO - Started process (PID=11234) to work on /home/airflow/.local/lib/python3.6/site-packages/airflow/example_dags/example_nested_branch_dag.py
[2023-08-09 16:57:34,367] {scheduler_job.py:633} INFO - Processing file /home/airflow/.local/lib/python3.6/site-packages/airflow/example_dags/example_nested_branch_dag.py for tasks to queue
[2023-08-09 16:57:34,371] {logging_mixin.py:104} INFO - [2023-08-09 16:57:34,370] {dagbag.py:496} INFO - Filling up the DagBag from /home/airflow/.local/lib/python3.6/site-packages/airflow/example_dags/example_nested_branch_dag.py
[2023-08-09 16:57:34,418] {scheduler_job.py:643} INFO - DAG(s) dict_keys(['example_nested_branch_dag']) retrieved from /home/airflow/.local/lib/python3.6/site-packages/airflow/example_dags/example_nested_branch_dag.py
[2023-08-09 16:57:34,486] {logging_mixin.py:104} INFO - [2023-08-09 16:57:34,485] {dag.py:1833} INFO - Sync 1 DAGs
[2023-08-09 16:57:34,514] {logging_mixin.py:104} INFO - [2023-08-09 16:57:34,513] {dag.py:2306} INFO - Setting next_dagrun for example_nested_branch_dag to 2023-08-07 00:00:00+00:00
[2023-08-09 16:57:34,549] {scheduler_job.py:190} INFO - Processing /home/airflow/.local/lib/python3.6/site-packages/airflow/example_dags/example_nested_branch_dag.py took 0.194 seconds
[2023-08-09 16:58:04,954] {scheduler_job.py:182} INFO - Started process (PID=11290) to work on /home/airflow/.local/lib/python3.6/site-packages/airflow/example_dags/example_nested_branch_dag.py
[2023-08-09 16:58:04,959] {scheduler_job.py:633} INFO - Processing file /home/airflow/.local/lib/python3.6/site-packages/airflow/example_dags/example_nested_branch_dag.py for tasks to queue
[2023-08-09 16:58:04,962] {logging_mixin.py:104} INFO - [2023-08-09 16:58:04,961] {dagbag.py:496} INFO - Filling up the DagBag from /home/airflow/.local/lib/python3.6/site-packages/airflow/example_dags/example_nested_branch_dag.py
[2023-08-09 16:58:04,992] {scheduler_job.py:643} INFO - DAG(s) dict_keys(['example_nested_branch_dag']) retrieved from /home/airflow/.local/lib/python3.6/site-packages/airflow/example_dags/example_nested_branch_dag.py
[2023-08-09 16:58:05,032] {logging_mixin.py:104} INFO - [2023-08-09 16:58:05,031] {dag.py:1833} INFO - Sync 1 DAGs
[2023-08-09 16:58:05,061] {logging_mixin.py:104} INFO - [2023-08-09 16:58:05,061] {dag.py:2306} INFO - Setting next_dagrun for example_nested_branch_dag to 2023-08-07 00:00:00+00:00
[2023-08-09 16:58:05,081] {scheduler_job.py:190} INFO - Processing /home/airflow/.local/lib/python3.6/site-packages/airflow/example_dags/example_nested_branch_dag.py took 0.134 seconds
