[2023-08-09 11:34:22,477] {scheduler_job.py:182} INFO - Started process (PID=7401) to work on /home/airflow/.local/lib/python3.6/site-packages/airflow/example_dags/example_latest_only_with_trigger.py
[2023-08-09 11:34:22,491] {scheduler_job.py:633} INFO - Processing file /home/airflow/.local/lib/python3.6/site-packages/airflow/example_dags/example_latest_only_with_trigger.py for tasks to queue
[2023-08-09 11:34:22,495] {logging_mixin.py:104} INFO - [2023-08-09 11:34:22,495] {dagbag.py:496} INFO - Filling up the DagBag from /home/airflow/.local/lib/python3.6/site-packages/airflow/example_dags/example_latest_only_with_trigger.py
[2023-08-09 11:34:22,603] {scheduler_job.py:643} INFO - DAG(s) dict_keys(['latest_only_with_trigger']) retrieved from /home/airflow/.local/lib/python3.6/site-packages/airflow/example_dags/example_latest_only_with_trigger.py
[2023-08-09 11:34:24,174] {logging_mixin.py:104} INFO - [2023-08-09 11:34:24,174] {dag.py:1833} INFO - Sync 1 DAGs
[2023-08-09 11:34:24,227] {logging_mixin.py:104} INFO - [2023-08-09 11:34:24,227] {dag.py:2306} INFO - Setting next_dagrun for latest_only_with_trigger to 2023-08-07 00:00:00+00:00
[2023-08-09 11:34:24,312] {scheduler_job.py:190} INFO - Processing /home/airflow/.local/lib/python3.6/site-packages/airflow/example_dags/example_latest_only_with_trigger.py took 1.855 seconds
[2023-08-09 11:34:54,663] {scheduler_job.py:182} INFO - Started process (PID=7445) to work on /home/airflow/.local/lib/python3.6/site-packages/airflow/example_dags/example_latest_only_with_trigger.py
[2023-08-09 11:34:54,671] {scheduler_job.py:633} INFO - Processing file /home/airflow/.local/lib/python3.6/site-packages/airflow/example_dags/example_latest_only_with_trigger.py for tasks to queue
[2023-08-09 11:34:54,673] {logging_mixin.py:104} INFO - [2023-08-09 11:34:54,673] {dagbag.py:496} INFO - Filling up the DagBag from /home/airflow/.local/lib/python3.6/site-packages/airflow/example_dags/example_latest_only_with_trigger.py
[2023-08-09 11:34:54,696] {scheduler_job.py:643} INFO - DAG(s) dict_keys(['latest_only_with_trigger']) retrieved from /home/airflow/.local/lib/python3.6/site-packages/airflow/example_dags/example_latest_only_with_trigger.py
[2023-08-09 11:34:54,764] {logging_mixin.py:104} INFO - [2023-08-09 11:34:54,764] {dag.py:1833} INFO - Sync 1 DAGs
[2023-08-09 11:34:54,785] {logging_mixin.py:104} INFO - [2023-08-09 11:34:54,784] {dag.py:2306} INFO - Setting next_dagrun for latest_only_with_trigger to 2023-08-07 00:00:00+00:00
[2023-08-09 11:34:54,867] {scheduler_job.py:190} INFO - Processing /home/airflow/.local/lib/python3.6/site-packages/airflow/example_dags/example_latest_only_with_trigger.py took 0.214 seconds
[2023-08-09 11:35:25,355] {scheduler_job.py:182} INFO - Started process (PID=7496) to work on /home/airflow/.local/lib/python3.6/site-packages/airflow/example_dags/example_latest_only_with_trigger.py
[2023-08-09 11:35:25,357] {scheduler_job.py:633} INFO - Processing file /home/airflow/.local/lib/python3.6/site-packages/airflow/example_dags/example_latest_only_with_trigger.py for tasks to queue
[2023-08-09 11:35:25,360] {logging_mixin.py:104} INFO - [2023-08-09 11:35:25,359] {dagbag.py:496} INFO - Filling up the DagBag from /home/airflow/.local/lib/python3.6/site-packages/airflow/example_dags/example_latest_only_with_trigger.py
[2023-08-09 11:35:25,384] {scheduler_job.py:643} INFO - DAG(s) dict_keys(['latest_only_with_trigger']) retrieved from /home/airflow/.local/lib/python3.6/site-packages/airflow/example_dags/example_latest_only_with_trigger.py
[2023-08-09 11:35:25,432] {logging_mixin.py:104} INFO - [2023-08-09 11:35:25,432] {dag.py:1833} INFO - Sync 1 DAGs
[2023-08-09 11:35:25,457] {logging_mixin.py:104} INFO - [2023-08-09 11:35:25,457] {dag.py:2306} INFO - Setting next_dagrun for latest_only_with_trigger to 2023-08-07 00:00:00+00:00
[2023-08-09 11:35:25,481] {scheduler_job.py:190} INFO - Processing /home/airflow/.local/lib/python3.6/site-packages/airflow/example_dags/example_latest_only_with_trigger.py took 0.134 seconds
[2023-08-09 11:35:55,765] {scheduler_job.py:182} INFO - Started process (PID=7547) to work on /home/airflow/.local/lib/python3.6/site-packages/airflow/example_dags/example_latest_only_with_trigger.py
[2023-08-09 11:35:55,771] {scheduler_job.py:633} INFO - Processing file /home/airflow/.local/lib/python3.6/site-packages/airflow/example_dags/example_latest_only_with_trigger.py for tasks to queue
[2023-08-09 11:35:55,774] {logging_mixin.py:104} INFO - [2023-08-09 11:35:55,774] {dagbag.py:496} INFO - Filling up the DagBag from /home/airflow/.local/lib/python3.6/site-packages/airflow/example_dags/example_latest_only_with_trigger.py
[2023-08-09 11:35:55,816] {scheduler_job.py:643} INFO - DAG(s) dict_keys(['latest_only_with_trigger']) retrieved from /home/airflow/.local/lib/python3.6/site-packages/airflow/example_dags/example_latest_only_with_trigger.py
[2023-08-09 11:35:55,872] {logging_mixin.py:104} INFO - [2023-08-09 11:35:55,872] {dag.py:1833} INFO - Sync 1 DAGs
[2023-08-09 11:35:55,906] {logging_mixin.py:104} INFO - [2023-08-09 11:35:55,906] {dag.py:2306} INFO - Setting next_dagrun for latest_only_with_trigger to 2023-08-07 00:00:00+00:00
[2023-08-09 11:35:55,937] {scheduler_job.py:190} INFO - Processing /home/airflow/.local/lib/python3.6/site-packages/airflow/example_dags/example_latest_only_with_trigger.py took 0.190 seconds
[2023-08-09 11:36:26,783] {scheduler_job.py:182} INFO - Started process (PID=7598) to work on /home/airflow/.local/lib/python3.6/site-packages/airflow/example_dags/example_latest_only_with_trigger.py
[2023-08-09 11:36:26,790] {scheduler_job.py:633} INFO - Processing file /home/airflow/.local/lib/python3.6/site-packages/airflow/example_dags/example_latest_only_with_trigger.py for tasks to queue
[2023-08-09 11:36:26,798] {logging_mixin.py:104} INFO - [2023-08-09 11:36:26,794] {dagbag.py:496} INFO - Filling up the DagBag from /home/airflow/.local/lib/python3.6/site-packages/airflow/example_dags/example_latest_only_with_trigger.py
[2023-08-09 11:36:26,860] {scheduler_job.py:643} INFO - DAG(s) dict_keys(['latest_only_with_trigger']) retrieved from /home/airflow/.local/lib/python3.6/site-packages/airflow/example_dags/example_latest_only_with_trigger.py
[2023-08-09 11:36:26,950] {logging_mixin.py:104} INFO - [2023-08-09 11:36:26,950] {dag.py:1833} INFO - Sync 1 DAGs
[2023-08-09 11:36:27,013] {logging_mixin.py:104} INFO - [2023-08-09 11:36:27,012] {dag.py:2306} INFO - Setting next_dagrun for latest_only_with_trigger to 2023-08-07 00:00:00+00:00
[2023-08-09 11:36:27,388] {scheduler_job.py:190} INFO - Processing /home/airflow/.local/lib/python3.6/site-packages/airflow/example_dags/example_latest_only_with_trigger.py took 0.629 seconds
[2023-08-09 11:36:57,555] {scheduler_job.py:182} INFO - Started process (PID=7649) to work on /home/airflow/.local/lib/python3.6/site-packages/airflow/example_dags/example_latest_only_with_trigger.py
[2023-08-09 11:36:57,560] {scheduler_job.py:633} INFO - Processing file /home/airflow/.local/lib/python3.6/site-packages/airflow/example_dags/example_latest_only_with_trigger.py for tasks to queue
[2023-08-09 11:36:57,567] {logging_mixin.py:104} INFO - [2023-08-09 11:36:57,567] {dagbag.py:496} INFO - Filling up the DagBag from /home/airflow/.local/lib/python3.6/site-packages/airflow/example_dags/example_latest_only_with_trigger.py
[2023-08-09 11:36:57,635] {scheduler_job.py:643} INFO - DAG(s) dict_keys(['latest_only_with_trigger']) retrieved from /home/airflow/.local/lib/python3.6/site-packages/airflow/example_dags/example_latest_only_with_trigger.py
[2023-08-09 11:36:57,735] {logging_mixin.py:104} INFO - [2023-08-09 11:36:57,735] {dag.py:1833} INFO - Sync 1 DAGs
[2023-08-09 11:36:57,795] {logging_mixin.py:104} INFO - [2023-08-09 11:36:57,795] {dag.py:2306} INFO - Setting next_dagrun for latest_only_with_trigger to 2023-08-07 00:00:00+00:00
[2023-08-09 11:36:57,885] {scheduler_job.py:190} INFO - Processing /home/airflow/.local/lib/python3.6/site-packages/airflow/example_dags/example_latest_only_with_trigger.py took 0.354 seconds
[2023-08-09 11:37:28,107] {scheduler_job.py:182} INFO - Started process (PID=7701) to work on /home/airflow/.local/lib/python3.6/site-packages/airflow/example_dags/example_latest_only_with_trigger.py
[2023-08-09 11:37:28,110] {scheduler_job.py:633} INFO - Processing file /home/airflow/.local/lib/python3.6/site-packages/airflow/example_dags/example_latest_only_with_trigger.py for tasks to queue
[2023-08-09 11:37:28,114] {logging_mixin.py:104} INFO - [2023-08-09 11:37:28,114] {dagbag.py:496} INFO - Filling up the DagBag from /home/airflow/.local/lib/python3.6/site-packages/airflow/example_dags/example_latest_only_with_trigger.py
[2023-08-09 11:37:28,148] {scheduler_job.py:643} INFO - DAG(s) dict_keys(['latest_only_with_trigger']) retrieved from /home/airflow/.local/lib/python3.6/site-packages/airflow/example_dags/example_latest_only_with_trigger.py
[2023-08-09 11:37:28,202] {logging_mixin.py:104} INFO - [2023-08-09 11:37:28,202] {dag.py:1833} INFO - Sync 1 DAGs
[2023-08-09 11:37:28,226] {logging_mixin.py:104} INFO - [2023-08-09 11:37:28,226] {dag.py:2306} INFO - Setting next_dagrun for latest_only_with_trigger to 2023-08-07 00:00:00+00:00
[2023-08-09 11:37:28,253] {scheduler_job.py:190} INFO - Processing /home/airflow/.local/lib/python3.6/site-packages/airflow/example_dags/example_latest_only_with_trigger.py took 0.157 seconds
[2023-08-09 11:37:58,679] {scheduler_job.py:182} INFO - Started process (PID=7750) to work on /home/airflow/.local/lib/python3.6/site-packages/airflow/example_dags/example_latest_only_with_trigger.py
[2023-08-09 11:37:58,689] {scheduler_job.py:633} INFO - Processing file /home/airflow/.local/lib/python3.6/site-packages/airflow/example_dags/example_latest_only_with_trigger.py for tasks to queue
[2023-08-09 11:37:58,692] {logging_mixin.py:104} INFO - [2023-08-09 11:37:58,692] {dagbag.py:496} INFO - Filling up the DagBag from /home/airflow/.local/lib/python3.6/site-packages/airflow/example_dags/example_latest_only_with_trigger.py
[2023-08-09 11:37:58,720] {scheduler_job.py:643} INFO - DAG(s) dict_keys(['latest_only_with_trigger']) retrieved from /home/airflow/.local/lib/python3.6/site-packages/airflow/example_dags/example_latest_only_with_trigger.py
[2023-08-09 11:37:58,779] {logging_mixin.py:104} INFO - [2023-08-09 11:37:58,779] {dag.py:1833} INFO - Sync 1 DAGs
[2023-08-09 11:37:58,841] {logging_mixin.py:104} INFO - [2023-08-09 11:37:58,840] {dag.py:2306} INFO - Setting next_dagrun for latest_only_with_trigger to 2023-08-07 00:00:00+00:00
[2023-08-09 11:37:58,876] {scheduler_job.py:190} INFO - Processing /home/airflow/.local/lib/python3.6/site-packages/airflow/example_dags/example_latest_only_with_trigger.py took 0.208 seconds
[2023-08-09 11:38:29,230] {scheduler_job.py:182} INFO - Started process (PID=7799) to work on /home/airflow/.local/lib/python3.6/site-packages/airflow/example_dags/example_latest_only_with_trigger.py
[2023-08-09 11:38:29,237] {scheduler_job.py:633} INFO - Processing file /home/airflow/.local/lib/python3.6/site-packages/airflow/example_dags/example_latest_only_with_trigger.py for tasks to queue
[2023-08-09 11:38:29,241] {logging_mixin.py:104} INFO - [2023-08-09 11:38:29,241] {dagbag.py:496} INFO - Filling up the DagBag from /home/airflow/.local/lib/python3.6/site-packages/airflow/example_dags/example_latest_only_with_trigger.py
[2023-08-09 11:38:29,299] {scheduler_job.py:643} INFO - DAG(s) dict_keys(['latest_only_with_trigger']) retrieved from /home/airflow/.local/lib/python3.6/site-packages/airflow/example_dags/example_latest_only_with_trigger.py
[2023-08-09 11:38:29,397] {logging_mixin.py:104} INFO - [2023-08-09 11:38:29,396] {dag.py:1833} INFO - Sync 1 DAGs
[2023-08-09 11:38:29,451] {logging_mixin.py:104} INFO - [2023-08-09 11:38:29,451] {dag.py:2306} INFO - Setting next_dagrun for latest_only_with_trigger to 2023-08-07 00:00:00+00:00
[2023-08-09 11:38:29,481] {scheduler_job.py:190} INFO - Processing /home/airflow/.local/lib/python3.6/site-packages/airflow/example_dags/example_latest_only_with_trigger.py took 0.268 seconds
[2023-08-09 11:38:59,721] {scheduler_job.py:182} INFO - Started process (PID=7847) to work on /home/airflow/.local/lib/python3.6/site-packages/airflow/example_dags/example_latest_only_with_trigger.py
[2023-08-09 11:38:59,731] {scheduler_job.py:633} INFO - Processing file /home/airflow/.local/lib/python3.6/site-packages/airflow/example_dags/example_latest_only_with_trigger.py for tasks to queue
[2023-08-09 11:38:59,734] {logging_mixin.py:104} INFO - [2023-08-09 11:38:59,734] {dagbag.py:496} INFO - Filling up the DagBag from /home/airflow/.local/lib/python3.6/site-packages/airflow/example_dags/example_latest_only_with_trigger.py
[2023-08-09 11:38:59,834] {scheduler_job.py:643} INFO - DAG(s) dict_keys(['latest_only_with_trigger']) retrieved from /home/airflow/.local/lib/python3.6/site-packages/airflow/example_dags/example_latest_only_with_trigger.py
[2023-08-09 11:38:59,939] {logging_mixin.py:104} INFO - [2023-08-09 11:38:59,939] {dag.py:1833} INFO - Sync 1 DAGs
[2023-08-09 11:38:59,989] {logging_mixin.py:104} INFO - [2023-08-09 11:38:59,989] {dag.py:2306} INFO - Setting next_dagrun for latest_only_with_trigger to 2023-08-07 00:00:00+00:00
[2023-08-09 11:39:00,053] {scheduler_job.py:190} INFO - Processing /home/airflow/.local/lib/python3.6/site-packages/airflow/example_dags/example_latest_only_with_trigger.py took 0.360 seconds
[2023-08-09 16:25:49,157] {scheduler_job.py:182} INFO - Started process (PID=7894) to work on /home/airflow/.local/lib/python3.6/site-packages/airflow/example_dags/example_latest_only_with_trigger.py
[2023-08-09 16:25:49,164] {scheduler_job.py:633} INFO - Processing file /home/airflow/.local/lib/python3.6/site-packages/airflow/example_dags/example_latest_only_with_trigger.py for tasks to queue
[2023-08-09 16:25:49,179] {logging_mixin.py:104} INFO - [2023-08-09 16:25:49,179] {dagbag.py:496} INFO - Filling up the DagBag from /home/airflow/.local/lib/python3.6/site-packages/airflow/example_dags/example_latest_only_with_trigger.py
[2023-08-09 16:25:49,292] {scheduler_job.py:643} INFO - DAG(s) dict_keys(['latest_only_with_trigger']) retrieved from /home/airflow/.local/lib/python3.6/site-packages/airflow/example_dags/example_latest_only_with_trigger.py
[2023-08-09 16:25:49,435] {logging_mixin.py:104} INFO - [2023-08-09 16:25:49,434] {dag.py:1833} INFO - Sync 1 DAGs
[2023-08-09 16:25:49,521] {logging_mixin.py:104} INFO - [2023-08-09 16:25:49,521] {dag.py:2306} INFO - Setting next_dagrun for latest_only_with_trigger to 2023-08-07 00:00:00+00:00
[2023-08-09 16:25:49,581] {scheduler_job.py:190} INFO - Processing /home/airflow/.local/lib/python3.6/site-packages/airflow/example_dags/example_latest_only_with_trigger.py took 0.467 seconds
[2023-08-09 16:26:20,684] {scheduler_job.py:182} INFO - Started process (PID=7942) to work on /home/airflow/.local/lib/python3.6/site-packages/airflow/example_dags/example_latest_only_with_trigger.py
[2023-08-09 16:26:20,687] {scheduler_job.py:633} INFO - Processing file /home/airflow/.local/lib/python3.6/site-packages/airflow/example_dags/example_latest_only_with_trigger.py for tasks to queue
[2023-08-09 16:26:20,695] {logging_mixin.py:104} INFO - [2023-08-09 16:26:20,694] {dagbag.py:496} INFO - Filling up the DagBag from /home/airflow/.local/lib/python3.6/site-packages/airflow/example_dags/example_latest_only_with_trigger.py
[2023-08-09 16:26:20,731] {scheduler_job.py:643} INFO - DAG(s) dict_keys(['latest_only_with_trigger']) retrieved from /home/airflow/.local/lib/python3.6/site-packages/airflow/example_dags/example_latest_only_with_trigger.py
[2023-08-09 16:26:20,779] {logging_mixin.py:104} INFO - [2023-08-09 16:26:20,779] {dag.py:1833} INFO - Sync 1 DAGs
[2023-08-09 16:26:20,820] {logging_mixin.py:104} INFO - [2023-08-09 16:26:20,820] {dag.py:2306} INFO - Setting next_dagrun for latest_only_with_trigger to 2023-08-07 00:00:00+00:00
[2023-08-09 16:26:20,865] {scheduler_job.py:190} INFO - Processing /home/airflow/.local/lib/python3.6/site-packages/airflow/example_dags/example_latest_only_with_trigger.py took 0.202 seconds
[2023-08-09 16:26:51,273] {scheduler_job.py:182} INFO - Started process (PID=7998) to work on /home/airflow/.local/lib/python3.6/site-packages/airflow/example_dags/example_latest_only_with_trigger.py
[2023-08-09 16:26:51,277] {scheduler_job.py:633} INFO - Processing file /home/airflow/.local/lib/python3.6/site-packages/airflow/example_dags/example_latest_only_with_trigger.py for tasks to queue
[2023-08-09 16:26:51,282] {logging_mixin.py:104} INFO - [2023-08-09 16:26:51,281] {dagbag.py:496} INFO - Filling up the DagBag from /home/airflow/.local/lib/python3.6/site-packages/airflow/example_dags/example_latest_only_with_trigger.py
[2023-08-09 16:26:51,308] {scheduler_job.py:643} INFO - DAG(s) dict_keys(['latest_only_with_trigger']) retrieved from /home/airflow/.local/lib/python3.6/site-packages/airflow/example_dags/example_latest_only_with_trigger.py
[2023-08-09 16:26:51,352] {logging_mixin.py:104} INFO - [2023-08-09 16:26:51,351] {dag.py:1833} INFO - Sync 1 DAGs
[2023-08-09 16:26:51,379] {logging_mixin.py:104} INFO - [2023-08-09 16:26:51,378] {dag.py:2306} INFO - Setting next_dagrun for latest_only_with_trigger to 2023-08-07 00:00:00+00:00
[2023-08-09 16:26:51,400] {scheduler_job.py:190} INFO - Processing /home/airflow/.local/lib/python3.6/site-packages/airflow/example_dags/example_latest_only_with_trigger.py took 0.133 seconds
[2023-08-09 16:27:21,768] {scheduler_job.py:182} INFO - Started process (PID=8048) to work on /home/airflow/.local/lib/python3.6/site-packages/airflow/example_dags/example_latest_only_with_trigger.py
[2023-08-09 16:27:21,774] {scheduler_job.py:633} INFO - Processing file /home/airflow/.local/lib/python3.6/site-packages/airflow/example_dags/example_latest_only_with_trigger.py for tasks to queue
[2023-08-09 16:27:21,776] {logging_mixin.py:104} INFO - [2023-08-09 16:27:21,776] {dagbag.py:496} INFO - Filling up the DagBag from /home/airflow/.local/lib/python3.6/site-packages/airflow/example_dags/example_latest_only_with_trigger.py
[2023-08-09 16:27:21,815] {scheduler_job.py:643} INFO - DAG(s) dict_keys(['latest_only_with_trigger']) retrieved from /home/airflow/.local/lib/python3.6/site-packages/airflow/example_dags/example_latest_only_with_trigger.py
[2023-08-09 16:27:21,861] {logging_mixin.py:104} INFO - [2023-08-09 16:27:21,860] {dag.py:1833} INFO - Sync 1 DAGs
[2023-08-09 16:27:21,894] {logging_mixin.py:104} INFO - [2023-08-09 16:27:21,894] {dag.py:2306} INFO - Setting next_dagrun for latest_only_with_trigger to 2023-08-07 00:00:00+00:00
[2023-08-09 16:27:21,910] {scheduler_job.py:190} INFO - Processing /home/airflow/.local/lib/python3.6/site-packages/airflow/example_dags/example_latest_only_with_trigger.py took 0.150 seconds
[2023-08-09 16:27:52,347] {scheduler_job.py:182} INFO - Started process (PID=8100) to work on /home/airflow/.local/lib/python3.6/site-packages/airflow/example_dags/example_latest_only_with_trigger.py
[2023-08-09 16:27:52,352] {scheduler_job.py:633} INFO - Processing file /home/airflow/.local/lib/python3.6/site-packages/airflow/example_dags/example_latest_only_with_trigger.py for tasks to queue
[2023-08-09 16:27:52,357] {logging_mixin.py:104} INFO - [2023-08-09 16:27:52,357] {dagbag.py:496} INFO - Filling up the DagBag from /home/airflow/.local/lib/python3.6/site-packages/airflow/example_dags/example_latest_only_with_trigger.py
[2023-08-09 16:27:52,382] {scheduler_job.py:643} INFO - DAG(s) dict_keys(['latest_only_with_trigger']) retrieved from /home/airflow/.local/lib/python3.6/site-packages/airflow/example_dags/example_latest_only_with_trigger.py
[2023-08-09 16:27:52,412] {logging_mixin.py:104} INFO - [2023-08-09 16:27:52,412] {dag.py:1833} INFO - Sync 1 DAGs
[2023-08-09 16:27:52,429] {logging_mixin.py:104} INFO - [2023-08-09 16:27:52,429] {dag.py:2306} INFO - Setting next_dagrun for latest_only_with_trigger to 2023-08-07 00:00:00+00:00
[2023-08-09 16:27:52,447] {scheduler_job.py:190} INFO - Processing /home/airflow/.local/lib/python3.6/site-packages/airflow/example_dags/example_latest_only_with_trigger.py took 0.109 seconds
[2023-08-09 16:28:22,682] {scheduler_job.py:182} INFO - Started process (PID=8150) to work on /home/airflow/.local/lib/python3.6/site-packages/airflow/example_dags/example_latest_only_with_trigger.py
[2023-08-09 16:28:22,685] {scheduler_job.py:633} INFO - Processing file /home/airflow/.local/lib/python3.6/site-packages/airflow/example_dags/example_latest_only_with_trigger.py for tasks to queue
[2023-08-09 16:28:22,689] {logging_mixin.py:104} INFO - [2023-08-09 16:28:22,688] {dagbag.py:496} INFO - Filling up the DagBag from /home/airflow/.local/lib/python3.6/site-packages/airflow/example_dags/example_latest_only_with_trigger.py
[2023-08-09 16:28:22,725] {scheduler_job.py:643} INFO - DAG(s) dict_keys(['latest_only_with_trigger']) retrieved from /home/airflow/.local/lib/python3.6/site-packages/airflow/example_dags/example_latest_only_with_trigger.py
[2023-08-09 16:28:22,788] {logging_mixin.py:104} INFO - [2023-08-09 16:28:22,788] {dag.py:1833} INFO - Sync 1 DAGs
[2023-08-09 16:28:22,812] {logging_mixin.py:104} INFO - [2023-08-09 16:28:22,812] {dag.py:2306} INFO - Setting next_dagrun for latest_only_with_trigger to 2023-08-07 00:00:00+00:00
[2023-08-09 16:28:22,834] {scheduler_job.py:190} INFO - Processing /home/airflow/.local/lib/python3.6/site-packages/airflow/example_dags/example_latest_only_with_trigger.py took 0.157 seconds
[2023-08-09 16:28:53,040] {scheduler_job.py:182} INFO - Started process (PID=8210) to work on /home/airflow/.local/lib/python3.6/site-packages/airflow/example_dags/example_latest_only_with_trigger.py
[2023-08-09 16:28:53,043] {scheduler_job.py:633} INFO - Processing file /home/airflow/.local/lib/python3.6/site-packages/airflow/example_dags/example_latest_only_with_trigger.py for tasks to queue
[2023-08-09 16:28:53,046] {logging_mixin.py:104} INFO - [2023-08-09 16:28:53,045] {dagbag.py:496} INFO - Filling up the DagBag from /home/airflow/.local/lib/python3.6/site-packages/airflow/example_dags/example_latest_only_with_trigger.py
[2023-08-09 16:28:53,081] {scheduler_job.py:643} INFO - DAG(s) dict_keys(['latest_only_with_trigger']) retrieved from /home/airflow/.local/lib/python3.6/site-packages/airflow/example_dags/example_latest_only_with_trigger.py
[2023-08-09 16:28:53,169] {logging_mixin.py:104} INFO - [2023-08-09 16:28:53,169] {dag.py:1833} INFO - Sync 1 DAGs
[2023-08-09 16:28:53,220] {logging_mixin.py:104} INFO - [2023-08-09 16:28:53,220] {dag.py:2306} INFO - Setting next_dagrun for latest_only_with_trigger to 2023-08-07 00:00:00+00:00
[2023-08-09 16:28:53,247] {scheduler_job.py:190} INFO - Processing /home/airflow/.local/lib/python3.6/site-packages/airflow/example_dags/example_latest_only_with_trigger.py took 0.212 seconds
[2023-08-09 16:29:23,781] {scheduler_job.py:182} INFO - Started process (PID=8260) to work on /home/airflow/.local/lib/python3.6/site-packages/airflow/example_dags/example_latest_only_with_trigger.py
[2023-08-09 16:29:23,785] {scheduler_job.py:633} INFO - Processing file /home/airflow/.local/lib/python3.6/site-packages/airflow/example_dags/example_latest_only_with_trigger.py for tasks to queue
[2023-08-09 16:29:23,789] {logging_mixin.py:104} INFO - [2023-08-09 16:29:23,788] {dagbag.py:496} INFO - Filling up the DagBag from /home/airflow/.local/lib/python3.6/site-packages/airflow/example_dags/example_latest_only_with_trigger.py
[2023-08-09 16:29:23,813] {scheduler_job.py:643} INFO - DAG(s) dict_keys(['latest_only_with_trigger']) retrieved from /home/airflow/.local/lib/python3.6/site-packages/airflow/example_dags/example_latest_only_with_trigger.py
[2023-08-09 16:29:23,854] {logging_mixin.py:104} INFO - [2023-08-09 16:29:23,854] {dag.py:1833} INFO - Sync 1 DAGs
[2023-08-09 16:29:23,880] {logging_mixin.py:104} INFO - [2023-08-09 16:29:23,880] {dag.py:2306} INFO - Setting next_dagrun for latest_only_with_trigger to 2023-08-07 00:00:00+00:00
[2023-08-09 16:29:23,902] {scheduler_job.py:190} INFO - Processing /home/airflow/.local/lib/python3.6/site-packages/airflow/example_dags/example_latest_only_with_trigger.py took 0.129 seconds
[2023-08-09 16:29:53,937] {scheduler_job.py:182} INFO - Started process (PID=8310) to work on /home/airflow/.local/lib/python3.6/site-packages/airflow/example_dags/example_latest_only_with_trigger.py
[2023-08-09 16:29:53,939] {scheduler_job.py:633} INFO - Processing file /home/airflow/.local/lib/python3.6/site-packages/airflow/example_dags/example_latest_only_with_trigger.py for tasks to queue
[2023-08-09 16:29:53,941] {logging_mixin.py:104} INFO - [2023-08-09 16:29:53,941] {dagbag.py:496} INFO - Filling up the DagBag from /home/airflow/.local/lib/python3.6/site-packages/airflow/example_dags/example_latest_only_with_trigger.py
[2023-08-09 16:29:53,961] {scheduler_job.py:643} INFO - DAG(s) dict_keys(['latest_only_with_trigger']) retrieved from /home/airflow/.local/lib/python3.6/site-packages/airflow/example_dags/example_latest_only_with_trigger.py
[2023-08-09 16:29:53,989] {logging_mixin.py:104} INFO - [2023-08-09 16:29:53,989] {dag.py:1833} INFO - Sync 1 DAGs
[2023-08-09 16:29:54,009] {logging_mixin.py:104} INFO - [2023-08-09 16:29:54,009] {dag.py:2306} INFO - Setting next_dagrun for latest_only_with_trigger to 2023-08-07 00:00:00+00:00
[2023-08-09 16:29:54,024] {scheduler_job.py:190} INFO - Processing /home/airflow/.local/lib/python3.6/site-packages/airflow/example_dags/example_latest_only_with_trigger.py took 0.092 seconds
[2023-08-09 16:30:24,146] {scheduler_job.py:182} INFO - Started process (PID=8371) to work on /home/airflow/.local/lib/python3.6/site-packages/airflow/example_dags/example_latest_only_with_trigger.py
[2023-08-09 16:30:24,154] {scheduler_job.py:633} INFO - Processing file /home/airflow/.local/lib/python3.6/site-packages/airflow/example_dags/example_latest_only_with_trigger.py for tasks to queue
[2023-08-09 16:30:24,157] {logging_mixin.py:104} INFO - [2023-08-09 16:30:24,157] {dagbag.py:496} INFO - Filling up the DagBag from /home/airflow/.local/lib/python3.6/site-packages/airflow/example_dags/example_latest_only_with_trigger.py
[2023-08-09 16:30:24,199] {scheduler_job.py:643} INFO - DAG(s) dict_keys(['latest_only_with_trigger']) retrieved from /home/airflow/.local/lib/python3.6/site-packages/airflow/example_dags/example_latest_only_with_trigger.py
[2023-08-09 16:30:24,272] {logging_mixin.py:104} INFO - [2023-08-09 16:30:24,272] {dag.py:1833} INFO - Sync 1 DAGs
[2023-08-09 16:30:24,303] {logging_mixin.py:104} INFO - [2023-08-09 16:30:24,303] {dag.py:2306} INFO - Setting next_dagrun for latest_only_with_trigger to 2023-08-07 00:00:00+00:00
[2023-08-09 16:30:24,326] {scheduler_job.py:190} INFO - Processing /home/airflow/.local/lib/python3.6/site-packages/airflow/example_dags/example_latest_only_with_trigger.py took 0.185 seconds
[2023-08-09 16:30:54,947] {scheduler_job.py:182} INFO - Started process (PID=8423) to work on /home/airflow/.local/lib/python3.6/site-packages/airflow/example_dags/example_latest_only_with_trigger.py
[2023-08-09 16:30:54,950] {scheduler_job.py:633} INFO - Processing file /home/airflow/.local/lib/python3.6/site-packages/airflow/example_dags/example_latest_only_with_trigger.py for tasks to queue
[2023-08-09 16:30:54,952] {logging_mixin.py:104} INFO - [2023-08-09 16:30:54,952] {dagbag.py:496} INFO - Filling up the DagBag from /home/airflow/.local/lib/python3.6/site-packages/airflow/example_dags/example_latest_only_with_trigger.py
[2023-08-09 16:30:54,971] {scheduler_job.py:643} INFO - DAG(s) dict_keys(['latest_only_with_trigger']) retrieved from /home/airflow/.local/lib/python3.6/site-packages/airflow/example_dags/example_latest_only_with_trigger.py
[2023-08-09 16:30:55,004] {logging_mixin.py:104} INFO - [2023-08-09 16:30:55,004] {dag.py:1833} INFO - Sync 1 DAGs
[2023-08-09 16:30:55,025] {logging_mixin.py:104} INFO - [2023-08-09 16:30:55,025] {dag.py:2306} INFO - Setting next_dagrun for latest_only_with_trigger to 2023-08-07 00:00:00+00:00
[2023-08-09 16:30:55,045] {scheduler_job.py:190} INFO - Processing /home/airflow/.local/lib/python3.6/site-packages/airflow/example_dags/example_latest_only_with_trigger.py took 0.104 seconds
[2023-08-09 16:31:25,575] {scheduler_job.py:182} INFO - Started process (PID=8475) to work on /home/airflow/.local/lib/python3.6/site-packages/airflow/example_dags/example_latest_only_with_trigger.py
[2023-08-09 16:31:25,580] {scheduler_job.py:633} INFO - Processing file /home/airflow/.local/lib/python3.6/site-packages/airflow/example_dags/example_latest_only_with_trigger.py for tasks to queue
[2023-08-09 16:31:25,584] {logging_mixin.py:104} INFO - [2023-08-09 16:31:25,583] {dagbag.py:496} INFO - Filling up the DagBag from /home/airflow/.local/lib/python3.6/site-packages/airflow/example_dags/example_latest_only_with_trigger.py
[2023-08-09 16:31:25,613] {scheduler_job.py:643} INFO - DAG(s) dict_keys(['latest_only_with_trigger']) retrieved from /home/airflow/.local/lib/python3.6/site-packages/airflow/example_dags/example_latest_only_with_trigger.py
[2023-08-09 16:31:25,657] {logging_mixin.py:104} INFO - [2023-08-09 16:31:25,657] {dag.py:1833} INFO - Sync 1 DAGs
[2023-08-09 16:31:25,682] {logging_mixin.py:104} INFO - [2023-08-09 16:31:25,682] {dag.py:2306} INFO - Setting next_dagrun for latest_only_with_trigger to 2023-08-07 00:00:00+00:00
[2023-08-09 16:31:25,702] {scheduler_job.py:190} INFO - Processing /home/airflow/.local/lib/python3.6/site-packages/airflow/example_dags/example_latest_only_with_trigger.py took 0.133 seconds
[2023-08-09 16:31:56,411] {scheduler_job.py:182} INFO - Started process (PID=8534) to work on /home/airflow/.local/lib/python3.6/site-packages/airflow/example_dags/example_latest_only_with_trigger.py
[2023-08-09 16:31:56,414] {scheduler_job.py:633} INFO - Processing file /home/airflow/.local/lib/python3.6/site-packages/airflow/example_dags/example_latest_only_with_trigger.py for tasks to queue
[2023-08-09 16:31:56,420] {logging_mixin.py:104} INFO - [2023-08-09 16:31:56,420] {dagbag.py:496} INFO - Filling up the DagBag from /home/airflow/.local/lib/python3.6/site-packages/airflow/example_dags/example_latest_only_with_trigger.py
[2023-08-09 16:31:56,487] {scheduler_job.py:643} INFO - DAG(s) dict_keys(['latest_only_with_trigger']) retrieved from /home/airflow/.local/lib/python3.6/site-packages/airflow/example_dags/example_latest_only_with_trigger.py
[2023-08-09 16:31:56,599] {logging_mixin.py:104} INFO - [2023-08-09 16:31:56,599] {dag.py:1833} INFO - Sync 1 DAGs
[2023-08-09 16:31:56,661] {logging_mixin.py:104} INFO - [2023-08-09 16:31:56,660] {dag.py:2306} INFO - Setting next_dagrun for latest_only_with_trigger to 2023-08-07 00:00:00+00:00
[2023-08-09 16:31:56,710] {scheduler_job.py:190} INFO - Processing /home/airflow/.local/lib/python3.6/site-packages/airflow/example_dags/example_latest_only_with_trigger.py took 0.320 seconds
[2023-08-09 16:32:27,085] {scheduler_job.py:182} INFO - Started process (PID=8586) to work on /home/airflow/.local/lib/python3.6/site-packages/airflow/example_dags/example_latest_only_with_trigger.py
[2023-08-09 16:32:27,087] {scheduler_job.py:633} INFO - Processing file /home/airflow/.local/lib/python3.6/site-packages/airflow/example_dags/example_latest_only_with_trigger.py for tasks to queue
[2023-08-09 16:32:27,090] {logging_mixin.py:104} INFO - [2023-08-09 16:32:27,090] {dagbag.py:496} INFO - Filling up the DagBag from /home/airflow/.local/lib/python3.6/site-packages/airflow/example_dags/example_latest_only_with_trigger.py
[2023-08-09 16:32:27,119] {scheduler_job.py:643} INFO - DAG(s) dict_keys(['latest_only_with_trigger']) retrieved from /home/airflow/.local/lib/python3.6/site-packages/airflow/example_dags/example_latest_only_with_trigger.py
[2023-08-09 16:32:27,165] {logging_mixin.py:104} INFO - [2023-08-09 16:32:27,165] {dag.py:1833} INFO - Sync 1 DAGs
[2023-08-09 16:32:27,189] {logging_mixin.py:104} INFO - [2023-08-09 16:32:27,189] {dag.py:2306} INFO - Setting next_dagrun for latest_only_with_trigger to 2023-08-07 00:00:00+00:00
[2023-08-09 16:32:27,213] {scheduler_job.py:190} INFO - Processing /home/airflow/.local/lib/python3.6/site-packages/airflow/example_dags/example_latest_only_with_trigger.py took 0.134 seconds
[2023-08-09 16:32:57,972] {scheduler_job.py:182} INFO - Started process (PID=8638) to work on /home/airflow/.local/lib/python3.6/site-packages/airflow/example_dags/example_latest_only_with_trigger.py
[2023-08-09 16:32:57,976] {scheduler_job.py:633} INFO - Processing file /home/airflow/.local/lib/python3.6/site-packages/airflow/example_dags/example_latest_only_with_trigger.py for tasks to queue
[2023-08-09 16:32:57,978] {logging_mixin.py:104} INFO - [2023-08-09 16:32:57,977] {dagbag.py:496} INFO - Filling up the DagBag from /home/airflow/.local/lib/python3.6/site-packages/airflow/example_dags/example_latest_only_with_trigger.py
[2023-08-09 16:32:57,996] {scheduler_job.py:643} INFO - DAG(s) dict_keys(['latest_only_with_trigger']) retrieved from /home/airflow/.local/lib/python3.6/site-packages/airflow/example_dags/example_latest_only_with_trigger.py
[2023-08-09 16:32:58,024] {logging_mixin.py:104} INFO - [2023-08-09 16:32:58,023] {dag.py:1833} INFO - Sync 1 DAGs
[2023-08-09 16:32:58,040] {logging_mixin.py:104} INFO - [2023-08-09 16:32:58,040] {dag.py:2306} INFO - Setting next_dagrun for latest_only_with_trigger to 2023-08-07 00:00:00+00:00
[2023-08-09 16:32:58,056] {scheduler_job.py:190} INFO - Processing /home/airflow/.local/lib/python3.6/site-packages/airflow/example_dags/example_latest_only_with_trigger.py took 0.089 seconds
[2023-08-09 16:33:28,357] {scheduler_job.py:182} INFO - Started process (PID=8698) to work on /home/airflow/.local/lib/python3.6/site-packages/airflow/example_dags/example_latest_only_with_trigger.py
[2023-08-09 16:33:28,362] {scheduler_job.py:633} INFO - Processing file /home/airflow/.local/lib/python3.6/site-packages/airflow/example_dags/example_latest_only_with_trigger.py for tasks to queue
[2023-08-09 16:33:28,372] {logging_mixin.py:104} INFO - [2023-08-09 16:33:28,372] {dagbag.py:496} INFO - Filling up the DagBag from /home/airflow/.local/lib/python3.6/site-packages/airflow/example_dags/example_latest_only_with_trigger.py
[2023-08-09 16:33:28,401] {scheduler_job.py:643} INFO - DAG(s) dict_keys(['latest_only_with_trigger']) retrieved from /home/airflow/.local/lib/python3.6/site-packages/airflow/example_dags/example_latest_only_with_trigger.py
[2023-08-09 16:33:28,458] {logging_mixin.py:104} INFO - [2023-08-09 16:33:28,458] {dag.py:1833} INFO - Sync 1 DAGs
[2023-08-09 16:33:28,491] {logging_mixin.py:104} INFO - [2023-08-09 16:33:28,491] {dag.py:2306} INFO - Setting next_dagrun for latest_only_with_trigger to 2023-08-07 00:00:00+00:00
[2023-08-09 16:33:28,525] {scheduler_job.py:190} INFO - Processing /home/airflow/.local/lib/python3.6/site-packages/airflow/example_dags/example_latest_only_with_trigger.py took 0.179 seconds
[2023-08-09 16:33:59,301] {scheduler_job.py:182} INFO - Started process (PID=8750) to work on /home/airflow/.local/lib/python3.6/site-packages/airflow/example_dags/example_latest_only_with_trigger.py
[2023-08-09 16:33:59,304] {scheduler_job.py:633} INFO - Processing file /home/airflow/.local/lib/python3.6/site-packages/airflow/example_dags/example_latest_only_with_trigger.py for tasks to queue
[2023-08-09 16:33:59,305] {logging_mixin.py:104} INFO - [2023-08-09 16:33:59,305] {dagbag.py:496} INFO - Filling up the DagBag from /home/airflow/.local/lib/python3.6/site-packages/airflow/example_dags/example_latest_only_with_trigger.py
[2023-08-09 16:33:59,327] {scheduler_job.py:643} INFO - DAG(s) dict_keys(['latest_only_with_trigger']) retrieved from /home/airflow/.local/lib/python3.6/site-packages/airflow/example_dags/example_latest_only_with_trigger.py
[2023-08-09 16:33:59,362] {logging_mixin.py:104} INFO - [2023-08-09 16:33:59,362] {dag.py:1833} INFO - Sync 1 DAGs
[2023-08-09 16:33:59,387] {logging_mixin.py:104} INFO - [2023-08-09 16:33:59,387] {dag.py:2306} INFO - Setting next_dagrun for latest_only_with_trigger to 2023-08-07 00:00:00+00:00
[2023-08-09 16:33:59,405] {scheduler_job.py:190} INFO - Processing /home/airflow/.local/lib/python3.6/site-packages/airflow/example_dags/example_latest_only_with_trigger.py took 0.108 seconds
[2023-08-09 16:34:29,479] {scheduler_job.py:182} INFO - Started process (PID=8801) to work on /home/airflow/.local/lib/python3.6/site-packages/airflow/example_dags/example_latest_only_with_trigger.py
[2023-08-09 16:34:29,488] {scheduler_job.py:633} INFO - Processing file /home/airflow/.local/lib/python3.6/site-packages/airflow/example_dags/example_latest_only_with_trigger.py for tasks to queue
[2023-08-09 16:34:29,492] {logging_mixin.py:104} INFO - [2023-08-09 16:34:29,492] {dagbag.py:496} INFO - Filling up the DagBag from /home/airflow/.local/lib/python3.6/site-packages/airflow/example_dags/example_latest_only_with_trigger.py
[2023-08-09 16:34:29,543] {scheduler_job.py:643} INFO - DAG(s) dict_keys(['latest_only_with_trigger']) retrieved from /home/airflow/.local/lib/python3.6/site-packages/airflow/example_dags/example_latest_only_with_trigger.py
[2023-08-09 16:34:29,629] {logging_mixin.py:104} INFO - [2023-08-09 16:34:29,629] {dag.py:1833} INFO - Sync 1 DAGs
[2023-08-09 16:34:29,668] {logging_mixin.py:104} INFO - [2023-08-09 16:34:29,668] {dag.py:2306} INFO - Setting next_dagrun for latest_only_with_trigger to 2023-08-07 00:00:00+00:00
[2023-08-09 16:34:29,705] {scheduler_job.py:190} INFO - Processing /home/airflow/.local/lib/python3.6/site-packages/airflow/example_dags/example_latest_only_with_trigger.py took 0.238 seconds
[2023-08-09 16:35:00,592] {scheduler_job.py:182} INFO - Started process (PID=8861) to work on /home/airflow/.local/lib/python3.6/site-packages/airflow/example_dags/example_latest_only_with_trigger.py
[2023-08-09 16:35:00,601] {scheduler_job.py:633} INFO - Processing file /home/airflow/.local/lib/python3.6/site-packages/airflow/example_dags/example_latest_only_with_trigger.py for tasks to queue
[2023-08-09 16:35:00,603] {logging_mixin.py:104} INFO - [2023-08-09 16:35:00,603] {dagbag.py:496} INFO - Filling up the DagBag from /home/airflow/.local/lib/python3.6/site-packages/airflow/example_dags/example_latest_only_with_trigger.py
[2023-08-09 16:35:00,642] {scheduler_job.py:643} INFO - DAG(s) dict_keys(['latest_only_with_trigger']) retrieved from /home/airflow/.local/lib/python3.6/site-packages/airflow/example_dags/example_latest_only_with_trigger.py
[2023-08-09 16:35:00,727] {logging_mixin.py:104} INFO - [2023-08-09 16:35:00,726] {dag.py:1833} INFO - Sync 1 DAGs
[2023-08-09 16:35:00,781] {logging_mixin.py:104} INFO - [2023-08-09 16:35:00,781] {dag.py:2306} INFO - Setting next_dagrun for latest_only_with_trigger to 2023-08-07 00:00:00+00:00
[2023-08-09 16:35:00,805] {scheduler_job.py:190} INFO - Processing /home/airflow/.local/lib/python3.6/site-packages/airflow/example_dags/example_latest_only_with_trigger.py took 0.218 seconds
[2023-08-09 16:35:31,256] {scheduler_job.py:182} INFO - Started process (PID=8911) to work on /home/airflow/.local/lib/python3.6/site-packages/airflow/example_dags/example_latest_only_with_trigger.py
[2023-08-09 16:35:31,260] {scheduler_job.py:633} INFO - Processing file /home/airflow/.local/lib/python3.6/site-packages/airflow/example_dags/example_latest_only_with_trigger.py for tasks to queue
[2023-08-09 16:35:31,263] {logging_mixin.py:104} INFO - [2023-08-09 16:35:31,263] {dagbag.py:496} INFO - Filling up the DagBag from /home/airflow/.local/lib/python3.6/site-packages/airflow/example_dags/example_latest_only_with_trigger.py
[2023-08-09 16:35:31,297] {scheduler_job.py:643} INFO - DAG(s) dict_keys(['latest_only_with_trigger']) retrieved from /home/airflow/.local/lib/python3.6/site-packages/airflow/example_dags/example_latest_only_with_trigger.py
[2023-08-09 16:35:31,344] {logging_mixin.py:104} INFO - [2023-08-09 16:35:31,344] {dag.py:1833} INFO - Sync 1 DAGs
[2023-08-09 16:35:31,369] {logging_mixin.py:104} INFO - [2023-08-09 16:35:31,369] {dag.py:2306} INFO - Setting next_dagrun for latest_only_with_trigger to 2023-08-07 00:00:00+00:00
[2023-08-09 16:35:31,387] {scheduler_job.py:190} INFO - Processing /home/airflow/.local/lib/python3.6/site-packages/airflow/example_dags/example_latest_only_with_trigger.py took 0.135 seconds
[2023-08-09 16:36:01,765] {scheduler_job.py:182} INFO - Started process (PID=8961) to work on /home/airflow/.local/lib/python3.6/site-packages/airflow/example_dags/example_latest_only_with_trigger.py
[2023-08-09 16:36:01,768] {scheduler_job.py:633} INFO - Processing file /home/airflow/.local/lib/python3.6/site-packages/airflow/example_dags/example_latest_only_with_trigger.py for tasks to queue
[2023-08-09 16:36:01,770] {logging_mixin.py:104} INFO - [2023-08-09 16:36:01,770] {dagbag.py:496} INFO - Filling up the DagBag from /home/airflow/.local/lib/python3.6/site-packages/airflow/example_dags/example_latest_only_with_trigger.py
[2023-08-09 16:36:01,804] {scheduler_job.py:643} INFO - DAG(s) dict_keys(['latest_only_with_trigger']) retrieved from /home/airflow/.local/lib/python3.6/site-packages/airflow/example_dags/example_latest_only_with_trigger.py
[2023-08-09 16:36:01,842] {logging_mixin.py:104} INFO - [2023-08-09 16:36:01,841] {dag.py:1833} INFO - Sync 1 DAGs
[2023-08-09 16:36:01,866] {logging_mixin.py:104} INFO - [2023-08-09 16:36:01,866] {dag.py:2306} INFO - Setting next_dagrun for latest_only_with_trigger to 2023-08-07 00:00:00+00:00
[2023-08-09 16:36:01,886] {scheduler_job.py:190} INFO - Processing /home/airflow/.local/lib/python3.6/site-packages/airflow/example_dags/example_latest_only_with_trigger.py took 0.128 seconds
[2023-08-09 16:36:32,906] {scheduler_job.py:182} INFO - Started process (PID=9012) to work on /home/airflow/.local/lib/python3.6/site-packages/airflow/example_dags/example_latest_only_with_trigger.py
[2023-08-09 16:36:32,909] {scheduler_job.py:633} INFO - Processing file /home/airflow/.local/lib/python3.6/site-packages/airflow/example_dags/example_latest_only_with_trigger.py for tasks to queue
[2023-08-09 16:36:32,911] {logging_mixin.py:104} INFO - [2023-08-09 16:36:32,911] {dagbag.py:496} INFO - Filling up the DagBag from /home/airflow/.local/lib/python3.6/site-packages/airflow/example_dags/example_latest_only_with_trigger.py
[2023-08-09 16:36:32,938] {scheduler_job.py:643} INFO - DAG(s) dict_keys(['latest_only_with_trigger']) retrieved from /home/airflow/.local/lib/python3.6/site-packages/airflow/example_dags/example_latest_only_with_trigger.py
[2023-08-09 16:36:32,980] {logging_mixin.py:104} INFO - [2023-08-09 16:36:32,980] {dag.py:1833} INFO - Sync 1 DAGs
[2023-08-09 16:36:33,010] {logging_mixin.py:104} INFO - [2023-08-09 16:36:33,009] {dag.py:2306} INFO - Setting next_dagrun for latest_only_with_trigger to 2023-08-07 00:00:00+00:00
[2023-08-09 16:36:33,029] {scheduler_job.py:190} INFO - Processing /home/airflow/.local/lib/python3.6/site-packages/airflow/example_dags/example_latest_only_with_trigger.py took 0.130 seconds
[2023-08-09 16:37:03,240] {scheduler_job.py:182} INFO - Started process (PID=9072) to work on /home/airflow/.local/lib/python3.6/site-packages/airflow/example_dags/example_latest_only_with_trigger.py
[2023-08-09 16:37:03,243] {scheduler_job.py:633} INFO - Processing file /home/airflow/.local/lib/python3.6/site-packages/airflow/example_dags/example_latest_only_with_trigger.py for tasks to queue
[2023-08-09 16:37:03,246] {logging_mixin.py:104} INFO - [2023-08-09 16:37:03,245] {dagbag.py:496} INFO - Filling up the DagBag from /home/airflow/.local/lib/python3.6/site-packages/airflow/example_dags/example_latest_only_with_trigger.py
[2023-08-09 16:37:03,293] {scheduler_job.py:643} INFO - DAG(s) dict_keys(['latest_only_with_trigger']) retrieved from /home/airflow/.local/lib/python3.6/site-packages/airflow/example_dags/example_latest_only_with_trigger.py
[2023-08-09 16:37:03,340] {logging_mixin.py:104} INFO - [2023-08-09 16:37:03,340] {dag.py:1833} INFO - Sync 1 DAGs
[2023-08-09 16:37:03,372] {logging_mixin.py:104} INFO - [2023-08-09 16:37:03,372] {dag.py:2306} INFO - Setting next_dagrun for latest_only_with_trigger to 2023-08-07 00:00:00+00:00
[2023-08-09 16:37:03,406] {scheduler_job.py:190} INFO - Processing /home/airflow/.local/lib/python3.6/site-packages/airflow/example_dags/example_latest_only_with_trigger.py took 0.174 seconds
[2023-08-09 16:37:34,328] {scheduler_job.py:182} INFO - Started process (PID=9124) to work on /home/airflow/.local/lib/python3.6/site-packages/airflow/example_dags/example_latest_only_with_trigger.py
[2023-08-09 16:37:34,332] {scheduler_job.py:633} INFO - Processing file /home/airflow/.local/lib/python3.6/site-packages/airflow/example_dags/example_latest_only_with_trigger.py for tasks to queue
[2023-08-09 16:37:34,343] {logging_mixin.py:104} INFO - [2023-08-09 16:37:34,342] {dagbag.py:496} INFO - Filling up the DagBag from /home/airflow/.local/lib/python3.6/site-packages/airflow/example_dags/example_latest_only_with_trigger.py
[2023-08-09 16:37:34,388] {scheduler_job.py:643} INFO - DAG(s) dict_keys(['latest_only_with_trigger']) retrieved from /home/airflow/.local/lib/python3.6/site-packages/airflow/example_dags/example_latest_only_with_trigger.py
[2023-08-09 16:37:34,447] {logging_mixin.py:104} INFO - [2023-08-09 16:37:34,447] {dag.py:1833} INFO - Sync 1 DAGs
[2023-08-09 16:37:34,485] {logging_mixin.py:104} INFO - [2023-08-09 16:37:34,485] {dag.py:2306} INFO - Setting next_dagrun for latest_only_with_trigger to 2023-08-07 00:00:00+00:00
[2023-08-09 16:37:34,517] {scheduler_job.py:190} INFO - Processing /home/airflow/.local/lib/python3.6/site-packages/airflow/example_dags/example_latest_only_with_trigger.py took 0.193 seconds
[2023-08-09 16:38:04,999] {scheduler_job.py:182} INFO - Started process (PID=9176) to work on /home/airflow/.local/lib/python3.6/site-packages/airflow/example_dags/example_latest_only_with_trigger.py
[2023-08-09 16:38:05,002] {scheduler_job.py:633} INFO - Processing file /home/airflow/.local/lib/python3.6/site-packages/airflow/example_dags/example_latest_only_with_trigger.py for tasks to queue
[2023-08-09 16:38:05,004] {logging_mixin.py:104} INFO - [2023-08-09 16:38:05,004] {dagbag.py:496} INFO - Filling up the DagBag from /home/airflow/.local/lib/python3.6/site-packages/airflow/example_dags/example_latest_only_with_trigger.py
[2023-08-09 16:38:05,021] {scheduler_job.py:643} INFO - DAG(s) dict_keys(['latest_only_with_trigger']) retrieved from /home/airflow/.local/lib/python3.6/site-packages/airflow/example_dags/example_latest_only_with_trigger.py
[2023-08-09 16:38:05,049] {logging_mixin.py:104} INFO - [2023-08-09 16:38:05,049] {dag.py:1833} INFO - Sync 1 DAGs
[2023-08-09 16:38:05,067] {logging_mixin.py:104} INFO - [2023-08-09 16:38:05,067] {dag.py:2306} INFO - Setting next_dagrun for latest_only_with_trigger to 2023-08-07 00:00:00+00:00
[2023-08-09 16:38:05,084] {scheduler_job.py:190} INFO - Processing /home/airflow/.local/lib/python3.6/site-packages/airflow/example_dags/example_latest_only_with_trigger.py took 0.090 seconds
[2023-08-09 16:38:35,471] {scheduler_job.py:182} INFO - Started process (PID=9237) to work on /home/airflow/.local/lib/python3.6/site-packages/airflow/example_dags/example_latest_only_with_trigger.py
[2023-08-09 16:38:35,474] {scheduler_job.py:633} INFO - Processing file /home/airflow/.local/lib/python3.6/site-packages/airflow/example_dags/example_latest_only_with_trigger.py for tasks to queue
[2023-08-09 16:38:35,475] {logging_mixin.py:104} INFO - [2023-08-09 16:38:35,475] {dagbag.py:496} INFO - Filling up the DagBag from /home/airflow/.local/lib/python3.6/site-packages/airflow/example_dags/example_latest_only_with_trigger.py
[2023-08-09 16:38:35,495] {scheduler_job.py:643} INFO - DAG(s) dict_keys(['latest_only_with_trigger']) retrieved from /home/airflow/.local/lib/python3.6/site-packages/airflow/example_dags/example_latest_only_with_trigger.py
[2023-08-09 16:38:35,527] {logging_mixin.py:104} INFO - [2023-08-09 16:38:35,526] {dag.py:1833} INFO - Sync 1 DAGs
[2023-08-09 16:38:35,547] {logging_mixin.py:104} INFO - [2023-08-09 16:38:35,547] {dag.py:2306} INFO - Setting next_dagrun for latest_only_with_trigger to 2023-08-07 00:00:00+00:00
[2023-08-09 16:38:35,562] {scheduler_job.py:190} INFO - Processing /home/airflow/.local/lib/python3.6/site-packages/airflow/example_dags/example_latest_only_with_trigger.py took 0.098 seconds
[2023-08-09 16:39:06,491] {scheduler_job.py:182} INFO - Started process (PID=9288) to work on /home/airflow/.local/lib/python3.6/site-packages/airflow/example_dags/example_latest_only_with_trigger.py
[2023-08-09 16:39:06,506] {scheduler_job.py:633} INFO - Processing file /home/airflow/.local/lib/python3.6/site-packages/airflow/example_dags/example_latest_only_with_trigger.py for tasks to queue
[2023-08-09 16:39:06,509] {logging_mixin.py:104} INFO - [2023-08-09 16:39:06,509] {dagbag.py:496} INFO - Filling up the DagBag from /home/airflow/.local/lib/python3.6/site-packages/airflow/example_dags/example_latest_only_with_trigger.py
[2023-08-09 16:39:06,542] {scheduler_job.py:643} INFO - DAG(s) dict_keys(['latest_only_with_trigger']) retrieved from /home/airflow/.local/lib/python3.6/site-packages/airflow/example_dags/example_latest_only_with_trigger.py
[2023-08-09 16:39:06,584] {logging_mixin.py:104} INFO - [2023-08-09 16:39:06,584] {dag.py:1833} INFO - Sync 1 DAGs
[2023-08-09 16:39:06,610] {logging_mixin.py:104} INFO - [2023-08-09 16:39:06,610] {dag.py:2306} INFO - Setting next_dagrun for latest_only_with_trigger to 2023-08-07 00:00:00+00:00
[2023-08-09 16:39:06,631] {scheduler_job.py:190} INFO - Processing /home/airflow/.local/lib/python3.6/site-packages/airflow/example_dags/example_latest_only_with_trigger.py took 0.149 seconds
[2023-08-09 16:39:37,100] {scheduler_job.py:182} INFO - Started process (PID=9338) to work on /home/airflow/.local/lib/python3.6/site-packages/airflow/example_dags/example_latest_only_with_trigger.py
[2023-08-09 16:39:37,102] {scheduler_job.py:633} INFO - Processing file /home/airflow/.local/lib/python3.6/site-packages/airflow/example_dags/example_latest_only_with_trigger.py for tasks to queue
[2023-08-09 16:39:37,104] {logging_mixin.py:104} INFO - [2023-08-09 16:39:37,103] {dagbag.py:496} INFO - Filling up the DagBag from /home/airflow/.local/lib/python3.6/site-packages/airflow/example_dags/example_latest_only_with_trigger.py
[2023-08-09 16:39:37,130] {scheduler_job.py:643} INFO - DAG(s) dict_keys(['latest_only_with_trigger']) retrieved from /home/airflow/.local/lib/python3.6/site-packages/airflow/example_dags/example_latest_only_with_trigger.py
[2023-08-09 16:39:37,179] {logging_mixin.py:104} INFO - [2023-08-09 16:39:37,179] {dag.py:1833} INFO - Sync 1 DAGs
[2023-08-09 16:39:37,200] {logging_mixin.py:104} INFO - [2023-08-09 16:39:37,200] {dag.py:2306} INFO - Setting next_dagrun for latest_only_with_trigger to 2023-08-07 00:00:00+00:00
[2023-08-09 16:39:37,217] {scheduler_job.py:190} INFO - Processing /home/airflow/.local/lib/python3.6/site-packages/airflow/example_dags/example_latest_only_with_trigger.py took 0.123 seconds
[2023-08-09 16:40:08,435] {scheduler_job.py:182} INFO - Started process (PID=9396) to work on /home/airflow/.local/lib/python3.6/site-packages/airflow/example_dags/example_latest_only_with_trigger.py
[2023-08-09 16:40:08,444] {scheduler_job.py:633} INFO - Processing file /home/airflow/.local/lib/python3.6/site-packages/airflow/example_dags/example_latest_only_with_trigger.py for tasks to queue
[2023-08-09 16:40:08,458] {logging_mixin.py:104} INFO - [2023-08-09 16:40:08,458] {dagbag.py:496} INFO - Filling up the DagBag from /home/airflow/.local/lib/python3.6/site-packages/airflow/example_dags/example_latest_only_with_trigger.py
[2023-08-09 16:40:08,557] {scheduler_job.py:643} INFO - DAG(s) dict_keys(['latest_only_with_trigger']) retrieved from /home/airflow/.local/lib/python3.6/site-packages/airflow/example_dags/example_latest_only_with_trigger.py
[2023-08-09 16:40:08,679] {logging_mixin.py:104} INFO - [2023-08-09 16:40:08,678] {dag.py:1833} INFO - Sync 1 DAGs
[2023-08-09 16:40:08,741] {logging_mixin.py:104} INFO - [2023-08-09 16:40:08,741] {dag.py:2306} INFO - Setting next_dagrun for latest_only_with_trigger to 2023-08-07 00:00:00+00:00
[2023-08-09 16:40:08,792] {scheduler_job.py:190} INFO - Processing /home/airflow/.local/lib/python3.6/site-packages/airflow/example_dags/example_latest_only_with_trigger.py took 0.365 seconds
[2023-08-09 16:40:39,317] {scheduler_job.py:182} INFO - Started process (PID=9447) to work on /home/airflow/.local/lib/python3.6/site-packages/airflow/example_dags/example_latest_only_with_trigger.py
[2023-08-09 16:40:39,325] {scheduler_job.py:633} INFO - Processing file /home/airflow/.local/lib/python3.6/site-packages/airflow/example_dags/example_latest_only_with_trigger.py for tasks to queue
[2023-08-09 16:40:39,331] {logging_mixin.py:104} INFO - [2023-08-09 16:40:39,331] {dagbag.py:496} INFO - Filling up the DagBag from /home/airflow/.local/lib/python3.6/site-packages/airflow/example_dags/example_latest_only_with_trigger.py
[2023-08-09 16:40:39,380] {scheduler_job.py:643} INFO - DAG(s) dict_keys(['latest_only_with_trigger']) retrieved from /home/airflow/.local/lib/python3.6/site-packages/airflow/example_dags/example_latest_only_with_trigger.py
[2023-08-09 16:40:39,467] {logging_mixin.py:104} INFO - [2023-08-09 16:40:39,467] {dag.py:1833} INFO - Sync 1 DAGs
[2023-08-09 16:40:39,529] {logging_mixin.py:104} INFO - [2023-08-09 16:40:39,528] {dag.py:2306} INFO - Setting next_dagrun for latest_only_with_trigger to 2023-08-07 00:00:00+00:00
[2023-08-09 16:40:39,573] {scheduler_job.py:190} INFO - Processing /home/airflow/.local/lib/python3.6/site-packages/airflow/example_dags/example_latest_only_with_trigger.py took 0.267 seconds
[2023-08-09 16:41:10,272] {scheduler_job.py:182} INFO - Started process (PID=9498) to work on /home/airflow/.local/lib/python3.6/site-packages/airflow/example_dags/example_latest_only_with_trigger.py
[2023-08-09 16:41:10,279] {scheduler_job.py:633} INFO - Processing file /home/airflow/.local/lib/python3.6/site-packages/airflow/example_dags/example_latest_only_with_trigger.py for tasks to queue
[2023-08-09 16:41:10,283] {logging_mixin.py:104} INFO - [2023-08-09 16:41:10,283] {dagbag.py:496} INFO - Filling up the DagBag from /home/airflow/.local/lib/python3.6/site-packages/airflow/example_dags/example_latest_only_with_trigger.py
[2023-08-09 16:41:10,330] {scheduler_job.py:643} INFO - DAG(s) dict_keys(['latest_only_with_trigger']) retrieved from /home/airflow/.local/lib/python3.6/site-packages/airflow/example_dags/example_latest_only_with_trigger.py
[2023-08-09 16:41:10,378] {logging_mixin.py:104} INFO - [2023-08-09 16:41:10,378] {dag.py:1833} INFO - Sync 1 DAGs
[2023-08-09 16:41:10,405] {logging_mixin.py:104} INFO - [2023-08-09 16:41:10,405] {dag.py:2306} INFO - Setting next_dagrun for latest_only_with_trigger to 2023-08-07 00:00:00+00:00
[2023-08-09 16:41:10,431] {scheduler_job.py:190} INFO - Processing /home/airflow/.local/lib/python3.6/site-packages/airflow/example_dags/example_latest_only_with_trigger.py took 0.171 seconds
[2023-08-09 16:41:41,059] {scheduler_job.py:182} INFO - Started process (PID=9550) to work on /home/airflow/.local/lib/python3.6/site-packages/airflow/example_dags/example_latest_only_with_trigger.py
[2023-08-09 16:41:41,063] {scheduler_job.py:633} INFO - Processing file /home/airflow/.local/lib/python3.6/site-packages/airflow/example_dags/example_latest_only_with_trigger.py for tasks to queue
[2023-08-09 16:41:41,065] {logging_mixin.py:104} INFO - [2023-08-09 16:41:41,065] {dagbag.py:496} INFO - Filling up the DagBag from /home/airflow/.local/lib/python3.6/site-packages/airflow/example_dags/example_latest_only_with_trigger.py
[2023-08-09 16:41:41,087] {scheduler_job.py:643} INFO - DAG(s) dict_keys(['latest_only_with_trigger']) retrieved from /home/airflow/.local/lib/python3.6/site-packages/airflow/example_dags/example_latest_only_with_trigger.py
[2023-08-09 16:41:41,123] {logging_mixin.py:104} INFO - [2023-08-09 16:41:41,122] {dag.py:1833} INFO - Sync 1 DAGs
[2023-08-09 16:41:41,141] {logging_mixin.py:104} INFO - [2023-08-09 16:41:41,141] {dag.py:2306} INFO - Setting next_dagrun for latest_only_with_trigger to 2023-08-07 00:00:00+00:00
[2023-08-09 16:41:41,160] {scheduler_job.py:190} INFO - Processing /home/airflow/.local/lib/python3.6/site-packages/airflow/example_dags/example_latest_only_with_trigger.py took 0.107 seconds
[2023-08-09 16:42:11,545] {scheduler_job.py:182} INFO - Started process (PID=9609) to work on /home/airflow/.local/lib/python3.6/site-packages/airflow/example_dags/example_latest_only_with_trigger.py
[2023-08-09 16:42:11,548] {scheduler_job.py:633} INFO - Processing file /home/airflow/.local/lib/python3.6/site-packages/airflow/example_dags/example_latest_only_with_trigger.py for tasks to queue
[2023-08-09 16:42:11,558] {logging_mixin.py:104} INFO - [2023-08-09 16:42:11,557] {dagbag.py:496} INFO - Filling up the DagBag from /home/airflow/.local/lib/python3.6/site-packages/airflow/example_dags/example_latest_only_with_trigger.py
[2023-08-09 16:42:11,596] {scheduler_job.py:643} INFO - DAG(s) dict_keys(['latest_only_with_trigger']) retrieved from /home/airflow/.local/lib/python3.6/site-packages/airflow/example_dags/example_latest_only_with_trigger.py
[2023-08-09 16:42:11,651] {logging_mixin.py:104} INFO - [2023-08-09 16:42:11,651] {dag.py:1833} INFO - Sync 1 DAGs
[2023-08-09 16:42:11,677] {logging_mixin.py:104} INFO - [2023-08-09 16:42:11,677] {dag.py:2306} INFO - Setting next_dagrun for latest_only_with_trigger to 2023-08-07 00:00:00+00:00
[2023-08-09 16:42:11,705] {scheduler_job.py:190} INFO - Processing /home/airflow/.local/lib/python3.6/site-packages/airflow/example_dags/example_latest_only_with_trigger.py took 0.165 seconds
[2023-08-09 16:42:42,613] {scheduler_job.py:182} INFO - Started process (PID=9662) to work on /home/airflow/.local/lib/python3.6/site-packages/airflow/example_dags/example_latest_only_with_trigger.py
[2023-08-09 16:42:42,618] {scheduler_job.py:633} INFO - Processing file /home/airflow/.local/lib/python3.6/site-packages/airflow/example_dags/example_latest_only_with_trigger.py for tasks to queue
[2023-08-09 16:42:42,622] {logging_mixin.py:104} INFO - [2023-08-09 16:42:42,622] {dagbag.py:496} INFO - Filling up the DagBag from /home/airflow/.local/lib/python3.6/site-packages/airflow/example_dags/example_latest_only_with_trigger.py
[2023-08-09 16:42:42,645] {scheduler_job.py:643} INFO - DAG(s) dict_keys(['latest_only_with_trigger']) retrieved from /home/airflow/.local/lib/python3.6/site-packages/airflow/example_dags/example_latest_only_with_trigger.py
[2023-08-09 16:42:42,676] {logging_mixin.py:104} INFO - [2023-08-09 16:42:42,676] {dag.py:1833} INFO - Sync 1 DAGs
[2023-08-09 16:42:42,694] {logging_mixin.py:104} INFO - [2023-08-09 16:42:42,694] {dag.py:2306} INFO - Setting next_dagrun for latest_only_with_trigger to 2023-08-07 00:00:00+00:00
[2023-08-09 16:42:42,710] {scheduler_job.py:190} INFO - Processing /home/airflow/.local/lib/python3.6/site-packages/airflow/example_dags/example_latest_only_with_trigger.py took 0.103 seconds
[2023-08-09 16:43:13,746] {scheduler_job.py:182} INFO - Started process (PID=9712) to work on /home/airflow/.local/lib/python3.6/site-packages/airflow/example_dags/example_latest_only_with_trigger.py
[2023-08-09 16:43:13,751] {scheduler_job.py:633} INFO - Processing file /home/airflow/.local/lib/python3.6/site-packages/airflow/example_dags/example_latest_only_with_trigger.py for tasks to queue
[2023-08-09 16:43:13,755] {logging_mixin.py:104} INFO - [2023-08-09 16:43:13,755] {dagbag.py:496} INFO - Filling up the DagBag from /home/airflow/.local/lib/python3.6/site-packages/airflow/example_dags/example_latest_only_with_trigger.py
[2023-08-09 16:43:13,797] {scheduler_job.py:643} INFO - DAG(s) dict_keys(['latest_only_with_trigger']) retrieved from /home/airflow/.local/lib/python3.6/site-packages/airflow/example_dags/example_latest_only_with_trigger.py
[2023-08-09 16:43:13,839] {logging_mixin.py:104} INFO - [2023-08-09 16:43:13,839] {dag.py:1833} INFO - Sync 1 DAGs
[2023-08-09 16:43:13,862] {logging_mixin.py:104} INFO - [2023-08-09 16:43:13,861] {dag.py:2306} INFO - Setting next_dagrun for latest_only_with_trigger to 2023-08-07 00:00:00+00:00
[2023-08-09 16:43:13,877] {scheduler_job.py:190} INFO - Processing /home/airflow/.local/lib/python3.6/site-packages/airflow/example_dags/example_latest_only_with_trigger.py took 0.140 seconds
[2023-08-09 16:43:44,225] {scheduler_job.py:182} INFO - Started process (PID=9771) to work on /home/airflow/.local/lib/python3.6/site-packages/airflow/example_dags/example_latest_only_with_trigger.py
[2023-08-09 16:43:44,231] {scheduler_job.py:633} INFO - Processing file /home/airflow/.local/lib/python3.6/site-packages/airflow/example_dags/example_latest_only_with_trigger.py for tasks to queue
[2023-08-09 16:43:44,234] {logging_mixin.py:104} INFO - [2023-08-09 16:43:44,234] {dagbag.py:496} INFO - Filling up the DagBag from /home/airflow/.local/lib/python3.6/site-packages/airflow/example_dags/example_latest_only_with_trigger.py
[2023-08-09 16:43:44,278] {scheduler_job.py:643} INFO - DAG(s) dict_keys(['latest_only_with_trigger']) retrieved from /home/airflow/.local/lib/python3.6/site-packages/airflow/example_dags/example_latest_only_with_trigger.py
[2023-08-09 16:43:44,371] {logging_mixin.py:104} INFO - [2023-08-09 16:43:44,371] {dag.py:1833} INFO - Sync 1 DAGs
[2023-08-09 16:43:44,394] {logging_mixin.py:104} INFO - [2023-08-09 16:43:44,394] {dag.py:2306} INFO - Setting next_dagrun for latest_only_with_trigger to 2023-08-07 00:00:00+00:00
[2023-08-09 16:43:44,414] {scheduler_job.py:190} INFO - Processing /home/airflow/.local/lib/python3.6/site-packages/airflow/example_dags/example_latest_only_with_trigger.py took 0.194 seconds
[2023-08-09 16:44:14,667] {scheduler_job.py:182} INFO - Started process (PID=9823) to work on /home/airflow/.local/lib/python3.6/site-packages/airflow/example_dags/example_latest_only_with_trigger.py
[2023-08-09 16:44:14,670] {scheduler_job.py:633} INFO - Processing file /home/airflow/.local/lib/python3.6/site-packages/airflow/example_dags/example_latest_only_with_trigger.py for tasks to queue
[2023-08-09 16:44:14,672] {logging_mixin.py:104} INFO - [2023-08-09 16:44:14,672] {dagbag.py:496} INFO - Filling up the DagBag from /home/airflow/.local/lib/python3.6/site-packages/airflow/example_dags/example_latest_only_with_trigger.py
[2023-08-09 16:44:14,691] {scheduler_job.py:643} INFO - DAG(s) dict_keys(['latest_only_with_trigger']) retrieved from /home/airflow/.local/lib/python3.6/site-packages/airflow/example_dags/example_latest_only_with_trigger.py
[2023-08-09 16:44:14,721] {logging_mixin.py:104} INFO - [2023-08-09 16:44:14,721] {dag.py:1833} INFO - Sync 1 DAGs
[2023-08-09 16:44:14,744] {logging_mixin.py:104} INFO - [2023-08-09 16:44:14,744] {dag.py:2306} INFO - Setting next_dagrun for latest_only_with_trigger to 2023-08-07 00:00:00+00:00
[2023-08-09 16:44:14,760] {scheduler_job.py:190} INFO - Processing /home/airflow/.local/lib/python3.6/site-packages/airflow/example_dags/example_latest_only_with_trigger.py took 0.098 seconds
[2023-08-09 16:44:45,268] {scheduler_job.py:182} INFO - Started process (PID=9874) to work on /home/airflow/.local/lib/python3.6/site-packages/airflow/example_dags/example_latest_only_with_trigger.py
[2023-08-09 16:44:45,270] {scheduler_job.py:633} INFO - Processing file /home/airflow/.local/lib/python3.6/site-packages/airflow/example_dags/example_latest_only_with_trigger.py for tasks to queue
[2023-08-09 16:44:45,273] {logging_mixin.py:104} INFO - [2023-08-09 16:44:45,272] {dagbag.py:496} INFO - Filling up the DagBag from /home/airflow/.local/lib/python3.6/site-packages/airflow/example_dags/example_latest_only_with_trigger.py
[2023-08-09 16:44:45,294] {scheduler_job.py:643} INFO - DAG(s) dict_keys(['latest_only_with_trigger']) retrieved from /home/airflow/.local/lib/python3.6/site-packages/airflow/example_dags/example_latest_only_with_trigger.py
[2023-08-09 16:44:45,326] {logging_mixin.py:104} INFO - [2023-08-09 16:44:45,325] {dag.py:1833} INFO - Sync 1 DAGs
[2023-08-09 16:44:45,351] {logging_mixin.py:104} INFO - [2023-08-09 16:44:45,351] {dag.py:2306} INFO - Setting next_dagrun for latest_only_with_trigger to 2023-08-07 00:00:00+00:00
[2023-08-09 16:44:45,370] {scheduler_job.py:190} INFO - Processing /home/airflow/.local/lib/python3.6/site-packages/airflow/example_dags/example_latest_only_with_trigger.py took 0.108 seconds
[2023-08-09 16:45:15,542] {scheduler_job.py:182} INFO - Started process (PID=9936) to work on /home/airflow/.local/lib/python3.6/site-packages/airflow/example_dags/example_latest_only_with_trigger.py
[2023-08-09 16:45:15,545] {scheduler_job.py:633} INFO - Processing file /home/airflow/.local/lib/python3.6/site-packages/airflow/example_dags/example_latest_only_with_trigger.py for tasks to queue
[2023-08-09 16:45:15,555] {logging_mixin.py:104} INFO - [2023-08-09 16:45:15,555] {dagbag.py:496} INFO - Filling up the DagBag from /home/airflow/.local/lib/python3.6/site-packages/airflow/example_dags/example_latest_only_with_trigger.py
[2023-08-09 16:45:15,599] {scheduler_job.py:643} INFO - DAG(s) dict_keys(['latest_only_with_trigger']) retrieved from /home/airflow/.local/lib/python3.6/site-packages/airflow/example_dags/example_latest_only_with_trigger.py
[2023-08-09 16:45:15,644] {logging_mixin.py:104} INFO - [2023-08-09 16:45:15,644] {dag.py:1833} INFO - Sync 1 DAGs
[2023-08-09 16:45:15,681] {logging_mixin.py:104} INFO - [2023-08-09 16:45:15,680] {dag.py:2306} INFO - Setting next_dagrun for latest_only_with_trigger to 2023-08-07 00:00:00+00:00
[2023-08-09 16:45:15,705] {scheduler_job.py:190} INFO - Processing /home/airflow/.local/lib/python3.6/site-packages/airflow/example_dags/example_latest_only_with_trigger.py took 0.168 seconds
[2023-08-09 16:45:46,230] {scheduler_job.py:182} INFO - Started process (PID=9987) to work on /home/airflow/.local/lib/python3.6/site-packages/airflow/example_dags/example_latest_only_with_trigger.py
[2023-08-09 16:45:46,233] {scheduler_job.py:633} INFO - Processing file /home/airflow/.local/lib/python3.6/site-packages/airflow/example_dags/example_latest_only_with_trigger.py for tasks to queue
[2023-08-09 16:45:46,236] {logging_mixin.py:104} INFO - [2023-08-09 16:45:46,236] {dagbag.py:496} INFO - Filling up the DagBag from /home/airflow/.local/lib/python3.6/site-packages/airflow/example_dags/example_latest_only_with_trigger.py
[2023-08-09 16:45:46,260] {scheduler_job.py:643} INFO - DAG(s) dict_keys(['latest_only_with_trigger']) retrieved from /home/airflow/.local/lib/python3.6/site-packages/airflow/example_dags/example_latest_only_with_trigger.py
[2023-08-09 16:45:46,291] {logging_mixin.py:104} INFO - [2023-08-09 16:45:46,291] {dag.py:1833} INFO - Sync 1 DAGs
[2023-08-09 16:45:46,315] {logging_mixin.py:104} INFO - [2023-08-09 16:45:46,314] {dag.py:2306} INFO - Setting next_dagrun for latest_only_with_trigger to 2023-08-07 00:00:00+00:00
[2023-08-09 16:45:46,339] {scheduler_job.py:190} INFO - Processing /home/airflow/.local/lib/python3.6/site-packages/airflow/example_dags/example_latest_only_with_trigger.py took 0.114 seconds
[2023-08-09 16:46:16,654] {scheduler_job.py:182} INFO - Started process (PID=10048) to work on /home/airflow/.local/lib/python3.6/site-packages/airflow/example_dags/example_latest_only_with_trigger.py
[2023-08-09 16:46:16,658] {scheduler_job.py:633} INFO - Processing file /home/airflow/.local/lib/python3.6/site-packages/airflow/example_dags/example_latest_only_with_trigger.py for tasks to queue
[2023-08-09 16:46:16,661] {logging_mixin.py:104} INFO - [2023-08-09 16:46:16,660] {dagbag.py:496} INFO - Filling up the DagBag from /home/airflow/.local/lib/python3.6/site-packages/airflow/example_dags/example_latest_only_with_trigger.py
[2023-08-09 16:46:16,687] {scheduler_job.py:643} INFO - DAG(s) dict_keys(['latest_only_with_trigger']) retrieved from /home/airflow/.local/lib/python3.6/site-packages/airflow/example_dags/example_latest_only_with_trigger.py
[2023-08-09 16:46:16,759] {logging_mixin.py:104} INFO - [2023-08-09 16:46:16,759] {dag.py:1833} INFO - Sync 1 DAGs
[2023-08-09 16:46:16,800] {logging_mixin.py:104} INFO - [2023-08-09 16:46:16,800] {dag.py:2306} INFO - Setting next_dagrun for latest_only_with_trigger to 2023-08-07 00:00:00+00:00
[2023-08-09 16:46:16,836] {scheduler_job.py:190} INFO - Processing /home/airflow/.local/lib/python3.6/site-packages/airflow/example_dags/example_latest_only_with_trigger.py took 0.189 seconds
[2023-08-09 16:46:46,926] {scheduler_job.py:182} INFO - Started process (PID=10098) to work on /home/airflow/.local/lib/python3.6/site-packages/airflow/example_dags/example_latest_only_with_trigger.py
[2023-08-09 16:46:46,930] {scheduler_job.py:633} INFO - Processing file /home/airflow/.local/lib/python3.6/site-packages/airflow/example_dags/example_latest_only_with_trigger.py for tasks to queue
[2023-08-09 16:46:46,933] {logging_mixin.py:104} INFO - [2023-08-09 16:46:46,933] {dagbag.py:496} INFO - Filling up the DagBag from /home/airflow/.local/lib/python3.6/site-packages/airflow/example_dags/example_latest_only_with_trigger.py
[2023-08-09 16:46:46,961] {scheduler_job.py:643} INFO - DAG(s) dict_keys(['latest_only_with_trigger']) retrieved from /home/airflow/.local/lib/python3.6/site-packages/airflow/example_dags/example_latest_only_with_trigger.py
[2023-08-09 16:46:47,016] {logging_mixin.py:104} INFO - [2023-08-09 16:46:47,016] {dag.py:1833} INFO - Sync 1 DAGs
[2023-08-09 16:46:47,048] {logging_mixin.py:104} INFO - [2023-08-09 16:46:47,048] {dag.py:2306} INFO - Setting next_dagrun for latest_only_with_trigger to 2023-08-07 00:00:00+00:00
[2023-08-09 16:46:47,074] {scheduler_job.py:190} INFO - Processing /home/airflow/.local/lib/python3.6/site-packages/airflow/example_dags/example_latest_only_with_trigger.py took 0.156 seconds
[2023-08-09 16:47:17,935] {scheduler_job.py:182} INFO - Started process (PID=10147) to work on /home/airflow/.local/lib/python3.6/site-packages/airflow/example_dags/example_latest_only_with_trigger.py
[2023-08-09 16:47:17,938] {scheduler_job.py:633} INFO - Processing file /home/airflow/.local/lib/python3.6/site-packages/airflow/example_dags/example_latest_only_with_trigger.py for tasks to queue
[2023-08-09 16:47:17,940] {logging_mixin.py:104} INFO - [2023-08-09 16:47:17,940] {dagbag.py:496} INFO - Filling up the DagBag from /home/airflow/.local/lib/python3.6/site-packages/airflow/example_dags/example_latest_only_with_trigger.py
[2023-08-09 16:47:17,968] {scheduler_job.py:643} INFO - DAG(s) dict_keys(['latest_only_with_trigger']) retrieved from /home/airflow/.local/lib/python3.6/site-packages/airflow/example_dags/example_latest_only_with_trigger.py
[2023-08-09 16:47:18,010] {logging_mixin.py:104} INFO - [2023-08-09 16:47:18,010] {dag.py:1833} INFO - Sync 1 DAGs
[2023-08-09 16:47:18,037] {logging_mixin.py:104} INFO - [2023-08-09 16:47:18,037] {dag.py:2306} INFO - Setting next_dagrun for latest_only_with_trigger to 2023-08-07 00:00:00+00:00
[2023-08-09 16:47:18,057] {scheduler_job.py:190} INFO - Processing /home/airflow/.local/lib/python3.6/site-packages/airflow/example_dags/example_latest_only_with_trigger.py took 0.136 seconds
[2023-08-09 16:47:48,660] {scheduler_job.py:182} INFO - Started process (PID=10208) to work on /home/airflow/.local/lib/python3.6/site-packages/airflow/example_dags/example_latest_only_with_trigger.py
[2023-08-09 16:47:48,665] {scheduler_job.py:633} INFO - Processing file /home/airflow/.local/lib/python3.6/site-packages/airflow/example_dags/example_latest_only_with_trigger.py for tasks to queue
[2023-08-09 16:47:48,673] {logging_mixin.py:104} INFO - [2023-08-09 16:47:48,672] {dagbag.py:496} INFO - Filling up the DagBag from /home/airflow/.local/lib/python3.6/site-packages/airflow/example_dags/example_latest_only_with_trigger.py
[2023-08-09 16:47:48,716] {scheduler_job.py:643} INFO - DAG(s) dict_keys(['latest_only_with_trigger']) retrieved from /home/airflow/.local/lib/python3.6/site-packages/airflow/example_dags/example_latest_only_with_trigger.py
[2023-08-09 16:47:48,793] {logging_mixin.py:104} INFO - [2023-08-09 16:47:48,793] {dag.py:1833} INFO - Sync 1 DAGs
[2023-08-09 16:47:48,844] {logging_mixin.py:104} INFO - [2023-08-09 16:47:48,843] {dag.py:2306} INFO - Setting next_dagrun for latest_only_with_trigger to 2023-08-07 00:00:00+00:00
[2023-08-09 16:47:48,860] {scheduler_job.py:190} INFO - Processing /home/airflow/.local/lib/python3.6/site-packages/airflow/example_dags/example_latest_only_with_trigger.py took 0.205 seconds
[2023-08-09 16:48:19,637] {scheduler_job.py:182} INFO - Started process (PID=10260) to work on /home/airflow/.local/lib/python3.6/site-packages/airflow/example_dags/example_latest_only_with_trigger.py
[2023-08-09 16:48:19,640] {scheduler_job.py:633} INFO - Processing file /home/airflow/.local/lib/python3.6/site-packages/airflow/example_dags/example_latest_only_with_trigger.py for tasks to queue
[2023-08-09 16:48:19,641] {logging_mixin.py:104} INFO - [2023-08-09 16:48:19,641] {dagbag.py:496} INFO - Filling up the DagBag from /home/airflow/.local/lib/python3.6/site-packages/airflow/example_dags/example_latest_only_with_trigger.py
[2023-08-09 16:48:19,665] {scheduler_job.py:643} INFO - DAG(s) dict_keys(['latest_only_with_trigger']) retrieved from /home/airflow/.local/lib/python3.6/site-packages/airflow/example_dags/example_latest_only_with_trigger.py
[2023-08-09 16:48:19,705] {logging_mixin.py:104} INFO - [2023-08-09 16:48:19,705] {dag.py:1833} INFO - Sync 1 DAGs
[2023-08-09 16:48:19,730] {logging_mixin.py:104} INFO - [2023-08-09 16:48:19,729] {dag.py:2306} INFO - Setting next_dagrun for latest_only_with_trigger to 2023-08-07 00:00:00+00:00
[2023-08-09 16:48:19,753] {scheduler_job.py:190} INFO - Processing /home/airflow/.local/lib/python3.6/site-packages/airflow/example_dags/example_latest_only_with_trigger.py took 0.122 seconds
[2023-08-09 16:48:50,572] {scheduler_job.py:182} INFO - Started process (PID=10311) to work on /home/airflow/.local/lib/python3.6/site-packages/airflow/example_dags/example_latest_only_with_trigger.py
[2023-08-09 16:48:50,574] {scheduler_job.py:633} INFO - Processing file /home/airflow/.local/lib/python3.6/site-packages/airflow/example_dags/example_latest_only_with_trigger.py for tasks to queue
[2023-08-09 16:48:50,577] {logging_mixin.py:104} INFO - [2023-08-09 16:48:50,576] {dagbag.py:496} INFO - Filling up the DagBag from /home/airflow/.local/lib/python3.6/site-packages/airflow/example_dags/example_latest_only_with_trigger.py
[2023-08-09 16:48:50,612] {scheduler_job.py:643} INFO - DAG(s) dict_keys(['latest_only_with_trigger']) retrieved from /home/airflow/.local/lib/python3.6/site-packages/airflow/example_dags/example_latest_only_with_trigger.py
[2023-08-09 16:48:50,657] {logging_mixin.py:104} INFO - [2023-08-09 16:48:50,657] {dag.py:1833} INFO - Sync 1 DAGs
[2023-08-09 16:48:50,680] {logging_mixin.py:104} INFO - [2023-08-09 16:48:50,679] {dag.py:2306} INFO - Setting next_dagrun for latest_only_with_trigger to 2023-08-07 00:00:00+00:00
[2023-08-09 16:48:50,700] {scheduler_job.py:190} INFO - Processing /home/airflow/.local/lib/python3.6/site-packages/airflow/example_dags/example_latest_only_with_trigger.py took 0.135 seconds
[2023-08-09 16:49:21,396] {scheduler_job.py:182} INFO - Started process (PID=10371) to work on /home/airflow/.local/lib/python3.6/site-packages/airflow/example_dags/example_latest_only_with_trigger.py
[2023-08-09 16:49:21,404] {scheduler_job.py:633} INFO - Processing file /home/airflow/.local/lib/python3.6/site-packages/airflow/example_dags/example_latest_only_with_trigger.py for tasks to queue
[2023-08-09 16:49:21,408] {logging_mixin.py:104} INFO - [2023-08-09 16:49:21,408] {dagbag.py:496} INFO - Filling up the DagBag from /home/airflow/.local/lib/python3.6/site-packages/airflow/example_dags/example_latest_only_with_trigger.py
[2023-08-09 16:49:21,429] {scheduler_job.py:643} INFO - DAG(s) dict_keys(['latest_only_with_trigger']) retrieved from /home/airflow/.local/lib/python3.6/site-packages/airflow/example_dags/example_latest_only_with_trigger.py
[2023-08-09 16:49:21,479] {logging_mixin.py:104} INFO - [2023-08-09 16:49:21,479] {dag.py:1833} INFO - Sync 1 DAGs
[2023-08-09 16:49:21,524] {logging_mixin.py:104} INFO - [2023-08-09 16:49:21,524] {dag.py:2306} INFO - Setting next_dagrun for latest_only_with_trigger to 2023-08-07 00:00:00+00:00
[2023-08-09 16:49:21,548] {scheduler_job.py:190} INFO - Processing /home/airflow/.local/lib/python3.6/site-packages/airflow/example_dags/example_latest_only_with_trigger.py took 0.164 seconds
[2023-08-09 16:49:52,320] {scheduler_job.py:182} INFO - Started process (PID=10423) to work on /home/airflow/.local/lib/python3.6/site-packages/airflow/example_dags/example_latest_only_with_trigger.py
[2023-08-09 16:49:52,323] {scheduler_job.py:633} INFO - Processing file /home/airflow/.local/lib/python3.6/site-packages/airflow/example_dags/example_latest_only_with_trigger.py for tasks to queue
[2023-08-09 16:49:52,326] {logging_mixin.py:104} INFO - [2023-08-09 16:49:52,326] {dagbag.py:496} INFO - Filling up the DagBag from /home/airflow/.local/lib/python3.6/site-packages/airflow/example_dags/example_latest_only_with_trigger.py
[2023-08-09 16:49:52,350] {scheduler_job.py:643} INFO - DAG(s) dict_keys(['latest_only_with_trigger']) retrieved from /home/airflow/.local/lib/python3.6/site-packages/airflow/example_dags/example_latest_only_with_trigger.py
[2023-08-09 16:49:52,390] {logging_mixin.py:104} INFO - [2023-08-09 16:49:52,390] {dag.py:1833} INFO - Sync 1 DAGs
[2023-08-09 16:49:52,412] {logging_mixin.py:104} INFO - [2023-08-09 16:49:52,412] {dag.py:2306} INFO - Setting next_dagrun for latest_only_with_trigger to 2023-08-07 00:00:00+00:00
[2023-08-09 16:49:52,436] {scheduler_job.py:190} INFO - Processing /home/airflow/.local/lib/python3.6/site-packages/airflow/example_dags/example_latest_only_with_trigger.py took 0.123 seconds
[2023-08-09 16:50:23,133] {scheduler_job.py:182} INFO - Started process (PID=10473) to work on /home/airflow/.local/lib/python3.6/site-packages/airflow/example_dags/example_latest_only_with_trigger.py
[2023-08-09 16:50:23,135] {scheduler_job.py:633} INFO - Processing file /home/airflow/.local/lib/python3.6/site-packages/airflow/example_dags/example_latest_only_with_trigger.py for tasks to queue
[2023-08-09 16:50:23,137] {logging_mixin.py:104} INFO - [2023-08-09 16:50:23,137] {dagbag.py:496} INFO - Filling up the DagBag from /home/airflow/.local/lib/python3.6/site-packages/airflow/example_dags/example_latest_only_with_trigger.py
[2023-08-09 16:50:23,156] {scheduler_job.py:643} INFO - DAG(s) dict_keys(['latest_only_with_trigger']) retrieved from /home/airflow/.local/lib/python3.6/site-packages/airflow/example_dags/example_latest_only_with_trigger.py
[2023-08-09 16:50:23,191] {logging_mixin.py:104} INFO - [2023-08-09 16:50:23,191] {dag.py:1833} INFO - Sync 1 DAGs
[2023-08-09 16:50:23,215] {logging_mixin.py:104} INFO - [2023-08-09 16:50:23,214] {dag.py:2306} INFO - Setting next_dagrun for latest_only_with_trigger to 2023-08-07 00:00:00+00:00
[2023-08-09 16:50:23,231] {scheduler_job.py:190} INFO - Processing /home/airflow/.local/lib/python3.6/site-packages/airflow/example_dags/example_latest_only_with_trigger.py took 0.103 seconds
[2023-08-09 16:50:54,039] {scheduler_job.py:182} INFO - Started process (PID=10531) to work on /home/airflow/.local/lib/python3.6/site-packages/airflow/example_dags/example_latest_only_with_trigger.py
[2023-08-09 16:50:54,047] {scheduler_job.py:633} INFO - Processing file /home/airflow/.local/lib/python3.6/site-packages/airflow/example_dags/example_latest_only_with_trigger.py for tasks to queue
[2023-08-09 16:50:54,055] {logging_mixin.py:104} INFO - [2023-08-09 16:50:54,054] {dagbag.py:496} INFO - Filling up the DagBag from /home/airflow/.local/lib/python3.6/site-packages/airflow/example_dags/example_latest_only_with_trigger.py
[2023-08-09 16:50:54,119] {scheduler_job.py:643} INFO - DAG(s) dict_keys(['latest_only_with_trigger']) retrieved from /home/airflow/.local/lib/python3.6/site-packages/airflow/example_dags/example_latest_only_with_trigger.py
[2023-08-09 16:50:54,253] {logging_mixin.py:104} INFO - [2023-08-09 16:50:54,249] {dag.py:1833} INFO - Sync 1 DAGs
[2023-08-09 16:50:54,321] {logging_mixin.py:104} INFO - [2023-08-09 16:50:54,321] {dag.py:2306} INFO - Setting next_dagrun for latest_only_with_trigger to 2023-08-07 00:00:00+00:00
[2023-08-09 16:50:54,363] {scheduler_job.py:190} INFO - Processing /home/airflow/.local/lib/python3.6/site-packages/airflow/example_dags/example_latest_only_with_trigger.py took 0.338 seconds
[2023-08-09 16:51:24,933] {scheduler_job.py:182} INFO - Started process (PID=10583) to work on /home/airflow/.local/lib/python3.6/site-packages/airflow/example_dags/example_latest_only_with_trigger.py
[2023-08-09 16:51:24,936] {scheduler_job.py:633} INFO - Processing file /home/airflow/.local/lib/python3.6/site-packages/airflow/example_dags/example_latest_only_with_trigger.py for tasks to queue
[2023-08-09 16:51:24,937] {logging_mixin.py:104} INFO - [2023-08-09 16:51:24,937] {dagbag.py:496} INFO - Filling up the DagBag from /home/airflow/.local/lib/python3.6/site-packages/airflow/example_dags/example_latest_only_with_trigger.py
[2023-08-09 16:51:24,959] {scheduler_job.py:643} INFO - DAG(s) dict_keys(['latest_only_with_trigger']) retrieved from /home/airflow/.local/lib/python3.6/site-packages/airflow/example_dags/example_latest_only_with_trigger.py
[2023-08-09 16:51:24,995] {logging_mixin.py:104} INFO - [2023-08-09 16:51:24,995] {dag.py:1833} INFO - Sync 1 DAGs
[2023-08-09 16:51:25,020] {logging_mixin.py:104} INFO - [2023-08-09 16:51:25,019] {dag.py:2306} INFO - Setting next_dagrun for latest_only_with_trigger to 2023-08-07 00:00:00+00:00
[2023-08-09 16:51:25,044] {scheduler_job.py:190} INFO - Processing /home/airflow/.local/lib/python3.6/site-packages/airflow/example_dags/example_latest_only_with_trigger.py took 0.116 seconds
[2023-08-09 16:51:55,161] {scheduler_job.py:182} INFO - Started process (PID=10633) to work on /home/airflow/.local/lib/python3.6/site-packages/airflow/example_dags/example_latest_only_with_trigger.py
[2023-08-09 16:51:55,166] {scheduler_job.py:633} INFO - Processing file /home/airflow/.local/lib/python3.6/site-packages/airflow/example_dags/example_latest_only_with_trigger.py for tasks to queue
[2023-08-09 16:51:55,169] {logging_mixin.py:104} INFO - [2023-08-09 16:51:55,169] {dagbag.py:496} INFO - Filling up the DagBag from /home/airflow/.local/lib/python3.6/site-packages/airflow/example_dags/example_latest_only_with_trigger.py
[2023-08-09 16:51:55,198] {scheduler_job.py:643} INFO - DAG(s) dict_keys(['latest_only_with_trigger']) retrieved from /home/airflow/.local/lib/python3.6/site-packages/airflow/example_dags/example_latest_only_with_trigger.py
[2023-08-09 16:51:55,235] {logging_mixin.py:104} INFO - [2023-08-09 16:51:55,235] {dag.py:1833} INFO - Sync 1 DAGs
[2023-08-09 16:51:55,259] {logging_mixin.py:104} INFO - [2023-08-09 16:51:55,259] {dag.py:2306} INFO - Setting next_dagrun for latest_only_with_trigger to 2023-08-07 00:00:00+00:00
[2023-08-09 16:51:55,277] {scheduler_job.py:190} INFO - Processing /home/airflow/.local/lib/python3.6/site-packages/airflow/example_dags/example_latest_only_with_trigger.py took 0.123 seconds
[2023-08-09 16:52:25,615] {scheduler_job.py:182} INFO - Started process (PID=10684) to work on /home/airflow/.local/lib/python3.6/site-packages/airflow/example_dags/example_latest_only_with_trigger.py
[2023-08-09 16:52:25,618] {scheduler_job.py:633} INFO - Processing file /home/airflow/.local/lib/python3.6/site-packages/airflow/example_dags/example_latest_only_with_trigger.py for tasks to queue
[2023-08-09 16:52:25,619] {logging_mixin.py:104} INFO - [2023-08-09 16:52:25,619] {dagbag.py:496} INFO - Filling up the DagBag from /home/airflow/.local/lib/python3.6/site-packages/airflow/example_dags/example_latest_only_with_trigger.py
[2023-08-09 16:52:25,639] {scheduler_job.py:643} INFO - DAG(s) dict_keys(['latest_only_with_trigger']) retrieved from /home/airflow/.local/lib/python3.6/site-packages/airflow/example_dags/example_latest_only_with_trigger.py
[2023-08-09 16:52:25,668] {logging_mixin.py:104} INFO - [2023-08-09 16:52:25,668] {dag.py:1833} INFO - Sync 1 DAGs
[2023-08-09 16:52:25,686] {logging_mixin.py:104} INFO - [2023-08-09 16:52:25,686] {dag.py:2306} INFO - Setting next_dagrun for latest_only_with_trigger to 2023-08-07 00:00:00+00:00
[2023-08-09 16:52:25,702] {scheduler_job.py:190} INFO - Processing /home/airflow/.local/lib/python3.6/site-packages/airflow/example_dags/example_latest_only_with_trigger.py took 0.092 seconds
[2023-08-09 16:52:56,139] {scheduler_job.py:182} INFO - Started process (PID=10741) to work on /home/airflow/.local/lib/python3.6/site-packages/airflow/example_dags/example_latest_only_with_trigger.py
[2023-08-09 16:52:56,143] {scheduler_job.py:633} INFO - Processing file /home/airflow/.local/lib/python3.6/site-packages/airflow/example_dags/example_latest_only_with_trigger.py for tasks to queue
[2023-08-09 16:52:56,145] {logging_mixin.py:104} INFO - [2023-08-09 16:52:56,145] {dagbag.py:496} INFO - Filling up the DagBag from /home/airflow/.local/lib/python3.6/site-packages/airflow/example_dags/example_latest_only_with_trigger.py
[2023-08-09 16:52:56,169] {scheduler_job.py:643} INFO - DAG(s) dict_keys(['latest_only_with_trigger']) retrieved from /home/airflow/.local/lib/python3.6/site-packages/airflow/example_dags/example_latest_only_with_trigger.py
[2023-08-09 16:52:56,211] {logging_mixin.py:104} INFO - [2023-08-09 16:52:56,211] {dag.py:1833} INFO - Sync 1 DAGs
[2023-08-09 16:52:56,232] {logging_mixin.py:104} INFO - [2023-08-09 16:52:56,232] {dag.py:2306} INFO - Setting next_dagrun for latest_only_with_trigger to 2023-08-07 00:00:00+00:00
[2023-08-09 16:52:56,257] {scheduler_job.py:190} INFO - Processing /home/airflow/.local/lib/python3.6/site-packages/airflow/example_dags/example_latest_only_with_trigger.py took 0.126 seconds
[2023-08-09 16:53:26,952] {scheduler_job.py:182} INFO - Started process (PID=10796) to work on /home/airflow/.local/lib/python3.6/site-packages/airflow/example_dags/example_latest_only_with_trigger.py
[2023-08-09 16:53:26,964] {scheduler_job.py:633} INFO - Processing file /home/airflow/.local/lib/python3.6/site-packages/airflow/example_dags/example_latest_only_with_trigger.py for tasks to queue
[2023-08-09 16:53:26,965] {logging_mixin.py:104} INFO - [2023-08-09 16:53:26,965] {dagbag.py:496} INFO - Filling up the DagBag from /home/airflow/.local/lib/python3.6/site-packages/airflow/example_dags/example_latest_only_with_trigger.py
[2023-08-09 16:53:27,005] {scheduler_job.py:643} INFO - DAG(s) dict_keys(['latest_only_with_trigger']) retrieved from /home/airflow/.local/lib/python3.6/site-packages/airflow/example_dags/example_latest_only_with_trigger.py
[2023-08-09 16:53:27,061] {logging_mixin.py:104} INFO - [2023-08-09 16:53:27,061] {dag.py:1833} INFO - Sync 1 DAGs
[2023-08-09 16:53:27,100] {logging_mixin.py:104} INFO - [2023-08-09 16:53:27,100] {dag.py:2306} INFO - Setting next_dagrun for latest_only_with_trigger to 2023-08-07 00:00:00+00:00
[2023-08-09 16:53:27,129] {scheduler_job.py:190} INFO - Processing /home/airflow/.local/lib/python3.6/site-packages/airflow/example_dags/example_latest_only_with_trigger.py took 0.186 seconds
[2023-08-09 16:53:57,308] {scheduler_job.py:182} INFO - Started process (PID=10847) to work on /home/airflow/.local/lib/python3.6/site-packages/airflow/example_dags/example_latest_only_with_trigger.py
[2023-08-09 16:53:57,311] {scheduler_job.py:633} INFO - Processing file /home/airflow/.local/lib/python3.6/site-packages/airflow/example_dags/example_latest_only_with_trigger.py for tasks to queue
[2023-08-09 16:53:57,315] {logging_mixin.py:104} INFO - [2023-08-09 16:53:57,315] {dagbag.py:496} INFO - Filling up the DagBag from /home/airflow/.local/lib/python3.6/site-packages/airflow/example_dags/example_latest_only_with_trigger.py
[2023-08-09 16:53:57,356] {scheduler_job.py:643} INFO - DAG(s) dict_keys(['latest_only_with_trigger']) retrieved from /home/airflow/.local/lib/python3.6/site-packages/airflow/example_dags/example_latest_only_with_trigger.py
[2023-08-09 16:53:57,420] {logging_mixin.py:104} INFO - [2023-08-09 16:53:57,420] {dag.py:1833} INFO - Sync 1 DAGs
[2023-08-09 16:53:57,451] {logging_mixin.py:104} INFO - [2023-08-09 16:53:57,451] {dag.py:2306} INFO - Setting next_dagrun for latest_only_with_trigger to 2023-08-07 00:00:00+00:00
[2023-08-09 16:53:57,483] {scheduler_job.py:190} INFO - Processing /home/airflow/.local/lib/python3.6/site-packages/airflow/example_dags/example_latest_only_with_trigger.py took 0.183 seconds
[2023-08-09 16:54:27,813] {scheduler_job.py:182} INFO - Started process (PID=10906) to work on /home/airflow/.local/lib/python3.6/site-packages/airflow/example_dags/example_latest_only_with_trigger.py
[2023-08-09 16:54:27,817] {scheduler_job.py:633} INFO - Processing file /home/airflow/.local/lib/python3.6/site-packages/airflow/example_dags/example_latest_only_with_trigger.py for tasks to queue
[2023-08-09 16:54:27,822] {logging_mixin.py:104} INFO - [2023-08-09 16:54:27,822] {dagbag.py:496} INFO - Filling up the DagBag from /home/airflow/.local/lib/python3.6/site-packages/airflow/example_dags/example_latest_only_with_trigger.py
[2023-08-09 16:54:27,887] {scheduler_job.py:643} INFO - DAG(s) dict_keys(['latest_only_with_trigger']) retrieved from /home/airflow/.local/lib/python3.6/site-packages/airflow/example_dags/example_latest_only_with_trigger.py
[2023-08-09 16:54:27,957] {logging_mixin.py:104} INFO - [2023-08-09 16:54:27,957] {dag.py:1833} INFO - Sync 1 DAGs
[2023-08-09 16:54:28,001] {logging_mixin.py:104} INFO - [2023-08-09 16:54:28,001] {dag.py:2306} INFO - Setting next_dagrun for latest_only_with_trigger to 2023-08-07 00:00:00+00:00
[2023-08-09 16:54:28,039] {scheduler_job.py:190} INFO - Processing /home/airflow/.local/lib/python3.6/site-packages/airflow/example_dags/example_latest_only_with_trigger.py took 0.239 seconds
[2023-08-09 16:54:58,201] {scheduler_job.py:182} INFO - Started process (PID=10956) to work on /home/airflow/.local/lib/python3.6/site-packages/airflow/example_dags/example_latest_only_with_trigger.py
[2023-08-09 16:54:58,204] {scheduler_job.py:633} INFO - Processing file /home/airflow/.local/lib/python3.6/site-packages/airflow/example_dags/example_latest_only_with_trigger.py for tasks to queue
[2023-08-09 16:54:58,206] {logging_mixin.py:104} INFO - [2023-08-09 16:54:58,206] {dagbag.py:496} INFO - Filling up the DagBag from /home/airflow/.local/lib/python3.6/site-packages/airflow/example_dags/example_latest_only_with_trigger.py
[2023-08-09 16:54:58,232] {scheduler_job.py:643} INFO - DAG(s) dict_keys(['latest_only_with_trigger']) retrieved from /home/airflow/.local/lib/python3.6/site-packages/airflow/example_dags/example_latest_only_with_trigger.py
[2023-08-09 16:54:58,267] {logging_mixin.py:104} INFO - [2023-08-09 16:54:58,267] {dag.py:1833} INFO - Sync 1 DAGs
[2023-08-09 16:54:58,295] {logging_mixin.py:104} INFO - [2023-08-09 16:54:58,295] {dag.py:2306} INFO - Setting next_dagrun for latest_only_with_trigger to 2023-08-07 00:00:00+00:00
[2023-08-09 16:54:58,316] {scheduler_job.py:190} INFO - Processing /home/airflow/.local/lib/python3.6/site-packages/airflow/example_dags/example_latest_only_with_trigger.py took 0.120 seconds
[2023-08-09 16:55:28,943] {scheduler_job.py:182} INFO - Started process (PID=11007) to work on /home/airflow/.local/lib/python3.6/site-packages/airflow/example_dags/example_latest_only_with_trigger.py
[2023-08-09 16:55:28,956] {scheduler_job.py:633} INFO - Processing file /home/airflow/.local/lib/python3.6/site-packages/airflow/example_dags/example_latest_only_with_trigger.py for tasks to queue
[2023-08-09 16:55:28,964] {logging_mixin.py:104} INFO - [2023-08-09 16:55:28,963] {dagbag.py:496} INFO - Filling up the DagBag from /home/airflow/.local/lib/python3.6/site-packages/airflow/example_dags/example_latest_only_with_trigger.py
[2023-08-09 16:55:29,026] {scheduler_job.py:643} INFO - DAG(s) dict_keys(['latest_only_with_trigger']) retrieved from /home/airflow/.local/lib/python3.6/site-packages/airflow/example_dags/example_latest_only_with_trigger.py
[2023-08-09 16:55:29,117] {logging_mixin.py:104} INFO - [2023-08-09 16:55:29,117] {dag.py:1833} INFO - Sync 1 DAGs
[2023-08-09 16:55:29,164] {logging_mixin.py:104} INFO - [2023-08-09 16:55:29,164] {dag.py:2306} INFO - Setting next_dagrun for latest_only_with_trigger to 2023-08-07 00:00:00+00:00
[2023-08-09 16:55:29,203] {scheduler_job.py:190} INFO - Processing /home/airflow/.local/lib/python3.6/site-packages/airflow/example_dags/example_latest_only_with_trigger.py took 0.284 seconds
[2023-08-09 16:56:00,107] {scheduler_job.py:182} INFO - Started process (PID=11058) to work on /home/airflow/.local/lib/python3.6/site-packages/airflow/example_dags/example_latest_only_with_trigger.py
[2023-08-09 16:56:00,111] {scheduler_job.py:633} INFO - Processing file /home/airflow/.local/lib/python3.6/site-packages/airflow/example_dags/example_latest_only_with_trigger.py for tasks to queue
[2023-08-09 16:56:00,114] {logging_mixin.py:104} INFO - [2023-08-09 16:56:00,114] {dagbag.py:496} INFO - Filling up the DagBag from /home/airflow/.local/lib/python3.6/site-packages/airflow/example_dags/example_latest_only_with_trigger.py
[2023-08-09 16:56:00,137] {scheduler_job.py:643} INFO - DAG(s) dict_keys(['latest_only_with_trigger']) retrieved from /home/airflow/.local/lib/python3.6/site-packages/airflow/example_dags/example_latest_only_with_trigger.py
[2023-08-09 16:56:00,168] {logging_mixin.py:104} INFO - [2023-08-09 16:56:00,168] {dag.py:1833} INFO - Sync 1 DAGs
[2023-08-09 16:56:00,187] {logging_mixin.py:104} INFO - [2023-08-09 16:56:00,186] {dag.py:2306} INFO - Setting next_dagrun for latest_only_with_trigger to 2023-08-07 00:00:00+00:00
[2023-08-09 16:56:00,212] {scheduler_job.py:190} INFO - Processing /home/airflow/.local/lib/python3.6/site-packages/airflow/example_dags/example_latest_only_with_trigger.py took 0.114 seconds
[2023-08-09 16:56:30,937] {scheduler_job.py:182} INFO - Started process (PID=11116) to work on /home/airflow/.local/lib/python3.6/site-packages/airflow/example_dags/example_latest_only_with_trigger.py
[2023-08-09 16:56:30,948] {scheduler_job.py:633} INFO - Processing file /home/airflow/.local/lib/python3.6/site-packages/airflow/example_dags/example_latest_only_with_trigger.py for tasks to queue
[2023-08-09 16:56:30,950] {logging_mixin.py:104} INFO - [2023-08-09 16:56:30,949] {dagbag.py:496} INFO - Filling up the DagBag from /home/airflow/.local/lib/python3.6/site-packages/airflow/example_dags/example_latest_only_with_trigger.py
[2023-08-09 16:56:30,995] {scheduler_job.py:643} INFO - DAG(s) dict_keys(['latest_only_with_trigger']) retrieved from /home/airflow/.local/lib/python3.6/site-packages/airflow/example_dags/example_latest_only_with_trigger.py
[2023-08-09 16:56:31,054] {logging_mixin.py:104} INFO - [2023-08-09 16:56:31,053] {dag.py:1833} INFO - Sync 1 DAGs
[2023-08-09 16:56:31,088] {logging_mixin.py:104} INFO - [2023-08-09 16:56:31,088] {dag.py:2306} INFO - Setting next_dagrun for latest_only_with_trigger to 2023-08-07 00:00:00+00:00
[2023-08-09 16:56:31,122] {scheduler_job.py:190} INFO - Processing /home/airflow/.local/lib/python3.6/site-packages/airflow/example_dags/example_latest_only_with_trigger.py took 0.190 seconds
[2023-08-09 16:57:02,134] {scheduler_job.py:182} INFO - Started process (PID=11170) to work on /home/airflow/.local/lib/python3.6/site-packages/airflow/example_dags/example_latest_only_with_trigger.py
[2023-08-09 16:57:02,150] {scheduler_job.py:633} INFO - Processing file /home/airflow/.local/lib/python3.6/site-packages/airflow/example_dags/example_latest_only_with_trigger.py for tasks to queue
[2023-08-09 16:57:02,154] {logging_mixin.py:104} INFO - [2023-08-09 16:57:02,154] {dagbag.py:496} INFO - Filling up the DagBag from /home/airflow/.local/lib/python3.6/site-packages/airflow/example_dags/example_latest_only_with_trigger.py
[2023-08-09 16:57:02,191] {scheduler_job.py:643} INFO - DAG(s) dict_keys(['latest_only_with_trigger']) retrieved from /home/airflow/.local/lib/python3.6/site-packages/airflow/example_dags/example_latest_only_with_trigger.py
[2023-08-09 16:57:02,247] {logging_mixin.py:104} INFO - [2023-08-09 16:57:02,247] {dag.py:1833} INFO - Sync 1 DAGs
[2023-08-09 16:57:02,275] {logging_mixin.py:104} INFO - [2023-08-09 16:57:02,275] {dag.py:2306} INFO - Setting next_dagrun for latest_only_with_trigger to 2023-08-07 00:00:00+00:00
[2023-08-09 16:57:02,302] {scheduler_job.py:190} INFO - Processing /home/airflow/.local/lib/python3.6/site-packages/airflow/example_dags/example_latest_only_with_trigger.py took 0.172 seconds
[2023-08-09 16:57:32,649] {scheduler_job.py:182} INFO - Started process (PID=11220) to work on /home/airflow/.local/lib/python3.6/site-packages/airflow/example_dags/example_latest_only_with_trigger.py
[2023-08-09 16:57:32,652] {scheduler_job.py:633} INFO - Processing file /home/airflow/.local/lib/python3.6/site-packages/airflow/example_dags/example_latest_only_with_trigger.py for tasks to queue
[2023-08-09 16:57:32,655] {logging_mixin.py:104} INFO - [2023-08-09 16:57:32,655] {dagbag.py:496} INFO - Filling up the DagBag from /home/airflow/.local/lib/python3.6/site-packages/airflow/example_dags/example_latest_only_with_trigger.py
[2023-08-09 16:57:32,674] {scheduler_job.py:643} INFO - DAG(s) dict_keys(['latest_only_with_trigger']) retrieved from /home/airflow/.local/lib/python3.6/site-packages/airflow/example_dags/example_latest_only_with_trigger.py
[2023-08-09 16:57:32,704] {logging_mixin.py:104} INFO - [2023-08-09 16:57:32,704] {dag.py:1833} INFO - Sync 1 DAGs
[2023-08-09 16:57:32,728] {logging_mixin.py:104} INFO - [2023-08-09 16:57:32,728] {dag.py:2306} INFO - Setting next_dagrun for latest_only_with_trigger to 2023-08-07 00:00:00+00:00
[2023-08-09 16:57:32,745] {scheduler_job.py:190} INFO - Processing /home/airflow/.local/lib/python3.6/site-packages/airflow/example_dags/example_latest_only_with_trigger.py took 0.101 seconds
[2023-08-09 16:58:03,354] {scheduler_job.py:182} INFO - Started process (PID=11283) to work on /home/airflow/.local/lib/python3.6/site-packages/airflow/example_dags/example_latest_only_with_trigger.py
[2023-08-09 16:58:03,358] {scheduler_job.py:633} INFO - Processing file /home/airflow/.local/lib/python3.6/site-packages/airflow/example_dags/example_latest_only_with_trigger.py for tasks to queue
[2023-08-09 16:58:03,359] {logging_mixin.py:104} INFO - [2023-08-09 16:58:03,359] {dagbag.py:496} INFO - Filling up the DagBag from /home/airflow/.local/lib/python3.6/site-packages/airflow/example_dags/example_latest_only_with_trigger.py
[2023-08-09 16:58:03,390] {scheduler_job.py:643} INFO - DAG(s) dict_keys(['latest_only_with_trigger']) retrieved from /home/airflow/.local/lib/python3.6/site-packages/airflow/example_dags/example_latest_only_with_trigger.py
[2023-08-09 16:58:03,434] {logging_mixin.py:104} INFO - [2023-08-09 16:58:03,434] {dag.py:1833} INFO - Sync 1 DAGs
[2023-08-09 16:58:03,460] {logging_mixin.py:104} INFO - [2023-08-09 16:58:03,460] {dag.py:2306} INFO - Setting next_dagrun for latest_only_with_trigger to 2023-08-07 00:00:00+00:00
[2023-08-09 16:58:03,486] {scheduler_job.py:190} INFO - Processing /home/airflow/.local/lib/python3.6/site-packages/airflow/example_dags/example_latest_only_with_trigger.py took 0.138 seconds
