[2023-08-09 11:34:46,784] {scheduler_job.py:182} INFO - Started process (PID=7438) to work on /home/airflow/.local/lib/python3.6/site-packages/airflow/example_dags/example_python_operator.py
[2023-08-09 11:34:46,797] {scheduler_job.py:633} INFO - Processing file /home/airflow/.local/lib/python3.6/site-packages/airflow/example_dags/example_python_operator.py for tasks to queue
[2023-08-09 11:34:46,821] {logging_mixin.py:104} INFO - [2023-08-09 11:34:46,821] {dagbag.py:496} INFO - Filling up the DagBag from /home/airflow/.local/lib/python3.6/site-packages/airflow/example_dags/example_python_operator.py
[2023-08-09 11:34:46,938] {scheduler_job.py:643} INFO - DAG(s) dict_keys(['example_python_operator']) retrieved from /home/airflow/.local/lib/python3.6/site-packages/airflow/example_dags/example_python_operator.py
[2023-08-09 11:34:48,345] {logging_mixin.py:104} INFO - [2023-08-09 11:34:48,345] {dag.py:1833} INFO - Sync 1 DAGs
[2023-08-09 11:34:48,379] {logging_mixin.py:104} INFO - [2023-08-09 11:34:48,378] {dag.py:2306} INFO - Setting next_dagrun for example_python_operator to None
[2023-08-09 11:34:48,437] {scheduler_job.py:190} INFO - Processing /home/airflow/.local/lib/python3.6/site-packages/airflow/example_dags/example_python_operator.py took 1.706 seconds
[2023-08-09 11:35:18,738] {scheduler_job.py:182} INFO - Started process (PID=7489) to work on /home/airflow/.local/lib/python3.6/site-packages/airflow/example_dags/example_python_operator.py
[2023-08-09 11:35:18,751] {scheduler_job.py:633} INFO - Processing file /home/airflow/.local/lib/python3.6/site-packages/airflow/example_dags/example_python_operator.py for tasks to queue
[2023-08-09 11:35:18,753] {logging_mixin.py:104} INFO - [2023-08-09 11:35:18,752] {dagbag.py:496} INFO - Filling up the DagBag from /home/airflow/.local/lib/python3.6/site-packages/airflow/example_dags/example_python_operator.py
[2023-08-09 11:35:18,821] {scheduler_job.py:643} INFO - DAG(s) dict_keys(['example_python_operator']) retrieved from /home/airflow/.local/lib/python3.6/site-packages/airflow/example_dags/example_python_operator.py
[2023-08-09 11:35:18,904] {logging_mixin.py:104} INFO - [2023-08-09 11:35:18,904] {dag.py:1833} INFO - Sync 1 DAGs
[2023-08-09 11:35:18,958] {logging_mixin.py:104} INFO - [2023-08-09 11:35:18,957] {dag.py:2306} INFO - Setting next_dagrun for example_python_operator to None
[2023-08-09 11:35:18,988] {scheduler_job.py:190} INFO - Processing /home/airflow/.local/lib/python3.6/site-packages/airflow/example_dags/example_python_operator.py took 0.267 seconds
[2023-08-09 11:35:49,319] {scheduler_job.py:182} INFO - Started process (PID=7540) to work on /home/airflow/.local/lib/python3.6/site-packages/airflow/example_dags/example_python_operator.py
[2023-08-09 11:35:49,327] {scheduler_job.py:633} INFO - Processing file /home/airflow/.local/lib/python3.6/site-packages/airflow/example_dags/example_python_operator.py for tasks to queue
[2023-08-09 11:35:49,334] {logging_mixin.py:104} INFO - [2023-08-09 11:35:49,334] {dagbag.py:496} INFO - Filling up the DagBag from /home/airflow/.local/lib/python3.6/site-packages/airflow/example_dags/example_python_operator.py
[2023-08-09 11:35:49,395] {scheduler_job.py:643} INFO - DAG(s) dict_keys(['example_python_operator']) retrieved from /home/airflow/.local/lib/python3.6/site-packages/airflow/example_dags/example_python_operator.py
[2023-08-09 11:35:49,499] {logging_mixin.py:104} INFO - [2023-08-09 11:35:49,499] {dag.py:1833} INFO - Sync 1 DAGs
[2023-08-09 11:35:49,568] {logging_mixin.py:104} INFO - [2023-08-09 11:35:49,568] {dag.py:2306} INFO - Setting next_dagrun for example_python_operator to None
[2023-08-09 11:35:49,607] {scheduler_job.py:190} INFO - Processing /home/airflow/.local/lib/python3.6/site-packages/airflow/example_dags/example_python_operator.py took 0.308 seconds
[2023-08-09 11:36:19,883] {scheduler_job.py:182} INFO - Started process (PID=7591) to work on /home/airflow/.local/lib/python3.6/site-packages/airflow/example_dags/example_python_operator.py
[2023-08-09 11:36:19,893] {scheduler_job.py:633} INFO - Processing file /home/airflow/.local/lib/python3.6/site-packages/airflow/example_dags/example_python_operator.py for tasks to queue
[2023-08-09 11:36:19,898] {logging_mixin.py:104} INFO - [2023-08-09 11:36:19,897] {dagbag.py:496} INFO - Filling up the DagBag from /home/airflow/.local/lib/python3.6/site-packages/airflow/example_dags/example_python_operator.py
[2023-08-09 11:36:19,958] {scheduler_job.py:643} INFO - DAG(s) dict_keys(['example_python_operator']) retrieved from /home/airflow/.local/lib/python3.6/site-packages/airflow/example_dags/example_python_operator.py
[2023-08-09 11:36:20,019] {logging_mixin.py:104} INFO - [2023-08-09 11:36:20,019] {dag.py:1833} INFO - Sync 1 DAGs
[2023-08-09 11:36:20,069] {logging_mixin.py:104} INFO - [2023-08-09 11:36:20,068] {dag.py:2306} INFO - Setting next_dagrun for example_python_operator to None
[2023-08-09 11:36:20,108] {scheduler_job.py:190} INFO - Processing /home/airflow/.local/lib/python3.6/site-packages/airflow/example_dags/example_python_operator.py took 0.233 seconds
[2023-08-09 11:36:50,777] {scheduler_job.py:182} INFO - Started process (PID=7641) to work on /home/airflow/.local/lib/python3.6/site-packages/airflow/example_dags/example_python_operator.py
[2023-08-09 11:36:50,782] {scheduler_job.py:633} INFO - Processing file /home/airflow/.local/lib/python3.6/site-packages/airflow/example_dags/example_python_operator.py for tasks to queue
[2023-08-09 11:36:50,787] {logging_mixin.py:104} INFO - [2023-08-09 11:36:50,787] {dagbag.py:496} INFO - Filling up the DagBag from /home/airflow/.local/lib/python3.6/site-packages/airflow/example_dags/example_python_operator.py
[2023-08-09 11:36:50,865] {scheduler_job.py:643} INFO - DAG(s) dict_keys(['example_python_operator']) retrieved from /home/airflow/.local/lib/python3.6/site-packages/airflow/example_dags/example_python_operator.py
[2023-08-09 11:36:50,954] {logging_mixin.py:104} INFO - [2023-08-09 11:36:50,953] {dag.py:1833} INFO - Sync 1 DAGs
[2023-08-09 11:36:51,064] {logging_mixin.py:104} INFO - [2023-08-09 11:36:51,063] {dag.py:2306} INFO - Setting next_dagrun for example_python_operator to None
[2023-08-09 11:36:51,120] {scheduler_job.py:190} INFO - Processing /home/airflow/.local/lib/python3.6/site-packages/airflow/example_dags/example_python_operator.py took 0.354 seconds
[2023-08-09 11:37:21,511] {scheduler_job.py:182} INFO - Started process (PID=7695) to work on /home/airflow/.local/lib/python3.6/site-packages/airflow/example_dags/example_python_operator.py
[2023-08-09 11:37:21,516] {scheduler_job.py:633} INFO - Processing file /home/airflow/.local/lib/python3.6/site-packages/airflow/example_dags/example_python_operator.py for tasks to queue
[2023-08-09 11:37:21,521] {logging_mixin.py:104} INFO - [2023-08-09 11:37:21,521] {dagbag.py:496} INFO - Filling up the DagBag from /home/airflow/.local/lib/python3.6/site-packages/airflow/example_dags/example_python_operator.py
[2023-08-09 11:37:21,602] {scheduler_job.py:643} INFO - DAG(s) dict_keys(['example_python_operator']) retrieved from /home/airflow/.local/lib/python3.6/site-packages/airflow/example_dags/example_python_operator.py
[2023-08-09 11:37:21,679] {logging_mixin.py:104} INFO - [2023-08-09 11:37:21,679] {dag.py:1833} INFO - Sync 1 DAGs
[2023-08-09 11:37:21,709] {logging_mixin.py:104} INFO - [2023-08-09 11:37:21,709] {dag.py:2306} INFO - Setting next_dagrun for example_python_operator to None
[2023-08-09 11:37:21,731] {scheduler_job.py:190} INFO - Processing /home/airflow/.local/lib/python3.6/site-packages/airflow/example_dags/example_python_operator.py took 0.248 seconds
[2023-08-09 11:37:52,917] {scheduler_job.py:182} INFO - Started process (PID=7742) to work on /home/airflow/.local/lib/python3.6/site-packages/airflow/example_dags/example_python_operator.py
[2023-08-09 11:37:52,932] {scheduler_job.py:633} INFO - Processing file /home/airflow/.local/lib/python3.6/site-packages/airflow/example_dags/example_python_operator.py for tasks to queue
[2023-08-09 11:37:52,941] {logging_mixin.py:104} INFO - [2023-08-09 11:37:52,941] {dagbag.py:496} INFO - Filling up the DagBag from /home/airflow/.local/lib/python3.6/site-packages/airflow/example_dags/example_python_operator.py
[2023-08-09 11:37:53,101] {scheduler_job.py:643} INFO - DAG(s) dict_keys(['example_python_operator']) retrieved from /home/airflow/.local/lib/python3.6/site-packages/airflow/example_dags/example_python_operator.py
[2023-08-09 11:37:53,213] {logging_mixin.py:104} INFO - [2023-08-09 11:37:53,213] {dag.py:1833} INFO - Sync 1 DAGs
[2023-08-09 11:37:53,313] {logging_mixin.py:104} INFO - [2023-08-09 11:37:53,312] {dag.py:2306} INFO - Setting next_dagrun for example_python_operator to None
[2023-08-09 11:37:53,396] {scheduler_job.py:190} INFO - Processing /home/airflow/.local/lib/python3.6/site-packages/airflow/example_dags/example_python_operator.py took 0.513 seconds
[2023-08-09 11:38:24,339] {scheduler_job.py:182} INFO - Started process (PID=7784) to work on /home/airflow/.local/lib/python3.6/site-packages/airflow/example_dags/example_python_operator.py
[2023-08-09 11:38:24,344] {scheduler_job.py:633} INFO - Processing file /home/airflow/.local/lib/python3.6/site-packages/airflow/example_dags/example_python_operator.py for tasks to queue
[2023-08-09 11:38:24,356] {logging_mixin.py:104} INFO - [2023-08-09 11:38:24,356] {dagbag.py:496} INFO - Filling up the DagBag from /home/airflow/.local/lib/python3.6/site-packages/airflow/example_dags/example_python_operator.py
[2023-08-09 11:38:24,463] {scheduler_job.py:643} INFO - DAG(s) dict_keys(['example_python_operator']) retrieved from /home/airflow/.local/lib/python3.6/site-packages/airflow/example_dags/example_python_operator.py
[2023-08-09 11:38:24,533] {logging_mixin.py:104} INFO - [2023-08-09 11:38:24,533] {dag.py:1833} INFO - Sync 1 DAGs
[2023-08-09 11:38:24,561] {logging_mixin.py:104} INFO - [2023-08-09 11:38:24,560] {dag.py:2306} INFO - Setting next_dagrun for example_python_operator to None
[2023-08-09 11:38:24,583] {scheduler_job.py:190} INFO - Processing /home/airflow/.local/lib/python3.6/site-packages/airflow/example_dags/example_python_operator.py took 0.257 seconds
[2023-08-09 11:38:55,081] {scheduler_job.py:182} INFO - Started process (PID=7833) to work on /home/airflow/.local/lib/python3.6/site-packages/airflow/example_dags/example_python_operator.py
[2023-08-09 11:38:55,086] {scheduler_job.py:633} INFO - Processing file /home/airflow/.local/lib/python3.6/site-packages/airflow/example_dags/example_python_operator.py for tasks to queue
[2023-08-09 11:38:55,091] {logging_mixin.py:104} INFO - [2023-08-09 11:38:55,090] {dagbag.py:496} INFO - Filling up the DagBag from /home/airflow/.local/lib/python3.6/site-packages/airflow/example_dags/example_python_operator.py
[2023-08-09 11:38:55,139] {scheduler_job.py:643} INFO - DAG(s) dict_keys(['example_python_operator']) retrieved from /home/airflow/.local/lib/python3.6/site-packages/airflow/example_dags/example_python_operator.py
[2023-08-09 11:38:55,229] {logging_mixin.py:104} INFO - [2023-08-09 11:38:55,229] {dag.py:1833} INFO - Sync 1 DAGs
[2023-08-09 11:38:55,279] {logging_mixin.py:104} INFO - [2023-08-09 11:38:55,279] {dag.py:2306} INFO - Setting next_dagrun for example_python_operator to None
[2023-08-09 11:38:55,329] {scheduler_job.py:190} INFO - Processing /home/airflow/.local/lib/python3.6/site-packages/airflow/example_dags/example_python_operator.py took 0.263 seconds
[2023-08-09 16:25:57,188] {scheduler_job.py:182} INFO - Started process (PID=7922) to work on /home/airflow/.local/lib/python3.6/site-packages/airflow/example_dags/example_python_operator.py
[2023-08-09 16:25:57,194] {scheduler_job.py:633} INFO - Processing file /home/airflow/.local/lib/python3.6/site-packages/airflow/example_dags/example_python_operator.py for tasks to queue
[2023-08-09 16:25:57,199] {logging_mixin.py:104} INFO - [2023-08-09 16:25:57,199] {dagbag.py:496} INFO - Filling up the DagBag from /home/airflow/.local/lib/python3.6/site-packages/airflow/example_dags/example_python_operator.py
[2023-08-09 16:25:57,241] {scheduler_job.py:643} INFO - DAG(s) dict_keys(['example_python_operator']) retrieved from /home/airflow/.local/lib/python3.6/site-packages/airflow/example_dags/example_python_operator.py
[2023-08-09 16:25:57,297] {logging_mixin.py:104} INFO - [2023-08-09 16:25:57,297] {dag.py:1833} INFO - Sync 1 DAGs
[2023-08-09 16:25:57,332] {logging_mixin.py:104} INFO - [2023-08-09 16:25:57,332] {dag.py:2306} INFO - Setting next_dagrun for example_python_operator to None
[2023-08-09 16:25:57,360] {scheduler_job.py:190} INFO - Processing /home/airflow/.local/lib/python3.6/site-packages/airflow/example_dags/example_python_operator.py took 0.183 seconds
[2023-08-09 16:26:27,726] {scheduler_job.py:182} INFO - Started process (PID=7973) to work on /home/airflow/.local/lib/python3.6/site-packages/airflow/example_dags/example_python_operator.py
[2023-08-09 16:26:27,729] {scheduler_job.py:633} INFO - Processing file /home/airflow/.local/lib/python3.6/site-packages/airflow/example_dags/example_python_operator.py for tasks to queue
[2023-08-09 16:26:27,732] {logging_mixin.py:104} INFO - [2023-08-09 16:26:27,732] {dagbag.py:496} INFO - Filling up the DagBag from /home/airflow/.local/lib/python3.6/site-packages/airflow/example_dags/example_python_operator.py
[2023-08-09 16:26:27,765] {scheduler_job.py:643} INFO - DAG(s) dict_keys(['example_python_operator']) retrieved from /home/airflow/.local/lib/python3.6/site-packages/airflow/example_dags/example_python_operator.py
[2023-08-09 16:26:27,802] {logging_mixin.py:104} INFO - [2023-08-09 16:26:27,802] {dag.py:1833} INFO - Sync 1 DAGs
[2023-08-09 16:26:27,824] {logging_mixin.py:104} INFO - [2023-08-09 16:26:27,824] {dag.py:2306} INFO - Setting next_dagrun for example_python_operator to None
[2023-08-09 16:26:27,839] {scheduler_job.py:190} INFO - Processing /home/airflow/.local/lib/python3.6/site-packages/airflow/example_dags/example_python_operator.py took 0.119 seconds
[2023-08-09 16:26:58,365] {scheduler_job.py:182} INFO - Started process (PID=8025) to work on /home/airflow/.local/lib/python3.6/site-packages/airflow/example_dags/example_python_operator.py
[2023-08-09 16:26:58,369] {scheduler_job.py:633} INFO - Processing file /home/airflow/.local/lib/python3.6/site-packages/airflow/example_dags/example_python_operator.py for tasks to queue
[2023-08-09 16:26:58,372] {logging_mixin.py:104} INFO - [2023-08-09 16:26:58,371] {dagbag.py:496} INFO - Filling up the DagBag from /home/airflow/.local/lib/python3.6/site-packages/airflow/example_dags/example_python_operator.py
[2023-08-09 16:26:58,399] {scheduler_job.py:643} INFO - DAG(s) dict_keys(['example_python_operator']) retrieved from /home/airflow/.local/lib/python3.6/site-packages/airflow/example_dags/example_python_operator.py
[2023-08-09 16:26:58,443] {logging_mixin.py:104} INFO - [2023-08-09 16:26:58,442] {dag.py:1833} INFO - Sync 1 DAGs
[2023-08-09 16:26:58,466] {logging_mixin.py:104} INFO - [2023-08-09 16:26:58,466] {dag.py:2306} INFO - Setting next_dagrun for example_python_operator to None
[2023-08-09 16:26:58,482] {scheduler_job.py:190} INFO - Processing /home/airflow/.local/lib/python3.6/site-packages/airflow/example_dags/example_python_operator.py took 0.123 seconds
[2023-08-09 16:27:29,580] {scheduler_job.py:182} INFO - Started process (PID=8083) to work on /home/airflow/.local/lib/python3.6/site-packages/airflow/example_dags/example_python_operator.py
[2023-08-09 16:27:29,593] {scheduler_job.py:633} INFO - Processing file /home/airflow/.local/lib/python3.6/site-packages/airflow/example_dags/example_python_operator.py for tasks to queue
[2023-08-09 16:27:29,595] {logging_mixin.py:104} INFO - [2023-08-09 16:27:29,595] {dagbag.py:496} INFO - Filling up the DagBag from /home/airflow/.local/lib/python3.6/site-packages/airflow/example_dags/example_python_operator.py
[2023-08-09 16:27:29,647] {scheduler_job.py:643} INFO - DAG(s) dict_keys(['example_python_operator']) retrieved from /home/airflow/.local/lib/python3.6/site-packages/airflow/example_dags/example_python_operator.py
[2023-08-09 16:27:29,748] {logging_mixin.py:104} INFO - [2023-08-09 16:27:29,748] {dag.py:1833} INFO - Sync 1 DAGs
[2023-08-09 16:27:29,853] {logging_mixin.py:104} INFO - [2023-08-09 16:27:29,853] {dag.py:2306} INFO - Setting next_dagrun for example_python_operator to None
[2023-08-09 16:27:29,894] {scheduler_job.py:190} INFO - Processing /home/airflow/.local/lib/python3.6/site-packages/airflow/example_dags/example_python_operator.py took 0.330 seconds
[2023-08-09 16:28:00,952] {scheduler_job.py:182} INFO - Started process (PID=8135) to work on /home/airflow/.local/lib/python3.6/site-packages/airflow/example_dags/example_python_operator.py
[2023-08-09 16:28:00,960] {scheduler_job.py:633} INFO - Processing file /home/airflow/.local/lib/python3.6/site-packages/airflow/example_dags/example_python_operator.py for tasks to queue
[2023-08-09 16:28:00,963] {logging_mixin.py:104} INFO - [2023-08-09 16:28:00,963] {dagbag.py:496} INFO - Filling up the DagBag from /home/airflow/.local/lib/python3.6/site-packages/airflow/example_dags/example_python_operator.py
[2023-08-09 16:28:01,012] {scheduler_job.py:643} INFO - DAG(s) dict_keys(['example_python_operator']) retrieved from /home/airflow/.local/lib/python3.6/site-packages/airflow/example_dags/example_python_operator.py
[2023-08-09 16:28:01,058] {logging_mixin.py:104} INFO - [2023-08-09 16:28:01,058] {dag.py:1833} INFO - Sync 1 DAGs
[2023-08-09 16:28:01,088] {logging_mixin.py:104} INFO - [2023-08-09 16:28:01,088] {dag.py:2306} INFO - Setting next_dagrun for example_python_operator to None
[2023-08-09 16:28:01,116] {scheduler_job.py:190} INFO - Processing /home/airflow/.local/lib/python3.6/site-packages/airflow/example_dags/example_python_operator.py took 0.169 seconds
[2023-08-09 16:28:31,199] {scheduler_job.py:182} INFO - Started process (PID=8184) to work on /home/airflow/.local/lib/python3.6/site-packages/airflow/example_dags/example_python_operator.py
[2023-08-09 16:28:31,201] {scheduler_job.py:633} INFO - Processing file /home/airflow/.local/lib/python3.6/site-packages/airflow/example_dags/example_python_operator.py for tasks to queue
[2023-08-09 16:28:31,203] {logging_mixin.py:104} INFO - [2023-08-09 16:28:31,203] {dagbag.py:496} INFO - Filling up the DagBag from /home/airflow/.local/lib/python3.6/site-packages/airflow/example_dags/example_python_operator.py
[2023-08-09 16:28:31,221] {scheduler_job.py:643} INFO - DAG(s) dict_keys(['example_python_operator']) retrieved from /home/airflow/.local/lib/python3.6/site-packages/airflow/example_dags/example_python_operator.py
[2023-08-09 16:28:31,249] {logging_mixin.py:104} INFO - [2023-08-09 16:28:31,248] {dag.py:1833} INFO - Sync 1 DAGs
[2023-08-09 16:28:31,264] {logging_mixin.py:104} INFO - [2023-08-09 16:28:31,264] {dag.py:2306} INFO - Setting next_dagrun for example_python_operator to None
[2023-08-09 16:28:31,281] {scheduler_job.py:190} INFO - Processing /home/airflow/.local/lib/python3.6/site-packages/airflow/example_dags/example_python_operator.py took 0.089 seconds
[2023-08-09 16:29:02,122] {scheduler_job.py:182} INFO - Started process (PID=8236) to work on /home/airflow/.local/lib/python3.6/site-packages/airflow/example_dags/example_python_operator.py
[2023-08-09 16:29:02,124] {scheduler_job.py:633} INFO - Processing file /home/airflow/.local/lib/python3.6/site-packages/airflow/example_dags/example_python_operator.py for tasks to queue
[2023-08-09 16:29:02,127] {logging_mixin.py:104} INFO - [2023-08-09 16:29:02,126] {dagbag.py:496} INFO - Filling up the DagBag from /home/airflow/.local/lib/python3.6/site-packages/airflow/example_dags/example_python_operator.py
[2023-08-09 16:29:02,155] {scheduler_job.py:643} INFO - DAG(s) dict_keys(['example_python_operator']) retrieved from /home/airflow/.local/lib/python3.6/site-packages/airflow/example_dags/example_python_operator.py
[2023-08-09 16:29:02,197] {logging_mixin.py:104} INFO - [2023-08-09 16:29:02,196] {dag.py:1833} INFO - Sync 1 DAGs
[2023-08-09 16:29:02,221] {logging_mixin.py:104} INFO - [2023-08-09 16:29:02,221] {dag.py:2306} INFO - Setting next_dagrun for example_python_operator to None
[2023-08-09 16:29:02,241] {scheduler_job.py:190} INFO - Processing /home/airflow/.local/lib/python3.6/site-packages/airflow/example_dags/example_python_operator.py took 0.127 seconds
[2023-08-09 16:29:33,507] {scheduler_job.py:182} INFO - Started process (PID=8296) to work on /home/airflow/.local/lib/python3.6/site-packages/airflow/example_dags/example_python_operator.py
[2023-08-09 16:29:33,509] {scheduler_job.py:633} INFO - Processing file /home/airflow/.local/lib/python3.6/site-packages/airflow/example_dags/example_python_operator.py for tasks to queue
[2023-08-09 16:29:33,511] {logging_mixin.py:104} INFO - [2023-08-09 16:29:33,511] {dagbag.py:496} INFO - Filling up the DagBag from /home/airflow/.local/lib/python3.6/site-packages/airflow/example_dags/example_python_operator.py
[2023-08-09 16:29:33,534] {scheduler_job.py:643} INFO - DAG(s) dict_keys(['example_python_operator']) retrieved from /home/airflow/.local/lib/python3.6/site-packages/airflow/example_dags/example_python_operator.py
[2023-08-09 16:29:33,576] {logging_mixin.py:104} INFO - [2023-08-09 16:29:33,576] {dag.py:1833} INFO - Sync 1 DAGs
[2023-08-09 16:29:33,608] {logging_mixin.py:104} INFO - [2023-08-09 16:29:33,608] {dag.py:2306} INFO - Setting next_dagrun for example_python_operator to None
[2023-08-09 16:29:33,626] {scheduler_job.py:190} INFO - Processing /home/airflow/.local/lib/python3.6/site-packages/airflow/example_dags/example_python_operator.py took 0.131 seconds
[2023-08-09 16:30:04,743] {scheduler_job.py:182} INFO - Started process (PID=8347) to work on /home/airflow/.local/lib/python3.6/site-packages/airflow/example_dags/example_python_operator.py
[2023-08-09 16:30:04,745] {scheduler_job.py:633} INFO - Processing file /home/airflow/.local/lib/python3.6/site-packages/airflow/example_dags/example_python_operator.py for tasks to queue
[2023-08-09 16:30:04,748] {logging_mixin.py:104} INFO - [2023-08-09 16:30:04,748] {dagbag.py:496} INFO - Filling up the DagBag from /home/airflow/.local/lib/python3.6/site-packages/airflow/example_dags/example_python_operator.py
[2023-08-09 16:30:04,819] {scheduler_job.py:643} INFO - DAG(s) dict_keys(['example_python_operator']) retrieved from /home/airflow/.local/lib/python3.6/site-packages/airflow/example_dags/example_python_operator.py
[2023-08-09 16:30:04,897] {logging_mixin.py:104} INFO - [2023-08-09 16:30:04,897] {dag.py:1833} INFO - Sync 1 DAGs
[2023-08-09 16:30:04,940] {logging_mixin.py:104} INFO - [2023-08-09 16:30:04,940] {dag.py:2306} INFO - Setting next_dagrun for example_python_operator to None
[2023-08-09 16:30:04,977] {scheduler_job.py:190} INFO - Processing /home/airflow/.local/lib/python3.6/site-packages/airflow/example_dags/example_python_operator.py took 0.251 seconds
[2023-08-09 16:30:35,250] {scheduler_job.py:182} INFO - Started process (PID=8407) to work on /home/airflow/.local/lib/python3.6/site-packages/airflow/example_dags/example_python_operator.py
[2023-08-09 16:30:35,256] {scheduler_job.py:633} INFO - Processing file /home/airflow/.local/lib/python3.6/site-packages/airflow/example_dags/example_python_operator.py for tasks to queue
[2023-08-09 16:30:35,260] {logging_mixin.py:104} INFO - [2023-08-09 16:30:35,259] {dagbag.py:496} INFO - Filling up the DagBag from /home/airflow/.local/lib/python3.6/site-packages/airflow/example_dags/example_python_operator.py
[2023-08-09 16:30:35,291] {scheduler_job.py:643} INFO - DAG(s) dict_keys(['example_python_operator']) retrieved from /home/airflow/.local/lib/python3.6/site-packages/airflow/example_dags/example_python_operator.py
[2023-08-09 16:30:35,326] {logging_mixin.py:104} INFO - [2023-08-09 16:30:35,326] {dag.py:1833} INFO - Sync 1 DAGs
[2023-08-09 16:30:35,360] {logging_mixin.py:104} INFO - [2023-08-09 16:30:35,360] {dag.py:2306} INFO - Setting next_dagrun for example_python_operator to None
[2023-08-09 16:30:35,386] {scheduler_job.py:190} INFO - Processing /home/airflow/.local/lib/python3.6/site-packages/airflow/example_dags/example_python_operator.py took 0.142 seconds
[2023-08-09 16:31:05,984] {scheduler_job.py:182} INFO - Started process (PID=8459) to work on /home/airflow/.local/lib/python3.6/site-packages/airflow/example_dags/example_python_operator.py
[2023-08-09 16:31:05,997] {scheduler_job.py:633} INFO - Processing file /home/airflow/.local/lib/python3.6/site-packages/airflow/example_dags/example_python_operator.py for tasks to queue
[2023-08-09 16:31:06,001] {logging_mixin.py:104} INFO - [2023-08-09 16:31:06,000] {dagbag.py:496} INFO - Filling up the DagBag from /home/airflow/.local/lib/python3.6/site-packages/airflow/example_dags/example_python_operator.py
[2023-08-09 16:31:06,039] {scheduler_job.py:643} INFO - DAG(s) dict_keys(['example_python_operator']) retrieved from /home/airflow/.local/lib/python3.6/site-packages/airflow/example_dags/example_python_operator.py
[2023-08-09 16:31:06,129] {logging_mixin.py:104} INFO - [2023-08-09 16:31:06,129] {dag.py:1833} INFO - Sync 1 DAGs
[2023-08-09 16:31:06,158] {logging_mixin.py:104} INFO - [2023-08-09 16:31:06,158] {dag.py:2306} INFO - Setting next_dagrun for example_python_operator to None
[2023-08-09 16:31:06,177] {scheduler_job.py:190} INFO - Processing /home/airflow/.local/lib/python3.6/site-packages/airflow/example_dags/example_python_operator.py took 0.208 seconds
[2023-08-09 16:31:36,716] {scheduler_job.py:182} INFO - Started process (PID=8510) to work on /home/airflow/.local/lib/python3.6/site-packages/airflow/example_dags/example_python_operator.py
[2023-08-09 16:31:36,720] {scheduler_job.py:633} INFO - Processing file /home/airflow/.local/lib/python3.6/site-packages/airflow/example_dags/example_python_operator.py for tasks to queue
[2023-08-09 16:31:36,731] {logging_mixin.py:104} INFO - [2023-08-09 16:31:36,731] {dagbag.py:496} INFO - Filling up the DagBag from /home/airflow/.local/lib/python3.6/site-packages/airflow/example_dags/example_python_operator.py
[2023-08-09 16:31:36,763] {scheduler_job.py:643} INFO - DAG(s) dict_keys(['example_python_operator']) retrieved from /home/airflow/.local/lib/python3.6/site-packages/airflow/example_dags/example_python_operator.py
[2023-08-09 16:31:36,798] {logging_mixin.py:104} INFO - [2023-08-09 16:31:36,798] {dag.py:1833} INFO - Sync 1 DAGs
[2023-08-09 16:31:36,821] {logging_mixin.py:104} INFO - [2023-08-09 16:31:36,821] {dag.py:2306} INFO - Setting next_dagrun for example_python_operator to None
[2023-08-09 16:31:36,839] {scheduler_job.py:190} INFO - Processing /home/airflow/.local/lib/python3.6/site-packages/airflow/example_dags/example_python_operator.py took 0.132 seconds
[2023-08-09 16:32:07,535] {scheduler_job.py:182} INFO - Started process (PID=8561) to work on /home/airflow/.local/lib/python3.6/site-packages/airflow/example_dags/example_python_operator.py
[2023-08-09 16:32:07,538] {scheduler_job.py:633} INFO - Processing file /home/airflow/.local/lib/python3.6/site-packages/airflow/example_dags/example_python_operator.py for tasks to queue
[2023-08-09 16:32:07,540] {logging_mixin.py:104} INFO - [2023-08-09 16:32:07,540] {dagbag.py:496} INFO - Filling up the DagBag from /home/airflow/.local/lib/python3.6/site-packages/airflow/example_dags/example_python_operator.py
[2023-08-09 16:32:07,568] {scheduler_job.py:643} INFO - DAG(s) dict_keys(['example_python_operator']) retrieved from /home/airflow/.local/lib/python3.6/site-packages/airflow/example_dags/example_python_operator.py
[2023-08-09 16:32:07,614] {logging_mixin.py:104} INFO - [2023-08-09 16:32:07,614] {dag.py:1833} INFO - Sync 1 DAGs
[2023-08-09 16:32:07,637] {logging_mixin.py:104} INFO - [2023-08-09 16:32:07,637] {dag.py:2306} INFO - Setting next_dagrun for example_python_operator to None
[2023-08-09 16:32:07,662] {scheduler_job.py:190} INFO - Processing /home/airflow/.local/lib/python3.6/site-packages/airflow/example_dags/example_python_operator.py took 0.134 seconds
[2023-08-09 16:32:39,326] {scheduler_job.py:182} INFO - Started process (PID=8622) to work on /home/airflow/.local/lib/python3.6/site-packages/airflow/example_dags/example_python_operator.py
[2023-08-09 16:32:39,335] {scheduler_job.py:633} INFO - Processing file /home/airflow/.local/lib/python3.6/site-packages/airflow/example_dags/example_python_operator.py for tasks to queue
[2023-08-09 16:32:39,339] {logging_mixin.py:104} INFO - [2023-08-09 16:32:39,339] {dagbag.py:496} INFO - Filling up the DagBag from /home/airflow/.local/lib/python3.6/site-packages/airflow/example_dags/example_python_operator.py
[2023-08-09 16:32:39,387] {scheduler_job.py:643} INFO - DAG(s) dict_keys(['example_python_operator']) retrieved from /home/airflow/.local/lib/python3.6/site-packages/airflow/example_dags/example_python_operator.py
[2023-08-09 16:32:39,438] {logging_mixin.py:104} INFO - [2023-08-09 16:32:39,438] {dag.py:1833} INFO - Sync 1 DAGs
[2023-08-09 16:32:39,487] {logging_mixin.py:104} INFO - [2023-08-09 16:32:39,487] {dag.py:2306} INFO - Setting next_dagrun for example_python_operator to None
[2023-08-09 16:32:39,536] {scheduler_job.py:190} INFO - Processing /home/airflow/.local/lib/python3.6/site-packages/airflow/example_dags/example_python_operator.py took 0.215 seconds
[2023-08-09 16:33:09,668] {scheduler_job.py:182} INFO - Started process (PID=8674) to work on /home/airflow/.local/lib/python3.6/site-packages/airflow/example_dags/example_python_operator.py
[2023-08-09 16:33:09,671] {scheduler_job.py:633} INFO - Processing file /home/airflow/.local/lib/python3.6/site-packages/airflow/example_dags/example_python_operator.py for tasks to queue
[2023-08-09 16:33:09,673] {logging_mixin.py:104} INFO - [2023-08-09 16:33:09,672] {dagbag.py:496} INFO - Filling up the DagBag from /home/airflow/.local/lib/python3.6/site-packages/airflow/example_dags/example_python_operator.py
[2023-08-09 16:33:09,692] {scheduler_job.py:643} INFO - DAG(s) dict_keys(['example_python_operator']) retrieved from /home/airflow/.local/lib/python3.6/site-packages/airflow/example_dags/example_python_operator.py
[2023-08-09 16:33:09,727] {logging_mixin.py:104} INFO - [2023-08-09 16:33:09,726] {dag.py:1833} INFO - Sync 1 DAGs
[2023-08-09 16:33:09,745] {logging_mixin.py:104} INFO - [2023-08-09 16:33:09,745] {dag.py:2306} INFO - Setting next_dagrun for example_python_operator to None
[2023-08-09 16:33:09,765] {scheduler_job.py:190} INFO - Processing /home/airflow/.local/lib/python3.6/site-packages/airflow/example_dags/example_python_operator.py took 0.103 seconds
[2023-08-09 16:33:40,792] {scheduler_job.py:182} INFO - Started process (PID=8732) to work on /home/airflow/.local/lib/python3.6/site-packages/airflow/example_dags/example_python_operator.py
[2023-08-09 16:33:40,802] {scheduler_job.py:633} INFO - Processing file /home/airflow/.local/lib/python3.6/site-packages/airflow/example_dags/example_python_operator.py for tasks to queue
[2023-08-09 16:33:40,806] {logging_mixin.py:104} INFO - [2023-08-09 16:33:40,806] {dagbag.py:496} INFO - Filling up the DagBag from /home/airflow/.local/lib/python3.6/site-packages/airflow/example_dags/example_python_operator.py
[2023-08-09 16:33:40,850] {scheduler_job.py:643} INFO - DAG(s) dict_keys(['example_python_operator']) retrieved from /home/airflow/.local/lib/python3.6/site-packages/airflow/example_dags/example_python_operator.py
[2023-08-09 16:33:40,907] {logging_mixin.py:104} INFO - [2023-08-09 16:33:40,906] {dag.py:1833} INFO - Sync 1 DAGs
[2023-08-09 16:33:40,937] {logging_mixin.py:104} INFO - [2023-08-09 16:33:40,937] {dag.py:2306} INFO - Setting next_dagrun for example_python_operator to None
[2023-08-09 16:33:40,960] {scheduler_job.py:190} INFO - Processing /home/airflow/.local/lib/python3.6/site-packages/airflow/example_dags/example_python_operator.py took 0.173 seconds
[2023-08-09 16:34:11,042] {scheduler_job.py:182} INFO - Started process (PID=8786) to work on /home/airflow/.local/lib/python3.6/site-packages/airflow/example_dags/example_python_operator.py
[2023-08-09 16:34:11,044] {scheduler_job.py:633} INFO - Processing file /home/airflow/.local/lib/python3.6/site-packages/airflow/example_dags/example_python_operator.py for tasks to queue
[2023-08-09 16:34:11,046] {logging_mixin.py:104} INFO - [2023-08-09 16:34:11,046] {dagbag.py:496} INFO - Filling up the DagBag from /home/airflow/.local/lib/python3.6/site-packages/airflow/example_dags/example_python_operator.py
[2023-08-09 16:34:11,070] {scheduler_job.py:643} INFO - DAG(s) dict_keys(['example_python_operator']) retrieved from /home/airflow/.local/lib/python3.6/site-packages/airflow/example_dags/example_python_operator.py
[2023-08-09 16:34:11,105] {logging_mixin.py:104} INFO - [2023-08-09 16:34:11,105] {dag.py:1833} INFO - Sync 1 DAGs
[2023-08-09 16:34:11,125] {logging_mixin.py:104} INFO - [2023-08-09 16:34:11,125] {dag.py:2306} INFO - Setting next_dagrun for example_python_operator to None
[2023-08-09 16:34:11,144] {scheduler_job.py:190} INFO - Processing /home/airflow/.local/lib/python3.6/site-packages/airflow/example_dags/example_python_operator.py took 0.108 seconds
[2023-08-09 16:34:41,951] {scheduler_job.py:182} INFO - Started process (PID=8838) to work on /home/airflow/.local/lib/python3.6/site-packages/airflow/example_dags/example_python_operator.py
[2023-08-09 16:34:41,956] {scheduler_job.py:633} INFO - Processing file /home/airflow/.local/lib/python3.6/site-packages/airflow/example_dags/example_python_operator.py for tasks to queue
[2023-08-09 16:34:41,960] {logging_mixin.py:104} INFO - [2023-08-09 16:34:41,959] {dagbag.py:496} INFO - Filling up the DagBag from /home/airflow/.local/lib/python3.6/site-packages/airflow/example_dags/example_python_operator.py
[2023-08-09 16:34:42,028] {scheduler_job.py:643} INFO - DAG(s) dict_keys(['example_python_operator']) retrieved from /home/airflow/.local/lib/python3.6/site-packages/airflow/example_dags/example_python_operator.py
[2023-08-09 16:34:42,127] {logging_mixin.py:104} INFO - [2023-08-09 16:34:42,127] {dag.py:1833} INFO - Sync 1 DAGs
[2023-08-09 16:34:42,148] {logging_mixin.py:104} INFO - [2023-08-09 16:34:42,148] {dag.py:2306} INFO - Setting next_dagrun for example_python_operator to None
[2023-08-09 16:34:42,189] {scheduler_job.py:190} INFO - Processing /home/airflow/.local/lib/python3.6/site-packages/airflow/example_dags/example_python_operator.py took 0.254 seconds
[2023-08-09 16:35:13,603] {scheduler_job.py:182} INFO - Started process (PID=8896) to work on /home/airflow/.local/lib/python3.6/site-packages/airflow/example_dags/example_python_operator.py
[2023-08-09 16:35:13,606] {scheduler_job.py:633} INFO - Processing file /home/airflow/.local/lib/python3.6/site-packages/airflow/example_dags/example_python_operator.py for tasks to queue
[2023-08-09 16:35:13,615] {logging_mixin.py:104} INFO - [2023-08-09 16:35:13,615] {dagbag.py:496} INFO - Filling up the DagBag from /home/airflow/.local/lib/python3.6/site-packages/airflow/example_dags/example_python_operator.py
[2023-08-09 16:35:13,691] {scheduler_job.py:643} INFO - DAG(s) dict_keys(['example_python_operator']) retrieved from /home/airflow/.local/lib/python3.6/site-packages/airflow/example_dags/example_python_operator.py
[2023-08-09 16:35:13,770] {logging_mixin.py:104} INFO - [2023-08-09 16:35:13,770] {dag.py:1833} INFO - Sync 1 DAGs
[2023-08-09 16:35:13,808] {logging_mixin.py:104} INFO - [2023-08-09 16:35:13,808] {dag.py:2306} INFO - Setting next_dagrun for example_python_operator to None
[2023-08-09 16:35:13,836] {scheduler_job.py:190} INFO - Processing /home/airflow/.local/lib/python3.6/site-packages/airflow/example_dags/example_python_operator.py took 0.245 seconds
[2023-08-09 16:35:43,984] {scheduler_job.py:182} INFO - Started process (PID=8946) to work on /home/airflow/.local/lib/python3.6/site-packages/airflow/example_dags/example_python_operator.py
[2023-08-09 16:35:43,987] {scheduler_job.py:633} INFO - Processing file /home/airflow/.local/lib/python3.6/site-packages/airflow/example_dags/example_python_operator.py for tasks to queue
[2023-08-09 16:35:43,991] {logging_mixin.py:104} INFO - [2023-08-09 16:35:43,990] {dagbag.py:496} INFO - Filling up the DagBag from /home/airflow/.local/lib/python3.6/site-packages/airflow/example_dags/example_python_operator.py
[2023-08-09 16:35:44,021] {scheduler_job.py:643} INFO - DAG(s) dict_keys(['example_python_operator']) retrieved from /home/airflow/.local/lib/python3.6/site-packages/airflow/example_dags/example_python_operator.py
[2023-08-09 16:35:44,075] {logging_mixin.py:104} INFO - [2023-08-09 16:35:44,075] {dag.py:1833} INFO - Sync 1 DAGs
[2023-08-09 16:35:44,124] {logging_mixin.py:104} INFO - [2023-08-09 16:35:44,124] {dag.py:2306} INFO - Setting next_dagrun for example_python_operator to None
[2023-08-09 16:35:44,164] {scheduler_job.py:190} INFO - Processing /home/airflow/.local/lib/python3.6/site-packages/airflow/example_dags/example_python_operator.py took 0.188 seconds
[2023-08-09 16:36:15,055] {scheduler_job.py:182} INFO - Started process (PID=8997) to work on /home/airflow/.local/lib/python3.6/site-packages/airflow/example_dags/example_python_operator.py
[2023-08-09 16:36:15,059] {scheduler_job.py:633} INFO - Processing file /home/airflow/.local/lib/python3.6/site-packages/airflow/example_dags/example_python_operator.py for tasks to queue
[2023-08-09 16:36:15,062] {logging_mixin.py:104} INFO - [2023-08-09 16:36:15,062] {dagbag.py:496} INFO - Filling up the DagBag from /home/airflow/.local/lib/python3.6/site-packages/airflow/example_dags/example_python_operator.py
[2023-08-09 16:36:15,082] {scheduler_job.py:643} INFO - DAG(s) dict_keys(['example_python_operator']) retrieved from /home/airflow/.local/lib/python3.6/site-packages/airflow/example_dags/example_python_operator.py
[2023-08-09 16:36:15,121] {logging_mixin.py:104} INFO - [2023-08-09 16:36:15,121] {dag.py:1833} INFO - Sync 1 DAGs
[2023-08-09 16:36:15,241] {logging_mixin.py:104} INFO - [2023-08-09 16:36:15,241] {dag.py:2306} INFO - Setting next_dagrun for example_python_operator to None
[2023-08-09 16:36:15,492] {scheduler_job.py:190} INFO - Processing /home/airflow/.local/lib/python3.6/site-packages/airflow/example_dags/example_python_operator.py took 0.440 seconds
[2023-08-09 16:36:45,589] {scheduler_job.py:182} INFO - Started process (PID=9048) to work on /home/airflow/.local/lib/python3.6/site-packages/airflow/example_dags/example_python_operator.py
[2023-08-09 16:36:45,594] {scheduler_job.py:633} INFO - Processing file /home/airflow/.local/lib/python3.6/site-packages/airflow/example_dags/example_python_operator.py for tasks to queue
[2023-08-09 16:36:45,597] {logging_mixin.py:104} INFO - [2023-08-09 16:36:45,596] {dagbag.py:496} INFO - Filling up the DagBag from /home/airflow/.local/lib/python3.6/site-packages/airflow/example_dags/example_python_operator.py
[2023-08-09 16:36:45,623] {scheduler_job.py:643} INFO - DAG(s) dict_keys(['example_python_operator']) retrieved from /home/airflow/.local/lib/python3.6/site-packages/airflow/example_dags/example_python_operator.py
[2023-08-09 16:36:45,661] {logging_mixin.py:104} INFO - [2023-08-09 16:36:45,661] {dag.py:1833} INFO - Sync 1 DAGs
[2023-08-09 16:36:45,685] {logging_mixin.py:104} INFO - [2023-08-09 16:36:45,684] {dag.py:2306} INFO - Setting next_dagrun for example_python_operator to None
[2023-08-09 16:36:45,710] {scheduler_job.py:190} INFO - Processing /home/airflow/.local/lib/python3.6/site-packages/airflow/example_dags/example_python_operator.py took 0.128 seconds
[2023-08-09 16:37:16,626] {scheduler_job.py:182} INFO - Started process (PID=9108) to work on /home/airflow/.local/lib/python3.6/site-packages/airflow/example_dags/example_python_operator.py
[2023-08-09 16:37:16,636] {scheduler_job.py:633} INFO - Processing file /home/airflow/.local/lib/python3.6/site-packages/airflow/example_dags/example_python_operator.py for tasks to queue
[2023-08-09 16:37:16,638] {logging_mixin.py:104} INFO - [2023-08-09 16:37:16,638] {dagbag.py:496} INFO - Filling up the DagBag from /home/airflow/.local/lib/python3.6/site-packages/airflow/example_dags/example_python_operator.py
[2023-08-09 16:37:16,676] {scheduler_job.py:643} INFO - DAG(s) dict_keys(['example_python_operator']) retrieved from /home/airflow/.local/lib/python3.6/site-packages/airflow/example_dags/example_python_operator.py
[2023-08-09 16:37:16,712] {logging_mixin.py:104} INFO - [2023-08-09 16:37:16,712] {dag.py:1833} INFO - Sync 1 DAGs
[2023-08-09 16:37:16,735] {logging_mixin.py:104} INFO - [2023-08-09 16:37:16,735] {dag.py:2306} INFO - Setting next_dagrun for example_python_operator to None
[2023-08-09 16:37:16,751] {scheduler_job.py:190} INFO - Processing /home/airflow/.local/lib/python3.6/site-packages/airflow/example_dags/example_python_operator.py took 0.132 seconds
[2023-08-09 16:37:47,435] {scheduler_job.py:182} INFO - Started process (PID=9161) to work on /home/airflow/.local/lib/python3.6/site-packages/airflow/example_dags/example_python_operator.py
[2023-08-09 16:37:47,443] {scheduler_job.py:633} INFO - Processing file /home/airflow/.local/lib/python3.6/site-packages/airflow/example_dags/example_python_operator.py for tasks to queue
[2023-08-09 16:37:47,445] {logging_mixin.py:104} INFO - [2023-08-09 16:37:47,444] {dagbag.py:496} INFO - Filling up the DagBag from /home/airflow/.local/lib/python3.6/site-packages/airflow/example_dags/example_python_operator.py
[2023-08-09 16:37:47,488] {scheduler_job.py:643} INFO - DAG(s) dict_keys(['example_python_operator']) retrieved from /home/airflow/.local/lib/python3.6/site-packages/airflow/example_dags/example_python_operator.py
[2023-08-09 16:37:47,546] {logging_mixin.py:104} INFO - [2023-08-09 16:37:47,536] {dag.py:1833} INFO - Sync 1 DAGs
[2023-08-09 16:37:47,565] {logging_mixin.py:104} INFO - [2023-08-09 16:37:47,565] {dag.py:2306} INFO - Setting next_dagrun for example_python_operator to None
[2023-08-09 16:37:47,599] {scheduler_job.py:190} INFO - Processing /home/airflow/.local/lib/python3.6/site-packages/airflow/example_dags/example_python_operator.py took 0.170 seconds
[2023-08-09 16:38:18,973] {scheduler_job.py:182} INFO - Started process (PID=9212) to work on /home/airflow/.local/lib/python3.6/site-packages/airflow/example_dags/example_python_operator.py
[2023-08-09 16:38:18,976] {scheduler_job.py:633} INFO - Processing file /home/airflow/.local/lib/python3.6/site-packages/airflow/example_dags/example_python_operator.py for tasks to queue
[2023-08-09 16:38:18,978] {logging_mixin.py:104} INFO - [2023-08-09 16:38:18,978] {dagbag.py:496} INFO - Filling up the DagBag from /home/airflow/.local/lib/python3.6/site-packages/airflow/example_dags/example_python_operator.py
[2023-08-09 16:38:19,006] {scheduler_job.py:643} INFO - DAG(s) dict_keys(['example_python_operator']) retrieved from /home/airflow/.local/lib/python3.6/site-packages/airflow/example_dags/example_python_operator.py
[2023-08-09 16:38:19,050] {logging_mixin.py:104} INFO - [2023-08-09 16:38:19,050] {dag.py:1833} INFO - Sync 1 DAGs
[2023-08-09 16:38:19,075] {logging_mixin.py:104} INFO - [2023-08-09 16:38:19,075] {dag.py:2306} INFO - Setting next_dagrun for example_python_operator to None
[2023-08-09 16:38:19,103] {scheduler_job.py:190} INFO - Processing /home/airflow/.local/lib/python3.6/site-packages/airflow/example_dags/example_python_operator.py took 0.134 seconds
[2023-08-09 16:38:49,799] {scheduler_job.py:182} INFO - Started process (PID=9273) to work on /home/airflow/.local/lib/python3.6/site-packages/airflow/example_dags/example_python_operator.py
[2023-08-09 16:38:49,807] {scheduler_job.py:633} INFO - Processing file /home/airflow/.local/lib/python3.6/site-packages/airflow/example_dags/example_python_operator.py for tasks to queue
[2023-08-09 16:38:49,813] {logging_mixin.py:104} INFO - [2023-08-09 16:38:49,813] {dagbag.py:496} INFO - Filling up the DagBag from /home/airflow/.local/lib/python3.6/site-packages/airflow/example_dags/example_python_operator.py
[2023-08-09 16:38:49,865] {scheduler_job.py:643} INFO - DAG(s) dict_keys(['example_python_operator']) retrieved from /home/airflow/.local/lib/python3.6/site-packages/airflow/example_dags/example_python_operator.py
[2023-08-09 16:38:49,905] {logging_mixin.py:104} INFO - [2023-08-09 16:38:49,905] {dag.py:1833} INFO - Sync 1 DAGs
[2023-08-09 16:38:49,928] {logging_mixin.py:104} INFO - [2023-08-09 16:38:49,928] {dag.py:2306} INFO - Setting next_dagrun for example_python_operator to None
[2023-08-09 16:38:49,947] {scheduler_job.py:190} INFO - Processing /home/airflow/.local/lib/python3.6/site-packages/airflow/example_dags/example_python_operator.py took 0.163 seconds
[2023-08-09 16:39:20,106] {scheduler_job.py:182} INFO - Started process (PID=9323) to work on /home/airflow/.local/lib/python3.6/site-packages/airflow/example_dags/example_python_operator.py
[2023-08-09 16:39:20,109] {scheduler_job.py:633} INFO - Processing file /home/airflow/.local/lib/python3.6/site-packages/airflow/example_dags/example_python_operator.py for tasks to queue
[2023-08-09 16:39:20,113] {logging_mixin.py:104} INFO - [2023-08-09 16:39:20,113] {dagbag.py:496} INFO - Filling up the DagBag from /home/airflow/.local/lib/python3.6/site-packages/airflow/example_dags/example_python_operator.py
[2023-08-09 16:39:20,141] {scheduler_job.py:643} INFO - DAG(s) dict_keys(['example_python_operator']) retrieved from /home/airflow/.local/lib/python3.6/site-packages/airflow/example_dags/example_python_operator.py
[2023-08-09 16:39:20,180] {logging_mixin.py:104} INFO - [2023-08-09 16:39:20,180] {dag.py:1833} INFO - Sync 1 DAGs
[2023-08-09 16:39:20,203] {logging_mixin.py:104} INFO - [2023-08-09 16:39:20,202] {dag.py:2306} INFO - Setting next_dagrun for example_python_operator to None
[2023-08-09 16:39:20,221] {scheduler_job.py:190} INFO - Processing /home/airflow/.local/lib/python3.6/site-packages/airflow/example_dags/example_python_operator.py took 0.122 seconds
[2023-08-09 16:39:50,295] {scheduler_job.py:182} INFO - Started process (PID=9372) to work on /home/airflow/.local/lib/python3.6/site-packages/airflow/example_dags/example_python_operator.py
[2023-08-09 16:39:50,298] {scheduler_job.py:633} INFO - Processing file /home/airflow/.local/lib/python3.6/site-packages/airflow/example_dags/example_python_operator.py for tasks to queue
[2023-08-09 16:39:50,301] {logging_mixin.py:104} INFO - [2023-08-09 16:39:50,300] {dagbag.py:496} INFO - Filling up the DagBag from /home/airflow/.local/lib/python3.6/site-packages/airflow/example_dags/example_python_operator.py
[2023-08-09 16:39:50,341] {scheduler_job.py:643} INFO - DAG(s) dict_keys(['example_python_operator']) retrieved from /home/airflow/.local/lib/python3.6/site-packages/airflow/example_dags/example_python_operator.py
[2023-08-09 16:39:50,388] {logging_mixin.py:104} INFO - [2023-08-09 16:39:50,387] {dag.py:1833} INFO - Sync 1 DAGs
[2023-08-09 16:39:50,406] {logging_mixin.py:104} INFO - [2023-08-09 16:39:50,406] {dag.py:2306} INFO - Setting next_dagrun for example_python_operator to None
[2023-08-09 16:39:50,421] {scheduler_job.py:190} INFO - Processing /home/airflow/.local/lib/python3.6/site-packages/airflow/example_dags/example_python_operator.py took 0.134 seconds
[2023-08-09 16:40:20,638] {scheduler_job.py:182} INFO - Started process (PID=9421) to work on /home/airflow/.local/lib/python3.6/site-packages/airflow/example_dags/example_python_operator.py
[2023-08-09 16:40:20,641] {scheduler_job.py:633} INFO - Processing file /home/airflow/.local/lib/python3.6/site-packages/airflow/example_dags/example_python_operator.py for tasks to queue
[2023-08-09 16:40:20,643] {logging_mixin.py:104} INFO - [2023-08-09 16:40:20,643] {dagbag.py:496} INFO - Filling up the DagBag from /home/airflow/.local/lib/python3.6/site-packages/airflow/example_dags/example_python_operator.py
[2023-08-09 16:40:20,668] {scheduler_job.py:643} INFO - DAG(s) dict_keys(['example_python_operator']) retrieved from /home/airflow/.local/lib/python3.6/site-packages/airflow/example_dags/example_python_operator.py
[2023-08-09 16:40:20,699] {logging_mixin.py:104} INFO - [2023-08-09 16:40:20,699] {dag.py:1833} INFO - Sync 1 DAGs
[2023-08-09 16:40:20,717] {logging_mixin.py:104} INFO - [2023-08-09 16:40:20,717] {dag.py:2306} INFO - Setting next_dagrun for example_python_operator to None
[2023-08-09 16:40:20,738] {scheduler_job.py:190} INFO - Processing /home/airflow/.local/lib/python3.6/site-packages/airflow/example_dags/example_python_operator.py took 0.107 seconds
[2023-08-09 16:40:51,056] {scheduler_job.py:182} INFO - Started process (PID=9471) to work on /home/airflow/.local/lib/python3.6/site-packages/airflow/example_dags/example_python_operator.py
[2023-08-09 16:40:51,059] {scheduler_job.py:633} INFO - Processing file /home/airflow/.local/lib/python3.6/site-packages/airflow/example_dags/example_python_operator.py for tasks to queue
[2023-08-09 16:40:51,062] {logging_mixin.py:104} INFO - [2023-08-09 16:40:51,062] {dagbag.py:496} INFO - Filling up the DagBag from /home/airflow/.local/lib/python3.6/site-packages/airflow/example_dags/example_python_operator.py
[2023-08-09 16:40:51,092] {scheduler_job.py:643} INFO - DAG(s) dict_keys(['example_python_operator']) retrieved from /home/airflow/.local/lib/python3.6/site-packages/airflow/example_dags/example_python_operator.py
[2023-08-09 16:40:51,143] {logging_mixin.py:104} INFO - [2023-08-09 16:40:51,143] {dag.py:1833} INFO - Sync 1 DAGs
[2023-08-09 16:40:51,170] {logging_mixin.py:104} INFO - [2023-08-09 16:40:51,170] {dag.py:2306} INFO - Setting next_dagrun for example_python_operator to None
[2023-08-09 16:40:51,187] {scheduler_job.py:190} INFO - Processing /home/airflow/.local/lib/python3.6/site-packages/airflow/example_dags/example_python_operator.py took 0.140 seconds
[2023-08-09 16:41:21,346] {scheduler_job.py:182} INFO - Started process (PID=9533) to work on /home/airflow/.local/lib/python3.6/site-packages/airflow/example_dags/example_python_operator.py
[2023-08-09 16:41:21,353] {scheduler_job.py:633} INFO - Processing file /home/airflow/.local/lib/python3.6/site-packages/airflow/example_dags/example_python_operator.py for tasks to queue
[2023-08-09 16:41:21,355] {logging_mixin.py:104} INFO - [2023-08-09 16:41:21,354] {dagbag.py:496} INFO - Filling up the DagBag from /home/airflow/.local/lib/python3.6/site-packages/airflow/example_dags/example_python_operator.py
[2023-08-09 16:41:21,420] {scheduler_job.py:643} INFO - DAG(s) dict_keys(['example_python_operator']) retrieved from /home/airflow/.local/lib/python3.6/site-packages/airflow/example_dags/example_python_operator.py
[2023-08-09 16:41:21,517] {logging_mixin.py:104} INFO - [2023-08-09 16:41:21,517] {dag.py:1833} INFO - Sync 1 DAGs
[2023-08-09 16:41:21,567] {logging_mixin.py:104} INFO - [2023-08-09 16:41:21,567] {dag.py:2306} INFO - Setting next_dagrun for example_python_operator to None
[2023-08-09 16:41:21,607] {scheduler_job.py:190} INFO - Processing /home/airflow/.local/lib/python3.6/site-packages/airflow/example_dags/example_python_operator.py took 0.274 seconds
[2023-08-09 16:41:52,352] {scheduler_job.py:182} INFO - Started process (PID=9584) to work on /home/airflow/.local/lib/python3.6/site-packages/airflow/example_dags/example_python_operator.py
[2023-08-09 16:41:52,358] {scheduler_job.py:633} INFO - Processing file /home/airflow/.local/lib/python3.6/site-packages/airflow/example_dags/example_python_operator.py for tasks to queue
[2023-08-09 16:41:52,361] {logging_mixin.py:104} INFO - [2023-08-09 16:41:52,361] {dagbag.py:496} INFO - Filling up the DagBag from /home/airflow/.local/lib/python3.6/site-packages/airflow/example_dags/example_python_operator.py
[2023-08-09 16:41:52,398] {scheduler_job.py:643} INFO - DAG(s) dict_keys(['example_python_operator']) retrieved from /home/airflow/.local/lib/python3.6/site-packages/airflow/example_dags/example_python_operator.py
[2023-08-09 16:41:52,471] {logging_mixin.py:104} INFO - [2023-08-09 16:41:52,470] {dag.py:1833} INFO - Sync 1 DAGs
[2023-08-09 16:41:52,503] {logging_mixin.py:104} INFO - [2023-08-09 16:41:52,503] {dag.py:2306} INFO - Setting next_dagrun for example_python_operator to None
[2023-08-09 16:41:52,518] {scheduler_job.py:190} INFO - Processing /home/airflow/.local/lib/python3.6/site-packages/airflow/example_dags/example_python_operator.py took 0.176 seconds
[2023-08-09 16:42:22,595] {scheduler_job.py:182} INFO - Started process (PID=9634) to work on /home/airflow/.local/lib/python3.6/site-packages/airflow/example_dags/example_python_operator.py
[2023-08-09 16:42:22,599] {scheduler_job.py:633} INFO - Processing file /home/airflow/.local/lib/python3.6/site-packages/airflow/example_dags/example_python_operator.py for tasks to queue
[2023-08-09 16:42:22,602] {logging_mixin.py:104} INFO - [2023-08-09 16:42:22,602] {dagbag.py:496} INFO - Filling up the DagBag from /home/airflow/.local/lib/python3.6/site-packages/airflow/example_dags/example_python_operator.py
[2023-08-09 16:42:22,629] {scheduler_job.py:643} INFO - DAG(s) dict_keys(['example_python_operator']) retrieved from /home/airflow/.local/lib/python3.6/site-packages/airflow/example_dags/example_python_operator.py
[2023-08-09 16:42:22,670] {logging_mixin.py:104} INFO - [2023-08-09 16:42:22,669] {dag.py:1833} INFO - Sync 1 DAGs
[2023-08-09 16:42:22,692] {logging_mixin.py:104} INFO - [2023-08-09 16:42:22,692] {dag.py:2306} INFO - Setting next_dagrun for example_python_operator to None
[2023-08-09 16:42:22,708] {scheduler_job.py:190} INFO - Processing /home/airflow/.local/lib/python3.6/site-packages/airflow/example_dags/example_python_operator.py took 0.119 seconds
[2023-08-09 16:42:53,341] {scheduler_job.py:182} INFO - Started process (PID=9696) to work on /home/airflow/.local/lib/python3.6/site-packages/airflow/example_dags/example_python_operator.py
[2023-08-09 16:42:53,346] {scheduler_job.py:633} INFO - Processing file /home/airflow/.local/lib/python3.6/site-packages/airflow/example_dags/example_python_operator.py for tasks to queue
[2023-08-09 16:42:53,349] {logging_mixin.py:104} INFO - [2023-08-09 16:42:53,348] {dagbag.py:496} INFO - Filling up the DagBag from /home/airflow/.local/lib/python3.6/site-packages/airflow/example_dags/example_python_operator.py
[2023-08-09 16:42:53,369] {scheduler_job.py:643} INFO - DAG(s) dict_keys(['example_python_operator']) retrieved from /home/airflow/.local/lib/python3.6/site-packages/airflow/example_dags/example_python_operator.py
[2023-08-09 16:42:53,405] {logging_mixin.py:104} INFO - [2023-08-09 16:42:53,405] {dag.py:1833} INFO - Sync 1 DAGs
[2023-08-09 16:42:53,422] {logging_mixin.py:104} INFO - [2023-08-09 16:42:53,422] {dag.py:2306} INFO - Setting next_dagrun for example_python_operator to None
[2023-08-09 16:42:53,437] {scheduler_job.py:190} INFO - Processing /home/airflow/.local/lib/python3.6/site-packages/airflow/example_dags/example_python_operator.py took 0.102 seconds
[2023-08-09 16:43:23,891] {scheduler_job.py:182} INFO - Started process (PID=9746) to work on /home/airflow/.local/lib/python3.6/site-packages/airflow/example_dags/example_python_operator.py
[2023-08-09 16:43:23,894] {scheduler_job.py:633} INFO - Processing file /home/airflow/.local/lib/python3.6/site-packages/airflow/example_dags/example_python_operator.py for tasks to queue
[2023-08-09 16:43:23,896] {logging_mixin.py:104} INFO - [2023-08-09 16:43:23,896] {dagbag.py:496} INFO - Filling up the DagBag from /home/airflow/.local/lib/python3.6/site-packages/airflow/example_dags/example_python_operator.py
[2023-08-09 16:43:23,919] {scheduler_job.py:643} INFO - DAG(s) dict_keys(['example_python_operator']) retrieved from /home/airflow/.local/lib/python3.6/site-packages/airflow/example_dags/example_python_operator.py
[2023-08-09 16:43:23,951] {logging_mixin.py:104} INFO - [2023-08-09 16:43:23,951] {dag.py:1833} INFO - Sync 1 DAGs
[2023-08-09 16:43:23,968] {logging_mixin.py:104} INFO - [2023-08-09 16:43:23,968] {dag.py:2306} INFO - Setting next_dagrun for example_python_operator to None
[2023-08-09 16:43:23,984] {scheduler_job.py:190} INFO - Processing /home/airflow/.local/lib/python3.6/site-packages/airflow/example_dags/example_python_operator.py took 0.100 seconds
[2023-08-09 16:43:55,771] {scheduler_job.py:182} INFO - Started process (PID=9804) to work on /home/airflow/.local/lib/python3.6/site-packages/airflow/example_dags/example_python_operator.py
[2023-08-09 16:43:55,788] {scheduler_job.py:633} INFO - Processing file /home/airflow/.local/lib/python3.6/site-packages/airflow/example_dags/example_python_operator.py for tasks to queue
[2023-08-09 16:43:55,791] {logging_mixin.py:104} INFO - [2023-08-09 16:43:55,791] {dagbag.py:496} INFO - Filling up the DagBag from /home/airflow/.local/lib/python3.6/site-packages/airflow/example_dags/example_python_operator.py
[2023-08-09 16:43:55,937] {scheduler_job.py:643} INFO - DAG(s) dict_keys(['example_python_operator']) retrieved from /home/airflow/.local/lib/python3.6/site-packages/airflow/example_dags/example_python_operator.py
[2023-08-09 16:43:55,994] {logging_mixin.py:104} INFO - [2023-08-09 16:43:55,994] {dag.py:1833} INFO - Sync 1 DAGs
[2023-08-09 16:43:56,025] {logging_mixin.py:104} INFO - [2023-08-09 16:43:56,025] {dag.py:2306} INFO - Setting next_dagrun for example_python_operator to None
[2023-08-09 16:43:56,054] {scheduler_job.py:190} INFO - Processing /home/airflow/.local/lib/python3.6/site-packages/airflow/example_dags/example_python_operator.py took 0.306 seconds
[2023-08-09 16:44:26,557] {scheduler_job.py:182} INFO - Started process (PID=9857) to work on /home/airflow/.local/lib/python3.6/site-packages/airflow/example_dags/example_python_operator.py
[2023-08-09 16:44:26,562] {scheduler_job.py:633} INFO - Processing file /home/airflow/.local/lib/python3.6/site-packages/airflow/example_dags/example_python_operator.py for tasks to queue
[2023-08-09 16:44:26,565] {logging_mixin.py:104} INFO - [2023-08-09 16:44:26,565] {dagbag.py:496} INFO - Filling up the DagBag from /home/airflow/.local/lib/python3.6/site-packages/airflow/example_dags/example_python_operator.py
[2023-08-09 16:44:26,590] {scheduler_job.py:643} INFO - DAG(s) dict_keys(['example_python_operator']) retrieved from /home/airflow/.local/lib/python3.6/site-packages/airflow/example_dags/example_python_operator.py
[2023-08-09 16:44:26,621] {logging_mixin.py:104} INFO - [2023-08-09 16:44:26,621] {dag.py:1833} INFO - Sync 1 DAGs
[2023-08-09 16:44:26,638] {logging_mixin.py:104} INFO - [2023-08-09 16:44:26,638] {dag.py:2306} INFO - Setting next_dagrun for example_python_operator to None
[2023-08-09 16:44:26,653] {scheduler_job.py:190} INFO - Processing /home/airflow/.local/lib/python3.6/site-packages/airflow/example_dags/example_python_operator.py took 0.104 seconds
[2023-08-09 16:44:57,444] {scheduler_job.py:182} INFO - Started process (PID=9908) to work on /home/airflow/.local/lib/python3.6/site-packages/airflow/example_dags/example_python_operator.py
[2023-08-09 16:44:57,448] {scheduler_job.py:633} INFO - Processing file /home/airflow/.local/lib/python3.6/site-packages/airflow/example_dags/example_python_operator.py for tasks to queue
[2023-08-09 16:44:57,451] {logging_mixin.py:104} INFO - [2023-08-09 16:44:57,450] {dagbag.py:496} INFO - Filling up the DagBag from /home/airflow/.local/lib/python3.6/site-packages/airflow/example_dags/example_python_operator.py
[2023-08-09 16:44:57,482] {scheduler_job.py:643} INFO - DAG(s) dict_keys(['example_python_operator']) retrieved from /home/airflow/.local/lib/python3.6/site-packages/airflow/example_dags/example_python_operator.py
[2023-08-09 16:44:57,530] {logging_mixin.py:104} INFO - [2023-08-09 16:44:57,530] {dag.py:1833} INFO - Sync 1 DAGs
[2023-08-09 16:44:57,556] {logging_mixin.py:104} INFO - [2023-08-09 16:44:57,556] {dag.py:2306} INFO - Setting next_dagrun for example_python_operator to None
[2023-08-09 16:44:57,592] {scheduler_job.py:190} INFO - Processing /home/airflow/.local/lib/python3.6/site-packages/airflow/example_dags/example_python_operator.py took 0.156 seconds
[2023-08-09 16:45:28,497] {scheduler_job.py:182} INFO - Started process (PID=9971) to work on /home/airflow/.local/lib/python3.6/site-packages/airflow/example_dags/example_python_operator.py
[2023-08-09 16:45:28,500] {scheduler_job.py:633} INFO - Processing file /home/airflow/.local/lib/python3.6/site-packages/airflow/example_dags/example_python_operator.py for tasks to queue
[2023-08-09 16:45:28,502] {logging_mixin.py:104} INFO - [2023-08-09 16:45:28,501] {dagbag.py:496} INFO - Filling up the DagBag from /home/airflow/.local/lib/python3.6/site-packages/airflow/example_dags/example_python_operator.py
[2023-08-09 16:45:28,523] {scheduler_job.py:643} INFO - DAG(s) dict_keys(['example_python_operator']) retrieved from /home/airflow/.local/lib/python3.6/site-packages/airflow/example_dags/example_python_operator.py
[2023-08-09 16:45:28,553] {logging_mixin.py:104} INFO - [2023-08-09 16:45:28,553] {dag.py:1833} INFO - Sync 1 DAGs
[2023-08-09 16:45:28,569] {logging_mixin.py:104} INFO - [2023-08-09 16:45:28,569] {dag.py:2306} INFO - Setting next_dagrun for example_python_operator to None
[2023-08-09 16:45:28,584] {scheduler_job.py:190} INFO - Processing /home/airflow/.local/lib/python3.6/site-packages/airflow/example_dags/example_python_operator.py took 0.093 seconds
[2023-08-09 16:45:59,268] {scheduler_job.py:182} INFO - Started process (PID=10020) to work on /home/airflow/.local/lib/python3.6/site-packages/airflow/example_dags/example_python_operator.py
[2023-08-09 16:45:59,274] {scheduler_job.py:633} INFO - Processing file /home/airflow/.local/lib/python3.6/site-packages/airflow/example_dags/example_python_operator.py for tasks to queue
[2023-08-09 16:45:59,278] {logging_mixin.py:104} INFO - [2023-08-09 16:45:59,278] {dagbag.py:496} INFO - Filling up the DagBag from /home/airflow/.local/lib/python3.6/site-packages/airflow/example_dags/example_python_operator.py
[2023-08-09 16:45:59,343] {scheduler_job.py:643} INFO - DAG(s) dict_keys(['example_python_operator']) retrieved from /home/airflow/.local/lib/python3.6/site-packages/airflow/example_dags/example_python_operator.py
[2023-08-09 16:45:59,391] {logging_mixin.py:104} INFO - [2023-08-09 16:45:59,390] {dag.py:1833} INFO - Sync 1 DAGs
[2023-08-09 16:45:59,422] {logging_mixin.py:104} INFO - [2023-08-09 16:45:59,422] {dag.py:2306} INFO - Setting next_dagrun for example_python_operator to None
[2023-08-09 16:45:59,450] {scheduler_job.py:190} INFO - Processing /home/airflow/.local/lib/python3.6/site-packages/airflow/example_dags/example_python_operator.py took 0.196 seconds
[2023-08-09 16:46:30,914] {scheduler_job.py:182} INFO - Started process (PID=10082) to work on /home/airflow/.local/lib/python3.6/site-packages/airflow/example_dags/example_python_operator.py
[2023-08-09 16:46:30,919] {scheduler_job.py:633} INFO - Processing file /home/airflow/.local/lib/python3.6/site-packages/airflow/example_dags/example_python_operator.py for tasks to queue
[2023-08-09 16:46:30,928] {logging_mixin.py:104} INFO - [2023-08-09 16:46:30,928] {dagbag.py:496} INFO - Filling up the DagBag from /home/airflow/.local/lib/python3.6/site-packages/airflow/example_dags/example_python_operator.py
[2023-08-09 16:46:30,975] {scheduler_job.py:643} INFO - DAG(s) dict_keys(['example_python_operator']) retrieved from /home/airflow/.local/lib/python3.6/site-packages/airflow/example_dags/example_python_operator.py
[2023-08-09 16:46:31,020] {logging_mixin.py:104} INFO - [2023-08-09 16:46:31,019] {dag.py:1833} INFO - Sync 1 DAGs
[2023-08-09 16:46:31,038] {logging_mixin.py:104} INFO - [2023-08-09 16:46:31,038] {dag.py:2306} INFO - Setting next_dagrun for example_python_operator to None
[2023-08-09 16:46:31,056] {scheduler_job.py:190} INFO - Processing /home/airflow/.local/lib/python3.6/site-packages/airflow/example_dags/example_python_operator.py took 0.153 seconds
[2023-08-09 16:47:01,634] {scheduler_job.py:182} INFO - Started process (PID=10131) to work on /home/airflow/.local/lib/python3.6/site-packages/airflow/example_dags/example_python_operator.py
[2023-08-09 16:47:01,638] {scheduler_job.py:633} INFO - Processing file /home/airflow/.local/lib/python3.6/site-packages/airflow/example_dags/example_python_operator.py for tasks to queue
[2023-08-09 16:47:01,642] {logging_mixin.py:104} INFO - [2023-08-09 16:47:01,641] {dagbag.py:496} INFO - Filling up the DagBag from /home/airflow/.local/lib/python3.6/site-packages/airflow/example_dags/example_python_operator.py
[2023-08-09 16:47:01,671] {scheduler_job.py:643} INFO - DAG(s) dict_keys(['example_python_operator']) retrieved from /home/airflow/.local/lib/python3.6/site-packages/airflow/example_dags/example_python_operator.py
[2023-08-09 16:47:01,712] {logging_mixin.py:104} INFO - [2023-08-09 16:47:01,711] {dag.py:1833} INFO - Sync 1 DAGs
[2023-08-09 16:47:01,732] {logging_mixin.py:104} INFO - [2023-08-09 16:47:01,732] {dag.py:2306} INFO - Setting next_dagrun for example_python_operator to None
[2023-08-09 16:47:01,749] {scheduler_job.py:190} INFO - Processing /home/airflow/.local/lib/python3.6/site-packages/airflow/example_dags/example_python_operator.py took 0.123 seconds
[2023-08-09 16:47:32,260] {scheduler_job.py:182} INFO - Started process (PID=10182) to work on /home/airflow/.local/lib/python3.6/site-packages/airflow/example_dags/example_python_operator.py
[2023-08-09 16:47:32,263] {scheduler_job.py:633} INFO - Processing file /home/airflow/.local/lib/python3.6/site-packages/airflow/example_dags/example_python_operator.py for tasks to queue
[2023-08-09 16:47:32,265] {logging_mixin.py:104} INFO - [2023-08-09 16:47:32,264] {dagbag.py:496} INFO - Filling up the DagBag from /home/airflow/.local/lib/python3.6/site-packages/airflow/example_dags/example_python_operator.py
[2023-08-09 16:47:32,290] {scheduler_job.py:643} INFO - DAG(s) dict_keys(['example_python_operator']) retrieved from /home/airflow/.local/lib/python3.6/site-packages/airflow/example_dags/example_python_operator.py
[2023-08-09 16:47:32,326] {logging_mixin.py:104} INFO - [2023-08-09 16:47:32,326] {dag.py:1833} INFO - Sync 1 DAGs
[2023-08-09 16:47:32,350] {logging_mixin.py:104} INFO - [2023-08-09 16:47:32,350] {dag.py:2306} INFO - Setting next_dagrun for example_python_operator to None
[2023-08-09 16:47:32,369] {scheduler_job.py:190} INFO - Processing /home/airflow/.local/lib/python3.6/site-packages/airflow/example_dags/example_python_operator.py took 0.116 seconds
[2023-08-09 16:48:04,668] {scheduler_job.py:182} INFO - Started process (PID=10243) to work on /home/airflow/.local/lib/python3.6/site-packages/airflow/example_dags/example_python_operator.py
[2023-08-09 16:48:04,672] {scheduler_job.py:633} INFO - Processing file /home/airflow/.local/lib/python3.6/site-packages/airflow/example_dags/example_python_operator.py for tasks to queue
[2023-08-09 16:48:04,675] {logging_mixin.py:104} INFO - [2023-08-09 16:48:04,675] {dagbag.py:496} INFO - Filling up the DagBag from /home/airflow/.local/lib/python3.6/site-packages/airflow/example_dags/example_python_operator.py
[2023-08-09 16:48:04,719] {scheduler_job.py:643} INFO - DAG(s) dict_keys(['example_python_operator']) retrieved from /home/airflow/.local/lib/python3.6/site-packages/airflow/example_dags/example_python_operator.py
[2023-08-09 16:48:04,773] {logging_mixin.py:104} INFO - [2023-08-09 16:48:04,773] {dag.py:1833} INFO - Sync 1 DAGs
[2023-08-09 16:48:04,801] {logging_mixin.py:104} INFO - [2023-08-09 16:48:04,801] {dag.py:2306} INFO - Setting next_dagrun for example_python_operator to None
[2023-08-09 16:48:04,825] {scheduler_job.py:190} INFO - Processing /home/airflow/.local/lib/python3.6/site-packages/airflow/example_dags/example_python_operator.py took 0.169 seconds
[2023-08-09 16:48:35,310] {scheduler_job.py:182} INFO - Started process (PID=10294) to work on /home/airflow/.local/lib/python3.6/site-packages/airflow/example_dags/example_python_operator.py
[2023-08-09 16:48:35,315] {scheduler_job.py:633} INFO - Processing file /home/airflow/.local/lib/python3.6/site-packages/airflow/example_dags/example_python_operator.py for tasks to queue
[2023-08-09 16:48:35,320] {logging_mixin.py:104} INFO - [2023-08-09 16:48:35,320] {dagbag.py:496} INFO - Filling up the DagBag from /home/airflow/.local/lib/python3.6/site-packages/airflow/example_dags/example_python_operator.py
[2023-08-09 16:48:35,384] {scheduler_job.py:643} INFO - DAG(s) dict_keys(['example_python_operator']) retrieved from /home/airflow/.local/lib/python3.6/site-packages/airflow/example_dags/example_python_operator.py
[2023-08-09 16:48:35,432] {logging_mixin.py:104} INFO - [2023-08-09 16:48:35,432] {dag.py:1833} INFO - Sync 1 DAGs
[2023-08-09 16:48:35,450] {logging_mixin.py:104} INFO - [2023-08-09 16:48:35,450] {dag.py:2306} INFO - Setting next_dagrun for example_python_operator to None
[2023-08-09 16:48:35,474] {scheduler_job.py:190} INFO - Processing /home/airflow/.local/lib/python3.6/site-packages/airflow/example_dags/example_python_operator.py took 0.189 seconds
[2023-08-09 16:49:06,088] {scheduler_job.py:182} INFO - Started process (PID=10344) to work on /home/airflow/.local/lib/python3.6/site-packages/airflow/example_dags/example_python_operator.py
[2023-08-09 16:49:06,093] {scheduler_job.py:633} INFO - Processing file /home/airflow/.local/lib/python3.6/site-packages/airflow/example_dags/example_python_operator.py for tasks to queue
[2023-08-09 16:49:06,097] {logging_mixin.py:104} INFO - [2023-08-09 16:49:06,097] {dagbag.py:496} INFO - Filling up the DagBag from /home/airflow/.local/lib/python3.6/site-packages/airflow/example_dags/example_python_operator.py
[2023-08-09 16:49:06,140] {scheduler_job.py:643} INFO - DAG(s) dict_keys(['example_python_operator']) retrieved from /home/airflow/.local/lib/python3.6/site-packages/airflow/example_dags/example_python_operator.py
[2023-08-09 16:49:06,199] {logging_mixin.py:104} INFO - [2023-08-09 16:49:06,198] {dag.py:1833} INFO - Sync 1 DAGs
[2023-08-09 16:49:06,239] {logging_mixin.py:104} INFO - [2023-08-09 16:49:06,239] {dag.py:2306} INFO - Setting next_dagrun for example_python_operator to None
[2023-08-09 16:49:06,265] {scheduler_job.py:190} INFO - Processing /home/airflow/.local/lib/python3.6/site-packages/airflow/example_dags/example_python_operator.py took 0.186 seconds
[2023-08-09 16:49:36,859] {scheduler_job.py:182} INFO - Started process (PID=10406) to work on /home/airflow/.local/lib/python3.6/site-packages/airflow/example_dags/example_python_operator.py
[2023-08-09 16:49:36,861] {scheduler_job.py:633} INFO - Processing file /home/airflow/.local/lib/python3.6/site-packages/airflow/example_dags/example_python_operator.py for tasks to queue
[2023-08-09 16:49:36,863] {logging_mixin.py:104} INFO - [2023-08-09 16:49:36,862] {dagbag.py:496} INFO - Filling up the DagBag from /home/airflow/.local/lib/python3.6/site-packages/airflow/example_dags/example_python_operator.py
[2023-08-09 16:49:36,888] {scheduler_job.py:643} INFO - DAG(s) dict_keys(['example_python_operator']) retrieved from /home/airflow/.local/lib/python3.6/site-packages/airflow/example_dags/example_python_operator.py
[2023-08-09 16:49:36,919] {logging_mixin.py:104} INFO - [2023-08-09 16:49:36,919] {dag.py:1833} INFO - Sync 1 DAGs
[2023-08-09 16:49:36,939] {logging_mixin.py:104} INFO - [2023-08-09 16:49:36,939] {dag.py:2306} INFO - Setting next_dagrun for example_python_operator to None
[2023-08-09 16:49:36,973] {scheduler_job.py:190} INFO - Processing /home/airflow/.local/lib/python3.6/site-packages/airflow/example_dags/example_python_operator.py took 0.120 seconds
[2023-08-09 16:50:07,745] {scheduler_job.py:182} INFO - Started process (PID=10456) to work on /home/airflow/.local/lib/python3.6/site-packages/airflow/example_dags/example_python_operator.py
[2023-08-09 16:50:07,749] {scheduler_job.py:633} INFO - Processing file /home/airflow/.local/lib/python3.6/site-packages/airflow/example_dags/example_python_operator.py for tasks to queue
[2023-08-09 16:50:07,751] {logging_mixin.py:104} INFO - [2023-08-09 16:50:07,751] {dagbag.py:496} INFO - Filling up the DagBag from /home/airflow/.local/lib/python3.6/site-packages/airflow/example_dags/example_python_operator.py
[2023-08-09 16:50:07,776] {scheduler_job.py:643} INFO - DAG(s) dict_keys(['example_python_operator']) retrieved from /home/airflow/.local/lib/python3.6/site-packages/airflow/example_dags/example_python_operator.py
[2023-08-09 16:50:07,816] {logging_mixin.py:104} INFO - [2023-08-09 16:50:07,816] {dag.py:1833} INFO - Sync 1 DAGs
[2023-08-09 16:50:07,845] {logging_mixin.py:104} INFO - [2023-08-09 16:50:07,844] {dag.py:2306} INFO - Setting next_dagrun for example_python_operator to None
[2023-08-09 16:50:07,864] {scheduler_job.py:190} INFO - Processing /home/airflow/.local/lib/python3.6/site-packages/airflow/example_dags/example_python_operator.py took 0.124 seconds
[2023-08-09 16:50:37,955] {scheduler_job.py:182} INFO - Started process (PID=10506) to work on /home/airflow/.local/lib/python3.6/site-packages/airflow/example_dags/example_python_operator.py
[2023-08-09 16:50:37,967] {scheduler_job.py:633} INFO - Processing file /home/airflow/.local/lib/python3.6/site-packages/airflow/example_dags/example_python_operator.py for tasks to queue
[2023-08-09 16:50:37,973] {logging_mixin.py:104} INFO - [2023-08-09 16:50:37,972] {dagbag.py:496} INFO - Filling up the DagBag from /home/airflow/.local/lib/python3.6/site-packages/airflow/example_dags/example_python_operator.py
[2023-08-09 16:50:38,035] {scheduler_job.py:643} INFO - DAG(s) dict_keys(['example_python_operator']) retrieved from /home/airflow/.local/lib/python3.6/site-packages/airflow/example_dags/example_python_operator.py
[2023-08-09 16:50:38,077] {logging_mixin.py:104} INFO - [2023-08-09 16:50:38,077] {dag.py:1833} INFO - Sync 1 DAGs
[2023-08-09 16:50:38,112] {logging_mixin.py:104} INFO - [2023-08-09 16:50:38,112] {dag.py:2306} INFO - Setting next_dagrun for example_python_operator to None
[2023-08-09 16:50:38,134] {scheduler_job.py:190} INFO - Processing /home/airflow/.local/lib/python3.6/site-packages/airflow/example_dags/example_python_operator.py took 0.187 seconds
[2023-08-09 16:51:08,727] {scheduler_job.py:182} INFO - Started process (PID=10564) to work on /home/airflow/.local/lib/python3.6/site-packages/airflow/example_dags/example_python_operator.py
[2023-08-09 16:51:08,738] {scheduler_job.py:633} INFO - Processing file /home/airflow/.local/lib/python3.6/site-packages/airflow/example_dags/example_python_operator.py for tasks to queue
[2023-08-09 16:51:08,741] {logging_mixin.py:104} INFO - [2023-08-09 16:51:08,741] {dagbag.py:496} INFO - Filling up the DagBag from /home/airflow/.local/lib/python3.6/site-packages/airflow/example_dags/example_python_operator.py
[2023-08-09 16:51:08,837] {scheduler_job.py:643} INFO - DAG(s) dict_keys(['example_python_operator']) retrieved from /home/airflow/.local/lib/python3.6/site-packages/airflow/example_dags/example_python_operator.py
[2023-08-09 16:51:08,964] {logging_mixin.py:104} INFO - [2023-08-09 16:51:08,963] {dag.py:1833} INFO - Sync 1 DAGs
[2023-08-09 16:51:09,038] {logging_mixin.py:104} INFO - [2023-08-09 16:51:09,037] {dag.py:2306} INFO - Setting next_dagrun for example_python_operator to None
[2023-08-09 16:51:09,100] {scheduler_job.py:190} INFO - Processing /home/airflow/.local/lib/python3.6/site-packages/airflow/example_dags/example_python_operator.py took 0.409 seconds
[2023-08-09 16:51:39,739] {scheduler_job.py:182} INFO - Started process (PID=10614) to work on /home/airflow/.local/lib/python3.6/site-packages/airflow/example_dags/example_python_operator.py
[2023-08-09 16:51:39,743] {scheduler_job.py:633} INFO - Processing file /home/airflow/.local/lib/python3.6/site-packages/airflow/example_dags/example_python_operator.py for tasks to queue
[2023-08-09 16:51:39,747] {logging_mixin.py:104} INFO - [2023-08-09 16:51:39,746] {dagbag.py:496} INFO - Filling up the DagBag from /home/airflow/.local/lib/python3.6/site-packages/airflow/example_dags/example_python_operator.py
[2023-08-09 16:51:39,778] {scheduler_job.py:643} INFO - DAG(s) dict_keys(['example_python_operator']) retrieved from /home/airflow/.local/lib/python3.6/site-packages/airflow/example_dags/example_python_operator.py
[2023-08-09 16:51:39,816] {logging_mixin.py:104} INFO - [2023-08-09 16:51:39,815] {dag.py:1833} INFO - Sync 1 DAGs
[2023-08-09 16:51:39,833] {logging_mixin.py:104} INFO - [2023-08-09 16:51:39,832] {dag.py:2306} INFO - Setting next_dagrun for example_python_operator to None
[2023-08-09 16:51:39,850] {scheduler_job.py:190} INFO - Processing /home/airflow/.local/lib/python3.6/site-packages/airflow/example_dags/example_python_operator.py took 0.118 seconds
[2023-08-09 16:52:10,000] {scheduler_job.py:182} INFO - Started process (PID=10665) to work on /home/airflow/.local/lib/python3.6/site-packages/airflow/example_dags/example_python_operator.py
[2023-08-09 16:52:10,003] {scheduler_job.py:633} INFO - Processing file /home/airflow/.local/lib/python3.6/site-packages/airflow/example_dags/example_python_operator.py for tasks to queue
[2023-08-09 16:52:10,004] {logging_mixin.py:104} INFO - [2023-08-09 16:52:10,004] {dagbag.py:496} INFO - Filling up the DagBag from /home/airflow/.local/lib/python3.6/site-packages/airflow/example_dags/example_python_operator.py
[2023-08-09 16:52:10,029] {scheduler_job.py:643} INFO - DAG(s) dict_keys(['example_python_operator']) retrieved from /home/airflow/.local/lib/python3.6/site-packages/airflow/example_dags/example_python_operator.py
[2023-08-09 16:52:10,062] {logging_mixin.py:104} INFO - [2023-08-09 16:52:10,062] {dag.py:1833} INFO - Sync 1 DAGs
[2023-08-09 16:52:10,085] {logging_mixin.py:104} INFO - [2023-08-09 16:52:10,085] {dag.py:2306} INFO - Setting next_dagrun for example_python_operator to None
[2023-08-09 16:52:10,104] {scheduler_job.py:190} INFO - Processing /home/airflow/.local/lib/python3.6/site-packages/airflow/example_dags/example_python_operator.py took 0.112 seconds
[2023-08-09 16:52:40,138] {scheduler_job.py:182} INFO - Started process (PID=10716) to work on /home/airflow/.local/lib/python3.6/site-packages/airflow/example_dags/example_python_operator.py
[2023-08-09 16:52:40,140] {scheduler_job.py:633} INFO - Processing file /home/airflow/.local/lib/python3.6/site-packages/airflow/example_dags/example_python_operator.py for tasks to queue
[2023-08-09 16:52:40,141] {logging_mixin.py:104} INFO - [2023-08-09 16:52:40,141] {dagbag.py:496} INFO - Filling up the DagBag from /home/airflow/.local/lib/python3.6/site-packages/airflow/example_dags/example_python_operator.py
[2023-08-09 16:52:40,161] {scheduler_job.py:643} INFO - DAG(s) dict_keys(['example_python_operator']) retrieved from /home/airflow/.local/lib/python3.6/site-packages/airflow/example_dags/example_python_operator.py
[2023-08-09 16:52:40,190] {logging_mixin.py:104} INFO - [2023-08-09 16:52:40,190] {dag.py:1833} INFO - Sync 1 DAGs
[2023-08-09 16:52:40,206] {logging_mixin.py:104} INFO - [2023-08-09 16:52:40,206] {dag.py:2306} INFO - Setting next_dagrun for example_python_operator to None
[2023-08-09 16:52:40,223] {scheduler_job.py:190} INFO - Processing /home/airflow/.local/lib/python3.6/site-packages/airflow/example_dags/example_python_operator.py took 0.090 seconds
[2023-08-09 16:53:10,569] {scheduler_job.py:182} INFO - Started process (PID=10776) to work on /home/airflow/.local/lib/python3.6/site-packages/airflow/example_dags/example_python_operator.py
[2023-08-09 16:53:10,577] {scheduler_job.py:633} INFO - Processing file /home/airflow/.local/lib/python3.6/site-packages/airflow/example_dags/example_python_operator.py for tasks to queue
[2023-08-09 16:53:10,579] {logging_mixin.py:104} INFO - [2023-08-09 16:53:10,579] {dagbag.py:496} INFO - Filling up the DagBag from /home/airflow/.local/lib/python3.6/site-packages/airflow/example_dags/example_python_operator.py
[2023-08-09 16:53:10,618] {scheduler_job.py:643} INFO - DAG(s) dict_keys(['example_python_operator']) retrieved from /home/airflow/.local/lib/python3.6/site-packages/airflow/example_dags/example_python_operator.py
[2023-08-09 16:53:10,665] {logging_mixin.py:104} INFO - [2023-08-09 16:53:10,664] {dag.py:1833} INFO - Sync 1 DAGs
[2023-08-09 16:53:10,693] {logging_mixin.py:104} INFO - [2023-08-09 16:53:10,693] {dag.py:2306} INFO - Setting next_dagrun for example_python_operator to None
[2023-08-09 16:53:10,723] {scheduler_job.py:190} INFO - Processing /home/airflow/.local/lib/python3.6/site-packages/airflow/example_dags/example_python_operator.py took 0.161 seconds
[2023-08-09 16:53:40,833] {scheduler_job.py:182} INFO - Started process (PID=10827) to work on /home/airflow/.local/lib/python3.6/site-packages/airflow/example_dags/example_python_operator.py
[2023-08-09 16:53:40,836] {scheduler_job.py:633} INFO - Processing file /home/airflow/.local/lib/python3.6/site-packages/airflow/example_dags/example_python_operator.py for tasks to queue
[2023-08-09 16:53:40,838] {logging_mixin.py:104} INFO - [2023-08-09 16:53:40,838] {dagbag.py:496} INFO - Filling up the DagBag from /home/airflow/.local/lib/python3.6/site-packages/airflow/example_dags/example_python_operator.py
[2023-08-09 16:53:40,880] {scheduler_job.py:643} INFO - DAG(s) dict_keys(['example_python_operator']) retrieved from /home/airflow/.local/lib/python3.6/site-packages/airflow/example_dags/example_python_operator.py
[2023-08-09 16:53:40,938] {logging_mixin.py:104} INFO - [2023-08-09 16:53:40,938] {dag.py:1833} INFO - Sync 1 DAGs
[2023-08-09 16:53:40,968] {logging_mixin.py:104} INFO - [2023-08-09 16:53:40,968] {dag.py:2306} INFO - Setting next_dagrun for example_python_operator to None
[2023-08-09 16:53:41,000] {scheduler_job.py:190} INFO - Processing /home/airflow/.local/lib/python3.6/site-packages/airflow/example_dags/example_python_operator.py took 0.172 seconds
[2023-08-09 16:54:11,169] {scheduler_job.py:182} INFO - Started process (PID=10878) to work on /home/airflow/.local/lib/python3.6/site-packages/airflow/example_dags/example_python_operator.py
[2023-08-09 16:54:11,173] {scheduler_job.py:633} INFO - Processing file /home/airflow/.local/lib/python3.6/site-packages/airflow/example_dags/example_python_operator.py for tasks to queue
[2023-08-09 16:54:11,176] {logging_mixin.py:104} INFO - [2023-08-09 16:54:11,175] {dagbag.py:496} INFO - Filling up the DagBag from /home/airflow/.local/lib/python3.6/site-packages/airflow/example_dags/example_python_operator.py
[2023-08-09 16:54:11,207] {scheduler_job.py:643} INFO - DAG(s) dict_keys(['example_python_operator']) retrieved from /home/airflow/.local/lib/python3.6/site-packages/airflow/example_dags/example_python_operator.py
[2023-08-09 16:54:11,266] {logging_mixin.py:104} INFO - [2023-08-09 16:54:11,265] {dag.py:1833} INFO - Sync 1 DAGs
[2023-08-09 16:54:11,308] {logging_mixin.py:104} INFO - [2023-08-09 16:54:11,307] {dag.py:2306} INFO - Setting next_dagrun for example_python_operator to None
[2023-08-09 16:54:11,336] {scheduler_job.py:190} INFO - Processing /home/airflow/.local/lib/python3.6/site-packages/airflow/example_dags/example_python_operator.py took 0.174 seconds
[2023-08-09 16:54:41,453] {scheduler_job.py:182} INFO - Started process (PID=10936) to work on /home/airflow/.local/lib/python3.6/site-packages/airflow/example_dags/example_python_operator.py
[2023-08-09 16:54:41,460] {scheduler_job.py:633} INFO - Processing file /home/airflow/.local/lib/python3.6/site-packages/airflow/example_dags/example_python_operator.py for tasks to queue
[2023-08-09 16:54:41,462] {logging_mixin.py:104} INFO - [2023-08-09 16:54:41,462] {dagbag.py:496} INFO - Filling up the DagBag from /home/airflow/.local/lib/python3.6/site-packages/airflow/example_dags/example_python_operator.py
[2023-08-09 16:54:41,501] {scheduler_job.py:643} INFO - DAG(s) dict_keys(['example_python_operator']) retrieved from /home/airflow/.local/lib/python3.6/site-packages/airflow/example_dags/example_python_operator.py
[2023-08-09 16:54:41,600] {logging_mixin.py:104} INFO - [2023-08-09 16:54:41,599] {dag.py:1833} INFO - Sync 1 DAGs
[2023-08-09 16:54:41,662] {logging_mixin.py:104} INFO - [2023-08-09 16:54:41,662] {dag.py:2306} INFO - Setting next_dagrun for example_python_operator to None
[2023-08-09 16:54:41,710] {scheduler_job.py:190} INFO - Processing /home/airflow/.local/lib/python3.6/site-packages/airflow/example_dags/example_python_operator.py took 0.268 seconds
[2023-08-09 16:55:11,909] {scheduler_job.py:182} INFO - Started process (PID=10987) to work on /home/airflow/.local/lib/python3.6/site-packages/airflow/example_dags/example_python_operator.py
[2023-08-09 16:55:11,914] {scheduler_job.py:633} INFO - Processing file /home/airflow/.local/lib/python3.6/site-packages/airflow/example_dags/example_python_operator.py for tasks to queue
[2023-08-09 16:55:11,917] {logging_mixin.py:104} INFO - [2023-08-09 16:55:11,916] {dagbag.py:496} INFO - Filling up the DagBag from /home/airflow/.local/lib/python3.6/site-packages/airflow/example_dags/example_python_operator.py
[2023-08-09 16:55:11,939] {scheduler_job.py:643} INFO - DAG(s) dict_keys(['example_python_operator']) retrieved from /home/airflow/.local/lib/python3.6/site-packages/airflow/example_dags/example_python_operator.py
[2023-08-09 16:55:11,966] {logging_mixin.py:104} INFO - [2023-08-09 16:55:11,966] {dag.py:1833} INFO - Sync 1 DAGs
[2023-08-09 16:55:11,982] {logging_mixin.py:104} INFO - [2023-08-09 16:55:11,982] {dag.py:2306} INFO - Setting next_dagrun for example_python_operator to None
[2023-08-09 16:55:11,997] {scheduler_job.py:190} INFO - Processing /home/airflow/.local/lib/python3.6/site-packages/airflow/example_dags/example_python_operator.py took 0.102 seconds
[2023-08-09 16:55:42,590] {scheduler_job.py:182} INFO - Started process (PID=11038) to work on /home/airflow/.local/lib/python3.6/site-packages/airflow/example_dags/example_python_operator.py
[2023-08-09 16:55:42,597] {scheduler_job.py:633} INFO - Processing file /home/airflow/.local/lib/python3.6/site-packages/airflow/example_dags/example_python_operator.py for tasks to queue
[2023-08-09 16:55:42,607] {logging_mixin.py:104} INFO - [2023-08-09 16:55:42,607] {dagbag.py:496} INFO - Filling up the DagBag from /home/airflow/.local/lib/python3.6/site-packages/airflow/example_dags/example_python_operator.py
[2023-08-09 16:55:42,663] {scheduler_job.py:643} INFO - DAG(s) dict_keys(['example_python_operator']) retrieved from /home/airflow/.local/lib/python3.6/site-packages/airflow/example_dags/example_python_operator.py
[2023-08-09 16:55:42,734] {logging_mixin.py:104} INFO - [2023-08-09 16:55:42,734] {dag.py:1833} INFO - Sync 1 DAGs
[2023-08-09 16:55:42,781] {logging_mixin.py:104} INFO - [2023-08-09 16:55:42,781] {dag.py:2306} INFO - Setting next_dagrun for example_python_operator to None
[2023-08-09 16:55:42,814] {scheduler_job.py:190} INFO - Processing /home/airflow/.local/lib/python3.6/site-packages/airflow/example_dags/example_python_operator.py took 0.233 seconds
[2023-08-09 16:56:12,931] {scheduler_job.py:182} INFO - Started process (PID=11090) to work on /home/airflow/.local/lib/python3.6/site-packages/airflow/example_dags/example_python_operator.py
[2023-08-09 16:56:12,934] {scheduler_job.py:633} INFO - Processing file /home/airflow/.local/lib/python3.6/site-packages/airflow/example_dags/example_python_operator.py for tasks to queue
[2023-08-09 16:56:12,936] {logging_mixin.py:104} INFO - [2023-08-09 16:56:12,936] {dagbag.py:496} INFO - Filling up the DagBag from /home/airflow/.local/lib/python3.6/site-packages/airflow/example_dags/example_python_operator.py
[2023-08-09 16:56:12,958] {scheduler_job.py:643} INFO - DAG(s) dict_keys(['example_python_operator']) retrieved from /home/airflow/.local/lib/python3.6/site-packages/airflow/example_dags/example_python_operator.py
[2023-08-09 16:56:12,988] {logging_mixin.py:104} INFO - [2023-08-09 16:56:12,987] {dag.py:1833} INFO - Sync 1 DAGs
[2023-08-09 16:56:13,007] {logging_mixin.py:104} INFO - [2023-08-09 16:56:13,007] {dag.py:2306} INFO - Setting next_dagrun for example_python_operator to None
[2023-08-09 16:56:13,022] {scheduler_job.py:190} INFO - Processing /home/airflow/.local/lib/python3.6/site-packages/airflow/example_dags/example_python_operator.py took 0.097 seconds
[2023-08-09 16:56:43,371] {scheduler_job.py:182} INFO - Started process (PID=11140) to work on /home/airflow/.local/lib/python3.6/site-packages/airflow/example_dags/example_python_operator.py
[2023-08-09 16:56:43,374] {scheduler_job.py:633} INFO - Processing file /home/airflow/.local/lib/python3.6/site-packages/airflow/example_dags/example_python_operator.py for tasks to queue
[2023-08-09 16:56:43,376] {logging_mixin.py:104} INFO - [2023-08-09 16:56:43,375] {dagbag.py:496} INFO - Filling up the DagBag from /home/airflow/.local/lib/python3.6/site-packages/airflow/example_dags/example_python_operator.py
[2023-08-09 16:56:43,397] {scheduler_job.py:643} INFO - DAG(s) dict_keys(['example_python_operator']) retrieved from /home/airflow/.local/lib/python3.6/site-packages/airflow/example_dags/example_python_operator.py
[2023-08-09 16:56:43,425] {logging_mixin.py:104} INFO - [2023-08-09 16:56:43,425] {dag.py:1833} INFO - Sync 1 DAGs
[2023-08-09 16:56:43,441] {logging_mixin.py:104} INFO - [2023-08-09 16:56:43,441] {dag.py:2306} INFO - Setting next_dagrun for example_python_operator to None
[2023-08-09 16:56:43,456] {scheduler_job.py:190} INFO - Processing /home/airflow/.local/lib/python3.6/site-packages/airflow/example_dags/example_python_operator.py took 0.091 seconds
[2023-08-09 16:57:13,581] {scheduler_job.py:182} INFO - Started process (PID=11201) to work on /home/airflow/.local/lib/python3.6/site-packages/airflow/example_dags/example_python_operator.py
[2023-08-09 16:57:13,585] {scheduler_job.py:633} INFO - Processing file /home/airflow/.local/lib/python3.6/site-packages/airflow/example_dags/example_python_operator.py for tasks to queue
[2023-08-09 16:57:13,588] {logging_mixin.py:104} INFO - [2023-08-09 16:57:13,587] {dagbag.py:496} INFO - Filling up the DagBag from /home/airflow/.local/lib/python3.6/site-packages/airflow/example_dags/example_python_operator.py
[2023-08-09 16:57:13,610] {scheduler_job.py:643} INFO - DAG(s) dict_keys(['example_python_operator']) retrieved from /home/airflow/.local/lib/python3.6/site-packages/airflow/example_dags/example_python_operator.py
[2023-08-09 16:57:13,637] {logging_mixin.py:104} INFO - [2023-08-09 16:57:13,637] {dag.py:1833} INFO - Sync 1 DAGs
[2023-08-09 16:57:13,654] {logging_mixin.py:104} INFO - [2023-08-09 16:57:13,653] {dag.py:2306} INFO - Setting next_dagrun for example_python_operator to None
[2023-08-09 16:57:13,668] {scheduler_job.py:190} INFO - Processing /home/airflow/.local/lib/python3.6/site-packages/airflow/example_dags/example_python_operator.py took 0.095 seconds
[2023-08-09 16:57:43,945] {scheduler_job.py:182} INFO - Started process (PID=11251) to work on /home/airflow/.local/lib/python3.6/site-packages/airflow/example_dags/example_python_operator.py
[2023-08-09 16:57:43,952] {scheduler_job.py:633} INFO - Processing file /home/airflow/.local/lib/python3.6/site-packages/airflow/example_dags/example_python_operator.py for tasks to queue
[2023-08-09 16:57:43,960] {logging_mixin.py:104} INFO - [2023-08-09 16:57:43,957] {dagbag.py:496} INFO - Filling up the DagBag from /home/airflow/.local/lib/python3.6/site-packages/airflow/example_dags/example_python_operator.py
[2023-08-09 16:57:43,997] {scheduler_job.py:643} INFO - DAG(s) dict_keys(['example_python_operator']) retrieved from /home/airflow/.local/lib/python3.6/site-packages/airflow/example_dags/example_python_operator.py
[2023-08-09 16:57:44,055] {logging_mixin.py:104} INFO - [2023-08-09 16:57:44,055] {dag.py:1833} INFO - Sync 1 DAGs
[2023-08-09 16:57:44,087] {logging_mixin.py:104} INFO - [2023-08-09 16:57:44,087] {dag.py:2306} INFO - Setting next_dagrun for example_python_operator to None
[2023-08-09 16:57:44,118] {scheduler_job.py:190} INFO - Processing /home/airflow/.local/lib/python3.6/site-packages/airflow/example_dags/example_python_operator.py took 0.177 seconds
