[2023-08-09 11:34:48,432] {scheduler_job.py:182} INFO - Started process (PID=7440) to work on /home/airflow/.local/lib/python3.6/site-packages/airflow/example_dags/example_task_group.py
[2023-08-09 11:34:48,447] {scheduler_job.py:633} INFO - Processing file /home/airflow/.local/lib/python3.6/site-packages/airflow/example_dags/example_task_group.py for tasks to queue
[2023-08-09 11:34:48,461] {logging_mixin.py:104} INFO - [2023-08-09 11:34:48,460] {dagbag.py:496} INFO - Filling up the DagBag from /home/airflow/.local/lib/python3.6/site-packages/airflow/example_dags/example_task_group.py
[2023-08-09 11:34:48,589] {scheduler_job.py:643} INFO - DAG(s) dict_keys(['example_task_group']) retrieved from /home/airflow/.local/lib/python3.6/site-packages/airflow/example_dags/example_task_group.py
[2023-08-09 11:34:49,097] {logging_mixin.py:104} INFO - [2023-08-09 11:34:49,097] {dag.py:1833} INFO - Sync 1 DAGs
[2023-08-09 11:34:49,117] {logging_mixin.py:104} INFO - [2023-08-09 11:34:49,117] {dag.py:2306} INFO - Setting next_dagrun for example_task_group to 2023-08-07 00:00:00+00:00
[2023-08-09 11:34:49,146] {scheduler_job.py:190} INFO - Processing /home/airflow/.local/lib/python3.6/site-packages/airflow/example_dags/example_task_group.py took 0.739 seconds
[2023-08-09 11:35:20,071] {scheduler_job.py:182} INFO - Started process (PID=7492) to work on /home/airflow/.local/lib/python3.6/site-packages/airflow/example_dags/example_task_group.py
[2023-08-09 11:35:20,074] {scheduler_job.py:633} INFO - Processing file /home/airflow/.local/lib/python3.6/site-packages/airflow/example_dags/example_task_group.py for tasks to queue
[2023-08-09 11:35:20,078] {logging_mixin.py:104} INFO - [2023-08-09 11:35:20,078] {dagbag.py:496} INFO - Filling up the DagBag from /home/airflow/.local/lib/python3.6/site-packages/airflow/example_dags/example_task_group.py
[2023-08-09 11:35:20,113] {scheduler_job.py:643} INFO - DAG(s) dict_keys(['example_task_group']) retrieved from /home/airflow/.local/lib/python3.6/site-packages/airflow/example_dags/example_task_group.py
[2023-08-09 11:35:20,177] {logging_mixin.py:104} INFO - [2023-08-09 11:35:20,174] {dag.py:1833} INFO - Sync 1 DAGs
[2023-08-09 11:35:20,211] {logging_mixin.py:104} INFO - [2023-08-09 11:35:20,210] {dag.py:2306} INFO - Setting next_dagrun for example_task_group to 2023-08-07 00:00:00+00:00
[2023-08-09 11:35:20,230] {scheduler_job.py:190} INFO - Processing /home/airflow/.local/lib/python3.6/site-packages/airflow/example_dags/example_task_group.py took 0.180 seconds
[2023-08-09 11:35:50,683] {scheduler_job.py:182} INFO - Started process (PID=7543) to work on /home/airflow/.local/lib/python3.6/site-packages/airflow/example_dags/example_task_group.py
[2023-08-09 11:35:50,690] {scheduler_job.py:633} INFO - Processing file /home/airflow/.local/lib/python3.6/site-packages/airflow/example_dags/example_task_group.py for tasks to queue
[2023-08-09 11:35:50,702] {logging_mixin.py:104} INFO - [2023-08-09 11:35:50,702] {dagbag.py:496} INFO - Filling up the DagBag from /home/airflow/.local/lib/python3.6/site-packages/airflow/example_dags/example_task_group.py
[2023-08-09 11:35:50,755] {scheduler_job.py:643} INFO - DAG(s) dict_keys(['example_task_group']) retrieved from /home/airflow/.local/lib/python3.6/site-packages/airflow/example_dags/example_task_group.py
[2023-08-09 11:35:50,909] {logging_mixin.py:104} INFO - [2023-08-09 11:35:50,909] {dag.py:1833} INFO - Sync 1 DAGs
[2023-08-09 11:35:51,002] {logging_mixin.py:104} INFO - [2023-08-09 11:35:51,002] {dag.py:2306} INFO - Setting next_dagrun for example_task_group to 2023-08-07 00:00:00+00:00
[2023-08-09 11:35:51,077] {scheduler_job.py:190} INFO - Processing /home/airflow/.local/lib/python3.6/site-packages/airflow/example_dags/example_task_group.py took 0.409 seconds
[2023-08-09 11:36:21,193] {scheduler_job.py:182} INFO - Started process (PID=7594) to work on /home/airflow/.local/lib/python3.6/site-packages/airflow/example_dags/example_task_group.py
[2023-08-09 11:36:21,198] {scheduler_job.py:633} INFO - Processing file /home/airflow/.local/lib/python3.6/site-packages/airflow/example_dags/example_task_group.py for tasks to queue
[2023-08-09 11:36:21,200] {logging_mixin.py:104} INFO - [2023-08-09 11:36:21,199] {dagbag.py:496} INFO - Filling up the DagBag from /home/airflow/.local/lib/python3.6/site-packages/airflow/example_dags/example_task_group.py
[2023-08-09 11:36:21,243] {scheduler_job.py:643} INFO - DAG(s) dict_keys(['example_task_group']) retrieved from /home/airflow/.local/lib/python3.6/site-packages/airflow/example_dags/example_task_group.py
[2023-08-09 11:36:21,323] {logging_mixin.py:104} INFO - [2023-08-09 11:36:21,323] {dag.py:1833} INFO - Sync 1 DAGs
[2023-08-09 11:36:21,449] {logging_mixin.py:104} INFO - [2023-08-09 11:36:21,448] {dag.py:2306} INFO - Setting next_dagrun for example_task_group to 2023-08-07 00:00:00+00:00
[2023-08-09 11:36:21,498] {scheduler_job.py:190} INFO - Processing /home/airflow/.local/lib/python3.6/site-packages/airflow/example_dags/example_task_group.py took 0.312 seconds
[2023-08-09 11:36:52,190] {scheduler_job.py:182} INFO - Started process (PID=7645) to work on /home/airflow/.local/lib/python3.6/site-packages/airflow/example_dags/example_task_group.py
[2023-08-09 11:36:52,194] {scheduler_job.py:633} INFO - Processing file /home/airflow/.local/lib/python3.6/site-packages/airflow/example_dags/example_task_group.py for tasks to queue
[2023-08-09 11:36:52,200] {logging_mixin.py:104} INFO - [2023-08-09 11:36:52,200] {dagbag.py:496} INFO - Filling up the DagBag from /home/airflow/.local/lib/python3.6/site-packages/airflow/example_dags/example_task_group.py
[2023-08-09 11:36:52,260] {scheduler_job.py:643} INFO - DAG(s) dict_keys(['example_task_group']) retrieved from /home/airflow/.local/lib/python3.6/site-packages/airflow/example_dags/example_task_group.py
[2023-08-09 11:36:52,347] {logging_mixin.py:104} INFO - [2023-08-09 11:36:52,346] {dag.py:1833} INFO - Sync 1 DAGs
[2023-08-09 11:36:52,378] {logging_mixin.py:104} INFO - [2023-08-09 11:36:52,377] {dag.py:2306} INFO - Setting next_dagrun for example_task_group to 2023-08-07 00:00:00+00:00
[2023-08-09 11:36:52,407] {scheduler_job.py:190} INFO - Processing /home/airflow/.local/lib/python3.6/site-packages/airflow/example_dags/example_task_group.py took 0.224 seconds
[2023-08-09 11:37:22,817] {scheduler_job.py:182} INFO - Started process (PID=7698) to work on /home/airflow/.local/lib/python3.6/site-packages/airflow/example_dags/example_task_group.py
[2023-08-09 11:37:22,819] {scheduler_job.py:633} INFO - Processing file /home/airflow/.local/lib/python3.6/site-packages/airflow/example_dags/example_task_group.py for tasks to queue
[2023-08-09 11:37:22,821] {logging_mixin.py:104} INFO - [2023-08-09 11:37:22,821] {dagbag.py:496} INFO - Filling up the DagBag from /home/airflow/.local/lib/python3.6/site-packages/airflow/example_dags/example_task_group.py
[2023-08-09 11:37:22,866] {scheduler_job.py:643} INFO - DAG(s) dict_keys(['example_task_group']) retrieved from /home/airflow/.local/lib/python3.6/site-packages/airflow/example_dags/example_task_group.py
[2023-08-09 11:37:22,918] {logging_mixin.py:104} INFO - [2023-08-09 11:37:22,917] {dag.py:1833} INFO - Sync 1 DAGs
[2023-08-09 11:37:22,944] {logging_mixin.py:104} INFO - [2023-08-09 11:37:22,944] {dag.py:2306} INFO - Setting next_dagrun for example_task_group to 2023-08-07 00:00:00+00:00
[2023-08-09 11:37:22,972] {scheduler_job.py:190} INFO - Processing /home/airflow/.local/lib/python3.6/site-packages/airflow/example_dags/example_task_group.py took 0.161 seconds
[2023-08-09 11:37:53,956] {scheduler_job.py:182} INFO - Started process (PID=7744) to work on /home/airflow/.local/lib/python3.6/site-packages/airflow/example_dags/example_task_group.py
[2023-08-09 11:37:53,984] {scheduler_job.py:633} INFO - Processing file /home/airflow/.local/lib/python3.6/site-packages/airflow/example_dags/example_task_group.py for tasks to queue
[2023-08-09 11:37:54,000] {logging_mixin.py:104} INFO - [2023-08-09 11:37:54,000] {dagbag.py:496} INFO - Filling up the DagBag from /home/airflow/.local/lib/python3.6/site-packages/airflow/example_dags/example_task_group.py
[2023-08-09 11:37:54,132] {scheduler_job.py:643} INFO - DAG(s) dict_keys(['example_task_group']) retrieved from /home/airflow/.local/lib/python3.6/site-packages/airflow/example_dags/example_task_group.py
[2023-08-09 11:37:54,285] {logging_mixin.py:104} INFO - [2023-08-09 11:37:54,285] {dag.py:1833} INFO - Sync 1 DAGs
[2023-08-09 11:37:54,389] {logging_mixin.py:104} INFO - [2023-08-09 11:37:54,388] {dag.py:2306} INFO - Setting next_dagrun for example_task_group to 2023-08-07 00:00:00+00:00
[2023-08-09 11:37:54,461] {scheduler_job.py:190} INFO - Processing /home/airflow/.local/lib/python3.6/site-packages/airflow/example_dags/example_task_group.py took 0.562 seconds
[2023-08-09 11:38:24,660] {scheduler_job.py:182} INFO - Started process (PID=7787) to work on /home/airflow/.local/lib/python3.6/site-packages/airflow/example_dags/example_task_group.py
[2023-08-09 11:38:24,668] {scheduler_job.py:633} INFO - Processing file /home/airflow/.local/lib/python3.6/site-packages/airflow/example_dags/example_task_group.py for tasks to queue
[2023-08-09 11:38:24,673] {logging_mixin.py:104} INFO - [2023-08-09 11:38:24,672] {dagbag.py:496} INFO - Filling up the DagBag from /home/airflow/.local/lib/python3.6/site-packages/airflow/example_dags/example_task_group.py
[2023-08-09 11:38:24,754] {scheduler_job.py:643} INFO - DAG(s) dict_keys(['example_task_group']) retrieved from /home/airflow/.local/lib/python3.6/site-packages/airflow/example_dags/example_task_group.py
[2023-08-09 11:38:24,883] {logging_mixin.py:104} INFO - [2023-08-09 11:38:24,882] {dag.py:1833} INFO - Sync 1 DAGs
[2023-08-09 11:38:24,973] {logging_mixin.py:104} INFO - [2023-08-09 11:38:24,972] {dag.py:2306} INFO - Setting next_dagrun for example_task_group to 2023-08-07 00:00:00+00:00
[2023-08-09 11:38:25,029] {scheduler_job.py:190} INFO - Processing /home/airflow/.local/lib/python3.6/site-packages/airflow/example_dags/example_task_group.py took 0.380 seconds
[2023-08-09 11:38:55,279] {scheduler_job.py:182} INFO - Started process (PID=7835) to work on /home/airflow/.local/lib/python3.6/site-packages/airflow/example_dags/example_task_group.py
[2023-08-09 11:38:55,292] {scheduler_job.py:633} INFO - Processing file /home/airflow/.local/lib/python3.6/site-packages/airflow/example_dags/example_task_group.py for tasks to queue
[2023-08-09 11:38:55,303] {logging_mixin.py:104} INFO - [2023-08-09 11:38:55,302] {dagbag.py:496} INFO - Filling up the DagBag from /home/airflow/.local/lib/python3.6/site-packages/airflow/example_dags/example_task_group.py
[2023-08-09 11:38:55,402] {scheduler_job.py:643} INFO - DAG(s) dict_keys(['example_task_group']) retrieved from /home/airflow/.local/lib/python3.6/site-packages/airflow/example_dags/example_task_group.py
[2023-08-09 11:38:55,477] {logging_mixin.py:104} INFO - [2023-08-09 11:38:55,477] {dag.py:1833} INFO - Sync 1 DAGs
[2023-08-09 11:38:55,503] {logging_mixin.py:104} INFO - [2023-08-09 11:38:55,503] {dag.py:2306} INFO - Setting next_dagrun for example_task_group to 2023-08-07 00:00:00+00:00
[2023-08-09 11:38:55,527] {scheduler_job.py:190} INFO - Processing /home/airflow/.local/lib/python3.6/site-packages/airflow/example_dags/example_task_group.py took 0.265 seconds
[2023-08-09 16:25:57,421] {scheduler_job.py:182} INFO - Started process (PID=7923) to work on /home/airflow/.local/lib/python3.6/site-packages/airflow/example_dags/example_task_group.py
[2023-08-09 16:25:57,432] {scheduler_job.py:633} INFO - Processing file /home/airflow/.local/lib/python3.6/site-packages/airflow/example_dags/example_task_group.py for tasks to queue
[2023-08-09 16:25:57,436] {logging_mixin.py:104} INFO - [2023-08-09 16:25:57,435] {dagbag.py:496} INFO - Filling up the DagBag from /home/airflow/.local/lib/python3.6/site-packages/airflow/example_dags/example_task_group.py
[2023-08-09 16:25:57,511] {scheduler_job.py:643} INFO - DAG(s) dict_keys(['example_task_group']) retrieved from /home/airflow/.local/lib/python3.6/site-packages/airflow/example_dags/example_task_group.py
[2023-08-09 16:25:57,597] {logging_mixin.py:104} INFO - [2023-08-09 16:25:57,597] {dag.py:1833} INFO - Sync 1 DAGs
[2023-08-09 16:25:57,642] {logging_mixin.py:104} INFO - [2023-08-09 16:25:57,641] {dag.py:2306} INFO - Setting next_dagrun for example_task_group to 2023-08-07 00:00:00+00:00
[2023-08-09 16:25:57,666] {scheduler_job.py:190} INFO - Processing /home/airflow/.local/lib/python3.6/site-packages/airflow/example_dags/example_task_group.py took 0.254 seconds
[2023-08-09 16:26:27,804] {scheduler_job.py:182} INFO - Started process (PID=7975) to work on /home/airflow/.local/lib/python3.6/site-packages/airflow/example_dags/example_task_group.py
[2023-08-09 16:26:27,806] {scheduler_job.py:633} INFO - Processing file /home/airflow/.local/lib/python3.6/site-packages/airflow/example_dags/example_task_group.py for tasks to queue
[2023-08-09 16:26:27,808] {logging_mixin.py:104} INFO - [2023-08-09 16:26:27,807] {dagbag.py:496} INFO - Filling up the DagBag from /home/airflow/.local/lib/python3.6/site-packages/airflow/example_dags/example_task_group.py
[2023-08-09 16:26:27,858] {scheduler_job.py:643} INFO - DAG(s) dict_keys(['example_task_group']) retrieved from /home/airflow/.local/lib/python3.6/site-packages/airflow/example_dags/example_task_group.py
[2023-08-09 16:26:27,887] {logging_mixin.py:104} INFO - [2023-08-09 16:26:27,887] {dag.py:1833} INFO - Sync 1 DAGs
[2023-08-09 16:26:27,904] {logging_mixin.py:104} INFO - [2023-08-09 16:26:27,904] {dag.py:2306} INFO - Setting next_dagrun for example_task_group to 2023-08-07 00:00:00+00:00
[2023-08-09 16:26:27,920] {scheduler_job.py:190} INFO - Processing /home/airflow/.local/lib/python3.6/site-packages/airflow/example_dags/example_task_group.py took 0.121 seconds
[2023-08-09 16:26:58,411] {scheduler_job.py:182} INFO - Started process (PID=8026) to work on /home/airflow/.local/lib/python3.6/site-packages/airflow/example_dags/example_task_group.py
[2023-08-09 16:26:58,414] {scheduler_job.py:633} INFO - Processing file /home/airflow/.local/lib/python3.6/site-packages/airflow/example_dags/example_task_group.py for tasks to queue
[2023-08-09 16:26:58,417] {logging_mixin.py:104} INFO - [2023-08-09 16:26:58,416] {dagbag.py:496} INFO - Filling up the DagBag from /home/airflow/.local/lib/python3.6/site-packages/airflow/example_dags/example_task_group.py
[2023-08-09 16:26:58,463] {scheduler_job.py:643} INFO - DAG(s) dict_keys(['example_task_group']) retrieved from /home/airflow/.local/lib/python3.6/site-packages/airflow/example_dags/example_task_group.py
[2023-08-09 16:26:58,509] {logging_mixin.py:104} INFO - [2023-08-09 16:26:58,509] {dag.py:1833} INFO - Sync 1 DAGs
[2023-08-09 16:26:58,529] {logging_mixin.py:104} INFO - [2023-08-09 16:26:58,528] {dag.py:2306} INFO - Setting next_dagrun for example_task_group to 2023-08-07 00:00:00+00:00
[2023-08-09 16:26:58,545] {scheduler_job.py:190} INFO - Processing /home/airflow/.local/lib/python3.6/site-packages/airflow/example_dags/example_task_group.py took 0.143 seconds
[2023-08-09 16:27:29,947] {scheduler_job.py:182} INFO - Started process (PID=8084) to work on /home/airflow/.local/lib/python3.6/site-packages/airflow/example_dags/example_task_group.py
[2023-08-09 16:27:29,960] {scheduler_job.py:633} INFO - Processing file /home/airflow/.local/lib/python3.6/site-packages/airflow/example_dags/example_task_group.py for tasks to queue
[2023-08-09 16:27:29,962] {logging_mixin.py:104} INFO - [2023-08-09 16:27:29,962] {dagbag.py:496} INFO - Filling up the DagBag from /home/airflow/.local/lib/python3.6/site-packages/airflow/example_dags/example_task_group.py
[2023-08-09 16:27:30,011] {scheduler_job.py:643} INFO - DAG(s) dict_keys(['example_task_group']) retrieved from /home/airflow/.local/lib/python3.6/site-packages/airflow/example_dags/example_task_group.py
[2023-08-09 16:27:30,054] {logging_mixin.py:104} INFO - [2023-08-09 16:27:30,054] {dag.py:1833} INFO - Sync 1 DAGs
[2023-08-09 16:27:30,092] {logging_mixin.py:104} INFO - [2023-08-09 16:27:30,092] {dag.py:2306} INFO - Setting next_dagrun for example_task_group to 2023-08-07 00:00:00+00:00
[2023-08-09 16:27:30,127] {scheduler_job.py:190} INFO - Processing /home/airflow/.local/lib/python3.6/site-packages/airflow/example_dags/example_task_group.py took 0.189 seconds
[2023-08-09 16:28:01,150] {scheduler_job.py:182} INFO - Started process (PID=8136) to work on /home/airflow/.local/lib/python3.6/site-packages/airflow/example_dags/example_task_group.py
[2023-08-09 16:28:01,153] {scheduler_job.py:633} INFO - Processing file /home/airflow/.local/lib/python3.6/site-packages/airflow/example_dags/example_task_group.py for tasks to queue
[2023-08-09 16:28:01,155] {logging_mixin.py:104} INFO - [2023-08-09 16:28:01,155] {dagbag.py:496} INFO - Filling up the DagBag from /home/airflow/.local/lib/python3.6/site-packages/airflow/example_dags/example_task_group.py
[2023-08-09 16:28:01,187] {scheduler_job.py:643} INFO - DAG(s) dict_keys(['example_task_group']) retrieved from /home/airflow/.local/lib/python3.6/site-packages/airflow/example_dags/example_task_group.py
[2023-08-09 16:28:01,220] {logging_mixin.py:104} INFO - [2023-08-09 16:28:01,219] {dag.py:1833} INFO - Sync 1 DAGs
[2023-08-09 16:28:01,237] {logging_mixin.py:104} INFO - [2023-08-09 16:28:01,237] {dag.py:2306} INFO - Setting next_dagrun for example_task_group to 2023-08-07 00:00:00+00:00
[2023-08-09 16:28:01,251] {scheduler_job.py:190} INFO - Processing /home/airflow/.local/lib/python3.6/site-packages/airflow/example_dags/example_task_group.py took 0.106 seconds
[2023-08-09 16:28:31,324] {scheduler_job.py:182} INFO - Started process (PID=8186) to work on /home/airflow/.local/lib/python3.6/site-packages/airflow/example_dags/example_task_group.py
[2023-08-09 16:28:31,327] {scheduler_job.py:633} INFO - Processing file /home/airflow/.local/lib/python3.6/site-packages/airflow/example_dags/example_task_group.py for tasks to queue
[2023-08-09 16:28:31,330] {logging_mixin.py:104} INFO - [2023-08-09 16:28:31,330] {dagbag.py:496} INFO - Filling up the DagBag from /home/airflow/.local/lib/python3.6/site-packages/airflow/example_dags/example_task_group.py
[2023-08-09 16:28:31,366] {scheduler_job.py:643} INFO - DAG(s) dict_keys(['example_task_group']) retrieved from /home/airflow/.local/lib/python3.6/site-packages/airflow/example_dags/example_task_group.py
[2023-08-09 16:28:31,396] {logging_mixin.py:104} INFO - [2023-08-09 16:28:31,396] {dag.py:1833} INFO - Sync 1 DAGs
[2023-08-09 16:28:31,412] {logging_mixin.py:104} INFO - [2023-08-09 16:28:31,412] {dag.py:2306} INFO - Setting next_dagrun for example_task_group to 2023-08-07 00:00:00+00:00
[2023-08-09 16:28:31,427] {scheduler_job.py:190} INFO - Processing /home/airflow/.local/lib/python3.6/site-packages/airflow/example_dags/example_task_group.py took 0.111 seconds
[2023-08-09 16:29:02,274] {scheduler_job.py:182} INFO - Started process (PID=8237) to work on /home/airflow/.local/lib/python3.6/site-packages/airflow/example_dags/example_task_group.py
[2023-08-09 16:29:02,278] {scheduler_job.py:633} INFO - Processing file /home/airflow/.local/lib/python3.6/site-packages/airflow/example_dags/example_task_group.py for tasks to queue
[2023-08-09 16:29:02,281] {logging_mixin.py:104} INFO - [2023-08-09 16:29:02,280] {dagbag.py:496} INFO - Filling up the DagBag from /home/airflow/.local/lib/python3.6/site-packages/airflow/example_dags/example_task_group.py
[2023-08-09 16:29:02,309] {scheduler_job.py:643} INFO - DAG(s) dict_keys(['example_task_group']) retrieved from /home/airflow/.local/lib/python3.6/site-packages/airflow/example_dags/example_task_group.py
[2023-08-09 16:29:02,339] {logging_mixin.py:104} INFO - [2023-08-09 16:29:02,339] {dag.py:1833} INFO - Sync 1 DAGs
[2023-08-09 16:29:02,358] {logging_mixin.py:104} INFO - [2023-08-09 16:29:02,358] {dag.py:2306} INFO - Setting next_dagrun for example_task_group to 2023-08-07 00:00:00+00:00
[2023-08-09 16:29:02,373] {scheduler_job.py:190} INFO - Processing /home/airflow/.local/lib/python3.6/site-packages/airflow/example_dags/example_task_group.py took 0.106 seconds
[2023-08-09 16:29:33,532] {scheduler_job.py:182} INFO - Started process (PID=8297) to work on /home/airflow/.local/lib/python3.6/site-packages/airflow/example_dags/example_task_group.py
[2023-08-09 16:29:33,537] {scheduler_job.py:633} INFO - Processing file /home/airflow/.local/lib/python3.6/site-packages/airflow/example_dags/example_task_group.py for tasks to queue
[2023-08-09 16:29:33,540] {logging_mixin.py:104} INFO - [2023-08-09 16:29:33,540] {dagbag.py:496} INFO - Filling up the DagBag from /home/airflow/.local/lib/python3.6/site-packages/airflow/example_dags/example_task_group.py
[2023-08-09 16:29:33,575] {scheduler_job.py:643} INFO - DAG(s) dict_keys(['example_task_group']) retrieved from /home/airflow/.local/lib/python3.6/site-packages/airflow/example_dags/example_task_group.py
[2023-08-09 16:29:33,615] {logging_mixin.py:104} INFO - [2023-08-09 16:29:33,615] {dag.py:1833} INFO - Sync 1 DAGs
[2023-08-09 16:29:33,634] {logging_mixin.py:104} INFO - [2023-08-09 16:29:33,634] {dag.py:2306} INFO - Setting next_dagrun for example_task_group to 2023-08-07 00:00:00+00:00
[2023-08-09 16:29:33,648] {scheduler_job.py:190} INFO - Processing /home/airflow/.local/lib/python3.6/site-packages/airflow/example_dags/example_task_group.py took 0.121 seconds
[2023-08-09 16:30:04,783] {scheduler_job.py:182} INFO - Started process (PID=8348) to work on /home/airflow/.local/lib/python3.6/site-packages/airflow/example_dags/example_task_group.py
[2023-08-09 16:30:04,786] {scheduler_job.py:633} INFO - Processing file /home/airflow/.local/lib/python3.6/site-packages/airflow/example_dags/example_task_group.py for tasks to queue
[2023-08-09 16:30:04,788] {logging_mixin.py:104} INFO - [2023-08-09 16:30:04,788] {dagbag.py:496} INFO - Filling up the DagBag from /home/airflow/.local/lib/python3.6/site-packages/airflow/example_dags/example_task_group.py
[2023-08-09 16:30:04,810] {scheduler_job.py:643} INFO - DAG(s) dict_keys(['example_task_group']) retrieved from /home/airflow/.local/lib/python3.6/site-packages/airflow/example_dags/example_task_group.py
[2023-08-09 16:30:04,844] {logging_mixin.py:104} INFO - [2023-08-09 16:30:04,844] {dag.py:1833} INFO - Sync 1 DAGs
[2023-08-09 16:30:04,867] {logging_mixin.py:104} INFO - [2023-08-09 16:30:04,867] {dag.py:2306} INFO - Setting next_dagrun for example_task_group to 2023-08-07 00:00:00+00:00
[2023-08-09 16:30:04,893] {scheduler_job.py:190} INFO - Processing /home/airflow/.local/lib/python3.6/site-packages/airflow/example_dags/example_task_group.py took 0.115 seconds
[2023-08-09 16:30:35,423] {scheduler_job.py:182} INFO - Started process (PID=8408) to work on /home/airflow/.local/lib/python3.6/site-packages/airflow/example_dags/example_task_group.py
[2023-08-09 16:30:35,426] {scheduler_job.py:633} INFO - Processing file /home/airflow/.local/lib/python3.6/site-packages/airflow/example_dags/example_task_group.py for tasks to queue
[2023-08-09 16:30:35,428] {logging_mixin.py:104} INFO - [2023-08-09 16:30:35,428] {dagbag.py:496} INFO - Filling up the DagBag from /home/airflow/.local/lib/python3.6/site-packages/airflow/example_dags/example_task_group.py
[2023-08-09 16:30:35,450] {scheduler_job.py:643} INFO - DAG(s) dict_keys(['example_task_group']) retrieved from /home/airflow/.local/lib/python3.6/site-packages/airflow/example_dags/example_task_group.py
[2023-08-09 16:30:35,483] {logging_mixin.py:104} INFO - [2023-08-09 16:30:35,483] {dag.py:1833} INFO - Sync 1 DAGs
[2023-08-09 16:30:35,501] {logging_mixin.py:104} INFO - [2023-08-09 16:30:35,501] {dag.py:2306} INFO - Setting next_dagrun for example_task_group to 2023-08-07 00:00:00+00:00
[2023-08-09 16:30:35,520] {scheduler_job.py:190} INFO - Processing /home/airflow/.local/lib/python3.6/site-packages/airflow/example_dags/example_task_group.py took 0.102 seconds
[2023-08-09 16:31:06,029] {scheduler_job.py:182} INFO - Started process (PID=8460) to work on /home/airflow/.local/lib/python3.6/site-packages/airflow/example_dags/example_task_group.py
[2023-08-09 16:31:06,034] {scheduler_job.py:633} INFO - Processing file /home/airflow/.local/lib/python3.6/site-packages/airflow/example_dags/example_task_group.py for tasks to queue
[2023-08-09 16:31:06,038] {logging_mixin.py:104} INFO - [2023-08-09 16:31:06,038] {dagbag.py:496} INFO - Filling up the DagBag from /home/airflow/.local/lib/python3.6/site-packages/airflow/example_dags/example_task_group.py
[2023-08-09 16:31:06,084] {scheduler_job.py:643} INFO - DAG(s) dict_keys(['example_task_group']) retrieved from /home/airflow/.local/lib/python3.6/site-packages/airflow/example_dags/example_task_group.py
[2023-08-09 16:31:06,139] {logging_mixin.py:104} INFO - [2023-08-09 16:31:06,138] {dag.py:1833} INFO - Sync 1 DAGs
[2023-08-09 16:31:06,164] {logging_mixin.py:104} INFO - [2023-08-09 16:31:06,164] {dag.py:2306} INFO - Setting next_dagrun for example_task_group to 2023-08-07 00:00:00+00:00
[2023-08-09 16:31:06,183] {scheduler_job.py:190} INFO - Processing /home/airflow/.local/lib/python3.6/site-packages/airflow/example_dags/example_task_group.py took 0.162 seconds
[2023-08-09 16:31:36,806] {scheduler_job.py:182} INFO - Started process (PID=8511) to work on /home/airflow/.local/lib/python3.6/site-packages/airflow/example_dags/example_task_group.py
[2023-08-09 16:31:36,810] {scheduler_job.py:633} INFO - Processing file /home/airflow/.local/lib/python3.6/site-packages/airflow/example_dags/example_task_group.py for tasks to queue
[2023-08-09 16:31:36,812] {logging_mixin.py:104} INFO - [2023-08-09 16:31:36,812] {dagbag.py:496} INFO - Filling up the DagBag from /home/airflow/.local/lib/python3.6/site-packages/airflow/example_dags/example_task_group.py
[2023-08-09 16:31:36,845] {scheduler_job.py:643} INFO - DAG(s) dict_keys(['example_task_group']) retrieved from /home/airflow/.local/lib/python3.6/site-packages/airflow/example_dags/example_task_group.py
[2023-08-09 16:31:36,885] {logging_mixin.py:104} INFO - [2023-08-09 16:31:36,884] {dag.py:1833} INFO - Sync 1 DAGs
[2023-08-09 16:31:36,908] {logging_mixin.py:104} INFO - [2023-08-09 16:31:36,907] {dag.py:2306} INFO - Setting next_dagrun for example_task_group to 2023-08-07 00:00:00+00:00
[2023-08-09 16:31:36,929] {scheduler_job.py:190} INFO - Processing /home/airflow/.local/lib/python3.6/site-packages/airflow/example_dags/example_task_group.py took 0.131 seconds
[2023-08-09 16:32:07,619] {scheduler_job.py:182} INFO - Started process (PID=8562) to work on /home/airflow/.local/lib/python3.6/site-packages/airflow/example_dags/example_task_group.py
[2023-08-09 16:32:07,623] {scheduler_job.py:633} INFO - Processing file /home/airflow/.local/lib/python3.6/site-packages/airflow/example_dags/example_task_group.py for tasks to queue
[2023-08-09 16:32:07,627] {logging_mixin.py:104} INFO - [2023-08-09 16:32:07,625] {dagbag.py:496} INFO - Filling up the DagBag from /home/airflow/.local/lib/python3.6/site-packages/airflow/example_dags/example_task_group.py
[2023-08-09 16:32:07,658] {scheduler_job.py:643} INFO - DAG(s) dict_keys(['example_task_group']) retrieved from /home/airflow/.local/lib/python3.6/site-packages/airflow/example_dags/example_task_group.py
[2023-08-09 16:32:07,689] {logging_mixin.py:104} INFO - [2023-08-09 16:32:07,688] {dag.py:1833} INFO - Sync 1 DAGs
[2023-08-09 16:32:07,717] {logging_mixin.py:104} INFO - [2023-08-09 16:32:07,717] {dag.py:2306} INFO - Setting next_dagrun for example_task_group to 2023-08-07 00:00:00+00:00
[2023-08-09 16:32:07,741] {scheduler_job.py:190} INFO - Processing /home/airflow/.local/lib/python3.6/site-packages/airflow/example_dags/example_task_group.py took 0.130 seconds
[2023-08-09 16:32:39,348] {scheduler_job.py:182} INFO - Started process (PID=8623) to work on /home/airflow/.local/lib/python3.6/site-packages/airflow/example_dags/example_task_group.py
[2023-08-09 16:32:39,353] {scheduler_job.py:633} INFO - Processing file /home/airflow/.local/lib/python3.6/site-packages/airflow/example_dags/example_task_group.py for tasks to queue
[2023-08-09 16:32:39,358] {logging_mixin.py:104} INFO - [2023-08-09 16:32:39,358] {dagbag.py:496} INFO - Filling up the DagBag from /home/airflow/.local/lib/python3.6/site-packages/airflow/example_dags/example_task_group.py
[2023-08-09 16:32:39,408] {scheduler_job.py:643} INFO - DAG(s) dict_keys(['example_task_group']) retrieved from /home/airflow/.local/lib/python3.6/site-packages/airflow/example_dags/example_task_group.py
[2023-08-09 16:32:39,471] {logging_mixin.py:104} INFO - [2023-08-09 16:32:39,471] {dag.py:1833} INFO - Sync 1 DAGs
[2023-08-09 16:32:39,538] {logging_mixin.py:104} INFO - [2023-08-09 16:32:39,538] {dag.py:2306} INFO - Setting next_dagrun for example_task_group to 2023-08-07 00:00:00+00:00
[2023-08-09 16:32:39,596] {scheduler_job.py:190} INFO - Processing /home/airflow/.local/lib/python3.6/site-packages/airflow/example_dags/example_task_group.py took 0.260 seconds
[2023-08-09 16:33:09,798] {scheduler_job.py:182} INFO - Started process (PID=8675) to work on /home/airflow/.local/lib/python3.6/site-packages/airflow/example_dags/example_task_group.py
[2023-08-09 16:33:09,803] {scheduler_job.py:633} INFO - Processing file /home/airflow/.local/lib/python3.6/site-packages/airflow/example_dags/example_task_group.py for tasks to queue
[2023-08-09 16:33:09,806] {logging_mixin.py:104} INFO - [2023-08-09 16:33:09,805] {dagbag.py:496} INFO - Filling up the DagBag from /home/airflow/.local/lib/python3.6/site-packages/airflow/example_dags/example_task_group.py
[2023-08-09 16:33:09,834] {scheduler_job.py:643} INFO - DAG(s) dict_keys(['example_task_group']) retrieved from /home/airflow/.local/lib/python3.6/site-packages/airflow/example_dags/example_task_group.py
[2023-08-09 16:33:09,874] {logging_mixin.py:104} INFO - [2023-08-09 16:33:09,874] {dag.py:1833} INFO - Sync 1 DAGs
[2023-08-09 16:33:09,896] {logging_mixin.py:104} INFO - [2023-08-09 16:33:09,896] {dag.py:2306} INFO - Setting next_dagrun for example_task_group to 2023-08-07 00:00:00+00:00
[2023-08-09 16:33:09,913] {scheduler_job.py:190} INFO - Processing /home/airflow/.local/lib/python3.6/site-packages/airflow/example_dags/example_task_group.py took 0.121 seconds
[2023-08-09 16:33:40,830] {scheduler_job.py:182} INFO - Started process (PID=8733) to work on /home/airflow/.local/lib/python3.6/site-packages/airflow/example_dags/example_task_group.py
[2023-08-09 16:33:40,833] {scheduler_job.py:633} INFO - Processing file /home/airflow/.local/lib/python3.6/site-packages/airflow/example_dags/example_task_group.py for tasks to queue
[2023-08-09 16:33:40,837] {logging_mixin.py:104} INFO - [2023-08-09 16:33:40,837] {dagbag.py:496} INFO - Filling up the DagBag from /home/airflow/.local/lib/python3.6/site-packages/airflow/example_dags/example_task_group.py
[2023-08-09 16:33:40,895] {scheduler_job.py:643} INFO - DAG(s) dict_keys(['example_task_group']) retrieved from /home/airflow/.local/lib/python3.6/site-packages/airflow/example_dags/example_task_group.py
[2023-08-09 16:33:40,945] {logging_mixin.py:104} INFO - [2023-08-09 16:33:40,945] {dag.py:1833} INFO - Sync 1 DAGs
[2023-08-09 16:33:40,973] {logging_mixin.py:104} INFO - [2023-08-09 16:33:40,972] {dag.py:2306} INFO - Setting next_dagrun for example_task_group to 2023-08-07 00:00:00+00:00
[2023-08-09 16:33:40,997] {scheduler_job.py:190} INFO - Processing /home/airflow/.local/lib/python3.6/site-packages/airflow/example_dags/example_task_group.py took 0.174 seconds
[2023-08-09 16:34:11,054] {scheduler_job.py:182} INFO - Started process (PID=8787) to work on /home/airflow/.local/lib/python3.6/site-packages/airflow/example_dags/example_task_group.py
[2023-08-09 16:34:11,057] {scheduler_job.py:633} INFO - Processing file /home/airflow/.local/lib/python3.6/site-packages/airflow/example_dags/example_task_group.py for tasks to queue
[2023-08-09 16:34:11,060] {logging_mixin.py:104} INFO - [2023-08-09 16:34:11,059] {dagbag.py:496} INFO - Filling up the DagBag from /home/airflow/.local/lib/python3.6/site-packages/airflow/example_dags/example_task_group.py
[2023-08-09 16:34:11,087] {scheduler_job.py:643} INFO - DAG(s) dict_keys(['example_task_group']) retrieved from /home/airflow/.local/lib/python3.6/site-packages/airflow/example_dags/example_task_group.py
[2023-08-09 16:34:11,119] {logging_mixin.py:104} INFO - [2023-08-09 16:34:11,119] {dag.py:1833} INFO - Sync 1 DAGs
[2023-08-09 16:34:11,138] {logging_mixin.py:104} INFO - [2023-08-09 16:34:11,138] {dag.py:2306} INFO - Setting next_dagrun for example_task_group to 2023-08-07 00:00:00+00:00
[2023-08-09 16:34:11,155] {scheduler_job.py:190} INFO - Processing /home/airflow/.local/lib/python3.6/site-packages/airflow/example_dags/example_task_group.py took 0.106 seconds
[2023-08-09 16:34:42,069] {scheduler_job.py:182} INFO - Started process (PID=8839) to work on /home/airflow/.local/lib/python3.6/site-packages/airflow/example_dags/example_task_group.py
[2023-08-09 16:34:42,081] {scheduler_job.py:633} INFO - Processing file /home/airflow/.local/lib/python3.6/site-packages/airflow/example_dags/example_task_group.py for tasks to queue
[2023-08-09 16:34:42,088] {logging_mixin.py:104} INFO - [2023-08-09 16:34:42,087] {dagbag.py:496} INFO - Filling up the DagBag from /home/airflow/.local/lib/python3.6/site-packages/airflow/example_dags/example_task_group.py
[2023-08-09 16:34:42,181] {scheduler_job.py:643} INFO - DAG(s) dict_keys(['example_task_group']) retrieved from /home/airflow/.local/lib/python3.6/site-packages/airflow/example_dags/example_task_group.py
[2023-08-09 16:34:42,272] {logging_mixin.py:104} INFO - [2023-08-09 16:34:42,272] {dag.py:1833} INFO - Sync 1 DAGs
[2023-08-09 16:34:42,300] {logging_mixin.py:104} INFO - [2023-08-09 16:34:42,300] {dag.py:2306} INFO - Setting next_dagrun for example_task_group to 2023-08-07 00:00:00+00:00
[2023-08-09 16:34:42,326] {scheduler_job.py:190} INFO - Processing /home/airflow/.local/lib/python3.6/site-packages/airflow/example_dags/example_task_group.py took 0.267 seconds
[2023-08-09 16:35:13,703] {scheduler_job.py:182} INFO - Started process (PID=8897) to work on /home/airflow/.local/lib/python3.6/site-packages/airflow/example_dags/example_task_group.py
[2023-08-09 16:35:13,708] {scheduler_job.py:633} INFO - Processing file /home/airflow/.local/lib/python3.6/site-packages/airflow/example_dags/example_task_group.py for tasks to queue
[2023-08-09 16:35:13,715] {logging_mixin.py:104} INFO - [2023-08-09 16:35:13,714] {dagbag.py:496} INFO - Filling up the DagBag from /home/airflow/.local/lib/python3.6/site-packages/airflow/example_dags/example_task_group.py
[2023-08-09 16:35:13,786] {scheduler_job.py:643} INFO - DAG(s) dict_keys(['example_task_group']) retrieved from /home/airflow/.local/lib/python3.6/site-packages/airflow/example_dags/example_task_group.py
[2023-08-09 16:35:13,849] {logging_mixin.py:104} INFO - [2023-08-09 16:35:13,849] {dag.py:1833} INFO - Sync 1 DAGs
[2023-08-09 16:35:13,886] {logging_mixin.py:104} INFO - [2023-08-09 16:35:13,886] {dag.py:2306} INFO - Setting next_dagrun for example_task_group to 2023-08-07 00:00:00+00:00
[2023-08-09 16:35:13,930] {scheduler_job.py:190} INFO - Processing /home/airflow/.local/lib/python3.6/site-packages/airflow/example_dags/example_task_group.py took 0.242 seconds
[2023-08-09 16:35:44,180] {scheduler_job.py:182} INFO - Started process (PID=8947) to work on /home/airflow/.local/lib/python3.6/site-packages/airflow/example_dags/example_task_group.py
[2023-08-09 16:35:44,184] {scheduler_job.py:633} INFO - Processing file /home/airflow/.local/lib/python3.6/site-packages/airflow/example_dags/example_task_group.py for tasks to queue
[2023-08-09 16:35:44,186] {logging_mixin.py:104} INFO - [2023-08-09 16:35:44,186] {dagbag.py:496} INFO - Filling up the DagBag from /home/airflow/.local/lib/python3.6/site-packages/airflow/example_dags/example_task_group.py
[2023-08-09 16:35:44,237] {scheduler_job.py:643} INFO - DAG(s) dict_keys(['example_task_group']) retrieved from /home/airflow/.local/lib/python3.6/site-packages/airflow/example_dags/example_task_group.py
[2023-08-09 16:35:44,289] {logging_mixin.py:104} INFO - [2023-08-09 16:35:44,289] {dag.py:1833} INFO - Sync 1 DAGs
[2023-08-09 16:35:44,312] {logging_mixin.py:104} INFO - [2023-08-09 16:35:44,312] {dag.py:2306} INFO - Setting next_dagrun for example_task_group to 2023-08-07 00:00:00+00:00
[2023-08-09 16:35:44,329] {scheduler_job.py:190} INFO - Processing /home/airflow/.local/lib/python3.6/site-packages/airflow/example_dags/example_task_group.py took 0.166 seconds
[2023-08-09 16:36:15,253] {scheduler_job.py:182} INFO - Started process (PID=8998) to work on /home/airflow/.local/lib/python3.6/site-packages/airflow/example_dags/example_task_group.py
[2023-08-09 16:36:15,259] {scheduler_job.py:633} INFO - Processing file /home/airflow/.local/lib/python3.6/site-packages/airflow/example_dags/example_task_group.py for tasks to queue
[2023-08-09 16:36:15,261] {logging_mixin.py:104} INFO - [2023-08-09 16:36:15,261] {dagbag.py:496} INFO - Filling up the DagBag from /home/airflow/.local/lib/python3.6/site-packages/airflow/example_dags/example_task_group.py
[2023-08-09 16:36:15,285] {scheduler_job.py:643} INFO - DAG(s) dict_keys(['example_task_group']) retrieved from /home/airflow/.local/lib/python3.6/site-packages/airflow/example_dags/example_task_group.py
[2023-08-09 16:36:15,321] {logging_mixin.py:104} INFO - [2023-08-09 16:36:15,321] {dag.py:1833} INFO - Sync 1 DAGs
[2023-08-09 16:36:15,346] {logging_mixin.py:104} INFO - [2023-08-09 16:36:15,346] {dag.py:2306} INFO - Setting next_dagrun for example_task_group to 2023-08-07 00:00:00+00:00
[2023-08-09 16:36:15,540] {scheduler_job.py:190} INFO - Processing /home/airflow/.local/lib/python3.6/site-packages/airflow/example_dags/example_task_group.py took 0.298 seconds
[2023-08-09 16:36:45,631] {scheduler_job.py:182} INFO - Started process (PID=9049) to work on /home/airflow/.local/lib/python3.6/site-packages/airflow/example_dags/example_task_group.py
[2023-08-09 16:36:45,639] {scheduler_job.py:633} INFO - Processing file /home/airflow/.local/lib/python3.6/site-packages/airflow/example_dags/example_task_group.py for tasks to queue
[2023-08-09 16:36:45,641] {logging_mixin.py:104} INFO - [2023-08-09 16:36:45,641] {dagbag.py:496} INFO - Filling up the DagBag from /home/airflow/.local/lib/python3.6/site-packages/airflow/example_dags/example_task_group.py
[2023-08-09 16:36:45,670] {scheduler_job.py:643} INFO - DAG(s) dict_keys(['example_task_group']) retrieved from /home/airflow/.local/lib/python3.6/site-packages/airflow/example_dags/example_task_group.py
[2023-08-09 16:36:45,715] {logging_mixin.py:104} INFO - [2023-08-09 16:36:45,715] {dag.py:1833} INFO - Sync 1 DAGs
[2023-08-09 16:36:45,737] {logging_mixin.py:104} INFO - [2023-08-09 16:36:45,737] {dag.py:2306} INFO - Setting next_dagrun for example_task_group to 2023-08-07 00:00:00+00:00
[2023-08-09 16:36:45,757] {scheduler_job.py:190} INFO - Processing /home/airflow/.local/lib/python3.6/site-packages/airflow/example_dags/example_task_group.py took 0.133 seconds
[2023-08-09 16:37:16,819] {scheduler_job.py:182} INFO - Started process (PID=9109) to work on /home/airflow/.local/lib/python3.6/site-packages/airflow/example_dags/example_task_group.py
[2023-08-09 16:37:16,821] {scheduler_job.py:633} INFO - Processing file /home/airflow/.local/lib/python3.6/site-packages/airflow/example_dags/example_task_group.py for tasks to queue
[2023-08-09 16:37:16,826] {logging_mixin.py:104} INFO - [2023-08-09 16:37:16,825] {dagbag.py:496} INFO - Filling up the DagBag from /home/airflow/.local/lib/python3.6/site-packages/airflow/example_dags/example_task_group.py
[2023-08-09 16:37:16,861] {scheduler_job.py:643} INFO - DAG(s) dict_keys(['example_task_group']) retrieved from /home/airflow/.local/lib/python3.6/site-packages/airflow/example_dags/example_task_group.py
[2023-08-09 16:37:16,919] {logging_mixin.py:104} INFO - [2023-08-09 16:37:16,919] {dag.py:1833} INFO - Sync 1 DAGs
[2023-08-09 16:37:16,941] {logging_mixin.py:104} INFO - [2023-08-09 16:37:16,941] {dag.py:2306} INFO - Setting next_dagrun for example_task_group to 2023-08-07 00:00:00+00:00
[2023-08-09 16:37:16,962] {scheduler_job.py:190} INFO - Processing /home/airflow/.local/lib/python3.6/site-packages/airflow/example_dags/example_task_group.py took 0.156 seconds
[2023-08-09 16:37:47,663] {scheduler_job.py:182} INFO - Started process (PID=9163) to work on /home/airflow/.local/lib/python3.6/site-packages/airflow/example_dags/example_task_group.py
[2023-08-09 16:37:47,668] {scheduler_job.py:633} INFO - Processing file /home/airflow/.local/lib/python3.6/site-packages/airflow/example_dags/example_task_group.py for tasks to queue
[2023-08-09 16:37:47,673] {logging_mixin.py:104} INFO - [2023-08-09 16:37:47,673] {dagbag.py:496} INFO - Filling up the DagBag from /home/airflow/.local/lib/python3.6/site-packages/airflow/example_dags/example_task_group.py
[2023-08-09 16:37:47,702] {scheduler_job.py:643} INFO - DAG(s) dict_keys(['example_task_group']) retrieved from /home/airflow/.local/lib/python3.6/site-packages/airflow/example_dags/example_task_group.py
[2023-08-09 16:37:47,746] {logging_mixin.py:104} INFO - [2023-08-09 16:37:47,746] {dag.py:1833} INFO - Sync 1 DAGs
[2023-08-09 16:37:47,765] {logging_mixin.py:104} INFO - [2023-08-09 16:37:47,765] {dag.py:2306} INFO - Setting next_dagrun for example_task_group to 2023-08-07 00:00:00+00:00
[2023-08-09 16:37:47,782] {scheduler_job.py:190} INFO - Processing /home/airflow/.local/lib/python3.6/site-packages/airflow/example_dags/example_task_group.py took 0.124 seconds
[2023-08-09 16:38:19,093] {scheduler_job.py:182} INFO - Started process (PID=9213) to work on /home/airflow/.local/lib/python3.6/site-packages/airflow/example_dags/example_task_group.py
[2023-08-09 16:38:19,096] {scheduler_job.py:633} INFO - Processing file /home/airflow/.local/lib/python3.6/site-packages/airflow/example_dags/example_task_group.py for tasks to queue
[2023-08-09 16:38:19,098] {logging_mixin.py:104} INFO - [2023-08-09 16:38:19,098] {dagbag.py:496} INFO - Filling up the DagBag from /home/airflow/.local/lib/python3.6/site-packages/airflow/example_dags/example_task_group.py
[2023-08-09 16:38:19,124] {scheduler_job.py:643} INFO - DAG(s) dict_keys(['example_task_group']) retrieved from /home/airflow/.local/lib/python3.6/site-packages/airflow/example_dags/example_task_group.py
[2023-08-09 16:38:19,159] {logging_mixin.py:104} INFO - [2023-08-09 16:38:19,159] {dag.py:1833} INFO - Sync 1 DAGs
[2023-08-09 16:38:19,179] {logging_mixin.py:104} INFO - [2023-08-09 16:38:19,179] {dag.py:2306} INFO - Setting next_dagrun for example_task_group to 2023-08-07 00:00:00+00:00
[2023-08-09 16:38:19,199] {scheduler_job.py:190} INFO - Processing /home/airflow/.local/lib/python3.6/site-packages/airflow/example_dags/example_task_group.py took 0.114 seconds
[2023-08-09 16:38:49,979] {scheduler_job.py:182} INFO - Started process (PID=9274) to work on /home/airflow/.local/lib/python3.6/site-packages/airflow/example_dags/example_task_group.py
[2023-08-09 16:38:49,981] {scheduler_job.py:633} INFO - Processing file /home/airflow/.local/lib/python3.6/site-packages/airflow/example_dags/example_task_group.py for tasks to queue
[2023-08-09 16:38:49,983] {logging_mixin.py:104} INFO - [2023-08-09 16:38:49,983] {dagbag.py:496} INFO - Filling up the DagBag from /home/airflow/.local/lib/python3.6/site-packages/airflow/example_dags/example_task_group.py
[2023-08-09 16:38:50,014] {scheduler_job.py:643} INFO - DAG(s) dict_keys(['example_task_group']) retrieved from /home/airflow/.local/lib/python3.6/site-packages/airflow/example_dags/example_task_group.py
[2023-08-09 16:38:50,059] {logging_mixin.py:104} INFO - [2023-08-09 16:38:50,059] {dag.py:1833} INFO - Sync 1 DAGs
[2023-08-09 16:38:50,082] {logging_mixin.py:104} INFO - [2023-08-09 16:38:50,082] {dag.py:2306} INFO - Setting next_dagrun for example_task_group to 2023-08-07 00:00:00+00:00
[2023-08-09 16:38:50,103] {scheduler_job.py:190} INFO - Processing /home/airflow/.local/lib/python3.6/site-packages/airflow/example_dags/example_task_group.py took 0.128 seconds
[2023-08-09 16:39:20,622] {scheduler_job.py:182} INFO - Started process (PID=9325) to work on /home/airflow/.local/lib/python3.6/site-packages/airflow/example_dags/example_task_group.py
[2023-08-09 16:39:20,625] {scheduler_job.py:633} INFO - Processing file /home/airflow/.local/lib/python3.6/site-packages/airflow/example_dags/example_task_group.py for tasks to queue
[2023-08-09 16:39:20,629] {logging_mixin.py:104} INFO - [2023-08-09 16:39:20,628] {dagbag.py:496} INFO - Filling up the DagBag from /home/airflow/.local/lib/python3.6/site-packages/airflow/example_dags/example_task_group.py
[2023-08-09 16:39:20,663] {scheduler_job.py:643} INFO - DAG(s) dict_keys(['example_task_group']) retrieved from /home/airflow/.local/lib/python3.6/site-packages/airflow/example_dags/example_task_group.py
[2023-08-09 16:39:20,696] {logging_mixin.py:104} INFO - [2023-08-09 16:39:20,696] {dag.py:1833} INFO - Sync 1 DAGs
[2023-08-09 16:39:20,716] {logging_mixin.py:104} INFO - [2023-08-09 16:39:20,716] {dag.py:2306} INFO - Setting next_dagrun for example_task_group to 2023-08-07 00:00:00+00:00
[2023-08-09 16:39:20,737] {scheduler_job.py:190} INFO - Processing /home/airflow/.local/lib/python3.6/site-packages/airflow/example_dags/example_task_group.py took 0.122 seconds
[2023-08-09 16:39:51,889] {scheduler_job.py:182} INFO - Started process (PID=9375) to work on /home/airflow/.local/lib/python3.6/site-packages/airflow/example_dags/example_task_group.py
[2023-08-09 16:39:51,899] {scheduler_job.py:633} INFO - Processing file /home/airflow/.local/lib/python3.6/site-packages/airflow/example_dags/example_task_group.py for tasks to queue
[2023-08-09 16:39:51,901] {logging_mixin.py:104} INFO - [2023-08-09 16:39:51,901] {dagbag.py:496} INFO - Filling up the DagBag from /home/airflow/.local/lib/python3.6/site-packages/airflow/example_dags/example_task_group.py
[2023-08-09 16:39:51,937] {scheduler_job.py:643} INFO - DAG(s) dict_keys(['example_task_group']) retrieved from /home/airflow/.local/lib/python3.6/site-packages/airflow/example_dags/example_task_group.py
[2023-08-09 16:39:51,975] {logging_mixin.py:104} INFO - [2023-08-09 16:39:51,975] {dag.py:1833} INFO - Sync 1 DAGs
[2023-08-09 16:39:51,992] {logging_mixin.py:104} INFO - [2023-08-09 16:39:51,992] {dag.py:2306} INFO - Setting next_dagrun for example_task_group to 2023-08-07 00:00:00+00:00
[2023-08-09 16:39:52,007] {scheduler_job.py:190} INFO - Processing /home/airflow/.local/lib/python3.6/site-packages/airflow/example_dags/example_task_group.py took 0.123 seconds
[2023-08-09 16:40:23,361] {scheduler_job.py:182} INFO - Started process (PID=9431) to work on /home/airflow/.local/lib/python3.6/site-packages/airflow/example_dags/example_task_group.py
[2023-08-09 16:40:23,372] {scheduler_job.py:633} INFO - Processing file /home/airflow/.local/lib/python3.6/site-packages/airflow/example_dags/example_task_group.py for tasks to queue
[2023-08-09 16:40:23,375] {logging_mixin.py:104} INFO - [2023-08-09 16:40:23,374] {dagbag.py:496} INFO - Filling up the DagBag from /home/airflow/.local/lib/python3.6/site-packages/airflow/example_dags/example_task_group.py
[2023-08-09 16:40:23,443] {scheduler_job.py:643} INFO - DAG(s) dict_keys(['example_task_group']) retrieved from /home/airflow/.local/lib/python3.6/site-packages/airflow/example_dags/example_task_group.py
[2023-08-09 16:40:23,554] {logging_mixin.py:104} INFO - [2023-08-09 16:40:23,553] {dag.py:1833} INFO - Sync 1 DAGs
[2023-08-09 16:40:23,608] {logging_mixin.py:104} INFO - [2023-08-09 16:40:23,607] {dag.py:2306} INFO - Setting next_dagrun for example_task_group to 2023-08-07 00:00:00+00:00
[2023-08-09 16:40:23,645] {scheduler_job.py:190} INFO - Processing /home/airflow/.local/lib/python3.6/site-packages/airflow/example_dags/example_task_group.py took 0.310 seconds
[2023-08-09 16:40:55,786] {scheduler_job.py:182} INFO - Started process (PID=9483) to work on /home/airflow/.local/lib/python3.6/site-packages/airflow/example_dags/example_task_group.py
[2023-08-09 16:40:55,795] {scheduler_job.py:633} INFO - Processing file /home/airflow/.local/lib/python3.6/site-packages/airflow/example_dags/example_task_group.py for tasks to queue
[2023-08-09 16:40:55,798] {logging_mixin.py:104} INFO - [2023-08-09 16:40:55,798] {dagbag.py:496} INFO - Filling up the DagBag from /home/airflow/.local/lib/python3.6/site-packages/airflow/example_dags/example_task_group.py
[2023-08-09 16:40:55,877] {scheduler_job.py:643} INFO - DAG(s) dict_keys(['example_task_group']) retrieved from /home/airflow/.local/lib/python3.6/site-packages/airflow/example_dags/example_task_group.py
[2023-08-09 16:40:55,947] {logging_mixin.py:104} INFO - [2023-08-09 16:40:55,947] {dag.py:1833} INFO - Sync 1 DAGs
[2023-08-09 16:40:55,968] {logging_mixin.py:104} INFO - [2023-08-09 16:40:55,968] {dag.py:2306} INFO - Setting next_dagrun for example_task_group to 2023-08-07 00:00:00+00:00
[2023-08-09 16:40:55,988] {scheduler_job.py:190} INFO - Processing /home/airflow/.local/lib/python3.6/site-packages/airflow/example_dags/example_task_group.py took 0.218 seconds
[2023-08-09 16:41:26,551] {scheduler_job.py:182} INFO - Started process (PID=9536) to work on /home/airflow/.local/lib/python3.6/site-packages/airflow/example_dags/example_task_group.py
[2023-08-09 16:41:26,554] {scheduler_job.py:633} INFO - Processing file /home/airflow/.local/lib/python3.6/site-packages/airflow/example_dags/example_task_group.py for tasks to queue
[2023-08-09 16:41:26,557] {logging_mixin.py:104} INFO - [2023-08-09 16:41:26,557] {dagbag.py:496} INFO - Filling up the DagBag from /home/airflow/.local/lib/python3.6/site-packages/airflow/example_dags/example_task_group.py
[2023-08-09 16:41:26,587] {scheduler_job.py:643} INFO - DAG(s) dict_keys(['example_task_group']) retrieved from /home/airflow/.local/lib/python3.6/site-packages/airflow/example_dags/example_task_group.py
[2023-08-09 16:41:26,627] {logging_mixin.py:104} INFO - [2023-08-09 16:41:26,627] {dag.py:1833} INFO - Sync 1 DAGs
[2023-08-09 16:41:26,650] {logging_mixin.py:104} INFO - [2023-08-09 16:41:26,650] {dag.py:2306} INFO - Setting next_dagrun for example_task_group to 2023-08-07 00:00:00+00:00
[2023-08-09 16:41:26,670] {scheduler_job.py:190} INFO - Processing /home/airflow/.local/lib/python3.6/site-packages/airflow/example_dags/example_task_group.py took 0.124 seconds
[2023-08-09 16:41:56,936] {scheduler_job.py:182} INFO - Started process (PID=9587) to work on /home/airflow/.local/lib/python3.6/site-packages/airflow/example_dags/example_task_group.py
[2023-08-09 16:41:56,940] {scheduler_job.py:633} INFO - Processing file /home/airflow/.local/lib/python3.6/site-packages/airflow/example_dags/example_task_group.py for tasks to queue
[2023-08-09 16:41:56,942] {logging_mixin.py:104} INFO - [2023-08-09 16:41:56,942] {dagbag.py:496} INFO - Filling up the DagBag from /home/airflow/.local/lib/python3.6/site-packages/airflow/example_dags/example_task_group.py
[2023-08-09 16:41:56,966] {scheduler_job.py:643} INFO - DAG(s) dict_keys(['example_task_group']) retrieved from /home/airflow/.local/lib/python3.6/site-packages/airflow/example_dags/example_task_group.py
[2023-08-09 16:41:57,026] {logging_mixin.py:104} INFO - [2023-08-09 16:41:57,025] {dag.py:1833} INFO - Sync 1 DAGs
[2023-08-09 16:41:57,047] {logging_mixin.py:104} INFO - [2023-08-09 16:41:57,047] {dag.py:2306} INFO - Setting next_dagrun for example_task_group to 2023-08-07 00:00:00+00:00
[2023-08-09 16:41:57,061] {scheduler_job.py:190} INFO - Processing /home/airflow/.local/lib/python3.6/site-packages/airflow/example_dags/example_task_group.py took 0.132 seconds
[2023-08-09 16:42:28,225] {scheduler_job.py:182} INFO - Started process (PID=9647) to work on /home/airflow/.local/lib/python3.6/site-packages/airflow/example_dags/example_task_group.py
[2023-08-09 16:42:28,227] {scheduler_job.py:633} INFO - Processing file /home/airflow/.local/lib/python3.6/site-packages/airflow/example_dags/example_task_group.py for tasks to queue
[2023-08-09 16:42:28,229] {logging_mixin.py:104} INFO - [2023-08-09 16:42:28,229] {dagbag.py:496} INFO - Filling up the DagBag from /home/airflow/.local/lib/python3.6/site-packages/airflow/example_dags/example_task_group.py
[2023-08-09 16:42:28,262] {scheduler_job.py:643} INFO - DAG(s) dict_keys(['example_task_group']) retrieved from /home/airflow/.local/lib/python3.6/site-packages/airflow/example_dags/example_task_group.py
[2023-08-09 16:42:28,302] {logging_mixin.py:104} INFO - [2023-08-09 16:42:28,302] {dag.py:1833} INFO - Sync 1 DAGs
[2023-08-09 16:42:28,318] {logging_mixin.py:104} INFO - [2023-08-09 16:42:28,318] {dag.py:2306} INFO - Setting next_dagrun for example_task_group to 2023-08-07 00:00:00+00:00
[2023-08-09 16:42:28,336] {scheduler_job.py:190} INFO - Processing /home/airflow/.local/lib/python3.6/site-packages/airflow/example_dags/example_task_group.py took 0.117 seconds
[2023-08-09 16:42:59,165] {scheduler_job.py:182} INFO - Started process (PID=9699) to work on /home/airflow/.local/lib/python3.6/site-packages/airflow/example_dags/example_task_group.py
[2023-08-09 16:42:59,181] {scheduler_job.py:633} INFO - Processing file /home/airflow/.local/lib/python3.6/site-packages/airflow/example_dags/example_task_group.py for tasks to queue
[2023-08-09 16:42:59,183] {logging_mixin.py:104} INFO - [2023-08-09 16:42:59,183] {dagbag.py:496} INFO - Filling up the DagBag from /home/airflow/.local/lib/python3.6/site-packages/airflow/example_dags/example_task_group.py
[2023-08-09 16:42:59,219] {scheduler_job.py:643} INFO - DAG(s) dict_keys(['example_task_group']) retrieved from /home/airflow/.local/lib/python3.6/site-packages/airflow/example_dags/example_task_group.py
[2023-08-09 16:42:59,269] {logging_mixin.py:104} INFO - [2023-08-09 16:42:59,269] {dag.py:1833} INFO - Sync 1 DAGs
[2023-08-09 16:42:59,303] {logging_mixin.py:104} INFO - [2023-08-09 16:42:59,302] {dag.py:2306} INFO - Setting next_dagrun for example_task_group to 2023-08-07 00:00:00+00:00
[2023-08-09 16:42:59,323] {scheduler_job.py:190} INFO - Processing /home/airflow/.local/lib/python3.6/site-packages/airflow/example_dags/example_task_group.py took 0.165 seconds
[2023-08-09 16:43:30,630] {scheduler_job.py:182} INFO - Started process (PID=9758) to work on /home/airflow/.local/lib/python3.6/site-packages/airflow/example_dags/example_task_group.py
[2023-08-09 16:43:30,639] {scheduler_job.py:633} INFO - Processing file /home/airflow/.local/lib/python3.6/site-packages/airflow/example_dags/example_task_group.py for tasks to queue
[2023-08-09 16:43:30,648] {logging_mixin.py:104} INFO - [2023-08-09 16:43:30,648] {dagbag.py:496} INFO - Filling up the DagBag from /home/airflow/.local/lib/python3.6/site-packages/airflow/example_dags/example_task_group.py
[2023-08-09 16:43:30,719] {scheduler_job.py:643} INFO - DAG(s) dict_keys(['example_task_group']) retrieved from /home/airflow/.local/lib/python3.6/site-packages/airflow/example_dags/example_task_group.py
[2023-08-09 16:43:30,788] {logging_mixin.py:104} INFO - [2023-08-09 16:43:30,788] {dag.py:1833} INFO - Sync 1 DAGs
[2023-08-09 16:43:30,806] {logging_mixin.py:104} INFO - [2023-08-09 16:43:30,806] {dag.py:2306} INFO - Setting next_dagrun for example_task_group to 2023-08-07 00:00:00+00:00
[2023-08-09 16:43:30,826] {scheduler_job.py:190} INFO - Processing /home/airflow/.local/lib/python3.6/site-packages/airflow/example_dags/example_task_group.py took 0.216 seconds
[2023-08-09 16:44:01,191] {scheduler_job.py:182} INFO - Started process (PID=9808) to work on /home/airflow/.local/lib/python3.6/site-packages/airflow/example_dags/example_task_group.py
[2023-08-09 16:44:01,194] {scheduler_job.py:633} INFO - Processing file /home/airflow/.local/lib/python3.6/site-packages/airflow/example_dags/example_task_group.py for tasks to queue
[2023-08-09 16:44:01,196] {logging_mixin.py:104} INFO - [2023-08-09 16:44:01,196] {dagbag.py:496} INFO - Filling up the DagBag from /home/airflow/.local/lib/python3.6/site-packages/airflow/example_dags/example_task_group.py
[2023-08-09 16:44:01,225] {scheduler_job.py:643} INFO - DAG(s) dict_keys(['example_task_group']) retrieved from /home/airflow/.local/lib/python3.6/site-packages/airflow/example_dags/example_task_group.py
[2023-08-09 16:44:01,264] {logging_mixin.py:104} INFO - [2023-08-09 16:44:01,264] {dag.py:1833} INFO - Sync 1 DAGs
[2023-08-09 16:44:01,298] {logging_mixin.py:104} INFO - [2023-08-09 16:44:01,298] {dag.py:2306} INFO - Setting next_dagrun for example_task_group to 2023-08-07 00:00:00+00:00
[2023-08-09 16:44:01,316] {scheduler_job.py:190} INFO - Processing /home/airflow/.local/lib/python3.6/site-packages/airflow/example_dags/example_task_group.py took 0.130 seconds
[2023-08-09 16:44:31,814] {scheduler_job.py:182} INFO - Started process (PID=9860) to work on /home/airflow/.local/lib/python3.6/site-packages/airflow/example_dags/example_task_group.py
[2023-08-09 16:44:31,816] {scheduler_job.py:633} INFO - Processing file /home/airflow/.local/lib/python3.6/site-packages/airflow/example_dags/example_task_group.py for tasks to queue
[2023-08-09 16:44:31,818] {logging_mixin.py:104} INFO - [2023-08-09 16:44:31,817] {dagbag.py:496} INFO - Filling up the DagBag from /home/airflow/.local/lib/python3.6/site-packages/airflow/example_dags/example_task_group.py
[2023-08-09 16:44:31,840] {scheduler_job.py:643} INFO - DAG(s) dict_keys(['example_task_group']) retrieved from /home/airflow/.local/lib/python3.6/site-packages/airflow/example_dags/example_task_group.py
[2023-08-09 16:44:31,874] {logging_mixin.py:104} INFO - [2023-08-09 16:44:31,874] {dag.py:1833} INFO - Sync 1 DAGs
[2023-08-09 16:44:31,897] {logging_mixin.py:104} INFO - [2023-08-09 16:44:31,897] {dag.py:2306} INFO - Setting next_dagrun for example_task_group to 2023-08-07 00:00:00+00:00
[2023-08-09 16:44:31,929] {scheduler_job.py:190} INFO - Processing /home/airflow/.local/lib/python3.6/site-packages/airflow/example_dags/example_task_group.py took 0.120 seconds
[2023-08-09 16:45:02,927] {scheduler_job.py:182} INFO - Started process (PID=9921) to work on /home/airflow/.local/lib/python3.6/site-packages/airflow/example_dags/example_task_group.py
[2023-08-09 16:45:02,930] {scheduler_job.py:633} INFO - Processing file /home/airflow/.local/lib/python3.6/site-packages/airflow/example_dags/example_task_group.py for tasks to queue
[2023-08-09 16:45:02,934] {logging_mixin.py:104} INFO - [2023-08-09 16:45:02,934] {dagbag.py:496} INFO - Filling up the DagBag from /home/airflow/.local/lib/python3.6/site-packages/airflow/example_dags/example_task_group.py
[2023-08-09 16:45:02,981] {scheduler_job.py:643} INFO - DAG(s) dict_keys(['example_task_group']) retrieved from /home/airflow/.local/lib/python3.6/site-packages/airflow/example_dags/example_task_group.py
[2023-08-09 16:45:03,035] {logging_mixin.py:104} INFO - [2023-08-09 16:45:03,034] {dag.py:1833} INFO - Sync 1 DAGs
[2023-08-09 16:45:03,080] {logging_mixin.py:104} INFO - [2023-08-09 16:45:03,080] {dag.py:2306} INFO - Setting next_dagrun for example_task_group to 2023-08-07 00:00:00+00:00
[2023-08-09 16:45:03,122] {scheduler_job.py:190} INFO - Processing /home/airflow/.local/lib/python3.6/site-packages/airflow/example_dags/example_task_group.py took 0.205 seconds
[2023-08-09 16:45:33,799] {scheduler_job.py:182} INFO - Started process (PID=9974) to work on /home/airflow/.local/lib/python3.6/site-packages/airflow/example_dags/example_task_group.py
[2023-08-09 16:45:33,802] {scheduler_job.py:633} INFO - Processing file /home/airflow/.local/lib/python3.6/site-packages/airflow/example_dags/example_task_group.py for tasks to queue
[2023-08-09 16:45:33,804] {logging_mixin.py:104} INFO - [2023-08-09 16:45:33,804] {dagbag.py:496} INFO - Filling up the DagBag from /home/airflow/.local/lib/python3.6/site-packages/airflow/example_dags/example_task_group.py
[2023-08-09 16:45:33,826] {scheduler_job.py:643} INFO - DAG(s) dict_keys(['example_task_group']) retrieved from /home/airflow/.local/lib/python3.6/site-packages/airflow/example_dags/example_task_group.py
[2023-08-09 16:45:33,854] {logging_mixin.py:104} INFO - [2023-08-09 16:45:33,853] {dag.py:1833} INFO - Sync 1 DAGs
[2023-08-09 16:45:33,870] {logging_mixin.py:104} INFO - [2023-08-09 16:45:33,870] {dag.py:2306} INFO - Setting next_dagrun for example_task_group to 2023-08-07 00:00:00+00:00
[2023-08-09 16:45:33,885] {scheduler_job.py:190} INFO - Processing /home/airflow/.local/lib/python3.6/site-packages/airflow/example_dags/example_task_group.py took 0.091 seconds
[2023-08-09 16:46:05,225] {scheduler_job.py:182} INFO - Started process (PID=10034) to work on /home/airflow/.local/lib/python3.6/site-packages/airflow/example_dags/example_task_group.py
[2023-08-09 16:46:05,229] {scheduler_job.py:633} INFO - Processing file /home/airflow/.local/lib/python3.6/site-packages/airflow/example_dags/example_task_group.py for tasks to queue
[2023-08-09 16:46:05,237] {logging_mixin.py:104} INFO - [2023-08-09 16:46:05,237] {dagbag.py:496} INFO - Filling up the DagBag from /home/airflow/.local/lib/python3.6/site-packages/airflow/example_dags/example_task_group.py
[2023-08-09 16:46:05,270] {scheduler_job.py:643} INFO - DAG(s) dict_keys(['example_task_group']) retrieved from /home/airflow/.local/lib/python3.6/site-packages/airflow/example_dags/example_task_group.py
[2023-08-09 16:46:05,314] {logging_mixin.py:104} INFO - [2023-08-09 16:46:05,314] {dag.py:1833} INFO - Sync 1 DAGs
[2023-08-09 16:46:05,334] {logging_mixin.py:104} INFO - [2023-08-09 16:46:05,334] {dag.py:2306} INFO - Setting next_dagrun for example_task_group to 2023-08-07 00:00:00+00:00
[2023-08-09 16:46:05,350] {scheduler_job.py:190} INFO - Processing /home/airflow/.local/lib/python3.6/site-packages/airflow/example_dags/example_task_group.py took 0.132 seconds
[2023-08-09 16:46:36,364] {scheduler_job.py:182} INFO - Started process (PID=10085) to work on /home/airflow/.local/lib/python3.6/site-packages/airflow/example_dags/example_task_group.py
[2023-08-09 16:46:36,367] {scheduler_job.py:633} INFO - Processing file /home/airflow/.local/lib/python3.6/site-packages/airflow/example_dags/example_task_group.py for tasks to queue
[2023-08-09 16:46:36,369] {logging_mixin.py:104} INFO - [2023-08-09 16:46:36,368] {dagbag.py:496} INFO - Filling up the DagBag from /home/airflow/.local/lib/python3.6/site-packages/airflow/example_dags/example_task_group.py
[2023-08-09 16:46:36,390] {scheduler_job.py:643} INFO - DAG(s) dict_keys(['example_task_group']) retrieved from /home/airflow/.local/lib/python3.6/site-packages/airflow/example_dags/example_task_group.py
[2023-08-09 16:46:36,433] {logging_mixin.py:104} INFO - [2023-08-09 16:46:36,433] {dag.py:1833} INFO - Sync 1 DAGs
[2023-08-09 16:46:36,457] {logging_mixin.py:104} INFO - [2023-08-09 16:46:36,457] {dag.py:2306} INFO - Setting next_dagrun for example_task_group to 2023-08-07 00:00:00+00:00
[2023-08-09 16:46:36,481] {scheduler_job.py:190} INFO - Processing /home/airflow/.local/lib/python3.6/site-packages/airflow/example_dags/example_task_group.py took 0.122 seconds
[2023-08-09 16:47:07,533] {scheduler_job.py:182} INFO - Started process (PID=10134) to work on /home/airflow/.local/lib/python3.6/site-packages/airflow/example_dags/example_task_group.py
[2023-08-09 16:47:07,538] {scheduler_job.py:633} INFO - Processing file /home/airflow/.local/lib/python3.6/site-packages/airflow/example_dags/example_task_group.py for tasks to queue
[2023-08-09 16:47:07,540] {logging_mixin.py:104} INFO - [2023-08-09 16:47:07,540] {dagbag.py:496} INFO - Filling up the DagBag from /home/airflow/.local/lib/python3.6/site-packages/airflow/example_dags/example_task_group.py
[2023-08-09 16:47:07,566] {scheduler_job.py:643} INFO - DAG(s) dict_keys(['example_task_group']) retrieved from /home/airflow/.local/lib/python3.6/site-packages/airflow/example_dags/example_task_group.py
[2023-08-09 16:47:07,604] {logging_mixin.py:104} INFO - [2023-08-09 16:47:07,603] {dag.py:1833} INFO - Sync 1 DAGs
[2023-08-09 16:47:07,622] {logging_mixin.py:104} INFO - [2023-08-09 16:47:07,622] {dag.py:2306} INFO - Setting next_dagrun for example_task_group to 2023-08-07 00:00:00+00:00
[2023-08-09 16:47:07,657] {scheduler_job.py:190} INFO - Processing /home/airflow/.local/lib/python3.6/site-packages/airflow/example_dags/example_task_group.py took 0.129 seconds
[2023-08-09 16:47:39,251] {scheduler_job.py:182} INFO - Started process (PID=10195) to work on /home/airflow/.local/lib/python3.6/site-packages/airflow/example_dags/example_task_group.py
[2023-08-09 16:47:39,254] {scheduler_job.py:633} INFO - Processing file /home/airflow/.local/lib/python3.6/site-packages/airflow/example_dags/example_task_group.py for tasks to queue
[2023-08-09 16:47:39,257] {logging_mixin.py:104} INFO - [2023-08-09 16:47:39,257] {dagbag.py:496} INFO - Filling up the DagBag from /home/airflow/.local/lib/python3.6/site-packages/airflow/example_dags/example_task_group.py
[2023-08-09 16:47:39,298] {scheduler_job.py:643} INFO - DAG(s) dict_keys(['example_task_group']) retrieved from /home/airflow/.local/lib/python3.6/site-packages/airflow/example_dags/example_task_group.py
[2023-08-09 16:47:39,348] {logging_mixin.py:104} INFO - [2023-08-09 16:47:39,348] {dag.py:1833} INFO - Sync 1 DAGs
[2023-08-09 16:47:39,387] {logging_mixin.py:104} INFO - [2023-08-09 16:47:39,387] {dag.py:2306} INFO - Setting next_dagrun for example_task_group to 2023-08-07 00:00:00+00:00
[2023-08-09 16:47:39,407] {scheduler_job.py:190} INFO - Processing /home/airflow/.local/lib/python3.6/site-packages/airflow/example_dags/example_task_group.py took 0.161 seconds
[2023-08-09 16:48:10,152] {scheduler_job.py:182} INFO - Started process (PID=10246) to work on /home/airflow/.local/lib/python3.6/site-packages/airflow/example_dags/example_task_group.py
[2023-08-09 16:48:10,157] {scheduler_job.py:633} INFO - Processing file /home/airflow/.local/lib/python3.6/site-packages/airflow/example_dags/example_task_group.py for tasks to queue
[2023-08-09 16:48:10,159] {logging_mixin.py:104} INFO - [2023-08-09 16:48:10,159] {dagbag.py:496} INFO - Filling up the DagBag from /home/airflow/.local/lib/python3.6/site-packages/airflow/example_dags/example_task_group.py
[2023-08-09 16:48:10,191] {scheduler_job.py:643} INFO - DAG(s) dict_keys(['example_task_group']) retrieved from /home/airflow/.local/lib/python3.6/site-packages/airflow/example_dags/example_task_group.py
[2023-08-09 16:48:10,230] {logging_mixin.py:104} INFO - [2023-08-09 16:48:10,230] {dag.py:1833} INFO - Sync 1 DAGs
[2023-08-09 16:48:10,256] {logging_mixin.py:104} INFO - [2023-08-09 16:48:10,256] {dag.py:2306} INFO - Setting next_dagrun for example_task_group to 2023-08-07 00:00:00+00:00
[2023-08-09 16:48:10,275] {scheduler_job.py:190} INFO - Processing /home/airflow/.local/lib/python3.6/site-packages/airflow/example_dags/example_task_group.py took 0.131 seconds
[2023-08-09 16:48:41,115] {scheduler_job.py:182} INFO - Started process (PID=10304) to work on /home/airflow/.local/lib/python3.6/site-packages/airflow/example_dags/example_task_group.py
[2023-08-09 16:48:41,119] {scheduler_job.py:633} INFO - Processing file /home/airflow/.local/lib/python3.6/site-packages/airflow/example_dags/example_task_group.py for tasks to queue
[2023-08-09 16:48:41,126] {logging_mixin.py:104} INFO - [2023-08-09 16:48:41,125] {dagbag.py:496} INFO - Filling up the DagBag from /home/airflow/.local/lib/python3.6/site-packages/airflow/example_dags/example_task_group.py
[2023-08-09 16:48:41,188] {scheduler_job.py:643} INFO - DAG(s) dict_keys(['example_task_group']) retrieved from /home/airflow/.local/lib/python3.6/site-packages/airflow/example_dags/example_task_group.py
[2023-08-09 16:48:41,267] {logging_mixin.py:104} INFO - [2023-08-09 16:48:41,266] {dag.py:1833} INFO - Sync 1 DAGs
[2023-08-09 16:48:41,305] {logging_mixin.py:104} INFO - [2023-08-09 16:48:41,305] {dag.py:2306} INFO - Setting next_dagrun for example_task_group to 2023-08-07 00:00:00+00:00
[2023-08-09 16:48:41,320] {scheduler_job.py:190} INFO - Processing /home/airflow/.local/lib/python3.6/site-packages/airflow/example_dags/example_task_group.py took 0.218 seconds
[2023-08-09 16:49:12,075] {scheduler_job.py:182} INFO - Started process (PID=10358) to work on /home/airflow/.local/lib/python3.6/site-packages/airflow/example_dags/example_task_group.py
[2023-08-09 16:49:12,079] {scheduler_job.py:633} INFO - Processing file /home/airflow/.local/lib/python3.6/site-packages/airflow/example_dags/example_task_group.py for tasks to queue
[2023-08-09 16:49:12,082] {logging_mixin.py:104} INFO - [2023-08-09 16:49:12,081] {dagbag.py:496} INFO - Filling up the DagBag from /home/airflow/.local/lib/python3.6/site-packages/airflow/example_dags/example_task_group.py
[2023-08-09 16:49:12,111] {scheduler_job.py:643} INFO - DAG(s) dict_keys(['example_task_group']) retrieved from /home/airflow/.local/lib/python3.6/site-packages/airflow/example_dags/example_task_group.py
[2023-08-09 16:49:12,139] {logging_mixin.py:104} INFO - [2023-08-09 16:49:12,139] {dag.py:1833} INFO - Sync 1 DAGs
[2023-08-09 16:49:12,155] {logging_mixin.py:104} INFO - [2023-08-09 16:49:12,155] {dag.py:2306} INFO - Setting next_dagrun for example_task_group to 2023-08-07 00:00:00+00:00
[2023-08-09 16:49:12,175] {scheduler_job.py:190} INFO - Processing /home/airflow/.local/lib/python3.6/site-packages/airflow/example_dags/example_task_group.py took 0.110 seconds
[2023-08-09 16:49:42,730] {scheduler_job.py:182} INFO - Started process (PID=10409) to work on /home/airflow/.local/lib/python3.6/site-packages/airflow/example_dags/example_task_group.py
[2023-08-09 16:49:42,739] {scheduler_job.py:633} INFO - Processing file /home/airflow/.local/lib/python3.6/site-packages/airflow/example_dags/example_task_group.py for tasks to queue
[2023-08-09 16:49:42,743] {logging_mixin.py:104} INFO - [2023-08-09 16:49:42,743] {dagbag.py:496} INFO - Filling up the DagBag from /home/airflow/.local/lib/python3.6/site-packages/airflow/example_dags/example_task_group.py
[2023-08-09 16:49:42,808] {scheduler_job.py:643} INFO - DAG(s) dict_keys(['example_task_group']) retrieved from /home/airflow/.local/lib/python3.6/site-packages/airflow/example_dags/example_task_group.py
[2023-08-09 16:49:42,866] {logging_mixin.py:104} INFO - [2023-08-09 16:49:42,866] {dag.py:1833} INFO - Sync 1 DAGs
[2023-08-09 16:49:42,904] {logging_mixin.py:104} INFO - [2023-08-09 16:49:42,904] {dag.py:2306} INFO - Setting next_dagrun for example_task_group to 2023-08-07 00:00:00+00:00
[2023-08-09 16:49:42,932] {scheduler_job.py:190} INFO - Processing /home/airflow/.local/lib/python3.6/site-packages/airflow/example_dags/example_task_group.py took 0.209 seconds
[2023-08-09 16:50:13,691] {scheduler_job.py:182} INFO - Started process (PID=10468) to work on /home/airflow/.local/lib/python3.6/site-packages/airflow/example_dags/example_task_group.py
[2023-08-09 16:50:13,700] {scheduler_job.py:633} INFO - Processing file /home/airflow/.local/lib/python3.6/site-packages/airflow/example_dags/example_task_group.py for tasks to queue
[2023-08-09 16:50:13,703] {logging_mixin.py:104} INFO - [2023-08-09 16:50:13,703] {dagbag.py:496} INFO - Filling up the DagBag from /home/airflow/.local/lib/python3.6/site-packages/airflow/example_dags/example_task_group.py
[2023-08-09 16:50:13,734] {scheduler_job.py:643} INFO - DAG(s) dict_keys(['example_task_group']) retrieved from /home/airflow/.local/lib/python3.6/site-packages/airflow/example_dags/example_task_group.py
[2023-08-09 16:50:13,784] {logging_mixin.py:104} INFO - [2023-08-09 16:50:13,784] {dag.py:1833} INFO - Sync 1 DAGs
[2023-08-09 16:50:13,817] {logging_mixin.py:104} INFO - [2023-08-09 16:50:13,817] {dag.py:2306} INFO - Setting next_dagrun for example_task_group to 2023-08-07 00:00:00+00:00
[2023-08-09 16:50:13,834] {scheduler_job.py:190} INFO - Processing /home/airflow/.local/lib/python3.6/site-packages/airflow/example_dags/example_task_group.py took 0.147 seconds
[2023-08-09 16:50:44,460] {scheduler_job.py:182} INFO - Started process (PID=10519) to work on /home/airflow/.local/lib/python3.6/site-packages/airflow/example_dags/example_task_group.py
[2023-08-09 16:50:44,464] {scheduler_job.py:633} INFO - Processing file /home/airflow/.local/lib/python3.6/site-packages/airflow/example_dags/example_task_group.py for tasks to queue
[2023-08-09 16:50:44,466] {logging_mixin.py:104} INFO - [2023-08-09 16:50:44,466] {dagbag.py:496} INFO - Filling up the DagBag from /home/airflow/.local/lib/python3.6/site-packages/airflow/example_dags/example_task_group.py
[2023-08-09 16:50:44,497] {scheduler_job.py:643} INFO - DAG(s) dict_keys(['example_task_group']) retrieved from /home/airflow/.local/lib/python3.6/site-packages/airflow/example_dags/example_task_group.py
[2023-08-09 16:50:44,537] {logging_mixin.py:104} INFO - [2023-08-09 16:50:44,537] {dag.py:1833} INFO - Sync 1 DAGs
[2023-08-09 16:50:44,558] {logging_mixin.py:104} INFO - [2023-08-09 16:50:44,558] {dag.py:2306} INFO - Setting next_dagrun for example_task_group to 2023-08-07 00:00:00+00:00
[2023-08-09 16:50:44,577] {scheduler_job.py:190} INFO - Processing /home/airflow/.local/lib/python3.6/site-packages/airflow/example_dags/example_task_group.py took 0.125 seconds
[2023-08-09 16:51:15,654] {scheduler_job.py:182} INFO - Started process (PID=10569) to work on /home/airflow/.local/lib/python3.6/site-packages/airflow/example_dags/example_task_group.py
[2023-08-09 16:51:15,656] {scheduler_job.py:633} INFO - Processing file /home/airflow/.local/lib/python3.6/site-packages/airflow/example_dags/example_task_group.py for tasks to queue
[2023-08-09 16:51:15,658] {logging_mixin.py:104} INFO - [2023-08-09 16:51:15,658] {dagbag.py:496} INFO - Filling up the DagBag from /home/airflow/.local/lib/python3.6/site-packages/airflow/example_dags/example_task_group.py
[2023-08-09 16:51:15,689] {scheduler_job.py:643} INFO - DAG(s) dict_keys(['example_task_group']) retrieved from /home/airflow/.local/lib/python3.6/site-packages/airflow/example_dags/example_task_group.py
[2023-08-09 16:51:15,728] {logging_mixin.py:104} INFO - [2023-08-09 16:51:15,728] {dag.py:1833} INFO - Sync 1 DAGs
[2023-08-09 16:51:15,745] {logging_mixin.py:104} INFO - [2023-08-09 16:51:15,744] {dag.py:2306} INFO - Setting next_dagrun for example_task_group to 2023-08-07 00:00:00+00:00
[2023-08-09 16:51:15,761] {scheduler_job.py:190} INFO - Processing /home/airflow/.local/lib/python3.6/site-packages/airflow/example_dags/example_task_group.py took 0.113 seconds
[2023-08-09 16:51:46,530] {scheduler_job.py:182} INFO - Started process (PID=10619) to work on /home/airflow/.local/lib/python3.6/site-packages/airflow/example_dags/example_task_group.py
[2023-08-09 16:51:46,533] {scheduler_job.py:633} INFO - Processing file /home/airflow/.local/lib/python3.6/site-packages/airflow/example_dags/example_task_group.py for tasks to queue
[2023-08-09 16:51:46,535] {logging_mixin.py:104} INFO - [2023-08-09 16:51:46,535] {dagbag.py:496} INFO - Filling up the DagBag from /home/airflow/.local/lib/python3.6/site-packages/airflow/example_dags/example_task_group.py
[2023-08-09 16:51:46,568] {scheduler_job.py:643} INFO - DAG(s) dict_keys(['example_task_group']) retrieved from /home/airflow/.local/lib/python3.6/site-packages/airflow/example_dags/example_task_group.py
[2023-08-09 16:51:46,613] {logging_mixin.py:104} INFO - [2023-08-09 16:51:46,612] {dag.py:1833} INFO - Sync 1 DAGs
[2023-08-09 16:51:46,636] {logging_mixin.py:104} INFO - [2023-08-09 16:51:46,636] {dag.py:2306} INFO - Setting next_dagrun for example_task_group to 2023-08-07 00:00:00+00:00
[2023-08-09 16:51:46,655] {scheduler_job.py:190} INFO - Processing /home/airflow/.local/lib/python3.6/site-packages/airflow/example_dags/example_task_group.py took 0.132 seconds
[2023-08-09 16:52:16,749] {scheduler_job.py:182} INFO - Started process (PID=10678) to work on /home/airflow/.local/lib/python3.6/site-packages/airflow/example_dags/example_task_group.py
[2023-08-09 16:52:16,763] {scheduler_job.py:633} INFO - Processing file /home/airflow/.local/lib/python3.6/site-packages/airflow/example_dags/example_task_group.py for tasks to queue
[2023-08-09 16:52:16,777] {logging_mixin.py:104} INFO - [2023-08-09 16:52:16,767] {dagbag.py:496} INFO - Filling up the DagBag from /home/airflow/.local/lib/python3.6/site-packages/airflow/example_dags/example_task_group.py
[2023-08-09 16:52:16,848] {scheduler_job.py:643} INFO - DAG(s) dict_keys(['example_task_group']) retrieved from /home/airflow/.local/lib/python3.6/site-packages/airflow/example_dags/example_task_group.py
[2023-08-09 16:52:16,897] {logging_mixin.py:104} INFO - [2023-08-09 16:52:16,897] {dag.py:1833} INFO - Sync 1 DAGs
[2023-08-09 16:52:16,916] {logging_mixin.py:104} INFO - [2023-08-09 16:52:16,915] {dag.py:2306} INFO - Setting next_dagrun for example_task_group to 2023-08-07 00:00:00+00:00
[2023-08-09 16:52:16,938] {scheduler_job.py:190} INFO - Processing /home/airflow/.local/lib/python3.6/site-packages/airflow/example_dags/example_task_group.py took 0.195 seconds
[2023-08-09 16:52:47,359] {scheduler_job.py:182} INFO - Started process (PID=10730) to work on /home/airflow/.local/lib/python3.6/site-packages/airflow/example_dags/example_task_group.py
[2023-08-09 16:52:47,368] {scheduler_job.py:633} INFO - Processing file /home/airflow/.local/lib/python3.6/site-packages/airflow/example_dags/example_task_group.py for tasks to queue
[2023-08-09 16:52:47,373] {logging_mixin.py:104} INFO - [2023-08-09 16:52:47,373] {dagbag.py:496} INFO - Filling up the DagBag from /home/airflow/.local/lib/python3.6/site-packages/airflow/example_dags/example_task_group.py
[2023-08-09 16:52:47,415] {scheduler_job.py:643} INFO - DAG(s) dict_keys(['example_task_group']) retrieved from /home/airflow/.local/lib/python3.6/site-packages/airflow/example_dags/example_task_group.py
[2023-08-09 16:52:47,473] {logging_mixin.py:104} INFO - [2023-08-09 16:52:47,473] {dag.py:1833} INFO - Sync 1 DAGs
[2023-08-09 16:52:47,499] {logging_mixin.py:104} INFO - [2023-08-09 16:52:47,499] {dag.py:2306} INFO - Setting next_dagrun for example_task_group to 2023-08-07 00:00:00+00:00
[2023-08-09 16:52:47,524] {scheduler_job.py:190} INFO - Processing /home/airflow/.local/lib/python3.6/site-packages/airflow/example_dags/example_task_group.py took 0.176 seconds
[2023-08-09 16:53:18,127] {scheduler_job.py:182} INFO - Started process (PID=10781) to work on /home/airflow/.local/lib/python3.6/site-packages/airflow/example_dags/example_task_group.py
[2023-08-09 16:53:18,132] {scheduler_job.py:633} INFO - Processing file /home/airflow/.local/lib/python3.6/site-packages/airflow/example_dags/example_task_group.py for tasks to queue
[2023-08-09 16:53:18,136] {logging_mixin.py:104} INFO - [2023-08-09 16:53:18,136] {dagbag.py:496} INFO - Filling up the DagBag from /home/airflow/.local/lib/python3.6/site-packages/airflow/example_dags/example_task_group.py
[2023-08-09 16:53:18,162] {scheduler_job.py:643} INFO - DAG(s) dict_keys(['example_task_group']) retrieved from /home/airflow/.local/lib/python3.6/site-packages/airflow/example_dags/example_task_group.py
[2023-08-09 16:53:18,206] {logging_mixin.py:104} INFO - [2023-08-09 16:53:18,206] {dag.py:1833} INFO - Sync 1 DAGs
[2023-08-09 16:53:18,229] {logging_mixin.py:104} INFO - [2023-08-09 16:53:18,229] {dag.py:2306} INFO - Setting next_dagrun for example_task_group to 2023-08-07 00:00:00+00:00
[2023-08-09 16:53:18,245] {scheduler_job.py:190} INFO - Processing /home/airflow/.local/lib/python3.6/site-packages/airflow/example_dags/example_task_group.py took 0.130 seconds
[2023-08-09 16:53:48,330] {scheduler_job.py:182} INFO - Started process (PID=10831) to work on /home/airflow/.local/lib/python3.6/site-packages/airflow/example_dags/example_task_group.py
[2023-08-09 16:53:48,339] {scheduler_job.py:633} INFO - Processing file /home/airflow/.local/lib/python3.6/site-packages/airflow/example_dags/example_task_group.py for tasks to queue
[2023-08-09 16:53:48,344] {logging_mixin.py:104} INFO - [2023-08-09 16:53:48,344] {dagbag.py:496} INFO - Filling up the DagBag from /home/airflow/.local/lib/python3.6/site-packages/airflow/example_dags/example_task_group.py
[2023-08-09 16:53:48,381] {scheduler_job.py:643} INFO - DAG(s) dict_keys(['example_task_group']) retrieved from /home/airflow/.local/lib/python3.6/site-packages/airflow/example_dags/example_task_group.py
[2023-08-09 16:53:48,413] {logging_mixin.py:104} INFO - [2023-08-09 16:53:48,413] {dag.py:1833} INFO - Sync 1 DAGs
[2023-08-09 16:53:48,430] {logging_mixin.py:104} INFO - [2023-08-09 16:53:48,430] {dag.py:2306} INFO - Setting next_dagrun for example_task_group to 2023-08-07 00:00:00+00:00
[2023-08-09 16:53:48,446] {scheduler_job.py:190} INFO - Processing /home/airflow/.local/lib/python3.6/site-packages/airflow/example_dags/example_task_group.py took 0.132 seconds
[2023-08-09 16:54:19,059] {scheduler_job.py:182} INFO - Started process (PID=10892) to work on /home/airflow/.local/lib/python3.6/site-packages/airflow/example_dags/example_task_group.py
[2023-08-09 16:54:19,062] {scheduler_job.py:633} INFO - Processing file /home/airflow/.local/lib/python3.6/site-packages/airflow/example_dags/example_task_group.py for tasks to queue
[2023-08-09 16:54:19,063] {logging_mixin.py:104} INFO - [2023-08-09 16:54:19,063] {dagbag.py:496} INFO - Filling up the DagBag from /home/airflow/.local/lib/python3.6/site-packages/airflow/example_dags/example_task_group.py
[2023-08-09 16:54:19,103] {scheduler_job.py:643} INFO - DAG(s) dict_keys(['example_task_group']) retrieved from /home/airflow/.local/lib/python3.6/site-packages/airflow/example_dags/example_task_group.py
[2023-08-09 16:54:19,152] {logging_mixin.py:104} INFO - [2023-08-09 16:54:19,151] {dag.py:1833} INFO - Sync 1 DAGs
[2023-08-09 16:54:19,190] {logging_mixin.py:104} INFO - [2023-08-09 16:54:19,189] {dag.py:2306} INFO - Setting next_dagrun for example_task_group to 2023-08-07 00:00:00+00:00
[2023-08-09 16:54:19,232] {scheduler_job.py:190} INFO - Processing /home/airflow/.local/lib/python3.6/site-packages/airflow/example_dags/example_task_group.py took 0.180 seconds
[2023-08-09 16:54:49,407] {scheduler_job.py:182} INFO - Started process (PID=10941) to work on /home/airflow/.local/lib/python3.6/site-packages/airflow/example_dags/example_task_group.py
[2023-08-09 16:54:49,409] {scheduler_job.py:633} INFO - Processing file /home/airflow/.local/lib/python3.6/site-packages/airflow/example_dags/example_task_group.py for tasks to queue
[2023-08-09 16:54:49,411] {logging_mixin.py:104} INFO - [2023-08-09 16:54:49,411] {dagbag.py:496} INFO - Filling up the DagBag from /home/airflow/.local/lib/python3.6/site-packages/airflow/example_dags/example_task_group.py
[2023-08-09 16:54:49,445] {scheduler_job.py:643} INFO - DAG(s) dict_keys(['example_task_group']) retrieved from /home/airflow/.local/lib/python3.6/site-packages/airflow/example_dags/example_task_group.py
[2023-08-09 16:54:49,484] {logging_mixin.py:104} INFO - [2023-08-09 16:54:49,483] {dag.py:1833} INFO - Sync 1 DAGs
[2023-08-09 16:54:49,500] {logging_mixin.py:104} INFO - [2023-08-09 16:54:49,500] {dag.py:2306} INFO - Setting next_dagrun for example_task_group to 2023-08-07 00:00:00+00:00
[2023-08-09 16:54:49,516] {scheduler_job.py:190} INFO - Processing /home/airflow/.local/lib/python3.6/site-packages/airflow/example_dags/example_task_group.py took 0.114 seconds
[2023-08-09 16:55:20,272] {scheduler_job.py:182} INFO - Started process (PID=11000) to work on /home/airflow/.local/lib/python3.6/site-packages/airflow/example_dags/example_task_group.py
[2023-08-09 16:55:20,284] {scheduler_job.py:633} INFO - Processing file /home/airflow/.local/lib/python3.6/site-packages/airflow/example_dags/example_task_group.py for tasks to queue
[2023-08-09 16:55:20,286] {logging_mixin.py:104} INFO - [2023-08-09 16:55:20,286] {dagbag.py:496} INFO - Filling up the DagBag from /home/airflow/.local/lib/python3.6/site-packages/airflow/example_dags/example_task_group.py
[2023-08-09 16:55:20,373] {scheduler_job.py:643} INFO - DAG(s) dict_keys(['example_task_group']) retrieved from /home/airflow/.local/lib/python3.6/site-packages/airflow/example_dags/example_task_group.py
[2023-08-09 16:55:20,460] {logging_mixin.py:104} INFO - [2023-08-09 16:55:20,460] {dag.py:1833} INFO - Sync 1 DAGs
[2023-08-09 16:55:20,527] {logging_mixin.py:104} INFO - [2023-08-09 16:55:20,527] {dag.py:2306} INFO - Setting next_dagrun for example_task_group to 2023-08-07 00:00:00+00:00
[2023-08-09 16:55:20,572] {scheduler_job.py:190} INFO - Processing /home/airflow/.local/lib/python3.6/site-packages/airflow/example_dags/example_task_group.py took 0.323 seconds
[2023-08-09 16:55:50,966] {scheduler_job.py:182} INFO - Started process (PID=11052) to work on /home/airflow/.local/lib/python3.6/site-packages/airflow/example_dags/example_task_group.py
[2023-08-09 16:55:50,977] {scheduler_job.py:633} INFO - Processing file /home/airflow/.local/lib/python3.6/site-packages/airflow/example_dags/example_task_group.py for tasks to queue
[2023-08-09 16:55:50,980] {logging_mixin.py:104} INFO - [2023-08-09 16:55:50,979] {dagbag.py:496} INFO - Filling up the DagBag from /home/airflow/.local/lib/python3.6/site-packages/airflow/example_dags/example_task_group.py
[2023-08-09 16:55:51,058] {scheduler_job.py:643} INFO - DAG(s) dict_keys(['example_task_group']) retrieved from /home/airflow/.local/lib/python3.6/site-packages/airflow/example_dags/example_task_group.py
[2023-08-09 16:55:51,134] {logging_mixin.py:104} INFO - [2023-08-09 16:55:51,134] {dag.py:1833} INFO - Sync 1 DAGs
[2023-08-09 16:55:51,175] {logging_mixin.py:104} INFO - [2023-08-09 16:55:51,175] {dag.py:2306} INFO - Setting next_dagrun for example_task_group to 2023-08-07 00:00:00+00:00
[2023-08-09 16:55:51,206] {scheduler_job.py:190} INFO - Processing /home/airflow/.local/lib/python3.6/site-packages/airflow/example_dags/example_task_group.py took 0.255 seconds
[2023-08-09 16:56:21,450] {scheduler_job.py:182} INFO - Started process (PID=11103) to work on /home/airflow/.local/lib/python3.6/site-packages/airflow/example_dags/example_task_group.py
[2023-08-09 16:56:21,453] {scheduler_job.py:633} INFO - Processing file /home/airflow/.local/lib/python3.6/site-packages/airflow/example_dags/example_task_group.py for tasks to queue
[2023-08-09 16:56:21,457] {logging_mixin.py:104} INFO - [2023-08-09 16:56:21,456] {dagbag.py:496} INFO - Filling up the DagBag from /home/airflow/.local/lib/python3.6/site-packages/airflow/example_dags/example_task_group.py
[2023-08-09 16:56:21,513] {scheduler_job.py:643} INFO - DAG(s) dict_keys(['example_task_group']) retrieved from /home/airflow/.local/lib/python3.6/site-packages/airflow/example_dags/example_task_group.py
[2023-08-09 16:56:21,549] {logging_mixin.py:104} INFO - [2023-08-09 16:56:21,549] {dag.py:1833} INFO - Sync 1 DAGs
[2023-08-09 16:56:21,570] {logging_mixin.py:104} INFO - [2023-08-09 16:56:21,570] {dag.py:2306} INFO - Setting next_dagrun for example_task_group to 2023-08-07 00:00:00+00:00
[2023-08-09 16:56:21,602] {scheduler_job.py:190} INFO - Processing /home/airflow/.local/lib/python3.6/site-packages/airflow/example_dags/example_task_group.py took 0.163 seconds
[2023-08-09 16:56:51,702] {scheduler_job.py:182} INFO - Started process (PID=11154) to work on /home/airflow/.local/lib/python3.6/site-packages/airflow/example_dags/example_task_group.py
[2023-08-09 16:56:51,706] {scheduler_job.py:633} INFO - Processing file /home/airflow/.local/lib/python3.6/site-packages/airflow/example_dags/example_task_group.py for tasks to queue
[2023-08-09 16:56:51,709] {logging_mixin.py:104} INFO - [2023-08-09 16:56:51,709] {dagbag.py:496} INFO - Filling up the DagBag from /home/airflow/.local/lib/python3.6/site-packages/airflow/example_dags/example_task_group.py
[2023-08-09 16:56:51,743] {scheduler_job.py:643} INFO - DAG(s) dict_keys(['example_task_group']) retrieved from /home/airflow/.local/lib/python3.6/site-packages/airflow/example_dags/example_task_group.py
[2023-08-09 16:56:51,777] {logging_mixin.py:104} INFO - [2023-08-09 16:56:51,777] {dag.py:1833} INFO - Sync 1 DAGs
[2023-08-09 16:56:51,794] {logging_mixin.py:104} INFO - [2023-08-09 16:56:51,794] {dag.py:2306} INFO - Setting next_dagrun for example_task_group to 2023-08-07 00:00:00+00:00
[2023-08-09 16:56:51,810] {scheduler_job.py:190} INFO - Processing /home/airflow/.local/lib/python3.6/site-packages/airflow/example_dags/example_task_group.py took 0.116 seconds
[2023-08-09 16:57:21,866] {scheduler_job.py:182} INFO - Started process (PID=11213) to work on /home/airflow/.local/lib/python3.6/site-packages/airflow/example_dags/example_task_group.py
[2023-08-09 16:57:21,874] {scheduler_job.py:633} INFO - Processing file /home/airflow/.local/lib/python3.6/site-packages/airflow/example_dags/example_task_group.py for tasks to queue
[2023-08-09 16:57:21,877] {logging_mixin.py:104} INFO - [2023-08-09 16:57:21,877] {dagbag.py:496} INFO - Filling up the DagBag from /home/airflow/.local/lib/python3.6/site-packages/airflow/example_dags/example_task_group.py
[2023-08-09 16:57:21,960] {scheduler_job.py:643} INFO - DAG(s) dict_keys(['example_task_group']) retrieved from /home/airflow/.local/lib/python3.6/site-packages/airflow/example_dags/example_task_group.py
[2023-08-09 16:57:22,008] {logging_mixin.py:104} INFO - [2023-08-09 16:57:22,008] {dag.py:1833} INFO - Sync 1 DAGs
[2023-08-09 16:57:22,024] {logging_mixin.py:104} INFO - [2023-08-09 16:57:22,024] {dag.py:2306} INFO - Setting next_dagrun for example_task_group to 2023-08-07 00:00:00+00:00
[2023-08-09 16:57:22,043] {scheduler_job.py:190} INFO - Processing /home/airflow/.local/lib/python3.6/site-packages/airflow/example_dags/example_task_group.py took 0.190 seconds
[2023-08-09 16:57:52,641] {scheduler_job.py:182} INFO - Started process (PID=11266) to work on /home/airflow/.local/lib/python3.6/site-packages/airflow/example_dags/example_task_group.py
[2023-08-09 16:57:52,644] {scheduler_job.py:633} INFO - Processing file /home/airflow/.local/lib/python3.6/site-packages/airflow/example_dags/example_task_group.py for tasks to queue
[2023-08-09 16:57:52,648] {logging_mixin.py:104} INFO - [2023-08-09 16:57:52,646] {dagbag.py:496} INFO - Filling up the DagBag from /home/airflow/.local/lib/python3.6/site-packages/airflow/example_dags/example_task_group.py
[2023-08-09 16:57:52,681] {scheduler_job.py:643} INFO - DAG(s) dict_keys(['example_task_group']) retrieved from /home/airflow/.local/lib/python3.6/site-packages/airflow/example_dags/example_task_group.py
[2023-08-09 16:57:52,717] {logging_mixin.py:104} INFO - [2023-08-09 16:57:52,717] {dag.py:1833} INFO - Sync 1 DAGs
[2023-08-09 16:57:52,735] {logging_mixin.py:104} INFO - [2023-08-09 16:57:52,735] {dag.py:2306} INFO - Setting next_dagrun for example_task_group to 2023-08-07 00:00:00+00:00
[2023-08-09 16:57:52,751] {scheduler_job.py:190} INFO - Processing /home/airflow/.local/lib/python3.6/site-packages/airflow/example_dags/example_task_group.py took 0.115 seconds
