[2023-08-09 11:34:39,016] {scheduler_job.py:182} INFO - Started process (PID=7420) to work on /home/airflow/.local/lib/python3.6/site-packages/airflow/example_dags/example_branch_labels.py
[2023-08-09 11:34:39,062] {scheduler_job.py:633} INFO - Processing file /home/airflow/.local/lib/python3.6/site-packages/airflow/example_dags/example_branch_labels.py for tasks to queue
[2023-08-09 11:34:39,077] {logging_mixin.py:104} INFO - [2023-08-09 11:34:39,064] {dagbag.py:496} INFO - Filling up the DagBag from /home/airflow/.local/lib/python3.6/site-packages/airflow/example_dags/example_branch_labels.py
[2023-08-09 11:34:39,164] {scheduler_job.py:643} INFO - DAG(s) dict_keys(['example_branch_labels']) retrieved from /home/airflow/.local/lib/python3.6/site-packages/airflow/example_dags/example_branch_labels.py
[2023-08-09 11:34:39,618] {logging_mixin.py:104} INFO - [2023-08-09 11:34:39,617] {dag.py:1833} INFO - Sync 1 DAGs
[2023-08-09 11:34:39,645] {logging_mixin.py:104} INFO - [2023-08-09 11:34:39,644] {dag.py:2306} INFO - Setting next_dagrun for example_branch_labels to 2023-08-07 00:00:00+00:00
[2023-08-09 11:34:40,139] {scheduler_job.py:190} INFO - Processing /home/airflow/.local/lib/python3.6/site-packages/airflow/example_dags/example_branch_labels.py took 1.160 seconds
[2023-08-09 11:35:11,078] {scheduler_job.py:182} INFO - Started process (PID=7471) to work on /home/airflow/.local/lib/python3.6/site-packages/airflow/example_dags/example_branch_labels.py
[2023-08-09 11:35:11,083] {scheduler_job.py:633} INFO - Processing file /home/airflow/.local/lib/python3.6/site-packages/airflow/example_dags/example_branch_labels.py for tasks to queue
[2023-08-09 11:35:11,085] {logging_mixin.py:104} INFO - [2023-08-09 11:35:11,085] {dagbag.py:496} INFO - Filling up the DagBag from /home/airflow/.local/lib/python3.6/site-packages/airflow/example_dags/example_branch_labels.py
[2023-08-09 11:35:11,104] {scheduler_job.py:643} INFO - DAG(s) dict_keys(['example_branch_labels']) retrieved from /home/airflow/.local/lib/python3.6/site-packages/airflow/example_dags/example_branch_labels.py
[2023-08-09 11:35:11,134] {logging_mixin.py:104} INFO - [2023-08-09 11:35:11,133] {dag.py:1833} INFO - Sync 1 DAGs
[2023-08-09 11:35:11,154] {logging_mixin.py:104} INFO - [2023-08-09 11:35:11,153] {dag.py:2306} INFO - Setting next_dagrun for example_branch_labels to 2023-08-07 00:00:00+00:00
[2023-08-09 11:35:11,172] {scheduler_job.py:190} INFO - Processing /home/airflow/.local/lib/python3.6/site-packages/airflow/example_dags/example_branch_labels.py took 0.101 seconds
[2023-08-09 11:35:41,286] {scheduler_job.py:182} INFO - Started process (PID=7522) to work on /home/airflow/.local/lib/python3.6/site-packages/airflow/example_dags/example_branch_labels.py
[2023-08-09 11:35:41,295] {scheduler_job.py:633} INFO - Processing file /home/airflow/.local/lib/python3.6/site-packages/airflow/example_dags/example_branch_labels.py for tasks to queue
[2023-08-09 11:35:41,303] {logging_mixin.py:104} INFO - [2023-08-09 11:35:41,302] {dagbag.py:496} INFO - Filling up the DagBag from /home/airflow/.local/lib/python3.6/site-packages/airflow/example_dags/example_branch_labels.py
[2023-08-09 11:35:41,354] {scheduler_job.py:643} INFO - DAG(s) dict_keys(['example_branch_labels']) retrieved from /home/airflow/.local/lib/python3.6/site-packages/airflow/example_dags/example_branch_labels.py
[2023-08-09 11:35:41,394] {logging_mixin.py:104} INFO - [2023-08-09 11:35:41,393] {dag.py:1833} INFO - Sync 1 DAGs
[2023-08-09 11:35:41,422] {logging_mixin.py:104} INFO - [2023-08-09 11:35:41,422] {dag.py:2306} INFO - Setting next_dagrun for example_branch_labels to 2023-08-07 00:00:00+00:00
[2023-08-09 11:35:41,877] {scheduler_job.py:190} INFO - Processing /home/airflow/.local/lib/python3.6/site-packages/airflow/example_dags/example_branch_labels.py took 0.617 seconds
[2023-08-09 11:36:12,182] {scheduler_job.py:182} INFO - Started process (PID=7573) to work on /home/airflow/.local/lib/python3.6/site-packages/airflow/example_dags/example_branch_labels.py
[2023-08-09 11:36:12,190] {scheduler_job.py:633} INFO - Processing file /home/airflow/.local/lib/python3.6/site-packages/airflow/example_dags/example_branch_labels.py for tasks to queue
[2023-08-09 11:36:12,194] {logging_mixin.py:104} INFO - [2023-08-09 11:36:12,194] {dagbag.py:496} INFO - Filling up the DagBag from /home/airflow/.local/lib/python3.6/site-packages/airflow/example_dags/example_branch_labels.py
[2023-08-09 11:36:12,249] {scheduler_job.py:643} INFO - DAG(s) dict_keys(['example_branch_labels']) retrieved from /home/airflow/.local/lib/python3.6/site-packages/airflow/example_dags/example_branch_labels.py
[2023-08-09 11:36:12,314] {logging_mixin.py:104} INFO - [2023-08-09 11:36:12,313] {dag.py:1833} INFO - Sync 1 DAGs
[2023-08-09 11:36:12,348] {logging_mixin.py:104} INFO - [2023-08-09 11:36:12,348] {dag.py:2306} INFO - Setting next_dagrun for example_branch_labels to 2023-08-07 00:00:00+00:00
[2023-08-09 11:36:12,375] {scheduler_job.py:190} INFO - Processing /home/airflow/.local/lib/python3.6/site-packages/airflow/example_dags/example_branch_labels.py took 0.218 seconds
[2023-08-09 11:36:42,867] {scheduler_job.py:182} INFO - Started process (PID=7625) to work on /home/airflow/.local/lib/python3.6/site-packages/airflow/example_dags/example_branch_labels.py
[2023-08-09 11:36:42,880] {scheduler_job.py:633} INFO - Processing file /home/airflow/.local/lib/python3.6/site-packages/airflow/example_dags/example_branch_labels.py for tasks to queue
[2023-08-09 11:36:42,901] {logging_mixin.py:104} INFO - [2023-08-09 11:36:42,901] {dagbag.py:496} INFO - Filling up the DagBag from /home/airflow/.local/lib/python3.6/site-packages/airflow/example_dags/example_branch_labels.py
[2023-08-09 11:36:42,968] {scheduler_job.py:643} INFO - DAG(s) dict_keys(['example_branch_labels']) retrieved from /home/airflow/.local/lib/python3.6/site-packages/airflow/example_dags/example_branch_labels.py
[2023-08-09 11:36:43,031] {logging_mixin.py:104} INFO - [2023-08-09 11:36:43,030] {dag.py:1833} INFO - Sync 1 DAGs
[2023-08-09 11:36:43,060] {logging_mixin.py:104} INFO - [2023-08-09 11:36:43,060] {dag.py:2306} INFO - Setting next_dagrun for example_branch_labels to 2023-08-07 00:00:00+00:00
[2023-08-09 11:36:43,089] {scheduler_job.py:190} INFO - Processing /home/airflow/.local/lib/python3.6/site-packages/airflow/example_dags/example_branch_labels.py took 0.267 seconds
[2023-08-09 11:37:13,725] {scheduler_job.py:182} INFO - Started process (PID=7677) to work on /home/airflow/.local/lib/python3.6/site-packages/airflow/example_dags/example_branch_labels.py
[2023-08-09 11:37:13,729] {scheduler_job.py:633} INFO - Processing file /home/airflow/.local/lib/python3.6/site-packages/airflow/example_dags/example_branch_labels.py for tasks to queue
[2023-08-09 11:37:13,734] {logging_mixin.py:104} INFO - [2023-08-09 11:37:13,733] {dagbag.py:496} INFO - Filling up the DagBag from /home/airflow/.local/lib/python3.6/site-packages/airflow/example_dags/example_branch_labels.py
[2023-08-09 11:37:13,766] {scheduler_job.py:643} INFO - DAG(s) dict_keys(['example_branch_labels']) retrieved from /home/airflow/.local/lib/python3.6/site-packages/airflow/example_dags/example_branch_labels.py
[2023-08-09 11:37:13,825] {logging_mixin.py:104} INFO - [2023-08-09 11:37:13,825] {dag.py:1833} INFO - Sync 1 DAGs
[2023-08-09 11:37:13,864] {logging_mixin.py:104} INFO - [2023-08-09 11:37:13,864] {dag.py:2306} INFO - Setting next_dagrun for example_branch_labels to 2023-08-07 00:00:00+00:00
[2023-08-09 11:37:13,883] {scheduler_job.py:190} INFO - Processing /home/airflow/.local/lib/python3.6/site-packages/airflow/example_dags/example_branch_labels.py took 0.167 seconds
[2023-08-09 11:37:44,700] {scheduler_job.py:182} INFO - Started process (PID=7727) to work on /home/airflow/.local/lib/python3.6/site-packages/airflow/example_dags/example_branch_labels.py
[2023-08-09 11:37:44,704] {scheduler_job.py:633} INFO - Processing file /home/airflow/.local/lib/python3.6/site-packages/airflow/example_dags/example_branch_labels.py for tasks to queue
[2023-08-09 11:37:44,707] {logging_mixin.py:104} INFO - [2023-08-09 11:37:44,706] {dagbag.py:496} INFO - Filling up the DagBag from /home/airflow/.local/lib/python3.6/site-packages/airflow/example_dags/example_branch_labels.py
[2023-08-09 11:37:44,736] {scheduler_job.py:643} INFO - DAG(s) dict_keys(['example_branch_labels']) retrieved from /home/airflow/.local/lib/python3.6/site-packages/airflow/example_dags/example_branch_labels.py
[2023-08-09 11:37:44,774] {logging_mixin.py:104} INFO - [2023-08-09 11:37:44,774] {dag.py:1833} INFO - Sync 1 DAGs
[2023-08-09 11:37:44,798] {logging_mixin.py:104} INFO - [2023-08-09 11:37:44,798] {dag.py:2306} INFO - Setting next_dagrun for example_branch_labels to 2023-08-07 00:00:00+00:00
[2023-08-09 11:37:44,816] {scheduler_job.py:190} INFO - Processing /home/airflow/.local/lib/python3.6/site-packages/airflow/example_dags/example_branch_labels.py took 0.123 seconds
[2023-08-09 11:38:15,018] {scheduler_job.py:182} INFO - Started process (PID=7775) to work on /home/airflow/.local/lib/python3.6/site-packages/airflow/example_dags/example_branch_labels.py
[2023-08-09 11:38:15,029] {scheduler_job.py:633} INFO - Processing file /home/airflow/.local/lib/python3.6/site-packages/airflow/example_dags/example_branch_labels.py for tasks to queue
[2023-08-09 11:38:15,034] {logging_mixin.py:104} INFO - [2023-08-09 11:38:15,034] {dagbag.py:496} INFO - Filling up the DagBag from /home/airflow/.local/lib/python3.6/site-packages/airflow/example_dags/example_branch_labels.py
[2023-08-09 11:38:15,071] {scheduler_job.py:643} INFO - DAG(s) dict_keys(['example_branch_labels']) retrieved from /home/airflow/.local/lib/python3.6/site-packages/airflow/example_dags/example_branch_labels.py
[2023-08-09 11:38:15,112] {logging_mixin.py:104} INFO - [2023-08-09 11:38:15,112] {dag.py:1833} INFO - Sync 1 DAGs
[2023-08-09 11:38:15,182] {logging_mixin.py:104} INFO - [2023-08-09 11:38:15,182] {dag.py:2306} INFO - Setting next_dagrun for example_branch_labels to 2023-08-07 00:00:00+00:00
[2023-08-09 11:38:15,208] {scheduler_job.py:190} INFO - Processing /home/airflow/.local/lib/python3.6/site-packages/airflow/example_dags/example_branch_labels.py took 0.209 seconds
[2023-08-09 11:38:45,339] {scheduler_job.py:182} INFO - Started process (PID=7824) to work on /home/airflow/.local/lib/python3.6/site-packages/airflow/example_dags/example_branch_labels.py
[2023-08-09 11:38:45,352] {scheduler_job.py:633} INFO - Processing file /home/airflow/.local/lib/python3.6/site-packages/airflow/example_dags/example_branch_labels.py for tasks to queue
[2023-08-09 11:38:45,355] {logging_mixin.py:104} INFO - [2023-08-09 11:38:45,354] {dagbag.py:496} INFO - Filling up the DagBag from /home/airflow/.local/lib/python3.6/site-packages/airflow/example_dags/example_branch_labels.py
[2023-08-09 11:38:45,476] {scheduler_job.py:643} INFO - DAG(s) dict_keys(['example_branch_labels']) retrieved from /home/airflow/.local/lib/python3.6/site-packages/airflow/example_dags/example_branch_labels.py
[2023-08-09 11:38:45,638] {logging_mixin.py:104} INFO - [2023-08-09 11:38:45,638] {dag.py:1833} INFO - Sync 1 DAGs
[2023-08-09 11:38:45,688] {logging_mixin.py:104} INFO - [2023-08-09 11:38:45,688] {dag.py:2306} INFO - Setting next_dagrun for example_branch_labels to 2023-08-07 00:00:00+00:00
[2023-08-09 11:38:45,718] {scheduler_job.py:190} INFO - Processing /home/airflow/.local/lib/python3.6/site-packages/airflow/example_dags/example_branch_labels.py took 0.392 seconds
[2023-08-09 11:39:16,484] {scheduler_job.py:182} INFO - Started process (PID=7874) to work on /home/airflow/.local/lib/python3.6/site-packages/airflow/example_dags/example_branch_labels.py
[2023-08-09 11:39:16,492] {scheduler_job.py:633} INFO - Processing file /home/airflow/.local/lib/python3.6/site-packages/airflow/example_dags/example_branch_labels.py for tasks to queue
[2023-08-09 11:39:16,499] {logging_mixin.py:104} INFO - [2023-08-09 11:39:16,498] {dagbag.py:496} INFO - Filling up the DagBag from /home/airflow/.local/lib/python3.6/site-packages/airflow/example_dags/example_branch_labels.py
[2023-08-09 11:39:16,623] {scheduler_job.py:643} INFO - DAG(s) dict_keys(['example_branch_labels']) retrieved from /home/airflow/.local/lib/python3.6/site-packages/airflow/example_dags/example_branch_labels.py
[2023-08-09 11:39:16,767] {logging_mixin.py:104} INFO - [2023-08-09 11:39:16,767] {dag.py:1833} INFO - Sync 1 DAGs
[2023-08-09 11:39:16,898] {logging_mixin.py:104} INFO - [2023-08-09 11:39:16,898] {dag.py:2306} INFO - Setting next_dagrun for example_branch_labels to 2023-08-07 00:00:00+00:00
[2023-08-09 11:39:16,965] {scheduler_job.py:190} INFO - Processing /home/airflow/.local/lib/python3.6/site-packages/airflow/example_dags/example_branch_labels.py took 0.505 seconds
[2023-08-09 16:25:54,957] {scheduler_job.py:182} INFO - Started process (PID=7913) to work on /home/airflow/.local/lib/python3.6/site-packages/airflow/example_dags/example_branch_labels.py
[2023-08-09 16:25:54,966] {scheduler_job.py:633} INFO - Processing file /home/airflow/.local/lib/python3.6/site-packages/airflow/example_dags/example_branch_labels.py for tasks to queue
[2023-08-09 16:25:54,974] {logging_mixin.py:104} INFO - [2023-08-09 16:25:54,974] {dagbag.py:496} INFO - Filling up the DagBag from /home/airflow/.local/lib/python3.6/site-packages/airflow/example_dags/example_branch_labels.py
[2023-08-09 16:25:55,025] {scheduler_job.py:643} INFO - DAG(s) dict_keys(['example_branch_labels']) retrieved from /home/airflow/.local/lib/python3.6/site-packages/airflow/example_dags/example_branch_labels.py
[2023-08-09 16:25:55,137] {logging_mixin.py:104} INFO - [2023-08-09 16:25:55,137] {dag.py:1833} INFO - Sync 1 DAGs
[2023-08-09 16:25:55,220] {logging_mixin.py:104} INFO - [2023-08-09 16:25:55,220] {dag.py:2306} INFO - Setting next_dagrun for example_branch_labels to 2023-08-07 00:00:00+00:00
[2023-08-09 16:25:55,278] {scheduler_job.py:190} INFO - Processing /home/airflow/.local/lib/python3.6/site-packages/airflow/example_dags/example_branch_labels.py took 0.347 seconds
[2023-08-09 16:26:25,757] {scheduler_job.py:182} INFO - Started process (PID=7964) to work on /home/airflow/.local/lib/python3.6/site-packages/airflow/example_dags/example_branch_labels.py
[2023-08-09 16:26:25,760] {scheduler_job.py:633} INFO - Processing file /home/airflow/.local/lib/python3.6/site-packages/airflow/example_dags/example_branch_labels.py for tasks to queue
[2023-08-09 16:26:25,761] {logging_mixin.py:104} INFO - [2023-08-09 16:26:25,761] {dagbag.py:496} INFO - Filling up the DagBag from /home/airflow/.local/lib/python3.6/site-packages/airflow/example_dags/example_branch_labels.py
[2023-08-09 16:26:25,780] {scheduler_job.py:643} INFO - DAG(s) dict_keys(['example_branch_labels']) retrieved from /home/airflow/.local/lib/python3.6/site-packages/airflow/example_dags/example_branch_labels.py
[2023-08-09 16:26:25,808] {logging_mixin.py:104} INFO - [2023-08-09 16:26:25,808] {dag.py:1833} INFO - Sync 1 DAGs
[2023-08-09 16:26:25,828] {logging_mixin.py:104} INFO - [2023-08-09 16:26:25,828] {dag.py:2306} INFO - Setting next_dagrun for example_branch_labels to 2023-08-07 00:00:00+00:00
[2023-08-09 16:26:25,845] {scheduler_job.py:190} INFO - Processing /home/airflow/.local/lib/python3.6/site-packages/airflow/example_dags/example_branch_labels.py took 0.093 seconds
[2023-08-09 16:26:56,507] {scheduler_job.py:182} INFO - Started process (PID=8015) to work on /home/airflow/.local/lib/python3.6/site-packages/airflow/example_dags/example_branch_labels.py
[2023-08-09 16:26:56,511] {scheduler_job.py:633} INFO - Processing file /home/airflow/.local/lib/python3.6/site-packages/airflow/example_dags/example_branch_labels.py for tasks to queue
[2023-08-09 16:26:56,514] {logging_mixin.py:104} INFO - [2023-08-09 16:26:56,513] {dagbag.py:496} INFO - Filling up the DagBag from /home/airflow/.local/lib/python3.6/site-packages/airflow/example_dags/example_branch_labels.py
[2023-08-09 16:26:56,539] {scheduler_job.py:643} INFO - DAG(s) dict_keys(['example_branch_labels']) retrieved from /home/airflow/.local/lib/python3.6/site-packages/airflow/example_dags/example_branch_labels.py
[2023-08-09 16:26:56,577] {logging_mixin.py:104} INFO - [2023-08-09 16:26:56,576] {dag.py:1833} INFO - Sync 1 DAGs
[2023-08-09 16:26:56,603] {logging_mixin.py:104} INFO - [2023-08-09 16:26:56,603] {dag.py:2306} INFO - Setting next_dagrun for example_branch_labels to 2023-08-07 00:00:00+00:00
[2023-08-09 16:26:56,619] {scheduler_job.py:190} INFO - Processing /home/airflow/.local/lib/python3.6/site-packages/airflow/example_dags/example_branch_labels.py took 0.118 seconds
[2023-08-09 16:27:26,714] {scheduler_job.py:182} INFO - Started process (PID=8064) to work on /home/airflow/.local/lib/python3.6/site-packages/airflow/example_dags/example_branch_labels.py
[2023-08-09 16:27:26,717] {scheduler_job.py:633} INFO - Processing file /home/airflow/.local/lib/python3.6/site-packages/airflow/example_dags/example_branch_labels.py for tasks to queue
[2023-08-09 16:27:26,719] {logging_mixin.py:104} INFO - [2023-08-09 16:27:26,718] {dagbag.py:496} INFO - Filling up the DagBag from /home/airflow/.local/lib/python3.6/site-packages/airflow/example_dags/example_branch_labels.py
[2023-08-09 16:27:26,738] {scheduler_job.py:643} INFO - DAG(s) dict_keys(['example_branch_labels']) retrieved from /home/airflow/.local/lib/python3.6/site-packages/airflow/example_dags/example_branch_labels.py
[2023-08-09 16:27:26,772] {logging_mixin.py:104} INFO - [2023-08-09 16:27:26,772] {dag.py:1833} INFO - Sync 1 DAGs
[2023-08-09 16:27:26,802] {logging_mixin.py:104} INFO - [2023-08-09 16:27:26,802] {dag.py:2306} INFO - Setting next_dagrun for example_branch_labels to 2023-08-07 00:00:00+00:00
[2023-08-09 16:27:26,817] {scheduler_job.py:190} INFO - Processing /home/airflow/.local/lib/python3.6/site-packages/airflow/example_dags/example_branch_labels.py took 0.109 seconds
[2023-08-09 16:27:57,359] {scheduler_job.py:182} INFO - Started process (PID=8125) to work on /home/airflow/.local/lib/python3.6/site-packages/airflow/example_dags/example_branch_labels.py
[2023-08-09 16:27:57,370] {scheduler_job.py:633} INFO - Processing file /home/airflow/.local/lib/python3.6/site-packages/airflow/example_dags/example_branch_labels.py for tasks to queue
[2023-08-09 16:27:57,375] {logging_mixin.py:104} INFO - [2023-08-09 16:27:57,375] {dagbag.py:496} INFO - Filling up the DagBag from /home/airflow/.local/lib/python3.6/site-packages/airflow/example_dags/example_branch_labels.py
[2023-08-09 16:27:57,518] {scheduler_job.py:643} INFO - DAG(s) dict_keys(['example_branch_labels']) retrieved from /home/airflow/.local/lib/python3.6/site-packages/airflow/example_dags/example_branch_labels.py
[2023-08-09 16:27:57,708] {logging_mixin.py:104} INFO - [2023-08-09 16:27:57,707] {dag.py:1833} INFO - Sync 1 DAGs
[2023-08-09 16:27:57,835] {logging_mixin.py:104} INFO - [2023-08-09 16:27:57,832] {dag.py:2306} INFO - Setting next_dagrun for example_branch_labels to 2023-08-07 00:00:00+00:00
[2023-08-09 16:27:57,877] {scheduler_job.py:190} INFO - Processing /home/airflow/.local/lib/python3.6/site-packages/airflow/example_dags/example_branch_labels.py took 0.527 seconds
[2023-08-09 16:28:28,551] {scheduler_job.py:182} INFO - Started process (PID=8175) to work on /home/airflow/.local/lib/python3.6/site-packages/airflow/example_dags/example_branch_labels.py
[2023-08-09 16:28:28,560] {scheduler_job.py:633} INFO - Processing file /home/airflow/.local/lib/python3.6/site-packages/airflow/example_dags/example_branch_labels.py for tasks to queue
[2023-08-09 16:28:28,562] {logging_mixin.py:104} INFO - [2023-08-09 16:28:28,562] {dagbag.py:496} INFO - Filling up the DagBag from /home/airflow/.local/lib/python3.6/site-packages/airflow/example_dags/example_branch_labels.py
[2023-08-09 16:28:28,599] {scheduler_job.py:643} INFO - DAG(s) dict_keys(['example_branch_labels']) retrieved from /home/airflow/.local/lib/python3.6/site-packages/airflow/example_dags/example_branch_labels.py
[2023-08-09 16:28:28,658] {logging_mixin.py:104} INFO - [2023-08-09 16:28:28,658] {dag.py:1833} INFO - Sync 1 DAGs
[2023-08-09 16:28:28,706] {logging_mixin.py:104} INFO - [2023-08-09 16:28:28,705] {dag.py:2306} INFO - Setting next_dagrun for example_branch_labels to 2023-08-07 00:00:00+00:00
[2023-08-09 16:28:28,726] {scheduler_job.py:190} INFO - Processing /home/airflow/.local/lib/python3.6/site-packages/airflow/example_dags/example_branch_labels.py took 0.181 seconds
[2023-08-09 16:28:58,916] {scheduler_job.py:182} INFO - Started process (PID=8226) to work on /home/airflow/.local/lib/python3.6/site-packages/airflow/example_dags/example_branch_labels.py
[2023-08-09 16:28:58,925] {scheduler_job.py:633} INFO - Processing file /home/airflow/.local/lib/python3.6/site-packages/airflow/example_dags/example_branch_labels.py for tasks to queue
[2023-08-09 16:28:58,931] {logging_mixin.py:104} INFO - [2023-08-09 16:28:58,930] {dagbag.py:496} INFO - Filling up the DagBag from /home/airflow/.local/lib/python3.6/site-packages/airflow/example_dags/example_branch_labels.py
[2023-08-09 16:28:58,966] {scheduler_job.py:643} INFO - DAG(s) dict_keys(['example_branch_labels']) retrieved from /home/airflow/.local/lib/python3.6/site-packages/airflow/example_dags/example_branch_labels.py
[2023-08-09 16:28:59,011] {logging_mixin.py:104} INFO - [2023-08-09 16:28:59,011] {dag.py:1833} INFO - Sync 1 DAGs
[2023-08-09 16:28:59,044] {logging_mixin.py:104} INFO - [2023-08-09 16:28:59,044] {dag.py:2306} INFO - Setting next_dagrun for example_branch_labels to 2023-08-07 00:00:00+00:00
[2023-08-09 16:28:59,060] {scheduler_job.py:190} INFO - Processing /home/airflow/.local/lib/python3.6/site-packages/airflow/example_dags/example_branch_labels.py took 0.177 seconds
[2023-08-09 16:29:29,177] {scheduler_job.py:182} INFO - Started process (PID=8286) to work on /home/airflow/.local/lib/python3.6/site-packages/airflow/example_dags/example_branch_labels.py
[2023-08-09 16:29:29,180] {scheduler_job.py:633} INFO - Processing file /home/airflow/.local/lib/python3.6/site-packages/airflow/example_dags/example_branch_labels.py for tasks to queue
[2023-08-09 16:29:29,182] {logging_mixin.py:104} INFO - [2023-08-09 16:29:29,181] {dagbag.py:496} INFO - Filling up the DagBag from /home/airflow/.local/lib/python3.6/site-packages/airflow/example_dags/example_branch_labels.py
[2023-08-09 16:29:29,200] {scheduler_job.py:643} INFO - DAG(s) dict_keys(['example_branch_labels']) retrieved from /home/airflow/.local/lib/python3.6/site-packages/airflow/example_dags/example_branch_labels.py
[2023-08-09 16:29:29,228] {logging_mixin.py:104} INFO - [2023-08-09 16:29:29,227] {dag.py:1833} INFO - Sync 1 DAGs
[2023-08-09 16:29:29,252] {logging_mixin.py:104} INFO - [2023-08-09 16:29:29,252] {dag.py:2306} INFO - Setting next_dagrun for example_branch_labels to 2023-08-07 00:00:00+00:00
[2023-08-09 16:29:29,265] {scheduler_job.py:190} INFO - Processing /home/airflow/.local/lib/python3.6/site-packages/airflow/example_dags/example_branch_labels.py took 0.094 seconds
[2023-08-09 16:29:59,846] {scheduler_job.py:182} INFO - Started process (PID=8337) to work on /home/airflow/.local/lib/python3.6/site-packages/airflow/example_dags/example_branch_labels.py
[2023-08-09 16:29:59,854] {scheduler_job.py:633} INFO - Processing file /home/airflow/.local/lib/python3.6/site-packages/airflow/example_dags/example_branch_labels.py for tasks to queue
[2023-08-09 16:29:59,857] {logging_mixin.py:104} INFO - [2023-08-09 16:29:59,856] {dagbag.py:496} INFO - Filling up the DagBag from /home/airflow/.local/lib/python3.6/site-packages/airflow/example_dags/example_branch_labels.py
[2023-08-09 16:29:59,890] {scheduler_job.py:643} INFO - DAG(s) dict_keys(['example_branch_labels']) retrieved from /home/airflow/.local/lib/python3.6/site-packages/airflow/example_dags/example_branch_labels.py
[2023-08-09 16:29:59,951] {logging_mixin.py:104} INFO - [2023-08-09 16:29:59,950] {dag.py:1833} INFO - Sync 1 DAGs
[2023-08-09 16:29:59,979] {logging_mixin.py:104} INFO - [2023-08-09 16:29:59,979] {dag.py:2306} INFO - Setting next_dagrun for example_branch_labels to 2023-08-07 00:00:00+00:00
[2023-08-09 16:30:00,010] {scheduler_job.py:190} INFO - Processing /home/airflow/.local/lib/python3.6/site-packages/airflow/example_dags/example_branch_labels.py took 0.172 seconds
[2023-08-09 16:30:31,149] {scheduler_job.py:182} INFO - Started process (PID=8388) to work on /home/airflow/.local/lib/python3.6/site-packages/airflow/example_dags/example_branch_labels.py
[2023-08-09 16:30:31,161] {scheduler_job.py:633} INFO - Processing file /home/airflow/.local/lib/python3.6/site-packages/airflow/example_dags/example_branch_labels.py for tasks to queue
[2023-08-09 16:30:31,175] {logging_mixin.py:104} INFO - [2023-08-09 16:30:31,175] {dagbag.py:496} INFO - Filling up the DagBag from /home/airflow/.local/lib/python3.6/site-packages/airflow/example_dags/example_branch_labels.py
[2023-08-09 16:30:31,230] {scheduler_job.py:643} INFO - DAG(s) dict_keys(['example_branch_labels']) retrieved from /home/airflow/.local/lib/python3.6/site-packages/airflow/example_dags/example_branch_labels.py
[2023-08-09 16:30:31,304] {logging_mixin.py:104} INFO - [2023-08-09 16:30:31,304] {dag.py:1833} INFO - Sync 1 DAGs
[2023-08-09 16:30:31,349] {logging_mixin.py:104} INFO - [2023-08-09 16:30:31,349] {dag.py:2306} INFO - Setting next_dagrun for example_branch_labels to 2023-08-07 00:00:00+00:00
[2023-08-09 16:30:31,373] {scheduler_job.py:190} INFO - Processing /home/airflow/.local/lib/python3.6/site-packages/airflow/example_dags/example_branch_labels.py took 0.242 seconds
[2023-08-09 16:31:01,856] {scheduler_job.py:182} INFO - Started process (PID=8448) to work on /home/airflow/.local/lib/python3.6/site-packages/airflow/example_dags/example_branch_labels.py
[2023-08-09 16:31:01,863] {scheduler_job.py:633} INFO - Processing file /home/airflow/.local/lib/python3.6/site-packages/airflow/example_dags/example_branch_labels.py for tasks to queue
[2023-08-09 16:31:01,866] {logging_mixin.py:104} INFO - [2023-08-09 16:31:01,865] {dagbag.py:496} INFO - Filling up the DagBag from /home/airflow/.local/lib/python3.6/site-packages/airflow/example_dags/example_branch_labels.py
[2023-08-09 16:31:01,916] {scheduler_job.py:643} INFO - DAG(s) dict_keys(['example_branch_labels']) retrieved from /home/airflow/.local/lib/python3.6/site-packages/airflow/example_dags/example_branch_labels.py
[2023-08-09 16:31:01,977] {logging_mixin.py:104} INFO - [2023-08-09 16:31:01,976] {dag.py:1833} INFO - Sync 1 DAGs
[2023-08-09 16:31:02,010] {logging_mixin.py:104} INFO - [2023-08-09 16:31:02,009] {dag.py:2306} INFO - Setting next_dagrun for example_branch_labels to 2023-08-07 00:00:00+00:00
[2023-08-09 16:31:02,035] {scheduler_job.py:190} INFO - Processing /home/airflow/.local/lib/python3.6/site-packages/airflow/example_dags/example_branch_labels.py took 0.189 seconds
[2023-08-09 16:31:33,061] {scheduler_job.py:182} INFO - Started process (PID=8500) to work on /home/airflow/.local/lib/python3.6/site-packages/airflow/example_dags/example_branch_labels.py
[2023-08-09 16:31:33,067] {scheduler_job.py:633} INFO - Processing file /home/airflow/.local/lib/python3.6/site-packages/airflow/example_dags/example_branch_labels.py for tasks to queue
[2023-08-09 16:31:33,069] {logging_mixin.py:104} INFO - [2023-08-09 16:31:33,069] {dagbag.py:496} INFO - Filling up the DagBag from /home/airflow/.local/lib/python3.6/site-packages/airflow/example_dags/example_branch_labels.py
[2023-08-09 16:31:33,105] {scheduler_job.py:643} INFO - DAG(s) dict_keys(['example_branch_labels']) retrieved from /home/airflow/.local/lib/python3.6/site-packages/airflow/example_dags/example_branch_labels.py
[2023-08-09 16:31:33,137] {logging_mixin.py:104} INFO - [2023-08-09 16:31:33,137] {dag.py:1833} INFO - Sync 1 DAGs
[2023-08-09 16:31:33,156] {logging_mixin.py:104} INFO - [2023-08-09 16:31:33,156] {dag.py:2306} INFO - Setting next_dagrun for example_branch_labels to 2023-08-07 00:00:00+00:00
[2023-08-09 16:31:33,169] {scheduler_job.py:190} INFO - Processing /home/airflow/.local/lib/python3.6/site-packages/airflow/example_dags/example_branch_labels.py took 0.126 seconds
[2023-08-09 16:32:04,005] {scheduler_job.py:182} INFO - Started process (PID=8551) to work on /home/airflow/.local/lib/python3.6/site-packages/airflow/example_dags/example_branch_labels.py
[2023-08-09 16:32:04,010] {scheduler_job.py:633} INFO - Processing file /home/airflow/.local/lib/python3.6/site-packages/airflow/example_dags/example_branch_labels.py for tasks to queue
[2023-08-09 16:32:04,013] {logging_mixin.py:104} INFO - [2023-08-09 16:32:04,013] {dagbag.py:496} INFO - Filling up the DagBag from /home/airflow/.local/lib/python3.6/site-packages/airflow/example_dags/example_branch_labels.py
[2023-08-09 16:32:04,045] {scheduler_job.py:643} INFO - DAG(s) dict_keys(['example_branch_labels']) retrieved from /home/airflow/.local/lib/python3.6/site-packages/airflow/example_dags/example_branch_labels.py
[2023-08-09 16:32:04,089] {logging_mixin.py:104} INFO - [2023-08-09 16:32:04,089] {dag.py:1833} INFO - Sync 1 DAGs
[2023-08-09 16:32:04,110] {logging_mixin.py:104} INFO - [2023-08-09 16:32:04,110] {dag.py:2306} INFO - Setting next_dagrun for example_branch_labels to 2023-08-07 00:00:00+00:00
[2023-08-09 16:32:04,128] {scheduler_job.py:190} INFO - Processing /home/airflow/.local/lib/python3.6/site-packages/airflow/example_dags/example_branch_labels.py took 0.154 seconds
[2023-08-09 16:32:34,428] {scheduler_job.py:182} INFO - Started process (PID=8609) to work on /home/airflow/.local/lib/python3.6/site-packages/airflow/example_dags/example_branch_labels.py
[2023-08-09 16:32:34,431] {scheduler_job.py:633} INFO - Processing file /home/airflow/.local/lib/python3.6/site-packages/airflow/example_dags/example_branch_labels.py for tasks to queue
[2023-08-09 16:32:34,433] {logging_mixin.py:104} INFO - [2023-08-09 16:32:34,433] {dagbag.py:496} INFO - Filling up the DagBag from /home/airflow/.local/lib/python3.6/site-packages/airflow/example_dags/example_branch_labels.py
[2023-08-09 16:32:34,476] {scheduler_job.py:643} INFO - DAG(s) dict_keys(['example_branch_labels']) retrieved from /home/airflow/.local/lib/python3.6/site-packages/airflow/example_dags/example_branch_labels.py
[2023-08-09 16:32:34,546] {logging_mixin.py:104} INFO - [2023-08-09 16:32:34,546] {dag.py:1833} INFO - Sync 1 DAGs
[2023-08-09 16:32:34,590] {logging_mixin.py:104} INFO - [2023-08-09 16:32:34,590] {dag.py:2306} INFO - Setting next_dagrun for example_branch_labels to 2023-08-07 00:00:00+00:00
[2023-08-09 16:32:34,610] {scheduler_job.py:190} INFO - Processing /home/airflow/.local/lib/python3.6/site-packages/airflow/example_dags/example_branch_labels.py took 0.202 seconds
[2023-08-09 16:33:04,798] {scheduler_job.py:182} INFO - Started process (PID=8663) to work on /home/airflow/.local/lib/python3.6/site-packages/airflow/example_dags/example_branch_labels.py
[2023-08-09 16:33:04,803] {scheduler_job.py:633} INFO - Processing file /home/airflow/.local/lib/python3.6/site-packages/airflow/example_dags/example_branch_labels.py for tasks to queue
[2023-08-09 16:33:04,805] {logging_mixin.py:104} INFO - [2023-08-09 16:33:04,804] {dagbag.py:496} INFO - Filling up the DagBag from /home/airflow/.local/lib/python3.6/site-packages/airflow/example_dags/example_branch_labels.py
[2023-08-09 16:33:04,833] {scheduler_job.py:643} INFO - DAG(s) dict_keys(['example_branch_labels']) retrieved from /home/airflow/.local/lib/python3.6/site-packages/airflow/example_dags/example_branch_labels.py
[2023-08-09 16:33:04,868] {logging_mixin.py:104} INFO - [2023-08-09 16:33:04,868] {dag.py:1833} INFO - Sync 1 DAGs
[2023-08-09 16:33:04,895] {logging_mixin.py:104} INFO - [2023-08-09 16:33:04,895] {dag.py:2306} INFO - Setting next_dagrun for example_branch_labels to 2023-08-07 00:00:00+00:00
[2023-08-09 16:33:04,912] {scheduler_job.py:190} INFO - Processing /home/airflow/.local/lib/python3.6/site-packages/airflow/example_dags/example_branch_labels.py took 0.121 seconds
[2023-08-09 16:33:35,059] {scheduler_job.py:182} INFO - Started process (PID=8714) to work on /home/airflow/.local/lib/python3.6/site-packages/airflow/example_dags/example_branch_labels.py
[2023-08-09 16:33:35,064] {scheduler_job.py:633} INFO - Processing file /home/airflow/.local/lib/python3.6/site-packages/airflow/example_dags/example_branch_labels.py for tasks to queue
[2023-08-09 16:33:35,067] {logging_mixin.py:104} INFO - [2023-08-09 16:33:35,067] {dagbag.py:496} INFO - Filling up the DagBag from /home/airflow/.local/lib/python3.6/site-packages/airflow/example_dags/example_branch_labels.py
[2023-08-09 16:33:35,094] {scheduler_job.py:643} INFO - DAG(s) dict_keys(['example_branch_labels']) retrieved from /home/airflow/.local/lib/python3.6/site-packages/airflow/example_dags/example_branch_labels.py
[2023-08-09 16:33:35,126] {logging_mixin.py:104} INFO - [2023-08-09 16:33:35,126] {dag.py:1833} INFO - Sync 1 DAGs
[2023-08-09 16:33:35,153] {logging_mixin.py:104} INFO - [2023-08-09 16:33:35,152] {dag.py:2306} INFO - Setting next_dagrun for example_branch_labels to 2023-08-07 00:00:00+00:00
[2023-08-09 16:33:35,176] {scheduler_job.py:190} INFO - Processing /home/airflow/.local/lib/python3.6/site-packages/airflow/example_dags/example_branch_labels.py took 0.123 seconds
[2023-08-09 16:34:05,439] {scheduler_job.py:182} INFO - Started process (PID=8765) to work on /home/airflow/.local/lib/python3.6/site-packages/airflow/example_dags/example_branch_labels.py
[2023-08-09 16:34:05,445] {scheduler_job.py:633} INFO - Processing file /home/airflow/.local/lib/python3.6/site-packages/airflow/example_dags/example_branch_labels.py for tasks to queue
[2023-08-09 16:34:05,450] {logging_mixin.py:104} INFO - [2023-08-09 16:34:05,450] {dagbag.py:496} INFO - Filling up the DagBag from /home/airflow/.local/lib/python3.6/site-packages/airflow/example_dags/example_branch_labels.py
[2023-08-09 16:34:05,478] {scheduler_job.py:643} INFO - DAG(s) dict_keys(['example_branch_labels']) retrieved from /home/airflow/.local/lib/python3.6/site-packages/airflow/example_dags/example_branch_labels.py
[2023-08-09 16:34:05,513] {logging_mixin.py:104} INFO - [2023-08-09 16:34:05,513] {dag.py:1833} INFO - Sync 1 DAGs
[2023-08-09 16:34:05,545] {logging_mixin.py:104} INFO - [2023-08-09 16:34:05,545] {dag.py:2306} INFO - Setting next_dagrun for example_branch_labels to 2023-08-07 00:00:00+00:00
[2023-08-09 16:34:05,563] {scheduler_job.py:190} INFO - Processing /home/airflow/.local/lib/python3.6/site-packages/airflow/example_dags/example_branch_labels.py took 0.142 seconds
[2023-08-09 16:34:36,505] {scheduler_job.py:182} INFO - Started process (PID=8827) to work on /home/airflow/.local/lib/python3.6/site-packages/airflow/example_dags/example_branch_labels.py
[2023-08-09 16:34:36,508] {scheduler_job.py:633} INFO - Processing file /home/airflow/.local/lib/python3.6/site-packages/airflow/example_dags/example_branch_labels.py for tasks to queue
[2023-08-09 16:34:36,511] {logging_mixin.py:104} INFO - [2023-08-09 16:34:36,511] {dagbag.py:496} INFO - Filling up the DagBag from /home/airflow/.local/lib/python3.6/site-packages/airflow/example_dags/example_branch_labels.py
[2023-08-09 16:34:36,547] {scheduler_job.py:643} INFO - DAG(s) dict_keys(['example_branch_labels']) retrieved from /home/airflow/.local/lib/python3.6/site-packages/airflow/example_dags/example_branch_labels.py
[2023-08-09 16:34:36,598] {logging_mixin.py:104} INFO - [2023-08-09 16:34:36,598] {dag.py:1833} INFO - Sync 1 DAGs
[2023-08-09 16:34:36,637] {logging_mixin.py:104} INFO - [2023-08-09 16:34:36,637] {dag.py:2306} INFO - Setting next_dagrun for example_branch_labels to 2023-08-07 00:00:00+00:00
[2023-08-09 16:34:36,656] {scheduler_job.py:190} INFO - Processing /home/airflow/.local/lib/python3.6/site-packages/airflow/example_dags/example_branch_labels.py took 0.157 seconds
[2023-08-09 16:35:07,193] {scheduler_job.py:182} INFO - Started process (PID=8876) to work on /home/airflow/.local/lib/python3.6/site-packages/airflow/example_dags/example_branch_labels.py
[2023-08-09 16:35:07,199] {scheduler_job.py:633} INFO - Processing file /home/airflow/.local/lib/python3.6/site-packages/airflow/example_dags/example_branch_labels.py for tasks to queue
[2023-08-09 16:35:07,202] {logging_mixin.py:104} INFO - [2023-08-09 16:35:07,202] {dagbag.py:496} INFO - Filling up the DagBag from /home/airflow/.local/lib/python3.6/site-packages/airflow/example_dags/example_branch_labels.py
[2023-08-09 16:35:07,226] {scheduler_job.py:643} INFO - DAG(s) dict_keys(['example_branch_labels']) retrieved from /home/airflow/.local/lib/python3.6/site-packages/airflow/example_dags/example_branch_labels.py
[2023-08-09 16:35:07,265] {logging_mixin.py:104} INFO - [2023-08-09 16:35:07,265] {dag.py:1833} INFO - Sync 1 DAGs
[2023-08-09 16:35:07,291] {logging_mixin.py:104} INFO - [2023-08-09 16:35:07,291] {dag.py:2306} INFO - Setting next_dagrun for example_branch_labels to 2023-08-07 00:00:00+00:00
[2023-08-09 16:35:07,307] {scheduler_job.py:190} INFO - Processing /home/airflow/.local/lib/python3.6/site-packages/airflow/example_dags/example_branch_labels.py took 0.130 seconds
[2023-08-09 16:35:37,813] {scheduler_job.py:182} INFO - Started process (PID=8926) to work on /home/airflow/.local/lib/python3.6/site-packages/airflow/example_dags/example_branch_labels.py
[2023-08-09 16:35:37,818] {scheduler_job.py:633} INFO - Processing file /home/airflow/.local/lib/python3.6/site-packages/airflow/example_dags/example_branch_labels.py for tasks to queue
[2023-08-09 16:35:37,821] {logging_mixin.py:104} INFO - [2023-08-09 16:35:37,820] {dagbag.py:496} INFO - Filling up the DagBag from /home/airflow/.local/lib/python3.6/site-packages/airflow/example_dags/example_branch_labels.py
[2023-08-09 16:35:37,846] {scheduler_job.py:643} INFO - DAG(s) dict_keys(['example_branch_labels']) retrieved from /home/airflow/.local/lib/python3.6/site-packages/airflow/example_dags/example_branch_labels.py
[2023-08-09 16:35:37,880] {logging_mixin.py:104} INFO - [2023-08-09 16:35:37,880] {dag.py:1833} INFO - Sync 1 DAGs
[2023-08-09 16:35:37,913] {logging_mixin.py:104} INFO - [2023-08-09 16:35:37,913] {dag.py:2306} INFO - Setting next_dagrun for example_branch_labels to 2023-08-07 00:00:00+00:00
[2023-08-09 16:35:37,927] {scheduler_job.py:190} INFO - Processing /home/airflow/.local/lib/python3.6/site-packages/airflow/example_dags/example_branch_labels.py took 0.140 seconds
[2023-08-09 16:36:08,583] {scheduler_job.py:182} INFO - Started process (PID=8986) to work on /home/airflow/.local/lib/python3.6/site-packages/airflow/example_dags/example_branch_labels.py
[2023-08-09 16:36:08,602] {scheduler_job.py:633} INFO - Processing file /home/airflow/.local/lib/python3.6/site-packages/airflow/example_dags/example_branch_labels.py for tasks to queue
[2023-08-09 16:36:08,604] {logging_mixin.py:104} INFO - [2023-08-09 16:36:08,604] {dagbag.py:496} INFO - Filling up the DagBag from /home/airflow/.local/lib/python3.6/site-packages/airflow/example_dags/example_branch_labels.py
[2023-08-09 16:36:08,759] {scheduler_job.py:643} INFO - DAG(s) dict_keys(['example_branch_labels']) retrieved from /home/airflow/.local/lib/python3.6/site-packages/airflow/example_dags/example_branch_labels.py
[2023-08-09 16:36:08,929] {logging_mixin.py:104} INFO - [2023-08-09 16:36:08,929] {dag.py:1833} INFO - Sync 1 DAGs
[2023-08-09 16:36:09,002] {logging_mixin.py:104} INFO - [2023-08-09 16:36:09,002] {dag.py:2306} INFO - Setting next_dagrun for example_branch_labels to 2023-08-07 00:00:00+00:00
[2023-08-09 16:36:09,024] {scheduler_job.py:190} INFO - Processing /home/airflow/.local/lib/python3.6/site-packages/airflow/example_dags/example_branch_labels.py took 0.491 seconds
[2023-08-09 16:36:39,129] {scheduler_job.py:182} INFO - Started process (PID=9037) to work on /home/airflow/.local/lib/python3.6/site-packages/airflow/example_dags/example_branch_labels.py
[2023-08-09 16:36:39,132] {scheduler_job.py:633} INFO - Processing file /home/airflow/.local/lib/python3.6/site-packages/airflow/example_dags/example_branch_labels.py for tasks to queue
[2023-08-09 16:36:39,136] {logging_mixin.py:104} INFO - [2023-08-09 16:36:39,136] {dagbag.py:496} INFO - Filling up the DagBag from /home/airflow/.local/lib/python3.6/site-packages/airflow/example_dags/example_branch_labels.py
[2023-08-09 16:36:39,186] {scheduler_job.py:643} INFO - DAG(s) dict_keys(['example_branch_labels']) retrieved from /home/airflow/.local/lib/python3.6/site-packages/airflow/example_dags/example_branch_labels.py
[2023-08-09 16:36:39,271] {logging_mixin.py:104} INFO - [2023-08-09 16:36:39,271] {dag.py:1833} INFO - Sync 1 DAGs
[2023-08-09 16:36:39,354] {logging_mixin.py:104} INFO - [2023-08-09 16:36:39,354] {dag.py:2306} INFO - Setting next_dagrun for example_branch_labels to 2023-08-07 00:00:00+00:00
[2023-08-09 16:36:39,407] {scheduler_job.py:190} INFO - Processing /home/airflow/.local/lib/python3.6/site-packages/airflow/example_dags/example_branch_labels.py took 0.290 seconds
[2023-08-09 16:37:09,655] {scheduler_job.py:182} INFO - Started process (PID=9088) to work on /home/airflow/.local/lib/python3.6/site-packages/airflow/example_dags/example_branch_labels.py
[2023-08-09 16:37:09,659] {scheduler_job.py:633} INFO - Processing file /home/airflow/.local/lib/python3.6/site-packages/airflow/example_dags/example_branch_labels.py for tasks to queue
[2023-08-09 16:37:09,661] {logging_mixin.py:104} INFO - [2023-08-09 16:37:09,660] {dagbag.py:496} INFO - Filling up the DagBag from /home/airflow/.local/lib/python3.6/site-packages/airflow/example_dags/example_branch_labels.py
[2023-08-09 16:37:09,690] {scheduler_job.py:643} INFO - DAG(s) dict_keys(['example_branch_labels']) retrieved from /home/airflow/.local/lib/python3.6/site-packages/airflow/example_dags/example_branch_labels.py
[2023-08-09 16:37:09,732] {logging_mixin.py:104} INFO - [2023-08-09 16:37:09,732] {dag.py:1833} INFO - Sync 1 DAGs
[2023-08-09 16:37:09,763] {logging_mixin.py:104} INFO - [2023-08-09 16:37:09,762] {dag.py:2306} INFO - Setting next_dagrun for example_branch_labels to 2023-08-07 00:00:00+00:00
[2023-08-09 16:37:09,777] {scheduler_job.py:190} INFO - Processing /home/airflow/.local/lib/python3.6/site-packages/airflow/example_dags/example_branch_labels.py took 0.131 seconds
[2023-08-09 16:37:40,239] {scheduler_job.py:182} INFO - Started process (PID=9139) to work on /home/airflow/.local/lib/python3.6/site-packages/airflow/example_dags/example_branch_labels.py
[2023-08-09 16:37:40,244] {scheduler_job.py:633} INFO - Processing file /home/airflow/.local/lib/python3.6/site-packages/airflow/example_dags/example_branch_labels.py for tasks to queue
[2023-08-09 16:37:40,247] {logging_mixin.py:104} INFO - [2023-08-09 16:37:40,246] {dagbag.py:496} INFO - Filling up the DagBag from /home/airflow/.local/lib/python3.6/site-packages/airflow/example_dags/example_branch_labels.py
[2023-08-09 16:37:40,277] {scheduler_job.py:643} INFO - DAG(s) dict_keys(['example_branch_labels']) retrieved from /home/airflow/.local/lib/python3.6/site-packages/airflow/example_dags/example_branch_labels.py
[2023-08-09 16:37:40,315] {logging_mixin.py:104} INFO - [2023-08-09 16:37:40,315] {dag.py:1833} INFO - Sync 1 DAGs
[2023-08-09 16:37:40,343] {logging_mixin.py:104} INFO - [2023-08-09 16:37:40,343] {dag.py:2306} INFO - Setting next_dagrun for example_branch_labels to 2023-08-07 00:00:00+00:00
[2023-08-09 16:37:40,363] {scheduler_job.py:190} INFO - Processing /home/airflow/.local/lib/python3.6/site-packages/airflow/example_dags/example_branch_labels.py took 0.144 seconds
[2023-08-09 16:38:10,545] {scheduler_job.py:182} INFO - Started process (PID=9201) to work on /home/airflow/.local/lib/python3.6/site-packages/airflow/example_dags/example_branch_labels.py
[2023-08-09 16:38:10,548] {scheduler_job.py:633} INFO - Processing file /home/airflow/.local/lib/python3.6/site-packages/airflow/example_dags/example_branch_labels.py for tasks to queue
[2023-08-09 16:38:10,553] {logging_mixin.py:104} INFO - [2023-08-09 16:38:10,553] {dagbag.py:496} INFO - Filling up the DagBag from /home/airflow/.local/lib/python3.6/site-packages/airflow/example_dags/example_branch_labels.py
[2023-08-09 16:38:10,613] {scheduler_job.py:643} INFO - DAG(s) dict_keys(['example_branch_labels']) retrieved from /home/airflow/.local/lib/python3.6/site-packages/airflow/example_dags/example_branch_labels.py
[2023-08-09 16:38:10,665] {logging_mixin.py:104} INFO - [2023-08-09 16:38:10,665] {dag.py:1833} INFO - Sync 1 DAGs
[2023-08-09 16:38:10,711] {logging_mixin.py:104} INFO - [2023-08-09 16:38:10,710] {dag.py:2306} INFO - Setting next_dagrun for example_branch_labels to 2023-08-07 00:00:00+00:00
[2023-08-09 16:38:10,753] {scheduler_job.py:190} INFO - Processing /home/airflow/.local/lib/python3.6/site-packages/airflow/example_dags/example_branch_labels.py took 0.235 seconds
[2023-08-09 16:38:41,532] {scheduler_job.py:182} INFO - Started process (PID=9252) to work on /home/airflow/.local/lib/python3.6/site-packages/airflow/example_dags/example_branch_labels.py
[2023-08-09 16:38:41,535] {scheduler_job.py:633} INFO - Processing file /home/airflow/.local/lib/python3.6/site-packages/airflow/example_dags/example_branch_labels.py for tasks to queue
[2023-08-09 16:38:41,538] {logging_mixin.py:104} INFO - [2023-08-09 16:38:41,538] {dagbag.py:496} INFO - Filling up the DagBag from /home/airflow/.local/lib/python3.6/site-packages/airflow/example_dags/example_branch_labels.py
[2023-08-09 16:38:41,560] {scheduler_job.py:643} INFO - DAG(s) dict_keys(['example_branch_labels']) retrieved from /home/airflow/.local/lib/python3.6/site-packages/airflow/example_dags/example_branch_labels.py
[2023-08-09 16:38:41,591] {logging_mixin.py:104} INFO - [2023-08-09 16:38:41,591] {dag.py:1833} INFO - Sync 1 DAGs
[2023-08-09 16:38:41,613] {logging_mixin.py:104} INFO - [2023-08-09 16:38:41,612] {dag.py:2306} INFO - Setting next_dagrun for example_branch_labels to 2023-08-07 00:00:00+00:00
[2023-08-09 16:38:41,627] {scheduler_job.py:190} INFO - Processing /home/airflow/.local/lib/python3.6/site-packages/airflow/example_dags/example_branch_labels.py took 0.105 seconds
[2023-08-09 16:39:11,835] {scheduler_job.py:182} INFO - Started process (PID=9302) to work on /home/airflow/.local/lib/python3.6/site-packages/airflow/example_dags/example_branch_labels.py
[2023-08-09 16:39:11,859] {scheduler_job.py:633} INFO - Processing file /home/airflow/.local/lib/python3.6/site-packages/airflow/example_dags/example_branch_labels.py for tasks to queue
[2023-08-09 16:39:11,863] {logging_mixin.py:104} INFO - [2023-08-09 16:39:11,863] {dagbag.py:496} INFO - Filling up the DagBag from /home/airflow/.local/lib/python3.6/site-packages/airflow/example_dags/example_branch_labels.py
[2023-08-09 16:39:11,929] {scheduler_job.py:643} INFO - DAG(s) dict_keys(['example_branch_labels']) retrieved from /home/airflow/.local/lib/python3.6/site-packages/airflow/example_dags/example_branch_labels.py
[2023-08-09 16:39:12,053] {logging_mixin.py:104} INFO - [2023-08-09 16:39:12,053] {dag.py:1833} INFO - Sync 1 DAGs
[2023-08-09 16:39:12,126] {logging_mixin.py:104} INFO - [2023-08-09 16:39:12,126] {dag.py:2306} INFO - Setting next_dagrun for example_branch_labels to 2023-08-07 00:00:00+00:00
[2023-08-09 16:39:12,157] {scheduler_job.py:190} INFO - Processing /home/airflow/.local/lib/python3.6/site-packages/airflow/example_dags/example_branch_labels.py took 0.342 seconds
[2023-08-09 16:39:42,691] {scheduler_job.py:182} INFO - Started process (PID=9362) to work on /home/airflow/.local/lib/python3.6/site-packages/airflow/example_dags/example_branch_labels.py
[2023-08-09 16:39:42,699] {scheduler_job.py:633} INFO - Processing file /home/airflow/.local/lib/python3.6/site-packages/airflow/example_dags/example_branch_labels.py for tasks to queue
[2023-08-09 16:39:42,707] {logging_mixin.py:104} INFO - [2023-08-09 16:39:42,707] {dagbag.py:496} INFO - Filling up the DagBag from /home/airflow/.local/lib/python3.6/site-packages/airflow/example_dags/example_branch_labels.py
[2023-08-09 16:39:42,749] {scheduler_job.py:643} INFO - DAG(s) dict_keys(['example_branch_labels']) retrieved from /home/airflow/.local/lib/python3.6/site-packages/airflow/example_dags/example_branch_labels.py
[2023-08-09 16:39:42,815] {logging_mixin.py:104} INFO - [2023-08-09 16:39:42,815] {dag.py:1833} INFO - Sync 1 DAGs
[2023-08-09 16:39:42,884] {logging_mixin.py:104} INFO - [2023-08-09 16:39:42,884] {dag.py:2306} INFO - Setting next_dagrun for example_branch_labels to 2023-08-07 00:00:00+00:00
[2023-08-09 16:39:42,962] {scheduler_job.py:190} INFO - Processing /home/airflow/.local/lib/python3.6/site-packages/airflow/example_dags/example_branch_labels.py took 0.302 seconds
[2023-08-09 16:40:13,176] {scheduler_job.py:182} INFO - Started process (PID=9411) to work on /home/airflow/.local/lib/python3.6/site-packages/airflow/example_dags/example_branch_labels.py
[2023-08-09 16:40:13,180] {scheduler_job.py:633} INFO - Processing file /home/airflow/.local/lib/python3.6/site-packages/airflow/example_dags/example_branch_labels.py for tasks to queue
[2023-08-09 16:40:13,185] {logging_mixin.py:104} INFO - [2023-08-09 16:40:13,185] {dagbag.py:496} INFO - Filling up the DagBag from /home/airflow/.local/lib/python3.6/site-packages/airflow/example_dags/example_branch_labels.py
[2023-08-09 16:40:13,223] {scheduler_job.py:643} INFO - DAG(s) dict_keys(['example_branch_labels']) retrieved from /home/airflow/.local/lib/python3.6/site-packages/airflow/example_dags/example_branch_labels.py
[2023-08-09 16:40:13,278] {logging_mixin.py:104} INFO - [2023-08-09 16:40:13,278] {dag.py:1833} INFO - Sync 1 DAGs
[2023-08-09 16:40:13,307] {logging_mixin.py:104} INFO - [2023-08-09 16:40:13,307] {dag.py:2306} INFO - Setting next_dagrun for example_branch_labels to 2023-08-07 00:00:00+00:00
[2023-08-09 16:40:13,324] {scheduler_job.py:190} INFO - Processing /home/airflow/.local/lib/python3.6/site-packages/airflow/example_dags/example_branch_labels.py took 0.155 seconds
[2023-08-09 16:40:44,287] {scheduler_job.py:182} INFO - Started process (PID=9461) to work on /home/airflow/.local/lib/python3.6/site-packages/airflow/example_dags/example_branch_labels.py
[2023-08-09 16:40:44,304] {scheduler_job.py:633} INFO - Processing file /home/airflow/.local/lib/python3.6/site-packages/airflow/example_dags/example_branch_labels.py for tasks to queue
[2023-08-09 16:40:44,314] {logging_mixin.py:104} INFO - [2023-08-09 16:40:44,313] {dagbag.py:496} INFO - Filling up the DagBag from /home/airflow/.local/lib/python3.6/site-packages/airflow/example_dags/example_branch_labels.py
[2023-08-09 16:40:44,353] {scheduler_job.py:643} INFO - DAG(s) dict_keys(['example_branch_labels']) retrieved from /home/airflow/.local/lib/python3.6/site-packages/airflow/example_dags/example_branch_labels.py
[2023-08-09 16:40:44,422] {logging_mixin.py:104} INFO - [2023-08-09 16:40:44,421] {dag.py:1833} INFO - Sync 1 DAGs
[2023-08-09 16:40:44,459] {logging_mixin.py:104} INFO - [2023-08-09 16:40:44,459] {dag.py:2306} INFO - Setting next_dagrun for example_branch_labels to 2023-08-07 00:00:00+00:00
[2023-08-09 16:40:44,480] {scheduler_job.py:190} INFO - Processing /home/airflow/.local/lib/python3.6/site-packages/airflow/example_dags/example_branch_labels.py took 0.222 seconds
[2023-08-09 16:41:14,658] {scheduler_job.py:182} INFO - Started process (PID=9512) to work on /home/airflow/.local/lib/python3.6/site-packages/airflow/example_dags/example_branch_labels.py
[2023-08-09 16:41:14,677] {scheduler_job.py:633} INFO - Processing file /home/airflow/.local/lib/python3.6/site-packages/airflow/example_dags/example_branch_labels.py for tasks to queue
[2023-08-09 16:41:14,686] {logging_mixin.py:104} INFO - [2023-08-09 16:41:14,686] {dagbag.py:496} INFO - Filling up the DagBag from /home/airflow/.local/lib/python3.6/site-packages/airflow/example_dags/example_branch_labels.py
[2023-08-09 16:41:14,725] {scheduler_job.py:643} INFO - DAG(s) dict_keys(['example_branch_labels']) retrieved from /home/airflow/.local/lib/python3.6/site-packages/airflow/example_dags/example_branch_labels.py
[2023-08-09 16:41:14,780] {logging_mixin.py:104} INFO - [2023-08-09 16:41:14,780] {dag.py:1833} INFO - Sync 1 DAGs
[2023-08-09 16:41:14,816] {logging_mixin.py:104} INFO - [2023-08-09 16:41:14,816] {dag.py:2306} INFO - Setting next_dagrun for example_branch_labels to 2023-08-07 00:00:00+00:00
[2023-08-09 16:41:14,835] {scheduler_job.py:190} INFO - Processing /home/airflow/.local/lib/python3.6/site-packages/airflow/example_dags/example_branch_labels.py took 0.202 seconds
[2023-08-09 16:41:45,233] {scheduler_job.py:182} INFO - Started process (PID=9564) to work on /home/airflow/.local/lib/python3.6/site-packages/airflow/example_dags/example_branch_labels.py
[2023-08-09 16:41:45,237] {scheduler_job.py:633} INFO - Processing file /home/airflow/.local/lib/python3.6/site-packages/airflow/example_dags/example_branch_labels.py for tasks to queue
[2023-08-09 16:41:45,240] {logging_mixin.py:104} INFO - [2023-08-09 16:41:45,240] {dagbag.py:496} INFO - Filling up the DagBag from /home/airflow/.local/lib/python3.6/site-packages/airflow/example_dags/example_branch_labels.py
[2023-08-09 16:41:45,271] {scheduler_job.py:643} INFO - DAG(s) dict_keys(['example_branch_labels']) retrieved from /home/airflow/.local/lib/python3.6/site-packages/airflow/example_dags/example_branch_labels.py
[2023-08-09 16:41:45,336] {logging_mixin.py:104} INFO - [2023-08-09 16:41:45,336] {dag.py:1833} INFO - Sync 1 DAGs
[2023-08-09 16:41:45,382] {logging_mixin.py:104} INFO - [2023-08-09 16:41:45,381] {dag.py:2306} INFO - Setting next_dagrun for example_branch_labels to 2023-08-07 00:00:00+00:00
[2023-08-09 16:41:45,412] {scheduler_job.py:190} INFO - Processing /home/airflow/.local/lib/python3.6/site-packages/airflow/example_dags/example_branch_labels.py took 0.187 seconds
[2023-08-09 16:42:16,053] {scheduler_job.py:182} INFO - Started process (PID=9624) to work on /home/airflow/.local/lib/python3.6/site-packages/airflow/example_dags/example_branch_labels.py
[2023-08-09 16:42:16,057] {scheduler_job.py:633} INFO - Processing file /home/airflow/.local/lib/python3.6/site-packages/airflow/example_dags/example_branch_labels.py for tasks to queue
[2023-08-09 16:42:16,063] {logging_mixin.py:104} INFO - [2023-08-09 16:42:16,062] {dagbag.py:496} INFO - Filling up the DagBag from /home/airflow/.local/lib/python3.6/site-packages/airflow/example_dags/example_branch_labels.py
[2023-08-09 16:42:16,117] {scheduler_job.py:643} INFO - DAG(s) dict_keys(['example_branch_labels']) retrieved from /home/airflow/.local/lib/python3.6/site-packages/airflow/example_dags/example_branch_labels.py
[2023-08-09 16:42:16,218] {logging_mixin.py:104} INFO - [2023-08-09 16:42:16,218] {dag.py:1833} INFO - Sync 1 DAGs
[2023-08-09 16:42:16,271] {logging_mixin.py:104} INFO - [2023-08-09 16:42:16,271] {dag.py:2306} INFO - Setting next_dagrun for example_branch_labels to 2023-08-07 00:00:00+00:00
[2023-08-09 16:42:16,309] {scheduler_job.py:190} INFO - Processing /home/airflow/.local/lib/python3.6/site-packages/airflow/example_dags/example_branch_labels.py took 0.266 seconds
[2023-08-09 16:42:46,995] {scheduler_job.py:182} INFO - Started process (PID=9676) to work on /home/airflow/.local/lib/python3.6/site-packages/airflow/example_dags/example_branch_labels.py
[2023-08-09 16:42:47,005] {scheduler_job.py:633} INFO - Processing file /home/airflow/.local/lib/python3.6/site-packages/airflow/example_dags/example_branch_labels.py for tasks to queue
[2023-08-09 16:42:47,012] {logging_mixin.py:104} INFO - [2023-08-09 16:42:47,010] {dagbag.py:496} INFO - Filling up the DagBag from /home/airflow/.local/lib/python3.6/site-packages/airflow/example_dags/example_branch_labels.py
[2023-08-09 16:42:47,060] {scheduler_job.py:643} INFO - DAG(s) dict_keys(['example_branch_labels']) retrieved from /home/airflow/.local/lib/python3.6/site-packages/airflow/example_dags/example_branch_labels.py
[2023-08-09 16:42:47,095] {logging_mixin.py:104} INFO - [2023-08-09 16:42:47,095] {dag.py:1833} INFO - Sync 1 DAGs
[2023-08-09 16:42:47,138] {logging_mixin.py:104} INFO - [2023-08-09 16:42:47,138] {dag.py:2306} INFO - Setting next_dagrun for example_branch_labels to 2023-08-07 00:00:00+00:00
[2023-08-09 16:42:47,166] {scheduler_job.py:190} INFO - Processing /home/airflow/.local/lib/python3.6/site-packages/airflow/example_dags/example_branch_labels.py took 0.184 seconds
[2023-08-09 16:43:17,552] {scheduler_job.py:182} INFO - Started process (PID=9736) to work on /home/airflow/.local/lib/python3.6/site-packages/airflow/example_dags/example_branch_labels.py
[2023-08-09 16:43:17,560] {scheduler_job.py:633} INFO - Processing file /home/airflow/.local/lib/python3.6/site-packages/airflow/example_dags/example_branch_labels.py for tasks to queue
[2023-08-09 16:43:17,563] {logging_mixin.py:104} INFO - [2023-08-09 16:43:17,562] {dagbag.py:496} INFO - Filling up the DagBag from /home/airflow/.local/lib/python3.6/site-packages/airflow/example_dags/example_branch_labels.py
[2023-08-09 16:43:17,604] {scheduler_job.py:643} INFO - DAG(s) dict_keys(['example_branch_labels']) retrieved from /home/airflow/.local/lib/python3.6/site-packages/airflow/example_dags/example_branch_labels.py
[2023-08-09 16:43:17,655] {logging_mixin.py:104} INFO - [2023-08-09 16:43:17,655] {dag.py:1833} INFO - Sync 1 DAGs
[2023-08-09 16:43:17,687] {logging_mixin.py:104} INFO - [2023-08-09 16:43:17,687] {dag.py:2306} INFO - Setting next_dagrun for example_branch_labels to 2023-08-07 00:00:00+00:00
[2023-08-09 16:43:17,723] {scheduler_job.py:190} INFO - Processing /home/airflow/.local/lib/python3.6/site-packages/airflow/example_dags/example_branch_labels.py took 0.181 seconds
[2023-08-09 16:43:47,892] {scheduler_job.py:182} INFO - Started process (PID=9785) to work on /home/airflow/.local/lib/python3.6/site-packages/airflow/example_dags/example_branch_labels.py
[2023-08-09 16:43:47,904] {scheduler_job.py:633} INFO - Processing file /home/airflow/.local/lib/python3.6/site-packages/airflow/example_dags/example_branch_labels.py for tasks to queue
[2023-08-09 16:43:47,907] {logging_mixin.py:104} INFO - [2023-08-09 16:43:47,907] {dagbag.py:496} INFO - Filling up the DagBag from /home/airflow/.local/lib/python3.6/site-packages/airflow/example_dags/example_branch_labels.py
[2023-08-09 16:43:47,944] {scheduler_job.py:643} INFO - DAG(s) dict_keys(['example_branch_labels']) retrieved from /home/airflow/.local/lib/python3.6/site-packages/airflow/example_dags/example_branch_labels.py
[2023-08-09 16:43:47,984] {logging_mixin.py:104} INFO - [2023-08-09 16:43:47,984] {dag.py:1833} INFO - Sync 1 DAGs
[2023-08-09 16:43:48,013] {logging_mixin.py:104} INFO - [2023-08-09 16:43:48,013] {dag.py:2306} INFO - Setting next_dagrun for example_branch_labels to 2023-08-07 00:00:00+00:00
[2023-08-09 16:43:48,036] {scheduler_job.py:190} INFO - Processing /home/airflow/.local/lib/python3.6/site-packages/airflow/example_dags/example_branch_labels.py took 0.183 seconds
[2023-08-09 16:44:19,077] {scheduler_job.py:182} INFO - Started process (PID=9837) to work on /home/airflow/.local/lib/python3.6/site-packages/airflow/example_dags/example_branch_labels.py
[2023-08-09 16:44:19,082] {scheduler_job.py:633} INFO - Processing file /home/airflow/.local/lib/python3.6/site-packages/airflow/example_dags/example_branch_labels.py for tasks to queue
[2023-08-09 16:44:19,084] {logging_mixin.py:104} INFO - [2023-08-09 16:44:19,083] {dagbag.py:496} INFO - Filling up the DagBag from /home/airflow/.local/lib/python3.6/site-packages/airflow/example_dags/example_branch_labels.py
[2023-08-09 16:44:19,107] {scheduler_job.py:643} INFO - DAG(s) dict_keys(['example_branch_labels']) retrieved from /home/airflow/.local/lib/python3.6/site-packages/airflow/example_dags/example_branch_labels.py
[2023-08-09 16:44:19,145] {logging_mixin.py:104} INFO - [2023-08-09 16:44:19,145] {dag.py:1833} INFO - Sync 1 DAGs
[2023-08-09 16:44:19,169] {logging_mixin.py:104} INFO - [2023-08-09 16:44:19,169] {dag.py:2306} INFO - Setting next_dagrun for example_branch_labels to 2023-08-07 00:00:00+00:00
[2023-08-09 16:44:19,185] {scheduler_job.py:190} INFO - Processing /home/airflow/.local/lib/python3.6/site-packages/airflow/example_dags/example_branch_labels.py took 0.124 seconds
[2023-08-09 16:44:49,450] {scheduler_job.py:182} INFO - Started process (PID=9898) to work on /home/airflow/.local/lib/python3.6/site-packages/airflow/example_dags/example_branch_labels.py
[2023-08-09 16:44:49,454] {scheduler_job.py:633} INFO - Processing file /home/airflow/.local/lib/python3.6/site-packages/airflow/example_dags/example_branch_labels.py for tasks to queue
[2023-08-09 16:44:49,457] {logging_mixin.py:104} INFO - [2023-08-09 16:44:49,457] {dagbag.py:496} INFO - Filling up the DagBag from /home/airflow/.local/lib/python3.6/site-packages/airflow/example_dags/example_branch_labels.py
[2023-08-09 16:44:49,498] {scheduler_job.py:643} INFO - DAG(s) dict_keys(['example_branch_labels']) retrieved from /home/airflow/.local/lib/python3.6/site-packages/airflow/example_dags/example_branch_labels.py
[2023-08-09 16:44:49,549] {logging_mixin.py:104} INFO - [2023-08-09 16:44:49,549] {dag.py:1833} INFO - Sync 1 DAGs
[2023-08-09 16:44:49,595] {logging_mixin.py:104} INFO - [2023-08-09 16:44:49,595] {dag.py:2306} INFO - Setting next_dagrun for example_branch_labels to 2023-08-07 00:00:00+00:00
[2023-08-09 16:44:49,620] {scheduler_job.py:190} INFO - Processing /home/airflow/.local/lib/python3.6/site-packages/airflow/example_dags/example_branch_labels.py took 0.179 seconds
[2023-08-09 16:45:20,383] {scheduler_job.py:182} INFO - Started process (PID=9950) to work on /home/airflow/.local/lib/python3.6/site-packages/airflow/example_dags/example_branch_labels.py
[2023-08-09 16:45:20,386] {scheduler_job.py:633} INFO - Processing file /home/airflow/.local/lib/python3.6/site-packages/airflow/example_dags/example_branch_labels.py for tasks to queue
[2023-08-09 16:45:20,388] {logging_mixin.py:104} INFO - [2023-08-09 16:45:20,387] {dagbag.py:496} INFO - Filling up the DagBag from /home/airflow/.local/lib/python3.6/site-packages/airflow/example_dags/example_branch_labels.py
[2023-08-09 16:45:20,410] {scheduler_job.py:643} INFO - DAG(s) dict_keys(['example_branch_labels']) retrieved from /home/airflow/.local/lib/python3.6/site-packages/airflow/example_dags/example_branch_labels.py
[2023-08-09 16:45:20,452] {logging_mixin.py:104} INFO - [2023-08-09 16:45:20,452] {dag.py:1833} INFO - Sync 1 DAGs
[2023-08-09 16:45:20,473] {logging_mixin.py:104} INFO - [2023-08-09 16:45:20,473] {dag.py:2306} INFO - Setting next_dagrun for example_branch_labels to 2023-08-07 00:00:00+00:00
[2023-08-09 16:45:20,488] {scheduler_job.py:190} INFO - Processing /home/airflow/.local/lib/python3.6/site-packages/airflow/example_dags/example_branch_labels.py took 0.110 seconds
[2023-08-09 16:45:50,555] {scheduler_job.py:182} INFO - Started process (PID=10011) to work on /home/airflow/.local/lib/python3.6/site-packages/airflow/example_dags/example_branch_labels.py
[2023-08-09 16:45:50,558] {scheduler_job.py:633} INFO - Processing file /home/airflow/.local/lib/python3.6/site-packages/airflow/example_dags/example_branch_labels.py for tasks to queue
[2023-08-09 16:45:50,560] {logging_mixin.py:104} INFO - [2023-08-09 16:45:50,560] {dagbag.py:496} INFO - Filling up the DagBag from /home/airflow/.local/lib/python3.6/site-packages/airflow/example_dags/example_branch_labels.py
[2023-08-09 16:45:50,586] {scheduler_job.py:643} INFO - DAG(s) dict_keys(['example_branch_labels']) retrieved from /home/airflow/.local/lib/python3.6/site-packages/airflow/example_dags/example_branch_labels.py
[2023-08-09 16:45:50,619] {logging_mixin.py:104} INFO - [2023-08-09 16:45:50,619] {dag.py:1833} INFO - Sync 1 DAGs
[2023-08-09 16:45:50,640] {logging_mixin.py:104} INFO - [2023-08-09 16:45:50,640] {dag.py:2306} INFO - Setting next_dagrun for example_branch_labels to 2023-08-07 00:00:00+00:00
[2023-08-09 16:45:50,661] {scheduler_job.py:190} INFO - Processing /home/airflow/.local/lib/python3.6/site-packages/airflow/example_dags/example_branch_labels.py took 0.110 seconds
[2023-08-09 16:46:21,082] {scheduler_job.py:182} INFO - Started process (PID=10062) to work on /home/airflow/.local/lib/python3.6/site-packages/airflow/example_dags/example_branch_labels.py
[2023-08-09 16:46:21,096] {scheduler_job.py:633} INFO - Processing file /home/airflow/.local/lib/python3.6/site-packages/airflow/example_dags/example_branch_labels.py for tasks to queue
[2023-08-09 16:46:21,106] {logging_mixin.py:104} INFO - [2023-08-09 16:46:21,104] {dagbag.py:496} INFO - Filling up the DagBag from /home/airflow/.local/lib/python3.6/site-packages/airflow/example_dags/example_branch_labels.py
[2023-08-09 16:46:21,145] {scheduler_job.py:643} INFO - DAG(s) dict_keys(['example_branch_labels']) retrieved from /home/airflow/.local/lib/python3.6/site-packages/airflow/example_dags/example_branch_labels.py
[2023-08-09 16:46:21,185] {logging_mixin.py:104} INFO - [2023-08-09 16:46:21,185] {dag.py:1833} INFO - Sync 1 DAGs
[2023-08-09 16:46:21,214] {logging_mixin.py:104} INFO - [2023-08-09 16:46:21,213] {dag.py:2306} INFO - Setting next_dagrun for example_branch_labels to 2023-08-07 00:00:00+00:00
[2023-08-09 16:46:21,232] {scheduler_job.py:190} INFO - Processing /home/airflow/.local/lib/python3.6/site-packages/airflow/example_dags/example_branch_labels.py took 0.166 seconds
[2023-08-09 16:46:51,346] {scheduler_job.py:182} INFO - Started process (PID=10112) to work on /home/airflow/.local/lib/python3.6/site-packages/airflow/example_dags/example_branch_labels.py
[2023-08-09 16:46:51,351] {scheduler_job.py:633} INFO - Processing file /home/airflow/.local/lib/python3.6/site-packages/airflow/example_dags/example_branch_labels.py for tasks to queue
[2023-08-09 16:46:51,357] {logging_mixin.py:104} INFO - [2023-08-09 16:46:51,357] {dagbag.py:496} INFO - Filling up the DagBag from /home/airflow/.local/lib/python3.6/site-packages/airflow/example_dags/example_branch_labels.py
[2023-08-09 16:46:51,382] {scheduler_job.py:643} INFO - DAG(s) dict_keys(['example_branch_labels']) retrieved from /home/airflow/.local/lib/python3.6/site-packages/airflow/example_dags/example_branch_labels.py
[2023-08-09 16:46:51,423] {logging_mixin.py:104} INFO - [2023-08-09 16:46:51,423] {dag.py:1833} INFO - Sync 1 DAGs
[2023-08-09 16:46:51,453] {logging_mixin.py:104} INFO - [2023-08-09 16:46:51,453] {dag.py:2306} INFO - Setting next_dagrun for example_branch_labels to 2023-08-07 00:00:00+00:00
[2023-08-09 16:46:51,472] {scheduler_job.py:190} INFO - Processing /home/airflow/.local/lib/python3.6/site-packages/airflow/example_dags/example_branch_labels.py took 0.135 seconds
[2023-08-09 16:47:21,531] {scheduler_job.py:182} INFO - Started process (PID=10169) to work on /home/airflow/.local/lib/python3.6/site-packages/airflow/example_dags/example_branch_labels.py
[2023-08-09 16:47:21,549] {scheduler_job.py:633} INFO - Processing file /home/airflow/.local/lib/python3.6/site-packages/airflow/example_dags/example_branch_labels.py for tasks to queue
[2023-08-09 16:47:21,554] {logging_mixin.py:104} INFO - [2023-08-09 16:47:21,554] {dagbag.py:496} INFO - Filling up the DagBag from /home/airflow/.local/lib/python3.6/site-packages/airflow/example_dags/example_branch_labels.py
[2023-08-09 16:47:21,613] {scheduler_job.py:643} INFO - DAG(s) dict_keys(['example_branch_labels']) retrieved from /home/airflow/.local/lib/python3.6/site-packages/airflow/example_dags/example_branch_labels.py
[2023-08-09 16:47:21,704] {logging_mixin.py:104} INFO - [2023-08-09 16:47:21,704] {dag.py:1833} INFO - Sync 1 DAGs
[2023-08-09 16:47:21,743] {logging_mixin.py:104} INFO - [2023-08-09 16:47:21,743] {dag.py:2306} INFO - Setting next_dagrun for example_branch_labels to 2023-08-07 00:00:00+00:00
[2023-08-09 16:47:21,768] {scheduler_job.py:190} INFO - Processing /home/airflow/.local/lib/python3.6/site-packages/airflow/example_dags/example_branch_labels.py took 0.244 seconds
[2023-08-09 16:47:52,719] {scheduler_job.py:182} INFO - Started process (PID=10223) to work on /home/airflow/.local/lib/python3.6/site-packages/airflow/example_dags/example_branch_labels.py
[2023-08-09 16:47:52,735] {scheduler_job.py:633} INFO - Processing file /home/airflow/.local/lib/python3.6/site-packages/airflow/example_dags/example_branch_labels.py for tasks to queue
[2023-08-09 16:47:52,748] {logging_mixin.py:104} INFO - [2023-08-09 16:47:52,748] {dagbag.py:496} INFO - Filling up the DagBag from /home/airflow/.local/lib/python3.6/site-packages/airflow/example_dags/example_branch_labels.py
[2023-08-09 16:47:52,836] {scheduler_job.py:643} INFO - DAG(s) dict_keys(['example_branch_labels']) retrieved from /home/airflow/.local/lib/python3.6/site-packages/airflow/example_dags/example_branch_labels.py
[2023-08-09 16:47:52,909] {logging_mixin.py:104} INFO - [2023-08-09 16:47:52,909] {dag.py:1833} INFO - Sync 1 DAGs
[2023-08-09 16:47:52,942] {logging_mixin.py:104} INFO - [2023-08-09 16:47:52,942] {dag.py:2306} INFO - Setting next_dagrun for example_branch_labels to 2023-08-07 00:00:00+00:00
[2023-08-09 16:47:52,972] {scheduler_job.py:190} INFO - Processing /home/airflow/.local/lib/python3.6/site-packages/airflow/example_dags/example_branch_labels.py took 0.291 seconds
[2023-08-09 16:48:23,552] {scheduler_job.py:182} INFO - Started process (PID=10274) to work on /home/airflow/.local/lib/python3.6/site-packages/airflow/example_dags/example_branch_labels.py
[2023-08-09 16:48:23,557] {scheduler_job.py:633} INFO - Processing file /home/airflow/.local/lib/python3.6/site-packages/airflow/example_dags/example_branch_labels.py for tasks to queue
[2023-08-09 16:48:23,560] {logging_mixin.py:104} INFO - [2023-08-09 16:48:23,560] {dagbag.py:496} INFO - Filling up the DagBag from /home/airflow/.local/lib/python3.6/site-packages/airflow/example_dags/example_branch_labels.py
[2023-08-09 16:48:23,581] {scheduler_job.py:643} INFO - DAG(s) dict_keys(['example_branch_labels']) retrieved from /home/airflow/.local/lib/python3.6/site-packages/airflow/example_dags/example_branch_labels.py
[2023-08-09 16:48:23,618] {logging_mixin.py:104} INFO - [2023-08-09 16:48:23,617] {dag.py:1833} INFO - Sync 1 DAGs
[2023-08-09 16:48:23,641] {logging_mixin.py:104} INFO - [2023-08-09 16:48:23,641] {dag.py:2306} INFO - Setting next_dagrun for example_branch_labels to 2023-08-07 00:00:00+00:00
[2023-08-09 16:48:23,663] {scheduler_job.py:190} INFO - Processing /home/airflow/.local/lib/python3.6/site-packages/airflow/example_dags/example_branch_labels.py took 0.119 seconds
[2023-08-09 16:48:53,807] {scheduler_job.py:182} INFO - Started process (PID=10331) to work on /home/airflow/.local/lib/python3.6/site-packages/airflow/example_dags/example_branch_labels.py
[2023-08-09 16:48:53,812] {scheduler_job.py:633} INFO - Processing file /home/airflow/.local/lib/python3.6/site-packages/airflow/example_dags/example_branch_labels.py for tasks to queue
[2023-08-09 16:48:53,819] {logging_mixin.py:104} INFO - [2023-08-09 16:48:53,819] {dagbag.py:496} INFO - Filling up the DagBag from /home/airflow/.local/lib/python3.6/site-packages/airflow/example_dags/example_branch_labels.py
[2023-08-09 16:48:53,876] {scheduler_job.py:643} INFO - DAG(s) dict_keys(['example_branch_labels']) retrieved from /home/airflow/.local/lib/python3.6/site-packages/airflow/example_dags/example_branch_labels.py
[2023-08-09 16:48:53,937] {logging_mixin.py:104} INFO - [2023-08-09 16:48:53,937] {dag.py:1833} INFO - Sync 1 DAGs
[2023-08-09 16:48:53,970] {logging_mixin.py:104} INFO - [2023-08-09 16:48:53,970] {dag.py:2306} INFO - Setting next_dagrun for example_branch_labels to 2023-08-07 00:00:00+00:00
[2023-08-09 16:48:53,992] {scheduler_job.py:190} INFO - Processing /home/airflow/.local/lib/python3.6/site-packages/airflow/example_dags/example_branch_labels.py took 0.193 seconds
[2023-08-09 16:49:24,116] {scheduler_job.py:182} INFO - Started process (PID=10385) to work on /home/airflow/.local/lib/python3.6/site-packages/airflow/example_dags/example_branch_labels.py
[2023-08-09 16:49:24,119] {scheduler_job.py:633} INFO - Processing file /home/airflow/.local/lib/python3.6/site-packages/airflow/example_dags/example_branch_labels.py for tasks to queue
[2023-08-09 16:49:24,121] {logging_mixin.py:104} INFO - [2023-08-09 16:49:24,120] {dagbag.py:496} INFO - Filling up the DagBag from /home/airflow/.local/lib/python3.6/site-packages/airflow/example_dags/example_branch_labels.py
[2023-08-09 16:49:24,151] {scheduler_job.py:643} INFO - DAG(s) dict_keys(['example_branch_labels']) retrieved from /home/airflow/.local/lib/python3.6/site-packages/airflow/example_dags/example_branch_labels.py
[2023-08-09 16:49:24,221] {logging_mixin.py:104} INFO - [2023-08-09 16:49:24,221] {dag.py:1833} INFO - Sync 1 DAGs
[2023-08-09 16:49:24,263] {logging_mixin.py:104} INFO - [2023-08-09 16:49:24,263] {dag.py:2306} INFO - Setting next_dagrun for example_branch_labels to 2023-08-07 00:00:00+00:00
[2023-08-09 16:49:24,320] {scheduler_job.py:190} INFO - Processing /home/airflow/.local/lib/python3.6/site-packages/airflow/example_dags/example_branch_labels.py took 0.211 seconds
[2023-08-09 16:49:54,460] {scheduler_job.py:182} INFO - Started process (PID=10437) to work on /home/airflow/.local/lib/python3.6/site-packages/airflow/example_dags/example_branch_labels.py
[2023-08-09 16:49:54,463] {scheduler_job.py:633} INFO - Processing file /home/airflow/.local/lib/python3.6/site-packages/airflow/example_dags/example_branch_labels.py for tasks to queue
[2023-08-09 16:49:54,464] {logging_mixin.py:104} INFO - [2023-08-09 16:49:54,464] {dagbag.py:496} INFO - Filling up the DagBag from /home/airflow/.local/lib/python3.6/site-packages/airflow/example_dags/example_branch_labels.py
[2023-08-09 16:49:54,490] {scheduler_job.py:643} INFO - DAG(s) dict_keys(['example_branch_labels']) retrieved from /home/airflow/.local/lib/python3.6/site-packages/airflow/example_dags/example_branch_labels.py
[2023-08-09 16:49:54,524] {logging_mixin.py:104} INFO - [2023-08-09 16:49:54,524] {dag.py:1833} INFO - Sync 1 DAGs
[2023-08-09 16:49:54,545] {logging_mixin.py:104} INFO - [2023-08-09 16:49:54,545] {dag.py:2306} INFO - Setting next_dagrun for example_branch_labels to 2023-08-07 00:00:00+00:00
[2023-08-09 16:49:54,563] {scheduler_job.py:190} INFO - Processing /home/airflow/.local/lib/python3.6/site-packages/airflow/example_dags/example_branch_labels.py took 0.110 seconds
[2023-08-09 16:50:24,748] {scheduler_job.py:182} INFO - Started process (PID=10487) to work on /home/airflow/.local/lib/python3.6/site-packages/airflow/example_dags/example_branch_labels.py
[2023-08-09 16:50:24,751] {scheduler_job.py:633} INFO - Processing file /home/airflow/.local/lib/python3.6/site-packages/airflow/example_dags/example_branch_labels.py for tasks to queue
[2023-08-09 16:50:24,756] {logging_mixin.py:104} INFO - [2023-08-09 16:50:24,756] {dagbag.py:496} INFO - Filling up the DagBag from /home/airflow/.local/lib/python3.6/site-packages/airflow/example_dags/example_branch_labels.py
[2023-08-09 16:50:24,775] {scheduler_job.py:643} INFO - DAG(s) dict_keys(['example_branch_labels']) retrieved from /home/airflow/.local/lib/python3.6/site-packages/airflow/example_dags/example_branch_labels.py
[2023-08-09 16:50:24,807] {logging_mixin.py:104} INFO - [2023-08-09 16:50:24,807] {dag.py:1833} INFO - Sync 1 DAGs
[2023-08-09 16:50:24,827] {logging_mixin.py:104} INFO - [2023-08-09 16:50:24,827] {dag.py:2306} INFO - Setting next_dagrun for example_branch_labels to 2023-08-07 00:00:00+00:00
[2023-08-09 16:50:24,841] {scheduler_job.py:190} INFO - Processing /home/airflow/.local/lib/python3.6/site-packages/airflow/example_dags/example_branch_labels.py took 0.103 seconds
[2023-08-09 16:50:56,643] {scheduler_job.py:182} INFO - Started process (PID=10546) to work on /home/airflow/.local/lib/python3.6/site-packages/airflow/example_dags/example_branch_labels.py
[2023-08-09 16:50:56,648] {scheduler_job.py:633} INFO - Processing file /home/airflow/.local/lib/python3.6/site-packages/airflow/example_dags/example_branch_labels.py for tasks to queue
[2023-08-09 16:50:56,652] {logging_mixin.py:104} INFO - [2023-08-09 16:50:56,652] {dagbag.py:496} INFO - Filling up the DagBag from /home/airflow/.local/lib/python3.6/site-packages/airflow/example_dags/example_branch_labels.py
[2023-08-09 16:50:56,691] {scheduler_job.py:643} INFO - DAG(s) dict_keys(['example_branch_labels']) retrieved from /home/airflow/.local/lib/python3.6/site-packages/airflow/example_dags/example_branch_labels.py
[2023-08-09 16:50:56,747] {logging_mixin.py:104} INFO - [2023-08-09 16:50:56,747] {dag.py:1833} INFO - Sync 1 DAGs
[2023-08-09 16:50:56,787] {logging_mixin.py:104} INFO - [2023-08-09 16:50:56,787] {dag.py:2306} INFO - Setting next_dagrun for example_branch_labels to 2023-08-07 00:00:00+00:00
[2023-08-09 16:50:56,820] {scheduler_job.py:190} INFO - Processing /home/airflow/.local/lib/python3.6/site-packages/airflow/example_dags/example_branch_labels.py took 0.182 seconds
[2023-08-09 16:51:27,087] {scheduler_job.py:182} INFO - Started process (PID=10597) to work on /home/airflow/.local/lib/python3.6/site-packages/airflow/example_dags/example_branch_labels.py
[2023-08-09 16:51:27,091] {scheduler_job.py:633} INFO - Processing file /home/airflow/.local/lib/python3.6/site-packages/airflow/example_dags/example_branch_labels.py for tasks to queue
[2023-08-09 16:51:27,094] {logging_mixin.py:104} INFO - [2023-08-09 16:51:27,094] {dagbag.py:496} INFO - Filling up the DagBag from /home/airflow/.local/lib/python3.6/site-packages/airflow/example_dags/example_branch_labels.py
[2023-08-09 16:51:27,122] {scheduler_job.py:643} INFO - DAG(s) dict_keys(['example_branch_labels']) retrieved from /home/airflow/.local/lib/python3.6/site-packages/airflow/example_dags/example_branch_labels.py
[2023-08-09 16:51:27,165] {logging_mixin.py:104} INFO - [2023-08-09 16:51:27,165] {dag.py:1833} INFO - Sync 1 DAGs
[2023-08-09 16:51:27,189] {logging_mixin.py:104} INFO - [2023-08-09 16:51:27,189] {dag.py:2306} INFO - Setting next_dagrun for example_branch_labels to 2023-08-07 00:00:00+00:00
[2023-08-09 16:51:27,211] {scheduler_job.py:190} INFO - Processing /home/airflow/.local/lib/python3.6/site-packages/airflow/example_dags/example_branch_labels.py took 0.130 seconds
[2023-08-09 16:51:57,484] {scheduler_job.py:182} INFO - Started process (PID=10647) to work on /home/airflow/.local/lib/python3.6/site-packages/airflow/example_dags/example_branch_labels.py
[2023-08-09 16:51:57,487] {scheduler_job.py:633} INFO - Processing file /home/airflow/.local/lib/python3.6/site-packages/airflow/example_dags/example_branch_labels.py for tasks to queue
[2023-08-09 16:51:57,490] {logging_mixin.py:104} INFO - [2023-08-09 16:51:57,490] {dagbag.py:496} INFO - Filling up the DagBag from /home/airflow/.local/lib/python3.6/site-packages/airflow/example_dags/example_branch_labels.py
[2023-08-09 16:51:57,518] {scheduler_job.py:643} INFO - DAG(s) dict_keys(['example_branch_labels']) retrieved from /home/airflow/.local/lib/python3.6/site-packages/airflow/example_dags/example_branch_labels.py
[2023-08-09 16:51:57,550] {logging_mixin.py:104} INFO - [2023-08-09 16:51:57,550] {dag.py:1833} INFO - Sync 1 DAGs
[2023-08-09 16:51:57,575] {logging_mixin.py:104} INFO - [2023-08-09 16:51:57,575] {dag.py:2306} INFO - Setting next_dagrun for example_branch_labels to 2023-08-07 00:00:00+00:00
[2023-08-09 16:51:57,589] {scheduler_job.py:190} INFO - Processing /home/airflow/.local/lib/python3.6/site-packages/airflow/example_dags/example_branch_labels.py took 0.112 seconds
[2023-08-09 16:52:27,733] {scheduler_job.py:182} INFO - Started process (PID=10698) to work on /home/airflow/.local/lib/python3.6/site-packages/airflow/example_dags/example_branch_labels.py
[2023-08-09 16:52:27,737] {scheduler_job.py:633} INFO - Processing file /home/airflow/.local/lib/python3.6/site-packages/airflow/example_dags/example_branch_labels.py for tasks to queue
[2023-08-09 16:52:27,741] {logging_mixin.py:104} INFO - [2023-08-09 16:52:27,740] {dagbag.py:496} INFO - Filling up the DagBag from /home/airflow/.local/lib/python3.6/site-packages/airflow/example_dags/example_branch_labels.py
[2023-08-09 16:52:27,788] {scheduler_job.py:643} INFO - DAG(s) dict_keys(['example_branch_labels']) retrieved from /home/airflow/.local/lib/python3.6/site-packages/airflow/example_dags/example_branch_labels.py
[2023-08-09 16:52:27,873] {logging_mixin.py:104} INFO - [2023-08-09 16:52:27,873] {dag.py:1833} INFO - Sync 1 DAGs
[2023-08-09 16:52:27,913] {logging_mixin.py:104} INFO - [2023-08-09 16:52:27,913] {dag.py:2306} INFO - Setting next_dagrun for example_branch_labels to 2023-08-07 00:00:00+00:00
[2023-08-09 16:52:27,933] {scheduler_job.py:190} INFO - Processing /home/airflow/.local/lib/python3.6/site-packages/airflow/example_dags/example_branch_labels.py took 0.209 seconds
[2023-08-09 16:52:58,776] {scheduler_job.py:182} INFO - Started process (PID=10759) to work on /home/airflow/.local/lib/python3.6/site-packages/airflow/example_dags/example_branch_labels.py
[2023-08-09 16:52:58,785] {scheduler_job.py:633} INFO - Processing file /home/airflow/.local/lib/python3.6/site-packages/airflow/example_dags/example_branch_labels.py for tasks to queue
[2023-08-09 16:52:58,793] {logging_mixin.py:104} INFO - [2023-08-09 16:52:58,793] {dagbag.py:496} INFO - Filling up the DagBag from /home/airflow/.local/lib/python3.6/site-packages/airflow/example_dags/example_branch_labels.py
[2023-08-09 16:52:58,835] {scheduler_job.py:643} INFO - DAG(s) dict_keys(['example_branch_labels']) retrieved from /home/airflow/.local/lib/python3.6/site-packages/airflow/example_dags/example_branch_labels.py
[2023-08-09 16:52:58,928] {logging_mixin.py:104} INFO - [2023-08-09 16:52:58,926] {dag.py:1833} INFO - Sync 1 DAGs
[2023-08-09 16:52:58,965] {logging_mixin.py:104} INFO - [2023-08-09 16:52:58,964] {dag.py:2306} INFO - Setting next_dagrun for example_branch_labels to 2023-08-07 00:00:00+00:00
[2023-08-09 16:52:58,994] {scheduler_job.py:190} INFO - Processing /home/airflow/.local/lib/python3.6/site-packages/airflow/example_dags/example_branch_labels.py took 0.236 seconds
[2023-08-09 16:53:29,614] {scheduler_job.py:182} INFO - Started process (PID=10810) to work on /home/airflow/.local/lib/python3.6/site-packages/airflow/example_dags/example_branch_labels.py
[2023-08-09 16:53:29,623] {scheduler_job.py:633} INFO - Processing file /home/airflow/.local/lib/python3.6/site-packages/airflow/example_dags/example_branch_labels.py for tasks to queue
[2023-08-09 16:53:29,626] {logging_mixin.py:104} INFO - [2023-08-09 16:53:29,625] {dagbag.py:496} INFO - Filling up the DagBag from /home/airflow/.local/lib/python3.6/site-packages/airflow/example_dags/example_branch_labels.py
[2023-08-09 16:53:29,669] {scheduler_job.py:643} INFO - DAG(s) dict_keys(['example_branch_labels']) retrieved from /home/airflow/.local/lib/python3.6/site-packages/airflow/example_dags/example_branch_labels.py
[2023-08-09 16:53:29,730] {logging_mixin.py:104} INFO - [2023-08-09 16:53:29,729] {dag.py:1833} INFO - Sync 1 DAGs
[2023-08-09 16:53:29,779] {logging_mixin.py:104} INFO - [2023-08-09 16:53:29,779] {dag.py:2306} INFO - Setting next_dagrun for example_branch_labels to 2023-08-07 00:00:00+00:00
[2023-08-09 16:53:29,823] {scheduler_job.py:190} INFO - Processing /home/airflow/.local/lib/python3.6/site-packages/airflow/example_dags/example_branch_labels.py took 0.215 seconds
[2023-08-09 16:54:00,006] {scheduler_job.py:182} INFO - Started process (PID=10861) to work on /home/airflow/.local/lib/python3.6/site-packages/airflow/example_dags/example_branch_labels.py
[2023-08-09 16:54:00,009] {scheduler_job.py:633} INFO - Processing file /home/airflow/.local/lib/python3.6/site-packages/airflow/example_dags/example_branch_labels.py for tasks to queue
[2023-08-09 16:54:00,013] {logging_mixin.py:104} INFO - [2023-08-09 16:54:00,013] {dagbag.py:496} INFO - Filling up the DagBag from /home/airflow/.local/lib/python3.6/site-packages/airflow/example_dags/example_branch_labels.py
[2023-08-09 16:54:00,064] {scheduler_job.py:643} INFO - DAG(s) dict_keys(['example_branch_labels']) retrieved from /home/airflow/.local/lib/python3.6/site-packages/airflow/example_dags/example_branch_labels.py
[2023-08-09 16:54:00,135] {logging_mixin.py:104} INFO - [2023-08-09 16:54:00,135] {dag.py:1833} INFO - Sync 1 DAGs
[2023-08-09 16:54:00,184] {logging_mixin.py:104} INFO - [2023-08-09 16:54:00,184] {dag.py:2306} INFO - Setting next_dagrun for example_branch_labels to 2023-08-07 00:00:00+00:00
[2023-08-09 16:54:00,225] {scheduler_job.py:190} INFO - Processing /home/airflow/.local/lib/python3.6/site-packages/airflow/example_dags/example_branch_labels.py took 0.230 seconds
[2023-08-09 16:54:30,529] {scheduler_job.py:182} INFO - Started process (PID=10921) to work on /home/airflow/.local/lib/python3.6/site-packages/airflow/example_dags/example_branch_labels.py
[2023-08-09 16:54:30,531] {scheduler_job.py:633} INFO - Processing file /home/airflow/.local/lib/python3.6/site-packages/airflow/example_dags/example_branch_labels.py for tasks to queue
[2023-08-09 16:54:30,533] {logging_mixin.py:104} INFO - [2023-08-09 16:54:30,533] {dagbag.py:496} INFO - Filling up the DagBag from /home/airflow/.local/lib/python3.6/site-packages/airflow/example_dags/example_branch_labels.py
[2023-08-09 16:54:30,560] {scheduler_job.py:643} INFO - DAG(s) dict_keys(['example_branch_labels']) retrieved from /home/airflow/.local/lib/python3.6/site-packages/airflow/example_dags/example_branch_labels.py
[2023-08-09 16:54:30,614] {logging_mixin.py:104} INFO - [2023-08-09 16:54:30,613] {dag.py:1833} INFO - Sync 1 DAGs
[2023-08-09 16:54:30,644] {logging_mixin.py:104} INFO - [2023-08-09 16:54:30,643] {dag.py:2306} INFO - Setting next_dagrun for example_branch_labels to 2023-08-07 00:00:00+00:00
[2023-08-09 16:54:30,667] {scheduler_job.py:190} INFO - Processing /home/airflow/.local/lib/python3.6/site-packages/airflow/example_dags/example_branch_labels.py took 0.145 seconds
[2023-08-09 16:55:01,388] {scheduler_job.py:182} INFO - Started process (PID=10970) to work on /home/airflow/.local/lib/python3.6/site-packages/airflow/example_dags/example_branch_labels.py
[2023-08-09 16:55:01,391] {scheduler_job.py:633} INFO - Processing file /home/airflow/.local/lib/python3.6/site-packages/airflow/example_dags/example_branch_labels.py for tasks to queue
[2023-08-09 16:55:01,393] {logging_mixin.py:104} INFO - [2023-08-09 16:55:01,392] {dagbag.py:496} INFO - Filling up the DagBag from /home/airflow/.local/lib/python3.6/site-packages/airflow/example_dags/example_branch_labels.py
[2023-08-09 16:55:01,419] {scheduler_job.py:643} INFO - DAG(s) dict_keys(['example_branch_labels']) retrieved from /home/airflow/.local/lib/python3.6/site-packages/airflow/example_dags/example_branch_labels.py
[2023-08-09 16:55:01,458] {logging_mixin.py:104} INFO - [2023-08-09 16:55:01,458] {dag.py:1833} INFO - Sync 1 DAGs
[2023-08-09 16:55:01,478] {logging_mixin.py:104} INFO - [2023-08-09 16:55:01,478] {dag.py:2306} INFO - Setting next_dagrun for example_branch_labels to 2023-08-07 00:00:00+00:00
[2023-08-09 16:55:01,493] {scheduler_job.py:190} INFO - Processing /home/airflow/.local/lib/python3.6/site-packages/airflow/example_dags/example_branch_labels.py took 0.113 seconds
[2023-08-09 16:55:32,456] {scheduler_job.py:182} INFO - Started process (PID=11021) to work on /home/airflow/.local/lib/python3.6/site-packages/airflow/example_dags/example_branch_labels.py
[2023-08-09 16:55:32,459] {scheduler_job.py:633} INFO - Processing file /home/airflow/.local/lib/python3.6/site-packages/airflow/example_dags/example_branch_labels.py for tasks to queue
[2023-08-09 16:55:32,461] {logging_mixin.py:104} INFO - [2023-08-09 16:55:32,461] {dagbag.py:496} INFO - Filling up the DagBag from /home/airflow/.local/lib/python3.6/site-packages/airflow/example_dags/example_branch_labels.py
[2023-08-09 16:55:32,490] {scheduler_job.py:643} INFO - DAG(s) dict_keys(['example_branch_labels']) retrieved from /home/airflow/.local/lib/python3.6/site-packages/airflow/example_dags/example_branch_labels.py
[2023-08-09 16:55:32,529] {logging_mixin.py:104} INFO - [2023-08-09 16:55:32,529] {dag.py:1833} INFO - Sync 1 DAGs
[2023-08-09 16:55:32,556] {logging_mixin.py:104} INFO - [2023-08-09 16:55:32,555] {dag.py:2306} INFO - Setting next_dagrun for example_branch_labels to 2023-08-07 00:00:00+00:00
[2023-08-09 16:55:32,577] {scheduler_job.py:190} INFO - Processing /home/airflow/.local/lib/python3.6/site-packages/airflow/example_dags/example_branch_labels.py took 0.128 seconds
[2023-08-09 16:56:03,500] {scheduler_job.py:182} INFO - Started process (PID=11082) to work on /home/airflow/.local/lib/python3.6/site-packages/airflow/example_dags/example_branch_labels.py
[2023-08-09 16:56:03,503] {scheduler_job.py:633} INFO - Processing file /home/airflow/.local/lib/python3.6/site-packages/airflow/example_dags/example_branch_labels.py for tasks to queue
[2023-08-09 16:56:03,511] {logging_mixin.py:104} INFO - [2023-08-09 16:56:03,510] {dagbag.py:496} INFO - Filling up the DagBag from /home/airflow/.local/lib/python3.6/site-packages/airflow/example_dags/example_branch_labels.py
[2023-08-09 16:56:03,535] {scheduler_job.py:643} INFO - DAG(s) dict_keys(['example_branch_labels']) retrieved from /home/airflow/.local/lib/python3.6/site-packages/airflow/example_dags/example_branch_labels.py
[2023-08-09 16:56:03,589] {logging_mixin.py:104} INFO - [2023-08-09 16:56:03,589] {dag.py:1833} INFO - Sync 1 DAGs
[2023-08-09 16:56:03,659] {logging_mixin.py:104} INFO - [2023-08-09 16:56:03,659] {dag.py:2306} INFO - Setting next_dagrun for example_branch_labels to 2023-08-07 00:00:00+00:00
[2023-08-09 16:56:03,695] {scheduler_job.py:190} INFO - Processing /home/airflow/.local/lib/python3.6/site-packages/airflow/example_dags/example_branch_labels.py took 0.204 seconds
[2023-08-09 16:56:34,557] {scheduler_job.py:182} INFO - Started process (PID=11133) to work on /home/airflow/.local/lib/python3.6/site-packages/airflow/example_dags/example_branch_labels.py
[2023-08-09 16:56:34,562] {scheduler_job.py:633} INFO - Processing file /home/airflow/.local/lib/python3.6/site-packages/airflow/example_dags/example_branch_labels.py for tasks to queue
[2023-08-09 16:56:34,566] {logging_mixin.py:104} INFO - [2023-08-09 16:56:34,566] {dagbag.py:496} INFO - Filling up the DagBag from /home/airflow/.local/lib/python3.6/site-packages/airflow/example_dags/example_branch_labels.py
[2023-08-09 16:56:34,617] {scheduler_job.py:643} INFO - DAG(s) dict_keys(['example_branch_labels']) retrieved from /home/airflow/.local/lib/python3.6/site-packages/airflow/example_dags/example_branch_labels.py
[2023-08-09 16:56:34,671] {logging_mixin.py:104} INFO - [2023-08-09 16:56:34,671] {dag.py:1833} INFO - Sync 1 DAGs
[2023-08-09 16:56:34,725] {logging_mixin.py:104} INFO - [2023-08-09 16:56:34,725] {dag.py:2306} INFO - Setting next_dagrun for example_branch_labels to 2023-08-07 00:00:00+00:00
[2023-08-09 16:56:34,751] {scheduler_job.py:190} INFO - Processing /home/airflow/.local/lib/python3.6/site-packages/airflow/example_dags/example_branch_labels.py took 0.200 seconds
[2023-08-09 16:57:04,829] {scheduler_job.py:182} INFO - Started process (PID=11184) to work on /home/airflow/.local/lib/python3.6/site-packages/airflow/example_dags/example_branch_labels.py
[2023-08-09 16:57:04,833] {scheduler_job.py:633} INFO - Processing file /home/airflow/.local/lib/python3.6/site-packages/airflow/example_dags/example_branch_labels.py for tasks to queue
[2023-08-09 16:57:04,835] {logging_mixin.py:104} INFO - [2023-08-09 16:57:04,835] {dagbag.py:496} INFO - Filling up the DagBag from /home/airflow/.local/lib/python3.6/site-packages/airflow/example_dags/example_branch_labels.py
[2023-08-09 16:57:04,861] {scheduler_job.py:643} INFO - DAG(s) dict_keys(['example_branch_labels']) retrieved from /home/airflow/.local/lib/python3.6/site-packages/airflow/example_dags/example_branch_labels.py
[2023-08-09 16:57:04,929] {logging_mixin.py:104} INFO - [2023-08-09 16:57:04,929] {dag.py:1833} INFO - Sync 1 DAGs
[2023-08-09 16:57:04,953] {logging_mixin.py:104} INFO - [2023-08-09 16:57:04,953] {dag.py:2306} INFO - Setting next_dagrun for example_branch_labels to 2023-08-07 00:00:00+00:00
[2023-08-09 16:57:04,967] {scheduler_job.py:190} INFO - Processing /home/airflow/.local/lib/python3.6/site-packages/airflow/example_dags/example_branch_labels.py took 0.144 seconds
[2023-08-09 16:57:35,209] {scheduler_job.py:182} INFO - Started process (PID=11243) to work on /home/airflow/.local/lib/python3.6/site-packages/airflow/example_dags/example_branch_labels.py
[2023-08-09 16:57:35,212] {scheduler_job.py:633} INFO - Processing file /home/airflow/.local/lib/python3.6/site-packages/airflow/example_dags/example_branch_labels.py for tasks to queue
[2023-08-09 16:57:35,214] {logging_mixin.py:104} INFO - [2023-08-09 16:57:35,213] {dagbag.py:496} INFO - Filling up the DagBag from /home/airflow/.local/lib/python3.6/site-packages/airflow/example_dags/example_branch_labels.py
[2023-08-09 16:57:35,245] {scheduler_job.py:643} INFO - DAG(s) dict_keys(['example_branch_labels']) retrieved from /home/airflow/.local/lib/python3.6/site-packages/airflow/example_dags/example_branch_labels.py
[2023-08-09 16:57:35,310] {logging_mixin.py:104} INFO - [2023-08-09 16:57:35,309] {dag.py:1833} INFO - Sync 1 DAGs
[2023-08-09 16:57:35,360] {logging_mixin.py:104} INFO - [2023-08-09 16:57:35,360] {dag.py:2306} INFO - Setting next_dagrun for example_branch_labels to 2023-08-07 00:00:00+00:00
[2023-08-09 16:57:35,375] {scheduler_job.py:190} INFO - Processing /home/airflow/.local/lib/python3.6/site-packages/airflow/example_dags/example_branch_labels.py took 0.173 seconds
[2023-08-09 16:58:05,629] {scheduler_job.py:182} INFO - Started process (PID=11297) to work on /home/airflow/.local/lib/python3.6/site-packages/airflow/example_dags/example_branch_labels.py
[2023-08-09 16:58:05,633] {scheduler_job.py:633} INFO - Processing file /home/airflow/.local/lib/python3.6/site-packages/airflow/example_dags/example_branch_labels.py for tasks to queue
[2023-08-09 16:58:05,637] {logging_mixin.py:104} INFO - [2023-08-09 16:58:05,637] {dagbag.py:496} INFO - Filling up the DagBag from /home/airflow/.local/lib/python3.6/site-packages/airflow/example_dags/example_branch_labels.py
[2023-08-09 16:58:05,662] {scheduler_job.py:643} INFO - DAG(s) dict_keys(['example_branch_labels']) retrieved from /home/airflow/.local/lib/python3.6/site-packages/airflow/example_dags/example_branch_labels.py
[2023-08-09 16:58:05,699] {logging_mixin.py:104} INFO - [2023-08-09 16:58:05,699] {dag.py:1833} INFO - Sync 1 DAGs
[2023-08-09 16:58:05,731] {logging_mixin.py:104} INFO - [2023-08-09 16:58:05,731] {dag.py:2306} INFO - Setting next_dagrun for example_branch_labels to 2023-08-07 00:00:00+00:00
[2023-08-09 16:58:05,746] {scheduler_job.py:190} INFO - Processing /home/airflow/.local/lib/python3.6/site-packages/airflow/example_dags/example_branch_labels.py took 0.121 seconds
