[2023-08-09 11:34:24,459] {scheduler_job.py:182} INFO - Started process (PID=7405) to work on /home/airflow/.local/lib/python3.6/site-packages/airflow/example_dags/example_branch_operator.py
[2023-08-09 11:34:24,468] {scheduler_job.py:633} INFO - Processing file /home/airflow/.local/lib/python3.6/site-packages/airflow/example_dags/example_branch_operator.py for tasks to queue
[2023-08-09 11:34:24,476] {logging_mixin.py:104} INFO - [2023-08-09 11:34:24,476] {dagbag.py:496} INFO - Filling up the DagBag from /home/airflow/.local/lib/python3.6/site-packages/airflow/example_dags/example_branch_operator.py
[2023-08-09 11:34:24,605] {scheduler_job.py:643} INFO - DAG(s) dict_keys(['example_branch_operator']) retrieved from /home/airflow/.local/lib/python3.6/site-packages/airflow/example_dags/example_branch_operator.py
[2023-08-09 11:34:27,618] {logging_mixin.py:104} INFO - [2023-08-09 11:34:27,618] {dag.py:1833} INFO - Sync 1 DAGs
[2023-08-09 11:34:27,745] {logging_mixin.py:104} INFO - [2023-08-09 11:34:27,745] {dag.py:2306} INFO - Setting next_dagrun for example_branch_operator to 2023-08-07 00:00:00+00:00
[2023-08-09 11:34:28,245] {scheduler_job.py:190} INFO - Processing /home/airflow/.local/lib/python3.6/site-packages/airflow/example_dags/example_branch_operator.py took 3.812 seconds
[2023-08-09 11:34:58,956] {scheduler_job.py:182} INFO - Started process (PID=7447) to work on /home/airflow/.local/lib/python3.6/site-packages/airflow/example_dags/example_branch_operator.py
[2023-08-09 11:34:58,965] {scheduler_job.py:633} INFO - Processing file /home/airflow/.local/lib/python3.6/site-packages/airflow/example_dags/example_branch_operator.py for tasks to queue
[2023-08-09 11:34:58,969] {logging_mixin.py:104} INFO - [2023-08-09 11:34:58,968] {dagbag.py:496} INFO - Filling up the DagBag from /home/airflow/.local/lib/python3.6/site-packages/airflow/example_dags/example_branch_operator.py
[2023-08-09 11:34:59,007] {scheduler_job.py:643} INFO - DAG(s) dict_keys(['example_branch_operator']) retrieved from /home/airflow/.local/lib/python3.6/site-packages/airflow/example_dags/example_branch_operator.py
[2023-08-09 11:34:59,060] {logging_mixin.py:104} INFO - [2023-08-09 11:34:59,060] {dag.py:1833} INFO - Sync 1 DAGs
[2023-08-09 11:34:59,100] {logging_mixin.py:104} INFO - [2023-08-09 11:34:59,099] {dag.py:2306} INFO - Setting next_dagrun for example_branch_operator to 2023-08-07 00:00:00+00:00
[2023-08-09 11:34:59,127] {scheduler_job.py:190} INFO - Processing /home/airflow/.local/lib/python3.6/site-packages/airflow/example_dags/example_branch_operator.py took 0.180 seconds
[2023-08-09 11:35:29,550] {scheduler_job.py:182} INFO - Started process (PID=7498) to work on /home/airflow/.local/lib/python3.6/site-packages/airflow/example_dags/example_branch_operator.py
[2023-08-09 11:35:29,556] {scheduler_job.py:633} INFO - Processing file /home/airflow/.local/lib/python3.6/site-packages/airflow/example_dags/example_branch_operator.py for tasks to queue
[2023-08-09 11:35:29,564] {logging_mixin.py:104} INFO - [2023-08-09 11:35:29,563] {dagbag.py:496} INFO - Filling up the DagBag from /home/airflow/.local/lib/python3.6/site-packages/airflow/example_dags/example_branch_operator.py
[2023-08-09 11:35:29,639] {scheduler_job.py:643} INFO - DAG(s) dict_keys(['example_branch_operator']) retrieved from /home/airflow/.local/lib/python3.6/site-packages/airflow/example_dags/example_branch_operator.py
[2023-08-09 11:35:29,675] {logging_mixin.py:104} INFO - [2023-08-09 11:35:29,675] {dag.py:1833} INFO - Sync 1 DAGs
[2023-08-09 11:35:29,696] {logging_mixin.py:104} INFO - [2023-08-09 11:35:29,696] {dag.py:2306} INFO - Setting next_dagrun for example_branch_operator to 2023-08-07 00:00:00+00:00
[2023-08-09 11:35:29,713] {scheduler_job.py:190} INFO - Processing /home/airflow/.local/lib/python3.6/site-packages/airflow/example_dags/example_branch_operator.py took 0.177 seconds
[2023-08-09 11:35:59,815] {scheduler_job.py:182} INFO - Started process (PID=7549) to work on /home/airflow/.local/lib/python3.6/site-packages/airflow/example_dags/example_branch_operator.py
[2023-08-09 11:35:59,819] {scheduler_job.py:633} INFO - Processing file /home/airflow/.local/lib/python3.6/site-packages/airflow/example_dags/example_branch_operator.py for tasks to queue
[2023-08-09 11:35:59,823] {logging_mixin.py:104} INFO - [2023-08-09 11:35:59,822] {dagbag.py:496} INFO - Filling up the DagBag from /home/airflow/.local/lib/python3.6/site-packages/airflow/example_dags/example_branch_operator.py
[2023-08-09 11:35:59,860] {scheduler_job.py:643} INFO - DAG(s) dict_keys(['example_branch_operator']) retrieved from /home/airflow/.local/lib/python3.6/site-packages/airflow/example_dags/example_branch_operator.py
[2023-08-09 11:35:59,904] {logging_mixin.py:104} INFO - [2023-08-09 11:35:59,904] {dag.py:1833} INFO - Sync 1 DAGs
[2023-08-09 11:35:59,935] {logging_mixin.py:104} INFO - [2023-08-09 11:35:59,934] {dag.py:2306} INFO - Setting next_dagrun for example_branch_operator to 2023-08-07 00:00:00+00:00
[2023-08-09 11:35:59,975] {scheduler_job.py:190} INFO - Processing /home/airflow/.local/lib/python3.6/site-packages/airflow/example_dags/example_branch_operator.py took 0.174 seconds
[2023-08-09 11:36:30,604] {scheduler_job.py:182} INFO - Started process (PID=7600) to work on /home/airflow/.local/lib/python3.6/site-packages/airflow/example_dags/example_branch_operator.py
[2023-08-09 11:36:30,614] {scheduler_job.py:633} INFO - Processing file /home/airflow/.local/lib/python3.6/site-packages/airflow/example_dags/example_branch_operator.py for tasks to queue
[2023-08-09 11:36:30,620] {logging_mixin.py:104} INFO - [2023-08-09 11:36:30,619] {dagbag.py:496} INFO - Filling up the DagBag from /home/airflow/.local/lib/python3.6/site-packages/airflow/example_dags/example_branch_operator.py
[2023-08-09 11:36:30,687] {scheduler_job.py:643} INFO - DAG(s) dict_keys(['example_branch_operator']) retrieved from /home/airflow/.local/lib/python3.6/site-packages/airflow/example_dags/example_branch_operator.py
[2023-08-09 11:36:30,745] {logging_mixin.py:104} INFO - [2023-08-09 11:36:30,745] {dag.py:1833} INFO - Sync 1 DAGs
[2023-08-09 11:36:30,794] {logging_mixin.py:104} INFO - [2023-08-09 11:36:30,794] {dag.py:2306} INFO - Setting next_dagrun for example_branch_operator to 2023-08-07 00:00:00+00:00
[2023-08-09 11:36:30,853] {scheduler_job.py:190} INFO - Processing /home/airflow/.local/lib/python3.6/site-packages/airflow/example_dags/example_branch_operator.py took 0.266 seconds
[2023-08-09 11:37:01,044] {scheduler_job.py:182} INFO - Started process (PID=7652) to work on /home/airflow/.local/lib/python3.6/site-packages/airflow/example_dags/example_branch_operator.py
[2023-08-09 11:37:01,047] {scheduler_job.py:633} INFO - Processing file /home/airflow/.local/lib/python3.6/site-packages/airflow/example_dags/example_branch_operator.py for tasks to queue
[2023-08-09 11:37:01,050] {logging_mixin.py:104} INFO - [2023-08-09 11:37:01,050] {dagbag.py:496} INFO - Filling up the DagBag from /home/airflow/.local/lib/python3.6/site-packages/airflow/example_dags/example_branch_operator.py
[2023-08-09 11:37:01,083] {scheduler_job.py:643} INFO - DAG(s) dict_keys(['example_branch_operator']) retrieved from /home/airflow/.local/lib/python3.6/site-packages/airflow/example_dags/example_branch_operator.py
[2023-08-09 11:37:01,160] {logging_mixin.py:104} INFO - [2023-08-09 11:37:01,159] {dag.py:1833} INFO - Sync 1 DAGs
[2023-08-09 11:37:01,195] {logging_mixin.py:104} INFO - [2023-08-09 11:37:01,194] {dag.py:2306} INFO - Setting next_dagrun for example_branch_operator to 2023-08-07 00:00:00+00:00
[2023-08-09 11:37:01,235] {scheduler_job.py:190} INFO - Processing /home/airflow/.local/lib/python3.6/site-packages/airflow/example_dags/example_branch_operator.py took 0.199 seconds
[2023-08-09 11:37:31,375] {scheduler_job.py:182} INFO - Started process (PID=7704) to work on /home/airflow/.local/lib/python3.6/site-packages/airflow/example_dags/example_branch_operator.py
[2023-08-09 11:37:31,384] {scheduler_job.py:633} INFO - Processing file /home/airflow/.local/lib/python3.6/site-packages/airflow/example_dags/example_branch_operator.py for tasks to queue
[2023-08-09 11:37:31,387] {logging_mixin.py:104} INFO - [2023-08-09 11:37:31,386] {dagbag.py:496} INFO - Filling up the DagBag from /home/airflow/.local/lib/python3.6/site-packages/airflow/example_dags/example_branch_operator.py
[2023-08-09 11:37:31,433] {scheduler_job.py:643} INFO - DAG(s) dict_keys(['example_branch_operator']) retrieved from /home/airflow/.local/lib/python3.6/site-packages/airflow/example_dags/example_branch_operator.py
[2023-08-09 11:37:31,487] {logging_mixin.py:104} INFO - [2023-08-09 11:37:31,487] {dag.py:1833} INFO - Sync 1 DAGs
[2023-08-09 11:37:31,519] {logging_mixin.py:104} INFO - [2023-08-09 11:37:31,519] {dag.py:2306} INFO - Setting next_dagrun for example_branch_operator to 2023-08-07 00:00:00+00:00
[2023-08-09 11:37:31,552] {scheduler_job.py:190} INFO - Processing /home/airflow/.local/lib/python3.6/site-packages/airflow/example_dags/example_branch_operator.py took 0.186 seconds
[2023-08-09 11:38:01,674] {scheduler_job.py:182} INFO - Started process (PID=7753) to work on /home/airflow/.local/lib/python3.6/site-packages/airflow/example_dags/example_branch_operator.py
[2023-08-09 11:38:01,680] {scheduler_job.py:633} INFO - Processing file /home/airflow/.local/lib/python3.6/site-packages/airflow/example_dags/example_branch_operator.py for tasks to queue
[2023-08-09 11:38:01,682] {logging_mixin.py:104} INFO - [2023-08-09 11:38:01,682] {dagbag.py:496} INFO - Filling up the DagBag from /home/airflow/.local/lib/python3.6/site-packages/airflow/example_dags/example_branch_operator.py
[2023-08-09 11:38:01,710] {scheduler_job.py:643} INFO - DAG(s) dict_keys(['example_branch_operator']) retrieved from /home/airflow/.local/lib/python3.6/site-packages/airflow/example_dags/example_branch_operator.py
[2023-08-09 11:38:01,746] {logging_mixin.py:104} INFO - [2023-08-09 11:38:01,746] {dag.py:1833} INFO - Sync 1 DAGs
[2023-08-09 11:38:01,766] {logging_mixin.py:104} INFO - [2023-08-09 11:38:01,766] {dag.py:2306} INFO - Setting next_dagrun for example_branch_operator to 2023-08-07 00:00:00+00:00
[2023-08-09 11:38:01,790] {scheduler_job.py:190} INFO - Processing /home/airflow/.local/lib/python3.6/site-packages/airflow/example_dags/example_branch_operator.py took 0.127 seconds
[2023-08-09 11:38:32,826] {scheduler_job.py:182} INFO - Started process (PID=7802) to work on /home/airflow/.local/lib/python3.6/site-packages/airflow/example_dags/example_branch_operator.py
[2023-08-09 11:38:32,831] {scheduler_job.py:633} INFO - Processing file /home/airflow/.local/lib/python3.6/site-packages/airflow/example_dags/example_branch_operator.py for tasks to queue
[2023-08-09 11:38:32,833] {logging_mixin.py:104} INFO - [2023-08-09 11:38:32,833] {dagbag.py:496} INFO - Filling up the DagBag from /home/airflow/.local/lib/python3.6/site-packages/airflow/example_dags/example_branch_operator.py
[2023-08-09 11:38:32,871] {scheduler_job.py:643} INFO - DAG(s) dict_keys(['example_branch_operator']) retrieved from /home/airflow/.local/lib/python3.6/site-packages/airflow/example_dags/example_branch_operator.py
[2023-08-09 11:38:32,915] {logging_mixin.py:104} INFO - [2023-08-09 11:38:32,915] {dag.py:1833} INFO - Sync 1 DAGs
[2023-08-09 11:38:32,945] {logging_mixin.py:104} INFO - [2023-08-09 11:38:32,945] {dag.py:2306} INFO - Setting next_dagrun for example_branch_operator to 2023-08-07 00:00:00+00:00
[2023-08-09 11:38:32,970] {scheduler_job.py:190} INFO - Processing /home/airflow/.local/lib/python3.6/site-packages/airflow/example_dags/example_branch_operator.py took 0.153 seconds
[2023-08-09 11:39:03,117] {scheduler_job.py:182} INFO - Started process (PID=7851) to work on /home/airflow/.local/lib/python3.6/site-packages/airflow/example_dags/example_branch_operator.py
[2023-08-09 11:39:03,122] {scheduler_job.py:633} INFO - Processing file /home/airflow/.local/lib/python3.6/site-packages/airflow/example_dags/example_branch_operator.py for tasks to queue
[2023-08-09 11:39:03,126] {logging_mixin.py:104} INFO - [2023-08-09 11:39:03,124] {dagbag.py:496} INFO - Filling up the DagBag from /home/airflow/.local/lib/python3.6/site-packages/airflow/example_dags/example_branch_operator.py
[2023-08-09 11:39:03,194] {scheduler_job.py:643} INFO - DAG(s) dict_keys(['example_branch_operator']) retrieved from /home/airflow/.local/lib/python3.6/site-packages/airflow/example_dags/example_branch_operator.py
[2023-08-09 11:39:03,272] {logging_mixin.py:104} INFO - [2023-08-09 11:39:03,272] {dag.py:1833} INFO - Sync 1 DAGs
[2023-08-09 11:39:03,310] {logging_mixin.py:104} INFO - [2023-08-09 11:39:03,309] {dag.py:2306} INFO - Setting next_dagrun for example_branch_operator to 2023-08-07 00:00:00+00:00
[2023-08-09 11:39:03,337] {scheduler_job.py:190} INFO - Processing /home/airflow/.local/lib/python3.6/site-packages/airflow/example_dags/example_branch_operator.py took 0.226 seconds
[2023-08-09 16:25:50,141] {scheduler_job.py:182} INFO - Started process (PID=7896) to work on /home/airflow/.local/lib/python3.6/site-packages/airflow/example_dags/example_branch_operator.py
[2023-08-09 16:25:50,153] {scheduler_job.py:633} INFO - Processing file /home/airflow/.local/lib/python3.6/site-packages/airflow/example_dags/example_branch_operator.py for tasks to queue
[2023-08-09 16:25:50,164] {logging_mixin.py:104} INFO - [2023-08-09 16:25:50,164] {dagbag.py:496} INFO - Filling up the DagBag from /home/airflow/.local/lib/python3.6/site-packages/airflow/example_dags/example_branch_operator.py
[2023-08-09 16:25:50,335] {scheduler_job.py:643} INFO - DAG(s) dict_keys(['example_branch_operator']) retrieved from /home/airflow/.local/lib/python3.6/site-packages/airflow/example_dags/example_branch_operator.py
[2023-08-09 16:25:50,428] {logging_mixin.py:104} INFO - [2023-08-09 16:25:50,428] {dag.py:1833} INFO - Sync 1 DAGs
[2023-08-09 16:25:50,533] {logging_mixin.py:104} INFO - [2023-08-09 16:25:50,533] {dag.py:2306} INFO - Setting next_dagrun for example_branch_operator to 2023-08-07 00:00:00+00:00
[2023-08-09 16:25:50,620] {scheduler_job.py:190} INFO - Processing /home/airflow/.local/lib/python3.6/site-packages/airflow/example_dags/example_branch_operator.py took 0.491 seconds
[2023-08-09 16:26:21,194] {scheduler_job.py:182} INFO - Started process (PID=7947) to work on /home/airflow/.local/lib/python3.6/site-packages/airflow/example_dags/example_branch_operator.py
[2023-08-09 16:26:21,202] {scheduler_job.py:633} INFO - Processing file /home/airflow/.local/lib/python3.6/site-packages/airflow/example_dags/example_branch_operator.py for tasks to queue
[2023-08-09 16:26:21,204] {logging_mixin.py:104} INFO - [2023-08-09 16:26:21,204] {dagbag.py:496} INFO - Filling up the DagBag from /home/airflow/.local/lib/python3.6/site-packages/airflow/example_dags/example_branch_operator.py
[2023-08-09 16:26:21,252] {scheduler_job.py:643} INFO - DAG(s) dict_keys(['example_branch_operator']) retrieved from /home/airflow/.local/lib/python3.6/site-packages/airflow/example_dags/example_branch_operator.py
[2023-08-09 16:26:21,300] {logging_mixin.py:104} INFO - [2023-08-09 16:26:21,300] {dag.py:1833} INFO - Sync 1 DAGs
[2023-08-09 16:26:21,335] {logging_mixin.py:104} INFO - [2023-08-09 16:26:21,334] {dag.py:2306} INFO - Setting next_dagrun for example_branch_operator to 2023-08-07 00:00:00+00:00
[2023-08-09 16:26:21,366] {scheduler_job.py:190} INFO - Processing /home/airflow/.local/lib/python3.6/site-packages/airflow/example_dags/example_branch_operator.py took 0.177 seconds
[2023-08-09 16:26:51,823] {scheduler_job.py:182} INFO - Started process (PID=8001) to work on /home/airflow/.local/lib/python3.6/site-packages/airflow/example_dags/example_branch_operator.py
[2023-08-09 16:26:51,827] {scheduler_job.py:633} INFO - Processing file /home/airflow/.local/lib/python3.6/site-packages/airflow/example_dags/example_branch_operator.py for tasks to queue
[2023-08-09 16:26:51,829] {logging_mixin.py:104} INFO - [2023-08-09 16:26:51,828] {dagbag.py:496} INFO - Filling up the DagBag from /home/airflow/.local/lib/python3.6/site-packages/airflow/example_dags/example_branch_operator.py
[2023-08-09 16:26:51,860] {scheduler_job.py:643} INFO - DAG(s) dict_keys(['example_branch_operator']) retrieved from /home/airflow/.local/lib/python3.6/site-packages/airflow/example_dags/example_branch_operator.py
[2023-08-09 16:26:51,904] {logging_mixin.py:104} INFO - [2023-08-09 16:26:51,903] {dag.py:1833} INFO - Sync 1 DAGs
[2023-08-09 16:26:51,931] {logging_mixin.py:104} INFO - [2023-08-09 16:26:51,931] {dag.py:2306} INFO - Setting next_dagrun for example_branch_operator to 2023-08-07 00:00:00+00:00
[2023-08-09 16:26:51,959] {scheduler_job.py:190} INFO - Processing /home/airflow/.local/lib/python3.6/site-packages/airflow/example_dags/example_branch_operator.py took 0.141 seconds
[2023-08-09 16:27:22,297] {scheduler_job.py:182} INFO - Started process (PID=8051) to work on /home/airflow/.local/lib/python3.6/site-packages/airflow/example_dags/example_branch_operator.py
[2023-08-09 16:27:22,300] {scheduler_job.py:633} INFO - Processing file /home/airflow/.local/lib/python3.6/site-packages/airflow/example_dags/example_branch_operator.py for tasks to queue
[2023-08-09 16:27:22,302] {logging_mixin.py:104} INFO - [2023-08-09 16:27:22,301] {dagbag.py:496} INFO - Filling up the DagBag from /home/airflow/.local/lib/python3.6/site-packages/airflow/example_dags/example_branch_operator.py
[2023-08-09 16:27:22,337] {scheduler_job.py:643} INFO - DAG(s) dict_keys(['example_branch_operator']) retrieved from /home/airflow/.local/lib/python3.6/site-packages/airflow/example_dags/example_branch_operator.py
[2023-08-09 16:27:22,378] {logging_mixin.py:104} INFO - [2023-08-09 16:27:22,378] {dag.py:1833} INFO - Sync 1 DAGs
[2023-08-09 16:27:22,405] {logging_mixin.py:104} INFO - [2023-08-09 16:27:22,405] {dag.py:2306} INFO - Setting next_dagrun for example_branch_operator to 2023-08-07 00:00:00+00:00
[2023-08-09 16:27:22,425] {scheduler_job.py:190} INFO - Processing /home/airflow/.local/lib/python3.6/site-packages/airflow/example_dags/example_branch_operator.py took 0.134 seconds
[2023-08-09 16:27:52,608] {scheduler_job.py:182} INFO - Started process (PID=8102) to work on /home/airflow/.local/lib/python3.6/site-packages/airflow/example_dags/example_branch_operator.py
[2023-08-09 16:27:52,613] {scheduler_job.py:633} INFO - Processing file /home/airflow/.local/lib/python3.6/site-packages/airflow/example_dags/example_branch_operator.py for tasks to queue
[2023-08-09 16:27:52,615] {logging_mixin.py:104} INFO - [2023-08-09 16:27:52,615] {dagbag.py:496} INFO - Filling up the DagBag from /home/airflow/.local/lib/python3.6/site-packages/airflow/example_dags/example_branch_operator.py
[2023-08-09 16:27:52,637] {scheduler_job.py:643} INFO - DAG(s) dict_keys(['example_branch_operator']) retrieved from /home/airflow/.local/lib/python3.6/site-packages/airflow/example_dags/example_branch_operator.py
[2023-08-09 16:27:52,673] {logging_mixin.py:104} INFO - [2023-08-09 16:27:52,672] {dag.py:1833} INFO - Sync 1 DAGs
[2023-08-09 16:27:52,702] {logging_mixin.py:104} INFO - [2023-08-09 16:27:52,702] {dag.py:2306} INFO - Setting next_dagrun for example_branch_operator to 2023-08-07 00:00:00+00:00
[2023-08-09 16:27:52,722] {scheduler_job.py:190} INFO - Processing /home/airflow/.local/lib/python3.6/site-packages/airflow/example_dags/example_branch_operator.py took 0.121 seconds
[2023-08-09 16:28:23,205] {scheduler_job.py:182} INFO - Started process (PID=8153) to work on /home/airflow/.local/lib/python3.6/site-packages/airflow/example_dags/example_branch_operator.py
[2023-08-09 16:28:23,208] {scheduler_job.py:633} INFO - Processing file /home/airflow/.local/lib/python3.6/site-packages/airflow/example_dags/example_branch_operator.py for tasks to queue
[2023-08-09 16:28:23,209] {logging_mixin.py:104} INFO - [2023-08-09 16:28:23,209] {dagbag.py:496} INFO - Filling up the DagBag from /home/airflow/.local/lib/python3.6/site-packages/airflow/example_dags/example_branch_operator.py
[2023-08-09 16:28:23,230] {scheduler_job.py:643} INFO - DAG(s) dict_keys(['example_branch_operator']) retrieved from /home/airflow/.local/lib/python3.6/site-packages/airflow/example_dags/example_branch_operator.py
[2023-08-09 16:28:23,260] {logging_mixin.py:104} INFO - [2023-08-09 16:28:23,260] {dag.py:1833} INFO - Sync 1 DAGs
[2023-08-09 16:28:23,281] {logging_mixin.py:104} INFO - [2023-08-09 16:28:23,281] {dag.py:2306} INFO - Setting next_dagrun for example_branch_operator to 2023-08-07 00:00:00+00:00
[2023-08-09 16:28:23,297] {scheduler_job.py:190} INFO - Processing /home/airflow/.local/lib/python3.6/site-packages/airflow/example_dags/example_branch_operator.py took 0.098 seconds
[2023-08-09 16:28:53,625] {scheduler_job.py:182} INFO - Started process (PID=8213) to work on /home/airflow/.local/lib/python3.6/site-packages/airflow/example_dags/example_branch_operator.py
[2023-08-09 16:28:53,631] {scheduler_job.py:633} INFO - Processing file /home/airflow/.local/lib/python3.6/site-packages/airflow/example_dags/example_branch_operator.py for tasks to queue
[2023-08-09 16:28:53,636] {logging_mixin.py:104} INFO - [2023-08-09 16:28:53,633] {dagbag.py:496} INFO - Filling up the DagBag from /home/airflow/.local/lib/python3.6/site-packages/airflow/example_dags/example_branch_operator.py
[2023-08-09 16:28:53,689] {scheduler_job.py:643} INFO - DAG(s) dict_keys(['example_branch_operator']) retrieved from /home/airflow/.local/lib/python3.6/site-packages/airflow/example_dags/example_branch_operator.py
[2023-08-09 16:28:53,733] {logging_mixin.py:104} INFO - [2023-08-09 16:28:53,733] {dag.py:1833} INFO - Sync 1 DAGs
[2023-08-09 16:28:53,756] {logging_mixin.py:104} INFO - [2023-08-09 16:28:53,756] {dag.py:2306} INFO - Setting next_dagrun for example_branch_operator to 2023-08-07 00:00:00+00:00
[2023-08-09 16:28:53,786] {scheduler_job.py:190} INFO - Processing /home/airflow/.local/lib/python3.6/site-packages/airflow/example_dags/example_branch_operator.py took 0.166 seconds
[2023-08-09 16:29:24,138] {scheduler_job.py:182} INFO - Started process (PID=8263) to work on /home/airflow/.local/lib/python3.6/site-packages/airflow/example_dags/example_branch_operator.py
[2023-08-09 16:29:24,143] {scheduler_job.py:633} INFO - Processing file /home/airflow/.local/lib/python3.6/site-packages/airflow/example_dags/example_branch_operator.py for tasks to queue
[2023-08-09 16:29:24,151] {logging_mixin.py:104} INFO - [2023-08-09 16:29:24,149] {dagbag.py:496} INFO - Filling up the DagBag from /home/airflow/.local/lib/python3.6/site-packages/airflow/example_dags/example_branch_operator.py
[2023-08-09 16:29:24,198] {scheduler_job.py:643} INFO - DAG(s) dict_keys(['example_branch_operator']) retrieved from /home/airflow/.local/lib/python3.6/site-packages/airflow/example_dags/example_branch_operator.py
[2023-08-09 16:29:24,248] {logging_mixin.py:104} INFO - [2023-08-09 16:29:24,247] {dag.py:1833} INFO - Sync 1 DAGs
[2023-08-09 16:29:24,319] {logging_mixin.py:104} INFO - [2023-08-09 16:29:24,319] {dag.py:2306} INFO - Setting next_dagrun for example_branch_operator to 2023-08-07 00:00:00+00:00
[2023-08-09 16:29:24,356] {scheduler_job.py:190} INFO - Processing /home/airflow/.local/lib/python3.6/site-packages/airflow/example_dags/example_branch_operator.py took 0.230 seconds
[2023-08-09 16:29:55,220] {scheduler_job.py:182} INFO - Started process (PID=8323) to work on /home/airflow/.local/lib/python3.6/site-packages/airflow/example_dags/example_branch_operator.py
[2023-08-09 16:29:55,223] {scheduler_job.py:633} INFO - Processing file /home/airflow/.local/lib/python3.6/site-packages/airflow/example_dags/example_branch_operator.py for tasks to queue
[2023-08-09 16:29:55,229] {logging_mixin.py:104} INFO - [2023-08-09 16:29:55,229] {dagbag.py:496} INFO - Filling up the DagBag from /home/airflow/.local/lib/python3.6/site-packages/airflow/example_dags/example_branch_operator.py
[2023-08-09 16:29:55,271] {scheduler_job.py:643} INFO - DAG(s) dict_keys(['example_branch_operator']) retrieved from /home/airflow/.local/lib/python3.6/site-packages/airflow/example_dags/example_branch_operator.py
[2023-08-09 16:29:55,317] {logging_mixin.py:104} INFO - [2023-08-09 16:29:55,317] {dag.py:1833} INFO - Sync 1 DAGs
[2023-08-09 16:29:55,352] {logging_mixin.py:104} INFO - [2023-08-09 16:29:55,352] {dag.py:2306} INFO - Setting next_dagrun for example_branch_operator to 2023-08-07 00:00:00+00:00
[2023-08-09 16:29:55,382] {scheduler_job.py:190} INFO - Processing /home/airflow/.local/lib/python3.6/site-packages/airflow/example_dags/example_branch_operator.py took 0.177 seconds
[2023-08-09 16:30:25,552] {scheduler_job.py:182} INFO - Started process (PID=8374) to work on /home/airflow/.local/lib/python3.6/site-packages/airflow/example_dags/example_branch_operator.py
[2023-08-09 16:30:25,560] {scheduler_job.py:633} INFO - Processing file /home/airflow/.local/lib/python3.6/site-packages/airflow/example_dags/example_branch_operator.py for tasks to queue
[2023-08-09 16:30:25,565] {logging_mixin.py:104} INFO - [2023-08-09 16:30:25,564] {dagbag.py:496} INFO - Filling up the DagBag from /home/airflow/.local/lib/python3.6/site-packages/airflow/example_dags/example_branch_operator.py
[2023-08-09 16:30:25,624] {scheduler_job.py:643} INFO - DAG(s) dict_keys(['example_branch_operator']) retrieved from /home/airflow/.local/lib/python3.6/site-packages/airflow/example_dags/example_branch_operator.py
[2023-08-09 16:30:25,662] {logging_mixin.py:104} INFO - [2023-08-09 16:30:25,662] {dag.py:1833} INFO - Sync 1 DAGs
[2023-08-09 16:30:25,688] {logging_mixin.py:104} INFO - [2023-08-09 16:30:25,688] {dag.py:2306} INFO - Setting next_dagrun for example_branch_operator to 2023-08-07 00:00:00+00:00
[2023-08-09 16:30:25,706] {scheduler_job.py:190} INFO - Processing /home/airflow/.local/lib/python3.6/site-packages/airflow/example_dags/example_branch_operator.py took 0.171 seconds
[2023-08-09 16:30:56,132] {scheduler_job.py:182} INFO - Started process (PID=8425) to work on /home/airflow/.local/lib/python3.6/site-packages/airflow/example_dags/example_branch_operator.py
[2023-08-09 16:30:56,144] {scheduler_job.py:633} INFO - Processing file /home/airflow/.local/lib/python3.6/site-packages/airflow/example_dags/example_branch_operator.py for tasks to queue
[2023-08-09 16:30:56,152] {logging_mixin.py:104} INFO - [2023-08-09 16:30:56,151] {dagbag.py:496} INFO - Filling up the DagBag from /home/airflow/.local/lib/python3.6/site-packages/airflow/example_dags/example_branch_operator.py
[2023-08-09 16:30:56,203] {scheduler_job.py:643} INFO - DAG(s) dict_keys(['example_branch_operator']) retrieved from /home/airflow/.local/lib/python3.6/site-packages/airflow/example_dags/example_branch_operator.py
[2023-08-09 16:30:56,236] {logging_mixin.py:104} INFO - [2023-08-09 16:30:56,236] {dag.py:1833} INFO - Sync 1 DAGs
[2023-08-09 16:30:56,260] {logging_mixin.py:104} INFO - [2023-08-09 16:30:56,260] {dag.py:2306} INFO - Setting next_dagrun for example_branch_operator to 2023-08-07 00:00:00+00:00
[2023-08-09 16:30:56,289] {scheduler_job.py:190} INFO - Processing /home/airflow/.local/lib/python3.6/site-packages/airflow/example_dags/example_branch_operator.py took 0.180 seconds
[2023-08-09 16:31:26,755] {scheduler_job.py:182} INFO - Started process (PID=8477) to work on /home/airflow/.local/lib/python3.6/site-packages/airflow/example_dags/example_branch_operator.py
[2023-08-09 16:31:26,764] {scheduler_job.py:633} INFO - Processing file /home/airflow/.local/lib/python3.6/site-packages/airflow/example_dags/example_branch_operator.py for tasks to queue
[2023-08-09 16:31:26,769] {logging_mixin.py:104} INFO - [2023-08-09 16:31:26,768] {dagbag.py:496} INFO - Filling up the DagBag from /home/airflow/.local/lib/python3.6/site-packages/airflow/example_dags/example_branch_operator.py
[2023-08-09 16:31:26,826] {scheduler_job.py:643} INFO - DAG(s) dict_keys(['example_branch_operator']) retrieved from /home/airflow/.local/lib/python3.6/site-packages/airflow/example_dags/example_branch_operator.py
[2023-08-09 16:31:26,863] {logging_mixin.py:104} INFO - [2023-08-09 16:31:26,863] {dag.py:1833} INFO - Sync 1 DAGs
[2023-08-09 16:31:26,888] {logging_mixin.py:104} INFO - [2023-08-09 16:31:26,888] {dag.py:2306} INFO - Setting next_dagrun for example_branch_operator to 2023-08-07 00:00:00+00:00
[2023-08-09 16:31:26,915] {scheduler_job.py:190} INFO - Processing /home/airflow/.local/lib/python3.6/site-packages/airflow/example_dags/example_branch_operator.py took 0.165 seconds
[2023-08-09 16:31:57,744] {scheduler_job.py:182} INFO - Started process (PID=8537) to work on /home/airflow/.local/lib/python3.6/site-packages/airflow/example_dags/example_branch_operator.py
[2023-08-09 16:31:57,753] {scheduler_job.py:633} INFO - Processing file /home/airflow/.local/lib/python3.6/site-packages/airflow/example_dags/example_branch_operator.py for tasks to queue
[2023-08-09 16:31:57,756] {logging_mixin.py:104} INFO - [2023-08-09 16:31:57,755] {dagbag.py:496} INFO - Filling up the DagBag from /home/airflow/.local/lib/python3.6/site-packages/airflow/example_dags/example_branch_operator.py
[2023-08-09 16:31:57,808] {scheduler_job.py:643} INFO - DAG(s) dict_keys(['example_branch_operator']) retrieved from /home/airflow/.local/lib/python3.6/site-packages/airflow/example_dags/example_branch_operator.py
[2023-08-09 16:31:57,865] {logging_mixin.py:104} INFO - [2023-08-09 16:31:57,865] {dag.py:1833} INFO - Sync 1 DAGs
[2023-08-09 16:31:57,900] {logging_mixin.py:104} INFO - [2023-08-09 16:31:57,900] {dag.py:2306} INFO - Setting next_dagrun for example_branch_operator to 2023-08-07 00:00:00+00:00
[2023-08-09 16:31:57,931] {scheduler_job.py:190} INFO - Processing /home/airflow/.local/lib/python3.6/site-packages/airflow/example_dags/example_branch_operator.py took 0.197 seconds
[2023-08-09 16:32:28,281] {scheduler_job.py:182} INFO - Started process (PID=8588) to work on /home/airflow/.local/lib/python3.6/site-packages/airflow/example_dags/example_branch_operator.py
[2023-08-09 16:32:28,286] {scheduler_job.py:633} INFO - Processing file /home/airflow/.local/lib/python3.6/site-packages/airflow/example_dags/example_branch_operator.py for tasks to queue
[2023-08-09 16:32:28,289] {logging_mixin.py:104} INFO - [2023-08-09 16:32:28,288] {dagbag.py:496} INFO - Filling up the DagBag from /home/airflow/.local/lib/python3.6/site-packages/airflow/example_dags/example_branch_operator.py
[2023-08-09 16:32:28,323] {scheduler_job.py:643} INFO - DAG(s) dict_keys(['example_branch_operator']) retrieved from /home/airflow/.local/lib/python3.6/site-packages/airflow/example_dags/example_branch_operator.py
[2023-08-09 16:32:28,363] {logging_mixin.py:104} INFO - [2023-08-09 16:32:28,362] {dag.py:1833} INFO - Sync 1 DAGs
[2023-08-09 16:32:28,388] {logging_mixin.py:104} INFO - [2023-08-09 16:32:28,388] {dag.py:2306} INFO - Setting next_dagrun for example_branch_operator to 2023-08-07 00:00:00+00:00
[2023-08-09 16:32:28,409] {scheduler_job.py:190} INFO - Processing /home/airflow/.local/lib/python3.6/site-packages/airflow/example_dags/example_branch_operator.py took 0.144 seconds
[2023-08-09 16:32:59,113] {scheduler_job.py:182} INFO - Started process (PID=8640) to work on /home/airflow/.local/lib/python3.6/site-packages/airflow/example_dags/example_branch_operator.py
[2023-08-09 16:32:59,118] {scheduler_job.py:633} INFO - Processing file /home/airflow/.local/lib/python3.6/site-packages/airflow/example_dags/example_branch_operator.py for tasks to queue
[2023-08-09 16:32:59,120] {logging_mixin.py:104} INFO - [2023-08-09 16:32:59,120] {dagbag.py:496} INFO - Filling up the DagBag from /home/airflow/.local/lib/python3.6/site-packages/airflow/example_dags/example_branch_operator.py
[2023-08-09 16:32:59,154] {scheduler_job.py:643} INFO - DAG(s) dict_keys(['example_branch_operator']) retrieved from /home/airflow/.local/lib/python3.6/site-packages/airflow/example_dags/example_branch_operator.py
[2023-08-09 16:32:59,199] {logging_mixin.py:104} INFO - [2023-08-09 16:32:59,199] {dag.py:1833} INFO - Sync 1 DAGs
[2023-08-09 16:32:59,226] {logging_mixin.py:104} INFO - [2023-08-09 16:32:59,226] {dag.py:2306} INFO - Setting next_dagrun for example_branch_operator to 2023-08-07 00:00:00+00:00
[2023-08-09 16:32:59,244] {scheduler_job.py:190} INFO - Processing /home/airflow/.local/lib/python3.6/site-packages/airflow/example_dags/example_branch_operator.py took 0.139 seconds
[2023-08-09 16:33:29,599] {scheduler_job.py:182} INFO - Started process (PID=8701) to work on /home/airflow/.local/lib/python3.6/site-packages/airflow/example_dags/example_branch_operator.py
[2023-08-09 16:33:29,601] {scheduler_job.py:633} INFO - Processing file /home/airflow/.local/lib/python3.6/site-packages/airflow/example_dags/example_branch_operator.py for tasks to queue
[2023-08-09 16:33:29,605] {logging_mixin.py:104} INFO - [2023-08-09 16:33:29,605] {dagbag.py:496} INFO - Filling up the DagBag from /home/airflow/.local/lib/python3.6/site-packages/airflow/example_dags/example_branch_operator.py
[2023-08-09 16:33:29,657] {scheduler_job.py:643} INFO - DAG(s) dict_keys(['example_branch_operator']) retrieved from /home/airflow/.local/lib/python3.6/site-packages/airflow/example_dags/example_branch_operator.py
[2023-08-09 16:33:29,714] {logging_mixin.py:104} INFO - [2023-08-09 16:33:29,714] {dag.py:1833} INFO - Sync 1 DAGs
[2023-08-09 16:33:29,740] {logging_mixin.py:104} INFO - [2023-08-09 16:33:29,739] {dag.py:2306} INFO - Setting next_dagrun for example_branch_operator to 2023-08-07 00:00:00+00:00
[2023-08-09 16:33:29,774] {scheduler_job.py:190} INFO - Processing /home/airflow/.local/lib/python3.6/site-packages/airflow/example_dags/example_branch_operator.py took 0.189 seconds
[2023-08-09 16:34:00,459] {scheduler_job.py:182} INFO - Started process (PID=8752) to work on /home/airflow/.local/lib/python3.6/site-packages/airflow/example_dags/example_branch_operator.py
[2023-08-09 16:34:00,467] {scheduler_job.py:633} INFO - Processing file /home/airflow/.local/lib/python3.6/site-packages/airflow/example_dags/example_branch_operator.py for tasks to queue
[2023-08-09 16:34:00,469] {logging_mixin.py:104} INFO - [2023-08-09 16:34:00,469] {dagbag.py:496} INFO - Filling up the DagBag from /home/airflow/.local/lib/python3.6/site-packages/airflow/example_dags/example_branch_operator.py
[2023-08-09 16:34:00,513] {scheduler_job.py:643} INFO - DAG(s) dict_keys(['example_branch_operator']) retrieved from /home/airflow/.local/lib/python3.6/site-packages/airflow/example_dags/example_branch_operator.py
[2023-08-09 16:34:00,574] {logging_mixin.py:104} INFO - [2023-08-09 16:34:00,574] {dag.py:1833} INFO - Sync 1 DAGs
[2023-08-09 16:34:00,627] {logging_mixin.py:104} INFO - [2023-08-09 16:34:00,627] {dag.py:2306} INFO - Setting next_dagrun for example_branch_operator to 2023-08-07 00:00:00+00:00
[2023-08-09 16:34:00,647] {scheduler_job.py:190} INFO - Processing /home/airflow/.local/lib/python3.6/site-packages/airflow/example_dags/example_branch_operator.py took 0.193 seconds
[2023-08-09 16:34:30,761] {scheduler_job.py:182} INFO - Started process (PID=8803) to work on /home/airflow/.local/lib/python3.6/site-packages/airflow/example_dags/example_branch_operator.py
[2023-08-09 16:34:30,770] {scheduler_job.py:633} INFO - Processing file /home/airflow/.local/lib/python3.6/site-packages/airflow/example_dags/example_branch_operator.py for tasks to queue
[2023-08-09 16:34:30,773] {logging_mixin.py:104} INFO - [2023-08-09 16:34:30,773] {dagbag.py:496} INFO - Filling up the DagBag from /home/airflow/.local/lib/python3.6/site-packages/airflow/example_dags/example_branch_operator.py
[2023-08-09 16:34:30,824] {scheduler_job.py:643} INFO - DAG(s) dict_keys(['example_branch_operator']) retrieved from /home/airflow/.local/lib/python3.6/site-packages/airflow/example_dags/example_branch_operator.py
[2023-08-09 16:34:30,870] {logging_mixin.py:104} INFO - [2023-08-09 16:34:30,870] {dag.py:1833} INFO - Sync 1 DAGs
[2023-08-09 16:34:30,892] {logging_mixin.py:104} INFO - [2023-08-09 16:34:30,892] {dag.py:2306} INFO - Setting next_dagrun for example_branch_operator to 2023-08-07 00:00:00+00:00
[2023-08-09 16:34:30,918] {scheduler_job.py:190} INFO - Processing /home/airflow/.local/lib/python3.6/site-packages/airflow/example_dags/example_branch_operator.py took 0.165 seconds
[2023-08-09 16:35:01,825] {scheduler_job.py:182} INFO - Started process (PID=8863) to work on /home/airflow/.local/lib/python3.6/site-packages/airflow/example_dags/example_branch_operator.py
[2023-08-09 16:35:01,829] {scheduler_job.py:633} INFO - Processing file /home/airflow/.local/lib/python3.6/site-packages/airflow/example_dags/example_branch_operator.py for tasks to queue
[2023-08-09 16:35:01,833] {logging_mixin.py:104} INFO - [2023-08-09 16:35:01,833] {dagbag.py:496} INFO - Filling up the DagBag from /home/airflow/.local/lib/python3.6/site-packages/airflow/example_dags/example_branch_operator.py
[2023-08-09 16:35:01,871] {scheduler_job.py:643} INFO - DAG(s) dict_keys(['example_branch_operator']) retrieved from /home/airflow/.local/lib/python3.6/site-packages/airflow/example_dags/example_branch_operator.py
[2023-08-09 16:35:01,918] {logging_mixin.py:104} INFO - [2023-08-09 16:35:01,918] {dag.py:1833} INFO - Sync 1 DAGs
[2023-08-09 16:35:01,944] {logging_mixin.py:104} INFO - [2023-08-09 16:35:01,944] {dag.py:2306} INFO - Setting next_dagrun for example_branch_operator to 2023-08-07 00:00:00+00:00
[2023-08-09 16:35:01,965] {scheduler_job.py:190} INFO - Processing /home/airflow/.local/lib/python3.6/site-packages/airflow/example_dags/example_branch_operator.py took 0.145 seconds
[2023-08-09 16:35:32,440] {scheduler_job.py:182} INFO - Started process (PID=8913) to work on /home/airflow/.local/lib/python3.6/site-packages/airflow/example_dags/example_branch_operator.py
[2023-08-09 16:35:32,443] {scheduler_job.py:633} INFO - Processing file /home/airflow/.local/lib/python3.6/site-packages/airflow/example_dags/example_branch_operator.py for tasks to queue
[2023-08-09 16:35:32,445] {logging_mixin.py:104} INFO - [2023-08-09 16:35:32,445] {dagbag.py:496} INFO - Filling up the DagBag from /home/airflow/.local/lib/python3.6/site-packages/airflow/example_dags/example_branch_operator.py
[2023-08-09 16:35:32,480] {scheduler_job.py:643} INFO - DAG(s) dict_keys(['example_branch_operator']) retrieved from /home/airflow/.local/lib/python3.6/site-packages/airflow/example_dags/example_branch_operator.py
[2023-08-09 16:35:32,526] {logging_mixin.py:104} INFO - [2023-08-09 16:35:32,526] {dag.py:1833} INFO - Sync 1 DAGs
[2023-08-09 16:35:32,555] {logging_mixin.py:104} INFO - [2023-08-09 16:35:32,554] {dag.py:2306} INFO - Setting next_dagrun for example_branch_operator to 2023-08-07 00:00:00+00:00
[2023-08-09 16:35:32,576] {scheduler_job.py:190} INFO - Processing /home/airflow/.local/lib/python3.6/site-packages/airflow/example_dags/example_branch_operator.py took 0.144 seconds
[2023-08-09 16:36:02,968] {scheduler_job.py:182} INFO - Started process (PID=8963) to work on /home/airflow/.local/lib/python3.6/site-packages/airflow/example_dags/example_branch_operator.py
[2023-08-09 16:36:02,974] {scheduler_job.py:633} INFO - Processing file /home/airflow/.local/lib/python3.6/site-packages/airflow/example_dags/example_branch_operator.py for tasks to queue
[2023-08-09 16:36:02,978] {logging_mixin.py:104} INFO - [2023-08-09 16:36:02,978] {dagbag.py:496} INFO - Filling up the DagBag from /home/airflow/.local/lib/python3.6/site-packages/airflow/example_dags/example_branch_operator.py
[2023-08-09 16:36:03,054] {scheduler_job.py:643} INFO - DAG(s) dict_keys(['example_branch_operator']) retrieved from /home/airflow/.local/lib/python3.6/site-packages/airflow/example_dags/example_branch_operator.py
[2023-08-09 16:36:03,150] {logging_mixin.py:104} INFO - [2023-08-09 16:36:03,150] {dag.py:1833} INFO - Sync 1 DAGs
[2023-08-09 16:36:03,173] {logging_mixin.py:104} INFO - [2023-08-09 16:36:03,173] {dag.py:2306} INFO - Setting next_dagrun for example_branch_operator to 2023-08-07 00:00:00+00:00
[2023-08-09 16:36:03,196] {scheduler_job.py:190} INFO - Processing /home/airflow/.local/lib/python3.6/site-packages/airflow/example_dags/example_branch_operator.py took 0.239 seconds
[2023-08-09 16:36:34,099] {scheduler_job.py:182} INFO - Started process (PID=9014) to work on /home/airflow/.local/lib/python3.6/site-packages/airflow/example_dags/example_branch_operator.py
[2023-08-09 16:36:34,103] {scheduler_job.py:633} INFO - Processing file /home/airflow/.local/lib/python3.6/site-packages/airflow/example_dags/example_branch_operator.py for tasks to queue
[2023-08-09 16:36:34,108] {logging_mixin.py:104} INFO - [2023-08-09 16:36:34,108] {dagbag.py:496} INFO - Filling up the DagBag from /home/airflow/.local/lib/python3.6/site-packages/airflow/example_dags/example_branch_operator.py
[2023-08-09 16:36:34,160] {scheduler_job.py:643} INFO - DAG(s) dict_keys(['example_branch_operator']) retrieved from /home/airflow/.local/lib/python3.6/site-packages/airflow/example_dags/example_branch_operator.py
[2023-08-09 16:36:34,208] {logging_mixin.py:104} INFO - [2023-08-09 16:36:34,208] {dag.py:1833} INFO - Sync 1 DAGs
[2023-08-09 16:36:34,231] {logging_mixin.py:104} INFO - [2023-08-09 16:36:34,230] {dag.py:2306} INFO - Setting next_dagrun for example_branch_operator to 2023-08-07 00:00:00+00:00
[2023-08-09 16:36:34,247] {scheduler_job.py:190} INFO - Processing /home/airflow/.local/lib/python3.6/site-packages/airflow/example_dags/example_branch_operator.py took 0.168 seconds
[2023-08-09 16:37:04,476] {scheduler_job.py:182} INFO - Started process (PID=9075) to work on /home/airflow/.local/lib/python3.6/site-packages/airflow/example_dags/example_branch_operator.py
[2023-08-09 16:37:04,488] {scheduler_job.py:633} INFO - Processing file /home/airflow/.local/lib/python3.6/site-packages/airflow/example_dags/example_branch_operator.py for tasks to queue
[2023-08-09 16:37:04,491] {logging_mixin.py:104} INFO - [2023-08-09 16:37:04,490] {dagbag.py:496} INFO - Filling up the DagBag from /home/airflow/.local/lib/python3.6/site-packages/airflow/example_dags/example_branch_operator.py
[2023-08-09 16:37:04,562] {scheduler_job.py:643} INFO - DAG(s) dict_keys(['example_branch_operator']) retrieved from /home/airflow/.local/lib/python3.6/site-packages/airflow/example_dags/example_branch_operator.py
[2023-08-09 16:37:04,671] {logging_mixin.py:104} INFO - [2023-08-09 16:37:04,671] {dag.py:1833} INFO - Sync 1 DAGs
[2023-08-09 16:37:04,760] {logging_mixin.py:104} INFO - [2023-08-09 16:37:04,760] {dag.py:2306} INFO - Setting next_dagrun for example_branch_operator to 2023-08-07 00:00:00+00:00
[2023-08-09 16:37:04,801] {scheduler_job.py:190} INFO - Processing /home/airflow/.local/lib/python3.6/site-packages/airflow/example_dags/example_branch_operator.py took 0.332 seconds
[2023-08-09 16:37:35,583] {scheduler_job.py:182} INFO - Started process (PID=9126) to work on /home/airflow/.local/lib/python3.6/site-packages/airflow/example_dags/example_branch_operator.py
[2023-08-09 16:37:35,586] {scheduler_job.py:633} INFO - Processing file /home/airflow/.local/lib/python3.6/site-packages/airflow/example_dags/example_branch_operator.py for tasks to queue
[2023-08-09 16:37:35,592] {logging_mixin.py:104} INFO - [2023-08-09 16:37:35,592] {dagbag.py:496} INFO - Filling up the DagBag from /home/airflow/.local/lib/python3.6/site-packages/airflow/example_dags/example_branch_operator.py
[2023-08-09 16:37:35,656] {scheduler_job.py:643} INFO - DAG(s) dict_keys(['example_branch_operator']) retrieved from /home/airflow/.local/lib/python3.6/site-packages/airflow/example_dags/example_branch_operator.py
[2023-08-09 16:37:35,718] {logging_mixin.py:104} INFO - [2023-08-09 16:37:35,718] {dag.py:1833} INFO - Sync 1 DAGs
[2023-08-09 16:37:35,754] {logging_mixin.py:104} INFO - [2023-08-09 16:37:35,754] {dag.py:2306} INFO - Setting next_dagrun for example_branch_operator to 2023-08-07 00:00:00+00:00
[2023-08-09 16:37:35,783] {scheduler_job.py:190} INFO - Processing /home/airflow/.local/lib/python3.6/site-packages/airflow/example_dags/example_branch_operator.py took 0.215 seconds
[2023-08-09 16:38:06,142] {scheduler_job.py:182} INFO - Started process (PID=9178) to work on /home/airflow/.local/lib/python3.6/site-packages/airflow/example_dags/example_branch_operator.py
[2023-08-09 16:38:06,150] {scheduler_job.py:633} INFO - Processing file /home/airflow/.local/lib/python3.6/site-packages/airflow/example_dags/example_branch_operator.py for tasks to queue
[2023-08-09 16:38:06,153] {logging_mixin.py:104} INFO - [2023-08-09 16:38:06,152] {dagbag.py:496} INFO - Filling up the DagBag from /home/airflow/.local/lib/python3.6/site-packages/airflow/example_dags/example_branch_operator.py
[2023-08-09 16:38:06,190] {scheduler_job.py:643} INFO - DAG(s) dict_keys(['example_branch_operator']) retrieved from /home/airflow/.local/lib/python3.6/site-packages/airflow/example_dags/example_branch_operator.py
[2023-08-09 16:38:06,238] {logging_mixin.py:104} INFO - [2023-08-09 16:38:06,238] {dag.py:1833} INFO - Sync 1 DAGs
[2023-08-09 16:38:06,260] {logging_mixin.py:104} INFO - [2023-08-09 16:38:06,260] {dag.py:2306} INFO - Setting next_dagrun for example_branch_operator to 2023-08-07 00:00:00+00:00
[2023-08-09 16:38:06,281] {scheduler_job.py:190} INFO - Processing /home/airflow/.local/lib/python3.6/site-packages/airflow/example_dags/example_branch_operator.py took 0.149 seconds
[2023-08-09 16:38:36,620] {scheduler_job.py:182} INFO - Started process (PID=9239) to work on /home/airflow/.local/lib/python3.6/site-packages/airflow/example_dags/example_branch_operator.py
[2023-08-09 16:38:36,622] {scheduler_job.py:633} INFO - Processing file /home/airflow/.local/lib/python3.6/site-packages/airflow/example_dags/example_branch_operator.py for tasks to queue
[2023-08-09 16:38:36,628] {logging_mixin.py:104} INFO - [2023-08-09 16:38:36,627] {dagbag.py:496} INFO - Filling up the DagBag from /home/airflow/.local/lib/python3.6/site-packages/airflow/example_dags/example_branch_operator.py
[2023-08-09 16:38:36,675] {scheduler_job.py:643} INFO - DAG(s) dict_keys(['example_branch_operator']) retrieved from /home/airflow/.local/lib/python3.6/site-packages/airflow/example_dags/example_branch_operator.py
[2023-08-09 16:38:36,723] {logging_mixin.py:104} INFO - [2023-08-09 16:38:36,723] {dag.py:1833} INFO - Sync 1 DAGs
[2023-08-09 16:38:36,752] {logging_mixin.py:104} INFO - [2023-08-09 16:38:36,752] {dag.py:2306} INFO - Setting next_dagrun for example_branch_operator to 2023-08-07 00:00:00+00:00
[2023-08-09 16:38:36,776] {scheduler_job.py:190} INFO - Processing /home/airflow/.local/lib/python3.6/site-packages/airflow/example_dags/example_branch_operator.py took 0.171 seconds
[2023-08-09 16:39:07,696] {scheduler_job.py:182} INFO - Started process (PID=9290) to work on /home/airflow/.local/lib/python3.6/site-packages/airflow/example_dags/example_branch_operator.py
[2023-08-09 16:39:07,705] {scheduler_job.py:633} INFO - Processing file /home/airflow/.local/lib/python3.6/site-packages/airflow/example_dags/example_branch_operator.py for tasks to queue
[2023-08-09 16:39:07,711] {logging_mixin.py:104} INFO - [2023-08-09 16:39:07,710] {dagbag.py:496} INFO - Filling up the DagBag from /home/airflow/.local/lib/python3.6/site-packages/airflow/example_dags/example_branch_operator.py
[2023-08-09 16:39:07,752] {scheduler_job.py:643} INFO - DAG(s) dict_keys(['example_branch_operator']) retrieved from /home/airflow/.local/lib/python3.6/site-packages/airflow/example_dags/example_branch_operator.py
[2023-08-09 16:39:07,802] {logging_mixin.py:104} INFO - [2023-08-09 16:39:07,801] {dag.py:1833} INFO - Sync 1 DAGs
[2023-08-09 16:39:07,829] {logging_mixin.py:104} INFO - [2023-08-09 16:39:07,829] {dag.py:2306} INFO - Setting next_dagrun for example_branch_operator to 2023-08-07 00:00:00+00:00
[2023-08-09 16:39:07,850] {scheduler_job.py:190} INFO - Processing /home/airflow/.local/lib/python3.6/site-packages/airflow/example_dags/example_branch_operator.py took 0.170 seconds
[2023-08-09 16:39:38,274] {scheduler_job.py:182} INFO - Started process (PID=9340) to work on /home/airflow/.local/lib/python3.6/site-packages/airflow/example_dags/example_branch_operator.py
[2023-08-09 16:39:38,279] {scheduler_job.py:633} INFO - Processing file /home/airflow/.local/lib/python3.6/site-packages/airflow/example_dags/example_branch_operator.py for tasks to queue
[2023-08-09 16:39:38,282] {logging_mixin.py:104} INFO - [2023-08-09 16:39:38,281] {dagbag.py:496} INFO - Filling up the DagBag from /home/airflow/.local/lib/python3.6/site-packages/airflow/example_dags/example_branch_operator.py
[2023-08-09 16:39:38,345] {scheduler_job.py:643} INFO - DAG(s) dict_keys(['example_branch_operator']) retrieved from /home/airflow/.local/lib/python3.6/site-packages/airflow/example_dags/example_branch_operator.py
[2023-08-09 16:39:38,416] {logging_mixin.py:104} INFO - [2023-08-09 16:39:38,416] {dag.py:1833} INFO - Sync 1 DAGs
[2023-08-09 16:39:38,467] {logging_mixin.py:104} INFO - [2023-08-09 16:39:38,467] {dag.py:2306} INFO - Setting next_dagrun for example_branch_operator to 2023-08-07 00:00:00+00:00
[2023-08-09 16:39:38,509] {scheduler_job.py:190} INFO - Processing /home/airflow/.local/lib/python3.6/site-packages/airflow/example_dags/example_branch_operator.py took 0.249 seconds
[2023-08-09 16:40:08,827] {scheduler_job.py:182} INFO - Started process (PID=9398) to work on /home/airflow/.local/lib/python3.6/site-packages/airflow/example_dags/example_branch_operator.py
[2023-08-09 16:40:08,832] {scheduler_job.py:633} INFO - Processing file /home/airflow/.local/lib/python3.6/site-packages/airflow/example_dags/example_branch_operator.py for tasks to queue
[2023-08-09 16:40:08,838] {logging_mixin.py:104} INFO - [2023-08-09 16:40:08,838] {dagbag.py:496} INFO - Filling up the DagBag from /home/airflow/.local/lib/python3.6/site-packages/airflow/example_dags/example_branch_operator.py
[2023-08-09 16:40:08,924] {scheduler_job.py:643} INFO - DAG(s) dict_keys(['example_branch_operator']) retrieved from /home/airflow/.local/lib/python3.6/site-packages/airflow/example_dags/example_branch_operator.py
[2023-08-09 16:40:09,025] {logging_mixin.py:104} INFO - [2023-08-09 16:40:09,023] {dag.py:1833} INFO - Sync 1 DAGs
[2023-08-09 16:40:09,115] {logging_mixin.py:104} INFO - [2023-08-09 16:40:09,115] {dag.py:2306} INFO - Setting next_dagrun for example_branch_operator to 2023-08-07 00:00:00+00:00
[2023-08-09 16:40:09,167] {scheduler_job.py:190} INFO - Processing /home/airflow/.local/lib/python3.6/site-packages/airflow/example_dags/example_branch_operator.py took 0.362 seconds
[2023-08-09 16:40:39,654] {scheduler_job.py:182} INFO - Started process (PID=9449) to work on /home/airflow/.local/lib/python3.6/site-packages/airflow/example_dags/example_branch_operator.py
[2023-08-09 16:40:39,663] {scheduler_job.py:633} INFO - Processing file /home/airflow/.local/lib/python3.6/site-packages/airflow/example_dags/example_branch_operator.py for tasks to queue
[2023-08-09 16:40:39,667] {logging_mixin.py:104} INFO - [2023-08-09 16:40:39,666] {dagbag.py:496} INFO - Filling up the DagBag from /home/airflow/.local/lib/python3.6/site-packages/airflow/example_dags/example_branch_operator.py
[2023-08-09 16:40:39,769] {scheduler_job.py:643} INFO - DAG(s) dict_keys(['example_branch_operator']) retrieved from /home/airflow/.local/lib/python3.6/site-packages/airflow/example_dags/example_branch_operator.py
[2023-08-09 16:40:39,838] {logging_mixin.py:104} INFO - [2023-08-09 16:40:39,838] {dag.py:1833} INFO - Sync 1 DAGs
[2023-08-09 16:40:39,888] {logging_mixin.py:104} INFO - [2023-08-09 16:40:39,888] {dag.py:2306} INFO - Setting next_dagrun for example_branch_operator to 2023-08-07 00:00:00+00:00
[2023-08-09 16:40:39,928] {scheduler_job.py:190} INFO - Processing /home/airflow/.local/lib/python3.6/site-packages/airflow/example_dags/example_branch_operator.py took 0.292 seconds
[2023-08-09 16:41:10,475] {scheduler_job.py:182} INFO - Started process (PID=9500) to work on /home/airflow/.local/lib/python3.6/site-packages/airflow/example_dags/example_branch_operator.py
[2023-08-09 16:41:10,482] {scheduler_job.py:633} INFO - Processing file /home/airflow/.local/lib/python3.6/site-packages/airflow/example_dags/example_branch_operator.py for tasks to queue
[2023-08-09 16:41:10,485] {logging_mixin.py:104} INFO - [2023-08-09 16:41:10,485] {dagbag.py:496} INFO - Filling up the DagBag from /home/airflow/.local/lib/python3.6/site-packages/airflow/example_dags/example_branch_operator.py
[2023-08-09 16:41:10,533] {scheduler_job.py:643} INFO - DAG(s) dict_keys(['example_branch_operator']) retrieved from /home/airflow/.local/lib/python3.6/site-packages/airflow/example_dags/example_branch_operator.py
[2023-08-09 16:41:10,598] {logging_mixin.py:104} INFO - [2023-08-09 16:41:10,598] {dag.py:1833} INFO - Sync 1 DAGs
[2023-08-09 16:41:10,644] {logging_mixin.py:104} INFO - [2023-08-09 16:41:10,644] {dag.py:2306} INFO - Setting next_dagrun for example_branch_operator to 2023-08-07 00:00:00+00:00
[2023-08-09 16:41:10,691] {scheduler_job.py:190} INFO - Processing /home/airflow/.local/lib/python3.6/site-packages/airflow/example_dags/example_branch_operator.py took 0.223 seconds
[2023-08-09 16:41:41,197] {scheduler_job.py:182} INFO - Started process (PID=9552) to work on /home/airflow/.local/lib/python3.6/site-packages/airflow/example_dags/example_branch_operator.py
[2023-08-09 16:41:41,200] {scheduler_job.py:633} INFO - Processing file /home/airflow/.local/lib/python3.6/site-packages/airflow/example_dags/example_branch_operator.py for tasks to queue
[2023-08-09 16:41:41,202] {logging_mixin.py:104} INFO - [2023-08-09 16:41:41,202] {dagbag.py:496} INFO - Filling up the DagBag from /home/airflow/.local/lib/python3.6/site-packages/airflow/example_dags/example_branch_operator.py
[2023-08-09 16:41:41,234] {scheduler_job.py:643} INFO - DAG(s) dict_keys(['example_branch_operator']) retrieved from /home/airflow/.local/lib/python3.6/site-packages/airflow/example_dags/example_branch_operator.py
[2023-08-09 16:41:41,278] {logging_mixin.py:104} INFO - [2023-08-09 16:41:41,278] {dag.py:1833} INFO - Sync 1 DAGs
[2023-08-09 16:41:41,307] {logging_mixin.py:104} INFO - [2023-08-09 16:41:41,307] {dag.py:2306} INFO - Setting next_dagrun for example_branch_operator to 2023-08-07 00:00:00+00:00
[2023-08-09 16:41:41,328] {scheduler_job.py:190} INFO - Processing /home/airflow/.local/lib/python3.6/site-packages/airflow/example_dags/example_branch_operator.py took 0.139 seconds
[2023-08-09 16:42:11,744] {scheduler_job.py:182} INFO - Started process (PID=9611) to work on /home/airflow/.local/lib/python3.6/site-packages/airflow/example_dags/example_branch_operator.py
[2023-08-09 16:42:11,747] {scheduler_job.py:633} INFO - Processing file /home/airflow/.local/lib/python3.6/site-packages/airflow/example_dags/example_branch_operator.py for tasks to queue
[2023-08-09 16:42:11,750] {logging_mixin.py:104} INFO - [2023-08-09 16:42:11,749] {dagbag.py:496} INFO - Filling up the DagBag from /home/airflow/.local/lib/python3.6/site-packages/airflow/example_dags/example_branch_operator.py
[2023-08-09 16:42:11,806] {scheduler_job.py:643} INFO - DAG(s) dict_keys(['example_branch_operator']) retrieved from /home/airflow/.local/lib/python3.6/site-packages/airflow/example_dags/example_branch_operator.py
[2023-08-09 16:42:11,866] {logging_mixin.py:104} INFO - [2023-08-09 16:42:11,866] {dag.py:1833} INFO - Sync 1 DAGs
[2023-08-09 16:42:11,904] {logging_mixin.py:104} INFO - [2023-08-09 16:42:11,904] {dag.py:2306} INFO - Setting next_dagrun for example_branch_operator to 2023-08-07 00:00:00+00:00
[2023-08-09 16:42:11,939] {scheduler_job.py:190} INFO - Processing /home/airflow/.local/lib/python3.6/site-packages/airflow/example_dags/example_branch_operator.py took 0.200 seconds
[2023-08-09 16:42:42,772] {scheduler_job.py:182} INFO - Started process (PID=9664) to work on /home/airflow/.local/lib/python3.6/site-packages/airflow/example_dags/example_branch_operator.py
[2023-08-09 16:42:42,775] {scheduler_job.py:633} INFO - Processing file /home/airflow/.local/lib/python3.6/site-packages/airflow/example_dags/example_branch_operator.py for tasks to queue
[2023-08-09 16:42:42,777] {logging_mixin.py:104} INFO - [2023-08-09 16:42:42,777] {dagbag.py:496} INFO - Filling up the DagBag from /home/airflow/.local/lib/python3.6/site-packages/airflow/example_dags/example_branch_operator.py
[2023-08-09 16:42:42,843] {scheduler_job.py:643} INFO - DAG(s) dict_keys(['example_branch_operator']) retrieved from /home/airflow/.local/lib/python3.6/site-packages/airflow/example_dags/example_branch_operator.py
[2023-08-09 16:42:42,944] {logging_mixin.py:104} INFO - [2023-08-09 16:42:42,944] {dag.py:1833} INFO - Sync 1 DAGs
[2023-08-09 16:42:42,972] {logging_mixin.py:104} INFO - [2023-08-09 16:42:42,972] {dag.py:2306} INFO - Setting next_dagrun for example_branch_operator to 2023-08-07 00:00:00+00:00
[2023-08-09 16:42:42,996] {scheduler_job.py:190} INFO - Processing /home/airflow/.local/lib/python3.6/site-packages/airflow/example_dags/example_branch_operator.py took 0.241 seconds
[2023-08-09 16:43:13,905] {scheduler_job.py:182} INFO - Started process (PID=9714) to work on /home/airflow/.local/lib/python3.6/site-packages/airflow/example_dags/example_branch_operator.py
[2023-08-09 16:43:13,910] {scheduler_job.py:633} INFO - Processing file /home/airflow/.local/lib/python3.6/site-packages/airflow/example_dags/example_branch_operator.py for tasks to queue
[2023-08-09 16:43:13,912] {logging_mixin.py:104} INFO - [2023-08-09 16:43:13,911] {dagbag.py:496} INFO - Filling up the DagBag from /home/airflow/.local/lib/python3.6/site-packages/airflow/example_dags/example_branch_operator.py
[2023-08-09 16:43:13,935] {scheduler_job.py:643} INFO - DAG(s) dict_keys(['example_branch_operator']) retrieved from /home/airflow/.local/lib/python3.6/site-packages/airflow/example_dags/example_branch_operator.py
[2023-08-09 16:43:14,098] {logging_mixin.py:104} INFO - [2023-08-09 16:43:14,098] {dag.py:1833} INFO - Sync 1 DAGs
[2023-08-09 16:43:14,153] {logging_mixin.py:104} INFO - [2023-08-09 16:43:14,153] {dag.py:2306} INFO - Setting next_dagrun for example_branch_operator to 2023-08-07 00:00:00+00:00
[2023-08-09 16:43:14,184] {scheduler_job.py:190} INFO - Processing /home/airflow/.local/lib/python3.6/site-packages/airflow/example_dags/example_branch_operator.py took 0.284 seconds
[2023-08-09 16:43:44,457] {scheduler_job.py:182} INFO - Started process (PID=9773) to work on /home/airflow/.local/lib/python3.6/site-packages/airflow/example_dags/example_branch_operator.py
[2023-08-09 16:43:44,461] {scheduler_job.py:633} INFO - Processing file /home/airflow/.local/lib/python3.6/site-packages/airflow/example_dags/example_branch_operator.py for tasks to queue
[2023-08-09 16:43:44,464] {logging_mixin.py:104} INFO - [2023-08-09 16:43:44,463] {dagbag.py:496} INFO - Filling up the DagBag from /home/airflow/.local/lib/python3.6/site-packages/airflow/example_dags/example_branch_operator.py
[2023-08-09 16:43:44,505] {scheduler_job.py:643} INFO - DAG(s) dict_keys(['example_branch_operator']) retrieved from /home/airflow/.local/lib/python3.6/site-packages/airflow/example_dags/example_branch_operator.py
[2023-08-09 16:43:44,613] {logging_mixin.py:104} INFO - [2023-08-09 16:43:44,613] {dag.py:1833} INFO - Sync 1 DAGs
[2023-08-09 16:43:44,657] {logging_mixin.py:104} INFO - [2023-08-09 16:43:44,657] {dag.py:2306} INFO - Setting next_dagrun for example_branch_operator to 2023-08-07 00:00:00+00:00
[2023-08-09 16:43:44,694] {scheduler_job.py:190} INFO - Processing /home/airflow/.local/lib/python3.6/site-packages/airflow/example_dags/example_branch_operator.py took 0.244 seconds
[2023-08-09 16:44:14,801] {scheduler_job.py:182} INFO - Started process (PID=9825) to work on /home/airflow/.local/lib/python3.6/site-packages/airflow/example_dags/example_branch_operator.py
[2023-08-09 16:44:14,803] {scheduler_job.py:633} INFO - Processing file /home/airflow/.local/lib/python3.6/site-packages/airflow/example_dags/example_branch_operator.py for tasks to queue
[2023-08-09 16:44:14,805] {logging_mixin.py:104} INFO - [2023-08-09 16:44:14,805] {dagbag.py:496} INFO - Filling up the DagBag from /home/airflow/.local/lib/python3.6/site-packages/airflow/example_dags/example_branch_operator.py
[2023-08-09 16:44:14,837] {scheduler_job.py:643} INFO - DAG(s) dict_keys(['example_branch_operator']) retrieved from /home/airflow/.local/lib/python3.6/site-packages/airflow/example_dags/example_branch_operator.py
[2023-08-09 16:44:14,878] {logging_mixin.py:104} INFO - [2023-08-09 16:44:14,877] {dag.py:1833} INFO - Sync 1 DAGs
[2023-08-09 16:44:14,902] {logging_mixin.py:104} INFO - [2023-08-09 16:44:14,902] {dag.py:2306} INFO - Setting next_dagrun for example_branch_operator to 2023-08-07 00:00:00+00:00
[2023-08-09 16:44:14,920] {scheduler_job.py:190} INFO - Processing /home/airflow/.local/lib/python3.6/site-packages/airflow/example_dags/example_branch_operator.py took 0.125 seconds
[2023-08-09 16:44:45,411] {scheduler_job.py:182} INFO - Started process (PID=9876) to work on /home/airflow/.local/lib/python3.6/site-packages/airflow/example_dags/example_branch_operator.py
[2023-08-09 16:44:45,414] {scheduler_job.py:633} INFO - Processing file /home/airflow/.local/lib/python3.6/site-packages/airflow/example_dags/example_branch_operator.py for tasks to queue
[2023-08-09 16:44:45,419] {logging_mixin.py:104} INFO - [2023-08-09 16:44:45,419] {dagbag.py:496} INFO - Filling up the DagBag from /home/airflow/.local/lib/python3.6/site-packages/airflow/example_dags/example_branch_operator.py
[2023-08-09 16:44:45,452] {scheduler_job.py:643} INFO - DAG(s) dict_keys(['example_branch_operator']) retrieved from /home/airflow/.local/lib/python3.6/site-packages/airflow/example_dags/example_branch_operator.py
[2023-08-09 16:44:45,494] {logging_mixin.py:104} INFO - [2023-08-09 16:44:45,494] {dag.py:1833} INFO - Sync 1 DAGs
[2023-08-09 16:44:45,523] {logging_mixin.py:104} INFO - [2023-08-09 16:44:45,523] {dag.py:2306} INFO - Setting next_dagrun for example_branch_operator to 2023-08-07 00:00:00+00:00
[2023-08-09 16:44:45,542] {scheduler_job.py:190} INFO - Processing /home/airflow/.local/lib/python3.6/site-packages/airflow/example_dags/example_branch_operator.py took 0.139 seconds
[2023-08-09 16:45:15,748] {scheduler_job.py:182} INFO - Started process (PID=9938) to work on /home/airflow/.local/lib/python3.6/site-packages/airflow/example_dags/example_branch_operator.py
[2023-08-09 16:45:15,765] {scheduler_job.py:633} INFO - Processing file /home/airflow/.local/lib/python3.6/site-packages/airflow/example_dags/example_branch_operator.py for tasks to queue
[2023-08-09 16:45:15,767] {logging_mixin.py:104} INFO - [2023-08-09 16:45:15,767] {dagbag.py:496} INFO - Filling up the DagBag from /home/airflow/.local/lib/python3.6/site-packages/airflow/example_dags/example_branch_operator.py
[2023-08-09 16:45:15,814] {scheduler_job.py:643} INFO - DAG(s) dict_keys(['example_branch_operator']) retrieved from /home/airflow/.local/lib/python3.6/site-packages/airflow/example_dags/example_branch_operator.py
[2023-08-09 16:45:15,877] {logging_mixin.py:104} INFO - [2023-08-09 16:45:15,877] {dag.py:1833} INFO - Sync 1 DAGs
[2023-08-09 16:45:15,914] {logging_mixin.py:104} INFO - [2023-08-09 16:45:15,914] {dag.py:2306} INFO - Setting next_dagrun for example_branch_operator to 2023-08-07 00:00:00+00:00
[2023-08-09 16:45:15,942] {scheduler_job.py:190} INFO - Processing /home/airflow/.local/lib/python3.6/site-packages/airflow/example_dags/example_branch_operator.py took 0.199 seconds
[2023-08-09 16:45:46,370] {scheduler_job.py:182} INFO - Started process (PID=9989) to work on /home/airflow/.local/lib/python3.6/site-packages/airflow/example_dags/example_branch_operator.py
[2023-08-09 16:45:46,375] {scheduler_job.py:633} INFO - Processing file /home/airflow/.local/lib/python3.6/site-packages/airflow/example_dags/example_branch_operator.py for tasks to queue
[2023-08-09 16:45:46,378] {logging_mixin.py:104} INFO - [2023-08-09 16:45:46,378] {dagbag.py:496} INFO - Filling up the DagBag from /home/airflow/.local/lib/python3.6/site-packages/airflow/example_dags/example_branch_operator.py
[2023-08-09 16:45:46,415] {scheduler_job.py:643} INFO - DAG(s) dict_keys(['example_branch_operator']) retrieved from /home/airflow/.local/lib/python3.6/site-packages/airflow/example_dags/example_branch_operator.py
[2023-08-09 16:45:46,463] {logging_mixin.py:104} INFO - [2023-08-09 16:45:46,463] {dag.py:1833} INFO - Sync 1 DAGs
[2023-08-09 16:45:46,491] {logging_mixin.py:104} INFO - [2023-08-09 16:45:46,490] {dag.py:2306} INFO - Setting next_dagrun for example_branch_operator to 2023-08-07 00:00:00+00:00
[2023-08-09 16:45:46,510] {scheduler_job.py:190} INFO - Processing /home/airflow/.local/lib/python3.6/site-packages/airflow/example_dags/example_branch_operator.py took 0.145 seconds
[2023-08-09 16:46:16,888] {scheduler_job.py:182} INFO - Started process (PID=10050) to work on /home/airflow/.local/lib/python3.6/site-packages/airflow/example_dags/example_branch_operator.py
[2023-08-09 16:46:16,891] {scheduler_job.py:633} INFO - Processing file /home/airflow/.local/lib/python3.6/site-packages/airflow/example_dags/example_branch_operator.py for tasks to queue
[2023-08-09 16:46:16,895] {logging_mixin.py:104} INFO - [2023-08-09 16:46:16,895] {dagbag.py:496} INFO - Filling up the DagBag from /home/airflow/.local/lib/python3.6/site-packages/airflow/example_dags/example_branch_operator.py
[2023-08-09 16:46:16,939] {scheduler_job.py:643} INFO - DAG(s) dict_keys(['example_branch_operator']) retrieved from /home/airflow/.local/lib/python3.6/site-packages/airflow/example_dags/example_branch_operator.py
[2023-08-09 16:46:17,002] {logging_mixin.py:104} INFO - [2023-08-09 16:46:17,001] {dag.py:1833} INFO - Sync 1 DAGs
[2023-08-09 16:46:17,035] {logging_mixin.py:104} INFO - [2023-08-09 16:46:17,035] {dag.py:2306} INFO - Setting next_dagrun for example_branch_operator to 2023-08-07 00:00:00+00:00
[2023-08-09 16:46:17,070] {scheduler_job.py:190} INFO - Processing /home/airflow/.local/lib/python3.6/site-packages/airflow/example_dags/example_branch_operator.py took 0.193 seconds
[2023-08-09 16:46:47,213] {scheduler_job.py:182} INFO - Started process (PID=10100) to work on /home/airflow/.local/lib/python3.6/site-packages/airflow/example_dags/example_branch_operator.py
[2023-08-09 16:46:47,216] {scheduler_job.py:633} INFO - Processing file /home/airflow/.local/lib/python3.6/site-packages/airflow/example_dags/example_branch_operator.py for tasks to queue
[2023-08-09 16:46:47,218] {logging_mixin.py:104} INFO - [2023-08-09 16:46:47,217] {dagbag.py:496} INFO - Filling up the DagBag from /home/airflow/.local/lib/python3.6/site-packages/airflow/example_dags/example_branch_operator.py
[2023-08-09 16:46:47,247] {scheduler_job.py:643} INFO - DAG(s) dict_keys(['example_branch_operator']) retrieved from /home/airflow/.local/lib/python3.6/site-packages/airflow/example_dags/example_branch_operator.py
[2023-08-09 16:46:47,284] {logging_mixin.py:104} INFO - [2023-08-09 16:46:47,284] {dag.py:1833} INFO - Sync 1 DAGs
[2023-08-09 16:46:47,304] {logging_mixin.py:104} INFO - [2023-08-09 16:46:47,304] {dag.py:2306} INFO - Setting next_dagrun for example_branch_operator to 2023-08-07 00:00:00+00:00
[2023-08-09 16:46:47,320] {scheduler_job.py:190} INFO - Processing /home/airflow/.local/lib/python3.6/site-packages/airflow/example_dags/example_branch_operator.py took 0.112 seconds
[2023-08-09 16:47:18,094] {scheduler_job.py:182} INFO - Started process (PID=10149) to work on /home/airflow/.local/lib/python3.6/site-packages/airflow/example_dags/example_branch_operator.py
[2023-08-09 16:47:18,098] {scheduler_job.py:633} INFO - Processing file /home/airflow/.local/lib/python3.6/site-packages/airflow/example_dags/example_branch_operator.py for tasks to queue
[2023-08-09 16:47:18,101] {logging_mixin.py:104} INFO - [2023-08-09 16:47:18,100] {dagbag.py:496} INFO - Filling up the DagBag from /home/airflow/.local/lib/python3.6/site-packages/airflow/example_dags/example_branch_operator.py
[2023-08-09 16:47:18,137] {scheduler_job.py:643} INFO - DAG(s) dict_keys(['example_branch_operator']) retrieved from /home/airflow/.local/lib/python3.6/site-packages/airflow/example_dags/example_branch_operator.py
[2023-08-09 16:47:18,190] {logging_mixin.py:104} INFO - [2023-08-09 16:47:18,190] {dag.py:1833} INFO - Sync 1 DAGs
[2023-08-09 16:47:18,218] {logging_mixin.py:104} INFO - [2023-08-09 16:47:18,218] {dag.py:2306} INFO - Setting next_dagrun for example_branch_operator to 2023-08-07 00:00:00+00:00
[2023-08-09 16:47:18,236] {scheduler_job.py:190} INFO - Processing /home/airflow/.local/lib/python3.6/site-packages/airflow/example_dags/example_branch_operator.py took 0.150 seconds
[2023-08-09 16:47:48,908] {scheduler_job.py:182} INFO - Started process (PID=10210) to work on /home/airflow/.local/lib/python3.6/site-packages/airflow/example_dags/example_branch_operator.py
[2023-08-09 16:47:48,919] {scheduler_job.py:633} INFO - Processing file /home/airflow/.local/lib/python3.6/site-packages/airflow/example_dags/example_branch_operator.py for tasks to queue
[2023-08-09 16:47:48,924] {logging_mixin.py:104} INFO - [2023-08-09 16:47:48,924] {dagbag.py:496} INFO - Filling up the DagBag from /home/airflow/.local/lib/python3.6/site-packages/airflow/example_dags/example_branch_operator.py
[2023-08-09 16:47:48,987] {scheduler_job.py:643} INFO - DAG(s) dict_keys(['example_branch_operator']) retrieved from /home/airflow/.local/lib/python3.6/site-packages/airflow/example_dags/example_branch_operator.py
[2023-08-09 16:47:49,060] {logging_mixin.py:104} INFO - [2023-08-09 16:47:49,060] {dag.py:1833} INFO - Sync 1 DAGs
[2023-08-09 16:47:49,098] {logging_mixin.py:104} INFO - [2023-08-09 16:47:49,098] {dag.py:2306} INFO - Setting next_dagrun for example_branch_operator to 2023-08-07 00:00:00+00:00
[2023-08-09 16:47:49,127] {scheduler_job.py:190} INFO - Processing /home/airflow/.local/lib/python3.6/site-packages/airflow/example_dags/example_branch_operator.py took 0.231 seconds
[2023-08-09 16:48:19,813] {scheduler_job.py:182} INFO - Started process (PID=10262) to work on /home/airflow/.local/lib/python3.6/site-packages/airflow/example_dags/example_branch_operator.py
[2023-08-09 16:48:19,817] {scheduler_job.py:633} INFO - Processing file /home/airflow/.local/lib/python3.6/site-packages/airflow/example_dags/example_branch_operator.py for tasks to queue
[2023-08-09 16:48:19,824] {logging_mixin.py:104} INFO - [2023-08-09 16:48:19,824] {dagbag.py:496} INFO - Filling up the DagBag from /home/airflow/.local/lib/python3.6/site-packages/airflow/example_dags/example_branch_operator.py
[2023-08-09 16:48:19,905] {scheduler_job.py:643} INFO - DAG(s) dict_keys(['example_branch_operator']) retrieved from /home/airflow/.local/lib/python3.6/site-packages/airflow/example_dags/example_branch_operator.py
[2023-08-09 16:48:19,986] {logging_mixin.py:104} INFO - [2023-08-09 16:48:19,986] {dag.py:1833} INFO - Sync 1 DAGs
[2023-08-09 16:48:20,038] {logging_mixin.py:104} INFO - [2023-08-09 16:48:20,038] {dag.py:2306} INFO - Setting next_dagrun for example_branch_operator to 2023-08-07 00:00:00+00:00
[2023-08-09 16:48:20,065] {scheduler_job.py:190} INFO - Processing /home/airflow/.local/lib/python3.6/site-packages/airflow/example_dags/example_branch_operator.py took 0.264 seconds
[2023-08-09 16:48:50,769] {scheduler_job.py:182} INFO - Started process (PID=10313) to work on /home/airflow/.local/lib/python3.6/site-packages/airflow/example_dags/example_branch_operator.py
[2023-08-09 16:48:50,771] {scheduler_job.py:633} INFO - Processing file /home/airflow/.local/lib/python3.6/site-packages/airflow/example_dags/example_branch_operator.py for tasks to queue
[2023-08-09 16:48:50,773] {logging_mixin.py:104} INFO - [2023-08-09 16:48:50,772] {dagbag.py:496} INFO - Filling up the DagBag from /home/airflow/.local/lib/python3.6/site-packages/airflow/example_dags/example_branch_operator.py
[2023-08-09 16:48:50,799] {scheduler_job.py:643} INFO - DAG(s) dict_keys(['example_branch_operator']) retrieved from /home/airflow/.local/lib/python3.6/site-packages/airflow/example_dags/example_branch_operator.py
[2023-08-09 16:48:50,837] {logging_mixin.py:104} INFO - [2023-08-09 16:48:50,837] {dag.py:1833} INFO - Sync 1 DAGs
[2023-08-09 16:48:50,860] {logging_mixin.py:104} INFO - [2023-08-09 16:48:50,860] {dag.py:2306} INFO - Setting next_dagrun for example_branch_operator to 2023-08-07 00:00:00+00:00
[2023-08-09 16:48:50,885] {scheduler_job.py:190} INFO - Processing /home/airflow/.local/lib/python3.6/site-packages/airflow/example_dags/example_branch_operator.py took 0.126 seconds
[2023-08-09 16:49:21,596] {scheduler_job.py:182} INFO - Started process (PID=10373) to work on /home/airflow/.local/lib/python3.6/site-packages/airflow/example_dags/example_branch_operator.py
[2023-08-09 16:49:21,605] {scheduler_job.py:633} INFO - Processing file /home/airflow/.local/lib/python3.6/site-packages/airflow/example_dags/example_branch_operator.py for tasks to queue
[2023-08-09 16:49:21,608] {logging_mixin.py:104} INFO - [2023-08-09 16:49:21,608] {dagbag.py:496} INFO - Filling up the DagBag from /home/airflow/.local/lib/python3.6/site-packages/airflow/example_dags/example_branch_operator.py
[2023-08-09 16:49:21,690] {scheduler_job.py:643} INFO - DAG(s) dict_keys(['example_branch_operator']) retrieved from /home/airflow/.local/lib/python3.6/site-packages/airflow/example_dags/example_branch_operator.py
[2023-08-09 16:49:21,791] {logging_mixin.py:104} INFO - [2023-08-09 16:49:21,791] {dag.py:1833} INFO - Sync 1 DAGs
[2023-08-09 16:49:21,859] {logging_mixin.py:104} INFO - [2023-08-09 16:49:21,852] {dag.py:2306} INFO - Setting next_dagrun for example_branch_operator to 2023-08-07 00:00:00+00:00
[2023-08-09 16:49:21,897] {scheduler_job.py:190} INFO - Processing /home/airflow/.local/lib/python3.6/site-packages/airflow/example_dags/example_branch_operator.py took 0.307 seconds
[2023-08-09 16:49:52,477] {scheduler_job.py:182} INFO - Started process (PID=10425) to work on /home/airflow/.local/lib/python3.6/site-packages/airflow/example_dags/example_branch_operator.py
[2023-08-09 16:49:52,480] {scheduler_job.py:633} INFO - Processing file /home/airflow/.local/lib/python3.6/site-packages/airflow/example_dags/example_branch_operator.py for tasks to queue
[2023-08-09 16:49:52,482] {logging_mixin.py:104} INFO - [2023-08-09 16:49:52,482] {dagbag.py:496} INFO - Filling up the DagBag from /home/airflow/.local/lib/python3.6/site-packages/airflow/example_dags/example_branch_operator.py
[2023-08-09 16:49:52,522] {scheduler_job.py:643} INFO - DAG(s) dict_keys(['example_branch_operator']) retrieved from /home/airflow/.local/lib/python3.6/site-packages/airflow/example_dags/example_branch_operator.py
[2023-08-09 16:49:52,556] {logging_mixin.py:104} INFO - [2023-08-09 16:49:52,556] {dag.py:1833} INFO - Sync 1 DAGs
[2023-08-09 16:49:52,581] {logging_mixin.py:104} INFO - [2023-08-09 16:49:52,581] {dag.py:2306} INFO - Setting next_dagrun for example_branch_operator to 2023-08-07 00:00:00+00:00
[2023-08-09 16:49:52,599] {scheduler_job.py:190} INFO - Processing /home/airflow/.local/lib/python3.6/site-packages/airflow/example_dags/example_branch_operator.py took 0.129 seconds
[2023-08-09 16:50:23,271] {scheduler_job.py:182} INFO - Started process (PID=10475) to work on /home/airflow/.local/lib/python3.6/site-packages/airflow/example_dags/example_branch_operator.py
[2023-08-09 16:50:23,275] {scheduler_job.py:633} INFO - Processing file /home/airflow/.local/lib/python3.6/site-packages/airflow/example_dags/example_branch_operator.py for tasks to queue
[2023-08-09 16:50:23,277] {logging_mixin.py:104} INFO - [2023-08-09 16:50:23,277] {dagbag.py:496} INFO - Filling up the DagBag from /home/airflow/.local/lib/python3.6/site-packages/airflow/example_dags/example_branch_operator.py
[2023-08-09 16:50:23,314] {scheduler_job.py:643} INFO - DAG(s) dict_keys(['example_branch_operator']) retrieved from /home/airflow/.local/lib/python3.6/site-packages/airflow/example_dags/example_branch_operator.py
[2023-08-09 16:50:23,386] {logging_mixin.py:104} INFO - [2023-08-09 16:50:23,386] {dag.py:1833} INFO - Sync 1 DAGs
[2023-08-09 16:50:23,457] {logging_mixin.py:104} INFO - [2023-08-09 16:50:23,457] {dag.py:2306} INFO - Setting next_dagrun for example_branch_operator to 2023-08-07 00:00:00+00:00
[2023-08-09 16:50:23,497] {scheduler_job.py:190} INFO - Processing /home/airflow/.local/lib/python3.6/site-packages/airflow/example_dags/example_branch_operator.py took 0.233 seconds
[2023-08-09 16:50:54,413] {scheduler_job.py:182} INFO - Started process (PID=10533) to work on /home/airflow/.local/lib/python3.6/site-packages/airflow/example_dags/example_branch_operator.py
[2023-08-09 16:50:54,415] {scheduler_job.py:633} INFO - Processing file /home/airflow/.local/lib/python3.6/site-packages/airflow/example_dags/example_branch_operator.py for tasks to queue
[2023-08-09 16:50:54,419] {logging_mixin.py:104} INFO - [2023-08-09 16:50:54,419] {dagbag.py:496} INFO - Filling up the DagBag from /home/airflow/.local/lib/python3.6/site-packages/airflow/example_dags/example_branch_operator.py
[2023-08-09 16:50:54,482] {scheduler_job.py:643} INFO - DAG(s) dict_keys(['example_branch_operator']) retrieved from /home/airflow/.local/lib/python3.6/site-packages/airflow/example_dags/example_branch_operator.py
[2023-08-09 16:50:54,528] {logging_mixin.py:104} INFO - [2023-08-09 16:50:54,528] {dag.py:1833} INFO - Sync 1 DAGs
[2023-08-09 16:50:54,560] {logging_mixin.py:104} INFO - [2023-08-09 16:50:54,560] {dag.py:2306} INFO - Setting next_dagrun for example_branch_operator to 2023-08-07 00:00:00+00:00
[2023-08-09 16:50:54,589] {scheduler_job.py:190} INFO - Processing /home/airflow/.local/lib/python3.6/site-packages/airflow/example_dags/example_branch_operator.py took 0.184 seconds
[2023-08-09 16:51:25,088] {scheduler_job.py:182} INFO - Started process (PID=10585) to work on /home/airflow/.local/lib/python3.6/site-packages/airflow/example_dags/example_branch_operator.py
[2023-08-09 16:51:25,091] {scheduler_job.py:633} INFO - Processing file /home/airflow/.local/lib/python3.6/site-packages/airflow/example_dags/example_branch_operator.py for tasks to queue
[2023-08-09 16:51:25,094] {logging_mixin.py:104} INFO - [2023-08-09 16:51:25,093] {dagbag.py:496} INFO - Filling up the DagBag from /home/airflow/.local/lib/python3.6/site-packages/airflow/example_dags/example_branch_operator.py
[2023-08-09 16:51:25,130] {scheduler_job.py:643} INFO - DAG(s) dict_keys(['example_branch_operator']) retrieved from /home/airflow/.local/lib/python3.6/site-packages/airflow/example_dags/example_branch_operator.py
[2023-08-09 16:51:25,163] {logging_mixin.py:104} INFO - [2023-08-09 16:51:25,163] {dag.py:1833} INFO - Sync 1 DAGs
[2023-08-09 16:51:25,184] {logging_mixin.py:104} INFO - [2023-08-09 16:51:25,184] {dag.py:2306} INFO - Setting next_dagrun for example_branch_operator to 2023-08-07 00:00:00+00:00
[2023-08-09 16:51:25,199] {scheduler_job.py:190} INFO - Processing /home/airflow/.local/lib/python3.6/site-packages/airflow/example_dags/example_branch_operator.py took 0.116 seconds
[2023-08-09 16:51:55,472] {scheduler_job.py:182} INFO - Started process (PID=10635) to work on /home/airflow/.local/lib/python3.6/site-packages/airflow/example_dags/example_branch_operator.py
[2023-08-09 16:51:55,475] {scheduler_job.py:633} INFO - Processing file /home/airflow/.local/lib/python3.6/site-packages/airflow/example_dags/example_branch_operator.py for tasks to queue
[2023-08-09 16:51:55,478] {logging_mixin.py:104} INFO - [2023-08-09 16:51:55,478] {dagbag.py:496} INFO - Filling up the DagBag from /home/airflow/.local/lib/python3.6/site-packages/airflow/example_dags/example_branch_operator.py
[2023-08-09 16:51:55,520] {scheduler_job.py:643} INFO - DAG(s) dict_keys(['example_branch_operator']) retrieved from /home/airflow/.local/lib/python3.6/site-packages/airflow/example_dags/example_branch_operator.py
[2023-08-09 16:51:55,563] {logging_mixin.py:104} INFO - [2023-08-09 16:51:55,563] {dag.py:1833} INFO - Sync 1 DAGs
[2023-08-09 16:51:55,600] {logging_mixin.py:104} INFO - [2023-08-09 16:51:55,599] {dag.py:2306} INFO - Setting next_dagrun for example_branch_operator to 2023-08-07 00:00:00+00:00
[2023-08-09 16:51:55,626] {scheduler_job.py:190} INFO - Processing /home/airflow/.local/lib/python3.6/site-packages/airflow/example_dags/example_branch_operator.py took 0.160 seconds
[2023-08-09 16:52:25,748] {scheduler_job.py:182} INFO - Started process (PID=10686) to work on /home/airflow/.local/lib/python3.6/site-packages/airflow/example_dags/example_branch_operator.py
[2023-08-09 16:52:25,751] {scheduler_job.py:633} INFO - Processing file /home/airflow/.local/lib/python3.6/site-packages/airflow/example_dags/example_branch_operator.py for tasks to queue
[2023-08-09 16:52:25,753] {logging_mixin.py:104} INFO - [2023-08-09 16:52:25,753] {dagbag.py:496} INFO - Filling up the DagBag from /home/airflow/.local/lib/python3.6/site-packages/airflow/example_dags/example_branch_operator.py
[2023-08-09 16:52:25,786] {scheduler_job.py:643} INFO - DAG(s) dict_keys(['example_branch_operator']) retrieved from /home/airflow/.local/lib/python3.6/site-packages/airflow/example_dags/example_branch_operator.py
[2023-08-09 16:52:25,861] {logging_mixin.py:104} INFO - [2023-08-09 16:52:25,860] {dag.py:1833} INFO - Sync 1 DAGs
[2023-08-09 16:52:25,882] {logging_mixin.py:104} INFO - [2023-08-09 16:52:25,881] {dag.py:2306} INFO - Setting next_dagrun for example_branch_operator to 2023-08-07 00:00:00+00:00
[2023-08-09 16:52:25,905] {scheduler_job.py:190} INFO - Processing /home/airflow/.local/lib/python3.6/site-packages/airflow/example_dags/example_branch_operator.py took 0.164 seconds
[2023-08-09 16:52:56,307] {scheduler_job.py:182} INFO - Started process (PID=10744) to work on /home/airflow/.local/lib/python3.6/site-packages/airflow/example_dags/example_branch_operator.py
[2023-08-09 16:52:56,319] {scheduler_job.py:633} INFO - Processing file /home/airflow/.local/lib/python3.6/site-packages/airflow/example_dags/example_branch_operator.py for tasks to queue
[2023-08-09 16:52:56,321] {logging_mixin.py:104} INFO - [2023-08-09 16:52:56,321] {dagbag.py:496} INFO - Filling up the DagBag from /home/airflow/.local/lib/python3.6/site-packages/airflow/example_dags/example_branch_operator.py
[2023-08-09 16:52:56,379] {scheduler_job.py:643} INFO - DAG(s) dict_keys(['example_branch_operator']) retrieved from /home/airflow/.local/lib/python3.6/site-packages/airflow/example_dags/example_branch_operator.py
[2023-08-09 16:52:56,424] {logging_mixin.py:104} INFO - [2023-08-09 16:52:56,424] {dag.py:1833} INFO - Sync 1 DAGs
[2023-08-09 16:52:56,452] {logging_mixin.py:104} INFO - [2023-08-09 16:52:56,452] {dag.py:2306} INFO - Setting next_dagrun for example_branch_operator to 2023-08-07 00:00:00+00:00
[2023-08-09 16:52:56,473] {scheduler_job.py:190} INFO - Processing /home/airflow/.local/lib/python3.6/site-packages/airflow/example_dags/example_branch_operator.py took 0.174 seconds
[2023-08-09 16:53:27,190] {scheduler_job.py:182} INFO - Started process (PID=10798) to work on /home/airflow/.local/lib/python3.6/site-packages/airflow/example_dags/example_branch_operator.py
[2023-08-09 16:53:27,193] {scheduler_job.py:633} INFO - Processing file /home/airflow/.local/lib/python3.6/site-packages/airflow/example_dags/example_branch_operator.py for tasks to queue
[2023-08-09 16:53:27,201] {logging_mixin.py:104} INFO - [2023-08-09 16:53:27,201] {dagbag.py:496} INFO - Filling up the DagBag from /home/airflow/.local/lib/python3.6/site-packages/airflow/example_dags/example_branch_operator.py
[2023-08-09 16:53:27,264] {scheduler_job.py:643} INFO - DAG(s) dict_keys(['example_branch_operator']) retrieved from /home/airflow/.local/lib/python3.6/site-packages/airflow/example_dags/example_branch_operator.py
[2023-08-09 16:53:27,321] {logging_mixin.py:104} INFO - [2023-08-09 16:53:27,321] {dag.py:1833} INFO - Sync 1 DAGs
[2023-08-09 16:53:27,347] {logging_mixin.py:104} INFO - [2023-08-09 16:53:27,347] {dag.py:2306} INFO - Setting next_dagrun for example_branch_operator to 2023-08-07 00:00:00+00:00
[2023-08-09 16:53:27,365] {scheduler_job.py:190} INFO - Processing /home/airflow/.local/lib/python3.6/site-packages/airflow/example_dags/example_branch_operator.py took 0.180 seconds
[2023-08-09 16:53:57,527] {scheduler_job.py:182} INFO - Started process (PID=10849) to work on /home/airflow/.local/lib/python3.6/site-packages/airflow/example_dags/example_branch_operator.py
[2023-08-09 16:53:57,532] {scheduler_job.py:633} INFO - Processing file /home/airflow/.local/lib/python3.6/site-packages/airflow/example_dags/example_branch_operator.py for tasks to queue
[2023-08-09 16:53:57,538] {logging_mixin.py:104} INFO - [2023-08-09 16:53:57,533] {dagbag.py:496} INFO - Filling up the DagBag from /home/airflow/.local/lib/python3.6/site-packages/airflow/example_dags/example_branch_operator.py
[2023-08-09 16:53:57,577] {scheduler_job.py:643} INFO - DAG(s) dict_keys(['example_branch_operator']) retrieved from /home/airflow/.local/lib/python3.6/site-packages/airflow/example_dags/example_branch_operator.py
[2023-08-09 16:53:57,636] {logging_mixin.py:104} INFO - [2023-08-09 16:53:57,635] {dag.py:1833} INFO - Sync 1 DAGs
[2023-08-09 16:53:57,673] {logging_mixin.py:104} INFO - [2023-08-09 16:53:57,673] {dag.py:2306} INFO - Setting next_dagrun for example_branch_operator to 2023-08-07 00:00:00+00:00
[2023-08-09 16:53:57,704] {scheduler_job.py:190} INFO - Processing /home/airflow/.local/lib/python3.6/site-packages/airflow/example_dags/example_branch_operator.py took 0.183 seconds
[2023-08-09 16:54:28,104] {scheduler_job.py:182} INFO - Started process (PID=10908) to work on /home/airflow/.local/lib/python3.6/site-packages/airflow/example_dags/example_branch_operator.py
[2023-08-09 16:54:28,113] {scheduler_job.py:633} INFO - Processing file /home/airflow/.local/lib/python3.6/site-packages/airflow/example_dags/example_branch_operator.py for tasks to queue
[2023-08-09 16:54:28,122] {logging_mixin.py:104} INFO - [2023-08-09 16:54:28,122] {dagbag.py:496} INFO - Filling up the DagBag from /home/airflow/.local/lib/python3.6/site-packages/airflow/example_dags/example_branch_operator.py
[2023-08-09 16:54:28,197] {scheduler_job.py:643} INFO - DAG(s) dict_keys(['example_branch_operator']) retrieved from /home/airflow/.local/lib/python3.6/site-packages/airflow/example_dags/example_branch_operator.py
[2023-08-09 16:54:28,260] {logging_mixin.py:104} INFO - [2023-08-09 16:54:28,260] {dag.py:1833} INFO - Sync 1 DAGs
[2023-08-09 16:54:28,309] {logging_mixin.py:104} INFO - [2023-08-09 16:54:28,309] {dag.py:2306} INFO - Setting next_dagrun for example_branch_operator to 2023-08-07 00:00:00+00:00
[2023-08-09 16:54:28,353] {scheduler_job.py:190} INFO - Processing /home/airflow/.local/lib/python3.6/site-packages/airflow/example_dags/example_branch_operator.py took 0.259 seconds
[2023-08-09 16:54:59,376] {scheduler_job.py:182} INFO - Started process (PID=10958) to work on /home/airflow/.local/lib/python3.6/site-packages/airflow/example_dags/example_branch_operator.py
[2023-08-09 16:54:59,381] {scheduler_job.py:633} INFO - Processing file /home/airflow/.local/lib/python3.6/site-packages/airflow/example_dags/example_branch_operator.py for tasks to queue
[2023-08-09 16:54:59,384] {logging_mixin.py:104} INFO - [2023-08-09 16:54:59,384] {dagbag.py:496} INFO - Filling up the DagBag from /home/airflow/.local/lib/python3.6/site-packages/airflow/example_dags/example_branch_operator.py
[2023-08-09 16:54:59,418] {scheduler_job.py:643} INFO - DAG(s) dict_keys(['example_branch_operator']) retrieved from /home/airflow/.local/lib/python3.6/site-packages/airflow/example_dags/example_branch_operator.py
[2023-08-09 16:54:59,458] {logging_mixin.py:104} INFO - [2023-08-09 16:54:59,458] {dag.py:1833} INFO - Sync 1 DAGs
[2023-08-09 16:54:59,486] {logging_mixin.py:104} INFO - [2023-08-09 16:54:59,486] {dag.py:2306} INFO - Setting next_dagrun for example_branch_operator to 2023-08-07 00:00:00+00:00
[2023-08-09 16:54:59,512] {scheduler_job.py:190} INFO - Processing /home/airflow/.local/lib/python3.6/site-packages/airflow/example_dags/example_branch_operator.py took 0.147 seconds
[2023-08-09 16:55:30,254] {scheduler_job.py:182} INFO - Started process (PID=11009) to work on /home/airflow/.local/lib/python3.6/site-packages/airflow/example_dags/example_branch_operator.py
[2023-08-09 16:55:30,256] {scheduler_job.py:633} INFO - Processing file /home/airflow/.local/lib/python3.6/site-packages/airflow/example_dags/example_branch_operator.py for tasks to queue
[2023-08-09 16:55:30,258] {logging_mixin.py:104} INFO - [2023-08-09 16:55:30,257] {dagbag.py:496} INFO - Filling up the DagBag from /home/airflow/.local/lib/python3.6/site-packages/airflow/example_dags/example_branch_operator.py
[2023-08-09 16:55:30,304] {scheduler_job.py:643} INFO - DAG(s) dict_keys(['example_branch_operator']) retrieved from /home/airflow/.local/lib/python3.6/site-packages/airflow/example_dags/example_branch_operator.py
[2023-08-09 16:55:30,335] {logging_mixin.py:104} INFO - [2023-08-09 16:55:30,335] {dag.py:1833} INFO - Sync 1 DAGs
[2023-08-09 16:55:30,360] {logging_mixin.py:104} INFO - [2023-08-09 16:55:30,360] {dag.py:2306} INFO - Setting next_dagrun for example_branch_operator to 2023-08-07 00:00:00+00:00
[2023-08-09 16:55:30,382] {scheduler_job.py:190} INFO - Processing /home/airflow/.local/lib/python3.6/site-packages/airflow/example_dags/example_branch_operator.py took 0.134 seconds
[2023-08-09 16:56:01,307] {scheduler_job.py:182} INFO - Started process (PID=11060) to work on /home/airflow/.local/lib/python3.6/site-packages/airflow/example_dags/example_branch_operator.py
[2023-08-09 16:56:01,318] {scheduler_job.py:633} INFO - Processing file /home/airflow/.local/lib/python3.6/site-packages/airflow/example_dags/example_branch_operator.py for tasks to queue
[2023-08-09 16:56:01,324] {logging_mixin.py:104} INFO - [2023-08-09 16:56:01,324] {dagbag.py:496} INFO - Filling up the DagBag from /home/airflow/.local/lib/python3.6/site-packages/airflow/example_dags/example_branch_operator.py
[2023-08-09 16:56:01,372] {scheduler_job.py:643} INFO - DAG(s) dict_keys(['example_branch_operator']) retrieved from /home/airflow/.local/lib/python3.6/site-packages/airflow/example_dags/example_branch_operator.py
[2023-08-09 16:56:01,406] {logging_mixin.py:104} INFO - [2023-08-09 16:56:01,405] {dag.py:1833} INFO - Sync 1 DAGs
[2023-08-09 16:56:01,427] {logging_mixin.py:104} INFO - [2023-08-09 16:56:01,427] {dag.py:2306} INFO - Setting next_dagrun for example_branch_operator to 2023-08-07 00:00:00+00:00
[2023-08-09 16:56:01,444] {scheduler_job.py:190} INFO - Processing /home/airflow/.local/lib/python3.6/site-packages/airflow/example_dags/example_branch_operator.py took 0.158 seconds
[2023-08-09 16:56:32,170] {scheduler_job.py:182} INFO - Started process (PID=11121) to work on /home/airflow/.local/lib/python3.6/site-packages/airflow/example_dags/example_branch_operator.py
[2023-08-09 16:56:32,176] {scheduler_job.py:633} INFO - Processing file /home/airflow/.local/lib/python3.6/site-packages/airflow/example_dags/example_branch_operator.py for tasks to queue
[2023-08-09 16:56:32,181] {logging_mixin.py:104} INFO - [2023-08-09 16:56:32,181] {dagbag.py:496} INFO - Filling up the DagBag from /home/airflow/.local/lib/python3.6/site-packages/airflow/example_dags/example_branch_operator.py
[2023-08-09 16:56:32,246] {scheduler_job.py:643} INFO - DAG(s) dict_keys(['example_branch_operator']) retrieved from /home/airflow/.local/lib/python3.6/site-packages/airflow/example_dags/example_branch_operator.py
[2023-08-09 16:56:32,324] {logging_mixin.py:104} INFO - [2023-08-09 16:56:32,324] {dag.py:1833} INFO - Sync 1 DAGs
[2023-08-09 16:56:32,357] {logging_mixin.py:104} INFO - [2023-08-09 16:56:32,357] {dag.py:2306} INFO - Setting next_dagrun for example_branch_operator to 2023-08-07 00:00:00+00:00
[2023-08-09 16:56:32,383] {scheduler_job.py:190} INFO - Processing /home/airflow/.local/lib/python3.6/site-packages/airflow/example_dags/example_branch_operator.py took 0.221 seconds
[2023-08-09 16:57:03,356] {scheduler_job.py:182} INFO - Started process (PID=11172) to work on /home/airflow/.local/lib/python3.6/site-packages/airflow/example_dags/example_branch_operator.py
[2023-08-09 16:57:03,360] {scheduler_job.py:633} INFO - Processing file /home/airflow/.local/lib/python3.6/site-packages/airflow/example_dags/example_branch_operator.py for tasks to queue
[2023-08-09 16:57:03,365] {logging_mixin.py:104} INFO - [2023-08-09 16:57:03,365] {dagbag.py:496} INFO - Filling up the DagBag from /home/airflow/.local/lib/python3.6/site-packages/airflow/example_dags/example_branch_operator.py
[2023-08-09 16:57:03,413] {scheduler_job.py:643} INFO - DAG(s) dict_keys(['example_branch_operator']) retrieved from /home/airflow/.local/lib/python3.6/site-packages/airflow/example_dags/example_branch_operator.py
[2023-08-09 16:57:03,469] {logging_mixin.py:104} INFO - [2023-08-09 16:57:03,469] {dag.py:1833} INFO - Sync 1 DAGs
[2023-08-09 16:57:03,511] {logging_mixin.py:104} INFO - [2023-08-09 16:57:03,511] {dag.py:2306} INFO - Setting next_dagrun for example_branch_operator to 2023-08-07 00:00:00+00:00
[2023-08-09 16:57:03,544] {scheduler_job.py:190} INFO - Processing /home/airflow/.local/lib/python3.6/site-packages/airflow/example_dags/example_branch_operator.py took 0.198 seconds
[2023-08-09 16:57:33,826] {scheduler_job.py:182} INFO - Started process (PID=11222) to work on /home/airflow/.local/lib/python3.6/site-packages/airflow/example_dags/example_branch_operator.py
[2023-08-09 16:57:33,839] {scheduler_job.py:633} INFO - Processing file /home/airflow/.local/lib/python3.6/site-packages/airflow/example_dags/example_branch_operator.py for tasks to queue
[2023-08-09 16:57:33,850] {logging_mixin.py:104} INFO - [2023-08-09 16:57:33,849] {dagbag.py:496} INFO - Filling up the DagBag from /home/airflow/.local/lib/python3.6/site-packages/airflow/example_dags/example_branch_operator.py
[2023-08-09 16:57:33,909] {scheduler_job.py:643} INFO - DAG(s) dict_keys(['example_branch_operator']) retrieved from /home/airflow/.local/lib/python3.6/site-packages/airflow/example_dags/example_branch_operator.py
[2023-08-09 16:57:33,946] {logging_mixin.py:104} INFO - [2023-08-09 16:57:33,946] {dag.py:1833} INFO - Sync 1 DAGs
[2023-08-09 16:57:33,976] {logging_mixin.py:104} INFO - [2023-08-09 16:57:33,975] {dag.py:2306} INFO - Setting next_dagrun for example_branch_operator to 2023-08-07 00:00:00+00:00
[2023-08-09 16:57:34,005] {scheduler_job.py:190} INFO - Processing /home/airflow/.local/lib/python3.6/site-packages/airflow/example_dags/example_branch_operator.py took 0.208 seconds
[2023-08-09 16:58:04,531] {scheduler_job.py:182} INFO - Started process (PID=11285) to work on /home/airflow/.local/lib/python3.6/site-packages/airflow/example_dags/example_branch_operator.py
[2023-08-09 16:58:04,537] {scheduler_job.py:633} INFO - Processing file /home/airflow/.local/lib/python3.6/site-packages/airflow/example_dags/example_branch_operator.py for tasks to queue
[2023-08-09 16:58:04,540] {logging_mixin.py:104} INFO - [2023-08-09 16:58:04,540] {dagbag.py:496} INFO - Filling up the DagBag from /home/airflow/.local/lib/python3.6/site-packages/airflow/example_dags/example_branch_operator.py
[2023-08-09 16:58:04,583] {scheduler_job.py:643} INFO - DAG(s) dict_keys(['example_branch_operator']) retrieved from /home/airflow/.local/lib/python3.6/site-packages/airflow/example_dags/example_branch_operator.py
[2023-08-09 16:58:04,631] {logging_mixin.py:104} INFO - [2023-08-09 16:58:04,631] {dag.py:1833} INFO - Sync 1 DAGs
[2023-08-09 16:58:04,676] {logging_mixin.py:104} INFO - [2023-08-09 16:58:04,675] {dag.py:2306} INFO - Setting next_dagrun for example_branch_operator to 2023-08-07 00:00:00+00:00
[2023-08-09 16:58:04,706] {scheduler_job.py:190} INFO - Processing /home/airflow/.local/lib/python3.6/site-packages/airflow/example_dags/example_branch_operator.py took 0.181 seconds
