[2023-08-09 11:34:40,222] {scheduler_job.py:182} INFO - Started process (PID=7421) to work on /home/airflow/.local/lib/python3.6/site-packages/airflow/example_dags/example_dag_decorator.py
[2023-08-09 11:34:40,263] {scheduler_job.py:633} INFO - Processing file /home/airflow/.local/lib/python3.6/site-packages/airflow/example_dags/example_dag_decorator.py for tasks to queue
[2023-08-09 11:34:40,265] {logging_mixin.py:104} INFO - [2023-08-09 11:34:40,264] {dagbag.py:496} INFO - Filling up the DagBag from /home/airflow/.local/lib/python3.6/site-packages/airflow/example_dags/example_dag_decorator.py
[2023-08-09 11:34:40,322] {scheduler_job.py:643} INFO - DAG(s) dict_keys(['example_dag_decorator']) retrieved from /home/airflow/.local/lib/python3.6/site-packages/airflow/example_dags/example_dag_decorator.py
[2023-08-09 11:34:41,730] {logging_mixin.py:104} INFO - [2023-08-09 11:34:41,730] {dag.py:1833} INFO - Sync 1 DAGs
[2023-08-09 11:34:41,834] {logging_mixin.py:104} INFO - [2023-08-09 11:34:41,834] {dag.py:2306} INFO - Setting next_dagrun for example_dag_decorator to None
[2023-08-09 11:34:42,071] {scheduler_job.py:190} INFO - Processing /home/airflow/.local/lib/python3.6/site-packages/airflow/example_dags/example_dag_decorator.py took 1.858 seconds
[2023-08-09 11:35:13,223] {scheduler_job.py:182} INFO - Started process (PID=7472) to work on /home/airflow/.local/lib/python3.6/site-packages/airflow/example_dags/example_dag_decorator.py
[2023-08-09 11:35:13,232] {scheduler_job.py:633} INFO - Processing file /home/airflow/.local/lib/python3.6/site-packages/airflow/example_dags/example_dag_decorator.py for tasks to queue
[2023-08-09 11:35:13,241] {logging_mixin.py:104} INFO - [2023-08-09 11:35:13,237] {dagbag.py:496} INFO - Filling up the DagBag from /home/airflow/.local/lib/python3.6/site-packages/airflow/example_dags/example_dag_decorator.py
[2023-08-09 11:35:13,310] {scheduler_job.py:643} INFO - DAG(s) dict_keys(['example_dag_decorator']) retrieved from /home/airflow/.local/lib/python3.6/site-packages/airflow/example_dags/example_dag_decorator.py
[2023-08-09 11:35:13,805] {logging_mixin.py:104} INFO - [2023-08-09 11:35:13,804] {dag.py:1833} INFO - Sync 1 DAGs
[2023-08-09 11:35:13,831] {logging_mixin.py:104} INFO - [2023-08-09 11:35:13,830] {dag.py:2306} INFO - Setting next_dagrun for example_dag_decorator to None
[2023-08-09 11:35:14,252] {scheduler_job.py:190} INFO - Processing /home/airflow/.local/lib/python3.6/site-packages/airflow/example_dags/example_dag_decorator.py took 1.042 seconds
[2023-08-09 11:35:45,014] {scheduler_job.py:182} INFO - Started process (PID=7524) to work on /home/airflow/.local/lib/python3.6/site-packages/airflow/example_dags/example_dag_decorator.py
[2023-08-09 11:35:45,018] {scheduler_job.py:633} INFO - Processing file /home/airflow/.local/lib/python3.6/site-packages/airflow/example_dags/example_dag_decorator.py for tasks to queue
[2023-08-09 11:35:45,022] {logging_mixin.py:104} INFO - [2023-08-09 11:35:45,021] {dagbag.py:496} INFO - Filling up the DagBag from /home/airflow/.local/lib/python3.6/site-packages/airflow/example_dags/example_dag_decorator.py
[2023-08-09 11:35:45,070] {scheduler_job.py:643} INFO - DAG(s) dict_keys(['example_dag_decorator']) retrieved from /home/airflow/.local/lib/python3.6/site-packages/airflow/example_dags/example_dag_decorator.py
[2023-08-09 11:35:45,501] {logging_mixin.py:104} INFO - [2023-08-09 11:35:45,501] {dag.py:1833} INFO - Sync 1 DAGs
[2023-08-09 11:35:45,524] {logging_mixin.py:104} INFO - [2023-08-09 11:35:45,524] {dag.py:2306} INFO - Setting next_dagrun for example_dag_decorator to None
[2023-08-09 11:35:45,546] {scheduler_job.py:190} INFO - Processing /home/airflow/.local/lib/python3.6/site-packages/airflow/example_dags/example_dag_decorator.py took 0.544 seconds
[2023-08-09 11:36:15,712] {scheduler_job.py:182} INFO - Started process (PID=7576) to work on /home/airflow/.local/lib/python3.6/site-packages/airflow/example_dags/example_dag_decorator.py
[2023-08-09 11:36:15,715] {scheduler_job.py:633} INFO - Processing file /home/airflow/.local/lib/python3.6/site-packages/airflow/example_dags/example_dag_decorator.py for tasks to queue
[2023-08-09 11:36:15,720] {logging_mixin.py:104} INFO - [2023-08-09 11:36:15,720] {dagbag.py:496} INFO - Filling up the DagBag from /home/airflow/.local/lib/python3.6/site-packages/airflow/example_dags/example_dag_decorator.py
[2023-08-09 11:36:15,767] {scheduler_job.py:643} INFO - DAG(s) dict_keys(['example_dag_decorator']) retrieved from /home/airflow/.local/lib/python3.6/site-packages/airflow/example_dags/example_dag_decorator.py
[2023-08-09 11:36:16,498] {logging_mixin.py:104} INFO - [2023-08-09 11:36:16,498] {dag.py:1833} INFO - Sync 1 DAGs
[2023-08-09 11:36:16,521] {logging_mixin.py:104} INFO - [2023-08-09 11:36:16,521] {dag.py:2306} INFO - Setting next_dagrun for example_dag_decorator to None
[2023-08-09 11:36:16,549] {scheduler_job.py:190} INFO - Processing /home/airflow/.local/lib/python3.6/site-packages/airflow/example_dags/example_dag_decorator.py took 0.846 seconds
[2023-08-09 11:36:47,359] {scheduler_job.py:182} INFO - Started process (PID=7628) to work on /home/airflow/.local/lib/python3.6/site-packages/airflow/example_dags/example_dag_decorator.py
[2023-08-09 11:36:47,370] {scheduler_job.py:633} INFO - Processing file /home/airflow/.local/lib/python3.6/site-packages/airflow/example_dags/example_dag_decorator.py for tasks to queue
[2023-08-09 11:36:47,373] {logging_mixin.py:104} INFO - [2023-08-09 11:36:47,373] {dagbag.py:496} INFO - Filling up the DagBag from /home/airflow/.local/lib/python3.6/site-packages/airflow/example_dags/example_dag_decorator.py
[2023-08-09 11:36:47,420] {scheduler_job.py:643} INFO - DAG(s) dict_keys(['example_dag_decorator']) retrieved from /home/airflow/.local/lib/python3.6/site-packages/airflow/example_dags/example_dag_decorator.py
[2023-08-09 11:36:47,790] {logging_mixin.py:104} INFO - [2023-08-09 11:36:47,790] {dag.py:1833} INFO - Sync 1 DAGs
[2023-08-09 11:36:47,807] {logging_mixin.py:104} INFO - [2023-08-09 11:36:47,807] {dag.py:2306} INFO - Setting next_dagrun for example_dag_decorator to None
[2023-08-09 11:36:47,826] {scheduler_job.py:190} INFO - Processing /home/airflow/.local/lib/python3.6/site-packages/airflow/example_dags/example_dag_decorator.py took 0.473 seconds
[2023-08-09 11:37:17,996] {scheduler_job.py:182} INFO - Started process (PID=7680) to work on /home/airflow/.local/lib/python3.6/site-packages/airflow/example_dags/example_dag_decorator.py
[2023-08-09 11:37:18,008] {scheduler_job.py:633} INFO - Processing file /home/airflow/.local/lib/python3.6/site-packages/airflow/example_dags/example_dag_decorator.py for tasks to queue
[2023-08-09 11:37:18,015] {logging_mixin.py:104} INFO - [2023-08-09 11:37:18,015] {dagbag.py:496} INFO - Filling up the DagBag from /home/airflow/.local/lib/python3.6/site-packages/airflow/example_dags/example_dag_decorator.py
[2023-08-09 11:37:18,115] {scheduler_job.py:643} INFO - DAG(s) dict_keys(['example_dag_decorator']) retrieved from /home/airflow/.local/lib/python3.6/site-packages/airflow/example_dags/example_dag_decorator.py
[2023-08-09 11:37:18,928] {logging_mixin.py:104} INFO - [2023-08-09 11:37:18,928] {dag.py:1833} INFO - Sync 1 DAGs
[2023-08-09 11:37:18,968] {logging_mixin.py:104} INFO - [2023-08-09 11:37:18,968] {dag.py:2306} INFO - Setting next_dagrun for example_dag_decorator to None
[2023-08-09 11:37:19,021] {scheduler_job.py:190} INFO - Processing /home/airflow/.local/lib/python3.6/site-packages/airflow/example_dags/example_dag_decorator.py took 1.036 seconds
[2023-08-09 11:37:49,208] {scheduler_job.py:182} INFO - Started process (PID=7730) to work on /home/airflow/.local/lib/python3.6/site-packages/airflow/example_dags/example_dag_decorator.py
[2023-08-09 11:37:49,219] {scheduler_job.py:633} INFO - Processing file /home/airflow/.local/lib/python3.6/site-packages/airflow/example_dags/example_dag_decorator.py for tasks to queue
[2023-08-09 11:37:49,227] {logging_mixin.py:104} INFO - [2023-08-09 11:37:49,227] {dagbag.py:496} INFO - Filling up the DagBag from /home/airflow/.local/lib/python3.6/site-packages/airflow/example_dags/example_dag_decorator.py
[2023-08-09 11:37:49,402] {scheduler_job.py:643} INFO - DAG(s) dict_keys(['example_dag_decorator']) retrieved from /home/airflow/.local/lib/python3.6/site-packages/airflow/example_dags/example_dag_decorator.py
[2023-08-09 11:37:51,256] {logging_mixin.py:104} INFO - [2023-08-09 11:37:51,256] {dag.py:1833} INFO - Sync 1 DAGs
[2023-08-09 11:37:51,356] {logging_mixin.py:104} INFO - [2023-08-09 11:37:51,355] {dag.py:2306} INFO - Setting next_dagrun for example_dag_decorator to None
[2023-08-09 11:37:51,505] {scheduler_job.py:190} INFO - Processing /home/airflow/.local/lib/python3.6/site-packages/airflow/example_dags/example_dag_decorator.py took 2.323 seconds
[2023-08-09 11:38:21,720] {scheduler_job.py:182} INFO - Started process (PID=7780) to work on /home/airflow/.local/lib/python3.6/site-packages/airflow/example_dags/example_dag_decorator.py
[2023-08-09 11:38:21,740] {scheduler_job.py:633} INFO - Processing file /home/airflow/.local/lib/python3.6/site-packages/airflow/example_dags/example_dag_decorator.py for tasks to queue
[2023-08-09 11:38:21,747] {logging_mixin.py:104} INFO - [2023-08-09 11:38:21,747] {dagbag.py:496} INFO - Filling up the DagBag from /home/airflow/.local/lib/python3.6/site-packages/airflow/example_dags/example_dag_decorator.py
[2023-08-09 11:38:22,002] {scheduler_job.py:643} INFO - DAG(s) dict_keys(['example_dag_decorator']) retrieved from /home/airflow/.local/lib/python3.6/site-packages/airflow/example_dags/example_dag_decorator.py
[2023-08-09 11:38:22,832] {logging_mixin.py:104} INFO - [2023-08-09 11:38:22,832] {dag.py:1833} INFO - Sync 1 DAGs
[2023-08-09 11:38:22,869] {logging_mixin.py:104} INFO - [2023-08-09 11:38:22,869] {dag.py:2306} INFO - Setting next_dagrun for example_dag_decorator to None
[2023-08-09 11:38:22,907] {scheduler_job.py:190} INFO - Processing /home/airflow/.local/lib/python3.6/site-packages/airflow/example_dags/example_dag_decorator.py took 1.222 seconds
[2023-08-09 11:38:53,062] {scheduler_job.py:182} INFO - Started process (PID=7828) to work on /home/airflow/.local/lib/python3.6/site-packages/airflow/example_dags/example_dag_decorator.py
[2023-08-09 11:38:53,067] {scheduler_job.py:633} INFO - Processing file /home/airflow/.local/lib/python3.6/site-packages/airflow/example_dags/example_dag_decorator.py for tasks to queue
[2023-08-09 11:38:53,085] {logging_mixin.py:104} INFO - [2023-08-09 11:38:53,084] {dagbag.py:496} INFO - Filling up the DagBag from /home/airflow/.local/lib/python3.6/site-packages/airflow/example_dags/example_dag_decorator.py
[2023-08-09 11:38:53,158] {scheduler_job.py:643} INFO - DAG(s) dict_keys(['example_dag_decorator']) retrieved from /home/airflow/.local/lib/python3.6/site-packages/airflow/example_dags/example_dag_decorator.py
[2023-08-09 11:38:53,716] {logging_mixin.py:104} INFO - [2023-08-09 11:38:53,716] {dag.py:1833} INFO - Sync 1 DAGs
[2023-08-09 11:38:53,739] {logging_mixin.py:104} INFO - [2023-08-09 11:38:53,738] {dag.py:2306} INFO - Setting next_dagrun for example_dag_decorator to None
[2023-08-09 11:38:53,766] {scheduler_job.py:190} INFO - Processing /home/airflow/.local/lib/python3.6/site-packages/airflow/example_dags/example_dag_decorator.py took 0.719 seconds
[2023-08-09 11:39:23,938] {scheduler_job.py:182} INFO - Started process (PID=7879) to work on /home/airflow/.local/lib/python3.6/site-packages/airflow/example_dags/example_dag_decorator.py
[2023-08-09 11:39:23,943] {scheduler_job.py:633} INFO - Processing file /home/airflow/.local/lib/python3.6/site-packages/airflow/example_dags/example_dag_decorator.py for tasks to queue
[2023-08-09 11:39:23,949] {logging_mixin.py:104} INFO - [2023-08-09 11:39:23,949] {dagbag.py:496} INFO - Filling up the DagBag from /home/airflow/.local/lib/python3.6/site-packages/airflow/example_dags/example_dag_decorator.py
[2023-08-09 11:39:24,071] {scheduler_job.py:643} INFO - DAG(s) dict_keys(['example_dag_decorator']) retrieved from /home/airflow/.local/lib/python3.6/site-packages/airflow/example_dags/example_dag_decorator.py
[2023-08-09 11:39:24,395] {logging_mixin.py:104} INFO - [2023-08-09 11:39:24,395] {dag.py:1833} INFO - Sync 1 DAGs
[2023-08-09 11:39:24,424] {logging_mixin.py:104} INFO - [2023-08-09 11:39:24,423] {dag.py:2306} INFO - Setting next_dagrun for example_dag_decorator to None
[2023-08-09 11:39:24,467] {scheduler_job.py:190} INFO - Processing /home/airflow/.local/lib/python3.6/site-packages/airflow/example_dags/example_dag_decorator.py took 0.536 seconds
[2023-08-09 16:25:55,030] {scheduler_job.py:182} INFO - Started process (PID=7914) to work on /home/airflow/.local/lib/python3.6/site-packages/airflow/example_dags/example_dag_decorator.py
[2023-08-09 16:25:55,040] {scheduler_job.py:633} INFO - Processing file /home/airflow/.local/lib/python3.6/site-packages/airflow/example_dags/example_dag_decorator.py for tasks to queue
[2023-08-09 16:25:55,043] {logging_mixin.py:104} INFO - [2023-08-09 16:25:55,042] {dagbag.py:496} INFO - Filling up the DagBag from /home/airflow/.local/lib/python3.6/site-packages/airflow/example_dags/example_dag_decorator.py
[2023-08-09 16:25:55,203] {scheduler_job.py:643} INFO - DAG(s) dict_keys(['example_dag_decorator']) retrieved from /home/airflow/.local/lib/python3.6/site-packages/airflow/example_dags/example_dag_decorator.py
[2023-08-09 16:25:56,067] {logging_mixin.py:104} INFO - [2023-08-09 16:25:56,067] {dag.py:1833} INFO - Sync 1 DAGs
[2023-08-09 16:25:56,118] {logging_mixin.py:104} INFO - [2023-08-09 16:25:56,117] {dag.py:2306} INFO - Setting next_dagrun for example_dag_decorator to None
[2023-08-09 16:25:56,169] {scheduler_job.py:190} INFO - Processing /home/airflow/.local/lib/python3.6/site-packages/airflow/example_dags/example_dag_decorator.py took 1.153 seconds
[2023-08-09 16:26:27,042] {scheduler_job.py:182} INFO - Started process (PID=7967) to work on /home/airflow/.local/lib/python3.6/site-packages/airflow/example_dags/example_dag_decorator.py
[2023-08-09 16:26:27,047] {scheduler_job.py:633} INFO - Processing file /home/airflow/.local/lib/python3.6/site-packages/airflow/example_dags/example_dag_decorator.py for tasks to queue
[2023-08-09 16:26:27,050] {logging_mixin.py:104} INFO - [2023-08-09 16:26:27,049] {dagbag.py:496} INFO - Filling up the DagBag from /home/airflow/.local/lib/python3.6/site-packages/airflow/example_dags/example_dag_decorator.py
[2023-08-09 16:26:27,086] {scheduler_job.py:643} INFO - DAG(s) dict_keys(['example_dag_decorator']) retrieved from /home/airflow/.local/lib/python3.6/site-packages/airflow/example_dags/example_dag_decorator.py
[2023-08-09 16:26:27,470] {logging_mixin.py:104} INFO - [2023-08-09 16:26:27,470] {dag.py:1833} INFO - Sync 1 DAGs
[2023-08-09 16:26:27,509] {logging_mixin.py:104} INFO - [2023-08-09 16:26:27,509] {dag.py:2306} INFO - Setting next_dagrun for example_dag_decorator to None
[2023-08-09 16:26:27,539] {scheduler_job.py:190} INFO - Processing /home/airflow/.local/lib/python3.6/site-packages/airflow/example_dags/example_dag_decorator.py took 0.508 seconds
[2023-08-09 16:26:57,860] {scheduler_job.py:182} INFO - Started process (PID=8018) to work on /home/airflow/.local/lib/python3.6/site-packages/airflow/example_dags/example_dag_decorator.py
[2023-08-09 16:26:57,864] {scheduler_job.py:633} INFO - Processing file /home/airflow/.local/lib/python3.6/site-packages/airflow/example_dags/example_dag_decorator.py for tasks to queue
[2023-08-09 16:26:57,867] {logging_mixin.py:104} INFO - [2023-08-09 16:26:57,866] {dagbag.py:496} INFO - Filling up the DagBag from /home/airflow/.local/lib/python3.6/site-packages/airflow/example_dags/example_dag_decorator.py
[2023-08-09 16:26:57,898] {scheduler_job.py:643} INFO - DAG(s) dict_keys(['example_dag_decorator']) retrieved from /home/airflow/.local/lib/python3.6/site-packages/airflow/example_dags/example_dag_decorator.py
[2023-08-09 16:26:57,928] {logging_mixin.py:104} INFO - [2023-08-09 16:26:57,928] {dag.py:1833} INFO - Sync 1 DAGs
[2023-08-09 16:26:57,945] {logging_mixin.py:104} INFO - [2023-08-09 16:26:57,945] {dag.py:2306} INFO - Setting next_dagrun for example_dag_decorator to None
[2023-08-09 16:26:57,962] {scheduler_job.py:190} INFO - Processing /home/airflow/.local/lib/python3.6/site-packages/airflow/example_dags/example_dag_decorator.py took 0.126 seconds
[2023-08-09 16:27:28,184] {scheduler_job.py:182} INFO - Started process (PID=8075) to work on /home/airflow/.local/lib/python3.6/site-packages/airflow/example_dags/example_dag_decorator.py
[2023-08-09 16:27:28,192] {scheduler_job.py:633} INFO - Processing file /home/airflow/.local/lib/python3.6/site-packages/airflow/example_dags/example_dag_decorator.py for tasks to queue
[2023-08-09 16:27:28,196] {logging_mixin.py:104} INFO - [2023-08-09 16:27:28,196] {dagbag.py:496} INFO - Filling up the DagBag from /home/airflow/.local/lib/python3.6/site-packages/airflow/example_dags/example_dag_decorator.py
[2023-08-09 16:27:28,275] {scheduler_job.py:643} INFO - DAG(s) dict_keys(['example_dag_decorator']) retrieved from /home/airflow/.local/lib/python3.6/site-packages/airflow/example_dags/example_dag_decorator.py
[2023-08-09 16:27:28,829] {logging_mixin.py:104} INFO - [2023-08-09 16:27:28,825] {dag.py:1833} INFO - Sync 1 DAGs
[2023-08-09 16:27:28,874] {logging_mixin.py:104} INFO - [2023-08-09 16:27:28,874] {dag.py:2306} INFO - Setting next_dagrun for example_dag_decorator to None
[2023-08-09 16:27:28,901] {scheduler_job.py:190} INFO - Processing /home/airflow/.local/lib/python3.6/site-packages/airflow/example_dags/example_dag_decorator.py took 0.723 seconds
[2023-08-09 16:27:59,019] {scheduler_job.py:182} INFO - Started process (PID=8129) to work on /home/airflow/.local/lib/python3.6/site-packages/airflow/example_dags/example_dag_decorator.py
[2023-08-09 16:27:59,029] {scheduler_job.py:633} INFO - Processing file /home/airflow/.local/lib/python3.6/site-packages/airflow/example_dags/example_dag_decorator.py for tasks to queue
[2023-08-09 16:27:59,032] {logging_mixin.py:104} INFO - [2023-08-09 16:27:59,032] {dagbag.py:496} INFO - Filling up the DagBag from /home/airflow/.local/lib/python3.6/site-packages/airflow/example_dags/example_dag_decorator.py
[2023-08-09 16:27:59,120] {scheduler_job.py:643} INFO - DAG(s) dict_keys(['example_dag_decorator']) retrieved from /home/airflow/.local/lib/python3.6/site-packages/airflow/example_dags/example_dag_decorator.py
[2023-08-09 16:27:59,903] {logging_mixin.py:104} INFO - [2023-08-09 16:27:59,903] {dag.py:1833} INFO - Sync 1 DAGs
[2023-08-09 16:27:59,937] {logging_mixin.py:104} INFO - [2023-08-09 16:27:59,937] {dag.py:2306} INFO - Setting next_dagrun for example_dag_decorator to None
[2023-08-09 16:27:59,965] {scheduler_job.py:190} INFO - Processing /home/airflow/.local/lib/python3.6/site-packages/airflow/example_dags/example_dag_decorator.py took 0.954 seconds
[2023-08-09 16:28:30,043] {scheduler_job.py:182} INFO - Started process (PID=8179) to work on /home/airflow/.local/lib/python3.6/site-packages/airflow/example_dags/example_dag_decorator.py
[2023-08-09 16:28:30,046] {scheduler_job.py:633} INFO - Processing file /home/airflow/.local/lib/python3.6/site-packages/airflow/example_dags/example_dag_decorator.py for tasks to queue
[2023-08-09 16:28:30,049] {logging_mixin.py:104} INFO - [2023-08-09 16:28:30,049] {dagbag.py:496} INFO - Filling up the DagBag from /home/airflow/.local/lib/python3.6/site-packages/airflow/example_dags/example_dag_decorator.py
[2023-08-09 16:28:30,087] {scheduler_job.py:643} INFO - DAG(s) dict_keys(['example_dag_decorator']) retrieved from /home/airflow/.local/lib/python3.6/site-packages/airflow/example_dags/example_dag_decorator.py
[2023-08-09 16:28:30,511] {logging_mixin.py:104} INFO - [2023-08-09 16:28:30,511] {dag.py:1833} INFO - Sync 1 DAGs
[2023-08-09 16:28:30,532] {logging_mixin.py:104} INFO - [2023-08-09 16:28:30,532] {dag.py:2306} INFO - Setting next_dagrun for example_dag_decorator to None
[2023-08-09 16:28:30,549] {scheduler_job.py:190} INFO - Processing /home/airflow/.local/lib/python3.6/site-packages/airflow/example_dags/example_dag_decorator.py took 0.517 seconds
[2023-08-09 16:29:01,264] {scheduler_job.py:182} INFO - Started process (PID=8230) to work on /home/airflow/.local/lib/python3.6/site-packages/airflow/example_dags/example_dag_decorator.py
[2023-08-09 16:29:01,273] {scheduler_job.py:633} INFO - Processing file /home/airflow/.local/lib/python3.6/site-packages/airflow/example_dags/example_dag_decorator.py for tasks to queue
[2023-08-09 16:29:01,283] {logging_mixin.py:104} INFO - [2023-08-09 16:29:01,283] {dagbag.py:496} INFO - Filling up the DagBag from /home/airflow/.local/lib/python3.6/site-packages/airflow/example_dags/example_dag_decorator.py
[2023-08-09 16:29:01,344] {scheduler_job.py:643} INFO - DAG(s) dict_keys(['example_dag_decorator']) retrieved from /home/airflow/.local/lib/python3.6/site-packages/airflow/example_dags/example_dag_decorator.py
[2023-08-09 16:29:01,617] {logging_mixin.py:104} INFO - [2023-08-09 16:29:01,617] {dag.py:1833} INFO - Sync 1 DAGs
[2023-08-09 16:29:01,632] {logging_mixin.py:104} INFO - [2023-08-09 16:29:01,632] {dag.py:2306} INFO - Setting next_dagrun for example_dag_decorator to None
[2023-08-09 16:29:01,655] {scheduler_job.py:190} INFO - Processing /home/airflow/.local/lib/python3.6/site-packages/airflow/example_dags/example_dag_decorator.py took 0.402 seconds
[2023-08-09 16:29:32,573] {scheduler_job.py:182} INFO - Started process (PID=8290) to work on /home/airflow/.local/lib/python3.6/site-packages/airflow/example_dags/example_dag_decorator.py
[2023-08-09 16:29:32,580] {scheduler_job.py:633} INFO - Processing file /home/airflow/.local/lib/python3.6/site-packages/airflow/example_dags/example_dag_decorator.py for tasks to queue
[2023-08-09 16:29:32,587] {logging_mixin.py:104} INFO - [2023-08-09 16:29:32,586] {dagbag.py:496} INFO - Filling up the DagBag from /home/airflow/.local/lib/python3.6/site-packages/airflow/example_dags/example_dag_decorator.py
[2023-08-09 16:29:32,641] {scheduler_job.py:643} INFO - DAG(s) dict_keys(['example_dag_decorator']) retrieved from /home/airflow/.local/lib/python3.6/site-packages/airflow/example_dags/example_dag_decorator.py
[2023-08-09 16:29:32,979] {logging_mixin.py:104} INFO - [2023-08-09 16:29:32,979] {dag.py:1833} INFO - Sync 1 DAGs
[2023-08-09 16:29:32,994] {logging_mixin.py:104} INFO - [2023-08-09 16:29:32,994] {dag.py:2306} INFO - Setting next_dagrun for example_dag_decorator to None
[2023-08-09 16:29:33,015] {scheduler_job.py:190} INFO - Processing /home/airflow/.local/lib/python3.6/site-packages/airflow/example_dags/example_dag_decorator.py took 0.468 seconds
[2023-08-09 16:30:03,353] {scheduler_job.py:182} INFO - Started process (PID=8341) to work on /home/airflow/.local/lib/python3.6/site-packages/airflow/example_dags/example_dag_decorator.py
[2023-08-09 16:30:03,360] {scheduler_job.py:633} INFO - Processing file /home/airflow/.local/lib/python3.6/site-packages/airflow/example_dags/example_dag_decorator.py for tasks to queue
[2023-08-09 16:30:03,362] {logging_mixin.py:104} INFO - [2023-08-09 16:30:03,362] {dagbag.py:496} INFO - Filling up the DagBag from /home/airflow/.local/lib/python3.6/site-packages/airflow/example_dags/example_dag_decorator.py
[2023-08-09 16:30:03,418] {scheduler_job.py:643} INFO - DAG(s) dict_keys(['example_dag_decorator']) retrieved from /home/airflow/.local/lib/python3.6/site-packages/airflow/example_dags/example_dag_decorator.py
[2023-08-09 16:30:03,503] {logging_mixin.py:104} INFO - [2023-08-09 16:30:03,503] {dag.py:1833} INFO - Sync 1 DAGs
[2023-08-09 16:30:03,549] {logging_mixin.py:104} INFO - [2023-08-09 16:30:03,549] {dag.py:2306} INFO - Setting next_dagrun for example_dag_decorator to None
[2023-08-09 16:30:03,592] {scheduler_job.py:190} INFO - Processing /home/airflow/.local/lib/python3.6/site-packages/airflow/example_dags/example_dag_decorator.py took 0.251 seconds
[2023-08-09 16:30:33,701] {scheduler_job.py:182} INFO - Started process (PID=8391) to work on /home/airflow/.local/lib/python3.6/site-packages/airflow/example_dags/example_dag_decorator.py
[2023-08-09 16:30:33,705] {scheduler_job.py:633} INFO - Processing file /home/airflow/.local/lib/python3.6/site-packages/airflow/example_dags/example_dag_decorator.py for tasks to queue
[2023-08-09 16:30:33,709] {logging_mixin.py:104} INFO - [2023-08-09 16:30:33,708] {dagbag.py:496} INFO - Filling up the DagBag from /home/airflow/.local/lib/python3.6/site-packages/airflow/example_dags/example_dag_decorator.py
[2023-08-09 16:30:33,751] {scheduler_job.py:643} INFO - DAG(s) dict_keys(['example_dag_decorator']) retrieved from /home/airflow/.local/lib/python3.6/site-packages/airflow/example_dags/example_dag_decorator.py
[2023-08-09 16:30:34,049] {logging_mixin.py:104} INFO - [2023-08-09 16:30:34,048] {dag.py:1833} INFO - Sync 1 DAGs
[2023-08-09 16:30:34,068] {logging_mixin.py:104} INFO - [2023-08-09 16:30:34,068] {dag.py:2306} INFO - Setting next_dagrun for example_dag_decorator to None
[2023-08-09 16:30:34,088] {scheduler_job.py:190} INFO - Processing /home/airflow/.local/lib/python3.6/site-packages/airflow/example_dags/example_dag_decorator.py took 0.391 seconds
[2023-08-09 16:31:04,603] {scheduler_job.py:182} INFO - Started process (PID=8452) to work on /home/airflow/.local/lib/python3.6/site-packages/airflow/example_dags/example_dag_decorator.py
[2023-08-09 16:31:04,608] {scheduler_job.py:633} INFO - Processing file /home/airflow/.local/lib/python3.6/site-packages/airflow/example_dags/example_dag_decorator.py for tasks to queue
[2023-08-09 16:31:04,610] {logging_mixin.py:104} INFO - [2023-08-09 16:31:04,610] {dagbag.py:496} INFO - Filling up the DagBag from /home/airflow/.local/lib/python3.6/site-packages/airflow/example_dags/example_dag_decorator.py
[2023-08-09 16:31:04,645] {scheduler_job.py:643} INFO - DAG(s) dict_keys(['example_dag_decorator']) retrieved from /home/airflow/.local/lib/python3.6/site-packages/airflow/example_dags/example_dag_decorator.py
[2023-08-09 16:31:05,003] {logging_mixin.py:104} INFO - [2023-08-09 16:31:05,003] {dag.py:1833} INFO - Sync 1 DAGs
[2023-08-09 16:31:05,023] {logging_mixin.py:104} INFO - [2023-08-09 16:31:05,023] {dag.py:2306} INFO - Setting next_dagrun for example_dag_decorator to None
[2023-08-09 16:31:05,043] {scheduler_job.py:190} INFO - Processing /home/airflow/.local/lib/python3.6/site-packages/airflow/example_dags/example_dag_decorator.py took 0.453 seconds
[2023-08-09 16:31:35,550] {scheduler_job.py:182} INFO - Started process (PID=8503) to work on /home/airflow/.local/lib/python3.6/site-packages/airflow/example_dags/example_dag_decorator.py
[2023-08-09 16:31:35,554] {scheduler_job.py:633} INFO - Processing file /home/airflow/.local/lib/python3.6/site-packages/airflow/example_dags/example_dag_decorator.py for tasks to queue
[2023-08-09 16:31:35,559] {logging_mixin.py:104} INFO - [2023-08-09 16:31:35,558] {dagbag.py:496} INFO - Filling up the DagBag from /home/airflow/.local/lib/python3.6/site-packages/airflow/example_dags/example_dag_decorator.py
[2023-08-09 16:31:35,607] {scheduler_job.py:643} INFO - DAG(s) dict_keys(['example_dag_decorator']) retrieved from /home/airflow/.local/lib/python3.6/site-packages/airflow/example_dags/example_dag_decorator.py
[2023-08-09 16:31:36,023] {logging_mixin.py:104} INFO - [2023-08-09 16:31:36,023] {dag.py:1833} INFO - Sync 1 DAGs
[2023-08-09 16:31:36,051] {logging_mixin.py:104} INFO - [2023-08-09 16:31:36,050] {dag.py:2306} INFO - Setting next_dagrun for example_dag_decorator to None
[2023-08-09 16:31:36,076] {scheduler_job.py:190} INFO - Processing /home/airflow/.local/lib/python3.6/site-packages/airflow/example_dags/example_dag_decorator.py took 0.536 seconds
[2023-08-09 16:32:06,354] {scheduler_job.py:182} INFO - Started process (PID=8554) to work on /home/airflow/.local/lib/python3.6/site-packages/airflow/example_dags/example_dag_decorator.py
[2023-08-09 16:32:06,359] {scheduler_job.py:633} INFO - Processing file /home/airflow/.local/lib/python3.6/site-packages/airflow/example_dags/example_dag_decorator.py for tasks to queue
[2023-08-09 16:32:06,362] {logging_mixin.py:104} INFO - [2023-08-09 16:32:06,362] {dagbag.py:496} INFO - Filling up the DagBag from /home/airflow/.local/lib/python3.6/site-packages/airflow/example_dags/example_dag_decorator.py
[2023-08-09 16:32:06,396] {scheduler_job.py:643} INFO - DAG(s) dict_keys(['example_dag_decorator']) retrieved from /home/airflow/.local/lib/python3.6/site-packages/airflow/example_dags/example_dag_decorator.py
[2023-08-09 16:32:06,702] {logging_mixin.py:104} INFO - [2023-08-09 16:32:06,701] {dag.py:1833} INFO - Sync 1 DAGs
[2023-08-09 16:32:06,719] {logging_mixin.py:104} INFO - [2023-08-09 16:32:06,718] {dag.py:2306} INFO - Setting next_dagrun for example_dag_decorator to None
[2023-08-09 16:32:06,738] {scheduler_job.py:190} INFO - Processing /home/airflow/.local/lib/python3.6/site-packages/airflow/example_dags/example_dag_decorator.py took 0.391 seconds
[2023-08-09 16:32:37,153] {scheduler_job.py:182} INFO - Started process (PID=8615) to work on /home/airflow/.local/lib/python3.6/site-packages/airflow/example_dags/example_dag_decorator.py
[2023-08-09 16:32:37,159] {scheduler_job.py:633} INFO - Processing file /home/airflow/.local/lib/python3.6/site-packages/airflow/example_dags/example_dag_decorator.py for tasks to queue
[2023-08-09 16:32:37,164] {logging_mixin.py:104} INFO - [2023-08-09 16:32:37,164] {dagbag.py:496} INFO - Filling up the DagBag from /home/airflow/.local/lib/python3.6/site-packages/airflow/example_dags/example_dag_decorator.py
[2023-08-09 16:32:37,241] {scheduler_job.py:643} INFO - DAG(s) dict_keys(['example_dag_decorator']) retrieved from /home/airflow/.local/lib/python3.6/site-packages/airflow/example_dags/example_dag_decorator.py
[2023-08-09 16:32:38,064] {logging_mixin.py:104} INFO - [2023-08-09 16:32:38,063] {dag.py:1833} INFO - Sync 1 DAGs
[2023-08-09 16:32:38,104] {logging_mixin.py:104} INFO - [2023-08-09 16:32:38,104] {dag.py:2306} INFO - Setting next_dagrun for example_dag_decorator to None
[2023-08-09 16:32:38,132] {scheduler_job.py:190} INFO - Processing /home/airflow/.local/lib/python3.6/site-packages/airflow/example_dags/example_dag_decorator.py took 0.991 seconds
[2023-08-09 16:33:08,307] {scheduler_job.py:182} INFO - Started process (PID=8667) to work on /home/airflow/.local/lib/python3.6/site-packages/airflow/example_dags/example_dag_decorator.py
[2023-08-09 16:33:08,317] {scheduler_job.py:633} INFO - Processing file /home/airflow/.local/lib/python3.6/site-packages/airflow/example_dags/example_dag_decorator.py for tasks to queue
[2023-08-09 16:33:08,323] {logging_mixin.py:104} INFO - [2023-08-09 16:33:08,323] {dagbag.py:496} INFO - Filling up the DagBag from /home/airflow/.local/lib/python3.6/site-packages/airflow/example_dags/example_dag_decorator.py
[2023-08-09 16:33:08,393] {scheduler_job.py:643} INFO - DAG(s) dict_keys(['example_dag_decorator']) retrieved from /home/airflow/.local/lib/python3.6/site-packages/airflow/example_dags/example_dag_decorator.py
[2023-08-09 16:33:08,962] {logging_mixin.py:104} INFO - [2023-08-09 16:33:08,962] {dag.py:1833} INFO - Sync 1 DAGs
[2023-08-09 16:33:08,978] {logging_mixin.py:104} INFO - [2023-08-09 16:33:08,978] {dag.py:2306} INFO - Setting next_dagrun for example_dag_decorator to None
[2023-08-09 16:33:08,996] {scheduler_job.py:190} INFO - Processing /home/airflow/.local/lib/python3.6/site-packages/airflow/example_dags/example_dag_decorator.py took 0.699 seconds
[2023-08-09 16:33:39,579] {scheduler_job.py:182} INFO - Started process (PID=8719) to work on /home/airflow/.local/lib/python3.6/site-packages/airflow/example_dags/example_dag_decorator.py
[2023-08-09 16:33:39,582] {scheduler_job.py:633} INFO - Processing file /home/airflow/.local/lib/python3.6/site-packages/airflow/example_dags/example_dag_decorator.py for tasks to queue
[2023-08-09 16:33:39,585] {logging_mixin.py:104} INFO - [2023-08-09 16:33:39,585] {dagbag.py:496} INFO - Filling up the DagBag from /home/airflow/.local/lib/python3.6/site-packages/airflow/example_dags/example_dag_decorator.py
[2023-08-09 16:33:39,625] {scheduler_job.py:643} INFO - DAG(s) dict_keys(['example_dag_decorator']) retrieved from /home/airflow/.local/lib/python3.6/site-packages/airflow/example_dags/example_dag_decorator.py
[2023-08-09 16:33:39,926] {logging_mixin.py:104} INFO - [2023-08-09 16:33:39,926] {dag.py:1833} INFO - Sync 1 DAGs
[2023-08-09 16:33:39,941] {logging_mixin.py:104} INFO - [2023-08-09 16:33:39,941] {dag.py:2306} INFO - Setting next_dagrun for example_dag_decorator to None
[2023-08-09 16:33:39,958] {scheduler_job.py:190} INFO - Processing /home/airflow/.local/lib/python3.6/site-packages/airflow/example_dags/example_dag_decorator.py took 0.384 seconds
[2023-08-09 16:34:10,105] {scheduler_job.py:182} INFO - Started process (PID=8780) to work on /home/airflow/.local/lib/python3.6/site-packages/airflow/example_dags/example_dag_decorator.py
[2023-08-09 16:34:10,109] {scheduler_job.py:633} INFO - Processing file /home/airflow/.local/lib/python3.6/site-packages/airflow/example_dags/example_dag_decorator.py for tasks to queue
[2023-08-09 16:34:10,113] {logging_mixin.py:104} INFO - [2023-08-09 16:34:10,112] {dagbag.py:496} INFO - Filling up the DagBag from /home/airflow/.local/lib/python3.6/site-packages/airflow/example_dags/example_dag_decorator.py
[2023-08-09 16:34:10,145] {scheduler_job.py:643} INFO - DAG(s) dict_keys(['example_dag_decorator']) retrieved from /home/airflow/.local/lib/python3.6/site-packages/airflow/example_dags/example_dag_decorator.py
[2023-08-09 16:34:10,417] {logging_mixin.py:104} INFO - [2023-08-09 16:34:10,417] {dag.py:1833} INFO - Sync 1 DAGs
[2023-08-09 16:34:10,433] {logging_mixin.py:104} INFO - [2023-08-09 16:34:10,433] {dag.py:2306} INFO - Setting next_dagrun for example_dag_decorator to None
[2023-08-09 16:34:10,451] {scheduler_job.py:190} INFO - Processing /home/airflow/.local/lib/python3.6/site-packages/airflow/example_dags/example_dag_decorator.py took 0.353 seconds
[2023-08-09 16:34:40,847] {scheduler_job.py:182} INFO - Started process (PID=8832) to work on /home/airflow/.local/lib/python3.6/site-packages/airflow/example_dags/example_dag_decorator.py
[2023-08-09 16:34:40,850] {scheduler_job.py:633} INFO - Processing file /home/airflow/.local/lib/python3.6/site-packages/airflow/example_dags/example_dag_decorator.py for tasks to queue
[2023-08-09 16:34:40,853] {logging_mixin.py:104} INFO - [2023-08-09 16:34:40,852] {dagbag.py:496} INFO - Filling up the DagBag from /home/airflow/.local/lib/python3.6/site-packages/airflow/example_dags/example_dag_decorator.py
[2023-08-09 16:34:40,885] {scheduler_job.py:643} INFO - DAG(s) dict_keys(['example_dag_decorator']) retrieved from /home/airflow/.local/lib/python3.6/site-packages/airflow/example_dags/example_dag_decorator.py
[2023-08-09 16:34:41,166] {logging_mixin.py:104} INFO - [2023-08-09 16:34:41,166] {dag.py:1833} INFO - Sync 1 DAGs
[2023-08-09 16:34:41,185] {logging_mixin.py:104} INFO - [2023-08-09 16:34:41,185] {dag.py:2306} INFO - Setting next_dagrun for example_dag_decorator to None
[2023-08-09 16:34:41,209] {scheduler_job.py:190} INFO - Processing /home/airflow/.local/lib/python3.6/site-packages/airflow/example_dags/example_dag_decorator.py took 0.368 seconds
[2023-08-09 16:35:11,575] {scheduler_job.py:182} INFO - Started process (PID=8887) to work on /home/airflow/.local/lib/python3.6/site-packages/airflow/example_dags/example_dag_decorator.py
[2023-08-09 16:35:11,584] {scheduler_job.py:633} INFO - Processing file /home/airflow/.local/lib/python3.6/site-packages/airflow/example_dags/example_dag_decorator.py for tasks to queue
[2023-08-09 16:35:11,587] {logging_mixin.py:104} INFO - [2023-08-09 16:35:11,587] {dagbag.py:496} INFO - Filling up the DagBag from /home/airflow/.local/lib/python3.6/site-packages/airflow/example_dags/example_dag_decorator.py
[2023-08-09 16:35:11,644] {scheduler_job.py:643} INFO - DAG(s) dict_keys(['example_dag_decorator']) retrieved from /home/airflow/.local/lib/python3.6/site-packages/airflow/example_dags/example_dag_decorator.py
[2023-08-09 16:35:12,477] {logging_mixin.py:104} INFO - [2023-08-09 16:35:12,477] {dag.py:1833} INFO - Sync 1 DAGs
[2023-08-09 16:35:12,513] {logging_mixin.py:104} INFO - [2023-08-09 16:35:12,512] {dag.py:2306} INFO - Setting next_dagrun for example_dag_decorator to None
[2023-08-09 16:35:12,584] {scheduler_job.py:190} INFO - Processing /home/airflow/.local/lib/python3.6/site-packages/airflow/example_dags/example_dag_decorator.py took 1.038 seconds
[2023-08-09 16:35:42,754] {scheduler_job.py:182} INFO - Started process (PID=8939) to work on /home/airflow/.local/lib/python3.6/site-packages/airflow/example_dags/example_dag_decorator.py
[2023-08-09 16:35:42,756] {scheduler_job.py:633} INFO - Processing file /home/airflow/.local/lib/python3.6/site-packages/airflow/example_dags/example_dag_decorator.py for tasks to queue
[2023-08-09 16:35:42,758] {logging_mixin.py:104} INFO - [2023-08-09 16:35:42,758] {dagbag.py:496} INFO - Filling up the DagBag from /home/airflow/.local/lib/python3.6/site-packages/airflow/example_dags/example_dag_decorator.py
[2023-08-09 16:35:42,788] {scheduler_job.py:643} INFO - DAG(s) dict_keys(['example_dag_decorator']) retrieved from /home/airflow/.local/lib/python3.6/site-packages/airflow/example_dags/example_dag_decorator.py
[2023-08-09 16:35:43,074] {logging_mixin.py:104} INFO - [2023-08-09 16:35:43,074] {dag.py:1833} INFO - Sync 1 DAGs
[2023-08-09 16:35:43,092] {logging_mixin.py:104} INFO - [2023-08-09 16:35:43,092] {dag.py:2306} INFO - Setting next_dagrun for example_dag_decorator to None
[2023-08-09 16:35:43,113] {scheduler_job.py:190} INFO - Processing /home/airflow/.local/lib/python3.6/site-packages/airflow/example_dags/example_dag_decorator.py took 0.365 seconds
[2023-08-09 16:36:13,322] {scheduler_job.py:182} INFO - Started process (PID=8990) to work on /home/airflow/.local/lib/python3.6/site-packages/airflow/example_dags/example_dag_decorator.py
[2023-08-09 16:36:13,333] {scheduler_job.py:633} INFO - Processing file /home/airflow/.local/lib/python3.6/site-packages/airflow/example_dags/example_dag_decorator.py for tasks to queue
[2023-08-09 16:36:13,342] {logging_mixin.py:104} INFO - [2023-08-09 16:36:13,341] {dagbag.py:496} INFO - Filling up the DagBag from /home/airflow/.local/lib/python3.6/site-packages/airflow/example_dags/example_dag_decorator.py
[2023-08-09 16:36:13,399] {scheduler_job.py:643} INFO - DAG(s) dict_keys(['example_dag_decorator']) retrieved from /home/airflow/.local/lib/python3.6/site-packages/airflow/example_dags/example_dag_decorator.py
[2023-08-09 16:36:13,817] {logging_mixin.py:104} INFO - [2023-08-09 16:36:13,816] {dag.py:1833} INFO - Sync 1 DAGs
[2023-08-09 16:36:13,835] {logging_mixin.py:104} INFO - [2023-08-09 16:36:13,835] {dag.py:2306} INFO - Setting next_dagrun for example_dag_decorator to None
[2023-08-09 16:36:13,855] {scheduler_job.py:190} INFO - Processing /home/airflow/.local/lib/python3.6/site-packages/airflow/example_dags/example_dag_decorator.py took 0.549 seconds
[2023-08-09 16:36:44,001] {scheduler_job.py:182} INFO - Started process (PID=9043) to work on /home/airflow/.local/lib/python3.6/site-packages/airflow/example_dags/example_dag_decorator.py
[2023-08-09 16:36:44,008] {scheduler_job.py:633} INFO - Processing file /home/airflow/.local/lib/python3.6/site-packages/airflow/example_dags/example_dag_decorator.py for tasks to queue
[2023-08-09 16:36:44,011] {logging_mixin.py:104} INFO - [2023-08-09 16:36:44,011] {dagbag.py:496} INFO - Filling up the DagBag from /home/airflow/.local/lib/python3.6/site-packages/airflow/example_dags/example_dag_decorator.py
[2023-08-09 16:36:44,045] {scheduler_job.py:643} INFO - DAG(s) dict_keys(['example_dag_decorator']) retrieved from /home/airflow/.local/lib/python3.6/site-packages/airflow/example_dags/example_dag_decorator.py
[2023-08-09 16:36:44,375] {logging_mixin.py:104} INFO - [2023-08-09 16:36:44,374] {dag.py:1833} INFO - Sync 1 DAGs
[2023-08-09 16:36:44,396] {logging_mixin.py:104} INFO - [2023-08-09 16:36:44,396] {dag.py:2306} INFO - Setting next_dagrun for example_dag_decorator to None
[2023-08-09 16:36:44,416] {scheduler_job.py:190} INFO - Processing /home/airflow/.local/lib/python3.6/site-packages/airflow/example_dags/example_dag_decorator.py took 0.421 seconds
[2023-08-09 16:37:14,550] {scheduler_job.py:182} INFO - Started process (PID=9094) to work on /home/airflow/.local/lib/python3.6/site-packages/airflow/example_dags/example_dag_decorator.py
[2023-08-09 16:37:14,554] {scheduler_job.py:633} INFO - Processing file /home/airflow/.local/lib/python3.6/site-packages/airflow/example_dags/example_dag_decorator.py for tasks to queue
[2023-08-09 16:37:14,555] {logging_mixin.py:104} INFO - [2023-08-09 16:37:14,555] {dagbag.py:496} INFO - Filling up the DagBag from /home/airflow/.local/lib/python3.6/site-packages/airflow/example_dags/example_dag_decorator.py
[2023-08-09 16:37:14,592] {scheduler_job.py:643} INFO - DAG(s) dict_keys(['example_dag_decorator']) retrieved from /home/airflow/.local/lib/python3.6/site-packages/airflow/example_dags/example_dag_decorator.py
[2023-08-09 16:37:14,916] {logging_mixin.py:104} INFO - [2023-08-09 16:37:14,915] {dag.py:1833} INFO - Sync 1 DAGs
[2023-08-09 16:37:14,935] {logging_mixin.py:104} INFO - [2023-08-09 16:37:14,934] {dag.py:2306} INFO - Setting next_dagrun for example_dag_decorator to None
[2023-08-09 16:37:14,952] {scheduler_job.py:190} INFO - Processing /home/airflow/.local/lib/python3.6/site-packages/airflow/example_dags/example_dag_decorator.py took 0.408 seconds
[2023-08-09 16:37:45,154] {scheduler_job.py:182} INFO - Started process (PID=9156) to work on /home/airflow/.local/lib/python3.6/site-packages/airflow/example_dags/example_dag_decorator.py
[2023-08-09 16:37:45,158] {scheduler_job.py:633} INFO - Processing file /home/airflow/.local/lib/python3.6/site-packages/airflow/example_dags/example_dag_decorator.py for tasks to queue
[2023-08-09 16:37:45,161] {logging_mixin.py:104} INFO - [2023-08-09 16:37:45,160] {dagbag.py:496} INFO - Filling up the DagBag from /home/airflow/.local/lib/python3.6/site-packages/airflow/example_dags/example_dag_decorator.py
[2023-08-09 16:37:45,213] {scheduler_job.py:643} INFO - DAG(s) dict_keys(['example_dag_decorator']) retrieved from /home/airflow/.local/lib/python3.6/site-packages/airflow/example_dags/example_dag_decorator.py
[2023-08-09 16:37:45,569] {logging_mixin.py:104} INFO - [2023-08-09 16:37:45,569] {dag.py:1833} INFO - Sync 1 DAGs
[2023-08-09 16:37:45,613] {logging_mixin.py:104} INFO - [2023-08-09 16:37:45,613] {dag.py:2306} INFO - Setting next_dagrun for example_dag_decorator to None
[2023-08-09 16:37:45,659] {scheduler_job.py:190} INFO - Processing /home/airflow/.local/lib/python3.6/site-packages/airflow/example_dags/example_dag_decorator.py took 0.510 seconds
[2023-08-09 16:38:15,849] {scheduler_job.py:182} INFO - Started process (PID=9207) to work on /home/airflow/.local/lib/python3.6/site-packages/airflow/example_dags/example_dag_decorator.py
[2023-08-09 16:38:15,857] {scheduler_job.py:633} INFO - Processing file /home/airflow/.local/lib/python3.6/site-packages/airflow/example_dags/example_dag_decorator.py for tasks to queue
[2023-08-09 16:38:15,860] {logging_mixin.py:104} INFO - [2023-08-09 16:38:15,860] {dagbag.py:496} INFO - Filling up the DagBag from /home/airflow/.local/lib/python3.6/site-packages/airflow/example_dags/example_dag_decorator.py
[2023-08-09 16:38:15,896] {scheduler_job.py:643} INFO - DAG(s) dict_keys(['example_dag_decorator']) retrieved from /home/airflow/.local/lib/python3.6/site-packages/airflow/example_dags/example_dag_decorator.py
[2023-08-09 16:38:16,164] {logging_mixin.py:104} INFO - [2023-08-09 16:38:16,164] {dag.py:1833} INFO - Sync 1 DAGs
[2023-08-09 16:38:16,179] {logging_mixin.py:104} INFO - [2023-08-09 16:38:16,178] {dag.py:2306} INFO - Setting next_dagrun for example_dag_decorator to None
[2023-08-09 16:38:16,194] {scheduler_job.py:190} INFO - Processing /home/airflow/.local/lib/python3.6/site-packages/airflow/example_dags/example_dag_decorator.py took 0.357 seconds
[2023-08-09 16:38:47,098] {scheduler_job.py:182} INFO - Started process (PID=9265) to work on /home/airflow/.local/lib/python3.6/site-packages/airflow/example_dags/example_dag_decorator.py
[2023-08-09 16:38:47,101] {scheduler_job.py:633} INFO - Processing file /home/airflow/.local/lib/python3.6/site-packages/airflow/example_dags/example_dag_decorator.py for tasks to queue
[2023-08-09 16:38:47,103] {logging_mixin.py:104} INFO - [2023-08-09 16:38:47,103] {dagbag.py:496} INFO - Filling up the DagBag from /home/airflow/.local/lib/python3.6/site-packages/airflow/example_dags/example_dag_decorator.py
[2023-08-09 16:38:47,134] {scheduler_job.py:643} INFO - DAG(s) dict_keys(['example_dag_decorator']) retrieved from /home/airflow/.local/lib/python3.6/site-packages/airflow/example_dags/example_dag_decorator.py
[2023-08-09 16:38:47,162] {logging_mixin.py:104} INFO - [2023-08-09 16:38:47,161] {dag.py:1833} INFO - Sync 1 DAGs
[2023-08-09 16:38:47,177] {logging_mixin.py:104} INFO - [2023-08-09 16:38:47,177] {dag.py:2306} INFO - Setting next_dagrun for example_dag_decorator to None
[2023-08-09 16:38:47,192] {scheduler_job.py:190} INFO - Processing /home/airflow/.local/lib/python3.6/site-packages/airflow/example_dags/example_dag_decorator.py took 0.099 seconds
[2023-08-09 16:39:17,773] {scheduler_job.py:182} INFO - Started process (PID=9319) to work on /home/airflow/.local/lib/python3.6/site-packages/airflow/example_dags/example_dag_decorator.py
[2023-08-09 16:39:17,777] {scheduler_job.py:633} INFO - Processing file /home/airflow/.local/lib/python3.6/site-packages/airflow/example_dags/example_dag_decorator.py for tasks to queue
[2023-08-09 16:39:17,779] {logging_mixin.py:104} INFO - [2023-08-09 16:39:17,778] {dagbag.py:496} INFO - Filling up the DagBag from /home/airflow/.local/lib/python3.6/site-packages/airflow/example_dags/example_dag_decorator.py
[2023-08-09 16:39:17,806] {scheduler_job.py:643} INFO - DAG(s) dict_keys(['example_dag_decorator']) retrieved from /home/airflow/.local/lib/python3.6/site-packages/airflow/example_dags/example_dag_decorator.py
[2023-08-09 16:39:18,063] {logging_mixin.py:104} INFO - [2023-08-09 16:39:18,063] {dag.py:1833} INFO - Sync 1 DAGs
[2023-08-09 16:39:18,076] {logging_mixin.py:104} INFO - [2023-08-09 16:39:18,076] {dag.py:2306} INFO - Setting next_dagrun for example_dag_decorator to None
[2023-08-09 16:39:18,093] {scheduler_job.py:190} INFO - Processing /home/airflow/.local/lib/python3.6/site-packages/airflow/example_dags/example_dag_decorator.py took 0.330 seconds
[2023-08-09 16:39:48,864] {scheduler_job.py:182} INFO - Started process (PID=9369) to work on /home/airflow/.local/lib/python3.6/site-packages/airflow/example_dags/example_dag_decorator.py
[2023-08-09 16:39:48,868] {scheduler_job.py:633} INFO - Processing file /home/airflow/.local/lib/python3.6/site-packages/airflow/example_dags/example_dag_decorator.py for tasks to queue
[2023-08-09 16:39:48,870] {logging_mixin.py:104} INFO - [2023-08-09 16:39:48,870] {dagbag.py:496} INFO - Filling up the DagBag from /home/airflow/.local/lib/python3.6/site-packages/airflow/example_dags/example_dag_decorator.py
[2023-08-09 16:39:48,900] {scheduler_job.py:643} INFO - DAG(s) dict_keys(['example_dag_decorator']) retrieved from /home/airflow/.local/lib/python3.6/site-packages/airflow/example_dags/example_dag_decorator.py
[2023-08-09 16:39:49,214] {logging_mixin.py:104} INFO - [2023-08-09 16:39:49,213] {dag.py:1833} INFO - Sync 1 DAGs
[2023-08-09 16:39:49,230] {logging_mixin.py:104} INFO - [2023-08-09 16:39:49,230] {dag.py:2306} INFO - Setting next_dagrun for example_dag_decorator to None
[2023-08-09 16:39:49,246] {scheduler_job.py:190} INFO - Processing /home/airflow/.local/lib/python3.6/site-packages/airflow/example_dags/example_dag_decorator.py took 0.396 seconds
[2023-08-09 16:40:19,493] {scheduler_job.py:182} INFO - Started process (PID=9418) to work on /home/airflow/.local/lib/python3.6/site-packages/airflow/example_dags/example_dag_decorator.py
[2023-08-09 16:40:19,497] {scheduler_job.py:633} INFO - Processing file /home/airflow/.local/lib/python3.6/site-packages/airflow/example_dags/example_dag_decorator.py for tasks to queue
[2023-08-09 16:40:19,499] {logging_mixin.py:104} INFO - [2023-08-09 16:40:19,499] {dagbag.py:496} INFO - Filling up the DagBag from /home/airflow/.local/lib/python3.6/site-packages/airflow/example_dags/example_dag_decorator.py
[2023-08-09 16:40:19,541] {scheduler_job.py:643} INFO - DAG(s) dict_keys(['example_dag_decorator']) retrieved from /home/airflow/.local/lib/python3.6/site-packages/airflow/example_dags/example_dag_decorator.py
[2023-08-09 16:40:19,815] {logging_mixin.py:104} INFO - [2023-08-09 16:40:19,815] {dag.py:1833} INFO - Sync 1 DAGs
[2023-08-09 16:40:19,829] {logging_mixin.py:104} INFO - [2023-08-09 16:40:19,829] {dag.py:2306} INFO - Setting next_dagrun for example_dag_decorator to None
[2023-08-09 16:40:19,846] {scheduler_job.py:190} INFO - Processing /home/airflow/.local/lib/python3.6/site-packages/airflow/example_dags/example_dag_decorator.py took 0.360 seconds
[2023-08-09 16:40:50,035] {scheduler_job.py:182} INFO - Started process (PID=9469) to work on /home/airflow/.local/lib/python3.6/site-packages/airflow/example_dags/example_dag_decorator.py
[2023-08-09 16:40:50,038] {scheduler_job.py:633} INFO - Processing file /home/airflow/.local/lib/python3.6/site-packages/airflow/example_dags/example_dag_decorator.py for tasks to queue
[2023-08-09 16:40:50,039] {logging_mixin.py:104} INFO - [2023-08-09 16:40:50,039] {dagbag.py:496} INFO - Filling up the DagBag from /home/airflow/.local/lib/python3.6/site-packages/airflow/example_dags/example_dag_decorator.py
[2023-08-09 16:40:50,073] {scheduler_job.py:643} INFO - DAG(s) dict_keys(['example_dag_decorator']) retrieved from /home/airflow/.local/lib/python3.6/site-packages/airflow/example_dags/example_dag_decorator.py
[2023-08-09 16:40:50,324] {logging_mixin.py:104} INFO - [2023-08-09 16:40:50,324] {dag.py:1833} INFO - Sync 1 DAGs
[2023-08-09 16:40:50,338] {logging_mixin.py:104} INFO - [2023-08-09 16:40:50,338] {dag.py:2306} INFO - Setting next_dagrun for example_dag_decorator to None
[2023-08-09 16:40:50,362] {scheduler_job.py:190} INFO - Processing /home/airflow/.local/lib/python3.6/site-packages/airflow/example_dags/example_dag_decorator.py took 0.333 seconds
[2023-08-09 16:41:20,459] {scheduler_job.py:182} INFO - Started process (PID=9530) to work on /home/airflow/.local/lib/python3.6/site-packages/airflow/example_dags/example_dag_decorator.py
[2023-08-09 16:41:20,475] {scheduler_job.py:633} INFO - Processing file /home/airflow/.local/lib/python3.6/site-packages/airflow/example_dags/example_dag_decorator.py for tasks to queue
[2023-08-09 16:41:20,478] {logging_mixin.py:104} INFO - [2023-08-09 16:41:20,477] {dagbag.py:496} INFO - Filling up the DagBag from /home/airflow/.local/lib/python3.6/site-packages/airflow/example_dags/example_dag_decorator.py
[2023-08-09 16:41:20,609] {scheduler_job.py:643} INFO - DAG(s) dict_keys(['example_dag_decorator']) retrieved from /home/airflow/.local/lib/python3.6/site-packages/airflow/example_dags/example_dag_decorator.py
[2023-08-09 16:41:21,216] {logging_mixin.py:104} INFO - [2023-08-09 16:41:21,216] {dag.py:1833} INFO - Sync 1 DAGs
[2023-08-09 16:41:21,230] {logging_mixin.py:104} INFO - [2023-08-09 16:41:21,230] {dag.py:2306} INFO - Setting next_dagrun for example_dag_decorator to None
[2023-08-09 16:41:21,251] {scheduler_job.py:190} INFO - Processing /home/airflow/.local/lib/python3.6/site-packages/airflow/example_dags/example_dag_decorator.py took 0.798 seconds
[2023-08-09 16:41:51,937] {scheduler_job.py:182} INFO - Started process (PID=9582) to work on /home/airflow/.local/lib/python3.6/site-packages/airflow/example_dags/example_dag_decorator.py
[2023-08-09 16:41:51,941] {scheduler_job.py:633} INFO - Processing file /home/airflow/.local/lib/python3.6/site-packages/airflow/example_dags/example_dag_decorator.py for tasks to queue
[2023-08-09 16:41:51,944] {logging_mixin.py:104} INFO - [2023-08-09 16:41:51,944] {dagbag.py:496} INFO - Filling up the DagBag from /home/airflow/.local/lib/python3.6/site-packages/airflow/example_dags/example_dag_decorator.py
[2023-08-09 16:41:52,017] {scheduler_job.py:643} INFO - DAG(s) dict_keys(['example_dag_decorator']) retrieved from /home/airflow/.local/lib/python3.6/site-packages/airflow/example_dags/example_dag_decorator.py
[2023-08-09 16:41:52,308] {logging_mixin.py:104} INFO - [2023-08-09 16:41:52,308] {dag.py:1833} INFO - Sync 1 DAGs
[2023-08-09 16:41:52,325] {logging_mixin.py:104} INFO - [2023-08-09 16:41:52,325] {dag.py:2306} INFO - Setting next_dagrun for example_dag_decorator to None
[2023-08-09 16:41:52,343] {scheduler_job.py:190} INFO - Processing /home/airflow/.local/lib/python3.6/site-packages/airflow/example_dags/example_dag_decorator.py took 0.413 seconds
[2023-08-09 16:42:22,437] {scheduler_job.py:182} INFO - Started process (PID=9632) to work on /home/airflow/.local/lib/python3.6/site-packages/airflow/example_dags/example_dag_decorator.py
[2023-08-09 16:42:22,440] {scheduler_job.py:633} INFO - Processing file /home/airflow/.local/lib/python3.6/site-packages/airflow/example_dags/example_dag_decorator.py for tasks to queue
[2023-08-09 16:42:22,442] {logging_mixin.py:104} INFO - [2023-08-09 16:42:22,442] {dagbag.py:496} INFO - Filling up the DagBag from /home/airflow/.local/lib/python3.6/site-packages/airflow/example_dags/example_dag_decorator.py
[2023-08-09 16:42:22,474] {scheduler_job.py:643} INFO - DAG(s) dict_keys(['example_dag_decorator']) retrieved from /home/airflow/.local/lib/python3.6/site-packages/airflow/example_dags/example_dag_decorator.py
[2023-08-09 16:42:22,800] {logging_mixin.py:104} INFO - [2023-08-09 16:42:22,800] {dag.py:1833} INFO - Sync 1 DAGs
[2023-08-09 16:42:22,816] {logging_mixin.py:104} INFO - [2023-08-09 16:42:22,816] {dag.py:2306} INFO - Setting next_dagrun for example_dag_decorator to None
[2023-08-09 16:42:22,833] {scheduler_job.py:190} INFO - Processing /home/airflow/.local/lib/python3.6/site-packages/airflow/example_dags/example_dag_decorator.py took 0.401 seconds
[2023-08-09 16:42:52,907] {scheduler_job.py:182} INFO - Started process (PID=9694) to work on /home/airflow/.local/lib/python3.6/site-packages/airflow/example_dags/example_dag_decorator.py
[2023-08-09 16:42:52,924] {scheduler_job.py:633} INFO - Processing file /home/airflow/.local/lib/python3.6/site-packages/airflow/example_dags/example_dag_decorator.py for tasks to queue
[2023-08-09 16:42:52,941] {logging_mixin.py:104} INFO - [2023-08-09 16:42:52,936] {dagbag.py:496} INFO - Filling up the DagBag from /home/airflow/.local/lib/python3.6/site-packages/airflow/example_dags/example_dag_decorator.py
[2023-08-09 16:42:52,986] {scheduler_job.py:643} INFO - DAG(s) dict_keys(['example_dag_decorator']) retrieved from /home/airflow/.local/lib/python3.6/site-packages/airflow/example_dags/example_dag_decorator.py
[2023-08-09 16:42:53,269] {logging_mixin.py:104} INFO - [2023-08-09 16:42:53,268] {dag.py:1833} INFO - Sync 1 DAGs
[2023-08-09 16:42:53,286] {logging_mixin.py:104} INFO - [2023-08-09 16:42:53,286] {dag.py:2306} INFO - Setting next_dagrun for example_dag_decorator to None
[2023-08-09 16:42:53,307] {scheduler_job.py:190} INFO - Processing /home/airflow/.local/lib/python3.6/site-packages/airflow/example_dags/example_dag_decorator.py took 0.419 seconds
[2023-08-09 16:43:23,491] {scheduler_job.py:182} INFO - Started process (PID=9744) to work on /home/airflow/.local/lib/python3.6/site-packages/airflow/example_dags/example_dag_decorator.py
[2023-08-09 16:43:23,494] {scheduler_job.py:633} INFO - Processing file /home/airflow/.local/lib/python3.6/site-packages/airflow/example_dags/example_dag_decorator.py for tasks to queue
[2023-08-09 16:43:23,496] {logging_mixin.py:104} INFO - [2023-08-09 16:43:23,495] {dagbag.py:496} INFO - Filling up the DagBag from /home/airflow/.local/lib/python3.6/site-packages/airflow/example_dags/example_dag_decorator.py
[2023-08-09 16:43:23,531] {scheduler_job.py:643} INFO - DAG(s) dict_keys(['example_dag_decorator']) retrieved from /home/airflow/.local/lib/python3.6/site-packages/airflow/example_dags/example_dag_decorator.py
[2023-08-09 16:43:23,854] {logging_mixin.py:104} INFO - [2023-08-09 16:43:23,854] {dag.py:1833} INFO - Sync 1 DAGs
[2023-08-09 16:43:23,874] {logging_mixin.py:104} INFO - [2023-08-09 16:43:23,874] {dag.py:2306} INFO - Setting next_dagrun for example_dag_decorator to None
[2023-08-09 16:43:23,896] {scheduler_job.py:190} INFO - Processing /home/airflow/.local/lib/python3.6/site-packages/airflow/example_dags/example_dag_decorator.py took 0.410 seconds
[2023-08-09 16:43:54,493] {scheduler_job.py:182} INFO - Started process (PID=9800) to work on /home/airflow/.local/lib/python3.6/site-packages/airflow/example_dags/example_dag_decorator.py
[2023-08-09 16:43:54,503] {scheduler_job.py:633} INFO - Processing file /home/airflow/.local/lib/python3.6/site-packages/airflow/example_dags/example_dag_decorator.py for tasks to queue
[2023-08-09 16:43:54,511] {logging_mixin.py:104} INFO - [2023-08-09 16:43:54,511] {dagbag.py:496} INFO - Filling up the DagBag from /home/airflow/.local/lib/python3.6/site-packages/airflow/example_dags/example_dag_decorator.py
[2023-08-09 16:43:54,589] {scheduler_job.py:643} INFO - DAG(s) dict_keys(['example_dag_decorator']) retrieved from /home/airflow/.local/lib/python3.6/site-packages/airflow/example_dags/example_dag_decorator.py
[2023-08-09 16:43:55,474] {logging_mixin.py:104} INFO - [2023-08-09 16:43:55,473] {dag.py:1833} INFO - Sync 1 DAGs
[2023-08-09 16:43:55,509] {logging_mixin.py:104} INFO - [2023-08-09 16:43:55,509] {dag.py:2306} INFO - Setting next_dagrun for example_dag_decorator to None
[2023-08-09 16:43:55,550] {scheduler_job.py:190} INFO - Processing /home/airflow/.local/lib/python3.6/site-packages/airflow/example_dags/example_dag_decorator.py took 1.101 seconds
[2023-08-09 16:44:25,741] {scheduler_job.py:182} INFO - Started process (PID=9854) to work on /home/airflow/.local/lib/python3.6/site-packages/airflow/example_dags/example_dag_decorator.py
[2023-08-09 16:44:25,746] {scheduler_job.py:633} INFO - Processing file /home/airflow/.local/lib/python3.6/site-packages/airflow/example_dags/example_dag_decorator.py for tasks to queue
[2023-08-09 16:44:25,749] {logging_mixin.py:104} INFO - [2023-08-09 16:44:25,748] {dagbag.py:496} INFO - Filling up the DagBag from /home/airflow/.local/lib/python3.6/site-packages/airflow/example_dags/example_dag_decorator.py
[2023-08-09 16:44:25,777] {scheduler_job.py:643} INFO - DAG(s) dict_keys(['example_dag_decorator']) retrieved from /home/airflow/.local/lib/python3.6/site-packages/airflow/example_dags/example_dag_decorator.py
[2023-08-09 16:44:26,033] {logging_mixin.py:104} INFO - [2023-08-09 16:44:26,033] {dag.py:1833} INFO - Sync 1 DAGs
[2023-08-09 16:44:26,049] {logging_mixin.py:104} INFO - [2023-08-09 16:44:26,049] {dag.py:2306} INFO - Setting next_dagrun for example_dag_decorator to None
[2023-08-09 16:44:26,067] {scheduler_job.py:190} INFO - Processing /home/airflow/.local/lib/python3.6/site-packages/airflow/example_dags/example_dag_decorator.py took 0.338 seconds
[2023-08-09 16:44:57,022] {scheduler_job.py:182} INFO - Started process (PID=9906) to work on /home/airflow/.local/lib/python3.6/site-packages/airflow/example_dags/example_dag_decorator.py
[2023-08-09 16:44:57,030] {scheduler_job.py:633} INFO - Processing file /home/airflow/.local/lib/python3.6/site-packages/airflow/example_dags/example_dag_decorator.py for tasks to queue
[2023-08-09 16:44:57,033] {logging_mixin.py:104} INFO - [2023-08-09 16:44:57,032] {dagbag.py:496} INFO - Filling up the DagBag from /home/airflow/.local/lib/python3.6/site-packages/airflow/example_dags/example_dag_decorator.py
[2023-08-09 16:44:57,073] {scheduler_job.py:643} INFO - DAG(s) dict_keys(['example_dag_decorator']) retrieved from /home/airflow/.local/lib/python3.6/site-packages/airflow/example_dags/example_dag_decorator.py
[2023-08-09 16:44:57,339] {logging_mixin.py:104} INFO - [2023-08-09 16:44:57,339] {dag.py:1833} INFO - Sync 1 DAGs
[2023-08-09 16:44:57,359] {logging_mixin.py:104} INFO - [2023-08-09 16:44:57,359] {dag.py:2306} INFO - Setting next_dagrun for example_dag_decorator to None
[2023-08-09 16:44:57,381] {scheduler_job.py:190} INFO - Processing /home/airflow/.local/lib/python3.6/site-packages/airflow/example_dags/example_dag_decorator.py took 0.372 seconds
[2023-08-09 16:45:28,076] {scheduler_job.py:182} INFO - Started process (PID=9969) to work on /home/airflow/.local/lib/python3.6/site-packages/airflow/example_dags/example_dag_decorator.py
[2023-08-09 16:45:28,079] {scheduler_job.py:633} INFO - Processing file /home/airflow/.local/lib/python3.6/site-packages/airflow/example_dags/example_dag_decorator.py for tasks to queue
[2023-08-09 16:45:28,082] {logging_mixin.py:104} INFO - [2023-08-09 16:45:28,081] {dagbag.py:496} INFO - Filling up the DagBag from /home/airflow/.local/lib/python3.6/site-packages/airflow/example_dags/example_dag_decorator.py
[2023-08-09 16:45:28,118] {scheduler_job.py:643} INFO - DAG(s) dict_keys(['example_dag_decorator']) retrieved from /home/airflow/.local/lib/python3.6/site-packages/airflow/example_dags/example_dag_decorator.py
[2023-08-09 16:45:28,408] {logging_mixin.py:104} INFO - [2023-08-09 16:45:28,407] {dag.py:1833} INFO - Sync 1 DAGs
[2023-08-09 16:45:28,434] {logging_mixin.py:104} INFO - [2023-08-09 16:45:28,434] {dag.py:2306} INFO - Setting next_dagrun for example_dag_decorator to None
[2023-08-09 16:45:28,456] {scheduler_job.py:190} INFO - Processing /home/airflow/.local/lib/python3.6/site-packages/airflow/example_dags/example_dag_decorator.py took 0.389 seconds
[2023-08-09 16:45:58,652] {scheduler_job.py:182} INFO - Started process (PID=10019) to work on /home/airflow/.local/lib/python3.6/site-packages/airflow/example_dags/example_dag_decorator.py
[2023-08-09 16:45:58,658] {scheduler_job.py:633} INFO - Processing file /home/airflow/.local/lib/python3.6/site-packages/airflow/example_dags/example_dag_decorator.py for tasks to queue
[2023-08-09 16:45:58,662] {logging_mixin.py:104} INFO - [2023-08-09 16:45:58,661] {dagbag.py:496} INFO - Filling up the DagBag from /home/airflow/.local/lib/python3.6/site-packages/airflow/example_dags/example_dag_decorator.py
[2023-08-09 16:45:58,742] {scheduler_job.py:643} INFO - DAG(s) dict_keys(['example_dag_decorator']) retrieved from /home/airflow/.local/lib/python3.6/site-packages/airflow/example_dags/example_dag_decorator.py
[2023-08-09 16:45:59,382] {logging_mixin.py:104} INFO - [2023-08-09 16:45:59,382] {dag.py:1833} INFO - Sync 1 DAGs
[2023-08-09 16:45:59,411] {logging_mixin.py:104} INFO - [2023-08-09 16:45:59,411] {dag.py:2306} INFO - Setting next_dagrun for example_dag_decorator to None
[2023-08-09 16:45:59,439] {scheduler_job.py:190} INFO - Processing /home/airflow/.local/lib/python3.6/site-packages/airflow/example_dags/example_dag_decorator.py took 0.805 seconds
[2023-08-09 16:46:30,065] {scheduler_job.py:182} INFO - Started process (PID=10080) to work on /home/airflow/.local/lib/python3.6/site-packages/airflow/example_dags/example_dag_decorator.py
[2023-08-09 16:46:30,074] {scheduler_job.py:633} INFO - Processing file /home/airflow/.local/lib/python3.6/site-packages/airflow/example_dags/example_dag_decorator.py for tasks to queue
[2023-08-09 16:46:30,079] {logging_mixin.py:104} INFO - [2023-08-09 16:46:30,076] {dagbag.py:496} INFO - Filling up the DagBag from /home/airflow/.local/lib/python3.6/site-packages/airflow/example_dags/example_dag_decorator.py
[2023-08-09 16:46:30,164] {scheduler_job.py:643} INFO - DAG(s) dict_keys(['example_dag_decorator']) retrieved from /home/airflow/.local/lib/python3.6/site-packages/airflow/example_dags/example_dag_decorator.py
[2023-08-09 16:46:30,777] {logging_mixin.py:104} INFO - [2023-08-09 16:46:30,777] {dag.py:1833} INFO - Sync 1 DAGs
[2023-08-09 16:46:30,802] {logging_mixin.py:104} INFO - [2023-08-09 16:46:30,802] {dag.py:2306} INFO - Setting next_dagrun for example_dag_decorator to None
[2023-08-09 16:46:30,844] {scheduler_job.py:190} INFO - Processing /home/airflow/.local/lib/python3.6/site-packages/airflow/example_dags/example_dag_decorator.py took 0.785 seconds
[2023-08-09 16:47:01,185] {scheduler_job.py:182} INFO - Started process (PID=10129) to work on /home/airflow/.local/lib/python3.6/site-packages/airflow/example_dags/example_dag_decorator.py
[2023-08-09 16:47:01,188] {scheduler_job.py:633} INFO - Processing file /home/airflow/.local/lib/python3.6/site-packages/airflow/example_dags/example_dag_decorator.py for tasks to queue
[2023-08-09 16:47:01,190] {logging_mixin.py:104} INFO - [2023-08-09 16:47:01,189] {dagbag.py:496} INFO - Filling up the DagBag from /home/airflow/.local/lib/python3.6/site-packages/airflow/example_dags/example_dag_decorator.py
[2023-08-09 16:47:01,229] {scheduler_job.py:643} INFO - DAG(s) dict_keys(['example_dag_decorator']) retrieved from /home/airflow/.local/lib/python3.6/site-packages/airflow/example_dags/example_dag_decorator.py
[2023-08-09 16:47:01,541] {logging_mixin.py:104} INFO - [2023-08-09 16:47:01,541] {dag.py:1833} INFO - Sync 1 DAGs
[2023-08-09 16:47:01,565] {logging_mixin.py:104} INFO - [2023-08-09 16:47:01,565] {dag.py:2306} INFO - Setting next_dagrun for example_dag_decorator to None
[2023-08-09 16:47:01,590] {scheduler_job.py:190} INFO - Processing /home/airflow/.local/lib/python3.6/site-packages/airflow/example_dags/example_dag_decorator.py took 0.413 seconds
[2023-08-09 16:47:31,762] {scheduler_job.py:182} INFO - Started process (PID=10180) to work on /home/airflow/.local/lib/python3.6/site-packages/airflow/example_dags/example_dag_decorator.py
[2023-08-09 16:47:31,765] {scheduler_job.py:633} INFO - Processing file /home/airflow/.local/lib/python3.6/site-packages/airflow/example_dags/example_dag_decorator.py for tasks to queue
[2023-08-09 16:47:31,768] {logging_mixin.py:104} INFO - [2023-08-09 16:47:31,767] {dagbag.py:496} INFO - Filling up the DagBag from /home/airflow/.local/lib/python3.6/site-packages/airflow/example_dags/example_dag_decorator.py
[2023-08-09 16:47:31,805] {scheduler_job.py:643} INFO - DAG(s) dict_keys(['example_dag_decorator']) retrieved from /home/airflow/.local/lib/python3.6/site-packages/airflow/example_dags/example_dag_decorator.py
[2023-08-09 16:47:32,177] {logging_mixin.py:104} INFO - [2023-08-09 16:47:32,177] {dag.py:1833} INFO - Sync 1 DAGs
[2023-08-09 16:47:32,201] {logging_mixin.py:104} INFO - [2023-08-09 16:47:32,200] {dag.py:2306} INFO - Setting next_dagrun for example_dag_decorator to None
[2023-08-09 16:47:32,222] {scheduler_job.py:190} INFO - Processing /home/airflow/.local/lib/python3.6/site-packages/airflow/example_dags/example_dag_decorator.py took 0.469 seconds
[2023-08-09 16:48:02,568] {scheduler_job.py:182} INFO - Started process (PID=10240) to work on /home/airflow/.local/lib/python3.6/site-packages/airflow/example_dags/example_dag_decorator.py
[2023-08-09 16:48:02,579] {scheduler_job.py:633} INFO - Processing file /home/airflow/.local/lib/python3.6/site-packages/airflow/example_dags/example_dag_decorator.py for tasks to queue
[2023-08-09 16:48:02,583] {logging_mixin.py:104} INFO - [2023-08-09 16:48:02,583] {dagbag.py:496} INFO - Filling up the DagBag from /home/airflow/.local/lib/python3.6/site-packages/airflow/example_dags/example_dag_decorator.py
[2023-08-09 16:48:02,675] {scheduler_job.py:643} INFO - DAG(s) dict_keys(['example_dag_decorator']) retrieved from /home/airflow/.local/lib/python3.6/site-packages/airflow/example_dags/example_dag_decorator.py
[2023-08-09 16:48:03,267] {logging_mixin.py:104} INFO - [2023-08-09 16:48:03,267] {dag.py:1833} INFO - Sync 1 DAGs
[2023-08-09 16:48:03,294] {logging_mixin.py:104} INFO - [2023-08-09 16:48:03,294] {dag.py:2306} INFO - Setting next_dagrun for example_dag_decorator to None
[2023-08-09 16:48:03,664] {scheduler_job.py:190} INFO - Processing /home/airflow/.local/lib/python3.6/site-packages/airflow/example_dags/example_dag_decorator.py took 1.109 seconds
[2023-08-09 16:48:34,259] {scheduler_job.py:182} INFO - Started process (PID=10291) to work on /home/airflow/.local/lib/python3.6/site-packages/airflow/example_dags/example_dag_decorator.py
[2023-08-09 16:48:34,262] {scheduler_job.py:633} INFO - Processing file /home/airflow/.local/lib/python3.6/site-packages/airflow/example_dags/example_dag_decorator.py for tasks to queue
[2023-08-09 16:48:34,265] {logging_mixin.py:104} INFO - [2023-08-09 16:48:34,264] {dagbag.py:496} INFO - Filling up the DagBag from /home/airflow/.local/lib/python3.6/site-packages/airflow/example_dags/example_dag_decorator.py
[2023-08-09 16:48:34,296] {scheduler_job.py:643} INFO - DAG(s) dict_keys(['example_dag_decorator']) retrieved from /home/airflow/.local/lib/python3.6/site-packages/airflow/example_dags/example_dag_decorator.py
[2023-08-09 16:48:34,618] {logging_mixin.py:104} INFO - [2023-08-09 16:48:34,618] {dag.py:1833} INFO - Sync 1 DAGs
[2023-08-09 16:48:34,650] {logging_mixin.py:104} INFO - [2023-08-09 16:48:34,650] {dag.py:2306} INFO - Setting next_dagrun for example_dag_decorator to None
[2023-08-09 16:48:34,674] {scheduler_job.py:190} INFO - Processing /home/airflow/.local/lib/python3.6/site-packages/airflow/example_dags/example_dag_decorator.py took 0.419 seconds
[2023-08-09 16:49:04,895] {scheduler_job.py:182} INFO - Started process (PID=10341) to work on /home/airflow/.local/lib/python3.6/site-packages/airflow/example_dags/example_dag_decorator.py
[2023-08-09 16:49:04,899] {scheduler_job.py:633} INFO - Processing file /home/airflow/.local/lib/python3.6/site-packages/airflow/example_dags/example_dag_decorator.py for tasks to queue
[2023-08-09 16:49:04,901] {logging_mixin.py:104} INFO - [2023-08-09 16:49:04,901] {dagbag.py:496} INFO - Filling up the DagBag from /home/airflow/.local/lib/python3.6/site-packages/airflow/example_dags/example_dag_decorator.py
[2023-08-09 16:49:04,928] {scheduler_job.py:643} INFO - DAG(s) dict_keys(['example_dag_decorator']) retrieved from /home/airflow/.local/lib/python3.6/site-packages/airflow/example_dags/example_dag_decorator.py
[2023-08-09 16:49:05,182] {logging_mixin.py:104} INFO - [2023-08-09 16:49:05,182] {dag.py:1833} INFO - Sync 1 DAGs
[2023-08-09 16:49:05,196] {logging_mixin.py:104} INFO - [2023-08-09 16:49:05,196] {dag.py:2306} INFO - Setting next_dagrun for example_dag_decorator to None
[2023-08-09 16:49:05,219] {scheduler_job.py:190} INFO - Processing /home/airflow/.local/lib/python3.6/site-packages/airflow/example_dags/example_dag_decorator.py took 0.333 seconds
[2023-08-09 16:49:35,517] {scheduler_job.py:182} INFO - Started process (PID=10403) to work on /home/airflow/.local/lib/python3.6/site-packages/airflow/example_dags/example_dag_decorator.py
[2023-08-09 16:49:35,521] {scheduler_job.py:633} INFO - Processing file /home/airflow/.local/lib/python3.6/site-packages/airflow/example_dags/example_dag_decorator.py for tasks to queue
[2023-08-09 16:49:35,524] {logging_mixin.py:104} INFO - [2023-08-09 16:49:35,524] {dagbag.py:496} INFO - Filling up the DagBag from /home/airflow/.local/lib/python3.6/site-packages/airflow/example_dags/example_dag_decorator.py
[2023-08-09 16:49:35,562] {scheduler_job.py:643} INFO - DAG(s) dict_keys(['example_dag_decorator']) retrieved from /home/airflow/.local/lib/python3.6/site-packages/airflow/example_dags/example_dag_decorator.py
[2023-08-09 16:49:35,862] {logging_mixin.py:104} INFO - [2023-08-09 16:49:35,862] {dag.py:1833} INFO - Sync 1 DAGs
[2023-08-09 16:49:35,877] {logging_mixin.py:104} INFO - [2023-08-09 16:49:35,876] {dag.py:2306} INFO - Setting next_dagrun for example_dag_decorator to None
[2023-08-09 16:49:35,895] {scheduler_job.py:190} INFO - Processing /home/airflow/.local/lib/python3.6/site-packages/airflow/example_dags/example_dag_decorator.py took 0.385 seconds
[2023-08-09 16:50:06,440] {scheduler_job.py:182} INFO - Started process (PID=10453) to work on /home/airflow/.local/lib/python3.6/site-packages/airflow/example_dags/example_dag_decorator.py
[2023-08-09 16:50:06,443] {scheduler_job.py:633} INFO - Processing file /home/airflow/.local/lib/python3.6/site-packages/airflow/example_dags/example_dag_decorator.py for tasks to queue
[2023-08-09 16:50:06,446] {logging_mixin.py:104} INFO - [2023-08-09 16:50:06,445] {dagbag.py:496} INFO - Filling up the DagBag from /home/airflow/.local/lib/python3.6/site-packages/airflow/example_dags/example_dag_decorator.py
[2023-08-09 16:50:06,474] {scheduler_job.py:643} INFO - DAG(s) dict_keys(['example_dag_decorator']) retrieved from /home/airflow/.local/lib/python3.6/site-packages/airflow/example_dags/example_dag_decorator.py
[2023-08-09 16:50:06,724] {logging_mixin.py:104} INFO - [2023-08-09 16:50:06,724] {dag.py:1833} INFO - Sync 1 DAGs
[2023-08-09 16:50:06,739] {logging_mixin.py:104} INFO - [2023-08-09 16:50:06,738] {dag.py:2306} INFO - Setting next_dagrun for example_dag_decorator to None
[2023-08-09 16:50:06,755] {scheduler_job.py:190} INFO - Processing /home/airflow/.local/lib/python3.6/site-packages/airflow/example_dags/example_dag_decorator.py took 0.328 seconds
[2023-08-09 16:50:36,921] {scheduler_job.py:182} INFO - Started process (PID=10504) to work on /home/airflow/.local/lib/python3.6/site-packages/airflow/example_dags/example_dag_decorator.py
[2023-08-09 16:50:36,925] {scheduler_job.py:633} INFO - Processing file /home/airflow/.local/lib/python3.6/site-packages/airflow/example_dags/example_dag_decorator.py for tasks to queue
[2023-08-09 16:50:36,928] {logging_mixin.py:104} INFO - [2023-08-09 16:50:36,928] {dagbag.py:496} INFO - Filling up the DagBag from /home/airflow/.local/lib/python3.6/site-packages/airflow/example_dags/example_dag_decorator.py
[2023-08-09 16:50:36,957] {scheduler_job.py:643} INFO - DAG(s) dict_keys(['example_dag_decorator']) retrieved from /home/airflow/.local/lib/python3.6/site-packages/airflow/example_dags/example_dag_decorator.py
[2023-08-09 16:50:37,204] {logging_mixin.py:104} INFO - [2023-08-09 16:50:37,204] {dag.py:1833} INFO - Sync 1 DAGs
[2023-08-09 16:50:37,218] {logging_mixin.py:104} INFO - [2023-08-09 16:50:37,218] {dag.py:2306} INFO - Setting next_dagrun for example_dag_decorator to None
[2023-08-09 16:50:37,239] {scheduler_job.py:190} INFO - Processing /home/airflow/.local/lib/python3.6/site-packages/airflow/example_dags/example_dag_decorator.py took 0.326 seconds
[2023-08-09 16:51:07,351] {scheduler_job.py:182} INFO - Started process (PID=10553) to work on /home/airflow/.local/lib/python3.6/site-packages/airflow/example_dags/example_dag_decorator.py
[2023-08-09 16:51:07,355] {scheduler_job.py:633} INFO - Processing file /home/airflow/.local/lib/python3.6/site-packages/airflow/example_dags/example_dag_decorator.py for tasks to queue
[2023-08-09 16:51:07,358] {logging_mixin.py:104} INFO - [2023-08-09 16:51:07,357] {dagbag.py:496} INFO - Filling up the DagBag from /home/airflow/.local/lib/python3.6/site-packages/airflow/example_dags/example_dag_decorator.py
[2023-08-09 16:51:07,387] {scheduler_job.py:643} INFO - DAG(s) dict_keys(['example_dag_decorator']) retrieved from /home/airflow/.local/lib/python3.6/site-packages/airflow/example_dags/example_dag_decorator.py
[2023-08-09 16:51:07,727] {logging_mixin.py:104} INFO - [2023-08-09 16:51:07,727] {dag.py:1833} INFO - Sync 1 DAGs
[2023-08-09 16:51:07,751] {logging_mixin.py:104} INFO - [2023-08-09 16:51:07,750] {dag.py:2306} INFO - Setting next_dagrun for example_dag_decorator to None
[2023-08-09 16:51:07,773] {scheduler_job.py:190} INFO - Processing /home/airflow/.local/lib/python3.6/site-packages/airflow/example_dags/example_dag_decorator.py took 0.427 seconds
[2023-08-09 16:51:38,238] {scheduler_job.py:182} INFO - Started process (PID=10613) to work on /home/airflow/.local/lib/python3.6/site-packages/airflow/example_dags/example_dag_decorator.py
[2023-08-09 16:51:38,244] {scheduler_job.py:633} INFO - Processing file /home/airflow/.local/lib/python3.6/site-packages/airflow/example_dags/example_dag_decorator.py for tasks to queue
[2023-08-09 16:51:38,250] {logging_mixin.py:104} INFO - [2023-08-09 16:51:38,250] {dagbag.py:496} INFO - Filling up the DagBag from /home/airflow/.local/lib/python3.6/site-packages/airflow/example_dags/example_dag_decorator.py
[2023-08-09 16:51:38,321] {scheduler_job.py:643} INFO - DAG(s) dict_keys(['example_dag_decorator']) retrieved from /home/airflow/.local/lib/python3.6/site-packages/airflow/example_dags/example_dag_decorator.py
[2023-08-09 16:51:38,681] {logging_mixin.py:104} INFO - [2023-08-09 16:51:38,681] {dag.py:1833} INFO - Sync 1 DAGs
[2023-08-09 16:51:38,703] {logging_mixin.py:104} INFO - [2023-08-09 16:51:38,703] {dag.py:2306} INFO - Setting next_dagrun for example_dag_decorator to None
[2023-08-09 16:51:38,722] {scheduler_job.py:190} INFO - Processing /home/airflow/.local/lib/python3.6/site-packages/airflow/example_dags/example_dag_decorator.py took 0.498 seconds
[2023-08-09 16:52:08,984] {scheduler_job.py:182} INFO - Started process (PID=10664) to work on /home/airflow/.local/lib/python3.6/site-packages/airflow/example_dags/example_dag_decorator.py
[2023-08-09 16:52:08,988] {scheduler_job.py:633} INFO - Processing file /home/airflow/.local/lib/python3.6/site-packages/airflow/example_dags/example_dag_decorator.py for tasks to queue
[2023-08-09 16:52:08,990] {logging_mixin.py:104} INFO - [2023-08-09 16:52:08,990] {dagbag.py:496} INFO - Filling up the DagBag from /home/airflow/.local/lib/python3.6/site-packages/airflow/example_dags/example_dag_decorator.py
[2023-08-09 16:52:09,027] {scheduler_job.py:643} INFO - DAG(s) dict_keys(['example_dag_decorator']) retrieved from /home/airflow/.local/lib/python3.6/site-packages/airflow/example_dags/example_dag_decorator.py
[2023-08-09 16:52:09,379] {logging_mixin.py:104} INFO - [2023-08-09 16:52:09,379] {dag.py:1833} INFO - Sync 1 DAGs
[2023-08-09 16:52:09,395] {logging_mixin.py:104} INFO - [2023-08-09 16:52:09,395] {dag.py:2306} INFO - Setting next_dagrun for example_dag_decorator to None
[2023-08-09 16:52:09,415] {scheduler_job.py:190} INFO - Processing /home/airflow/.local/lib/python3.6/site-packages/airflow/example_dags/example_dag_decorator.py took 0.439 seconds
[2023-08-09 16:52:39,811] {scheduler_job.py:182} INFO - Started process (PID=10715) to work on /home/airflow/.local/lib/python3.6/site-packages/airflow/example_dags/example_dag_decorator.py
[2023-08-09 16:52:39,814] {scheduler_job.py:633} INFO - Processing file /home/airflow/.local/lib/python3.6/site-packages/airflow/example_dags/example_dag_decorator.py for tasks to queue
[2023-08-09 16:52:39,816] {logging_mixin.py:104} INFO - [2023-08-09 16:52:39,815] {dagbag.py:496} INFO - Filling up the DagBag from /home/airflow/.local/lib/python3.6/site-packages/airflow/example_dags/example_dag_decorator.py
[2023-08-09 16:52:39,842] {scheduler_job.py:643} INFO - DAG(s) dict_keys(['example_dag_decorator']) retrieved from /home/airflow/.local/lib/python3.6/site-packages/airflow/example_dags/example_dag_decorator.py
[2023-08-09 16:52:40,080] {logging_mixin.py:104} INFO - [2023-08-09 16:52:40,080] {dag.py:1833} INFO - Sync 1 DAGs
[2023-08-09 16:52:40,093] {logging_mixin.py:104} INFO - [2023-08-09 16:52:40,093] {dag.py:2306} INFO - Setting next_dagrun for example_dag_decorator to None
[2023-08-09 16:52:40,112] {scheduler_job.py:190} INFO - Processing /home/airflow/.local/lib/python3.6/site-packages/airflow/example_dags/example_dag_decorator.py took 0.306 seconds
[2023-08-09 16:53:10,570] {scheduler_job.py:182} INFO - Started process (PID=10775) to work on /home/airflow/.local/lib/python3.6/site-packages/airflow/example_dags/example_dag_decorator.py
[2023-08-09 16:53:10,574] {scheduler_job.py:633} INFO - Processing file /home/airflow/.local/lib/python3.6/site-packages/airflow/example_dags/example_dag_decorator.py for tasks to queue
[2023-08-09 16:53:10,578] {logging_mixin.py:104} INFO - [2023-08-09 16:53:10,578] {dagbag.py:496} INFO - Filling up the DagBag from /home/airflow/.local/lib/python3.6/site-packages/airflow/example_dags/example_dag_decorator.py
[2023-08-09 16:53:10,636] {scheduler_job.py:643} INFO - DAG(s) dict_keys(['example_dag_decorator']) retrieved from /home/airflow/.local/lib/python3.6/site-packages/airflow/example_dags/example_dag_decorator.py
[2023-08-09 16:53:10,939] {logging_mixin.py:104} INFO - [2023-08-09 16:53:10,939] {dag.py:1833} INFO - Sync 1 DAGs
[2023-08-09 16:53:10,955] {logging_mixin.py:104} INFO - [2023-08-09 16:53:10,955] {dag.py:2306} INFO - Setting next_dagrun for example_dag_decorator to None
[2023-08-09 16:53:10,971] {scheduler_job.py:190} INFO - Processing /home/airflow/.local/lib/python3.6/site-packages/airflow/example_dags/example_dag_decorator.py took 0.413 seconds
[2023-08-09 16:53:41,077] {scheduler_job.py:182} INFO - Started process (PID=10828) to work on /home/airflow/.local/lib/python3.6/site-packages/airflow/example_dags/example_dag_decorator.py
[2023-08-09 16:53:41,081] {scheduler_job.py:633} INFO - Processing file /home/airflow/.local/lib/python3.6/site-packages/airflow/example_dags/example_dag_decorator.py for tasks to queue
[2023-08-09 16:53:41,083] {logging_mixin.py:104} INFO - [2023-08-09 16:53:41,083] {dagbag.py:496} INFO - Filling up the DagBag from /home/airflow/.local/lib/python3.6/site-packages/airflow/example_dags/example_dag_decorator.py
[2023-08-09 16:53:41,162] {scheduler_job.py:643} INFO - DAG(s) dict_keys(['example_dag_decorator']) retrieved from /home/airflow/.local/lib/python3.6/site-packages/airflow/example_dags/example_dag_decorator.py
[2023-08-09 16:53:41,604] {logging_mixin.py:104} INFO - [2023-08-09 16:53:41,603] {dag.py:1833} INFO - Sync 1 DAGs
[2023-08-09 16:53:41,624] {logging_mixin.py:104} INFO - [2023-08-09 16:53:41,624] {dag.py:2306} INFO - Setting next_dagrun for example_dag_decorator to None
[2023-08-09 16:53:41,654] {scheduler_job.py:190} INFO - Processing /home/airflow/.local/lib/python3.6/site-packages/airflow/example_dags/example_dag_decorator.py took 0.590 seconds
[2023-08-09 16:54:12,172] {scheduler_job.py:182} INFO - Started process (PID=10879) to work on /home/airflow/.local/lib/python3.6/site-packages/airflow/example_dags/example_dag_decorator.py
[2023-08-09 16:54:12,176] {scheduler_job.py:633} INFO - Processing file /home/airflow/.local/lib/python3.6/site-packages/airflow/example_dags/example_dag_decorator.py for tasks to queue
[2023-08-09 16:54:12,179] {logging_mixin.py:104} INFO - [2023-08-09 16:54:12,179] {dagbag.py:496} INFO - Filling up the DagBag from /home/airflow/.local/lib/python3.6/site-packages/airflow/example_dags/example_dag_decorator.py
[2023-08-09 16:54:12,207] {scheduler_job.py:643} INFO - DAG(s) dict_keys(['example_dag_decorator']) retrieved from /home/airflow/.local/lib/python3.6/site-packages/airflow/example_dags/example_dag_decorator.py
[2023-08-09 16:54:12,460] {logging_mixin.py:104} INFO - [2023-08-09 16:54:12,460] {dag.py:1833} INFO - Sync 1 DAGs
[2023-08-09 16:54:12,474] {logging_mixin.py:104} INFO - [2023-08-09 16:54:12,474] {dag.py:2306} INFO - Setting next_dagrun for example_dag_decorator to None
[2023-08-09 16:54:12,492] {scheduler_job.py:190} INFO - Processing /home/airflow/.local/lib/python3.6/site-packages/airflow/example_dags/example_dag_decorator.py took 0.324 seconds
[2023-08-09 16:54:42,754] {scheduler_job.py:182} INFO - Started process (PID=10938) to work on /home/airflow/.local/lib/python3.6/site-packages/airflow/example_dags/example_dag_decorator.py
[2023-08-09 16:54:42,757] {scheduler_job.py:633} INFO - Processing file /home/airflow/.local/lib/python3.6/site-packages/airflow/example_dags/example_dag_decorator.py for tasks to queue
[2023-08-09 16:54:42,760] {logging_mixin.py:104} INFO - [2023-08-09 16:54:42,760] {dagbag.py:496} INFO - Filling up the DagBag from /home/airflow/.local/lib/python3.6/site-packages/airflow/example_dags/example_dag_decorator.py
[2023-08-09 16:54:42,792] {scheduler_job.py:643} INFO - DAG(s) dict_keys(['example_dag_decorator']) retrieved from /home/airflow/.local/lib/python3.6/site-packages/airflow/example_dags/example_dag_decorator.py
[2023-08-09 16:54:43,059] {logging_mixin.py:104} INFO - [2023-08-09 16:54:43,058] {dag.py:1833} INFO - Sync 1 DAGs
[2023-08-09 16:54:43,072] {logging_mixin.py:104} INFO - [2023-08-09 16:54:43,072] {dag.py:2306} INFO - Setting next_dagrun for example_dag_decorator to None
[2023-08-09 16:54:43,090] {scheduler_job.py:190} INFO - Processing /home/airflow/.local/lib/python3.6/site-packages/airflow/example_dags/example_dag_decorator.py took 0.342 seconds
[2023-08-09 16:55:13,931] {scheduler_job.py:182} INFO - Started process (PID=10988) to work on /home/airflow/.local/lib/python3.6/site-packages/airflow/example_dags/example_dag_decorator.py
[2023-08-09 16:55:13,934] {scheduler_job.py:633} INFO - Processing file /home/airflow/.local/lib/python3.6/site-packages/airflow/example_dags/example_dag_decorator.py for tasks to queue
[2023-08-09 16:55:13,936] {logging_mixin.py:104} INFO - [2023-08-09 16:55:13,936] {dagbag.py:496} INFO - Filling up the DagBag from /home/airflow/.local/lib/python3.6/site-packages/airflow/example_dags/example_dag_decorator.py
[2023-08-09 16:55:13,962] {scheduler_job.py:643} INFO - DAG(s) dict_keys(['example_dag_decorator']) retrieved from /home/airflow/.local/lib/python3.6/site-packages/airflow/example_dags/example_dag_decorator.py
[2023-08-09 16:55:14,206] {logging_mixin.py:104} INFO - [2023-08-09 16:55:14,206] {dag.py:1833} INFO - Sync 1 DAGs
[2023-08-09 16:55:14,220] {logging_mixin.py:104} INFO - [2023-08-09 16:55:14,220] {dag.py:2306} INFO - Setting next_dagrun for example_dag_decorator to None
[2023-08-09 16:55:14,238] {scheduler_job.py:190} INFO - Processing /home/airflow/.local/lib/python3.6/site-packages/airflow/example_dags/example_dag_decorator.py took 0.319 seconds
[2023-08-09 16:55:44,816] {scheduler_job.py:182} INFO - Started process (PID=11039) to work on /home/airflow/.local/lib/python3.6/site-packages/airflow/example_dags/example_dag_decorator.py
[2023-08-09 16:55:44,827] {scheduler_job.py:633} INFO - Processing file /home/airflow/.local/lib/python3.6/site-packages/airflow/example_dags/example_dag_decorator.py for tasks to queue
[2023-08-09 16:55:44,832] {logging_mixin.py:104} INFO - [2023-08-09 16:55:44,831] {dagbag.py:496} INFO - Filling up the DagBag from /home/airflow/.local/lib/python3.6/site-packages/airflow/example_dags/example_dag_decorator.py
[2023-08-09 16:55:44,882] {scheduler_job.py:643} INFO - DAG(s) dict_keys(['example_dag_decorator']) retrieved from /home/airflow/.local/lib/python3.6/site-packages/airflow/example_dags/example_dag_decorator.py
[2023-08-09 16:55:45,224] {logging_mixin.py:104} INFO - [2023-08-09 16:55:45,224] {dag.py:1833} INFO - Sync 1 DAGs
[2023-08-09 16:55:45,246] {logging_mixin.py:104} INFO - [2023-08-09 16:55:45,246] {dag.py:2306} INFO - Setting next_dagrun for example_dag_decorator to None
[2023-08-09 16:55:45,264] {scheduler_job.py:190} INFO - Processing /home/airflow/.local/lib/python3.6/site-packages/airflow/example_dags/example_dag_decorator.py took 0.462 seconds
[2023-08-09 16:56:15,995] {scheduler_job.py:182} INFO - Started process (PID=11091) to work on /home/airflow/.local/lib/python3.6/site-packages/airflow/example_dags/example_dag_decorator.py
[2023-08-09 16:56:16,006] {scheduler_job.py:633} INFO - Processing file /home/airflow/.local/lib/python3.6/site-packages/airflow/example_dags/example_dag_decorator.py for tasks to queue
[2023-08-09 16:56:16,011] {logging_mixin.py:104} INFO - [2023-08-09 16:56:16,010] {dagbag.py:496} INFO - Filling up the DagBag from /home/airflow/.local/lib/python3.6/site-packages/airflow/example_dags/example_dag_decorator.py
[2023-08-09 16:56:16,092] {scheduler_job.py:643} INFO - DAG(s) dict_keys(['example_dag_decorator']) retrieved from /home/airflow/.local/lib/python3.6/site-packages/airflow/example_dags/example_dag_decorator.py
[2023-08-09 16:56:16,349] {logging_mixin.py:104} INFO - [2023-08-09 16:56:16,349] {dag.py:1833} INFO - Sync 1 DAGs
[2023-08-09 16:56:16,372] {logging_mixin.py:104} INFO - [2023-08-09 16:56:16,372] {dag.py:2306} INFO - Setting next_dagrun for example_dag_decorator to None
[2023-08-09 16:56:16,396] {scheduler_job.py:190} INFO - Processing /home/airflow/.local/lib/python3.6/site-packages/airflow/example_dags/example_dag_decorator.py took 0.417 seconds
[2023-08-09 16:56:46,516] {scheduler_job.py:182} INFO - Started process (PID=11151) to work on /home/airflow/.local/lib/python3.6/site-packages/airflow/example_dags/example_dag_decorator.py
[2023-08-09 16:56:46,520] {scheduler_job.py:633} INFO - Processing file /home/airflow/.local/lib/python3.6/site-packages/airflow/example_dags/example_dag_decorator.py for tasks to queue
[2023-08-09 16:56:46,523] {logging_mixin.py:104} INFO - [2023-08-09 16:56:46,522] {dagbag.py:496} INFO - Filling up the DagBag from /home/airflow/.local/lib/python3.6/site-packages/airflow/example_dags/example_dag_decorator.py
[2023-08-09 16:56:46,551] {scheduler_job.py:643} INFO - DAG(s) dict_keys(['example_dag_decorator']) retrieved from /home/airflow/.local/lib/python3.6/site-packages/airflow/example_dags/example_dag_decorator.py
[2023-08-09 16:56:46,818] {logging_mixin.py:104} INFO - [2023-08-09 16:56:46,818] {dag.py:1833} INFO - Sync 1 DAGs
[2023-08-09 16:56:46,841] {logging_mixin.py:104} INFO - [2023-08-09 16:56:46,841] {dag.py:2306} INFO - Setting next_dagrun for example_dag_decorator to None
[2023-08-09 16:56:46,858] {scheduler_job.py:190} INFO - Processing /home/airflow/.local/lib/python3.6/site-packages/airflow/example_dags/example_dag_decorator.py took 0.355 seconds
[2023-08-09 16:57:17,617] {scheduler_job.py:182} INFO - Started process (PID=11202) to work on /home/airflow/.local/lib/python3.6/site-packages/airflow/example_dags/example_dag_decorator.py
[2023-08-09 16:57:17,621] {scheduler_job.py:633} INFO - Processing file /home/airflow/.local/lib/python3.6/site-packages/airflow/example_dags/example_dag_decorator.py for tasks to queue
[2023-08-09 16:57:17,624] {logging_mixin.py:104} INFO - [2023-08-09 16:57:17,624] {dagbag.py:496} INFO - Filling up the DagBag from /home/airflow/.local/lib/python3.6/site-packages/airflow/example_dags/example_dag_decorator.py
[2023-08-09 16:57:17,660] {scheduler_job.py:643} INFO - DAG(s) dict_keys(['example_dag_decorator']) retrieved from /home/airflow/.local/lib/python3.6/site-packages/airflow/example_dags/example_dag_decorator.py
[2023-08-09 16:57:17,965] {logging_mixin.py:104} INFO - [2023-08-09 16:57:17,965] {dag.py:1833} INFO - Sync 1 DAGs
[2023-08-09 16:57:17,986] {logging_mixin.py:104} INFO - [2023-08-09 16:57:17,986] {dag.py:2306} INFO - Setting next_dagrun for example_dag_decorator to None
[2023-08-09 16:57:18,006] {scheduler_job.py:190} INFO - Processing /home/airflow/.local/lib/python3.6/site-packages/airflow/example_dags/example_dag_decorator.py took 0.393 seconds
[2023-08-09 16:57:48,193] {scheduler_job.py:182} INFO - Started process (PID=11262) to work on /home/airflow/.local/lib/python3.6/site-packages/airflow/example_dags/example_dag_decorator.py
[2023-08-09 16:57:48,196] {scheduler_job.py:633} INFO - Processing file /home/airflow/.local/lib/python3.6/site-packages/airflow/example_dags/example_dag_decorator.py for tasks to queue
[2023-08-09 16:57:48,199] {logging_mixin.py:104} INFO - [2023-08-09 16:57:48,198] {dagbag.py:496} INFO - Filling up the DagBag from /home/airflow/.local/lib/python3.6/site-packages/airflow/example_dags/example_dag_decorator.py
[2023-08-09 16:57:48,227] {scheduler_job.py:643} INFO - DAG(s) dict_keys(['example_dag_decorator']) retrieved from /home/airflow/.local/lib/python3.6/site-packages/airflow/example_dags/example_dag_decorator.py
[2023-08-09 16:57:48,516] {logging_mixin.py:104} INFO - [2023-08-09 16:57:48,516] {dag.py:1833} INFO - Sync 1 DAGs
[2023-08-09 16:57:48,529] {logging_mixin.py:104} INFO - [2023-08-09 16:57:48,529] {dag.py:2306} INFO - Setting next_dagrun for example_dag_decorator to None
[2023-08-09 16:57:48,556] {scheduler_job.py:190} INFO - Processing /home/airflow/.local/lib/python3.6/site-packages/airflow/example_dags/example_dag_decorator.py took 0.369 seconds
