[2023-08-09 11:34:34,323] {scheduler_job.py:182} INFO - Started process (PID=7414) to work on /home/airflow/.local/lib/python3.6/site-packages/airflow/example_dags/example_skip_dag.py
[2023-08-09 11:34:34,328] {scheduler_job.py:633} INFO - Processing file /home/airflow/.local/lib/python3.6/site-packages/airflow/example_dags/example_skip_dag.py for tasks to queue
[2023-08-09 11:34:34,336] {logging_mixin.py:104} INFO - [2023-08-09 11:34:34,336] {dagbag.py:496} INFO - Filling up the DagBag from /home/airflow/.local/lib/python3.6/site-packages/airflow/example_dags/example_skip_dag.py
[2023-08-09 11:34:34,506] {scheduler_job.py:643} INFO - DAG(s) dict_keys(['example_skip_dag']) retrieved from /home/airflow/.local/lib/python3.6/site-packages/airflow/example_dags/example_skip_dag.py
[2023-08-09 11:34:35,866] {logging_mixin.py:104} INFO - [2023-08-09 11:34:35,866] {dag.py:1833} INFO - Sync 1 DAGs
[2023-08-09 11:34:35,921] {logging_mixin.py:104} INFO - [2023-08-09 11:34:35,920] {dag.py:2306} INFO - Setting next_dagrun for example_skip_dag to 2023-08-07 00:00:00+00:00
[2023-08-09 11:34:35,971] {scheduler_job.py:190} INFO - Processing /home/airflow/.local/lib/python3.6/site-packages/airflow/example_dags/example_skip_dag.py took 1.683 seconds
[2023-08-09 11:35:06,131] {scheduler_job.py:182} INFO - Started process (PID=7464) to work on /home/airflow/.local/lib/python3.6/site-packages/airflow/example_dags/example_skip_dag.py
[2023-08-09 11:35:06,149] {scheduler_job.py:633} INFO - Processing file /home/airflow/.local/lib/python3.6/site-packages/airflow/example_dags/example_skip_dag.py for tasks to queue
[2023-08-09 11:35:06,154] {logging_mixin.py:104} INFO - [2023-08-09 11:35:06,154] {dagbag.py:496} INFO - Filling up the DagBag from /home/airflow/.local/lib/python3.6/site-packages/airflow/example_dags/example_skip_dag.py
[2023-08-09 11:35:06,221] {scheduler_job.py:643} INFO - DAG(s) dict_keys(['example_skip_dag']) retrieved from /home/airflow/.local/lib/python3.6/site-packages/airflow/example_dags/example_skip_dag.py
[2023-08-09 11:35:06,312] {logging_mixin.py:104} INFO - [2023-08-09 11:35:06,311] {dag.py:1833} INFO - Sync 1 DAGs
[2023-08-09 11:35:06,381] {logging_mixin.py:104} INFO - [2023-08-09 11:35:06,381] {dag.py:2306} INFO - Setting next_dagrun for example_skip_dag to 2023-08-07 00:00:00+00:00
[2023-08-09 11:35:06,424] {scheduler_job.py:190} INFO - Processing /home/airflow/.local/lib/python3.6/site-packages/airflow/example_dags/example_skip_dag.py took 0.320 seconds
[2023-08-09 11:35:37,697] {scheduler_job.py:182} INFO - Started process (PID=7516) to work on /home/airflow/.local/lib/python3.6/site-packages/airflow/example_dags/example_skip_dag.py
[2023-08-09 11:35:37,719] {scheduler_job.py:633} INFO - Processing file /home/airflow/.local/lib/python3.6/site-packages/airflow/example_dags/example_skip_dag.py for tasks to queue
[2023-08-09 11:35:37,732] {logging_mixin.py:104} INFO - [2023-08-09 11:35:37,725] {dagbag.py:496} INFO - Filling up the DagBag from /home/airflow/.local/lib/python3.6/site-packages/airflow/example_dags/example_skip_dag.py
[2023-08-09 11:35:37,793] {scheduler_job.py:643} INFO - DAG(s) dict_keys(['example_skip_dag']) retrieved from /home/airflow/.local/lib/python3.6/site-packages/airflow/example_dags/example_skip_dag.py
[2023-08-09 11:35:37,884] {logging_mixin.py:104} INFO - [2023-08-09 11:35:37,883] {dag.py:1833} INFO - Sync 1 DAGs
[2023-08-09 11:35:37,949] {logging_mixin.py:104} INFO - [2023-08-09 11:35:37,947] {dag.py:2306} INFO - Setting next_dagrun for example_skip_dag to 2023-08-07 00:00:00+00:00
[2023-08-09 11:35:37,991] {scheduler_job.py:190} INFO - Processing /home/airflow/.local/lib/python3.6/site-packages/airflow/example_dags/example_skip_dag.py took 0.311 seconds
[2023-08-09 11:36:08,814] {scheduler_job.py:182} INFO - Started process (PID=7567) to work on /home/airflow/.local/lib/python3.6/site-packages/airflow/example_dags/example_skip_dag.py
[2023-08-09 11:36:08,818] {scheduler_job.py:633} INFO - Processing file /home/airflow/.local/lib/python3.6/site-packages/airflow/example_dags/example_skip_dag.py for tasks to queue
[2023-08-09 11:36:08,820] {logging_mixin.py:104} INFO - [2023-08-09 11:36:08,820] {dagbag.py:496} INFO - Filling up the DagBag from /home/airflow/.local/lib/python3.6/site-packages/airflow/example_dags/example_skip_dag.py
[2023-08-09 11:36:08,898] {scheduler_job.py:643} INFO - DAG(s) dict_keys(['example_skip_dag']) retrieved from /home/airflow/.local/lib/python3.6/site-packages/airflow/example_dags/example_skip_dag.py
[2023-08-09 11:36:08,973] {logging_mixin.py:104} INFO - [2023-08-09 11:36:08,973] {dag.py:1833} INFO - Sync 1 DAGs
[2023-08-09 11:36:09,012] {logging_mixin.py:104} INFO - [2023-08-09 11:36:09,012] {dag.py:2306} INFO - Setting next_dagrun for example_skip_dag to 2023-08-07 00:00:00+00:00
[2023-08-09 11:36:09,055] {scheduler_job.py:190} INFO - Processing /home/airflow/.local/lib/python3.6/site-packages/airflow/example_dags/example_skip_dag.py took 0.255 seconds
[2023-08-09 11:36:40,043] {scheduler_job.py:182} INFO - Started process (PID=7619) to work on /home/airflow/.local/lib/python3.6/site-packages/airflow/example_dags/example_skip_dag.py
[2023-08-09 11:36:40,046] {scheduler_job.py:633} INFO - Processing file /home/airflow/.local/lib/python3.6/site-packages/airflow/example_dags/example_skip_dag.py for tasks to queue
[2023-08-09 11:36:40,049] {logging_mixin.py:104} INFO - [2023-08-09 11:36:40,048] {dagbag.py:496} INFO - Filling up the DagBag from /home/airflow/.local/lib/python3.6/site-packages/airflow/example_dags/example_skip_dag.py
[2023-08-09 11:36:40,116] {scheduler_job.py:643} INFO - DAG(s) dict_keys(['example_skip_dag']) retrieved from /home/airflow/.local/lib/python3.6/site-packages/airflow/example_dags/example_skip_dag.py
[2023-08-09 11:36:40,162] {logging_mixin.py:104} INFO - [2023-08-09 11:36:40,162] {dag.py:1833} INFO - Sync 1 DAGs
[2023-08-09 11:36:40,190] {logging_mixin.py:104} INFO - [2023-08-09 11:36:40,190] {dag.py:2306} INFO - Setting next_dagrun for example_skip_dag to 2023-08-07 00:00:00+00:00
[2023-08-09 11:36:40,210] {scheduler_job.py:190} INFO - Processing /home/airflow/.local/lib/python3.6/site-packages/airflow/example_dags/example_skip_dag.py took 0.172 seconds
[2023-08-09 11:37:11,304] {scheduler_job.py:182} INFO - Started process (PID=7671) to work on /home/airflow/.local/lib/python3.6/site-packages/airflow/example_dags/example_skip_dag.py
[2023-08-09 11:37:11,308] {scheduler_job.py:633} INFO - Processing file /home/airflow/.local/lib/python3.6/site-packages/airflow/example_dags/example_skip_dag.py for tasks to queue
[2023-08-09 11:37:11,310] {logging_mixin.py:104} INFO - [2023-08-09 11:37:11,310] {dagbag.py:496} INFO - Filling up the DagBag from /home/airflow/.local/lib/python3.6/site-packages/airflow/example_dags/example_skip_dag.py
[2023-08-09 11:37:11,343] {scheduler_job.py:643} INFO - DAG(s) dict_keys(['example_skip_dag']) retrieved from /home/airflow/.local/lib/python3.6/site-packages/airflow/example_dags/example_skip_dag.py
[2023-08-09 11:37:11,417] {logging_mixin.py:104} INFO - [2023-08-09 11:37:11,416] {dag.py:1833} INFO - Sync 1 DAGs
[2023-08-09 11:37:11,454] {logging_mixin.py:104} INFO - [2023-08-09 11:37:11,453] {dag.py:2306} INFO - Setting next_dagrun for example_skip_dag to 2023-08-07 00:00:00+00:00
[2023-08-09 11:37:11,480] {scheduler_job.py:190} INFO - Processing /home/airflow/.local/lib/python3.6/site-packages/airflow/example_dags/example_skip_dag.py took 0.185 seconds
[2023-08-09 11:37:41,626] {scheduler_job.py:182} INFO - Started process (PID=7720) to work on /home/airflow/.local/lib/python3.6/site-packages/airflow/example_dags/example_skip_dag.py
[2023-08-09 11:37:41,629] {scheduler_job.py:633} INFO - Processing file /home/airflow/.local/lib/python3.6/site-packages/airflow/example_dags/example_skip_dag.py for tasks to queue
[2023-08-09 11:37:41,632] {logging_mixin.py:104} INFO - [2023-08-09 11:37:41,631] {dagbag.py:496} INFO - Filling up the DagBag from /home/airflow/.local/lib/python3.6/site-packages/airflow/example_dags/example_skip_dag.py
[2023-08-09 11:37:41,659] {scheduler_job.py:643} INFO - DAG(s) dict_keys(['example_skip_dag']) retrieved from /home/airflow/.local/lib/python3.6/site-packages/airflow/example_dags/example_skip_dag.py
[2023-08-09 11:37:41,706] {logging_mixin.py:104} INFO - [2023-08-09 11:37:41,706] {dag.py:1833} INFO - Sync 1 DAGs
[2023-08-09 11:37:41,731] {logging_mixin.py:104} INFO - [2023-08-09 11:37:41,731] {dag.py:2306} INFO - Setting next_dagrun for example_skip_dag to 2023-08-07 00:00:00+00:00
[2023-08-09 11:37:41,752] {scheduler_job.py:190} INFO - Processing /home/airflow/.local/lib/python3.6/site-packages/airflow/example_dags/example_skip_dag.py took 0.135 seconds
[2023-08-09 11:38:11,814] {scheduler_job.py:182} INFO - Started process (PID=7767) to work on /home/airflow/.local/lib/python3.6/site-packages/airflow/example_dags/example_skip_dag.py
[2023-08-09 11:38:11,822] {scheduler_job.py:633} INFO - Processing file /home/airflow/.local/lib/python3.6/site-packages/airflow/example_dags/example_skip_dag.py for tasks to queue
[2023-08-09 11:38:11,828] {logging_mixin.py:104} INFO - [2023-08-09 11:38:11,828] {dagbag.py:496} INFO - Filling up the DagBag from /home/airflow/.local/lib/python3.6/site-packages/airflow/example_dags/example_skip_dag.py
[2023-08-09 11:38:11,876] {scheduler_job.py:643} INFO - DAG(s) dict_keys(['example_skip_dag']) retrieved from /home/airflow/.local/lib/python3.6/site-packages/airflow/example_dags/example_skip_dag.py
[2023-08-09 11:38:11,959] {logging_mixin.py:104} INFO - [2023-08-09 11:38:11,958] {dag.py:1833} INFO - Sync 1 DAGs
[2023-08-09 11:38:12,013] {logging_mixin.py:104} INFO - [2023-08-09 11:38:12,013] {dag.py:2306} INFO - Setting next_dagrun for example_skip_dag to 2023-08-07 00:00:00+00:00
[2023-08-09 11:38:12,047] {scheduler_job.py:190} INFO - Processing /home/airflow/.local/lib/python3.6/site-packages/airflow/example_dags/example_skip_dag.py took 0.242 seconds
[2023-08-09 11:38:43,107] {scheduler_job.py:182} INFO - Started process (PID=7817) to work on /home/airflow/.local/lib/python3.6/site-packages/airflow/example_dags/example_skip_dag.py
[2023-08-09 11:38:43,119] {scheduler_job.py:633} INFO - Processing file /home/airflow/.local/lib/python3.6/site-packages/airflow/example_dags/example_skip_dag.py for tasks to queue
[2023-08-09 11:38:43,128] {logging_mixin.py:104} INFO - [2023-08-09 11:38:43,127] {dagbag.py:496} INFO - Filling up the DagBag from /home/airflow/.local/lib/python3.6/site-packages/airflow/example_dags/example_skip_dag.py
[2023-08-09 11:38:43,222] {scheduler_job.py:643} INFO - DAG(s) dict_keys(['example_skip_dag']) retrieved from /home/airflow/.local/lib/python3.6/site-packages/airflow/example_dags/example_skip_dag.py
[2023-08-09 11:38:43,342] {logging_mixin.py:104} INFO - [2023-08-09 11:38:43,341] {dag.py:1833} INFO - Sync 1 DAGs
[2023-08-09 11:38:43,405] {logging_mixin.py:104} INFO - [2023-08-09 11:38:43,405] {dag.py:2306} INFO - Setting next_dagrun for example_skip_dag to 2023-08-07 00:00:00+00:00
[2023-08-09 11:38:43,473] {scheduler_job.py:190} INFO - Processing /home/airflow/.local/lib/python3.6/site-packages/airflow/example_dags/example_skip_dag.py took 0.400 seconds
[2023-08-09 11:39:14,196] {scheduler_job.py:182} INFO - Started process (PID=7866) to work on /home/airflow/.local/lib/python3.6/site-packages/airflow/example_dags/example_skip_dag.py
[2023-08-09 11:39:14,203] {scheduler_job.py:633} INFO - Processing file /home/airflow/.local/lib/python3.6/site-packages/airflow/example_dags/example_skip_dag.py for tasks to queue
[2023-08-09 11:39:14,214] {logging_mixin.py:104} INFO - [2023-08-09 11:39:14,214] {dagbag.py:496} INFO - Filling up the DagBag from /home/airflow/.local/lib/python3.6/site-packages/airflow/example_dags/example_skip_dag.py
[2023-08-09 11:39:14,292] {scheduler_job.py:643} INFO - DAG(s) dict_keys(['example_skip_dag']) retrieved from /home/airflow/.local/lib/python3.6/site-packages/airflow/example_dags/example_skip_dag.py
[2023-08-09 11:39:14,427] {logging_mixin.py:104} INFO - [2023-08-09 11:39:14,426] {dag.py:1833} INFO - Sync 1 DAGs
[2023-08-09 11:39:14,514] {logging_mixin.py:104} INFO - [2023-08-09 11:39:14,513] {dag.py:2306} INFO - Setting next_dagrun for example_skip_dag to 2023-08-07 00:00:00+00:00
[2023-08-09 11:39:14,586] {scheduler_job.py:190} INFO - Processing /home/airflow/.local/lib/python3.6/site-packages/airflow/example_dags/example_skip_dag.py took 0.413 seconds
[2023-08-09 16:25:53,249] {scheduler_job.py:182} INFO - Started process (PID=7906) to work on /home/airflow/.local/lib/python3.6/site-packages/airflow/example_dags/example_skip_dag.py
[2023-08-09 16:25:53,258] {scheduler_job.py:633} INFO - Processing file /home/airflow/.local/lib/python3.6/site-packages/airflow/example_dags/example_skip_dag.py for tasks to queue
[2023-08-09 16:25:53,269] {logging_mixin.py:104} INFO - [2023-08-09 16:25:53,268] {dagbag.py:496} INFO - Filling up the DagBag from /home/airflow/.local/lib/python3.6/site-packages/airflow/example_dags/example_skip_dag.py
[2023-08-09 16:25:53,360] {scheduler_job.py:643} INFO - DAG(s) dict_keys(['example_skip_dag']) retrieved from /home/airflow/.local/lib/python3.6/site-packages/airflow/example_dags/example_skip_dag.py
[2023-08-09 16:25:53,527] {logging_mixin.py:104} INFO - [2023-08-09 16:25:53,526] {dag.py:1833} INFO - Sync 1 DAGs
[2023-08-09 16:25:53,594] {logging_mixin.py:104} INFO - [2023-08-09 16:25:53,593] {dag.py:2306} INFO - Setting next_dagrun for example_skip_dag to 2023-08-07 00:00:00+00:00
[2023-08-09 16:25:53,641] {scheduler_job.py:190} INFO - Processing /home/airflow/.local/lib/python3.6/site-packages/airflow/example_dags/example_skip_dag.py took 0.417 seconds
[2023-08-09 16:26:24,202] {scheduler_job.py:182} INFO - Started process (PID=7958) to work on /home/airflow/.local/lib/python3.6/site-packages/airflow/example_dags/example_skip_dag.py
[2023-08-09 16:26:24,205] {scheduler_job.py:633} INFO - Processing file /home/airflow/.local/lib/python3.6/site-packages/airflow/example_dags/example_skip_dag.py for tasks to queue
[2023-08-09 16:26:24,208] {logging_mixin.py:104} INFO - [2023-08-09 16:26:24,207] {dagbag.py:496} INFO - Filling up the DagBag from /home/airflow/.local/lib/python3.6/site-packages/airflow/example_dags/example_skip_dag.py
[2023-08-09 16:26:24,228] {scheduler_job.py:643} INFO - DAG(s) dict_keys(['example_skip_dag']) retrieved from /home/airflow/.local/lib/python3.6/site-packages/airflow/example_dags/example_skip_dag.py
[2023-08-09 16:26:24,256] {logging_mixin.py:104} INFO - [2023-08-09 16:26:24,256] {dag.py:1833} INFO - Sync 1 DAGs
[2023-08-09 16:26:24,273] {logging_mixin.py:104} INFO - [2023-08-09 16:26:24,273] {dag.py:2306} INFO - Setting next_dagrun for example_skip_dag to 2023-08-07 00:00:00+00:00
[2023-08-09 16:26:24,289] {scheduler_job.py:190} INFO - Processing /home/airflow/.local/lib/python3.6/site-packages/airflow/example_dags/example_skip_dag.py took 0.100 seconds
[2023-08-09 16:26:54,712] {scheduler_job.py:182} INFO - Started process (PID=8009) to work on /home/airflow/.local/lib/python3.6/site-packages/airflow/example_dags/example_skip_dag.py
[2023-08-09 16:26:54,715] {scheduler_job.py:633} INFO - Processing file /home/airflow/.local/lib/python3.6/site-packages/airflow/example_dags/example_skip_dag.py for tasks to queue
[2023-08-09 16:26:54,718] {logging_mixin.py:104} INFO - [2023-08-09 16:26:54,717] {dagbag.py:496} INFO - Filling up the DagBag from /home/airflow/.local/lib/python3.6/site-packages/airflow/example_dags/example_skip_dag.py
[2023-08-09 16:26:54,785] {scheduler_job.py:643} INFO - DAG(s) dict_keys(['example_skip_dag']) retrieved from /home/airflow/.local/lib/python3.6/site-packages/airflow/example_dags/example_skip_dag.py
[2023-08-09 16:26:54,896] {logging_mixin.py:104} INFO - [2023-08-09 16:26:54,896] {dag.py:1833} INFO - Sync 1 DAGs
[2023-08-09 16:26:54,955] {logging_mixin.py:104} INFO - [2023-08-09 16:26:54,954] {dag.py:2306} INFO - Setting next_dagrun for example_skip_dag to 2023-08-07 00:00:00+00:00
[2023-08-09 16:26:54,997] {scheduler_job.py:190} INFO - Processing /home/airflow/.local/lib/python3.6/site-packages/airflow/example_dags/example_skip_dag.py took 0.293 seconds
[2023-08-09 16:27:25,152] {scheduler_job.py:182} INFO - Started process (PID=8059) to work on /home/airflow/.local/lib/python3.6/site-packages/airflow/example_dags/example_skip_dag.py
[2023-08-09 16:27:25,154] {scheduler_job.py:633} INFO - Processing file /home/airflow/.local/lib/python3.6/site-packages/airflow/example_dags/example_skip_dag.py for tasks to queue
[2023-08-09 16:27:25,157] {logging_mixin.py:104} INFO - [2023-08-09 16:27:25,157] {dagbag.py:496} INFO - Filling up the DagBag from /home/airflow/.local/lib/python3.6/site-packages/airflow/example_dags/example_skip_dag.py
[2023-08-09 16:27:25,177] {scheduler_job.py:643} INFO - DAG(s) dict_keys(['example_skip_dag']) retrieved from /home/airflow/.local/lib/python3.6/site-packages/airflow/example_dags/example_skip_dag.py
[2023-08-09 16:27:25,207] {logging_mixin.py:104} INFO - [2023-08-09 16:27:25,207] {dag.py:1833} INFO - Sync 1 DAGs
[2023-08-09 16:27:25,228] {logging_mixin.py:104} INFO - [2023-08-09 16:27:25,228] {dag.py:2306} INFO - Setting next_dagrun for example_skip_dag to 2023-08-07 00:00:00+00:00
[2023-08-09 16:27:25,250] {scheduler_job.py:190} INFO - Processing /home/airflow/.local/lib/python3.6/site-packages/airflow/example_dags/example_skip_dag.py took 0.104 seconds
[2023-08-09 16:27:55,410] {scheduler_job.py:182} INFO - Started process (PID=8116) to work on /home/airflow/.local/lib/python3.6/site-packages/airflow/example_dags/example_skip_dag.py
[2023-08-09 16:27:55,414] {scheduler_job.py:633} INFO - Processing file /home/airflow/.local/lib/python3.6/site-packages/airflow/example_dags/example_skip_dag.py for tasks to queue
[2023-08-09 16:27:55,416] {logging_mixin.py:104} INFO - [2023-08-09 16:27:55,416] {dagbag.py:496} INFO - Filling up the DagBag from /home/airflow/.local/lib/python3.6/site-packages/airflow/example_dags/example_skip_dag.py
[2023-08-09 16:27:55,438] {scheduler_job.py:643} INFO - DAG(s) dict_keys(['example_skip_dag']) retrieved from /home/airflow/.local/lib/python3.6/site-packages/airflow/example_dags/example_skip_dag.py
[2023-08-09 16:27:55,472] {logging_mixin.py:104} INFO - [2023-08-09 16:27:55,472] {dag.py:1833} INFO - Sync 1 DAGs
[2023-08-09 16:27:55,492] {logging_mixin.py:104} INFO - [2023-08-09 16:27:55,492] {dag.py:2306} INFO - Setting next_dagrun for example_skip_dag to 2023-08-07 00:00:00+00:00
[2023-08-09 16:27:55,508] {scheduler_job.py:190} INFO - Processing /home/airflow/.local/lib/python3.6/site-packages/airflow/example_dags/example_skip_dag.py took 0.104 seconds
[2023-08-09 16:28:25,776] {scheduler_job.py:182} INFO - Started process (PID=8169) to work on /home/airflow/.local/lib/python3.6/site-packages/airflow/example_dags/example_skip_dag.py
[2023-08-09 16:28:25,780] {scheduler_job.py:633} INFO - Processing file /home/airflow/.local/lib/python3.6/site-packages/airflow/example_dags/example_skip_dag.py for tasks to queue
[2023-08-09 16:28:25,785] {logging_mixin.py:104} INFO - [2023-08-09 16:28:25,784] {dagbag.py:496} INFO - Filling up the DagBag from /home/airflow/.local/lib/python3.6/site-packages/airflow/example_dags/example_skip_dag.py
[2023-08-09 16:28:25,837] {scheduler_job.py:643} INFO - DAG(s) dict_keys(['example_skip_dag']) retrieved from /home/airflow/.local/lib/python3.6/site-packages/airflow/example_dags/example_skip_dag.py
[2023-08-09 16:28:25,942] {logging_mixin.py:104} INFO - [2023-08-09 16:28:25,942] {dag.py:1833} INFO - Sync 1 DAGs
[2023-08-09 16:28:25,995] {logging_mixin.py:104} INFO - [2023-08-09 16:28:25,995] {dag.py:2306} INFO - Setting next_dagrun for example_skip_dag to 2023-08-07 00:00:00+00:00
[2023-08-09 16:28:26,045] {scheduler_job.py:190} INFO - Processing /home/airflow/.local/lib/python3.6/site-packages/airflow/example_dags/example_skip_dag.py took 0.285 seconds
[2023-08-09 16:28:56,297] {scheduler_job.py:182} INFO - Started process (PID=8220) to work on /home/airflow/.local/lib/python3.6/site-packages/airflow/example_dags/example_skip_dag.py
[2023-08-09 16:28:56,301] {scheduler_job.py:633} INFO - Processing file /home/airflow/.local/lib/python3.6/site-packages/airflow/example_dags/example_skip_dag.py for tasks to queue
[2023-08-09 16:28:56,304] {logging_mixin.py:104} INFO - [2023-08-09 16:28:56,304] {dagbag.py:496} INFO - Filling up the DagBag from /home/airflow/.local/lib/python3.6/site-packages/airflow/example_dags/example_skip_dag.py
[2023-08-09 16:28:56,329] {scheduler_job.py:643} INFO - DAG(s) dict_keys(['example_skip_dag']) retrieved from /home/airflow/.local/lib/python3.6/site-packages/airflow/example_dags/example_skip_dag.py
[2023-08-09 16:28:56,367] {logging_mixin.py:104} INFO - [2023-08-09 16:28:56,367] {dag.py:1833} INFO - Sync 1 DAGs
[2023-08-09 16:28:56,388] {logging_mixin.py:104} INFO - [2023-08-09 16:28:56,388] {dag.py:2306} INFO - Setting next_dagrun for example_skip_dag to 2023-08-07 00:00:00+00:00
[2023-08-09 16:28:56,410] {scheduler_job.py:190} INFO - Processing /home/airflow/.local/lib/python3.6/site-packages/airflow/example_dags/example_skip_dag.py took 0.120 seconds
[2023-08-09 16:29:27,171] {scheduler_job.py:182} INFO - Started process (PID=8270) to work on /home/airflow/.local/lib/python3.6/site-packages/airflow/example_dags/example_skip_dag.py
[2023-08-09 16:29:27,180] {scheduler_job.py:633} INFO - Processing file /home/airflow/.local/lib/python3.6/site-packages/airflow/example_dags/example_skip_dag.py for tasks to queue
[2023-08-09 16:29:27,185] {logging_mixin.py:104} INFO - [2023-08-09 16:29:27,184] {dagbag.py:496} INFO - Filling up the DagBag from /home/airflow/.local/lib/python3.6/site-packages/airflow/example_dags/example_skip_dag.py
[2023-08-09 16:29:27,210] {scheduler_job.py:643} INFO - DAG(s) dict_keys(['example_skip_dag']) retrieved from /home/airflow/.local/lib/python3.6/site-packages/airflow/example_dags/example_skip_dag.py
[2023-08-09 16:29:27,251] {logging_mixin.py:104} INFO - [2023-08-09 16:29:27,251] {dag.py:1833} INFO - Sync 1 DAGs
[2023-08-09 16:29:27,270] {logging_mixin.py:104} INFO - [2023-08-09 16:29:27,270] {dag.py:2306} INFO - Setting next_dagrun for example_skip_dag to 2023-08-07 00:00:00+00:00
[2023-08-09 16:29:27,287] {scheduler_job.py:190} INFO - Processing /home/airflow/.local/lib/python3.6/site-packages/airflow/example_dags/example_skip_dag.py took 0.138 seconds
[2023-08-09 16:29:58,148] {scheduler_job.py:182} INFO - Started process (PID=8331) to work on /home/airflow/.local/lib/python3.6/site-packages/airflow/example_dags/example_skip_dag.py
[2023-08-09 16:29:58,151] {scheduler_job.py:633} INFO - Processing file /home/airflow/.local/lib/python3.6/site-packages/airflow/example_dags/example_skip_dag.py for tasks to queue
[2023-08-09 16:29:58,153] {logging_mixin.py:104} INFO - [2023-08-09 16:29:58,152] {dagbag.py:496} INFO - Filling up the DagBag from /home/airflow/.local/lib/python3.6/site-packages/airflow/example_dags/example_skip_dag.py
[2023-08-09 16:29:58,178] {scheduler_job.py:643} INFO - DAG(s) dict_keys(['example_skip_dag']) retrieved from /home/airflow/.local/lib/python3.6/site-packages/airflow/example_dags/example_skip_dag.py
[2023-08-09 16:29:58,222] {logging_mixin.py:104} INFO - [2023-08-09 16:29:58,222] {dag.py:1833} INFO - Sync 1 DAGs
[2023-08-09 16:29:58,251] {logging_mixin.py:104} INFO - [2023-08-09 16:29:58,251] {dag.py:2306} INFO - Setting next_dagrun for example_skip_dag to 2023-08-07 00:00:00+00:00
[2023-08-09 16:29:58,274] {scheduler_job.py:190} INFO - Processing /home/airflow/.local/lib/python3.6/site-packages/airflow/example_dags/example_skip_dag.py took 0.133 seconds
[2023-08-09 16:30:28,396] {scheduler_job.py:182} INFO - Started process (PID=8382) to work on /home/airflow/.local/lib/python3.6/site-packages/airflow/example_dags/example_skip_dag.py
[2023-08-09 16:30:28,401] {scheduler_job.py:633} INFO - Processing file /home/airflow/.local/lib/python3.6/site-packages/airflow/example_dags/example_skip_dag.py for tasks to queue
[2023-08-09 16:30:28,406] {logging_mixin.py:104} INFO - [2023-08-09 16:30:28,406] {dagbag.py:496} INFO - Filling up the DagBag from /home/airflow/.local/lib/python3.6/site-packages/airflow/example_dags/example_skip_dag.py
[2023-08-09 16:30:28,427] {scheduler_job.py:643} INFO - DAG(s) dict_keys(['example_skip_dag']) retrieved from /home/airflow/.local/lib/python3.6/site-packages/airflow/example_dags/example_skip_dag.py
[2023-08-09 16:30:28,459] {logging_mixin.py:104} INFO - [2023-08-09 16:30:28,459] {dag.py:1833} INFO - Sync 1 DAGs
[2023-08-09 16:30:28,478] {logging_mixin.py:104} INFO - [2023-08-09 16:30:28,477] {dag.py:2306} INFO - Setting next_dagrun for example_skip_dag to 2023-08-07 00:00:00+00:00
[2023-08-09 16:30:28,493] {scheduler_job.py:190} INFO - Processing /home/airflow/.local/lib/python3.6/site-packages/airflow/example_dags/example_skip_dag.py took 0.113 seconds
[2023-08-09 16:30:58,947] {scheduler_job.py:182} INFO - Started process (PID=8433) to work on /home/airflow/.local/lib/python3.6/site-packages/airflow/example_dags/example_skip_dag.py
[2023-08-09 16:30:58,952] {scheduler_job.py:633} INFO - Processing file /home/airflow/.local/lib/python3.6/site-packages/airflow/example_dags/example_skip_dag.py for tasks to queue
[2023-08-09 16:30:58,958] {logging_mixin.py:104} INFO - [2023-08-09 16:30:58,957] {dagbag.py:496} INFO - Filling up the DagBag from /home/airflow/.local/lib/python3.6/site-packages/airflow/example_dags/example_skip_dag.py
[2023-08-09 16:30:59,003] {scheduler_job.py:643} INFO - DAG(s) dict_keys(['example_skip_dag']) retrieved from /home/airflow/.local/lib/python3.6/site-packages/airflow/example_dags/example_skip_dag.py
[2023-08-09 16:30:59,067] {logging_mixin.py:104} INFO - [2023-08-09 16:30:59,067] {dag.py:1833} INFO - Sync 1 DAGs
[2023-08-09 16:30:59,116] {logging_mixin.py:104} INFO - [2023-08-09 16:30:59,116] {dag.py:2306} INFO - Setting next_dagrun for example_skip_dag to 2023-08-07 00:00:00+00:00
[2023-08-09 16:30:59,151] {scheduler_job.py:190} INFO - Processing /home/airflow/.local/lib/python3.6/site-packages/airflow/example_dags/example_skip_dag.py took 0.219 seconds
[2023-08-09 16:31:29,267] {scheduler_job.py:182} INFO - Started process (PID=8494) to work on /home/airflow/.local/lib/python3.6/site-packages/airflow/example_dags/example_skip_dag.py
[2023-08-09 16:31:29,278] {scheduler_job.py:633} INFO - Processing file /home/airflow/.local/lib/python3.6/site-packages/airflow/example_dags/example_skip_dag.py for tasks to queue
[2023-08-09 16:31:29,286] {logging_mixin.py:104} INFO - [2023-08-09 16:31:29,285] {dagbag.py:496} INFO - Filling up the DagBag from /home/airflow/.local/lib/python3.6/site-packages/airflow/example_dags/example_skip_dag.py
[2023-08-09 16:31:29,348] {scheduler_job.py:643} INFO - DAG(s) dict_keys(['example_skip_dag']) retrieved from /home/airflow/.local/lib/python3.6/site-packages/airflow/example_dags/example_skip_dag.py
[2023-08-09 16:31:29,431] {logging_mixin.py:104} INFO - [2023-08-09 16:31:29,431] {dag.py:1833} INFO - Sync 1 DAGs
[2023-08-09 16:31:29,483] {logging_mixin.py:104} INFO - [2023-08-09 16:31:29,483] {dag.py:2306} INFO - Setting next_dagrun for example_skip_dag to 2023-08-07 00:00:00+00:00
[2023-08-09 16:31:29,523] {scheduler_job.py:190} INFO - Processing /home/airflow/.local/lib/python3.6/site-packages/airflow/example_dags/example_skip_dag.py took 0.260 seconds
[2023-08-09 16:32:00,374] {scheduler_job.py:182} INFO - Started process (PID=8545) to work on /home/airflow/.local/lib/python3.6/site-packages/airflow/example_dags/example_skip_dag.py
[2023-08-09 16:32:00,377] {scheduler_job.py:633} INFO - Processing file /home/airflow/.local/lib/python3.6/site-packages/airflow/example_dags/example_skip_dag.py for tasks to queue
[2023-08-09 16:32:00,380] {logging_mixin.py:104} INFO - [2023-08-09 16:32:00,380] {dagbag.py:496} INFO - Filling up the DagBag from /home/airflow/.local/lib/python3.6/site-packages/airflow/example_dags/example_skip_dag.py
[2023-08-09 16:32:00,399] {scheduler_job.py:643} INFO - DAG(s) dict_keys(['example_skip_dag']) retrieved from /home/airflow/.local/lib/python3.6/site-packages/airflow/example_dags/example_skip_dag.py
[2023-08-09 16:32:00,439] {logging_mixin.py:104} INFO - [2023-08-09 16:32:00,439] {dag.py:1833} INFO - Sync 1 DAGs
[2023-08-09 16:32:00,477] {logging_mixin.py:104} INFO - [2023-08-09 16:32:00,477] {dag.py:2306} INFO - Setting next_dagrun for example_skip_dag to 2023-08-07 00:00:00+00:00
[2023-08-09 16:32:00,497] {scheduler_job.py:190} INFO - Processing /home/airflow/.local/lib/python3.6/site-packages/airflow/example_dags/example_skip_dag.py took 0.128 seconds
[2023-08-09 16:32:30,832] {scheduler_job.py:182} INFO - Started process (PID=8596) to work on /home/airflow/.local/lib/python3.6/site-packages/airflow/example_dags/example_skip_dag.py
[2023-08-09 16:32:30,835] {scheduler_job.py:633} INFO - Processing file /home/airflow/.local/lib/python3.6/site-packages/airflow/example_dags/example_skip_dag.py for tasks to queue
[2023-08-09 16:32:30,837] {logging_mixin.py:104} INFO - [2023-08-09 16:32:30,836] {dagbag.py:496} INFO - Filling up the DagBag from /home/airflow/.local/lib/python3.6/site-packages/airflow/example_dags/example_skip_dag.py
[2023-08-09 16:32:30,855] {scheduler_job.py:643} INFO - DAG(s) dict_keys(['example_skip_dag']) retrieved from /home/airflow/.local/lib/python3.6/site-packages/airflow/example_dags/example_skip_dag.py
[2023-08-09 16:32:30,886] {logging_mixin.py:104} INFO - [2023-08-09 16:32:30,885] {dag.py:1833} INFO - Sync 1 DAGs
[2023-08-09 16:32:30,903] {logging_mixin.py:104} INFO - [2023-08-09 16:32:30,903] {dag.py:2306} INFO - Setting next_dagrun for example_skip_dag to 2023-08-07 00:00:00+00:00
[2023-08-09 16:32:30,923] {scheduler_job.py:190} INFO - Processing /home/airflow/.local/lib/python3.6/site-packages/airflow/example_dags/example_skip_dag.py took 0.104 seconds
[2023-08-09 16:33:00,973] {scheduler_job.py:182} INFO - Started process (PID=8647) to work on /home/airflow/.local/lib/python3.6/site-packages/airflow/example_dags/example_skip_dag.py
[2023-08-09 16:33:00,977] {scheduler_job.py:633} INFO - Processing file /home/airflow/.local/lib/python3.6/site-packages/airflow/example_dags/example_skip_dag.py for tasks to queue
[2023-08-09 16:33:00,979] {logging_mixin.py:104} INFO - [2023-08-09 16:33:00,978] {dagbag.py:496} INFO - Filling up the DagBag from /home/airflow/.local/lib/python3.6/site-packages/airflow/example_dags/example_skip_dag.py
[2023-08-09 16:33:00,995] {scheduler_job.py:643} INFO - DAG(s) dict_keys(['example_skip_dag']) retrieved from /home/airflow/.local/lib/python3.6/site-packages/airflow/example_dags/example_skip_dag.py
[2023-08-09 16:33:01,023] {logging_mixin.py:104} INFO - [2023-08-09 16:33:01,023] {dag.py:1833} INFO - Sync 1 DAGs
[2023-08-09 16:33:01,040] {logging_mixin.py:104} INFO - [2023-08-09 16:33:01,040] {dag.py:2306} INFO - Setting next_dagrun for example_skip_dag to 2023-08-07 00:00:00+00:00
[2023-08-09 16:33:01,056] {scheduler_job.py:190} INFO - Processing /home/airflow/.local/lib/python3.6/site-packages/airflow/example_dags/example_skip_dag.py took 0.088 seconds
[2023-08-09 16:33:31,293] {scheduler_job.py:182} INFO - Started process (PID=8708) to work on /home/airflow/.local/lib/python3.6/site-packages/airflow/example_dags/example_skip_dag.py
[2023-08-09 16:33:31,296] {scheduler_job.py:633} INFO - Processing file /home/airflow/.local/lib/python3.6/site-packages/airflow/example_dags/example_skip_dag.py for tasks to queue
[2023-08-09 16:33:31,299] {logging_mixin.py:104} INFO - [2023-08-09 16:33:31,298] {dagbag.py:496} INFO - Filling up the DagBag from /home/airflow/.local/lib/python3.6/site-packages/airflow/example_dags/example_skip_dag.py
[2023-08-09 16:33:31,323] {scheduler_job.py:643} INFO - DAG(s) dict_keys(['example_skip_dag']) retrieved from /home/airflow/.local/lib/python3.6/site-packages/airflow/example_dags/example_skip_dag.py
[2023-08-09 16:33:31,361] {logging_mixin.py:104} INFO - [2023-08-09 16:33:31,361] {dag.py:1833} INFO - Sync 1 DAGs
[2023-08-09 16:33:31,383] {logging_mixin.py:104} INFO - [2023-08-09 16:33:31,383] {dag.py:2306} INFO - Setting next_dagrun for example_skip_dag to 2023-08-07 00:00:00+00:00
[2023-08-09 16:33:31,402] {scheduler_job.py:190} INFO - Processing /home/airflow/.local/lib/python3.6/site-packages/airflow/example_dags/example_skip_dag.py took 0.116 seconds
[2023-08-09 16:34:02,815] {scheduler_job.py:182} INFO - Started process (PID=8760) to work on /home/airflow/.local/lib/python3.6/site-packages/airflow/example_dags/example_skip_dag.py
[2023-08-09 16:34:02,830] {scheduler_job.py:633} INFO - Processing file /home/airflow/.local/lib/python3.6/site-packages/airflow/example_dags/example_skip_dag.py for tasks to queue
[2023-08-09 16:34:02,835] {logging_mixin.py:104} INFO - [2023-08-09 16:34:02,835] {dagbag.py:496} INFO - Filling up the DagBag from /home/airflow/.local/lib/python3.6/site-packages/airflow/example_dags/example_skip_dag.py
[2023-08-09 16:34:02,874] {scheduler_job.py:643} INFO - DAG(s) dict_keys(['example_skip_dag']) retrieved from /home/airflow/.local/lib/python3.6/site-packages/airflow/example_dags/example_skip_dag.py
[2023-08-09 16:34:02,919] {logging_mixin.py:104} INFO - [2023-08-09 16:34:02,919] {dag.py:1833} INFO - Sync 1 DAGs
[2023-08-09 16:34:02,968] {logging_mixin.py:104} INFO - [2023-08-09 16:34:02,968] {dag.py:2306} INFO - Setting next_dagrun for example_skip_dag to 2023-08-07 00:00:00+00:00
[2023-08-09 16:34:03,004] {scheduler_job.py:190} INFO - Processing /home/airflow/.local/lib/python3.6/site-packages/airflow/example_dags/example_skip_dag.py took 0.204 seconds
[2023-08-09 16:34:33,813] {scheduler_job.py:182} INFO - Started process (PID=8822) to work on /home/airflow/.local/lib/python3.6/site-packages/airflow/example_dags/example_skip_dag.py
[2023-08-09 16:34:33,823] {scheduler_job.py:633} INFO - Processing file /home/airflow/.local/lib/python3.6/site-packages/airflow/example_dags/example_skip_dag.py for tasks to queue
[2023-08-09 16:34:33,824] {logging_mixin.py:104} INFO - [2023-08-09 16:34:33,824] {dagbag.py:496} INFO - Filling up the DagBag from /home/airflow/.local/lib/python3.6/site-packages/airflow/example_dags/example_skip_dag.py
[2023-08-09 16:34:33,874] {scheduler_job.py:643} INFO - DAG(s) dict_keys(['example_skip_dag']) retrieved from /home/airflow/.local/lib/python3.6/site-packages/airflow/example_dags/example_skip_dag.py
[2023-08-09 16:34:33,937] {logging_mixin.py:104} INFO - [2023-08-09 16:34:33,937] {dag.py:1833} INFO - Sync 1 DAGs
[2023-08-09 16:34:33,967] {logging_mixin.py:104} INFO - [2023-08-09 16:34:33,966] {dag.py:2306} INFO - Setting next_dagrun for example_skip_dag to 2023-08-07 00:00:00+00:00
[2023-08-09 16:34:33,989] {scheduler_job.py:190} INFO - Processing /home/airflow/.local/lib/python3.6/site-packages/airflow/example_dags/example_skip_dag.py took 0.181 seconds
[2023-08-09 16:35:04,685] {scheduler_job.py:182} INFO - Started process (PID=8871) to work on /home/airflow/.local/lib/python3.6/site-packages/airflow/example_dags/example_skip_dag.py
[2023-08-09 16:35:04,688] {scheduler_job.py:633} INFO - Processing file /home/airflow/.local/lib/python3.6/site-packages/airflow/example_dags/example_skip_dag.py for tasks to queue
[2023-08-09 16:35:04,691] {logging_mixin.py:104} INFO - [2023-08-09 16:35:04,691] {dagbag.py:496} INFO - Filling up the DagBag from /home/airflow/.local/lib/python3.6/site-packages/airflow/example_dags/example_skip_dag.py
[2023-08-09 16:35:04,722] {scheduler_job.py:643} INFO - DAG(s) dict_keys(['example_skip_dag']) retrieved from /home/airflow/.local/lib/python3.6/site-packages/airflow/example_dags/example_skip_dag.py
[2023-08-09 16:35:04,760] {logging_mixin.py:104} INFO - [2023-08-09 16:35:04,760] {dag.py:1833} INFO - Sync 1 DAGs
[2023-08-09 16:35:04,783] {logging_mixin.py:104} INFO - [2023-08-09 16:35:04,783] {dag.py:2306} INFO - Setting next_dagrun for example_skip_dag to 2023-08-07 00:00:00+00:00
[2023-08-09 16:35:04,804] {scheduler_job.py:190} INFO - Processing /home/airflow/.local/lib/python3.6/site-packages/airflow/example_dags/example_skip_dag.py took 0.127 seconds
[2023-08-09 16:35:35,396] {scheduler_job.py:182} INFO - Started process (PID=8921) to work on /home/airflow/.local/lib/python3.6/site-packages/airflow/example_dags/example_skip_dag.py
[2023-08-09 16:35:35,399] {scheduler_job.py:633} INFO - Processing file /home/airflow/.local/lib/python3.6/site-packages/airflow/example_dags/example_skip_dag.py for tasks to queue
[2023-08-09 16:35:35,404] {logging_mixin.py:104} INFO - [2023-08-09 16:35:35,403] {dagbag.py:496} INFO - Filling up the DagBag from /home/airflow/.local/lib/python3.6/site-packages/airflow/example_dags/example_skip_dag.py
[2023-08-09 16:35:35,431] {scheduler_job.py:643} INFO - DAG(s) dict_keys(['example_skip_dag']) retrieved from /home/airflow/.local/lib/python3.6/site-packages/airflow/example_dags/example_skip_dag.py
[2023-08-09 16:35:35,472] {logging_mixin.py:104} INFO - [2023-08-09 16:35:35,472] {dag.py:1833} INFO - Sync 1 DAGs
[2023-08-09 16:35:35,495] {logging_mixin.py:104} INFO - [2023-08-09 16:35:35,494] {dag.py:2306} INFO - Setting next_dagrun for example_skip_dag to 2023-08-07 00:00:00+00:00
[2023-08-09 16:35:35,517] {scheduler_job.py:190} INFO - Processing /home/airflow/.local/lib/python3.6/site-packages/airflow/example_dags/example_skip_dag.py took 0.127 seconds
[2023-08-09 16:36:05,801] {scheduler_job.py:182} INFO - Started process (PID=8971) to work on /home/airflow/.local/lib/python3.6/site-packages/airflow/example_dags/example_skip_dag.py
[2023-08-09 16:36:05,804] {scheduler_job.py:633} INFO - Processing file /home/airflow/.local/lib/python3.6/site-packages/airflow/example_dags/example_skip_dag.py for tasks to queue
[2023-08-09 16:36:05,807] {logging_mixin.py:104} INFO - [2023-08-09 16:36:05,807] {dagbag.py:496} INFO - Filling up the DagBag from /home/airflow/.local/lib/python3.6/site-packages/airflow/example_dags/example_skip_dag.py
[2023-08-09 16:36:05,830] {scheduler_job.py:643} INFO - DAG(s) dict_keys(['example_skip_dag']) retrieved from /home/airflow/.local/lib/python3.6/site-packages/airflow/example_dags/example_skip_dag.py
[2023-08-09 16:36:05,867] {logging_mixin.py:104} INFO - [2023-08-09 16:36:05,867] {dag.py:1833} INFO - Sync 1 DAGs
[2023-08-09 16:36:05,886] {logging_mixin.py:104} INFO - [2023-08-09 16:36:05,886] {dag.py:2306} INFO - Setting next_dagrun for example_skip_dag to 2023-08-07 00:00:00+00:00
[2023-08-09 16:36:05,902] {scheduler_job.py:190} INFO - Processing /home/airflow/.local/lib/python3.6/site-packages/airflow/example_dags/example_skip_dag.py took 0.107 seconds
[2023-08-09 16:36:36,874] {scheduler_job.py:182} INFO - Started process (PID=9032) to work on /home/airflow/.local/lib/python3.6/site-packages/airflow/example_dags/example_skip_dag.py
[2023-08-09 16:36:36,878] {scheduler_job.py:633} INFO - Processing file /home/airflow/.local/lib/python3.6/site-packages/airflow/example_dags/example_skip_dag.py for tasks to queue
[2023-08-09 16:36:36,887] {logging_mixin.py:104} INFO - [2023-08-09 16:36:36,886] {dagbag.py:496} INFO - Filling up the DagBag from /home/airflow/.local/lib/python3.6/site-packages/airflow/example_dags/example_skip_dag.py
[2023-08-09 16:36:36,960] {scheduler_job.py:643} INFO - DAG(s) dict_keys(['example_skip_dag']) retrieved from /home/airflow/.local/lib/python3.6/site-packages/airflow/example_dags/example_skip_dag.py
[2023-08-09 16:36:37,063] {logging_mixin.py:104} INFO - [2023-08-09 16:36:37,063] {dag.py:1833} INFO - Sync 1 DAGs
[2023-08-09 16:36:37,179] {logging_mixin.py:104} INFO - [2023-08-09 16:36:37,179] {dag.py:2306} INFO - Setting next_dagrun for example_skip_dag to 2023-08-07 00:00:00+00:00
[2023-08-09 16:36:37,218] {scheduler_job.py:190} INFO - Processing /home/airflow/.local/lib/python3.6/site-packages/airflow/example_dags/example_skip_dag.py took 0.370 seconds
[2023-08-09 16:37:07,639] {scheduler_job.py:182} INFO - Started process (PID=9083) to work on /home/airflow/.local/lib/python3.6/site-packages/airflow/example_dags/example_skip_dag.py
[2023-08-09 16:37:07,651] {scheduler_job.py:633} INFO - Processing file /home/airflow/.local/lib/python3.6/site-packages/airflow/example_dags/example_skip_dag.py for tasks to queue
[2023-08-09 16:37:07,656] {logging_mixin.py:104} INFO - [2023-08-09 16:37:07,655] {dagbag.py:496} INFO - Filling up the DagBag from /home/airflow/.local/lib/python3.6/site-packages/airflow/example_dags/example_skip_dag.py
[2023-08-09 16:37:07,715] {scheduler_job.py:643} INFO - DAG(s) dict_keys(['example_skip_dag']) retrieved from /home/airflow/.local/lib/python3.6/site-packages/airflow/example_dags/example_skip_dag.py
[2023-08-09 16:37:07,785] {logging_mixin.py:104} INFO - [2023-08-09 16:37:07,785] {dag.py:1833} INFO - Sync 1 DAGs
[2023-08-09 16:37:07,834] {logging_mixin.py:104} INFO - [2023-08-09 16:37:07,834] {dag.py:2306} INFO - Setting next_dagrun for example_skip_dag to 2023-08-07 00:00:00+00:00
[2023-08-09 16:37:07,866] {scheduler_job.py:190} INFO - Processing /home/airflow/.local/lib/python3.6/site-packages/airflow/example_dags/example_skip_dag.py took 0.245 seconds
[2023-08-09 16:37:38,484] {scheduler_job.py:182} INFO - Started process (PID=9133) to work on /home/airflow/.local/lib/python3.6/site-packages/airflow/example_dags/example_skip_dag.py
[2023-08-09 16:37:38,489] {scheduler_job.py:633} INFO - Processing file /home/airflow/.local/lib/python3.6/site-packages/airflow/example_dags/example_skip_dag.py for tasks to queue
[2023-08-09 16:37:38,492] {logging_mixin.py:104} INFO - [2023-08-09 16:37:38,492] {dagbag.py:496} INFO - Filling up the DagBag from /home/airflow/.local/lib/python3.6/site-packages/airflow/example_dags/example_skip_dag.py
[2023-08-09 16:37:38,524] {scheduler_job.py:643} INFO - DAG(s) dict_keys(['example_skip_dag']) retrieved from /home/airflow/.local/lib/python3.6/site-packages/airflow/example_dags/example_skip_dag.py
[2023-08-09 16:37:38,569] {logging_mixin.py:104} INFO - [2023-08-09 16:37:38,569] {dag.py:1833} INFO - Sync 1 DAGs
[2023-08-09 16:37:38,595] {logging_mixin.py:104} INFO - [2023-08-09 16:37:38,594] {dag.py:2306} INFO - Setting next_dagrun for example_skip_dag to 2023-08-07 00:00:00+00:00
[2023-08-09 16:37:38,623] {scheduler_job.py:190} INFO - Processing /home/airflow/.local/lib/python3.6/site-packages/airflow/example_dags/example_skip_dag.py took 0.150 seconds
[2023-08-09 16:38:08,739] {scheduler_job.py:182} INFO - Started process (PID=9194) to work on /home/airflow/.local/lib/python3.6/site-packages/airflow/example_dags/example_skip_dag.py
[2023-08-09 16:38:08,747] {scheduler_job.py:633} INFO - Processing file /home/airflow/.local/lib/python3.6/site-packages/airflow/example_dags/example_skip_dag.py for tasks to queue
[2023-08-09 16:38:08,751] {logging_mixin.py:104} INFO - [2023-08-09 16:38:08,750] {dagbag.py:496} INFO - Filling up the DagBag from /home/airflow/.local/lib/python3.6/site-packages/airflow/example_dags/example_skip_dag.py
[2023-08-09 16:38:08,783] {scheduler_job.py:643} INFO - DAG(s) dict_keys(['example_skip_dag']) retrieved from /home/airflow/.local/lib/python3.6/site-packages/airflow/example_dags/example_skip_dag.py
[2023-08-09 16:38:08,855] {logging_mixin.py:104} INFO - [2023-08-09 16:38:08,854] {dag.py:1833} INFO - Sync 1 DAGs
[2023-08-09 16:38:08,887] {logging_mixin.py:104} INFO - [2023-08-09 16:38:08,887] {dag.py:2306} INFO - Setting next_dagrun for example_skip_dag to 2023-08-07 00:00:00+00:00
[2023-08-09 16:38:08,912] {scheduler_job.py:190} INFO - Processing /home/airflow/.local/lib/python3.6/site-packages/airflow/example_dags/example_skip_dag.py took 0.180 seconds
[2023-08-09 16:38:39,181] {scheduler_job.py:182} INFO - Started process (PID=9246) to work on /home/airflow/.local/lib/python3.6/site-packages/airflow/example_dags/example_skip_dag.py
[2023-08-09 16:38:39,184] {scheduler_job.py:633} INFO - Processing file /home/airflow/.local/lib/python3.6/site-packages/airflow/example_dags/example_skip_dag.py for tasks to queue
[2023-08-09 16:38:39,187] {logging_mixin.py:104} INFO - [2023-08-09 16:38:39,187] {dagbag.py:496} INFO - Filling up the DagBag from /home/airflow/.local/lib/python3.6/site-packages/airflow/example_dags/example_skip_dag.py
[2023-08-09 16:38:39,215] {scheduler_job.py:643} INFO - DAG(s) dict_keys(['example_skip_dag']) retrieved from /home/airflow/.local/lib/python3.6/site-packages/airflow/example_dags/example_skip_dag.py
[2023-08-09 16:38:39,256] {logging_mixin.py:104} INFO - [2023-08-09 16:38:39,256] {dag.py:1833} INFO - Sync 1 DAGs
[2023-08-09 16:38:39,273] {logging_mixin.py:104} INFO - [2023-08-09 16:38:39,273] {dag.py:2306} INFO - Setting next_dagrun for example_skip_dag to 2023-08-07 00:00:00+00:00
[2023-08-09 16:38:39,290] {scheduler_job.py:190} INFO - Processing /home/airflow/.local/lib/python3.6/site-packages/airflow/example_dags/example_skip_dag.py took 0.116 seconds
[2023-08-09 16:39:09,337] {scheduler_job.py:182} INFO - Started process (PID=9297) to work on /home/airflow/.local/lib/python3.6/site-packages/airflow/example_dags/example_skip_dag.py
[2023-08-09 16:39:09,341] {scheduler_job.py:633} INFO - Processing file /home/airflow/.local/lib/python3.6/site-packages/airflow/example_dags/example_skip_dag.py for tasks to queue
[2023-08-09 16:39:09,343] {logging_mixin.py:104} INFO - [2023-08-09 16:39:09,342] {dagbag.py:496} INFO - Filling up the DagBag from /home/airflow/.local/lib/python3.6/site-packages/airflow/example_dags/example_skip_dag.py
[2023-08-09 16:39:09,360] {scheduler_job.py:643} INFO - DAG(s) dict_keys(['example_skip_dag']) retrieved from /home/airflow/.local/lib/python3.6/site-packages/airflow/example_dags/example_skip_dag.py
[2023-08-09 16:39:09,389] {logging_mixin.py:104} INFO - [2023-08-09 16:39:09,388] {dag.py:1833} INFO - Sync 1 DAGs
[2023-08-09 16:39:09,405] {logging_mixin.py:104} INFO - [2023-08-09 16:39:09,405] {dag.py:2306} INFO - Setting next_dagrun for example_skip_dag to 2023-08-07 00:00:00+00:00
[2023-08-09 16:39:09,447] {scheduler_job.py:190} INFO - Processing /home/airflow/.local/lib/python3.6/site-packages/airflow/example_dags/example_skip_dag.py took 0.115 seconds
[2023-08-09 16:39:40,669] {scheduler_job.py:182} INFO - Started process (PID=9354) to work on /home/airflow/.local/lib/python3.6/site-packages/airflow/example_dags/example_skip_dag.py
[2023-08-09 16:39:40,673] {scheduler_job.py:633} INFO - Processing file /home/airflow/.local/lib/python3.6/site-packages/airflow/example_dags/example_skip_dag.py for tasks to queue
[2023-08-09 16:39:40,691] {logging_mixin.py:104} INFO - [2023-08-09 16:39:40,691] {dagbag.py:496} INFO - Filling up the DagBag from /home/airflow/.local/lib/python3.6/site-packages/airflow/example_dags/example_skip_dag.py
[2023-08-09 16:39:40,791] {scheduler_job.py:643} INFO - DAG(s) dict_keys(['example_skip_dag']) retrieved from /home/airflow/.local/lib/python3.6/site-packages/airflow/example_dags/example_skip_dag.py
[2023-08-09 16:39:40,870] {logging_mixin.py:104} INFO - [2023-08-09 16:39:40,870] {dag.py:1833} INFO - Sync 1 DAGs
[2023-08-09 16:39:40,922] {logging_mixin.py:104} INFO - [2023-08-09 16:39:40,922] {dag.py:2306} INFO - Setting next_dagrun for example_skip_dag to 2023-08-07 00:00:00+00:00
[2023-08-09 16:39:40,960] {scheduler_job.py:190} INFO - Processing /home/airflow/.local/lib/python3.6/site-packages/airflow/example_dags/example_skip_dag.py took 0.303 seconds
[2023-08-09 16:40:11,438] {scheduler_job.py:182} INFO - Started process (PID=9406) to work on /home/airflow/.local/lib/python3.6/site-packages/airflow/example_dags/example_skip_dag.py
[2023-08-09 16:40:11,443] {scheduler_job.py:633} INFO - Processing file /home/airflow/.local/lib/python3.6/site-packages/airflow/example_dags/example_skip_dag.py for tasks to queue
[2023-08-09 16:40:11,446] {logging_mixin.py:104} INFO - [2023-08-09 16:40:11,446] {dagbag.py:496} INFO - Filling up the DagBag from /home/airflow/.local/lib/python3.6/site-packages/airflow/example_dags/example_skip_dag.py
[2023-08-09 16:40:11,501] {scheduler_job.py:643} INFO - DAG(s) dict_keys(['example_skip_dag']) retrieved from /home/airflow/.local/lib/python3.6/site-packages/airflow/example_dags/example_skip_dag.py
[2023-08-09 16:40:11,659] {logging_mixin.py:104} INFO - [2023-08-09 16:40:11,659] {dag.py:1833} INFO - Sync 1 DAGs
[2023-08-09 16:40:11,718] {logging_mixin.py:104} INFO - [2023-08-09 16:40:11,718] {dag.py:2306} INFO - Setting next_dagrun for example_skip_dag to 2023-08-07 00:00:00+00:00
[2023-08-09 16:40:11,768] {scheduler_job.py:190} INFO - Processing /home/airflow/.local/lib/python3.6/site-packages/airflow/example_dags/example_skip_dag.py took 0.343 seconds
[2023-08-09 16:40:41,821] {scheduler_job.py:182} INFO - Started process (PID=9457) to work on /home/airflow/.local/lib/python3.6/site-packages/airflow/example_dags/example_skip_dag.py
[2023-08-09 16:40:41,824] {scheduler_job.py:633} INFO - Processing file /home/airflow/.local/lib/python3.6/site-packages/airflow/example_dags/example_skip_dag.py for tasks to queue
[2023-08-09 16:40:41,826] {logging_mixin.py:104} INFO - [2023-08-09 16:40:41,826] {dagbag.py:496} INFO - Filling up the DagBag from /home/airflow/.local/lib/python3.6/site-packages/airflow/example_dags/example_skip_dag.py
[2023-08-09 16:40:41,849] {scheduler_job.py:643} INFO - DAG(s) dict_keys(['example_skip_dag']) retrieved from /home/airflow/.local/lib/python3.6/site-packages/airflow/example_dags/example_skip_dag.py
[2023-08-09 16:40:41,881] {logging_mixin.py:104} INFO - [2023-08-09 16:40:41,881] {dag.py:1833} INFO - Sync 1 DAGs
[2023-08-09 16:40:41,904] {logging_mixin.py:104} INFO - [2023-08-09 16:40:41,904] {dag.py:2306} INFO - Setting next_dagrun for example_skip_dag to 2023-08-07 00:00:00+00:00
[2023-08-09 16:40:41,924] {scheduler_job.py:190} INFO - Processing /home/airflow/.local/lib/python3.6/site-packages/airflow/example_dags/example_skip_dag.py took 0.110 seconds
[2023-08-09 16:41:12,163] {scheduler_job.py:182} INFO - Started process (PID=9507) to work on /home/airflow/.local/lib/python3.6/site-packages/airflow/example_dags/example_skip_dag.py
[2023-08-09 16:41:12,166] {scheduler_job.py:633} INFO - Processing file /home/airflow/.local/lib/python3.6/site-packages/airflow/example_dags/example_skip_dag.py for tasks to queue
[2023-08-09 16:41:12,168] {logging_mixin.py:104} INFO - [2023-08-09 16:41:12,168] {dagbag.py:496} INFO - Filling up the DagBag from /home/airflow/.local/lib/python3.6/site-packages/airflow/example_dags/example_skip_dag.py
[2023-08-09 16:41:12,199] {scheduler_job.py:643} INFO - DAG(s) dict_keys(['example_skip_dag']) retrieved from /home/airflow/.local/lib/python3.6/site-packages/airflow/example_dags/example_skip_dag.py
[2023-08-09 16:41:12,249] {logging_mixin.py:104} INFO - [2023-08-09 16:41:12,248] {dag.py:1833} INFO - Sync 1 DAGs
[2023-08-09 16:41:12,273] {logging_mixin.py:104} INFO - [2023-08-09 16:41:12,273] {dag.py:2306} INFO - Setting next_dagrun for example_skip_dag to 2023-08-07 00:00:00+00:00
[2023-08-09 16:41:12,292] {scheduler_job.py:190} INFO - Processing /home/airflow/.local/lib/python3.6/site-packages/airflow/example_dags/example_skip_dag.py took 0.137 seconds
[2023-08-09 16:41:42,771] {scheduler_job.py:182} INFO - Started process (PID=9559) to work on /home/airflow/.local/lib/python3.6/site-packages/airflow/example_dags/example_skip_dag.py
[2023-08-09 16:41:42,773] {scheduler_job.py:633} INFO - Processing file /home/airflow/.local/lib/python3.6/site-packages/airflow/example_dags/example_skip_dag.py for tasks to queue
[2023-08-09 16:41:42,776] {logging_mixin.py:104} INFO - [2023-08-09 16:41:42,775] {dagbag.py:496} INFO - Filling up the DagBag from /home/airflow/.local/lib/python3.6/site-packages/airflow/example_dags/example_skip_dag.py
[2023-08-09 16:41:42,799] {scheduler_job.py:643} INFO - DAG(s) dict_keys(['example_skip_dag']) retrieved from /home/airflow/.local/lib/python3.6/site-packages/airflow/example_dags/example_skip_dag.py
[2023-08-09 16:41:42,834] {logging_mixin.py:104} INFO - [2023-08-09 16:41:42,834] {dag.py:1833} INFO - Sync 1 DAGs
[2023-08-09 16:41:42,853] {logging_mixin.py:104} INFO - [2023-08-09 16:41:42,852] {dag.py:2306} INFO - Setting next_dagrun for example_skip_dag to 2023-08-07 00:00:00+00:00
[2023-08-09 16:41:42,877] {scheduler_job.py:190} INFO - Processing /home/airflow/.local/lib/python3.6/site-packages/airflow/example_dags/example_skip_dag.py took 0.112 seconds
[2023-08-09 16:42:13,531] {scheduler_job.py:182} INFO - Started process (PID=9619) to work on /home/airflow/.local/lib/python3.6/site-packages/airflow/example_dags/example_skip_dag.py
[2023-08-09 16:42:13,541] {scheduler_job.py:633} INFO - Processing file /home/airflow/.local/lib/python3.6/site-packages/airflow/example_dags/example_skip_dag.py for tasks to queue
[2023-08-09 16:42:13,543] {logging_mixin.py:104} INFO - [2023-08-09 16:42:13,542] {dagbag.py:496} INFO - Filling up the DagBag from /home/airflow/.local/lib/python3.6/site-packages/airflow/example_dags/example_skip_dag.py
[2023-08-09 16:42:13,575] {scheduler_job.py:643} INFO - DAG(s) dict_keys(['example_skip_dag']) retrieved from /home/airflow/.local/lib/python3.6/site-packages/airflow/example_dags/example_skip_dag.py
[2023-08-09 16:42:13,637] {logging_mixin.py:104} INFO - [2023-08-09 16:42:13,637] {dag.py:1833} INFO - Sync 1 DAGs
[2023-08-09 16:42:13,662] {logging_mixin.py:104} INFO - [2023-08-09 16:42:13,662] {dag.py:2306} INFO - Setting next_dagrun for example_skip_dag to 2023-08-07 00:00:00+00:00
[2023-08-09 16:42:13,676] {scheduler_job.py:190} INFO - Processing /home/airflow/.local/lib/python3.6/site-packages/airflow/example_dags/example_skip_dag.py took 0.150 seconds
[2023-08-09 16:42:44,557] {scheduler_job.py:182} INFO - Started process (PID=9671) to work on /home/airflow/.local/lib/python3.6/site-packages/airflow/example_dags/example_skip_dag.py
[2023-08-09 16:42:44,559] {scheduler_job.py:633} INFO - Processing file /home/airflow/.local/lib/python3.6/site-packages/airflow/example_dags/example_skip_dag.py for tasks to queue
[2023-08-09 16:42:44,561] {logging_mixin.py:104} INFO - [2023-08-09 16:42:44,561] {dagbag.py:496} INFO - Filling up the DagBag from /home/airflow/.local/lib/python3.6/site-packages/airflow/example_dags/example_skip_dag.py
[2023-08-09 16:42:44,595] {scheduler_job.py:643} INFO - DAG(s) dict_keys(['example_skip_dag']) retrieved from /home/airflow/.local/lib/python3.6/site-packages/airflow/example_dags/example_skip_dag.py
[2023-08-09 16:42:44,654] {logging_mixin.py:104} INFO - [2023-08-09 16:42:44,654] {dag.py:1833} INFO - Sync 1 DAGs
[2023-08-09 16:42:44,686] {logging_mixin.py:104} INFO - [2023-08-09 16:42:44,686] {dag.py:2306} INFO - Setting next_dagrun for example_skip_dag to 2023-08-07 00:00:00+00:00
[2023-08-09 16:42:44,710] {scheduler_job.py:190} INFO - Processing /home/airflow/.local/lib/python3.6/site-packages/airflow/example_dags/example_skip_dag.py took 0.159 seconds
[2023-08-09 16:43:14,931] {scheduler_job.py:182} INFO - Started process (PID=9723) to work on /home/airflow/.local/lib/python3.6/site-packages/airflow/example_dags/example_skip_dag.py
[2023-08-09 16:43:14,939] {scheduler_job.py:633} INFO - Processing file /home/airflow/.local/lib/python3.6/site-packages/airflow/example_dags/example_skip_dag.py for tasks to queue
[2023-08-09 16:43:14,941] {logging_mixin.py:104} INFO - [2023-08-09 16:43:14,941] {dagbag.py:496} INFO - Filling up the DagBag from /home/airflow/.local/lib/python3.6/site-packages/airflow/example_dags/example_skip_dag.py
[2023-08-09 16:43:14,975] {scheduler_job.py:643} INFO - DAG(s) dict_keys(['example_skip_dag']) retrieved from /home/airflow/.local/lib/python3.6/site-packages/airflow/example_dags/example_skip_dag.py
[2023-08-09 16:43:15,036] {logging_mixin.py:104} INFO - [2023-08-09 16:43:15,024] {dag.py:1833} INFO - Sync 1 DAGs
[2023-08-09 16:43:15,058] {logging_mixin.py:104} INFO - [2023-08-09 16:43:15,058] {dag.py:2306} INFO - Setting next_dagrun for example_skip_dag to 2023-08-07 00:00:00+00:00
[2023-08-09 16:43:15,086] {scheduler_job.py:190} INFO - Processing /home/airflow/.local/lib/python3.6/site-packages/airflow/example_dags/example_skip_dag.py took 0.168 seconds
[2023-08-09 16:43:45,232] {scheduler_job.py:182} INFO - Started process (PID=9780) to work on /home/airflow/.local/lib/python3.6/site-packages/airflow/example_dags/example_skip_dag.py
[2023-08-09 16:43:45,234] {scheduler_job.py:633} INFO - Processing file /home/airflow/.local/lib/python3.6/site-packages/airflow/example_dags/example_skip_dag.py for tasks to queue
[2023-08-09 16:43:45,236] {logging_mixin.py:104} INFO - [2023-08-09 16:43:45,235] {dagbag.py:496} INFO - Filling up the DagBag from /home/airflow/.local/lib/python3.6/site-packages/airflow/example_dags/example_skip_dag.py
[2023-08-09 16:43:45,257] {scheduler_job.py:643} INFO - DAG(s) dict_keys(['example_skip_dag']) retrieved from /home/airflow/.local/lib/python3.6/site-packages/airflow/example_dags/example_skip_dag.py
[2023-08-09 16:43:45,289] {logging_mixin.py:104} INFO - [2023-08-09 16:43:45,289] {dag.py:1833} INFO - Sync 1 DAGs
[2023-08-09 16:43:45,306] {logging_mixin.py:104} INFO - [2023-08-09 16:43:45,306] {dag.py:2306} INFO - Setting next_dagrun for example_skip_dag to 2023-08-07 00:00:00+00:00
[2023-08-09 16:43:45,324] {scheduler_job.py:190} INFO - Processing /home/airflow/.local/lib/python3.6/site-packages/airflow/example_dags/example_skip_dag.py took 0.099 seconds
[2023-08-09 16:44:15,465] {scheduler_job.py:182} INFO - Started process (PID=9832) to work on /home/airflow/.local/lib/python3.6/site-packages/airflow/example_dags/example_skip_dag.py
[2023-08-09 16:44:15,468] {scheduler_job.py:633} INFO - Processing file /home/airflow/.local/lib/python3.6/site-packages/airflow/example_dags/example_skip_dag.py for tasks to queue
[2023-08-09 16:44:15,471] {logging_mixin.py:104} INFO - [2023-08-09 16:44:15,471] {dagbag.py:496} INFO - Filling up the DagBag from /home/airflow/.local/lib/python3.6/site-packages/airflow/example_dags/example_skip_dag.py
[2023-08-09 16:44:15,516] {scheduler_job.py:643} INFO - DAG(s) dict_keys(['example_skip_dag']) retrieved from /home/airflow/.local/lib/python3.6/site-packages/airflow/example_dags/example_skip_dag.py
[2023-08-09 16:44:15,556] {logging_mixin.py:104} INFO - [2023-08-09 16:44:15,555] {dag.py:1833} INFO - Sync 1 DAGs
[2023-08-09 16:44:15,577] {logging_mixin.py:104} INFO - [2023-08-09 16:44:15,577] {dag.py:2306} INFO - Setting next_dagrun for example_skip_dag to 2023-08-07 00:00:00+00:00
[2023-08-09 16:44:15,599] {scheduler_job.py:190} INFO - Processing /home/airflow/.local/lib/python3.6/site-packages/airflow/example_dags/example_skip_dag.py took 0.140 seconds
[2023-08-09 16:44:45,912] {scheduler_job.py:182} INFO - Started process (PID=9883) to work on /home/airflow/.local/lib/python3.6/site-packages/airflow/example_dags/example_skip_dag.py
[2023-08-09 16:44:45,914] {scheduler_job.py:633} INFO - Processing file /home/airflow/.local/lib/python3.6/site-packages/airflow/example_dags/example_skip_dag.py for tasks to queue
[2023-08-09 16:44:45,916] {logging_mixin.py:104} INFO - [2023-08-09 16:44:45,916] {dagbag.py:496} INFO - Filling up the DagBag from /home/airflow/.local/lib/python3.6/site-packages/airflow/example_dags/example_skip_dag.py
[2023-08-09 16:44:45,942] {scheduler_job.py:643} INFO - DAG(s) dict_keys(['example_skip_dag']) retrieved from /home/airflow/.local/lib/python3.6/site-packages/airflow/example_dags/example_skip_dag.py
[2023-08-09 16:44:45,981] {logging_mixin.py:104} INFO - [2023-08-09 16:44:45,980] {dag.py:1833} INFO - Sync 1 DAGs
[2023-08-09 16:44:46,007] {logging_mixin.py:104} INFO - [2023-08-09 16:44:46,007] {dag.py:2306} INFO - Setting next_dagrun for example_skip_dag to 2023-08-07 00:00:00+00:00
[2023-08-09 16:44:46,044] {scheduler_job.py:190} INFO - Processing /home/airflow/.local/lib/python3.6/site-packages/airflow/example_dags/example_skip_dag.py took 0.138 seconds
[2023-08-09 16:45:16,728] {scheduler_job.py:182} INFO - Started process (PID=9945) to work on /home/airflow/.local/lib/python3.6/site-packages/airflow/example_dags/example_skip_dag.py
[2023-08-09 16:45:16,742] {scheduler_job.py:633} INFO - Processing file /home/airflow/.local/lib/python3.6/site-packages/airflow/example_dags/example_skip_dag.py for tasks to queue
[2023-08-09 16:45:16,749] {logging_mixin.py:104} INFO - [2023-08-09 16:45:16,748] {dagbag.py:496} INFO - Filling up the DagBag from /home/airflow/.local/lib/python3.6/site-packages/airflow/example_dags/example_skip_dag.py
[2023-08-09 16:45:16,815] {scheduler_job.py:643} INFO - DAG(s) dict_keys(['example_skip_dag']) retrieved from /home/airflow/.local/lib/python3.6/site-packages/airflow/example_dags/example_skip_dag.py
[2023-08-09 16:45:16,925] {logging_mixin.py:104} INFO - [2023-08-09 16:45:16,925] {dag.py:1833} INFO - Sync 1 DAGs
[2023-08-09 16:45:17,023] {logging_mixin.py:104} INFO - [2023-08-09 16:45:17,023] {dag.py:2306} INFO - Setting next_dagrun for example_skip_dag to 2023-08-07 00:00:00+00:00
[2023-08-09 16:45:17,069] {scheduler_job.py:190} INFO - Processing /home/airflow/.local/lib/python3.6/site-packages/airflow/example_dags/example_skip_dag.py took 0.366 seconds
[2023-08-09 16:45:48,067] {scheduler_job.py:182} INFO - Started process (PID=9996) to work on /home/airflow/.local/lib/python3.6/site-packages/airflow/example_dags/example_skip_dag.py
[2023-08-09 16:45:48,073] {scheduler_job.py:633} INFO - Processing file /home/airflow/.local/lib/python3.6/site-packages/airflow/example_dags/example_skip_dag.py for tasks to queue
[2023-08-09 16:45:48,077] {logging_mixin.py:104} INFO - [2023-08-09 16:45:48,076] {dagbag.py:496} INFO - Filling up the DagBag from /home/airflow/.local/lib/python3.6/site-packages/airflow/example_dags/example_skip_dag.py
[2023-08-09 16:45:48,129] {scheduler_job.py:643} INFO - DAG(s) dict_keys(['example_skip_dag']) retrieved from /home/airflow/.local/lib/python3.6/site-packages/airflow/example_dags/example_skip_dag.py
[2023-08-09 16:45:48,185] {logging_mixin.py:104} INFO - [2023-08-09 16:45:48,185] {dag.py:1833} INFO - Sync 1 DAGs
[2023-08-09 16:45:48,207] {logging_mixin.py:104} INFO - [2023-08-09 16:45:48,207] {dag.py:2306} INFO - Setting next_dagrun for example_skip_dag to 2023-08-07 00:00:00+00:00
[2023-08-09 16:45:48,226] {scheduler_job.py:190} INFO - Processing /home/airflow/.local/lib/python3.6/site-packages/airflow/example_dags/example_skip_dag.py took 0.172 seconds
[2023-08-09 16:46:18,679] {scheduler_job.py:182} INFO - Started process (PID=10057) to work on /home/airflow/.local/lib/python3.6/site-packages/airflow/example_dags/example_skip_dag.py
[2023-08-09 16:46:18,692] {scheduler_job.py:633} INFO - Processing file /home/airflow/.local/lib/python3.6/site-packages/airflow/example_dags/example_skip_dag.py for tasks to queue
[2023-08-09 16:46:18,694] {logging_mixin.py:104} INFO - [2023-08-09 16:46:18,694] {dagbag.py:496} INFO - Filling up the DagBag from /home/airflow/.local/lib/python3.6/site-packages/airflow/example_dags/example_skip_dag.py
[2023-08-09 16:46:18,746] {scheduler_job.py:643} INFO - DAG(s) dict_keys(['example_skip_dag']) retrieved from /home/airflow/.local/lib/python3.6/site-packages/airflow/example_dags/example_skip_dag.py
[2023-08-09 16:46:18,814] {logging_mixin.py:104} INFO - [2023-08-09 16:46:18,814] {dag.py:1833} INFO - Sync 1 DAGs
[2023-08-09 16:46:18,836] {logging_mixin.py:104} INFO - [2023-08-09 16:46:18,836] {dag.py:2306} INFO - Setting next_dagrun for example_skip_dag to 2023-08-07 00:00:00+00:00
[2023-08-09 16:46:18,852] {scheduler_job.py:190} INFO - Processing /home/airflow/.local/lib/python3.6/site-packages/airflow/example_dags/example_skip_dag.py took 0.200 seconds
[2023-08-09 16:46:48,986] {scheduler_job.py:182} INFO - Started process (PID=10107) to work on /home/airflow/.local/lib/python3.6/site-packages/airflow/example_dags/example_skip_dag.py
[2023-08-09 16:46:48,990] {scheduler_job.py:633} INFO - Processing file /home/airflow/.local/lib/python3.6/site-packages/airflow/example_dags/example_skip_dag.py for tasks to queue
[2023-08-09 16:46:48,993] {logging_mixin.py:104} INFO - [2023-08-09 16:46:48,993] {dagbag.py:496} INFO - Filling up the DagBag from /home/airflow/.local/lib/python3.6/site-packages/airflow/example_dags/example_skip_dag.py
[2023-08-09 16:46:49,017] {scheduler_job.py:643} INFO - DAG(s) dict_keys(['example_skip_dag']) retrieved from /home/airflow/.local/lib/python3.6/site-packages/airflow/example_dags/example_skip_dag.py
[2023-08-09 16:46:49,062] {logging_mixin.py:104} INFO - [2023-08-09 16:46:49,062] {dag.py:1833} INFO - Sync 1 DAGs
[2023-08-09 16:46:49,087] {logging_mixin.py:104} INFO - [2023-08-09 16:46:49,087] {dag.py:2306} INFO - Setting next_dagrun for example_skip_dag to 2023-08-07 00:00:00+00:00
[2023-08-09 16:46:49,109] {scheduler_job.py:190} INFO - Processing /home/airflow/.local/lib/python3.6/site-packages/airflow/example_dags/example_skip_dag.py took 0.129 seconds
[2023-08-09 16:47:19,701] {scheduler_job.py:182} INFO - Started process (PID=10156) to work on /home/airflow/.local/lib/python3.6/site-packages/airflow/example_dags/example_skip_dag.py
[2023-08-09 16:47:19,709] {scheduler_job.py:633} INFO - Processing file /home/airflow/.local/lib/python3.6/site-packages/airflow/example_dags/example_skip_dag.py for tasks to queue
[2023-08-09 16:47:19,720] {logging_mixin.py:104} INFO - [2023-08-09 16:47:19,713] {dagbag.py:496} INFO - Filling up the DagBag from /home/airflow/.local/lib/python3.6/site-packages/airflow/example_dags/example_skip_dag.py
[2023-08-09 16:47:19,760] {scheduler_job.py:643} INFO - DAG(s) dict_keys(['example_skip_dag']) retrieved from /home/airflow/.local/lib/python3.6/site-packages/airflow/example_dags/example_skip_dag.py
[2023-08-09 16:47:19,813] {logging_mixin.py:104} INFO - [2023-08-09 16:47:19,813] {dag.py:1833} INFO - Sync 1 DAGs
[2023-08-09 16:47:19,849] {logging_mixin.py:104} INFO - [2023-08-09 16:47:19,848] {dag.py:2306} INFO - Setting next_dagrun for example_skip_dag to 2023-08-07 00:00:00+00:00
[2023-08-09 16:47:19,878] {scheduler_job.py:190} INFO - Processing /home/airflow/.local/lib/python3.6/site-packages/airflow/example_dags/example_skip_dag.py took 0.183 seconds
[2023-08-09 16:47:49,976] {scheduler_job.py:182} INFO - Started process (PID=10218) to work on /home/airflow/.local/lib/python3.6/site-packages/airflow/example_dags/example_skip_dag.py
[2023-08-09 16:47:49,980] {scheduler_job.py:633} INFO - Processing file /home/airflow/.local/lib/python3.6/site-packages/airflow/example_dags/example_skip_dag.py for tasks to queue
[2023-08-09 16:47:49,993] {logging_mixin.py:104} INFO - [2023-08-09 16:47:49,992] {dagbag.py:496} INFO - Filling up the DagBag from /home/airflow/.local/lib/python3.6/site-packages/airflow/example_dags/example_skip_dag.py
[2023-08-09 16:47:50,054] {scheduler_job.py:643} INFO - DAG(s) dict_keys(['example_skip_dag']) retrieved from /home/airflow/.local/lib/python3.6/site-packages/airflow/example_dags/example_skip_dag.py
[2023-08-09 16:47:50,150] {logging_mixin.py:104} INFO - [2023-08-09 16:47:50,150] {dag.py:1833} INFO - Sync 1 DAGs
[2023-08-09 16:47:50,189] {logging_mixin.py:104} INFO - [2023-08-09 16:47:50,189] {dag.py:2306} INFO - Setting next_dagrun for example_skip_dag to 2023-08-07 00:00:00+00:00
[2023-08-09 16:47:50,260] {scheduler_job.py:190} INFO - Processing /home/airflow/.local/lib/python3.6/site-packages/airflow/example_dags/example_skip_dag.py took 0.288 seconds
[2023-08-09 16:48:21,188] {scheduler_job.py:182} INFO - Started process (PID=10269) to work on /home/airflow/.local/lib/python3.6/site-packages/airflow/example_dags/example_skip_dag.py
[2023-08-09 16:48:21,191] {scheduler_job.py:633} INFO - Processing file /home/airflow/.local/lib/python3.6/site-packages/airflow/example_dags/example_skip_dag.py for tasks to queue
[2023-08-09 16:48:21,193] {logging_mixin.py:104} INFO - [2023-08-09 16:48:21,193] {dagbag.py:496} INFO - Filling up the DagBag from /home/airflow/.local/lib/python3.6/site-packages/airflow/example_dags/example_skip_dag.py
[2023-08-09 16:48:21,219] {scheduler_job.py:643} INFO - DAG(s) dict_keys(['example_skip_dag']) retrieved from /home/airflow/.local/lib/python3.6/site-packages/airflow/example_dags/example_skip_dag.py
[2023-08-09 16:48:21,257] {logging_mixin.py:104} INFO - [2023-08-09 16:48:21,256] {dag.py:1833} INFO - Sync 1 DAGs
[2023-08-09 16:48:21,281] {logging_mixin.py:104} INFO - [2023-08-09 16:48:21,281] {dag.py:2306} INFO - Setting next_dagrun for example_skip_dag to 2023-08-07 00:00:00+00:00
[2023-08-09 16:48:21,309] {scheduler_job.py:190} INFO - Processing /home/airflow/.local/lib/python3.6/site-packages/airflow/example_dags/example_skip_dag.py took 0.126 seconds
[2023-08-09 16:48:51,372] {scheduler_job.py:182} INFO - Started process (PID=10320) to work on /home/airflow/.local/lib/python3.6/site-packages/airflow/example_dags/example_skip_dag.py
[2023-08-09 16:48:51,375] {scheduler_job.py:633} INFO - Processing file /home/airflow/.local/lib/python3.6/site-packages/airflow/example_dags/example_skip_dag.py for tasks to queue
[2023-08-09 16:48:51,378] {logging_mixin.py:104} INFO - [2023-08-09 16:48:51,377] {dagbag.py:496} INFO - Filling up the DagBag from /home/airflow/.local/lib/python3.6/site-packages/airflow/example_dags/example_skip_dag.py
[2023-08-09 16:48:51,396] {scheduler_job.py:643} INFO - DAG(s) dict_keys(['example_skip_dag']) retrieved from /home/airflow/.local/lib/python3.6/site-packages/airflow/example_dags/example_skip_dag.py
[2023-08-09 16:48:51,440] {logging_mixin.py:104} INFO - [2023-08-09 16:48:51,440] {dag.py:1833} INFO - Sync 1 DAGs
[2023-08-09 16:48:51,469] {logging_mixin.py:104} INFO - [2023-08-09 16:48:51,468] {dag.py:2306} INFO - Setting next_dagrun for example_skip_dag to 2023-08-07 00:00:00+00:00
[2023-08-09 16:48:51,488] {scheduler_job.py:190} INFO - Processing /home/airflow/.local/lib/python3.6/site-packages/airflow/example_dags/example_skip_dag.py took 0.123 seconds
[2023-08-09 16:49:22,511] {scheduler_job.py:182} INFO - Started process (PID=10380) to work on /home/airflow/.local/lib/python3.6/site-packages/airflow/example_dags/example_skip_dag.py
[2023-08-09 16:49:22,518] {scheduler_job.py:633} INFO - Processing file /home/airflow/.local/lib/python3.6/site-packages/airflow/example_dags/example_skip_dag.py for tasks to queue
[2023-08-09 16:49:22,532] {logging_mixin.py:104} INFO - [2023-08-09 16:49:22,531] {dagbag.py:496} INFO - Filling up the DagBag from /home/airflow/.local/lib/python3.6/site-packages/airflow/example_dags/example_skip_dag.py
[2023-08-09 16:49:22,582] {scheduler_job.py:643} INFO - DAG(s) dict_keys(['example_skip_dag']) retrieved from /home/airflow/.local/lib/python3.6/site-packages/airflow/example_dags/example_skip_dag.py
[2023-08-09 16:49:22,665] {logging_mixin.py:104} INFO - [2023-08-09 16:49:22,664] {dag.py:1833} INFO - Sync 1 DAGs
[2023-08-09 16:49:22,717] {logging_mixin.py:104} INFO - [2023-08-09 16:49:22,717] {dag.py:2306} INFO - Setting next_dagrun for example_skip_dag to 2023-08-07 00:00:00+00:00
[2023-08-09 16:49:22,750] {scheduler_job.py:190} INFO - Processing /home/airflow/.local/lib/python3.6/site-packages/airflow/example_dags/example_skip_dag.py took 0.254 seconds
[2023-08-09 16:49:53,007] {scheduler_job.py:182} INFO - Started process (PID=10432) to work on /home/airflow/.local/lib/python3.6/site-packages/airflow/example_dags/example_skip_dag.py
[2023-08-09 16:49:53,011] {scheduler_job.py:633} INFO - Processing file /home/airflow/.local/lib/python3.6/site-packages/airflow/example_dags/example_skip_dag.py for tasks to queue
[2023-08-09 16:49:53,013] {logging_mixin.py:104} INFO - [2023-08-09 16:49:53,013] {dagbag.py:496} INFO - Filling up the DagBag from /home/airflow/.local/lib/python3.6/site-packages/airflow/example_dags/example_skip_dag.py
[2023-08-09 16:49:53,034] {scheduler_job.py:643} INFO - DAG(s) dict_keys(['example_skip_dag']) retrieved from /home/airflow/.local/lib/python3.6/site-packages/airflow/example_dags/example_skip_dag.py
[2023-08-09 16:49:53,068] {logging_mixin.py:104} INFO - [2023-08-09 16:49:53,068] {dag.py:1833} INFO - Sync 1 DAGs
[2023-08-09 16:49:53,087] {logging_mixin.py:104} INFO - [2023-08-09 16:49:53,086] {dag.py:2306} INFO - Setting next_dagrun for example_skip_dag to 2023-08-07 00:00:00+00:00
[2023-08-09 16:49:53,106] {scheduler_job.py:190} INFO - Processing /home/airflow/.local/lib/python3.6/site-packages/airflow/example_dags/example_skip_dag.py took 0.106 seconds
[2023-08-09 16:50:24,128] {scheduler_job.py:182} INFO - Started process (PID=10482) to work on /home/airflow/.local/lib/python3.6/site-packages/airflow/example_dags/example_skip_dag.py
[2023-08-09 16:50:24,132] {scheduler_job.py:633} INFO - Processing file /home/airflow/.local/lib/python3.6/site-packages/airflow/example_dags/example_skip_dag.py for tasks to queue
[2023-08-09 16:50:24,135] {logging_mixin.py:104} INFO - [2023-08-09 16:50:24,134] {dagbag.py:496} INFO - Filling up the DagBag from /home/airflow/.local/lib/python3.6/site-packages/airflow/example_dags/example_skip_dag.py
[2023-08-09 16:50:24,172] {scheduler_job.py:643} INFO - DAG(s) dict_keys(['example_skip_dag']) retrieved from /home/airflow/.local/lib/python3.6/site-packages/airflow/example_dags/example_skip_dag.py
[2023-08-09 16:50:24,218] {logging_mixin.py:104} INFO - [2023-08-09 16:50:24,218] {dag.py:1833} INFO - Sync 1 DAGs
[2023-08-09 16:50:24,235] {logging_mixin.py:104} INFO - [2023-08-09 16:50:24,235] {dag.py:2306} INFO - Setting next_dagrun for example_skip_dag to 2023-08-07 00:00:00+00:00
[2023-08-09 16:50:24,267] {scheduler_job.py:190} INFO - Processing /home/airflow/.local/lib/python3.6/site-packages/airflow/example_dags/example_skip_dag.py took 0.144 seconds
[2023-08-09 16:50:55,761] {scheduler_job.py:182} INFO - Started process (PID=10541) to work on /home/airflow/.local/lib/python3.6/site-packages/airflow/example_dags/example_skip_dag.py
[2023-08-09 16:50:55,771] {scheduler_job.py:633} INFO - Processing file /home/airflow/.local/lib/python3.6/site-packages/airflow/example_dags/example_skip_dag.py for tasks to queue
[2023-08-09 16:50:55,775] {logging_mixin.py:104} INFO - [2023-08-09 16:50:55,774] {dagbag.py:496} INFO - Filling up the DagBag from /home/airflow/.local/lib/python3.6/site-packages/airflow/example_dags/example_skip_dag.py
[2023-08-09 16:50:55,833] {scheduler_job.py:643} INFO - DAG(s) dict_keys(['example_skip_dag']) retrieved from /home/airflow/.local/lib/python3.6/site-packages/airflow/example_dags/example_skip_dag.py
[2023-08-09 16:50:55,919] {logging_mixin.py:104} INFO - [2023-08-09 16:50:55,919] {dag.py:1833} INFO - Sync 1 DAGs
[2023-08-09 16:50:55,972] {logging_mixin.py:104} INFO - [2023-08-09 16:50:55,972] {dag.py:2306} INFO - Setting next_dagrun for example_skip_dag to 2023-08-07 00:00:00+00:00
[2023-08-09 16:50:56,018] {scheduler_job.py:190} INFO - Processing /home/airflow/.local/lib/python3.6/site-packages/airflow/example_dags/example_skip_dag.py took 0.262 seconds
[2023-08-09 16:51:26,650] {scheduler_job.py:182} INFO - Started process (PID=10592) to work on /home/airflow/.local/lib/python3.6/site-packages/airflow/example_dags/example_skip_dag.py
[2023-08-09 16:51:26,652] {scheduler_job.py:633} INFO - Processing file /home/airflow/.local/lib/python3.6/site-packages/airflow/example_dags/example_skip_dag.py for tasks to queue
[2023-08-09 16:51:26,654] {logging_mixin.py:104} INFO - [2023-08-09 16:51:26,654] {dagbag.py:496} INFO - Filling up the DagBag from /home/airflow/.local/lib/python3.6/site-packages/airflow/example_dags/example_skip_dag.py
[2023-08-09 16:51:26,678] {scheduler_job.py:643} INFO - DAG(s) dict_keys(['example_skip_dag']) retrieved from /home/airflow/.local/lib/python3.6/site-packages/airflow/example_dags/example_skip_dag.py
[2023-08-09 16:51:26,719] {logging_mixin.py:104} INFO - [2023-08-09 16:51:26,719] {dag.py:1833} INFO - Sync 1 DAGs
[2023-08-09 16:51:26,742] {logging_mixin.py:104} INFO - [2023-08-09 16:51:26,742] {dag.py:2306} INFO - Setting next_dagrun for example_skip_dag to 2023-08-07 00:00:00+00:00
[2023-08-09 16:51:26,764] {scheduler_job.py:190} INFO - Processing /home/airflow/.local/lib/python3.6/site-packages/airflow/example_dags/example_skip_dag.py took 0.122 seconds
[2023-08-09 16:51:57,019] {scheduler_job.py:182} INFO - Started process (PID=10642) to work on /home/airflow/.local/lib/python3.6/site-packages/airflow/example_dags/example_skip_dag.py
[2023-08-09 16:51:57,022] {scheduler_job.py:633} INFO - Processing file /home/airflow/.local/lib/python3.6/site-packages/airflow/example_dags/example_skip_dag.py for tasks to queue
[2023-08-09 16:51:57,023] {logging_mixin.py:104} INFO - [2023-08-09 16:51:57,023] {dagbag.py:496} INFO - Filling up the DagBag from /home/airflow/.local/lib/python3.6/site-packages/airflow/example_dags/example_skip_dag.py
[2023-08-09 16:51:57,046] {scheduler_job.py:643} INFO - DAG(s) dict_keys(['example_skip_dag']) retrieved from /home/airflow/.local/lib/python3.6/site-packages/airflow/example_dags/example_skip_dag.py
[2023-08-09 16:51:57,088] {logging_mixin.py:104} INFO - [2023-08-09 16:51:57,087] {dag.py:1833} INFO - Sync 1 DAGs
[2023-08-09 16:51:57,115] {logging_mixin.py:104} INFO - [2023-08-09 16:51:57,115] {dag.py:2306} INFO - Setting next_dagrun for example_skip_dag to 2023-08-07 00:00:00+00:00
[2023-08-09 16:51:57,135] {scheduler_job.py:190} INFO - Processing /home/airflow/.local/lib/python3.6/site-packages/airflow/example_dags/example_skip_dag.py took 0.123 seconds
[2023-08-09 16:52:27,260] {scheduler_job.py:182} INFO - Started process (PID=10693) to work on /home/airflow/.local/lib/python3.6/site-packages/airflow/example_dags/example_skip_dag.py
[2023-08-09 16:52:27,262] {scheduler_job.py:633} INFO - Processing file /home/airflow/.local/lib/python3.6/site-packages/airflow/example_dags/example_skip_dag.py for tasks to queue
[2023-08-09 16:52:27,264] {logging_mixin.py:104} INFO - [2023-08-09 16:52:27,264] {dagbag.py:496} INFO - Filling up the DagBag from /home/airflow/.local/lib/python3.6/site-packages/airflow/example_dags/example_skip_dag.py
[2023-08-09 16:52:27,282] {scheduler_job.py:643} INFO - DAG(s) dict_keys(['example_skip_dag']) retrieved from /home/airflow/.local/lib/python3.6/site-packages/airflow/example_dags/example_skip_dag.py
[2023-08-09 16:52:27,314] {logging_mixin.py:104} INFO - [2023-08-09 16:52:27,313] {dag.py:1833} INFO - Sync 1 DAGs
[2023-08-09 16:52:27,336] {logging_mixin.py:104} INFO - [2023-08-09 16:52:27,336] {dag.py:2306} INFO - Setting next_dagrun for example_skip_dag to 2023-08-07 00:00:00+00:00
[2023-08-09 16:52:27,356] {scheduler_job.py:190} INFO - Processing /home/airflow/.local/lib/python3.6/site-packages/airflow/example_dags/example_skip_dag.py took 0.103 seconds
[2023-08-09 16:52:58,188] {scheduler_job.py:182} INFO - Started process (PID=10754) to work on /home/airflow/.local/lib/python3.6/site-packages/airflow/example_dags/example_skip_dag.py
[2023-08-09 16:52:58,192] {scheduler_job.py:633} INFO - Processing file /home/airflow/.local/lib/python3.6/site-packages/airflow/example_dags/example_skip_dag.py for tasks to queue
[2023-08-09 16:52:58,194] {logging_mixin.py:104} INFO - [2023-08-09 16:52:58,194] {dagbag.py:496} INFO - Filling up the DagBag from /home/airflow/.local/lib/python3.6/site-packages/airflow/example_dags/example_skip_dag.py
[2023-08-09 16:52:58,243] {scheduler_job.py:643} INFO - DAG(s) dict_keys(['example_skip_dag']) retrieved from /home/airflow/.local/lib/python3.6/site-packages/airflow/example_dags/example_skip_dag.py
[2023-08-09 16:52:58,302] {logging_mixin.py:104} INFO - [2023-08-09 16:52:58,301] {dag.py:1833} INFO - Sync 1 DAGs
[2023-08-09 16:52:58,348] {logging_mixin.py:104} INFO - [2023-08-09 16:52:58,348] {dag.py:2306} INFO - Setting next_dagrun for example_skip_dag to 2023-08-07 00:00:00+00:00
[2023-08-09 16:52:58,375] {scheduler_job.py:190} INFO - Processing /home/airflow/.local/lib/python3.6/site-packages/airflow/example_dags/example_skip_dag.py took 0.201 seconds
[2023-08-09 16:53:29,134] {scheduler_job.py:182} INFO - Started process (PID=10805) to work on /home/airflow/.local/lib/python3.6/site-packages/airflow/example_dags/example_skip_dag.py
[2023-08-09 16:53:29,138] {scheduler_job.py:633} INFO - Processing file /home/airflow/.local/lib/python3.6/site-packages/airflow/example_dags/example_skip_dag.py for tasks to queue
[2023-08-09 16:53:29,141] {logging_mixin.py:104} INFO - [2023-08-09 16:53:29,140] {dagbag.py:496} INFO - Filling up the DagBag from /home/airflow/.local/lib/python3.6/site-packages/airflow/example_dags/example_skip_dag.py
[2023-08-09 16:53:29,183] {scheduler_job.py:643} INFO - DAG(s) dict_keys(['example_skip_dag']) retrieved from /home/airflow/.local/lib/python3.6/site-packages/airflow/example_dags/example_skip_dag.py
[2023-08-09 16:53:29,241] {logging_mixin.py:104} INFO - [2023-08-09 16:53:29,241] {dag.py:1833} INFO - Sync 1 DAGs
[2023-08-09 16:53:29,274] {logging_mixin.py:104} INFO - [2023-08-09 16:53:29,274] {dag.py:2306} INFO - Setting next_dagrun for example_skip_dag to 2023-08-07 00:00:00+00:00
[2023-08-09 16:53:29,303] {scheduler_job.py:190} INFO - Processing /home/airflow/.local/lib/python3.6/site-packages/airflow/example_dags/example_skip_dag.py took 0.177 seconds
[2023-08-09 16:53:59,436] {scheduler_job.py:182} INFO - Started process (PID=10856) to work on /home/airflow/.local/lib/python3.6/site-packages/airflow/example_dags/example_skip_dag.py
[2023-08-09 16:53:59,440] {scheduler_job.py:633} INFO - Processing file /home/airflow/.local/lib/python3.6/site-packages/airflow/example_dags/example_skip_dag.py for tasks to queue
[2023-08-09 16:53:59,443] {logging_mixin.py:104} INFO - [2023-08-09 16:53:59,443] {dagbag.py:496} INFO - Filling up the DagBag from /home/airflow/.local/lib/python3.6/site-packages/airflow/example_dags/example_skip_dag.py
[2023-08-09 16:53:59,491] {scheduler_job.py:643} INFO - DAG(s) dict_keys(['example_skip_dag']) retrieved from /home/airflow/.local/lib/python3.6/site-packages/airflow/example_dags/example_skip_dag.py
[2023-08-09 16:53:59,565] {logging_mixin.py:104} INFO - [2023-08-09 16:53:59,565] {dag.py:1833} INFO - Sync 1 DAGs
[2023-08-09 16:53:59,603] {logging_mixin.py:104} INFO - [2023-08-09 16:53:59,603] {dag.py:2306} INFO - Setting next_dagrun for example_skip_dag to 2023-08-07 00:00:00+00:00
[2023-08-09 16:53:59,637] {scheduler_job.py:190} INFO - Processing /home/airflow/.local/lib/python3.6/site-packages/airflow/example_dags/example_skip_dag.py took 0.211 seconds
[2023-08-09 16:54:29,914] {scheduler_job.py:182} INFO - Started process (PID=10916) to work on /home/airflow/.local/lib/python3.6/site-packages/airflow/example_dags/example_skip_dag.py
[2023-08-09 16:54:29,917] {scheduler_job.py:633} INFO - Processing file /home/airflow/.local/lib/python3.6/site-packages/airflow/example_dags/example_skip_dag.py for tasks to queue
[2023-08-09 16:54:29,926] {logging_mixin.py:104} INFO - [2023-08-09 16:54:29,925] {dagbag.py:496} INFO - Filling up the DagBag from /home/airflow/.local/lib/python3.6/site-packages/airflow/example_dags/example_skip_dag.py
[2023-08-09 16:54:29,962] {scheduler_job.py:643} INFO - DAG(s) dict_keys(['example_skip_dag']) retrieved from /home/airflow/.local/lib/python3.6/site-packages/airflow/example_dags/example_skip_dag.py
[2023-08-09 16:54:30,008] {logging_mixin.py:104} INFO - [2023-08-09 16:54:30,007] {dag.py:1833} INFO - Sync 1 DAGs
[2023-08-09 16:54:30,037] {logging_mixin.py:104} INFO - [2023-08-09 16:54:30,037] {dag.py:2306} INFO - Setting next_dagrun for example_skip_dag to 2023-08-07 00:00:00+00:00
[2023-08-09 16:54:30,070] {scheduler_job.py:190} INFO - Processing /home/airflow/.local/lib/python3.6/site-packages/airflow/example_dags/example_skip_dag.py took 0.160 seconds
[2023-08-09 16:55:00,965] {scheduler_job.py:182} INFO - Started process (PID=10965) to work on /home/airflow/.local/lib/python3.6/site-packages/airflow/example_dags/example_skip_dag.py
[2023-08-09 16:55:00,969] {scheduler_job.py:633} INFO - Processing file /home/airflow/.local/lib/python3.6/site-packages/airflow/example_dags/example_skip_dag.py for tasks to queue
[2023-08-09 16:55:00,971] {logging_mixin.py:104} INFO - [2023-08-09 16:55:00,971] {dagbag.py:496} INFO - Filling up the DagBag from /home/airflow/.local/lib/python3.6/site-packages/airflow/example_dags/example_skip_dag.py
[2023-08-09 16:55:00,996] {scheduler_job.py:643} INFO - DAG(s) dict_keys(['example_skip_dag']) retrieved from /home/airflow/.local/lib/python3.6/site-packages/airflow/example_dags/example_skip_dag.py
[2023-08-09 16:55:01,035] {logging_mixin.py:104} INFO - [2023-08-09 16:55:01,035] {dag.py:1833} INFO - Sync 1 DAGs
[2023-08-09 16:55:01,053] {logging_mixin.py:104} INFO - [2023-08-09 16:55:01,053] {dag.py:2306} INFO - Setting next_dagrun for example_skip_dag to 2023-08-07 00:00:00+00:00
[2023-08-09 16:55:01,071] {scheduler_job.py:190} INFO - Processing /home/airflow/.local/lib/python3.6/site-packages/airflow/example_dags/example_skip_dag.py took 0.113 seconds
[2023-08-09 16:55:32,048] {scheduler_job.py:182} INFO - Started process (PID=11016) to work on /home/airflow/.local/lib/python3.6/site-packages/airflow/example_dags/example_skip_dag.py
[2023-08-09 16:55:32,050] {scheduler_job.py:633} INFO - Processing file /home/airflow/.local/lib/python3.6/site-packages/airflow/example_dags/example_skip_dag.py for tasks to queue
[2023-08-09 16:55:32,052] {logging_mixin.py:104} INFO - [2023-08-09 16:55:32,052] {dagbag.py:496} INFO - Filling up the DagBag from /home/airflow/.local/lib/python3.6/site-packages/airflow/example_dags/example_skip_dag.py
[2023-08-09 16:55:32,085] {scheduler_job.py:643} INFO - DAG(s) dict_keys(['example_skip_dag']) retrieved from /home/airflow/.local/lib/python3.6/site-packages/airflow/example_dags/example_skip_dag.py
[2023-08-09 16:55:32,139] {logging_mixin.py:104} INFO - [2023-08-09 16:55:32,139] {dag.py:1833} INFO - Sync 1 DAGs
[2023-08-09 16:55:32,177] {logging_mixin.py:104} INFO - [2023-08-09 16:55:32,177] {dag.py:2306} INFO - Setting next_dagrun for example_skip_dag to 2023-08-07 00:00:00+00:00
[2023-08-09 16:55:32,217] {scheduler_job.py:190} INFO - Processing /home/airflow/.local/lib/python3.6/site-packages/airflow/example_dags/example_skip_dag.py took 0.176 seconds
[2023-08-09 16:56:02,910] {scheduler_job.py:182} INFO - Started process (PID=11075) to work on /home/airflow/.local/lib/python3.6/site-packages/airflow/example_dags/example_skip_dag.py
[2023-08-09 16:56:02,914] {scheduler_job.py:633} INFO - Processing file /home/airflow/.local/lib/python3.6/site-packages/airflow/example_dags/example_skip_dag.py for tasks to queue
[2023-08-09 16:56:02,915] {logging_mixin.py:104} INFO - [2023-08-09 16:56:02,915] {dagbag.py:496} INFO - Filling up the DagBag from /home/airflow/.local/lib/python3.6/site-packages/airflow/example_dags/example_skip_dag.py
[2023-08-09 16:56:02,936] {scheduler_job.py:643} INFO - DAG(s) dict_keys(['example_skip_dag']) retrieved from /home/airflow/.local/lib/python3.6/site-packages/airflow/example_dags/example_skip_dag.py
[2023-08-09 16:56:02,975] {logging_mixin.py:104} INFO - [2023-08-09 16:56:02,975] {dag.py:1833} INFO - Sync 1 DAGs
[2023-08-09 16:56:03,011] {logging_mixin.py:104} INFO - [2023-08-09 16:56:03,010] {dag.py:2306} INFO - Setting next_dagrun for example_skip_dag to 2023-08-07 00:00:00+00:00
[2023-08-09 16:56:03,035] {scheduler_job.py:190} INFO - Processing /home/airflow/.local/lib/python3.6/site-packages/airflow/example_dags/example_skip_dag.py took 0.138 seconds
[2023-08-09 16:56:33,764] {scheduler_job.py:182} INFO - Started process (PID=11128) to work on /home/airflow/.local/lib/python3.6/site-packages/airflow/example_dags/example_skip_dag.py
[2023-08-09 16:56:33,766] {scheduler_job.py:633} INFO - Processing file /home/airflow/.local/lib/python3.6/site-packages/airflow/example_dags/example_skip_dag.py for tasks to queue
[2023-08-09 16:56:33,768] {logging_mixin.py:104} INFO - [2023-08-09 16:56:33,768] {dagbag.py:496} INFO - Filling up the DagBag from /home/airflow/.local/lib/python3.6/site-packages/airflow/example_dags/example_skip_dag.py
[2023-08-09 16:56:33,794] {scheduler_job.py:643} INFO - DAG(s) dict_keys(['example_skip_dag']) retrieved from /home/airflow/.local/lib/python3.6/site-packages/airflow/example_dags/example_skip_dag.py
[2023-08-09 16:56:33,833] {logging_mixin.py:104} INFO - [2023-08-09 16:56:33,833] {dag.py:1833} INFO - Sync 1 DAGs
[2023-08-09 16:56:33,866] {logging_mixin.py:104} INFO - [2023-08-09 16:56:33,865] {dag.py:2306} INFO - Setting next_dagrun for example_skip_dag to 2023-08-07 00:00:00+00:00
[2023-08-09 16:56:33,899] {scheduler_job.py:190} INFO - Processing /home/airflow/.local/lib/python3.6/site-packages/airflow/example_dags/example_skip_dag.py took 0.142 seconds
[2023-08-09 16:57:04,047] {scheduler_job.py:182} INFO - Started process (PID=11178) to work on /home/airflow/.local/lib/python3.6/site-packages/airflow/example_dags/example_skip_dag.py
[2023-08-09 16:57:04,049] {scheduler_job.py:633} INFO - Processing file /home/airflow/.local/lib/python3.6/site-packages/airflow/example_dags/example_skip_dag.py for tasks to queue
[2023-08-09 16:57:04,051] {logging_mixin.py:104} INFO - [2023-08-09 16:57:04,051] {dagbag.py:496} INFO - Filling up the DagBag from /home/airflow/.local/lib/python3.6/site-packages/airflow/example_dags/example_skip_dag.py
[2023-08-09 16:57:04,069] {scheduler_job.py:643} INFO - DAG(s) dict_keys(['example_skip_dag']) retrieved from /home/airflow/.local/lib/python3.6/site-packages/airflow/example_dags/example_skip_dag.py
[2023-08-09 16:57:04,098] {logging_mixin.py:104} INFO - [2023-08-09 16:57:04,098] {dag.py:1833} INFO - Sync 1 DAGs
[2023-08-09 16:57:04,115] {logging_mixin.py:104} INFO - [2023-08-09 16:57:04,115] {dag.py:2306} INFO - Setting next_dagrun for example_skip_dag to 2023-08-07 00:00:00+00:00
[2023-08-09 16:57:04,129] {scheduler_job.py:190} INFO - Processing /home/airflow/.local/lib/python3.6/site-packages/airflow/example_dags/example_skip_dag.py took 0.092 seconds
[2023-08-09 16:57:34,513] {scheduler_job.py:182} INFO - Started process (PID=11237) to work on /home/airflow/.local/lib/python3.6/site-packages/airflow/example_dags/example_skip_dag.py
[2023-08-09 16:57:34,518] {scheduler_job.py:633} INFO - Processing file /home/airflow/.local/lib/python3.6/site-packages/airflow/example_dags/example_skip_dag.py for tasks to queue
[2023-08-09 16:57:34,524] {logging_mixin.py:104} INFO - [2023-08-09 16:57:34,524] {dagbag.py:496} INFO - Filling up the DagBag from /home/airflow/.local/lib/python3.6/site-packages/airflow/example_dags/example_skip_dag.py
[2023-08-09 16:57:34,559] {scheduler_job.py:643} INFO - DAG(s) dict_keys(['example_skip_dag']) retrieved from /home/airflow/.local/lib/python3.6/site-packages/airflow/example_dags/example_skip_dag.py
[2023-08-09 16:57:34,618] {logging_mixin.py:104} INFO - [2023-08-09 16:57:34,618] {dag.py:1833} INFO - Sync 1 DAGs
[2023-08-09 16:57:34,653] {logging_mixin.py:104} INFO - [2023-08-09 16:57:34,652] {dag.py:2306} INFO - Setting next_dagrun for example_skip_dag to 2023-08-07 00:00:00+00:00
[2023-08-09 16:57:34,686] {scheduler_job.py:190} INFO - Processing /home/airflow/.local/lib/python3.6/site-packages/airflow/example_dags/example_skip_dag.py took 0.184 seconds
[2023-08-09 16:58:05,085] {scheduler_job.py:182} INFO - Started process (PID=11291) to work on /home/airflow/.local/lib/python3.6/site-packages/airflow/example_dags/example_skip_dag.py
[2023-08-09 16:58:05,090] {scheduler_job.py:633} INFO - Processing file /home/airflow/.local/lib/python3.6/site-packages/airflow/example_dags/example_skip_dag.py for tasks to queue
[2023-08-09 16:58:05,093] {logging_mixin.py:104} INFO - [2023-08-09 16:58:05,093] {dagbag.py:496} INFO - Filling up the DagBag from /home/airflow/.local/lib/python3.6/site-packages/airflow/example_dags/example_skip_dag.py
[2023-08-09 16:58:05,115] {scheduler_job.py:643} INFO - DAG(s) dict_keys(['example_skip_dag']) retrieved from /home/airflow/.local/lib/python3.6/site-packages/airflow/example_dags/example_skip_dag.py
[2023-08-09 16:58:05,161] {logging_mixin.py:104} INFO - [2023-08-09 16:58:05,161] {dag.py:1833} INFO - Sync 1 DAGs
[2023-08-09 16:58:05,184] {logging_mixin.py:104} INFO - [2023-08-09 16:58:05,184] {dag.py:2306} INFO - Setting next_dagrun for example_skip_dag to 2023-08-07 00:00:00+00:00
[2023-08-09 16:58:05,203] {scheduler_job.py:190} INFO - Processing /home/airflow/.local/lib/python3.6/site-packages/airflow/example_dags/example_skip_dag.py took 0.125 seconds
