[2023-08-09 11:34:42,385] {scheduler_job.py:182} INFO - Started process (PID=7430) to work on /home/airflow/.local/lib/python3.6/site-packages/airflow/example_dags/tutorial.py
[2023-08-09 11:34:42,390] {scheduler_job.py:633} INFO - Processing file /home/airflow/.local/lib/python3.6/site-packages/airflow/example_dags/tutorial.py for tasks to queue
[2023-08-09 11:34:42,413] {logging_mixin.py:104} INFO - [2023-08-09 11:34:42,412] {dagbag.py:496} INFO - Filling up the DagBag from /home/airflow/.local/lib/python3.6/site-packages/airflow/example_dags/tutorial.py
[2023-08-09 11:34:42,527] {scheduler_job.py:643} INFO - DAG(s) dict_keys(['tutorial']) retrieved from /home/airflow/.local/lib/python3.6/site-packages/airflow/example_dags/tutorial.py
[2023-08-09 11:34:43,819] {logging_mixin.py:104} INFO - [2023-08-09 11:34:43,819] {dag.py:1833} INFO - Sync 1 DAGs
[2023-08-09 11:34:43,881] {logging_mixin.py:104} INFO - [2023-08-09 11:34:43,881] {dag.py:2306} INFO - Setting next_dagrun for tutorial to 2023-08-07 00:00:00+00:00
[2023-08-09 11:34:43,917] {scheduler_job.py:190} INFO - Processing /home/airflow/.local/lib/python3.6/site-packages/airflow/example_dags/tutorial.py took 1.574 seconds
[2023-08-09 11:35:14,253] {scheduler_job.py:182} INFO - Started process (PID=7474) to work on /home/airflow/.local/lib/python3.6/site-packages/airflow/example_dags/tutorial.py
[2023-08-09 11:35:14,282] {scheduler_job.py:633} INFO - Processing file /home/airflow/.local/lib/python3.6/site-packages/airflow/example_dags/tutorial.py for tasks to queue
[2023-08-09 11:35:14,286] {logging_mixin.py:104} INFO - [2023-08-09 11:35:14,286] {dagbag.py:496} INFO - Filling up the DagBag from /home/airflow/.local/lib/python3.6/site-packages/airflow/example_dags/tutorial.py
[2023-08-09 11:35:14,309] {scheduler_job.py:643} INFO - DAG(s) dict_keys(['tutorial']) retrieved from /home/airflow/.local/lib/python3.6/site-packages/airflow/example_dags/tutorial.py
[2023-08-09 11:35:14,344] {logging_mixin.py:104} INFO - [2023-08-09 11:35:14,344] {dag.py:1833} INFO - Sync 1 DAGs
[2023-08-09 11:35:14,364] {logging_mixin.py:104} INFO - [2023-08-09 11:35:14,364] {dag.py:2306} INFO - Setting next_dagrun for tutorial to 2023-08-07 00:00:00+00:00
[2023-08-09 11:35:14,529] {scheduler_job.py:190} INFO - Processing /home/airflow/.local/lib/python3.6/site-packages/airflow/example_dags/tutorial.py took 0.283 seconds
[2023-08-09 11:35:45,032] {scheduler_job.py:182} INFO - Started process (PID=7525) to work on /home/airflow/.local/lib/python3.6/site-packages/airflow/example_dags/tutorial.py
[2023-08-09 11:35:45,037] {scheduler_job.py:633} INFO - Processing file /home/airflow/.local/lib/python3.6/site-packages/airflow/example_dags/tutorial.py for tasks to queue
[2023-08-09 11:35:45,041] {logging_mixin.py:104} INFO - [2023-08-09 11:35:45,041] {dagbag.py:496} INFO - Filling up the DagBag from /home/airflow/.local/lib/python3.6/site-packages/airflow/example_dags/tutorial.py
[2023-08-09 11:35:45,070] {scheduler_job.py:643} INFO - DAG(s) dict_keys(['tutorial']) retrieved from /home/airflow/.local/lib/python3.6/site-packages/airflow/example_dags/tutorial.py
[2023-08-09 11:35:45,117] {logging_mixin.py:104} INFO - [2023-08-09 11:35:45,116] {dag.py:1833} INFO - Sync 1 DAGs
[2023-08-09 11:35:45,141] {logging_mixin.py:104} INFO - [2023-08-09 11:35:45,141] {dag.py:2306} INFO - Setting next_dagrun for tutorial to 2023-08-07 00:00:00+00:00
[2023-08-09 11:35:45,165] {scheduler_job.py:190} INFO - Processing /home/airflow/.local/lib/python3.6/site-packages/airflow/example_dags/tutorial.py took 0.140 seconds
[2023-08-09 11:36:15,593] {scheduler_job.py:182} INFO - Started process (PID=7575) to work on /home/airflow/.local/lib/python3.6/site-packages/airflow/example_dags/tutorial.py
[2023-08-09 11:36:15,600] {scheduler_job.py:633} INFO - Processing file /home/airflow/.local/lib/python3.6/site-packages/airflow/example_dags/tutorial.py for tasks to queue
[2023-08-09 11:36:15,608] {logging_mixin.py:104} INFO - [2023-08-09 11:36:15,605] {dagbag.py:496} INFO - Filling up the DagBag from /home/airflow/.local/lib/python3.6/site-packages/airflow/example_dags/tutorial.py
[2023-08-09 11:36:15,652] {scheduler_job.py:643} INFO - DAG(s) dict_keys(['tutorial']) retrieved from /home/airflow/.local/lib/python3.6/site-packages/airflow/example_dags/tutorial.py
[2023-08-09 11:36:15,694] {logging_mixin.py:104} INFO - [2023-08-09 11:36:15,694] {dag.py:1833} INFO - Sync 1 DAGs
[2023-08-09 11:36:15,720] {logging_mixin.py:104} INFO - [2023-08-09 11:36:15,720] {dag.py:2306} INFO - Setting next_dagrun for tutorial to 2023-08-07 00:00:00+00:00
[2023-08-09 11:36:15,740] {scheduler_job.py:190} INFO - Processing /home/airflow/.local/lib/python3.6/site-packages/airflow/example_dags/tutorial.py took 0.177 seconds
[2023-08-09 11:36:46,211] {scheduler_job.py:182} INFO - Started process (PID=7627) to work on /home/airflow/.local/lib/python3.6/site-packages/airflow/example_dags/tutorial.py
[2023-08-09 11:36:46,213] {scheduler_job.py:633} INFO - Processing file /home/airflow/.local/lib/python3.6/site-packages/airflow/example_dags/tutorial.py for tasks to queue
[2023-08-09 11:36:46,216] {logging_mixin.py:104} INFO - [2023-08-09 11:36:46,215] {dagbag.py:496} INFO - Filling up the DagBag from /home/airflow/.local/lib/python3.6/site-packages/airflow/example_dags/tutorial.py
[2023-08-09 11:36:46,242] {scheduler_job.py:643} INFO - DAG(s) dict_keys(['tutorial']) retrieved from /home/airflow/.local/lib/python3.6/site-packages/airflow/example_dags/tutorial.py
[2023-08-09 11:36:46,280] {logging_mixin.py:104} INFO - [2023-08-09 11:36:46,280] {dag.py:1833} INFO - Sync 1 DAGs
[2023-08-09 11:36:46,303] {logging_mixin.py:104} INFO - [2023-08-09 11:36:46,303] {dag.py:2306} INFO - Setting next_dagrun for tutorial to 2023-08-07 00:00:00+00:00
[2023-08-09 11:36:46,322] {scheduler_job.py:190} INFO - Processing /home/airflow/.local/lib/python3.6/site-packages/airflow/example_dags/tutorial.py took 0.118 seconds
[2023-08-09 11:37:16,982] {scheduler_job.py:182} INFO - Started process (PID=7679) to work on /home/airflow/.local/lib/python3.6/site-packages/airflow/example_dags/tutorial.py
[2023-08-09 11:37:16,984] {scheduler_job.py:633} INFO - Processing file /home/airflow/.local/lib/python3.6/site-packages/airflow/example_dags/tutorial.py for tasks to queue
[2023-08-09 11:37:16,986] {logging_mixin.py:104} INFO - [2023-08-09 11:37:16,985] {dagbag.py:496} INFO - Filling up the DagBag from /home/airflow/.local/lib/python3.6/site-packages/airflow/example_dags/tutorial.py
[2023-08-09 11:37:17,015] {scheduler_job.py:643} INFO - DAG(s) dict_keys(['tutorial']) retrieved from /home/airflow/.local/lib/python3.6/site-packages/airflow/example_dags/tutorial.py
[2023-08-09 11:37:17,068] {logging_mixin.py:104} INFO - [2023-08-09 11:37:17,068] {dag.py:1833} INFO - Sync 1 DAGs
[2023-08-09 11:37:17,101] {logging_mixin.py:104} INFO - [2023-08-09 11:37:17,101] {dag.py:2306} INFO - Setting next_dagrun for tutorial to 2023-08-07 00:00:00+00:00
[2023-08-09 11:37:17,126] {scheduler_job.py:190} INFO - Processing /home/airflow/.local/lib/python3.6/site-packages/airflow/example_dags/tutorial.py took 0.150 seconds
[2023-08-09 11:37:48,099] {scheduler_job.py:182} INFO - Started process (PID=7729) to work on /home/airflow/.local/lib/python3.6/site-packages/airflow/example_dags/tutorial.py
[2023-08-09 11:37:48,106] {scheduler_job.py:633} INFO - Processing file /home/airflow/.local/lib/python3.6/site-packages/airflow/example_dags/tutorial.py for tasks to queue
[2023-08-09 11:37:48,109] {logging_mixin.py:104} INFO - [2023-08-09 11:37:48,109] {dagbag.py:496} INFO - Filling up the DagBag from /home/airflow/.local/lib/python3.6/site-packages/airflow/example_dags/tutorial.py
[2023-08-09 11:37:48,147] {scheduler_job.py:643} INFO - DAG(s) dict_keys(['tutorial']) retrieved from /home/airflow/.local/lib/python3.6/site-packages/airflow/example_dags/tutorial.py
[2023-08-09 11:37:48,193] {logging_mixin.py:104} INFO - [2023-08-09 11:37:48,193] {dag.py:1833} INFO - Sync 1 DAGs
[2023-08-09 11:37:48,220] {logging_mixin.py:104} INFO - [2023-08-09 11:37:48,220] {dag.py:2306} INFO - Setting next_dagrun for tutorial to 2023-08-07 00:00:00+00:00
[2023-08-09 11:37:48,255] {scheduler_job.py:190} INFO - Processing /home/airflow/.local/lib/python3.6/site-packages/airflow/example_dags/tutorial.py took 0.165 seconds
[2023-08-09 11:38:18,383] {scheduler_job.py:182} INFO - Started process (PID=7778) to work on /home/airflow/.local/lib/python3.6/site-packages/airflow/example_dags/tutorial.py
[2023-08-09 11:38:18,392] {scheduler_job.py:633} INFO - Processing file /home/airflow/.local/lib/python3.6/site-packages/airflow/example_dags/tutorial.py for tasks to queue
[2023-08-09 11:38:18,397] {logging_mixin.py:104} INFO - [2023-08-09 11:38:18,397] {dagbag.py:496} INFO - Filling up the DagBag from /home/airflow/.local/lib/python3.6/site-packages/airflow/example_dags/tutorial.py
[2023-08-09 11:38:18,433] {scheduler_job.py:643} INFO - DAG(s) dict_keys(['tutorial']) retrieved from /home/airflow/.local/lib/python3.6/site-packages/airflow/example_dags/tutorial.py
[2023-08-09 11:38:18,479] {logging_mixin.py:104} INFO - [2023-08-09 11:38:18,479] {dag.py:1833} INFO - Sync 1 DAGs
[2023-08-09 11:38:18,530] {logging_mixin.py:104} INFO - [2023-08-09 11:38:18,530] {dag.py:2306} INFO - Setting next_dagrun for tutorial to 2023-08-07 00:00:00+00:00
[2023-08-09 11:38:18,583] {scheduler_job.py:190} INFO - Processing /home/airflow/.local/lib/python3.6/site-packages/airflow/example_dags/tutorial.py took 0.226 seconds
[2023-08-09 11:38:48,907] {scheduler_job.py:182} INFO - Started process (PID=7827) to work on /home/airflow/.local/lib/python3.6/site-packages/airflow/example_dags/tutorial.py
[2023-08-09 11:38:48,916] {scheduler_job.py:633} INFO - Processing file /home/airflow/.local/lib/python3.6/site-packages/airflow/example_dags/tutorial.py for tasks to queue
[2023-08-09 11:38:48,927] {logging_mixin.py:104} INFO - [2023-08-09 11:38:48,925] {dagbag.py:496} INFO - Filling up the DagBag from /home/airflow/.local/lib/python3.6/site-packages/airflow/example_dags/tutorial.py
[2023-08-09 11:38:48,967] {scheduler_job.py:643} INFO - DAG(s) dict_keys(['tutorial']) retrieved from /home/airflow/.local/lib/python3.6/site-packages/airflow/example_dags/tutorial.py
[2023-08-09 11:38:49,006] {logging_mixin.py:104} INFO - [2023-08-09 11:38:49,006] {dag.py:1833} INFO - Sync 1 DAGs
[2023-08-09 11:38:49,025] {logging_mixin.py:104} INFO - [2023-08-09 11:38:49,025] {dag.py:2306} INFO - Setting next_dagrun for tutorial to 2023-08-07 00:00:00+00:00
[2023-08-09 11:38:49,048] {scheduler_job.py:190} INFO - Processing /home/airflow/.local/lib/python3.6/site-packages/airflow/example_dags/tutorial.py took 0.163 seconds
[2023-08-09 11:39:19,175] {scheduler_job.py:182} INFO - Started process (PID=7878) to work on /home/airflow/.local/lib/python3.6/site-packages/airflow/example_dags/tutorial.py
[2023-08-09 11:39:19,179] {scheduler_job.py:633} INFO - Processing file /home/airflow/.local/lib/python3.6/site-packages/airflow/example_dags/tutorial.py for tasks to queue
[2023-08-09 11:39:19,183] {logging_mixin.py:104} INFO - [2023-08-09 11:39:19,182] {dagbag.py:496} INFO - Filling up the DagBag from /home/airflow/.local/lib/python3.6/site-packages/airflow/example_dags/tutorial.py
[2023-08-09 11:39:19,271] {scheduler_job.py:643} INFO - DAG(s) dict_keys(['tutorial']) retrieved from /home/airflow/.local/lib/python3.6/site-packages/airflow/example_dags/tutorial.py
[2023-08-09 11:39:19,382] {logging_mixin.py:104} INFO - [2023-08-09 11:39:19,382] {dag.py:1833} INFO - Sync 1 DAGs
[2023-08-09 11:39:19,444] {logging_mixin.py:104} INFO - [2023-08-09 11:39:19,444] {dag.py:2306} INFO - Setting next_dagrun for tutorial to 2023-08-07 00:00:00+00:00
[2023-08-09 11:39:19,514] {scheduler_job.py:190} INFO - Processing /home/airflow/.local/lib/python3.6/site-packages/airflow/example_dags/tutorial.py took 0.353 seconds
[2023-08-09 16:25:55,559] {scheduler_job.py:182} INFO - Started process (PID=7916) to work on /home/airflow/.local/lib/python3.6/site-packages/airflow/example_dags/tutorial.py
[2023-08-09 16:25:55,561] {scheduler_job.py:633} INFO - Processing file /home/airflow/.local/lib/python3.6/site-packages/airflow/example_dags/tutorial.py for tasks to queue
[2023-08-09 16:25:55,567] {logging_mixin.py:104} INFO - [2023-08-09 16:25:55,567] {dagbag.py:496} INFO - Filling up the DagBag from /home/airflow/.local/lib/python3.6/site-packages/airflow/example_dags/tutorial.py
[2023-08-09 16:25:55,626] {scheduler_job.py:643} INFO - DAG(s) dict_keys(['tutorial']) retrieved from /home/airflow/.local/lib/python3.6/site-packages/airflow/example_dags/tutorial.py
[2023-08-09 16:25:55,721] {logging_mixin.py:104} INFO - [2023-08-09 16:25:55,721] {dag.py:1833} INFO - Sync 1 DAGs
[2023-08-09 16:25:55,778] {logging_mixin.py:104} INFO - [2023-08-09 16:25:55,777] {dag.py:2306} INFO - Setting next_dagrun for tutorial to 2023-08-07 00:00:00+00:00
[2023-08-09 16:25:55,824] {scheduler_job.py:190} INFO - Processing /home/airflow/.local/lib/python3.6/site-packages/airflow/example_dags/tutorial.py took 0.277 seconds
[2023-08-09 16:26:25,943] {scheduler_job.py:182} INFO - Started process (PID=7966) to work on /home/airflow/.local/lib/python3.6/site-packages/airflow/example_dags/tutorial.py
[2023-08-09 16:26:25,946] {scheduler_job.py:633} INFO - Processing file /home/airflow/.local/lib/python3.6/site-packages/airflow/example_dags/tutorial.py for tasks to queue
[2023-08-09 16:26:25,948] {logging_mixin.py:104} INFO - [2023-08-09 16:26:25,948] {dagbag.py:496} INFO - Filling up the DagBag from /home/airflow/.local/lib/python3.6/site-packages/airflow/example_dags/tutorial.py
[2023-08-09 16:26:25,977] {scheduler_job.py:643} INFO - DAG(s) dict_keys(['tutorial']) retrieved from /home/airflow/.local/lib/python3.6/site-packages/airflow/example_dags/tutorial.py
[2023-08-09 16:26:26,012] {logging_mixin.py:104} INFO - [2023-08-09 16:26:26,012] {dag.py:1833} INFO - Sync 1 DAGs
[2023-08-09 16:26:26,029] {logging_mixin.py:104} INFO - [2023-08-09 16:26:26,029] {dag.py:2306} INFO - Setting next_dagrun for tutorial to 2023-08-07 00:00:00+00:00
[2023-08-09 16:26:26,043] {scheduler_job.py:190} INFO - Processing /home/airflow/.local/lib/python3.6/site-packages/airflow/example_dags/tutorial.py took 0.106 seconds
[2023-08-09 16:26:56,732] {scheduler_job.py:182} INFO - Started process (PID=8017) to work on /home/airflow/.local/lib/python3.6/site-packages/airflow/example_dags/tutorial.py
[2023-08-09 16:26:56,737] {scheduler_job.py:633} INFO - Processing file /home/airflow/.local/lib/python3.6/site-packages/airflow/example_dags/tutorial.py for tasks to queue
[2023-08-09 16:26:56,741] {logging_mixin.py:104} INFO - [2023-08-09 16:26:56,740] {dagbag.py:496} INFO - Filling up the DagBag from /home/airflow/.local/lib/python3.6/site-packages/airflow/example_dags/tutorial.py
[2023-08-09 16:26:56,767] {scheduler_job.py:643} INFO - DAG(s) dict_keys(['tutorial']) retrieved from /home/airflow/.local/lib/python3.6/site-packages/airflow/example_dags/tutorial.py
[2023-08-09 16:26:56,809] {logging_mixin.py:104} INFO - [2023-08-09 16:26:56,809] {dag.py:1833} INFO - Sync 1 DAGs
[2023-08-09 16:26:56,826] {logging_mixin.py:104} INFO - [2023-08-09 16:26:56,826] {dag.py:2306} INFO - Setting next_dagrun for tutorial to 2023-08-07 00:00:00+00:00
[2023-08-09 16:26:56,842] {scheduler_job.py:190} INFO - Processing /home/airflow/.local/lib/python3.6/site-packages/airflow/example_dags/tutorial.py took 0.117 seconds
[2023-08-09 16:27:27,009] {scheduler_job.py:182} INFO - Started process (PID=8067) to work on /home/airflow/.local/lib/python3.6/site-packages/airflow/example_dags/tutorial.py
[2023-08-09 16:27:27,014] {scheduler_job.py:633} INFO - Processing file /home/airflow/.local/lib/python3.6/site-packages/airflow/example_dags/tutorial.py for tasks to queue
[2023-08-09 16:27:27,017] {logging_mixin.py:104} INFO - [2023-08-09 16:27:27,017] {dagbag.py:496} INFO - Filling up the DagBag from /home/airflow/.local/lib/python3.6/site-packages/airflow/example_dags/tutorial.py
[2023-08-09 16:27:27,045] {scheduler_job.py:643} INFO - DAG(s) dict_keys(['tutorial']) retrieved from /home/airflow/.local/lib/python3.6/site-packages/airflow/example_dags/tutorial.py
[2023-08-09 16:27:27,086] {logging_mixin.py:104} INFO - [2023-08-09 16:27:27,086] {dag.py:1833} INFO - Sync 1 DAGs
[2023-08-09 16:27:27,113] {logging_mixin.py:104} INFO - [2023-08-09 16:27:27,112] {dag.py:2306} INFO - Setting next_dagrun for tutorial to 2023-08-07 00:00:00+00:00
[2023-08-09 16:27:27,132] {scheduler_job.py:190} INFO - Processing /home/airflow/.local/lib/python3.6/site-packages/airflow/example_dags/tutorial.py took 0.128 seconds
[2023-08-09 16:27:58,258] {scheduler_job.py:182} INFO - Started process (PID=8128) to work on /home/airflow/.local/lib/python3.6/site-packages/airflow/example_dags/tutorial.py
[2023-08-09 16:27:58,283] {scheduler_job.py:633} INFO - Processing file /home/airflow/.local/lib/python3.6/site-packages/airflow/example_dags/tutorial.py for tasks to queue
[2023-08-09 16:27:58,286] {logging_mixin.py:104} INFO - [2023-08-09 16:27:58,286] {dagbag.py:496} INFO - Filling up the DagBag from /home/airflow/.local/lib/python3.6/site-packages/airflow/example_dags/tutorial.py
[2023-08-09 16:27:58,389] {scheduler_job.py:643} INFO - DAG(s) dict_keys(['tutorial']) retrieved from /home/airflow/.local/lib/python3.6/site-packages/airflow/example_dags/tutorial.py
[2023-08-09 16:27:58,471] {logging_mixin.py:104} INFO - [2023-08-09 16:27:58,471] {dag.py:1833} INFO - Sync 1 DAGs
[2023-08-09 16:27:58,512] {logging_mixin.py:104} INFO - [2023-08-09 16:27:58,512] {dag.py:2306} INFO - Setting next_dagrun for tutorial to 2023-08-07 00:00:00+00:00
[2023-08-09 16:27:58,555] {scheduler_job.py:190} INFO - Processing /home/airflow/.local/lib/python3.6/site-packages/airflow/example_dags/tutorial.py took 0.316 seconds
[2023-08-09 16:28:28,799] {scheduler_job.py:182} INFO - Started process (PID=8177) to work on /home/airflow/.local/lib/python3.6/site-packages/airflow/example_dags/tutorial.py
[2023-08-09 16:28:28,803] {scheduler_job.py:633} INFO - Processing file /home/airflow/.local/lib/python3.6/site-packages/airflow/example_dags/tutorial.py for tasks to queue
[2023-08-09 16:28:28,805] {logging_mixin.py:104} INFO - [2023-08-09 16:28:28,805] {dagbag.py:496} INFO - Filling up the DagBag from /home/airflow/.local/lib/python3.6/site-packages/airflow/example_dags/tutorial.py
[2023-08-09 16:28:28,844] {scheduler_job.py:643} INFO - DAG(s) dict_keys(['tutorial']) retrieved from /home/airflow/.local/lib/python3.6/site-packages/airflow/example_dags/tutorial.py
[2023-08-09 16:28:28,930] {logging_mixin.py:104} INFO - [2023-08-09 16:28:28,930] {dag.py:1833} INFO - Sync 1 DAGs
[2023-08-09 16:28:28,954] {logging_mixin.py:104} INFO - [2023-08-09 16:28:28,954] {dag.py:2306} INFO - Setting next_dagrun for tutorial to 2023-08-07 00:00:00+00:00
[2023-08-09 16:28:28,972] {scheduler_job.py:190} INFO - Processing /home/airflow/.local/lib/python3.6/site-packages/airflow/example_dags/tutorial.py took 0.180 seconds
[2023-08-09 16:28:59,100] {scheduler_job.py:182} INFO - Started process (PID=8228) to work on /home/airflow/.local/lib/python3.6/site-packages/airflow/example_dags/tutorial.py
[2023-08-09 16:28:59,106] {scheduler_job.py:633} INFO - Processing file /home/airflow/.local/lib/python3.6/site-packages/airflow/example_dags/tutorial.py for tasks to queue
[2023-08-09 16:28:59,109] {logging_mixin.py:104} INFO - [2023-08-09 16:28:59,108] {dagbag.py:496} INFO - Filling up the DagBag from /home/airflow/.local/lib/python3.6/site-packages/airflow/example_dags/tutorial.py
[2023-08-09 16:28:59,136] {scheduler_job.py:643} INFO - DAG(s) dict_keys(['tutorial']) retrieved from /home/airflow/.local/lib/python3.6/site-packages/airflow/example_dags/tutorial.py
[2023-08-09 16:28:59,195] {logging_mixin.py:104} INFO - [2023-08-09 16:28:59,195] {dag.py:1833} INFO - Sync 1 DAGs
[2023-08-09 16:28:59,216] {logging_mixin.py:104} INFO - [2023-08-09 16:28:59,216] {dag.py:2306} INFO - Setting next_dagrun for tutorial to 2023-08-07 00:00:00+00:00
[2023-08-09 16:28:59,233] {scheduler_job.py:190} INFO - Processing /home/airflow/.local/lib/python3.6/site-packages/airflow/example_dags/tutorial.py took 0.140 seconds
[2023-08-09 16:29:29,311] {scheduler_job.py:182} INFO - Started process (PID=8288) to work on /home/airflow/.local/lib/python3.6/site-packages/airflow/example_dags/tutorial.py
[2023-08-09 16:29:29,316] {scheduler_job.py:633} INFO - Processing file /home/airflow/.local/lib/python3.6/site-packages/airflow/example_dags/tutorial.py for tasks to queue
[2023-08-09 16:29:29,323] {logging_mixin.py:104} INFO - [2023-08-09 16:29:29,319] {dagbag.py:496} INFO - Filling up the DagBag from /home/airflow/.local/lib/python3.6/site-packages/airflow/example_dags/tutorial.py
[2023-08-09 16:29:29,360] {scheduler_job.py:643} INFO - DAG(s) dict_keys(['tutorial']) retrieved from /home/airflow/.local/lib/python3.6/site-packages/airflow/example_dags/tutorial.py
[2023-08-09 16:29:29,416] {logging_mixin.py:104} INFO - [2023-08-09 16:29:29,416] {dag.py:1833} INFO - Sync 1 DAGs
[2023-08-09 16:29:29,433] {logging_mixin.py:104} INFO - [2023-08-09 16:29:29,433] {dag.py:2306} INFO - Setting next_dagrun for tutorial to 2023-08-07 00:00:00+00:00
[2023-08-09 16:29:29,450] {scheduler_job.py:190} INFO - Processing /home/airflow/.local/lib/python3.6/site-packages/airflow/example_dags/tutorial.py took 0.144 seconds
[2023-08-09 16:30:00,109] {scheduler_job.py:182} INFO - Started process (PID=8339) to work on /home/airflow/.local/lib/python3.6/site-packages/airflow/example_dags/tutorial.py
[2023-08-09 16:30:00,113] {scheduler_job.py:633} INFO - Processing file /home/airflow/.local/lib/python3.6/site-packages/airflow/example_dags/tutorial.py for tasks to queue
[2023-08-09 16:30:00,116] {logging_mixin.py:104} INFO - [2023-08-09 16:30:00,116] {dagbag.py:496} INFO - Filling up the DagBag from /home/airflow/.local/lib/python3.6/site-packages/airflow/example_dags/tutorial.py
[2023-08-09 16:30:00,160] {scheduler_job.py:643} INFO - DAG(s) dict_keys(['tutorial']) retrieved from /home/airflow/.local/lib/python3.6/site-packages/airflow/example_dags/tutorial.py
[2023-08-09 16:30:00,294] {logging_mixin.py:104} INFO - [2023-08-09 16:30:00,294] {dag.py:1833} INFO - Sync 1 DAGs
[2023-08-09 16:30:00,323] {logging_mixin.py:104} INFO - [2023-08-09 16:30:00,323] {dag.py:2306} INFO - Setting next_dagrun for tutorial to 2023-08-07 00:00:00+00:00
[2023-08-09 16:30:00,362] {scheduler_job.py:190} INFO - Processing /home/airflow/.local/lib/python3.6/site-packages/airflow/example_dags/tutorial.py took 0.266 seconds
[2023-08-09 16:30:31,576] {scheduler_job.py:182} INFO - Started process (PID=8390) to work on /home/airflow/.local/lib/python3.6/site-packages/airflow/example_dags/tutorial.py
[2023-08-09 16:30:31,584] {scheduler_job.py:633} INFO - Processing file /home/airflow/.local/lib/python3.6/site-packages/airflow/example_dags/tutorial.py for tasks to queue
[2023-08-09 16:30:31,586] {logging_mixin.py:104} INFO - [2023-08-09 16:30:31,586] {dagbag.py:496} INFO - Filling up the DagBag from /home/airflow/.local/lib/python3.6/site-packages/airflow/example_dags/tutorial.py
[2023-08-09 16:30:31,605] {scheduler_job.py:643} INFO - DAG(s) dict_keys(['tutorial']) retrieved from /home/airflow/.local/lib/python3.6/site-packages/airflow/example_dags/tutorial.py
[2023-08-09 16:30:31,636] {logging_mixin.py:104} INFO - [2023-08-09 16:30:31,636] {dag.py:1833} INFO - Sync 1 DAGs
[2023-08-09 16:30:31,655] {logging_mixin.py:104} INFO - [2023-08-09 16:30:31,655] {dag.py:2306} INFO - Setting next_dagrun for tutorial to 2023-08-07 00:00:00+00:00
[2023-08-09 16:30:31,670] {scheduler_job.py:190} INFO - Processing /home/airflow/.local/lib/python3.6/site-packages/airflow/example_dags/tutorial.py took 0.108 seconds
[2023-08-09 16:31:02,340] {scheduler_job.py:182} INFO - Started process (PID=8451) to work on /home/airflow/.local/lib/python3.6/site-packages/airflow/example_dags/tutorial.py
[2023-08-09 16:31:02,350] {scheduler_job.py:633} INFO - Processing file /home/airflow/.local/lib/python3.6/site-packages/airflow/example_dags/tutorial.py for tasks to queue
[2023-08-09 16:31:02,351] {logging_mixin.py:104} INFO - [2023-08-09 16:31:02,351] {dagbag.py:496} INFO - Filling up the DagBag from /home/airflow/.local/lib/python3.6/site-packages/airflow/example_dags/tutorial.py
[2023-08-09 16:31:02,387] {scheduler_job.py:643} INFO - DAG(s) dict_keys(['tutorial']) retrieved from /home/airflow/.local/lib/python3.6/site-packages/airflow/example_dags/tutorial.py
[2023-08-09 16:31:02,452] {logging_mixin.py:104} INFO - [2023-08-09 16:31:02,452] {dag.py:1833} INFO - Sync 1 DAGs
[2023-08-09 16:31:02,483] {logging_mixin.py:104} INFO - [2023-08-09 16:31:02,483] {dag.py:2306} INFO - Setting next_dagrun for tutorial to 2023-08-07 00:00:00+00:00
[2023-08-09 16:31:02,513] {scheduler_job.py:190} INFO - Processing /home/airflow/.local/lib/python3.6/site-packages/airflow/example_dags/tutorial.py took 0.179 seconds
[2023-08-09 16:31:33,331] {scheduler_job.py:182} INFO - Started process (PID=8502) to work on /home/airflow/.local/lib/python3.6/site-packages/airflow/example_dags/tutorial.py
[2023-08-09 16:31:33,333] {scheduler_job.py:633} INFO - Processing file /home/airflow/.local/lib/python3.6/site-packages/airflow/example_dags/tutorial.py for tasks to queue
[2023-08-09 16:31:33,335] {logging_mixin.py:104} INFO - [2023-08-09 16:31:33,335] {dagbag.py:496} INFO - Filling up the DagBag from /home/airflow/.local/lib/python3.6/site-packages/airflow/example_dags/tutorial.py
[2023-08-09 16:31:33,354] {scheduler_job.py:643} INFO - DAG(s) dict_keys(['tutorial']) retrieved from /home/airflow/.local/lib/python3.6/site-packages/airflow/example_dags/tutorial.py
[2023-08-09 16:31:33,389] {logging_mixin.py:104} INFO - [2023-08-09 16:31:33,388] {dag.py:1833} INFO - Sync 1 DAGs
[2023-08-09 16:31:33,413] {logging_mixin.py:104} INFO - [2023-08-09 16:31:33,413] {dag.py:2306} INFO - Setting next_dagrun for tutorial to 2023-08-07 00:00:00+00:00
[2023-08-09 16:31:33,431] {scheduler_job.py:190} INFO - Processing /home/airflow/.local/lib/python3.6/site-packages/airflow/example_dags/tutorial.py took 0.106 seconds
[2023-08-09 16:32:04,164] {scheduler_job.py:182} INFO - Started process (PID=8553) to work on /home/airflow/.local/lib/python3.6/site-packages/airflow/example_dags/tutorial.py
[2023-08-09 16:32:04,168] {scheduler_job.py:633} INFO - Processing file /home/airflow/.local/lib/python3.6/site-packages/airflow/example_dags/tutorial.py for tasks to queue
[2023-08-09 16:32:04,171] {logging_mixin.py:104} INFO - [2023-08-09 16:32:04,171] {dagbag.py:496} INFO - Filling up the DagBag from /home/airflow/.local/lib/python3.6/site-packages/airflow/example_dags/tutorial.py
[2023-08-09 16:32:04,208] {scheduler_job.py:643} INFO - DAG(s) dict_keys(['tutorial']) retrieved from /home/airflow/.local/lib/python3.6/site-packages/airflow/example_dags/tutorial.py
[2023-08-09 16:32:04,249] {logging_mixin.py:104} INFO - [2023-08-09 16:32:04,248] {dag.py:1833} INFO - Sync 1 DAGs
[2023-08-09 16:32:04,272] {logging_mixin.py:104} INFO - [2023-08-09 16:32:04,271] {dag.py:2306} INFO - Setting next_dagrun for tutorial to 2023-08-07 00:00:00+00:00
[2023-08-09 16:32:04,290] {scheduler_job.py:190} INFO - Processing /home/airflow/.local/lib/python3.6/site-packages/airflow/example_dags/tutorial.py took 0.131 seconds
[2023-08-09 16:32:34,879] {scheduler_job.py:182} INFO - Started process (PID=8611) to work on /home/airflow/.local/lib/python3.6/site-packages/airflow/example_dags/tutorial.py
[2023-08-09 16:32:34,883] {scheduler_job.py:633} INFO - Processing file /home/airflow/.local/lib/python3.6/site-packages/airflow/example_dags/tutorial.py for tasks to queue
[2023-08-09 16:32:34,893] {logging_mixin.py:104} INFO - [2023-08-09 16:32:34,893] {dagbag.py:496} INFO - Filling up the DagBag from /home/airflow/.local/lib/python3.6/site-packages/airflow/example_dags/tutorial.py
[2023-08-09 16:32:34,948] {scheduler_job.py:643} INFO - DAG(s) dict_keys(['tutorial']) retrieved from /home/airflow/.local/lib/python3.6/site-packages/airflow/example_dags/tutorial.py
[2023-08-09 16:32:35,005] {logging_mixin.py:104} INFO - [2023-08-09 16:32:35,005] {dag.py:1833} INFO - Sync 1 DAGs
[2023-08-09 16:32:35,038] {logging_mixin.py:104} INFO - [2023-08-09 16:32:35,038] {dag.py:2306} INFO - Setting next_dagrun for tutorial to 2023-08-07 00:00:00+00:00
[2023-08-09 16:32:35,063] {scheduler_job.py:190} INFO - Processing /home/airflow/.local/lib/python3.6/site-packages/airflow/example_dags/tutorial.py took 0.196 seconds
[2023-08-09 16:33:05,130] {scheduler_job.py:182} INFO - Started process (PID=8665) to work on /home/airflow/.local/lib/python3.6/site-packages/airflow/example_dags/tutorial.py
[2023-08-09 16:33:05,135] {scheduler_job.py:633} INFO - Processing file /home/airflow/.local/lib/python3.6/site-packages/airflow/example_dags/tutorial.py for tasks to queue
[2023-08-09 16:33:05,137] {logging_mixin.py:104} INFO - [2023-08-09 16:33:05,137] {dagbag.py:496} INFO - Filling up the DagBag from /home/airflow/.local/lib/python3.6/site-packages/airflow/example_dags/tutorial.py
[2023-08-09 16:33:05,157] {scheduler_job.py:643} INFO - DAG(s) dict_keys(['tutorial']) retrieved from /home/airflow/.local/lib/python3.6/site-packages/airflow/example_dags/tutorial.py
[2023-08-09 16:33:05,190] {logging_mixin.py:104} INFO - [2023-08-09 16:33:05,190] {dag.py:1833} INFO - Sync 1 DAGs
[2023-08-09 16:33:05,208] {logging_mixin.py:104} INFO - [2023-08-09 16:33:05,208] {dag.py:2306} INFO - Setting next_dagrun for tutorial to 2023-08-07 00:00:00+00:00
[2023-08-09 16:33:05,245] {scheduler_job.py:190} INFO - Processing /home/airflow/.local/lib/python3.6/site-packages/airflow/example_dags/tutorial.py took 0.121 seconds
[2023-08-09 16:33:35,389] {scheduler_job.py:182} INFO - Started process (PID=8716) to work on /home/airflow/.local/lib/python3.6/site-packages/airflow/example_dags/tutorial.py
[2023-08-09 16:33:35,393] {scheduler_job.py:633} INFO - Processing file /home/airflow/.local/lib/python3.6/site-packages/airflow/example_dags/tutorial.py for tasks to queue
[2023-08-09 16:33:35,396] {logging_mixin.py:104} INFO - [2023-08-09 16:33:35,396] {dagbag.py:496} INFO - Filling up the DagBag from /home/airflow/.local/lib/python3.6/site-packages/airflow/example_dags/tutorial.py
[2023-08-09 16:33:35,421] {scheduler_job.py:643} INFO - DAG(s) dict_keys(['tutorial']) retrieved from /home/airflow/.local/lib/python3.6/site-packages/airflow/example_dags/tutorial.py
[2023-08-09 16:33:35,458] {logging_mixin.py:104} INFO - [2023-08-09 16:33:35,458] {dag.py:1833} INFO - Sync 1 DAGs
[2023-08-09 16:33:35,480] {logging_mixin.py:104} INFO - [2023-08-09 16:33:35,479] {dag.py:2306} INFO - Setting next_dagrun for tutorial to 2023-08-07 00:00:00+00:00
[2023-08-09 16:33:35,498] {scheduler_job.py:190} INFO - Processing /home/airflow/.local/lib/python3.6/site-packages/airflow/example_dags/tutorial.py took 0.116 seconds
[2023-08-09 16:34:05,606] {scheduler_job.py:182} INFO - Started process (PID=8767) to work on /home/airflow/.local/lib/python3.6/site-packages/airflow/example_dags/tutorial.py
[2023-08-09 16:34:05,608] {scheduler_job.py:633} INFO - Processing file /home/airflow/.local/lib/python3.6/site-packages/airflow/example_dags/tutorial.py for tasks to queue
[2023-08-09 16:34:05,609] {logging_mixin.py:104} INFO - [2023-08-09 16:34:05,609] {dagbag.py:496} INFO - Filling up the DagBag from /home/airflow/.local/lib/python3.6/site-packages/airflow/example_dags/tutorial.py
[2023-08-09 16:34:05,627] {scheduler_job.py:643} INFO - DAG(s) dict_keys(['tutorial']) retrieved from /home/airflow/.local/lib/python3.6/site-packages/airflow/example_dags/tutorial.py
[2023-08-09 16:34:05,656] {logging_mixin.py:104} INFO - [2023-08-09 16:34:05,656] {dag.py:1833} INFO - Sync 1 DAGs
[2023-08-09 16:34:05,675] {logging_mixin.py:104} INFO - [2023-08-09 16:34:05,675] {dag.py:2306} INFO - Setting next_dagrun for tutorial to 2023-08-07 00:00:00+00:00
[2023-08-09 16:34:05,693] {scheduler_job.py:190} INFO - Processing /home/airflow/.local/lib/python3.6/site-packages/airflow/example_dags/tutorial.py took 0.096 seconds
[2023-08-09 16:34:36,693] {scheduler_job.py:182} INFO - Started process (PID=8829) to work on /home/airflow/.local/lib/python3.6/site-packages/airflow/example_dags/tutorial.py
[2023-08-09 16:34:36,694] {scheduler_job.py:633} INFO - Processing file /home/airflow/.local/lib/python3.6/site-packages/airflow/example_dags/tutorial.py for tasks to queue
[2023-08-09 16:34:36,696] {logging_mixin.py:104} INFO - [2023-08-09 16:34:36,696] {dagbag.py:496} INFO - Filling up the DagBag from /home/airflow/.local/lib/python3.6/site-packages/airflow/example_dags/tutorial.py
[2023-08-09 16:34:36,717] {scheduler_job.py:643} INFO - DAG(s) dict_keys(['tutorial']) retrieved from /home/airflow/.local/lib/python3.6/site-packages/airflow/example_dags/tutorial.py
[2023-08-09 16:34:36,748] {logging_mixin.py:104} INFO - [2023-08-09 16:34:36,748] {dag.py:1833} INFO - Sync 1 DAGs
[2023-08-09 16:34:36,766] {logging_mixin.py:104} INFO - [2023-08-09 16:34:36,766] {dag.py:2306} INFO - Setting next_dagrun for tutorial to 2023-08-07 00:00:00+00:00
[2023-08-09 16:34:36,782] {scheduler_job.py:190} INFO - Processing /home/airflow/.local/lib/python3.6/site-packages/airflow/example_dags/tutorial.py took 0.096 seconds
[2023-08-09 16:35:07,341] {scheduler_job.py:182} INFO - Started process (PID=8878) to work on /home/airflow/.local/lib/python3.6/site-packages/airflow/example_dags/tutorial.py
[2023-08-09 16:35:07,343] {scheduler_job.py:633} INFO - Processing file /home/airflow/.local/lib/python3.6/site-packages/airflow/example_dags/tutorial.py for tasks to queue
[2023-08-09 16:35:07,345] {logging_mixin.py:104} INFO - [2023-08-09 16:35:07,345] {dagbag.py:496} INFO - Filling up the DagBag from /home/airflow/.local/lib/python3.6/site-packages/airflow/example_dags/tutorial.py
[2023-08-09 16:35:07,364] {scheduler_job.py:643} INFO - DAG(s) dict_keys(['tutorial']) retrieved from /home/airflow/.local/lib/python3.6/site-packages/airflow/example_dags/tutorial.py
[2023-08-09 16:35:07,393] {logging_mixin.py:104} INFO - [2023-08-09 16:35:07,393] {dag.py:1833} INFO - Sync 1 DAGs
[2023-08-09 16:35:07,415] {logging_mixin.py:104} INFO - [2023-08-09 16:35:07,415] {dag.py:2306} INFO - Setting next_dagrun for tutorial to 2023-08-07 00:00:00+00:00
[2023-08-09 16:35:07,442] {scheduler_job.py:190} INFO - Processing /home/airflow/.local/lib/python3.6/site-packages/airflow/example_dags/tutorial.py took 0.105 seconds
[2023-08-09 16:35:37,974] {scheduler_job.py:182} INFO - Started process (PID=8928) to work on /home/airflow/.local/lib/python3.6/site-packages/airflow/example_dags/tutorial.py
[2023-08-09 16:35:37,982] {scheduler_job.py:633} INFO - Processing file /home/airflow/.local/lib/python3.6/site-packages/airflow/example_dags/tutorial.py for tasks to queue
[2023-08-09 16:35:37,987] {logging_mixin.py:104} INFO - [2023-08-09 16:35:37,987] {dagbag.py:496} INFO - Filling up the DagBag from /home/airflow/.local/lib/python3.6/site-packages/airflow/example_dags/tutorial.py
[2023-08-09 16:35:38,020] {scheduler_job.py:643} INFO - DAG(s) dict_keys(['tutorial']) retrieved from /home/airflow/.local/lib/python3.6/site-packages/airflow/example_dags/tutorial.py
[2023-08-09 16:35:38,061] {logging_mixin.py:104} INFO - [2023-08-09 16:35:38,061] {dag.py:1833} INFO - Sync 1 DAGs
[2023-08-09 16:35:38,120] {logging_mixin.py:104} INFO - [2023-08-09 16:35:38,119] {dag.py:2306} INFO - Setting next_dagrun for tutorial to 2023-08-07 00:00:00+00:00
[2023-08-09 16:35:38,156] {scheduler_job.py:190} INFO - Processing /home/airflow/.local/lib/python3.6/site-packages/airflow/example_dags/tutorial.py took 0.193 seconds
[2023-08-09 16:36:09,080] {scheduler_job.py:182} INFO - Started process (PID=8988) to work on /home/airflow/.local/lib/python3.6/site-packages/airflow/example_dags/tutorial.py
[2023-08-09 16:36:09,088] {scheduler_job.py:633} INFO - Processing file /home/airflow/.local/lib/python3.6/site-packages/airflow/example_dags/tutorial.py for tasks to queue
[2023-08-09 16:36:09,093] {logging_mixin.py:104} INFO - [2023-08-09 16:36:09,093] {dagbag.py:496} INFO - Filling up the DagBag from /home/airflow/.local/lib/python3.6/site-packages/airflow/example_dags/tutorial.py
[2023-08-09 16:36:09,133] {scheduler_job.py:643} INFO - DAG(s) dict_keys(['tutorial']) retrieved from /home/airflow/.local/lib/python3.6/site-packages/airflow/example_dags/tutorial.py
[2023-08-09 16:36:09,184] {logging_mixin.py:104} INFO - [2023-08-09 16:36:09,184] {dag.py:1833} INFO - Sync 1 DAGs
[2023-08-09 16:36:09,213] {logging_mixin.py:104} INFO - [2023-08-09 16:36:09,213] {dag.py:2306} INFO - Setting next_dagrun for tutorial to 2023-08-07 00:00:00+00:00
[2023-08-09 16:36:09,240] {scheduler_job.py:190} INFO - Processing /home/airflow/.local/lib/python3.6/site-packages/airflow/example_dags/tutorial.py took 0.167 seconds
[2023-08-09 16:36:39,548] {scheduler_job.py:182} INFO - Started process (PID=9039) to work on /home/airflow/.local/lib/python3.6/site-packages/airflow/example_dags/tutorial.py
[2023-08-09 16:36:39,555] {scheduler_job.py:633} INFO - Processing file /home/airflow/.local/lib/python3.6/site-packages/airflow/example_dags/tutorial.py for tasks to queue
[2023-08-09 16:36:39,558] {logging_mixin.py:104} INFO - [2023-08-09 16:36:39,558] {dagbag.py:496} INFO - Filling up the DagBag from /home/airflow/.local/lib/python3.6/site-packages/airflow/example_dags/tutorial.py
[2023-08-09 16:36:39,651] {scheduler_job.py:643} INFO - DAG(s) dict_keys(['tutorial']) retrieved from /home/airflow/.local/lib/python3.6/site-packages/airflow/example_dags/tutorial.py
[2023-08-09 16:36:39,728] {logging_mixin.py:104} INFO - [2023-08-09 16:36:39,728] {dag.py:1833} INFO - Sync 1 DAGs
[2023-08-09 16:36:39,773] {logging_mixin.py:104} INFO - [2023-08-09 16:36:39,773] {dag.py:2306} INFO - Setting next_dagrun for tutorial to 2023-08-07 00:00:00+00:00
[2023-08-09 16:36:39,811] {scheduler_job.py:190} INFO - Processing /home/airflow/.local/lib/python3.6/site-packages/airflow/example_dags/tutorial.py took 0.304 seconds
[2023-08-09 16:37:10,813] {scheduler_job.py:182} INFO - Started process (PID=9090) to work on /home/airflow/.local/lib/python3.6/site-packages/airflow/example_dags/tutorial.py
[2023-08-09 16:37:10,816] {scheduler_job.py:633} INFO - Processing file /home/airflow/.local/lib/python3.6/site-packages/airflow/example_dags/tutorial.py for tasks to queue
[2023-08-09 16:37:10,818] {logging_mixin.py:104} INFO - [2023-08-09 16:37:10,817] {dagbag.py:496} INFO - Filling up the DagBag from /home/airflow/.local/lib/python3.6/site-packages/airflow/example_dags/tutorial.py
[2023-08-09 16:37:10,836] {scheduler_job.py:643} INFO - DAG(s) dict_keys(['tutorial']) retrieved from /home/airflow/.local/lib/python3.6/site-packages/airflow/example_dags/tutorial.py
[2023-08-09 16:37:10,865] {logging_mixin.py:104} INFO - [2023-08-09 16:37:10,864] {dag.py:1833} INFO - Sync 1 DAGs
[2023-08-09 16:37:10,881] {logging_mixin.py:104} INFO - [2023-08-09 16:37:10,881] {dag.py:2306} INFO - Setting next_dagrun for tutorial to 2023-08-07 00:00:00+00:00
[2023-08-09 16:37:10,898] {scheduler_job.py:190} INFO - Processing /home/airflow/.local/lib/python3.6/site-packages/airflow/example_dags/tutorial.py took 0.090 seconds
[2023-08-09 16:37:41,402] {scheduler_job.py:182} INFO - Started process (PID=9141) to work on /home/airflow/.local/lib/python3.6/site-packages/airflow/example_dags/tutorial.py
[2023-08-09 16:37:41,405] {scheduler_job.py:633} INFO - Processing file /home/airflow/.local/lib/python3.6/site-packages/airflow/example_dags/tutorial.py for tasks to queue
[2023-08-09 16:37:41,406] {logging_mixin.py:104} INFO - [2023-08-09 16:37:41,406] {dagbag.py:496} INFO - Filling up the DagBag from /home/airflow/.local/lib/python3.6/site-packages/airflow/example_dags/tutorial.py
[2023-08-09 16:37:41,434] {scheduler_job.py:643} INFO - DAG(s) dict_keys(['tutorial']) retrieved from /home/airflow/.local/lib/python3.6/site-packages/airflow/example_dags/tutorial.py
[2023-08-09 16:37:41,508] {logging_mixin.py:104} INFO - [2023-08-09 16:37:41,507] {dag.py:1833} INFO - Sync 1 DAGs
[2023-08-09 16:37:41,547] {logging_mixin.py:104} INFO - [2023-08-09 16:37:41,547] {dag.py:2306} INFO - Setting next_dagrun for tutorial to 2023-08-07 00:00:00+00:00
[2023-08-09 16:37:41,601] {scheduler_job.py:190} INFO - Processing /home/airflow/.local/lib/python3.6/site-packages/airflow/example_dags/tutorial.py took 0.202 seconds
[2023-08-09 16:38:11,831] {scheduler_job.py:182} INFO - Started process (PID=9203) to work on /home/airflow/.local/lib/python3.6/site-packages/airflow/example_dags/tutorial.py
[2023-08-09 16:38:11,834] {scheduler_job.py:633} INFO - Processing file /home/airflow/.local/lib/python3.6/site-packages/airflow/example_dags/tutorial.py for tasks to queue
[2023-08-09 16:38:11,836] {logging_mixin.py:104} INFO - [2023-08-09 16:38:11,836] {dagbag.py:496} INFO - Filling up the DagBag from /home/airflow/.local/lib/python3.6/site-packages/airflow/example_dags/tutorial.py
[2023-08-09 16:38:11,856] {scheduler_job.py:643} INFO - DAG(s) dict_keys(['tutorial']) retrieved from /home/airflow/.local/lib/python3.6/site-packages/airflow/example_dags/tutorial.py
[2023-08-09 16:38:11,885] {logging_mixin.py:104} INFO - [2023-08-09 16:38:11,885] {dag.py:1833} INFO - Sync 1 DAGs
[2023-08-09 16:38:11,902] {logging_mixin.py:104} INFO - [2023-08-09 16:38:11,902] {dag.py:2306} INFO - Setting next_dagrun for tutorial to 2023-08-07 00:00:00+00:00
[2023-08-09 16:38:11,925] {scheduler_job.py:190} INFO - Processing /home/airflow/.local/lib/python3.6/site-packages/airflow/example_dags/tutorial.py took 0.102 seconds
[2023-08-09 16:38:42,781] {scheduler_job.py:182} INFO - Started process (PID=9254) to work on /home/airflow/.local/lib/python3.6/site-packages/airflow/example_dags/tutorial.py
[2023-08-09 16:38:42,784] {scheduler_job.py:633} INFO - Processing file /home/airflow/.local/lib/python3.6/site-packages/airflow/example_dags/tutorial.py for tasks to queue
[2023-08-09 16:38:42,786] {logging_mixin.py:104} INFO - [2023-08-09 16:38:42,786] {dagbag.py:496} INFO - Filling up the DagBag from /home/airflow/.local/lib/python3.6/site-packages/airflow/example_dags/tutorial.py
[2023-08-09 16:38:42,804] {scheduler_job.py:643} INFO - DAG(s) dict_keys(['tutorial']) retrieved from /home/airflow/.local/lib/python3.6/site-packages/airflow/example_dags/tutorial.py
[2023-08-09 16:38:42,832] {logging_mixin.py:104} INFO - [2023-08-09 16:38:42,832] {dag.py:1833} INFO - Sync 1 DAGs
[2023-08-09 16:38:42,849] {logging_mixin.py:104} INFO - [2023-08-09 16:38:42,849] {dag.py:2306} INFO - Setting next_dagrun for tutorial to 2023-08-07 00:00:00+00:00
[2023-08-09 16:38:42,866] {scheduler_job.py:190} INFO - Processing /home/airflow/.local/lib/python3.6/site-packages/airflow/example_dags/tutorial.py took 0.091 seconds
[2023-08-09 16:39:13,228] {scheduler_job.py:182} INFO - Started process (PID=9305) to work on /home/airflow/.local/lib/python3.6/site-packages/airflow/example_dags/tutorial.py
[2023-08-09 16:39:13,231] {scheduler_job.py:633} INFO - Processing file /home/airflow/.local/lib/python3.6/site-packages/airflow/example_dags/tutorial.py for tasks to queue
[2023-08-09 16:39:13,234] {logging_mixin.py:104} INFO - [2023-08-09 16:39:13,233] {dagbag.py:496} INFO - Filling up the DagBag from /home/airflow/.local/lib/python3.6/site-packages/airflow/example_dags/tutorial.py
[2023-08-09 16:39:13,254] {scheduler_job.py:643} INFO - DAG(s) dict_keys(['tutorial']) retrieved from /home/airflow/.local/lib/python3.6/site-packages/airflow/example_dags/tutorial.py
[2023-08-09 16:39:13,283] {logging_mixin.py:104} INFO - [2023-08-09 16:39:13,283] {dag.py:1833} INFO - Sync 1 DAGs
[2023-08-09 16:39:13,299] {logging_mixin.py:104} INFO - [2023-08-09 16:39:13,299] {dag.py:2306} INFO - Setting next_dagrun for tutorial to 2023-08-07 00:00:00+00:00
[2023-08-09 16:39:13,316] {scheduler_job.py:190} INFO - Processing /home/airflow/.local/lib/python3.6/site-packages/airflow/example_dags/tutorial.py took 0.095 seconds
[2023-08-09 16:39:43,416] {scheduler_job.py:182} INFO - Started process (PID=9365) to work on /home/airflow/.local/lib/python3.6/site-packages/airflow/example_dags/tutorial.py
[2023-08-09 16:39:43,419] {scheduler_job.py:633} INFO - Processing file /home/airflow/.local/lib/python3.6/site-packages/airflow/example_dags/tutorial.py for tasks to queue
[2023-08-09 16:39:43,421] {logging_mixin.py:104} INFO - [2023-08-09 16:39:43,421] {dagbag.py:496} INFO - Filling up the DagBag from /home/airflow/.local/lib/python3.6/site-packages/airflow/example_dags/tutorial.py
[2023-08-09 16:39:43,452] {scheduler_job.py:643} INFO - DAG(s) dict_keys(['tutorial']) retrieved from /home/airflow/.local/lib/python3.6/site-packages/airflow/example_dags/tutorial.py
[2023-08-09 16:39:43,497] {logging_mixin.py:104} INFO - [2023-08-09 16:39:43,497] {dag.py:1833} INFO - Sync 1 DAGs
[2023-08-09 16:39:43,523] {logging_mixin.py:104} INFO - [2023-08-09 16:39:43,523] {dag.py:2306} INFO - Setting next_dagrun for tutorial to 2023-08-07 00:00:00+00:00
[2023-08-09 16:39:43,544] {scheduler_job.py:190} INFO - Processing /home/airflow/.local/lib/python3.6/site-packages/airflow/example_dags/tutorial.py took 0.134 seconds
[2023-08-09 16:40:14,457] {scheduler_job.py:182} INFO - Started process (PID=9414) to work on /home/airflow/.local/lib/python3.6/site-packages/airflow/example_dags/tutorial.py
[2023-08-09 16:40:14,462] {scheduler_job.py:633} INFO - Processing file /home/airflow/.local/lib/python3.6/site-packages/airflow/example_dags/tutorial.py for tasks to queue
[2023-08-09 16:40:14,465] {logging_mixin.py:104} INFO - [2023-08-09 16:40:14,465] {dagbag.py:496} INFO - Filling up the DagBag from /home/airflow/.local/lib/python3.6/site-packages/airflow/example_dags/tutorial.py
[2023-08-09 16:40:14,504] {scheduler_job.py:643} INFO - DAG(s) dict_keys(['tutorial']) retrieved from /home/airflow/.local/lib/python3.6/site-packages/airflow/example_dags/tutorial.py
[2023-08-09 16:40:14,561] {logging_mixin.py:104} INFO - [2023-08-09 16:40:14,560] {dag.py:1833} INFO - Sync 1 DAGs
[2023-08-09 16:40:14,593] {logging_mixin.py:104} INFO - [2023-08-09 16:40:14,593] {dag.py:2306} INFO - Setting next_dagrun for tutorial to 2023-08-07 00:00:00+00:00
[2023-08-09 16:40:14,617] {scheduler_job.py:190} INFO - Processing /home/airflow/.local/lib/python3.6/site-packages/airflow/example_dags/tutorial.py took 0.177 seconds
[2023-08-09 16:40:45,420] {scheduler_job.py:182} INFO - Started process (PID=9464) to work on /home/airflow/.local/lib/python3.6/site-packages/airflow/example_dags/tutorial.py
[2023-08-09 16:40:45,423] {scheduler_job.py:633} INFO - Processing file /home/airflow/.local/lib/python3.6/site-packages/airflow/example_dags/tutorial.py for tasks to queue
[2023-08-09 16:40:45,429] {logging_mixin.py:104} INFO - [2023-08-09 16:40:45,427] {dagbag.py:496} INFO - Filling up the DagBag from /home/airflow/.local/lib/python3.6/site-packages/airflow/example_dags/tutorial.py
[2023-08-09 16:40:45,453] {scheduler_job.py:643} INFO - DAG(s) dict_keys(['tutorial']) retrieved from /home/airflow/.local/lib/python3.6/site-packages/airflow/example_dags/tutorial.py
[2023-08-09 16:40:45,491] {logging_mixin.py:104} INFO - [2023-08-09 16:40:45,491] {dag.py:1833} INFO - Sync 1 DAGs
[2023-08-09 16:40:45,522] {logging_mixin.py:104} INFO - [2023-08-09 16:40:45,521] {dag.py:2306} INFO - Setting next_dagrun for tutorial to 2023-08-07 00:00:00+00:00
[2023-08-09 16:40:45,542] {scheduler_job.py:190} INFO - Processing /home/airflow/.local/lib/python3.6/site-packages/airflow/example_dags/tutorial.py took 0.139 seconds
[2023-08-09 16:41:15,953] {scheduler_job.py:182} INFO - Started process (PID=9515) to work on /home/airflow/.local/lib/python3.6/site-packages/airflow/example_dags/tutorial.py
[2023-08-09 16:41:15,964] {scheduler_job.py:633} INFO - Processing file /home/airflow/.local/lib/python3.6/site-packages/airflow/example_dags/tutorial.py for tasks to queue
[2023-08-09 16:41:15,973] {logging_mixin.py:104} INFO - [2023-08-09 16:41:15,972] {dagbag.py:496} INFO - Filling up the DagBag from /home/airflow/.local/lib/python3.6/site-packages/airflow/example_dags/tutorial.py
[2023-08-09 16:41:16,011] {scheduler_job.py:643} INFO - DAG(s) dict_keys(['tutorial']) retrieved from /home/airflow/.local/lib/python3.6/site-packages/airflow/example_dags/tutorial.py
[2023-08-09 16:41:16,048] {logging_mixin.py:104} INFO - [2023-08-09 16:41:16,048] {dag.py:1833} INFO - Sync 1 DAGs
[2023-08-09 16:41:16,066] {logging_mixin.py:104} INFO - [2023-08-09 16:41:16,066] {dag.py:2306} INFO - Setting next_dagrun for tutorial to 2023-08-07 00:00:00+00:00
[2023-08-09 16:41:16,080] {scheduler_job.py:190} INFO - Processing /home/airflow/.local/lib/python3.6/site-packages/airflow/example_dags/tutorial.py took 0.165 seconds
[2023-08-09 16:41:46,473] {scheduler_job.py:182} INFO - Started process (PID=9577) to work on /home/airflow/.local/lib/python3.6/site-packages/airflow/example_dags/tutorial.py
[2023-08-09 16:41:46,480] {scheduler_job.py:633} INFO - Processing file /home/airflow/.local/lib/python3.6/site-packages/airflow/example_dags/tutorial.py for tasks to queue
[2023-08-09 16:41:46,483] {logging_mixin.py:104} INFO - [2023-08-09 16:41:46,482] {dagbag.py:496} INFO - Filling up the DagBag from /home/airflow/.local/lib/python3.6/site-packages/airflow/example_dags/tutorial.py
[2023-08-09 16:41:46,532] {scheduler_job.py:643} INFO - DAG(s) dict_keys(['tutorial']) retrieved from /home/airflow/.local/lib/python3.6/site-packages/airflow/example_dags/tutorial.py
[2023-08-09 16:41:46,593] {logging_mixin.py:104} INFO - [2023-08-09 16:41:46,593] {dag.py:1833} INFO - Sync 1 DAGs
[2023-08-09 16:41:46,621] {logging_mixin.py:104} INFO - [2023-08-09 16:41:46,621] {dag.py:2306} INFO - Setting next_dagrun for tutorial to 2023-08-07 00:00:00+00:00
[2023-08-09 16:41:46,645] {scheduler_job.py:190} INFO - Processing /home/airflow/.local/lib/python3.6/site-packages/airflow/example_dags/tutorial.py took 0.186 seconds
[2023-08-09 16:42:17,391] {scheduler_job.py:182} INFO - Started process (PID=9627) to work on /home/airflow/.local/lib/python3.6/site-packages/airflow/example_dags/tutorial.py
[2023-08-09 16:42:17,395] {scheduler_job.py:633} INFO - Processing file /home/airflow/.local/lib/python3.6/site-packages/airflow/example_dags/tutorial.py for tasks to queue
[2023-08-09 16:42:17,399] {logging_mixin.py:104} INFO - [2023-08-09 16:42:17,399] {dagbag.py:496} INFO - Filling up the DagBag from /home/airflow/.local/lib/python3.6/site-packages/airflow/example_dags/tutorial.py
[2023-08-09 16:42:17,451] {scheduler_job.py:643} INFO - DAG(s) dict_keys(['tutorial']) retrieved from /home/airflow/.local/lib/python3.6/site-packages/airflow/example_dags/tutorial.py
[2023-08-09 16:42:17,506] {logging_mixin.py:104} INFO - [2023-08-09 16:42:17,506] {dag.py:1833} INFO - Sync 1 DAGs
[2023-08-09 16:42:17,535] {logging_mixin.py:104} INFO - [2023-08-09 16:42:17,535] {dag.py:2306} INFO - Setting next_dagrun for tutorial to 2023-08-07 00:00:00+00:00
[2023-08-09 16:42:17,562] {scheduler_job.py:190} INFO - Processing /home/airflow/.local/lib/python3.6/site-packages/airflow/example_dags/tutorial.py took 0.185 seconds
[2023-08-09 16:42:48,289] {scheduler_job.py:182} INFO - Started process (PID=9679) to work on /home/airflow/.local/lib/python3.6/site-packages/airflow/example_dags/tutorial.py
[2023-08-09 16:42:48,294] {scheduler_job.py:633} INFO - Processing file /home/airflow/.local/lib/python3.6/site-packages/airflow/example_dags/tutorial.py for tasks to queue
[2023-08-09 16:42:48,297] {logging_mixin.py:104} INFO - [2023-08-09 16:42:48,297] {dagbag.py:496} INFO - Filling up the DagBag from /home/airflow/.local/lib/python3.6/site-packages/airflow/example_dags/tutorial.py
[2023-08-09 16:42:48,321] {scheduler_job.py:643} INFO - DAG(s) dict_keys(['tutorial']) retrieved from /home/airflow/.local/lib/python3.6/site-packages/airflow/example_dags/tutorial.py
[2023-08-09 16:42:48,354] {logging_mixin.py:104} INFO - [2023-08-09 16:42:48,354] {dag.py:1833} INFO - Sync 1 DAGs
[2023-08-09 16:42:48,373] {logging_mixin.py:104} INFO - [2023-08-09 16:42:48,373] {dag.py:2306} INFO - Setting next_dagrun for tutorial to 2023-08-07 00:00:00+00:00
[2023-08-09 16:42:48,389] {scheduler_job.py:190} INFO - Processing /home/airflow/.local/lib/python3.6/site-packages/airflow/example_dags/tutorial.py took 0.108 seconds
[2023-08-09 16:43:18,782] {scheduler_job.py:182} INFO - Started process (PID=9739) to work on /home/airflow/.local/lib/python3.6/site-packages/airflow/example_dags/tutorial.py
[2023-08-09 16:43:18,786] {scheduler_job.py:633} INFO - Processing file /home/airflow/.local/lib/python3.6/site-packages/airflow/example_dags/tutorial.py for tasks to queue
[2023-08-09 16:43:18,789] {logging_mixin.py:104} INFO - [2023-08-09 16:43:18,789] {dagbag.py:496} INFO - Filling up the DagBag from /home/airflow/.local/lib/python3.6/site-packages/airflow/example_dags/tutorial.py
[2023-08-09 16:43:18,817] {scheduler_job.py:643} INFO - DAG(s) dict_keys(['tutorial']) retrieved from /home/airflow/.local/lib/python3.6/site-packages/airflow/example_dags/tutorial.py
[2023-08-09 16:43:18,855] {logging_mixin.py:104} INFO - [2023-08-09 16:43:18,855] {dag.py:1833} INFO - Sync 1 DAGs
[2023-08-09 16:43:18,877] {logging_mixin.py:104} INFO - [2023-08-09 16:43:18,877] {dag.py:2306} INFO - Setting next_dagrun for tutorial to 2023-08-07 00:00:00+00:00
[2023-08-09 16:43:18,894] {scheduler_job.py:190} INFO - Processing /home/airflow/.local/lib/python3.6/site-packages/airflow/example_dags/tutorial.py took 0.116 seconds
[2023-08-09 16:43:49,051] {scheduler_job.py:182} INFO - Started process (PID=9787) to work on /home/airflow/.local/lib/python3.6/site-packages/airflow/example_dags/tutorial.py
[2023-08-09 16:43:49,054] {scheduler_job.py:633} INFO - Processing file /home/airflow/.local/lib/python3.6/site-packages/airflow/example_dags/tutorial.py for tasks to queue
[2023-08-09 16:43:49,055] {logging_mixin.py:104} INFO - [2023-08-09 16:43:49,055] {dagbag.py:496} INFO - Filling up the DagBag from /home/airflow/.local/lib/python3.6/site-packages/airflow/example_dags/tutorial.py
[2023-08-09 16:43:49,075] {scheduler_job.py:643} INFO - DAG(s) dict_keys(['tutorial']) retrieved from /home/airflow/.local/lib/python3.6/site-packages/airflow/example_dags/tutorial.py
[2023-08-09 16:43:49,109] {logging_mixin.py:104} INFO - [2023-08-09 16:43:49,109] {dag.py:1833} INFO - Sync 1 DAGs
[2023-08-09 16:43:49,128] {logging_mixin.py:104} INFO - [2023-08-09 16:43:49,128] {dag.py:2306} INFO - Setting next_dagrun for tutorial to 2023-08-07 00:00:00+00:00
[2023-08-09 16:43:49,146] {scheduler_job.py:190} INFO - Processing /home/airflow/.local/lib/python3.6/site-packages/airflow/example_dags/tutorial.py took 0.099 seconds
[2023-08-09 16:44:19,219] {scheduler_job.py:182} INFO - Started process (PID=9839) to work on /home/airflow/.local/lib/python3.6/site-packages/airflow/example_dags/tutorial.py
[2023-08-09 16:44:19,222] {scheduler_job.py:633} INFO - Processing file /home/airflow/.local/lib/python3.6/site-packages/airflow/example_dags/tutorial.py for tasks to queue
[2023-08-09 16:44:19,225] {logging_mixin.py:104} INFO - [2023-08-09 16:44:19,225] {dagbag.py:496} INFO - Filling up the DagBag from /home/airflow/.local/lib/python3.6/site-packages/airflow/example_dags/tutorial.py
[2023-08-09 16:44:19,251] {scheduler_job.py:643} INFO - DAG(s) dict_keys(['tutorial']) retrieved from /home/airflow/.local/lib/python3.6/site-packages/airflow/example_dags/tutorial.py
[2023-08-09 16:44:19,285] {logging_mixin.py:104} INFO - [2023-08-09 16:44:19,285] {dag.py:1833} INFO - Sync 1 DAGs
[2023-08-09 16:44:19,306] {logging_mixin.py:104} INFO - [2023-08-09 16:44:19,306] {dag.py:2306} INFO - Setting next_dagrun for tutorial to 2023-08-07 00:00:00+00:00
[2023-08-09 16:44:19,325] {scheduler_job.py:190} INFO - Processing /home/airflow/.local/lib/python3.6/site-packages/airflow/example_dags/tutorial.py took 0.113 seconds
[2023-08-09 16:44:49,655] {scheduler_job.py:182} INFO - Started process (PID=9900) to work on /home/airflow/.local/lib/python3.6/site-packages/airflow/example_dags/tutorial.py
[2023-08-09 16:44:49,658] {scheduler_job.py:633} INFO - Processing file /home/airflow/.local/lib/python3.6/site-packages/airflow/example_dags/tutorial.py for tasks to queue
[2023-08-09 16:44:49,660] {logging_mixin.py:104} INFO - [2023-08-09 16:44:49,660] {dagbag.py:496} INFO - Filling up the DagBag from /home/airflow/.local/lib/python3.6/site-packages/airflow/example_dags/tutorial.py
[2023-08-09 16:44:49,679] {scheduler_job.py:643} INFO - DAG(s) dict_keys(['tutorial']) retrieved from /home/airflow/.local/lib/python3.6/site-packages/airflow/example_dags/tutorial.py
[2023-08-09 16:44:49,717] {logging_mixin.py:104} INFO - [2023-08-09 16:44:49,717] {dag.py:1833} INFO - Sync 1 DAGs
[2023-08-09 16:44:49,739] {logging_mixin.py:104} INFO - [2023-08-09 16:44:49,739] {dag.py:2306} INFO - Setting next_dagrun for tutorial to 2023-08-07 00:00:00+00:00
[2023-08-09 16:44:49,757] {scheduler_job.py:190} INFO - Processing /home/airflow/.local/lib/python3.6/site-packages/airflow/example_dags/tutorial.py took 0.106 seconds
[2023-08-09 16:45:20,524] {scheduler_job.py:182} INFO - Started process (PID=9952) to work on /home/airflow/.local/lib/python3.6/site-packages/airflow/example_dags/tutorial.py
[2023-08-09 16:45:20,531] {scheduler_job.py:633} INFO - Processing file /home/airflow/.local/lib/python3.6/site-packages/airflow/example_dags/tutorial.py for tasks to queue
[2023-08-09 16:45:20,535] {logging_mixin.py:104} INFO - [2023-08-09 16:45:20,532] {dagbag.py:496} INFO - Filling up the DagBag from /home/airflow/.local/lib/python3.6/site-packages/airflow/example_dags/tutorial.py
[2023-08-09 16:45:20,558] {scheduler_job.py:643} INFO - DAG(s) dict_keys(['tutorial']) retrieved from /home/airflow/.local/lib/python3.6/site-packages/airflow/example_dags/tutorial.py
[2023-08-09 16:45:20,602] {logging_mixin.py:104} INFO - [2023-08-09 16:45:20,602] {dag.py:1833} INFO - Sync 1 DAGs
[2023-08-09 16:45:20,624] {logging_mixin.py:104} INFO - [2023-08-09 16:45:20,624] {dag.py:2306} INFO - Setting next_dagrun for tutorial to 2023-08-07 00:00:00+00:00
[2023-08-09 16:45:20,646] {scheduler_job.py:190} INFO - Processing /home/airflow/.local/lib/python3.6/site-packages/airflow/example_dags/tutorial.py took 0.133 seconds
[2023-08-09 16:45:50,711] {scheduler_job.py:182} INFO - Started process (PID=10013) to work on /home/airflow/.local/lib/python3.6/site-packages/airflow/example_dags/tutorial.py
[2023-08-09 16:45:50,715] {scheduler_job.py:633} INFO - Processing file /home/airflow/.local/lib/python3.6/site-packages/airflow/example_dags/tutorial.py for tasks to queue
[2023-08-09 16:45:50,725] {logging_mixin.py:104} INFO - [2023-08-09 16:45:50,724] {dagbag.py:496} INFO - Filling up the DagBag from /home/airflow/.local/lib/python3.6/site-packages/airflow/example_dags/tutorial.py
[2023-08-09 16:45:50,759] {scheduler_job.py:643} INFO - DAG(s) dict_keys(['tutorial']) retrieved from /home/airflow/.local/lib/python3.6/site-packages/airflow/example_dags/tutorial.py
[2023-08-09 16:45:50,861] {logging_mixin.py:104} INFO - [2023-08-09 16:45:50,861] {dag.py:1833} INFO - Sync 1 DAGs
[2023-08-09 16:45:50,893] {logging_mixin.py:104} INFO - [2023-08-09 16:45:50,893] {dag.py:2306} INFO - Setting next_dagrun for tutorial to 2023-08-07 00:00:00+00:00
[2023-08-09 16:45:50,922] {scheduler_job.py:190} INFO - Processing /home/airflow/.local/lib/python3.6/site-packages/airflow/example_dags/tutorial.py took 0.216 seconds
[2023-08-09 16:46:21,266] {scheduler_job.py:182} INFO - Started process (PID=10064) to work on /home/airflow/.local/lib/python3.6/site-packages/airflow/example_dags/tutorial.py
[2023-08-09 16:46:21,268] {scheduler_job.py:633} INFO - Processing file /home/airflow/.local/lib/python3.6/site-packages/airflow/example_dags/tutorial.py for tasks to queue
[2023-08-09 16:46:21,270] {logging_mixin.py:104} INFO - [2023-08-09 16:46:21,270] {dagbag.py:496} INFO - Filling up the DagBag from /home/airflow/.local/lib/python3.6/site-packages/airflow/example_dags/tutorial.py
[2023-08-09 16:46:21,288] {scheduler_job.py:643} INFO - DAG(s) dict_keys(['tutorial']) retrieved from /home/airflow/.local/lib/python3.6/site-packages/airflow/example_dags/tutorial.py
[2023-08-09 16:46:21,322] {logging_mixin.py:104} INFO - [2023-08-09 16:46:21,322] {dag.py:1833} INFO - Sync 1 DAGs
[2023-08-09 16:46:21,343] {logging_mixin.py:104} INFO - [2023-08-09 16:46:21,343] {dag.py:2306} INFO - Setting next_dagrun for tutorial to 2023-08-07 00:00:00+00:00
[2023-08-09 16:46:21,379] {scheduler_job.py:190} INFO - Processing /home/airflow/.local/lib/python3.6/site-packages/airflow/example_dags/tutorial.py took 0.117 seconds
[2023-08-09 16:46:51,497] {scheduler_job.py:182} INFO - Started process (PID=10114) to work on /home/airflow/.local/lib/python3.6/site-packages/airflow/example_dags/tutorial.py
[2023-08-09 16:46:51,499] {scheduler_job.py:633} INFO - Processing file /home/airflow/.local/lib/python3.6/site-packages/airflow/example_dags/tutorial.py for tasks to queue
[2023-08-09 16:46:51,501] {logging_mixin.py:104} INFO - [2023-08-09 16:46:51,500] {dagbag.py:496} INFO - Filling up the DagBag from /home/airflow/.local/lib/python3.6/site-packages/airflow/example_dags/tutorial.py
[2023-08-09 16:46:51,520] {scheduler_job.py:643} INFO - DAG(s) dict_keys(['tutorial']) retrieved from /home/airflow/.local/lib/python3.6/site-packages/airflow/example_dags/tutorial.py
[2023-08-09 16:46:51,565] {logging_mixin.py:104} INFO - [2023-08-09 16:46:51,565] {dag.py:1833} INFO - Sync 1 DAGs
[2023-08-09 16:46:51,585] {logging_mixin.py:104} INFO - [2023-08-09 16:46:51,585] {dag.py:2306} INFO - Setting next_dagrun for tutorial to 2023-08-07 00:00:00+00:00
[2023-08-09 16:46:51,600] {scheduler_job.py:190} INFO - Processing /home/airflow/.local/lib/python3.6/site-packages/airflow/example_dags/tutorial.py took 0.108 seconds
[2023-08-09 16:47:21,847] {scheduler_job.py:182} INFO - Started process (PID=10171) to work on /home/airflow/.local/lib/python3.6/site-packages/airflow/example_dags/tutorial.py
[2023-08-09 16:47:21,858] {scheduler_job.py:633} INFO - Processing file /home/airflow/.local/lib/python3.6/site-packages/airflow/example_dags/tutorial.py for tasks to queue
[2023-08-09 16:47:21,861] {logging_mixin.py:104} INFO - [2023-08-09 16:47:21,861] {dagbag.py:496} INFO - Filling up the DagBag from /home/airflow/.local/lib/python3.6/site-packages/airflow/example_dags/tutorial.py
[2023-08-09 16:47:21,912] {scheduler_job.py:643} INFO - DAG(s) dict_keys(['tutorial']) retrieved from /home/airflow/.local/lib/python3.6/site-packages/airflow/example_dags/tutorial.py
[2023-08-09 16:47:21,984] {logging_mixin.py:104} INFO - [2023-08-09 16:47:21,983] {dag.py:1833} INFO - Sync 1 DAGs
[2023-08-09 16:47:22,019] {logging_mixin.py:104} INFO - [2023-08-09 16:47:22,019] {dag.py:2306} INFO - Setting next_dagrun for tutorial to 2023-08-07 00:00:00+00:00
[2023-08-09 16:47:22,046] {scheduler_job.py:190} INFO - Processing /home/airflow/.local/lib/python3.6/site-packages/airflow/example_dags/tutorial.py took 0.220 seconds
[2023-08-09 16:47:53,048] {scheduler_job.py:182} INFO - Started process (PID=10225) to work on /home/airflow/.local/lib/python3.6/site-packages/airflow/example_dags/tutorial.py
[2023-08-09 16:47:53,064] {scheduler_job.py:633} INFO - Processing file /home/airflow/.local/lib/python3.6/site-packages/airflow/example_dags/tutorial.py for tasks to queue
[2023-08-09 16:47:53,075] {logging_mixin.py:104} INFO - [2023-08-09 16:47:53,075] {dagbag.py:496} INFO - Filling up the DagBag from /home/airflow/.local/lib/python3.6/site-packages/airflow/example_dags/tutorial.py
[2023-08-09 16:47:53,114] {scheduler_job.py:643} INFO - DAG(s) dict_keys(['tutorial']) retrieved from /home/airflow/.local/lib/python3.6/site-packages/airflow/example_dags/tutorial.py
[2023-08-09 16:47:53,151] {logging_mixin.py:104} INFO - [2023-08-09 16:47:53,150] {dag.py:1833} INFO - Sync 1 DAGs
[2023-08-09 16:47:53,168] {logging_mixin.py:104} INFO - [2023-08-09 16:47:53,168] {dag.py:2306} INFO - Setting next_dagrun for tutorial to 2023-08-07 00:00:00+00:00
[2023-08-09 16:47:53,187] {scheduler_job.py:190} INFO - Processing /home/airflow/.local/lib/python3.6/site-packages/airflow/example_dags/tutorial.py took 0.156 seconds
[2023-08-09 16:48:23,693] {scheduler_job.py:182} INFO - Started process (PID=10276) to work on /home/airflow/.local/lib/python3.6/site-packages/airflow/example_dags/tutorial.py
[2023-08-09 16:48:23,696] {scheduler_job.py:633} INFO - Processing file /home/airflow/.local/lib/python3.6/site-packages/airflow/example_dags/tutorial.py for tasks to queue
[2023-08-09 16:48:23,698] {logging_mixin.py:104} INFO - [2023-08-09 16:48:23,698] {dagbag.py:496} INFO - Filling up the DagBag from /home/airflow/.local/lib/python3.6/site-packages/airflow/example_dags/tutorial.py
[2023-08-09 16:48:23,722] {scheduler_job.py:643} INFO - DAG(s) dict_keys(['tutorial']) retrieved from /home/airflow/.local/lib/python3.6/site-packages/airflow/example_dags/tutorial.py
[2023-08-09 16:48:23,759] {logging_mixin.py:104} INFO - [2023-08-09 16:48:23,758] {dag.py:1833} INFO - Sync 1 DAGs
[2023-08-09 16:48:23,789] {logging_mixin.py:104} INFO - [2023-08-09 16:48:23,788] {dag.py:2306} INFO - Setting next_dagrun for tutorial to 2023-08-07 00:00:00+00:00
[2023-08-09 16:48:23,819] {scheduler_job.py:190} INFO - Processing /home/airflow/.local/lib/python3.6/site-packages/airflow/example_dags/tutorial.py took 0.131 seconds
[2023-08-09 16:48:54,029] {scheduler_job.py:182} INFO - Started process (PID=10333) to work on /home/airflow/.local/lib/python3.6/site-packages/airflow/example_dags/tutorial.py
[2023-08-09 16:48:54,032] {scheduler_job.py:633} INFO - Processing file /home/airflow/.local/lib/python3.6/site-packages/airflow/example_dags/tutorial.py for tasks to queue
[2023-08-09 16:48:54,038] {logging_mixin.py:104} INFO - [2023-08-09 16:48:54,038] {dagbag.py:496} INFO - Filling up the DagBag from /home/airflow/.local/lib/python3.6/site-packages/airflow/example_dags/tutorial.py
[2023-08-09 16:48:54,082] {scheduler_job.py:643} INFO - DAG(s) dict_keys(['tutorial']) retrieved from /home/airflow/.local/lib/python3.6/site-packages/airflow/example_dags/tutorial.py
[2023-08-09 16:48:54,127] {logging_mixin.py:104} INFO - [2023-08-09 16:48:54,127] {dag.py:1833} INFO - Sync 1 DAGs
[2023-08-09 16:48:54,155] {logging_mixin.py:104} INFO - [2023-08-09 16:48:54,155] {dag.py:2306} INFO - Setting next_dagrun for tutorial to 2023-08-07 00:00:00+00:00
[2023-08-09 16:48:54,187] {scheduler_job.py:190} INFO - Processing /home/airflow/.local/lib/python3.6/site-packages/airflow/example_dags/tutorial.py took 0.167 seconds
[2023-08-09 16:49:24,404] {scheduler_job.py:182} INFO - Started process (PID=10387) to work on /home/airflow/.local/lib/python3.6/site-packages/airflow/example_dags/tutorial.py
[2023-08-09 16:49:24,409] {scheduler_job.py:633} INFO - Processing file /home/airflow/.local/lib/python3.6/site-packages/airflow/example_dags/tutorial.py for tasks to queue
[2023-08-09 16:49:24,411] {logging_mixin.py:104} INFO - [2023-08-09 16:49:24,410] {dagbag.py:496} INFO - Filling up the DagBag from /home/airflow/.local/lib/python3.6/site-packages/airflow/example_dags/tutorial.py
[2023-08-09 16:49:24,475] {scheduler_job.py:643} INFO - DAG(s) dict_keys(['tutorial']) retrieved from /home/airflow/.local/lib/python3.6/site-packages/airflow/example_dags/tutorial.py
[2023-08-09 16:49:24,551] {logging_mixin.py:104} INFO - [2023-08-09 16:49:24,551] {dag.py:1833} INFO - Sync 1 DAGs
[2023-08-09 16:49:24,578] {logging_mixin.py:104} INFO - [2023-08-09 16:49:24,578] {dag.py:2306} INFO - Setting next_dagrun for tutorial to 2023-08-07 00:00:00+00:00
[2023-08-09 16:49:24,594] {scheduler_job.py:190} INFO - Processing /home/airflow/.local/lib/python3.6/site-packages/airflow/example_dags/tutorial.py took 0.200 seconds
[2023-08-09 16:49:55,612] {scheduler_job.py:182} INFO - Started process (PID=10439) to work on /home/airflow/.local/lib/python3.6/site-packages/airflow/example_dags/tutorial.py
[2023-08-09 16:49:55,615] {scheduler_job.py:633} INFO - Processing file /home/airflow/.local/lib/python3.6/site-packages/airflow/example_dags/tutorial.py for tasks to queue
[2023-08-09 16:49:55,621] {logging_mixin.py:104} INFO - [2023-08-09 16:49:55,621] {dagbag.py:496} INFO - Filling up the DagBag from /home/airflow/.local/lib/python3.6/site-packages/airflow/example_dags/tutorial.py
[2023-08-09 16:49:55,647] {scheduler_job.py:643} INFO - DAG(s) dict_keys(['tutorial']) retrieved from /home/airflow/.local/lib/python3.6/site-packages/airflow/example_dags/tutorial.py
[2023-08-09 16:49:55,681] {logging_mixin.py:104} INFO - [2023-08-09 16:49:55,681] {dag.py:1833} INFO - Sync 1 DAGs
[2023-08-09 16:49:55,698] {logging_mixin.py:104} INFO - [2023-08-09 16:49:55,698] {dag.py:2306} INFO - Setting next_dagrun for tutorial to 2023-08-07 00:00:00+00:00
[2023-08-09 16:49:55,730] {scheduler_job.py:190} INFO - Processing /home/airflow/.local/lib/python3.6/site-packages/airflow/example_dags/tutorial.py took 0.123 seconds
[2023-08-09 16:50:25,992] {scheduler_job.py:182} INFO - Started process (PID=10496) to work on /home/airflow/.local/lib/python3.6/site-packages/airflow/example_dags/tutorial.py
[2023-08-09 16:50:25,998] {scheduler_job.py:633} INFO - Processing file /home/airflow/.local/lib/python3.6/site-packages/airflow/example_dags/tutorial.py for tasks to queue
[2023-08-09 16:50:26,003] {logging_mixin.py:104} INFO - [2023-08-09 16:50:26,003] {dagbag.py:496} INFO - Filling up the DagBag from /home/airflow/.local/lib/python3.6/site-packages/airflow/example_dags/tutorial.py
[2023-08-09 16:50:26,064] {scheduler_job.py:643} INFO - DAG(s) dict_keys(['tutorial']) retrieved from /home/airflow/.local/lib/python3.6/site-packages/airflow/example_dags/tutorial.py
[2023-08-09 16:50:26,139] {logging_mixin.py:104} INFO - [2023-08-09 16:50:26,139] {dag.py:1833} INFO - Sync 1 DAGs
[2023-08-09 16:50:26,186] {logging_mixin.py:104} INFO - [2023-08-09 16:50:26,186] {dag.py:2306} INFO - Setting next_dagrun for tutorial to 2023-08-07 00:00:00+00:00
[2023-08-09 16:50:26,223] {scheduler_job.py:190} INFO - Processing /home/airflow/.local/lib/python3.6/site-packages/airflow/example_dags/tutorial.py took 0.241 seconds
[2023-08-09 16:50:56,893] {scheduler_job.py:182} INFO - Started process (PID=10548) to work on /home/airflow/.local/lib/python3.6/site-packages/airflow/example_dags/tutorial.py
[2023-08-09 16:50:56,900] {scheduler_job.py:633} INFO - Processing file /home/airflow/.local/lib/python3.6/site-packages/airflow/example_dags/tutorial.py for tasks to queue
[2023-08-09 16:50:56,903] {logging_mixin.py:104} INFO - [2023-08-09 16:50:56,903] {dagbag.py:496} INFO - Filling up the DagBag from /home/airflow/.local/lib/python3.6/site-packages/airflow/example_dags/tutorial.py
[2023-08-09 16:50:56,962] {scheduler_job.py:643} INFO - DAG(s) dict_keys(['tutorial']) retrieved from /home/airflow/.local/lib/python3.6/site-packages/airflow/example_dags/tutorial.py
[2023-08-09 16:50:57,027] {logging_mixin.py:104} INFO - [2023-08-09 16:50:57,027] {dag.py:1833} INFO - Sync 1 DAGs
[2023-08-09 16:50:57,062] {logging_mixin.py:104} INFO - [2023-08-09 16:50:57,061] {dag.py:2306} INFO - Setting next_dagrun for tutorial to 2023-08-07 00:00:00+00:00
[2023-08-09 16:50:57,089] {scheduler_job.py:190} INFO - Processing /home/airflow/.local/lib/python3.6/site-packages/airflow/example_dags/tutorial.py took 0.210 seconds
[2023-08-09 16:51:27,262] {scheduler_job.py:182} INFO - Started process (PID=10599) to work on /home/airflow/.local/lib/python3.6/site-packages/airflow/example_dags/tutorial.py
[2023-08-09 16:51:27,271] {scheduler_job.py:633} INFO - Processing file /home/airflow/.local/lib/python3.6/site-packages/airflow/example_dags/tutorial.py for tasks to queue
[2023-08-09 16:51:27,276] {logging_mixin.py:104} INFO - [2023-08-09 16:51:27,275] {dagbag.py:496} INFO - Filling up the DagBag from /home/airflow/.local/lib/python3.6/site-packages/airflow/example_dags/tutorial.py
[2023-08-09 16:51:27,316] {scheduler_job.py:643} INFO - DAG(s) dict_keys(['tutorial']) retrieved from /home/airflow/.local/lib/python3.6/site-packages/airflow/example_dags/tutorial.py
[2023-08-09 16:51:27,368] {logging_mixin.py:104} INFO - [2023-08-09 16:51:27,368] {dag.py:1833} INFO - Sync 1 DAGs
[2023-08-09 16:51:27,391] {logging_mixin.py:104} INFO - [2023-08-09 16:51:27,390] {dag.py:2306} INFO - Setting next_dagrun for tutorial to 2023-08-07 00:00:00+00:00
[2023-08-09 16:51:27,411] {scheduler_job.py:190} INFO - Processing /home/airflow/.local/lib/python3.6/site-packages/airflow/example_dags/tutorial.py took 0.158 seconds
[2023-08-09 16:51:57,628] {scheduler_job.py:182} INFO - Started process (PID=10649) to work on /home/airflow/.local/lib/python3.6/site-packages/airflow/example_dags/tutorial.py
[2023-08-09 16:51:57,632] {scheduler_job.py:633} INFO - Processing file /home/airflow/.local/lib/python3.6/site-packages/airflow/example_dags/tutorial.py for tasks to queue
[2023-08-09 16:51:57,635] {logging_mixin.py:104} INFO - [2023-08-09 16:51:57,635] {dagbag.py:496} INFO - Filling up the DagBag from /home/airflow/.local/lib/python3.6/site-packages/airflow/example_dags/tutorial.py
[2023-08-09 16:51:57,666] {scheduler_job.py:643} INFO - DAG(s) dict_keys(['tutorial']) retrieved from /home/airflow/.local/lib/python3.6/site-packages/airflow/example_dags/tutorial.py
[2023-08-09 16:51:57,703] {logging_mixin.py:104} INFO - [2023-08-09 16:51:57,703] {dag.py:1833} INFO - Sync 1 DAGs
[2023-08-09 16:51:57,722] {logging_mixin.py:104} INFO - [2023-08-09 16:51:57,722] {dag.py:2306} INFO - Setting next_dagrun for tutorial to 2023-08-07 00:00:00+00:00
[2023-08-09 16:51:57,737] {scheduler_job.py:190} INFO - Processing /home/airflow/.local/lib/python3.6/site-packages/airflow/example_dags/tutorial.py took 0.117 seconds
[2023-08-09 16:52:28,146] {scheduler_job.py:182} INFO - Started process (PID=10700) to work on /home/airflow/.local/lib/python3.6/site-packages/airflow/example_dags/tutorial.py
[2023-08-09 16:52:28,149] {scheduler_job.py:633} INFO - Processing file /home/airflow/.local/lib/python3.6/site-packages/airflow/example_dags/tutorial.py for tasks to queue
[2023-08-09 16:52:28,152] {logging_mixin.py:104} INFO - [2023-08-09 16:52:28,151] {dagbag.py:496} INFO - Filling up the DagBag from /home/airflow/.local/lib/python3.6/site-packages/airflow/example_dags/tutorial.py
[2023-08-09 16:52:28,184] {scheduler_job.py:643} INFO - DAG(s) dict_keys(['tutorial']) retrieved from /home/airflow/.local/lib/python3.6/site-packages/airflow/example_dags/tutorial.py
[2023-08-09 16:52:28,228] {logging_mixin.py:104} INFO - [2023-08-09 16:52:28,228] {dag.py:1833} INFO - Sync 1 DAGs
[2023-08-09 16:52:28,252] {logging_mixin.py:104} INFO - [2023-08-09 16:52:28,252] {dag.py:2306} INFO - Setting next_dagrun for tutorial to 2023-08-07 00:00:00+00:00
[2023-08-09 16:52:28,274] {scheduler_job.py:190} INFO - Processing /home/airflow/.local/lib/python3.6/site-packages/airflow/example_dags/tutorial.py took 0.135 seconds
[2023-08-09 16:52:59,026] {scheduler_job.py:182} INFO - Started process (PID=10761) to work on /home/airflow/.local/lib/python3.6/site-packages/airflow/example_dags/tutorial.py
[2023-08-09 16:52:59,032] {scheduler_job.py:633} INFO - Processing file /home/airflow/.local/lib/python3.6/site-packages/airflow/example_dags/tutorial.py for tasks to queue
[2023-08-09 16:52:59,036] {logging_mixin.py:104} INFO - [2023-08-09 16:52:59,034] {dagbag.py:496} INFO - Filling up the DagBag from /home/airflow/.local/lib/python3.6/site-packages/airflow/example_dags/tutorial.py
[2023-08-09 16:52:59,084] {scheduler_job.py:643} INFO - DAG(s) dict_keys(['tutorial']) retrieved from /home/airflow/.local/lib/python3.6/site-packages/airflow/example_dags/tutorial.py
[2023-08-09 16:52:59,137] {logging_mixin.py:104} INFO - [2023-08-09 16:52:59,137] {dag.py:1833} INFO - Sync 1 DAGs
[2023-08-09 16:52:59,169] {logging_mixin.py:104} INFO - [2023-08-09 16:52:59,169] {dag.py:2306} INFO - Setting next_dagrun for tutorial to 2023-08-07 00:00:00+00:00
[2023-08-09 16:52:59,196] {scheduler_job.py:190} INFO - Processing /home/airflow/.local/lib/python3.6/site-packages/airflow/example_dags/tutorial.py took 0.175 seconds
[2023-08-09 16:53:29,914] {scheduler_job.py:182} INFO - Started process (PID=10812) to work on /home/airflow/.local/lib/python3.6/site-packages/airflow/example_dags/tutorial.py
[2023-08-09 16:53:29,919] {scheduler_job.py:633} INFO - Processing file /home/airflow/.local/lib/python3.6/site-packages/airflow/example_dags/tutorial.py for tasks to queue
[2023-08-09 16:53:29,924] {logging_mixin.py:104} INFO - [2023-08-09 16:53:29,924] {dagbag.py:496} INFO - Filling up the DagBag from /home/airflow/.local/lib/python3.6/site-packages/airflow/example_dags/tutorial.py
[2023-08-09 16:53:29,970] {scheduler_job.py:643} INFO - DAG(s) dict_keys(['tutorial']) retrieved from /home/airflow/.local/lib/python3.6/site-packages/airflow/example_dags/tutorial.py
[2023-08-09 16:53:30,064] {logging_mixin.py:104} INFO - [2023-08-09 16:53:30,064] {dag.py:1833} INFO - Sync 1 DAGs
[2023-08-09 16:53:30,123] {logging_mixin.py:104} INFO - [2023-08-09 16:53:30,123] {dag.py:2306} INFO - Setting next_dagrun for tutorial to 2023-08-07 00:00:00+00:00
[2023-08-09 16:53:30,158] {scheduler_job.py:190} INFO - Processing /home/airflow/.local/lib/python3.6/site-packages/airflow/example_dags/tutorial.py took 0.259 seconds
[2023-08-09 16:54:00,294] {scheduler_job.py:182} INFO - Started process (PID=10863) to work on /home/airflow/.local/lib/python3.6/site-packages/airflow/example_dags/tutorial.py
[2023-08-09 16:54:00,299] {scheduler_job.py:633} INFO - Processing file /home/airflow/.local/lib/python3.6/site-packages/airflow/example_dags/tutorial.py for tasks to queue
[2023-08-09 16:54:00,302] {logging_mixin.py:104} INFO - [2023-08-09 16:54:00,301] {dagbag.py:496} INFO - Filling up the DagBag from /home/airflow/.local/lib/python3.6/site-packages/airflow/example_dags/tutorial.py
[2023-08-09 16:54:00,328] {scheduler_job.py:643} INFO - DAG(s) dict_keys(['tutorial']) retrieved from /home/airflow/.local/lib/python3.6/site-packages/airflow/example_dags/tutorial.py
[2023-08-09 16:54:00,370] {logging_mixin.py:104} INFO - [2023-08-09 16:54:00,370] {dag.py:1833} INFO - Sync 1 DAGs
[2023-08-09 16:54:00,392] {logging_mixin.py:104} INFO - [2023-08-09 16:54:00,392] {dag.py:2306} INFO - Setting next_dagrun for tutorial to 2023-08-07 00:00:00+00:00
[2023-08-09 16:54:00,414] {scheduler_job.py:190} INFO - Processing /home/airflow/.local/lib/python3.6/site-packages/airflow/example_dags/tutorial.py took 0.127 seconds
[2023-08-09 16:54:30,725] {scheduler_job.py:182} INFO - Started process (PID=10923) to work on /home/airflow/.local/lib/python3.6/site-packages/airflow/example_dags/tutorial.py
[2023-08-09 16:54:30,727] {scheduler_job.py:633} INFO - Processing file /home/airflow/.local/lib/python3.6/site-packages/airflow/example_dags/tutorial.py for tasks to queue
[2023-08-09 16:54:30,730] {logging_mixin.py:104} INFO - [2023-08-09 16:54:30,729] {dagbag.py:496} INFO - Filling up the DagBag from /home/airflow/.local/lib/python3.6/site-packages/airflow/example_dags/tutorial.py
[2023-08-09 16:54:30,759] {scheduler_job.py:643} INFO - DAG(s) dict_keys(['tutorial']) retrieved from /home/airflow/.local/lib/python3.6/site-packages/airflow/example_dags/tutorial.py
[2023-08-09 16:54:30,793] {logging_mixin.py:104} INFO - [2023-08-09 16:54:30,793] {dag.py:1833} INFO - Sync 1 DAGs
[2023-08-09 16:54:30,827] {logging_mixin.py:104} INFO - [2023-08-09 16:54:30,827] {dag.py:2306} INFO - Setting next_dagrun for tutorial to 2023-08-07 00:00:00+00:00
[2023-08-09 16:54:30,848] {scheduler_job.py:190} INFO - Processing /home/airflow/.local/lib/python3.6/site-packages/airflow/example_dags/tutorial.py took 0.130 seconds
[2023-08-09 16:55:01,531] {scheduler_job.py:182} INFO - Started process (PID=10972) to work on /home/airflow/.local/lib/python3.6/site-packages/airflow/example_dags/tutorial.py
[2023-08-09 16:55:01,534] {scheduler_job.py:633} INFO - Processing file /home/airflow/.local/lib/python3.6/site-packages/airflow/example_dags/tutorial.py for tasks to queue
[2023-08-09 16:55:01,536] {logging_mixin.py:104} INFO - [2023-08-09 16:55:01,536] {dagbag.py:496} INFO - Filling up the DagBag from /home/airflow/.local/lib/python3.6/site-packages/airflow/example_dags/tutorial.py
[2023-08-09 16:55:01,558] {scheduler_job.py:643} INFO - DAG(s) dict_keys(['tutorial']) retrieved from /home/airflow/.local/lib/python3.6/site-packages/airflow/example_dags/tutorial.py
[2023-08-09 16:55:01,591] {logging_mixin.py:104} INFO - [2023-08-09 16:55:01,591] {dag.py:1833} INFO - Sync 1 DAGs
[2023-08-09 16:55:01,615] {logging_mixin.py:104} INFO - [2023-08-09 16:55:01,614] {dag.py:2306} INFO - Setting next_dagrun for tutorial to 2023-08-07 00:00:00+00:00
[2023-08-09 16:55:01,632] {scheduler_job.py:190} INFO - Processing /home/airflow/.local/lib/python3.6/site-packages/airflow/example_dags/tutorial.py took 0.107 seconds
[2023-08-09 16:55:32,614] {scheduler_job.py:182} INFO - Started process (PID=11023) to work on /home/airflow/.local/lib/python3.6/site-packages/airflow/example_dags/tutorial.py
[2023-08-09 16:55:32,617] {scheduler_job.py:633} INFO - Processing file /home/airflow/.local/lib/python3.6/site-packages/airflow/example_dags/tutorial.py for tasks to queue
[2023-08-09 16:55:32,619] {logging_mixin.py:104} INFO - [2023-08-09 16:55:32,618] {dagbag.py:496} INFO - Filling up the DagBag from /home/airflow/.local/lib/python3.6/site-packages/airflow/example_dags/tutorial.py
[2023-08-09 16:55:32,643] {scheduler_job.py:643} INFO - DAG(s) dict_keys(['tutorial']) retrieved from /home/airflow/.local/lib/python3.6/site-packages/airflow/example_dags/tutorial.py
[2023-08-09 16:55:32,698] {logging_mixin.py:104} INFO - [2023-08-09 16:55:32,698] {dag.py:1833} INFO - Sync 1 DAGs
[2023-08-09 16:55:32,718] {logging_mixin.py:104} INFO - [2023-08-09 16:55:32,718] {dag.py:2306} INFO - Setting next_dagrun for tutorial to 2023-08-07 00:00:00+00:00
[2023-08-09 16:55:32,733] {scheduler_job.py:190} INFO - Processing /home/airflow/.local/lib/python3.6/site-packages/airflow/example_dags/tutorial.py took 0.126 seconds
[2023-08-09 16:56:03,819] {scheduler_job.py:182} INFO - Started process (PID=11084) to work on /home/airflow/.local/lib/python3.6/site-packages/airflow/example_dags/tutorial.py
[2023-08-09 16:56:03,822] {scheduler_job.py:633} INFO - Processing file /home/airflow/.local/lib/python3.6/site-packages/airflow/example_dags/tutorial.py for tasks to queue
[2023-08-09 16:56:03,826] {logging_mixin.py:104} INFO - [2023-08-09 16:56:03,825] {dagbag.py:496} INFO - Filling up the DagBag from /home/airflow/.local/lib/python3.6/site-packages/airflow/example_dags/tutorial.py
[2023-08-09 16:56:03,891] {scheduler_job.py:643} INFO - DAG(s) dict_keys(['tutorial']) retrieved from /home/airflow/.local/lib/python3.6/site-packages/airflow/example_dags/tutorial.py
[2023-08-09 16:56:03,938] {logging_mixin.py:104} INFO - [2023-08-09 16:56:03,937] {dag.py:1833} INFO - Sync 1 DAGs
[2023-08-09 16:56:03,968] {logging_mixin.py:104} INFO - [2023-08-09 16:56:03,968] {dag.py:2306} INFO - Setting next_dagrun for tutorial to 2023-08-07 00:00:00+00:00
[2023-08-09 16:56:03,994] {scheduler_job.py:190} INFO - Processing /home/airflow/.local/lib/python3.6/site-packages/airflow/example_dags/tutorial.py took 0.184 seconds
[2023-08-09 16:56:34,822] {scheduler_job.py:182} INFO - Started process (PID=11135) to work on /home/airflow/.local/lib/python3.6/site-packages/airflow/example_dags/tutorial.py
[2023-08-09 16:56:34,826] {scheduler_job.py:633} INFO - Processing file /home/airflow/.local/lib/python3.6/site-packages/airflow/example_dags/tutorial.py for tasks to queue
[2023-08-09 16:56:34,829] {logging_mixin.py:104} INFO - [2023-08-09 16:56:34,829] {dagbag.py:496} INFO - Filling up the DagBag from /home/airflow/.local/lib/python3.6/site-packages/airflow/example_dags/tutorial.py
[2023-08-09 16:56:34,879] {scheduler_job.py:643} INFO - DAG(s) dict_keys(['tutorial']) retrieved from /home/airflow/.local/lib/python3.6/site-packages/airflow/example_dags/tutorial.py
[2023-08-09 16:56:34,966] {logging_mixin.py:104} INFO - [2023-08-09 16:56:34,966] {dag.py:1833} INFO - Sync 1 DAGs
[2023-08-09 16:56:35,020] {logging_mixin.py:104} INFO - [2023-08-09 16:56:35,019] {dag.py:2306} INFO - Setting next_dagrun for tutorial to 2023-08-07 00:00:00+00:00
[2023-08-09 16:56:35,048] {scheduler_job.py:190} INFO - Processing /home/airflow/.local/lib/python3.6/site-packages/airflow/example_dags/tutorial.py took 0.234 seconds
[2023-08-09 16:57:05,095] {scheduler_job.py:182} INFO - Started process (PID=11186) to work on /home/airflow/.local/lib/python3.6/site-packages/airflow/example_dags/tutorial.py
[2023-08-09 16:57:05,097] {scheduler_job.py:633} INFO - Processing file /home/airflow/.local/lib/python3.6/site-packages/airflow/example_dags/tutorial.py for tasks to queue
[2023-08-09 16:57:05,099] {logging_mixin.py:104} INFO - [2023-08-09 16:57:05,098] {dagbag.py:496} INFO - Filling up the DagBag from /home/airflow/.local/lib/python3.6/site-packages/airflow/example_dags/tutorial.py
[2023-08-09 16:57:05,119] {scheduler_job.py:643} INFO - DAG(s) dict_keys(['tutorial']) retrieved from /home/airflow/.local/lib/python3.6/site-packages/airflow/example_dags/tutorial.py
[2023-08-09 16:57:05,148] {logging_mixin.py:104} INFO - [2023-08-09 16:57:05,148] {dag.py:1833} INFO - Sync 1 DAGs
[2023-08-09 16:57:05,167] {logging_mixin.py:104} INFO - [2023-08-09 16:57:05,166] {dag.py:2306} INFO - Setting next_dagrun for tutorial to 2023-08-07 00:00:00+00:00
[2023-08-09 16:57:05,188] {scheduler_job.py:190} INFO - Processing /home/airflow/.local/lib/python3.6/site-packages/airflow/example_dags/tutorial.py took 0.098 seconds
[2023-08-09 16:57:35,427] {scheduler_job.py:182} INFO - Started process (PID=11245) to work on /home/airflow/.local/lib/python3.6/site-packages/airflow/example_dags/tutorial.py
[2023-08-09 16:57:35,443] {scheduler_job.py:633} INFO - Processing file /home/airflow/.local/lib/python3.6/site-packages/airflow/example_dags/tutorial.py for tasks to queue
[2023-08-09 16:57:35,445] {logging_mixin.py:104} INFO - [2023-08-09 16:57:35,445] {dagbag.py:496} INFO - Filling up the DagBag from /home/airflow/.local/lib/python3.6/site-packages/airflow/example_dags/tutorial.py
[2023-08-09 16:57:35,476] {scheduler_job.py:643} INFO - DAG(s) dict_keys(['tutorial']) retrieved from /home/airflow/.local/lib/python3.6/site-packages/airflow/example_dags/tutorial.py
[2023-08-09 16:57:35,536] {logging_mixin.py:104} INFO - [2023-08-09 16:57:35,535] {dag.py:1833} INFO - Sync 1 DAGs
[2023-08-09 16:57:35,580] {logging_mixin.py:104} INFO - [2023-08-09 16:57:35,579] {dag.py:2306} INFO - Setting next_dagrun for tutorial to 2023-08-07 00:00:00+00:00
[2023-08-09 16:57:35,610] {scheduler_job.py:190} INFO - Processing /home/airflow/.local/lib/python3.6/site-packages/airflow/example_dags/tutorial.py took 0.189 seconds
[2023-08-09 16:58:05,777] {scheduler_job.py:182} INFO - Started process (PID=11299) to work on /home/airflow/.local/lib/python3.6/site-packages/airflow/example_dags/tutorial.py
[2023-08-09 16:58:05,780] {scheduler_job.py:633} INFO - Processing file /home/airflow/.local/lib/python3.6/site-packages/airflow/example_dags/tutorial.py for tasks to queue
[2023-08-09 16:58:05,783] {logging_mixin.py:104} INFO - [2023-08-09 16:58:05,782] {dagbag.py:496} INFO - Filling up the DagBag from /home/airflow/.local/lib/python3.6/site-packages/airflow/example_dags/tutorial.py
[2023-08-09 16:58:05,805] {scheduler_job.py:643} INFO - DAG(s) dict_keys(['tutorial']) retrieved from /home/airflow/.local/lib/python3.6/site-packages/airflow/example_dags/tutorial.py
[2023-08-09 16:58:05,845] {logging_mixin.py:104} INFO - [2023-08-09 16:58:05,845] {dag.py:1833} INFO - Sync 1 DAGs
[2023-08-09 16:58:05,863] {logging_mixin.py:104} INFO - [2023-08-09 16:58:05,863] {dag.py:2306} INFO - Setting next_dagrun for tutorial to 2023-08-07 00:00:00+00:00
[2023-08-09 16:58:05,883] {scheduler_job.py:190} INFO - Processing /home/airflow/.local/lib/python3.6/site-packages/airflow/example_dags/tutorial.py took 0.111 seconds
