[2023-07-21 07:13:43,312] {scheduler_job.py:182} INFO - Started process (PID=73920) to work on /home/airflow/.local/lib/python3.6/site-packages/airflow/example_dags/example_complex.py
[2023-07-21 07:13:43,320] {scheduler_job.py:633} INFO - Processing file /home/airflow/.local/lib/python3.6/site-packages/airflow/example_dags/example_complex.py for tasks to queue
[2023-07-21 07:13:43,371] {logging_mixin.py:104} INFO - [2023-07-21 07:13:43,371] {dagbag.py:496} INFO - Filling up the DagBag from /home/airflow/.local/lib/python3.6/site-packages/airflow/example_dags/example_complex.py
[2023-07-21 07:13:43,493] {scheduler_job.py:643} INFO - DAG(s) dict_keys(['example_complex']) retrieved from /home/airflow/.local/lib/python3.6/site-packages/airflow/example_dags/example_complex.py
[2023-07-21 07:13:45,182] {logging_mixin.py:104} INFO - [2023-07-21 07:13:45,182] {dag.py:1833} INFO - Sync 1 DAGs
[2023-07-21 07:13:45,255] {logging_mixin.py:104} INFO - [2023-07-21 07:13:45,255] {dag.py:2306} INFO - Setting next_dagrun for example_complex to None
[2023-07-21 07:13:45,337] {scheduler_job.py:190} INFO - Processing /home/airflow/.local/lib/python3.6/site-packages/airflow/example_dags/example_complex.py took 2.077 seconds
[2023-07-21 07:14:15,588] {scheduler_job.py:182} INFO - Started process (PID=73970) to work on /home/airflow/.local/lib/python3.6/site-packages/airflow/example_dags/example_complex.py
[2023-07-21 07:14:15,591] {scheduler_job.py:633} INFO - Processing file /home/airflow/.local/lib/python3.6/site-packages/airflow/example_dags/example_complex.py for tasks to queue
[2023-07-21 07:14:15,593] {logging_mixin.py:104} INFO - [2023-07-21 07:14:15,592] {dagbag.py:496} INFO - Filling up the DagBag from /home/airflow/.local/lib/python3.6/site-packages/airflow/example_dags/example_complex.py
[2023-07-21 07:14:15,648] {scheduler_job.py:643} INFO - DAG(s) dict_keys(['example_complex']) retrieved from /home/airflow/.local/lib/python3.6/site-packages/airflow/example_dags/example_complex.py
[2023-07-21 07:14:15,756] {logging_mixin.py:104} INFO - [2023-07-21 07:14:15,756] {dag.py:1833} INFO - Sync 1 DAGs
[2023-07-21 07:14:15,778] {logging_mixin.py:104} INFO - [2023-07-21 07:14:15,778] {dag.py:2306} INFO - Setting next_dagrun for example_complex to None
[2023-07-21 07:14:15,794] {scheduler_job.py:190} INFO - Processing /home/airflow/.local/lib/python3.6/site-packages/airflow/example_dags/example_complex.py took 0.213 seconds
[2023-07-21 07:14:45,913] {scheduler_job.py:182} INFO - Started process (PID=74019) to work on /home/airflow/.local/lib/python3.6/site-packages/airflow/example_dags/example_complex.py
[2023-07-21 07:14:45,918] {scheduler_job.py:633} INFO - Processing file /home/airflow/.local/lib/python3.6/site-packages/airflow/example_dags/example_complex.py for tasks to queue
[2023-07-21 07:14:45,921] {logging_mixin.py:104} INFO - [2023-07-21 07:14:45,921] {dagbag.py:496} INFO - Filling up the DagBag from /home/airflow/.local/lib/python3.6/site-packages/airflow/example_dags/example_complex.py
[2023-07-21 07:14:45,977] {scheduler_job.py:643} INFO - DAG(s) dict_keys(['example_complex']) retrieved from /home/airflow/.local/lib/python3.6/site-packages/airflow/example_dags/example_complex.py
[2023-07-21 07:14:46,021] {logging_mixin.py:104} INFO - [2023-07-21 07:14:46,021] {dag.py:1833} INFO - Sync 1 DAGs
[2023-07-21 07:14:46,043] {logging_mixin.py:104} INFO - [2023-07-21 07:14:46,043] {dag.py:2306} INFO - Setting next_dagrun for example_complex to None
[2023-07-21 07:14:46,062] {scheduler_job.py:190} INFO - Processing /home/airflow/.local/lib/python3.6/site-packages/airflow/example_dags/example_complex.py took 0.158 seconds
[2023-07-21 07:15:16,353] {scheduler_job.py:182} INFO - Started process (PID=74070) to work on /home/airflow/.local/lib/python3.6/site-packages/airflow/example_dags/example_complex.py
[2023-07-21 07:15:16,356] {scheduler_job.py:633} INFO - Processing file /home/airflow/.local/lib/python3.6/site-packages/airflow/example_dags/example_complex.py for tasks to queue
[2023-07-21 07:15:16,358] {logging_mixin.py:104} INFO - [2023-07-21 07:15:16,357] {dagbag.py:496} INFO - Filling up the DagBag from /home/airflow/.local/lib/python3.6/site-packages/airflow/example_dags/example_complex.py
[2023-07-21 07:15:16,394] {scheduler_job.py:643} INFO - DAG(s) dict_keys(['example_complex']) retrieved from /home/airflow/.local/lib/python3.6/site-packages/airflow/example_dags/example_complex.py
[2023-07-21 07:15:16,431] {logging_mixin.py:104} INFO - [2023-07-21 07:15:16,431] {dag.py:1833} INFO - Sync 1 DAGs
[2023-07-21 07:15:16,454] {logging_mixin.py:104} INFO - [2023-07-21 07:15:16,454] {dag.py:2306} INFO - Setting next_dagrun for example_complex to None
[2023-07-21 07:15:16,479] {scheduler_job.py:190} INFO - Processing /home/airflow/.local/lib/python3.6/site-packages/airflow/example_dags/example_complex.py took 0.134 seconds
[2023-07-21 07:15:46,876] {scheduler_job.py:182} INFO - Started process (PID=74131) to work on /home/airflow/.local/lib/python3.6/site-packages/airflow/example_dags/example_complex.py
[2023-07-21 07:15:46,884] {scheduler_job.py:633} INFO - Processing file /home/airflow/.local/lib/python3.6/site-packages/airflow/example_dags/example_complex.py for tasks to queue
[2023-07-21 07:15:46,891] {logging_mixin.py:104} INFO - [2023-07-21 07:15:46,891] {dagbag.py:496} INFO - Filling up the DagBag from /home/airflow/.local/lib/python3.6/site-packages/airflow/example_dags/example_complex.py
[2023-07-21 07:15:47,011] {scheduler_job.py:643} INFO - DAG(s) dict_keys(['example_complex']) retrieved from /home/airflow/.local/lib/python3.6/site-packages/airflow/example_dags/example_complex.py
[2023-07-21 07:15:47,118] {logging_mixin.py:104} INFO - [2023-07-21 07:15:47,118] {dag.py:1833} INFO - Sync 1 DAGs
[2023-07-21 07:15:47,196] {logging_mixin.py:104} INFO - [2023-07-21 07:15:47,196] {dag.py:2306} INFO - Setting next_dagrun for example_complex to None
[2023-07-21 07:15:47,222] {scheduler_job.py:190} INFO - Processing /home/airflow/.local/lib/python3.6/site-packages/airflow/example_dags/example_complex.py took 0.359 seconds
[2023-07-21 07:16:17,404] {scheduler_job.py:182} INFO - Started process (PID=74183) to work on /home/airflow/.local/lib/python3.6/site-packages/airflow/example_dags/example_complex.py
[2023-07-21 07:16:17,408] {scheduler_job.py:633} INFO - Processing file /home/airflow/.local/lib/python3.6/site-packages/airflow/example_dags/example_complex.py for tasks to queue
[2023-07-21 07:16:17,411] {logging_mixin.py:104} INFO - [2023-07-21 07:16:17,410] {dagbag.py:496} INFO - Filling up the DagBag from /home/airflow/.local/lib/python3.6/site-packages/airflow/example_dags/example_complex.py
[2023-07-21 07:16:17,457] {scheduler_job.py:643} INFO - DAG(s) dict_keys(['example_complex']) retrieved from /home/airflow/.local/lib/python3.6/site-packages/airflow/example_dags/example_complex.py
[2023-07-21 07:16:17,517] {logging_mixin.py:104} INFO - [2023-07-21 07:16:17,517] {dag.py:1833} INFO - Sync 1 DAGs
[2023-07-21 07:16:17,539] {logging_mixin.py:104} INFO - [2023-07-21 07:16:17,539] {dag.py:2306} INFO - Setting next_dagrun for example_complex to None
[2023-07-21 07:16:17,573] {scheduler_job.py:190} INFO - Processing /home/airflow/.local/lib/python3.6/site-packages/airflow/example_dags/example_complex.py took 0.177 seconds
[2023-07-21 07:16:48,118] {scheduler_job.py:182} INFO - Started process (PID=74234) to work on /home/airflow/.local/lib/python3.6/site-packages/airflow/example_dags/example_complex.py
[2023-07-21 07:16:48,126] {scheduler_job.py:633} INFO - Processing file /home/airflow/.local/lib/python3.6/site-packages/airflow/example_dags/example_complex.py for tasks to queue
[2023-07-21 07:16:48,128] {logging_mixin.py:104} INFO - [2023-07-21 07:16:48,128] {dagbag.py:496} INFO - Filling up the DagBag from /home/airflow/.local/lib/python3.6/site-packages/airflow/example_dags/example_complex.py
[2023-07-21 07:16:48,241] {scheduler_job.py:643} INFO - DAG(s) dict_keys(['example_complex']) retrieved from /home/airflow/.local/lib/python3.6/site-packages/airflow/example_dags/example_complex.py
[2023-07-21 07:16:48,369] {logging_mixin.py:104} INFO - [2023-07-21 07:16:48,368] {dag.py:1833} INFO - Sync 1 DAGs
[2023-07-21 07:16:48,426] {logging_mixin.py:104} INFO - [2023-07-21 07:16:48,425] {dag.py:2306} INFO - Setting next_dagrun for example_complex to None
[2023-07-21 07:16:48,474] {scheduler_job.py:190} INFO - Processing /home/airflow/.local/lib/python3.6/site-packages/airflow/example_dags/example_complex.py took 0.368 seconds
[2023-07-21 07:17:19,607] {scheduler_job.py:182} INFO - Started process (PID=74295) to work on /home/airflow/.local/lib/python3.6/site-packages/airflow/example_dags/example_complex.py
[2023-07-21 07:17:19,622] {scheduler_job.py:633} INFO - Processing file /home/airflow/.local/lib/python3.6/site-packages/airflow/example_dags/example_complex.py for tasks to queue
[2023-07-21 07:17:19,632] {logging_mixin.py:104} INFO - [2023-07-21 07:17:19,632] {dagbag.py:496} INFO - Filling up the DagBag from /home/airflow/.local/lib/python3.6/site-packages/airflow/example_dags/example_complex.py
[2023-07-21 07:17:19,946] {scheduler_job.py:643} INFO - DAG(s) dict_keys(['example_complex']) retrieved from /home/airflow/.local/lib/python3.6/site-packages/airflow/example_dags/example_complex.py
[2023-07-21 07:17:20,143] {logging_mixin.py:104} INFO - [2023-07-21 07:17:20,143] {dag.py:1833} INFO - Sync 1 DAGs
[2023-07-21 07:17:20,209] {logging_mixin.py:104} INFO - [2023-07-21 07:17:20,209] {dag.py:2306} INFO - Setting next_dagrun for example_complex to None
[2023-07-21 07:17:20,270] {scheduler_job.py:190} INFO - Processing /home/airflow/.local/lib/python3.6/site-packages/airflow/example_dags/example_complex.py took 0.707 seconds
[2023-07-21 07:17:50,378] {scheduler_job.py:182} INFO - Started process (PID=74345) to work on /home/airflow/.local/lib/python3.6/site-packages/airflow/example_dags/example_complex.py
[2023-07-21 07:17:50,382] {scheduler_job.py:633} INFO - Processing file /home/airflow/.local/lib/python3.6/site-packages/airflow/example_dags/example_complex.py for tasks to queue
[2023-07-21 07:17:50,383] {logging_mixin.py:104} INFO - [2023-07-21 07:17:50,383] {dagbag.py:496} INFO - Filling up the DagBag from /home/airflow/.local/lib/python3.6/site-packages/airflow/example_dags/example_complex.py
[2023-07-21 07:17:50,416] {scheduler_job.py:643} INFO - DAG(s) dict_keys(['example_complex']) retrieved from /home/airflow/.local/lib/python3.6/site-packages/airflow/example_dags/example_complex.py
[2023-07-21 07:17:50,453] {logging_mixin.py:104} INFO - [2023-07-21 07:17:50,453] {dag.py:1833} INFO - Sync 1 DAGs
[2023-07-21 07:17:50,471] {logging_mixin.py:104} INFO - [2023-07-21 07:17:50,471] {dag.py:2306} INFO - Setting next_dagrun for example_complex to None
[2023-07-21 07:17:50,488] {scheduler_job.py:190} INFO - Processing /home/airflow/.local/lib/python3.6/site-packages/airflow/example_dags/example_complex.py took 0.115 seconds
[2023-07-21 07:18:21,123] {scheduler_job.py:182} INFO - Started process (PID=74395) to work on /home/airflow/.local/lib/python3.6/site-packages/airflow/example_dags/example_complex.py
[2023-07-21 07:18:21,127] {scheduler_job.py:633} INFO - Processing file /home/airflow/.local/lib/python3.6/site-packages/airflow/example_dags/example_complex.py for tasks to queue
[2023-07-21 07:18:21,129] {logging_mixin.py:104} INFO - [2023-07-21 07:18:21,128] {dagbag.py:496} INFO - Filling up the DagBag from /home/airflow/.local/lib/python3.6/site-packages/airflow/example_dags/example_complex.py
[2023-07-21 07:18:21,157] {scheduler_job.py:643} INFO - DAG(s) dict_keys(['example_complex']) retrieved from /home/airflow/.local/lib/python3.6/site-packages/airflow/example_dags/example_complex.py
[2023-07-21 07:18:21,189] {logging_mixin.py:104} INFO - [2023-07-21 07:18:21,189] {dag.py:1833} INFO - Sync 1 DAGs
[2023-07-21 07:18:21,207] {logging_mixin.py:104} INFO - [2023-07-21 07:18:21,207] {dag.py:2306} INFO - Setting next_dagrun for example_complex to None
[2023-07-21 07:18:21,223] {scheduler_job.py:190} INFO - Processing /home/airflow/.local/lib/python3.6/site-packages/airflow/example_dags/example_complex.py took 0.105 seconds
[2023-07-21 07:18:52,011] {scheduler_job.py:182} INFO - Started process (PID=74446) to work on /home/airflow/.local/lib/python3.6/site-packages/airflow/example_dags/example_complex.py
[2023-07-21 07:18:52,016] {scheduler_job.py:633} INFO - Processing file /home/airflow/.local/lib/python3.6/site-packages/airflow/example_dags/example_complex.py for tasks to queue
[2023-07-21 07:18:52,019] {logging_mixin.py:104} INFO - [2023-07-21 07:18:52,019] {dagbag.py:496} INFO - Filling up the DagBag from /home/airflow/.local/lib/python3.6/site-packages/airflow/example_dags/example_complex.py
[2023-07-21 07:18:52,061] {scheduler_job.py:643} INFO - DAG(s) dict_keys(['example_complex']) retrieved from /home/airflow/.local/lib/python3.6/site-packages/airflow/example_dags/example_complex.py
[2023-07-21 07:18:52,105] {logging_mixin.py:104} INFO - [2023-07-21 07:18:52,105] {dag.py:1833} INFO - Sync 1 DAGs
[2023-07-21 07:18:52,123] {logging_mixin.py:104} INFO - [2023-07-21 07:18:52,123] {dag.py:2306} INFO - Setting next_dagrun for example_complex to None
[2023-07-21 07:18:52,143] {scheduler_job.py:190} INFO - Processing /home/airflow/.local/lib/python3.6/site-packages/airflow/example_dags/example_complex.py took 0.137 seconds
[2023-07-21 07:19:22,330] {scheduler_job.py:182} INFO - Started process (PID=74507) to work on /home/airflow/.local/lib/python3.6/site-packages/airflow/example_dags/example_complex.py
[2023-07-21 07:19:22,333] {scheduler_job.py:633} INFO - Processing file /home/airflow/.local/lib/python3.6/site-packages/airflow/example_dags/example_complex.py for tasks to queue
[2023-07-21 07:19:22,338] {logging_mixin.py:104} INFO - [2023-07-21 07:19:22,337] {dagbag.py:496} INFO - Filling up the DagBag from /home/airflow/.local/lib/python3.6/site-packages/airflow/example_dags/example_complex.py
[2023-07-21 07:19:22,399] {scheduler_job.py:643} INFO - DAG(s) dict_keys(['example_complex']) retrieved from /home/airflow/.local/lib/python3.6/site-packages/airflow/example_dags/example_complex.py
[2023-07-21 07:19:22,462] {logging_mixin.py:104} INFO - [2023-07-21 07:19:22,462] {dag.py:1833} INFO - Sync 1 DAGs
[2023-07-21 07:19:22,513] {logging_mixin.py:104} INFO - [2023-07-21 07:19:22,513] {dag.py:2306} INFO - Setting next_dagrun for example_complex to None
[2023-07-21 07:19:22,560] {scheduler_job.py:190} INFO - Processing /home/airflow/.local/lib/python3.6/site-packages/airflow/example_dags/example_complex.py took 0.240 seconds
[2023-07-21 07:19:52,938] {scheduler_job.py:182} INFO - Started process (PID=74557) to work on /home/airflow/.local/lib/python3.6/site-packages/airflow/example_dags/example_complex.py
[2023-07-21 07:19:52,941] {scheduler_job.py:633} INFO - Processing file /home/airflow/.local/lib/python3.6/site-packages/airflow/example_dags/example_complex.py for tasks to queue
[2023-07-21 07:19:52,945] {logging_mixin.py:104} INFO - [2023-07-21 07:19:52,944] {dagbag.py:496} INFO - Filling up the DagBag from /home/airflow/.local/lib/python3.6/site-packages/airflow/example_dags/example_complex.py
[2023-07-21 07:19:53,007] {scheduler_job.py:643} INFO - DAG(s) dict_keys(['example_complex']) retrieved from /home/airflow/.local/lib/python3.6/site-packages/airflow/example_dags/example_complex.py
[2023-07-21 07:19:53,075] {logging_mixin.py:104} INFO - [2023-07-21 07:19:53,075] {dag.py:1833} INFO - Sync 1 DAGs
[2023-07-21 07:19:53,107] {logging_mixin.py:104} INFO - [2023-07-21 07:19:53,107] {dag.py:2306} INFO - Setting next_dagrun for example_complex to None
[2023-07-21 07:19:53,136] {scheduler_job.py:190} INFO - Processing /home/airflow/.local/lib/python3.6/site-packages/airflow/example_dags/example_complex.py took 0.210 seconds
[2023-07-21 07:20:23,367] {scheduler_job.py:182} INFO - Started process (PID=74608) to work on /home/airflow/.local/lib/python3.6/site-packages/airflow/example_dags/example_complex.py
[2023-07-21 07:20:23,373] {scheduler_job.py:633} INFO - Processing file /home/airflow/.local/lib/python3.6/site-packages/airflow/example_dags/example_complex.py for tasks to queue
[2023-07-21 07:20:23,386] {logging_mixin.py:104} INFO - [2023-07-21 07:20:23,379] {dagbag.py:496} INFO - Filling up the DagBag from /home/airflow/.local/lib/python3.6/site-packages/airflow/example_dags/example_complex.py
[2023-07-21 07:20:23,445] {scheduler_job.py:643} INFO - DAG(s) dict_keys(['example_complex']) retrieved from /home/airflow/.local/lib/python3.6/site-packages/airflow/example_dags/example_complex.py
[2023-07-21 07:20:23,522] {logging_mixin.py:104} INFO - [2023-07-21 07:20:23,522] {dag.py:1833} INFO - Sync 1 DAGs
[2023-07-21 07:20:23,553] {logging_mixin.py:104} INFO - [2023-07-21 07:20:23,553] {dag.py:2306} INFO - Setting next_dagrun for example_complex to None
[2023-07-21 07:20:23,590] {scheduler_job.py:190} INFO - Processing /home/airflow/.local/lib/python3.6/site-packages/airflow/example_dags/example_complex.py took 0.228 seconds
[2023-07-21 07:20:54,323] {scheduler_job.py:182} INFO - Started process (PID=74659) to work on /home/airflow/.local/lib/python3.6/site-packages/airflow/example_dags/example_complex.py
[2023-07-21 07:20:54,327] {scheduler_job.py:633} INFO - Processing file /home/airflow/.local/lib/python3.6/site-packages/airflow/example_dags/example_complex.py for tasks to queue
[2023-07-21 07:20:54,331] {logging_mixin.py:104} INFO - [2023-07-21 07:20:54,331] {dagbag.py:496} INFO - Filling up the DagBag from /home/airflow/.local/lib/python3.6/site-packages/airflow/example_dags/example_complex.py
[2023-07-21 07:20:54,453] {scheduler_job.py:643} INFO - DAG(s) dict_keys(['example_complex']) retrieved from /home/airflow/.local/lib/python3.6/site-packages/airflow/example_dags/example_complex.py
[2023-07-21 07:20:54,572] {logging_mixin.py:104} INFO - [2023-07-21 07:20:54,571] {dag.py:1833} INFO - Sync 1 DAGs
[2023-07-21 07:20:54,629] {logging_mixin.py:104} INFO - [2023-07-21 07:20:54,629] {dag.py:2306} INFO - Setting next_dagrun for example_complex to None
[2023-07-21 07:20:54,686] {scheduler_job.py:190} INFO - Processing /home/airflow/.local/lib/python3.6/site-packages/airflow/example_dags/example_complex.py took 0.383 seconds
[2023-07-21 07:21:25,068] {scheduler_job.py:182} INFO - Started process (PID=74718) to work on /home/airflow/.local/lib/python3.6/site-packages/airflow/example_dags/example_complex.py
[2023-07-21 07:21:25,072] {scheduler_job.py:633} INFO - Processing file /home/airflow/.local/lib/python3.6/site-packages/airflow/example_dags/example_complex.py for tasks to queue
[2023-07-21 07:21:25,081] {logging_mixin.py:104} INFO - [2023-07-21 07:21:25,080] {dagbag.py:496} INFO - Filling up the DagBag from /home/airflow/.local/lib/python3.6/site-packages/airflow/example_dags/example_complex.py
[2023-07-21 07:21:25,177] {scheduler_job.py:643} INFO - DAG(s) dict_keys(['example_complex']) retrieved from /home/airflow/.local/lib/python3.6/site-packages/airflow/example_dags/example_complex.py
[2023-07-21 07:21:25,242] {logging_mixin.py:104} INFO - [2023-07-21 07:21:25,242] {dag.py:1833} INFO - Sync 1 DAGs
[2023-07-21 07:21:25,271] {logging_mixin.py:104} INFO - [2023-07-21 07:21:25,271] {dag.py:2306} INFO - Setting next_dagrun for example_complex to None
[2023-07-21 07:21:25,297] {scheduler_job.py:190} INFO - Processing /home/airflow/.local/lib/python3.6/site-packages/airflow/example_dags/example_complex.py took 0.240 seconds
[2023-07-21 07:21:56,217] {scheduler_job.py:182} INFO - Started process (PID=74770) to work on /home/airflow/.local/lib/python3.6/site-packages/airflow/example_dags/example_complex.py
[2023-07-21 07:21:56,221] {scheduler_job.py:633} INFO - Processing file /home/airflow/.local/lib/python3.6/site-packages/airflow/example_dags/example_complex.py for tasks to queue
[2023-07-21 07:21:56,226] {logging_mixin.py:104} INFO - [2023-07-21 07:21:56,226] {dagbag.py:496} INFO - Filling up the DagBag from /home/airflow/.local/lib/python3.6/site-packages/airflow/example_dags/example_complex.py
[2023-07-21 07:21:56,300] {scheduler_job.py:643} INFO - DAG(s) dict_keys(['example_complex']) retrieved from /home/airflow/.local/lib/python3.6/site-packages/airflow/example_dags/example_complex.py
[2023-07-21 07:21:56,387] {logging_mixin.py:104} INFO - [2023-07-21 07:21:56,384] {dag.py:1833} INFO - Sync 1 DAGs
[2023-07-21 07:21:56,447] {logging_mixin.py:104} INFO - [2023-07-21 07:21:56,447] {dag.py:2306} INFO - Setting next_dagrun for example_complex to None
[2023-07-21 07:21:56,495] {scheduler_job.py:190} INFO - Processing /home/airflow/.local/lib/python3.6/site-packages/airflow/example_dags/example_complex.py took 0.297 seconds
[2023-07-21 07:22:27,302] {scheduler_job.py:182} INFO - Started process (PID=74821) to work on /home/airflow/.local/lib/python3.6/site-packages/airflow/example_dags/example_complex.py
[2023-07-21 07:22:27,305] {scheduler_job.py:633} INFO - Processing file /home/airflow/.local/lib/python3.6/site-packages/airflow/example_dags/example_complex.py for tasks to queue
[2023-07-21 07:22:27,306] {logging_mixin.py:104} INFO - [2023-07-21 07:22:27,306] {dagbag.py:496} INFO - Filling up the DagBag from /home/airflow/.local/lib/python3.6/site-packages/airflow/example_dags/example_complex.py
[2023-07-21 07:22:27,343] {scheduler_job.py:643} INFO - DAG(s) dict_keys(['example_complex']) retrieved from /home/airflow/.local/lib/python3.6/site-packages/airflow/example_dags/example_complex.py
[2023-07-21 07:22:27,390] {logging_mixin.py:104} INFO - [2023-07-21 07:22:27,389] {dag.py:1833} INFO - Sync 1 DAGs
[2023-07-21 07:22:27,410] {logging_mixin.py:104} INFO - [2023-07-21 07:22:27,410] {dag.py:2306} INFO - Setting next_dagrun for example_complex to None
[2023-07-21 07:22:27,432] {scheduler_job.py:190} INFO - Processing /home/airflow/.local/lib/python3.6/site-packages/airflow/example_dags/example_complex.py took 0.135 seconds
[2023-07-21 07:22:57,853] {scheduler_job.py:182} INFO - Started process (PID=74871) to work on /home/airflow/.local/lib/python3.6/site-packages/airflow/example_dags/example_complex.py
[2023-07-21 07:22:57,865] {scheduler_job.py:633} INFO - Processing file /home/airflow/.local/lib/python3.6/site-packages/airflow/example_dags/example_complex.py for tasks to queue
[2023-07-21 07:22:57,870] {logging_mixin.py:104} INFO - [2023-07-21 07:22:57,868] {dagbag.py:496} INFO - Filling up the DagBag from /home/airflow/.local/lib/python3.6/site-packages/airflow/example_dags/example_complex.py
[2023-07-21 07:22:57,923] {scheduler_job.py:643} INFO - DAG(s) dict_keys(['example_complex']) retrieved from /home/airflow/.local/lib/python3.6/site-packages/airflow/example_dags/example_complex.py
[2023-07-21 07:22:58,022] {logging_mixin.py:104} INFO - [2023-07-21 07:22:58,022] {dag.py:1833} INFO - Sync 1 DAGs
[2023-07-21 07:22:58,067] {logging_mixin.py:104} INFO - [2023-07-21 07:22:58,067] {dag.py:2306} INFO - Setting next_dagrun for example_complex to None
[2023-07-21 07:22:58,104] {scheduler_job.py:190} INFO - Processing /home/airflow/.local/lib/python3.6/site-packages/airflow/example_dags/example_complex.py took 0.257 seconds
[2023-07-21 07:23:28,348] {scheduler_job.py:182} INFO - Started process (PID=74932) to work on /home/airflow/.local/lib/python3.6/site-packages/airflow/example_dags/example_complex.py
[2023-07-21 07:23:28,355] {scheduler_job.py:633} INFO - Processing file /home/airflow/.local/lib/python3.6/site-packages/airflow/example_dags/example_complex.py for tasks to queue
[2023-07-21 07:23:28,359] {logging_mixin.py:104} INFO - [2023-07-21 07:23:28,359] {dagbag.py:496} INFO - Filling up the DagBag from /home/airflow/.local/lib/python3.6/site-packages/airflow/example_dags/example_complex.py
[2023-07-21 07:23:28,410] {scheduler_job.py:643} INFO - DAG(s) dict_keys(['example_complex']) retrieved from /home/airflow/.local/lib/python3.6/site-packages/airflow/example_dags/example_complex.py
[2023-07-21 07:23:28,449] {logging_mixin.py:104} INFO - [2023-07-21 07:23:28,448] {dag.py:1833} INFO - Sync 1 DAGs
[2023-07-21 07:23:28,474] {logging_mixin.py:104} INFO - [2023-07-21 07:23:28,473] {dag.py:2306} INFO - Setting next_dagrun for example_complex to None
[2023-07-21 07:23:28,493] {scheduler_job.py:190} INFO - Processing /home/airflow/.local/lib/python3.6/site-packages/airflow/example_dags/example_complex.py took 0.163 seconds
[2023-07-21 07:23:58,638] {scheduler_job.py:182} INFO - Started process (PID=74984) to work on /home/airflow/.local/lib/python3.6/site-packages/airflow/example_dags/example_complex.py
[2023-07-21 07:23:58,640] {scheduler_job.py:633} INFO - Processing file /home/airflow/.local/lib/python3.6/site-packages/airflow/example_dags/example_complex.py for tasks to queue
[2023-07-21 07:23:58,642] {logging_mixin.py:104} INFO - [2023-07-21 07:23:58,641] {dagbag.py:496} INFO - Filling up the DagBag from /home/airflow/.local/lib/python3.6/site-packages/airflow/example_dags/example_complex.py
[2023-07-21 07:23:58,680] {scheduler_job.py:643} INFO - DAG(s) dict_keys(['example_complex']) retrieved from /home/airflow/.local/lib/python3.6/site-packages/airflow/example_dags/example_complex.py
[2023-07-21 07:23:58,717] {logging_mixin.py:104} INFO - [2023-07-21 07:23:58,717] {dag.py:1833} INFO - Sync 1 DAGs
[2023-07-21 07:23:58,736] {logging_mixin.py:104} INFO - [2023-07-21 07:23:58,736] {dag.py:2306} INFO - Setting next_dagrun for example_complex to None
[2023-07-21 07:23:58,755] {scheduler_job.py:190} INFO - Processing /home/airflow/.local/lib/python3.6/site-packages/airflow/example_dags/example_complex.py took 0.123 seconds
[2023-07-21 07:24:28,981] {scheduler_job.py:182} INFO - Started process (PID=75034) to work on /home/airflow/.local/lib/python3.6/site-packages/airflow/example_dags/example_complex.py
[2023-07-21 07:24:29,000] {scheduler_job.py:633} INFO - Processing file /home/airflow/.local/lib/python3.6/site-packages/airflow/example_dags/example_complex.py for tasks to queue
[2023-07-21 07:24:29,007] {logging_mixin.py:104} INFO - [2023-07-21 07:24:29,007] {dagbag.py:496} INFO - Filling up the DagBag from /home/airflow/.local/lib/python3.6/site-packages/airflow/example_dags/example_complex.py
[2023-07-21 07:24:29,103] {scheduler_job.py:643} INFO - DAG(s) dict_keys(['example_complex']) retrieved from /home/airflow/.local/lib/python3.6/site-packages/airflow/example_dags/example_complex.py
[2023-07-21 07:24:29,184] {logging_mixin.py:104} INFO - [2023-07-21 07:24:29,184] {dag.py:1833} INFO - Sync 1 DAGs
[2023-07-21 07:24:29,202] {logging_mixin.py:104} INFO - [2023-07-21 07:24:29,202] {dag.py:2306} INFO - Setting next_dagrun for example_complex to None
[2023-07-21 07:24:29,221] {scheduler_job.py:190} INFO - Processing /home/airflow/.local/lib/python3.6/site-packages/airflow/example_dags/example_complex.py took 0.253 seconds
[2023-07-21 07:24:59,867] {scheduler_job.py:182} INFO - Started process (PID=75093) to work on /home/airflow/.local/lib/python3.6/site-packages/airflow/example_dags/example_complex.py
[2023-07-21 07:24:59,877] {scheduler_job.py:633} INFO - Processing file /home/airflow/.local/lib/python3.6/site-packages/airflow/example_dags/example_complex.py for tasks to queue
[2023-07-21 07:24:59,889] {logging_mixin.py:104} INFO - [2023-07-21 07:24:59,889] {dagbag.py:496} INFO - Filling up the DagBag from /home/airflow/.local/lib/python3.6/site-packages/airflow/example_dags/example_complex.py
[2023-07-21 07:25:00,034] {scheduler_job.py:643} INFO - DAG(s) dict_keys(['example_complex']) retrieved from /home/airflow/.local/lib/python3.6/site-packages/airflow/example_dags/example_complex.py
[2023-07-21 07:25:00,166] {logging_mixin.py:104} INFO - [2023-07-21 07:25:00,166] {dag.py:1833} INFO - Sync 1 DAGs
[2023-07-21 07:25:00,223] {logging_mixin.py:104} INFO - [2023-07-21 07:25:00,223] {dag.py:2306} INFO - Setting next_dagrun for example_complex to None
[2023-07-21 07:25:00,269] {scheduler_job.py:190} INFO - Processing /home/airflow/.local/lib/python3.6/site-packages/airflow/example_dags/example_complex.py took 0.424 seconds
[2023-07-21 07:25:30,783] {scheduler_job.py:182} INFO - Started process (PID=75144) to work on /home/airflow/.local/lib/python3.6/site-packages/airflow/example_dags/example_complex.py
[2023-07-21 07:25:30,789] {scheduler_job.py:633} INFO - Processing file /home/airflow/.local/lib/python3.6/site-packages/airflow/example_dags/example_complex.py for tasks to queue
[2023-07-21 07:25:30,803] {logging_mixin.py:104} INFO - [2023-07-21 07:25:30,802] {dagbag.py:496} INFO - Filling up the DagBag from /home/airflow/.local/lib/python3.6/site-packages/airflow/example_dags/example_complex.py
[2023-07-21 07:25:30,903] {scheduler_job.py:643} INFO - DAG(s) dict_keys(['example_complex']) retrieved from /home/airflow/.local/lib/python3.6/site-packages/airflow/example_dags/example_complex.py
[2023-07-21 07:25:31,034] {logging_mixin.py:104} INFO - [2023-07-21 07:25:31,034] {dag.py:1833} INFO - Sync 1 DAGs
[2023-07-21 07:25:31,077] {logging_mixin.py:104} INFO - [2023-07-21 07:25:31,077] {dag.py:2306} INFO - Setting next_dagrun for example_complex to None
[2023-07-21 07:25:31,129] {scheduler_job.py:190} INFO - Processing /home/airflow/.local/lib/python3.6/site-packages/airflow/example_dags/example_complex.py took 0.365 seconds
[2023-07-21 07:26:01,875] {scheduler_job.py:182} INFO - Started process (PID=75195) to work on /home/airflow/.local/lib/python3.6/site-packages/airflow/example_dags/example_complex.py
[2023-07-21 07:26:01,886] {scheduler_job.py:633} INFO - Processing file /home/airflow/.local/lib/python3.6/site-packages/airflow/example_dags/example_complex.py for tasks to queue
[2023-07-21 07:26:01,898] {logging_mixin.py:104} INFO - [2023-07-21 07:26:01,898] {dagbag.py:496} INFO - Filling up the DagBag from /home/airflow/.local/lib/python3.6/site-packages/airflow/example_dags/example_complex.py
[2023-07-21 07:26:02,104] {scheduler_job.py:643} INFO - DAG(s) dict_keys(['example_complex']) retrieved from /home/airflow/.local/lib/python3.6/site-packages/airflow/example_dags/example_complex.py
[2023-07-21 07:26:02,249] {logging_mixin.py:104} INFO - [2023-07-21 07:26:02,249] {dag.py:1833} INFO - Sync 1 DAGs
[2023-07-21 07:26:02,291] {logging_mixin.py:104} INFO - [2023-07-21 07:26:02,290] {dag.py:2306} INFO - Setting next_dagrun for example_complex to None
[2023-07-21 07:26:02,361] {scheduler_job.py:190} INFO - Processing /home/airflow/.local/lib/python3.6/site-packages/airflow/example_dags/example_complex.py took 0.526 seconds
[2023-07-21 07:26:32,526] {scheduler_job.py:182} INFO - Started process (PID=75246) to work on /home/airflow/.local/lib/python3.6/site-packages/airflow/example_dags/example_complex.py
[2023-07-21 07:26:32,535] {scheduler_job.py:633} INFO - Processing file /home/airflow/.local/lib/python3.6/site-packages/airflow/example_dags/example_complex.py for tasks to queue
[2023-07-21 07:26:32,540] {logging_mixin.py:104} INFO - [2023-07-21 07:26:32,538] {dagbag.py:496} INFO - Filling up the DagBag from /home/airflow/.local/lib/python3.6/site-packages/airflow/example_dags/example_complex.py
[2023-07-21 07:26:32,680] {scheduler_job.py:643} INFO - DAG(s) dict_keys(['example_complex']) retrieved from /home/airflow/.local/lib/python3.6/site-packages/airflow/example_dags/example_complex.py
[2023-07-21 07:26:32,809] {logging_mixin.py:104} INFO - [2023-07-21 07:26:32,809] {dag.py:1833} INFO - Sync 1 DAGs
[2023-07-21 07:26:32,885] {logging_mixin.py:104} INFO - [2023-07-21 07:26:32,885] {dag.py:2306} INFO - Setting next_dagrun for example_complex to None
[2023-07-21 07:26:32,952] {scheduler_job.py:190} INFO - Processing /home/airflow/.local/lib/python3.6/site-packages/airflow/example_dags/example_complex.py took 0.443 seconds
[2023-07-21 07:27:03,145] {scheduler_job.py:182} INFO - Started process (PID=75297) to work on /home/airflow/.local/lib/python3.6/site-packages/airflow/example_dags/example_complex.py
[2023-07-21 07:27:03,151] {scheduler_job.py:633} INFO - Processing file /home/airflow/.local/lib/python3.6/site-packages/airflow/example_dags/example_complex.py for tasks to queue
[2023-07-21 07:27:03,159] {logging_mixin.py:104} INFO - [2023-07-21 07:27:03,159] {dagbag.py:496} INFO - Filling up the DagBag from /home/airflow/.local/lib/python3.6/site-packages/airflow/example_dags/example_complex.py
[2023-07-21 07:27:03,219] {scheduler_job.py:643} INFO - DAG(s) dict_keys(['example_complex']) retrieved from /home/airflow/.local/lib/python3.6/site-packages/airflow/example_dags/example_complex.py
[2023-07-21 07:27:03,286] {logging_mixin.py:104} INFO - [2023-07-21 07:27:03,286] {dag.py:1833} INFO - Sync 1 DAGs
[2023-07-21 07:27:03,317] {logging_mixin.py:104} INFO - [2023-07-21 07:27:03,311] {dag.py:2306} INFO - Setting next_dagrun for example_complex to None
[2023-07-21 07:27:03,342] {scheduler_job.py:190} INFO - Processing /home/airflow/.local/lib/python3.6/site-packages/airflow/example_dags/example_complex.py took 0.203 seconds
[2023-07-21 07:27:33,967] {scheduler_job.py:182} INFO - Started process (PID=75357) to work on /home/airflow/.local/lib/python3.6/site-packages/airflow/example_dags/example_complex.py
[2023-07-21 07:27:33,973] {scheduler_job.py:633} INFO - Processing file /home/airflow/.local/lib/python3.6/site-packages/airflow/example_dags/example_complex.py for tasks to queue
[2023-07-21 07:27:33,984] {logging_mixin.py:104} INFO - [2023-07-21 07:27:33,983] {dagbag.py:496} INFO - Filling up the DagBag from /home/airflow/.local/lib/python3.6/site-packages/airflow/example_dags/example_complex.py
[2023-07-21 07:27:34,062] {scheduler_job.py:643} INFO - DAG(s) dict_keys(['example_complex']) retrieved from /home/airflow/.local/lib/python3.6/site-packages/airflow/example_dags/example_complex.py
[2023-07-21 07:27:34,108] {logging_mixin.py:104} INFO - [2023-07-21 07:27:34,107] {dag.py:1833} INFO - Sync 1 DAGs
[2023-07-21 07:27:34,123] {logging_mixin.py:104} INFO - [2023-07-21 07:27:34,123] {dag.py:2306} INFO - Setting next_dagrun for example_complex to None
[2023-07-21 07:27:34,148] {scheduler_job.py:190} INFO - Processing /home/airflow/.local/lib/python3.6/site-packages/airflow/example_dags/example_complex.py took 0.195 seconds
