[2023-07-21 07:13:48,001] {scheduler_job.py:182} INFO - Started process (PID=73925) to work on /home/airflow/.local/lib/python3.6/site-packages/airflow/example_dags/example_bash_operator.py
[2023-07-21 07:13:48,011] {scheduler_job.py:633} INFO - Processing file /home/airflow/.local/lib/python3.6/site-packages/airflow/example_dags/example_bash_operator.py for tasks to queue
[2023-07-21 07:13:48,014] {logging_mixin.py:104} INFO - [2023-07-21 07:13:48,014] {dagbag.py:496} INFO - Filling up the DagBag from /home/airflow/.local/lib/python3.6/site-packages/airflow/example_dags/example_bash_operator.py
[2023-07-21 07:13:48,086] {scheduler_job.py:643} INFO - DAG(s) dict_keys(['example_bash_operator']) retrieved from /home/airflow/.local/lib/python3.6/site-packages/airflow/example_dags/example_bash_operator.py
[2023-07-21 07:13:49,686] {logging_mixin.py:104} INFO - [2023-07-21 07:13:49,686] {dag.py:1833} INFO - Sync 1 DAGs
[2023-07-21 07:13:49,853] {logging_mixin.py:104} INFO - [2023-07-21 07:13:49,853] {dag.py:2306} INFO - Setting next_dagrun for example_bash_operator to 2023-07-19 00:00:00+00:00
[2023-07-21 07:13:49,958] {scheduler_job.py:190} INFO - Processing /home/airflow/.local/lib/python3.6/site-packages/airflow/example_dags/example_bash_operator.py took 1.975 seconds
[2023-07-21 07:14:20,202] {scheduler_job.py:182} INFO - Started process (PID=73975) to work on /home/airflow/.local/lib/python3.6/site-packages/airflow/example_dags/example_bash_operator.py
[2023-07-21 07:14:20,215] {scheduler_job.py:633} INFO - Processing file /home/airflow/.local/lib/python3.6/site-packages/airflow/example_dags/example_bash_operator.py for tasks to queue
[2023-07-21 07:14:20,218] {logging_mixin.py:104} INFO - [2023-07-21 07:14:20,218] {dagbag.py:496} INFO - Filling up the DagBag from /home/airflow/.local/lib/python3.6/site-packages/airflow/example_dags/example_bash_operator.py
[2023-07-21 07:14:20,286] {scheduler_job.py:643} INFO - DAG(s) dict_keys(['example_bash_operator']) retrieved from /home/airflow/.local/lib/python3.6/site-packages/airflow/example_dags/example_bash_operator.py
[2023-07-21 07:14:20,327] {logging_mixin.py:104} INFO - [2023-07-21 07:14:20,327] {dag.py:1833} INFO - Sync 1 DAGs
[2023-07-21 07:14:20,386] {logging_mixin.py:104} INFO - [2023-07-21 07:14:20,385] {dag.py:2306} INFO - Setting next_dagrun for example_bash_operator to 2023-07-19 00:00:00+00:00
[2023-07-21 07:14:20,407] {scheduler_job.py:190} INFO - Processing /home/airflow/.local/lib/python3.6/site-packages/airflow/example_dags/example_bash_operator.py took 0.224 seconds
[2023-07-21 07:14:50,618] {scheduler_job.py:182} INFO - Started process (PID=74024) to work on /home/airflow/.local/lib/python3.6/site-packages/airflow/example_dags/example_bash_operator.py
[2023-07-21 07:14:50,635] {scheduler_job.py:633} INFO - Processing file /home/airflow/.local/lib/python3.6/site-packages/airflow/example_dags/example_bash_operator.py for tasks to queue
[2023-07-21 07:14:50,646] {logging_mixin.py:104} INFO - [2023-07-21 07:14:50,646] {dagbag.py:496} INFO - Filling up the DagBag from /home/airflow/.local/lib/python3.6/site-packages/airflow/example_dags/example_bash_operator.py
[2023-07-21 07:14:50,696] {scheduler_job.py:643} INFO - DAG(s) dict_keys(['example_bash_operator']) retrieved from /home/airflow/.local/lib/python3.6/site-packages/airflow/example_dags/example_bash_operator.py
[2023-07-21 07:14:50,811] {logging_mixin.py:104} INFO - [2023-07-21 07:14:50,810] {dag.py:1833} INFO - Sync 1 DAGs
[2023-07-21 07:14:50,898] {logging_mixin.py:104} INFO - [2023-07-21 07:14:50,898] {dag.py:2306} INFO - Setting next_dagrun for example_bash_operator to 2023-07-19 00:00:00+00:00
[2023-07-21 07:14:50,930] {scheduler_job.py:190} INFO - Processing /home/airflow/.local/lib/python3.6/site-packages/airflow/example_dags/example_bash_operator.py took 0.323 seconds
[2023-07-21 07:15:21,094] {scheduler_job.py:182} INFO - Started process (PID=74085) to work on /home/airflow/.local/lib/python3.6/site-packages/airflow/example_dags/example_bash_operator.py
[2023-07-21 07:15:21,131] {scheduler_job.py:633} INFO - Processing file /home/airflow/.local/lib/python3.6/site-packages/airflow/example_dags/example_bash_operator.py for tasks to queue
[2023-07-21 07:15:21,147] {logging_mixin.py:104} INFO - [2023-07-21 07:15:21,146] {dagbag.py:496} INFO - Filling up the DagBag from /home/airflow/.local/lib/python3.6/site-packages/airflow/example_dags/example_bash_operator.py
[2023-07-21 07:15:21,252] {scheduler_job.py:643} INFO - DAG(s) dict_keys(['example_bash_operator']) retrieved from /home/airflow/.local/lib/python3.6/site-packages/airflow/example_dags/example_bash_operator.py
[2023-07-21 07:15:21,328] {logging_mixin.py:104} INFO - [2023-07-21 07:15:21,328] {dag.py:1833} INFO - Sync 1 DAGs
[2023-07-21 07:15:21,417] {logging_mixin.py:104} INFO - [2023-07-21 07:15:21,417] {dag.py:2306} INFO - Setting next_dagrun for example_bash_operator to 2023-07-19 00:00:00+00:00
[2023-07-21 07:15:21,449] {scheduler_job.py:190} INFO - Processing /home/airflow/.local/lib/python3.6/site-packages/airflow/example_dags/example_bash_operator.py took 0.367 seconds
[2023-07-21 07:15:51,912] {scheduler_job.py:182} INFO - Started process (PID=74137) to work on /home/airflow/.local/lib/python3.6/site-packages/airflow/example_dags/example_bash_operator.py
[2023-07-21 07:15:51,922] {scheduler_job.py:633} INFO - Processing file /home/airflow/.local/lib/python3.6/site-packages/airflow/example_dags/example_bash_operator.py for tasks to queue
[2023-07-21 07:15:51,936] {logging_mixin.py:104} INFO - [2023-07-21 07:15:51,930] {dagbag.py:496} INFO - Filling up the DagBag from /home/airflow/.local/lib/python3.6/site-packages/airflow/example_dags/example_bash_operator.py
[2023-07-21 07:15:52,051] {scheduler_job.py:643} INFO - DAG(s) dict_keys(['example_bash_operator']) retrieved from /home/airflow/.local/lib/python3.6/site-packages/airflow/example_dags/example_bash_operator.py
[2023-07-21 07:15:52,164] {logging_mixin.py:104} INFO - [2023-07-21 07:15:52,164] {dag.py:1833} INFO - Sync 1 DAGs
[2023-07-21 07:15:52,219] {logging_mixin.py:104} INFO - [2023-07-21 07:15:52,219] {dag.py:2306} INFO - Setting next_dagrun for example_bash_operator to 2023-07-19 00:00:00+00:00
[2023-07-21 07:15:52,245] {scheduler_job.py:190} INFO - Processing /home/airflow/.local/lib/python3.6/site-packages/airflow/example_dags/example_bash_operator.py took 0.359 seconds
[2023-07-21 07:16:22,378] {scheduler_job.py:182} INFO - Started process (PID=74188) to work on /home/airflow/.local/lib/python3.6/site-packages/airflow/example_dags/example_bash_operator.py
[2023-07-21 07:16:22,380] {scheduler_job.py:633} INFO - Processing file /home/airflow/.local/lib/python3.6/site-packages/airflow/example_dags/example_bash_operator.py for tasks to queue
[2023-07-21 07:16:22,382] {logging_mixin.py:104} INFO - [2023-07-21 07:16:22,382] {dagbag.py:496} INFO - Filling up the DagBag from /home/airflow/.local/lib/python3.6/site-packages/airflow/example_dags/example_bash_operator.py
[2023-07-21 07:16:22,414] {scheduler_job.py:643} INFO - DAG(s) dict_keys(['example_bash_operator']) retrieved from /home/airflow/.local/lib/python3.6/site-packages/airflow/example_dags/example_bash_operator.py
[2023-07-21 07:16:22,446] {logging_mixin.py:104} INFO - [2023-07-21 07:16:22,446] {dag.py:1833} INFO - Sync 1 DAGs
[2023-07-21 07:16:22,468] {logging_mixin.py:104} INFO - [2023-07-21 07:16:22,468] {dag.py:2306} INFO - Setting next_dagrun for example_bash_operator to 2023-07-19 00:00:00+00:00
[2023-07-21 07:16:22,491] {scheduler_job.py:190} INFO - Processing /home/airflow/.local/lib/python3.6/site-packages/airflow/example_dags/example_bash_operator.py took 0.119 seconds
[2023-07-21 07:16:52,803] {scheduler_job.py:182} INFO - Started process (PID=74250) to work on /home/airflow/.local/lib/python3.6/site-packages/airflow/example_dags/example_bash_operator.py
[2023-07-21 07:16:52,810] {scheduler_job.py:633} INFO - Processing file /home/airflow/.local/lib/python3.6/site-packages/airflow/example_dags/example_bash_operator.py for tasks to queue
[2023-07-21 07:16:52,815] {logging_mixin.py:104} INFO - [2023-07-21 07:16:52,815] {dagbag.py:496} INFO - Filling up the DagBag from /home/airflow/.local/lib/python3.6/site-packages/airflow/example_dags/example_bash_operator.py
[2023-07-21 07:16:52,872] {scheduler_job.py:643} INFO - DAG(s) dict_keys(['example_bash_operator']) retrieved from /home/airflow/.local/lib/python3.6/site-packages/airflow/example_dags/example_bash_operator.py
[2023-07-21 07:16:52,920] {logging_mixin.py:104} INFO - [2023-07-21 07:16:52,920] {dag.py:1833} INFO - Sync 1 DAGs
[2023-07-21 07:16:52,938] {logging_mixin.py:104} INFO - [2023-07-21 07:16:52,938] {dag.py:2306} INFO - Setting next_dagrun for example_bash_operator to 2023-07-19 00:00:00+00:00
[2023-07-21 07:16:52,961] {scheduler_job.py:190} INFO - Processing /home/airflow/.local/lib/python3.6/site-packages/airflow/example_dags/example_bash_operator.py took 0.173 seconds
[2023-07-21 07:17:23,701] {scheduler_job.py:182} INFO - Started process (PID=74301) to work on /home/airflow/.local/lib/python3.6/site-packages/airflow/example_dags/example_bash_operator.py
[2023-07-21 07:17:23,707] {scheduler_job.py:633} INFO - Processing file /home/airflow/.local/lib/python3.6/site-packages/airflow/example_dags/example_bash_operator.py for tasks to queue
[2023-07-21 07:17:23,712] {logging_mixin.py:104} INFO - [2023-07-21 07:17:23,712] {dagbag.py:496} INFO - Filling up the DagBag from /home/airflow/.local/lib/python3.6/site-packages/airflow/example_dags/example_bash_operator.py
[2023-07-21 07:17:23,768] {scheduler_job.py:643} INFO - DAG(s) dict_keys(['example_bash_operator']) retrieved from /home/airflow/.local/lib/python3.6/site-packages/airflow/example_dags/example_bash_operator.py
[2023-07-21 07:17:23,828] {logging_mixin.py:104} INFO - [2023-07-21 07:17:23,828] {dag.py:1833} INFO - Sync 1 DAGs
[2023-07-21 07:17:23,865] {logging_mixin.py:104} INFO - [2023-07-21 07:17:23,865] {dag.py:2306} INFO - Setting next_dagrun for example_bash_operator to 2023-07-19 00:00:00+00:00
[2023-07-21 07:17:23,886] {scheduler_job.py:190} INFO - Processing /home/airflow/.local/lib/python3.6/site-packages/airflow/example_dags/example_bash_operator.py took 0.192 seconds
[2023-07-21 07:17:54,600] {scheduler_job.py:182} INFO - Started process (PID=74350) to work on /home/airflow/.local/lib/python3.6/site-packages/airflow/example_dags/example_bash_operator.py
[2023-07-21 07:17:54,602] {scheduler_job.py:633} INFO - Processing file /home/airflow/.local/lib/python3.6/site-packages/airflow/example_dags/example_bash_operator.py for tasks to queue
[2023-07-21 07:17:54,606] {logging_mixin.py:104} INFO - [2023-07-21 07:17:54,604] {dagbag.py:496} INFO - Filling up the DagBag from /home/airflow/.local/lib/python3.6/site-packages/airflow/example_dags/example_bash_operator.py
[2023-07-21 07:17:54,628] {scheduler_job.py:643} INFO - DAG(s) dict_keys(['example_bash_operator']) retrieved from /home/airflow/.local/lib/python3.6/site-packages/airflow/example_dags/example_bash_operator.py
[2023-07-21 07:17:54,660] {logging_mixin.py:104} INFO - [2023-07-21 07:17:54,659] {dag.py:1833} INFO - Sync 1 DAGs
[2023-07-21 07:17:54,681] {logging_mixin.py:104} INFO - [2023-07-21 07:17:54,681] {dag.py:2306} INFO - Setting next_dagrun for example_bash_operator to 2023-07-19 00:00:00+00:00
[2023-07-21 07:17:54,700] {scheduler_job.py:190} INFO - Processing /home/airflow/.local/lib/python3.6/site-packages/airflow/example_dags/example_bash_operator.py took 0.116 seconds
[2023-07-21 07:18:25,678] {scheduler_job.py:182} INFO - Started process (PID=74400) to work on /home/airflow/.local/lib/python3.6/site-packages/airflow/example_dags/example_bash_operator.py
[2023-07-21 07:18:25,685] {scheduler_job.py:633} INFO - Processing file /home/airflow/.local/lib/python3.6/site-packages/airflow/example_dags/example_bash_operator.py for tasks to queue
[2023-07-21 07:18:25,690] {logging_mixin.py:104} INFO - [2023-07-21 07:18:25,689] {dagbag.py:496} INFO - Filling up the DagBag from /home/airflow/.local/lib/python3.6/site-packages/airflow/example_dags/example_bash_operator.py
[2023-07-21 07:18:25,725] {scheduler_job.py:643} INFO - DAG(s) dict_keys(['example_bash_operator']) retrieved from /home/airflow/.local/lib/python3.6/site-packages/airflow/example_dags/example_bash_operator.py
[2023-07-21 07:18:25,796] {logging_mixin.py:104} INFO - [2023-07-21 07:18:25,796] {dag.py:1833} INFO - Sync 1 DAGs
[2023-07-21 07:18:25,829] {logging_mixin.py:104} INFO - [2023-07-21 07:18:25,829] {dag.py:2306} INFO - Setting next_dagrun for example_bash_operator to 2023-07-19 00:00:00+00:00
[2023-07-21 07:18:25,852] {scheduler_job.py:190} INFO - Processing /home/airflow/.local/lib/python3.6/site-packages/airflow/example_dags/example_bash_operator.py took 0.194 seconds
[2023-07-21 07:18:56,511] {scheduler_job.py:182} INFO - Started process (PID=74462) to work on /home/airflow/.local/lib/python3.6/site-packages/airflow/example_dags/example_bash_operator.py
[2023-07-21 07:18:56,516] {scheduler_job.py:633} INFO - Processing file /home/airflow/.local/lib/python3.6/site-packages/airflow/example_dags/example_bash_operator.py for tasks to queue
[2023-07-21 07:18:56,521] {logging_mixin.py:104} INFO - [2023-07-21 07:18:56,520] {dagbag.py:496} INFO - Filling up the DagBag from /home/airflow/.local/lib/python3.6/site-packages/airflow/example_dags/example_bash_operator.py
[2023-07-21 07:18:56,601] {scheduler_job.py:643} INFO - DAG(s) dict_keys(['example_bash_operator']) retrieved from /home/airflow/.local/lib/python3.6/site-packages/airflow/example_dags/example_bash_operator.py
[2023-07-21 07:18:56,671] {logging_mixin.py:104} INFO - [2023-07-21 07:18:56,671] {dag.py:1833} INFO - Sync 1 DAGs
[2023-07-21 07:18:56,720] {logging_mixin.py:104} INFO - [2023-07-21 07:18:56,720] {dag.py:2306} INFO - Setting next_dagrun for example_bash_operator to 2023-07-19 00:00:00+00:00
[2023-07-21 07:18:56,761] {scheduler_job.py:190} INFO - Processing /home/airflow/.local/lib/python3.6/site-packages/airflow/example_dags/example_bash_operator.py took 0.259 seconds
[2023-07-21 07:19:26,862] {scheduler_job.py:182} INFO - Started process (PID=74512) to work on /home/airflow/.local/lib/python3.6/site-packages/airflow/example_dags/example_bash_operator.py
[2023-07-21 07:19:26,868] {scheduler_job.py:633} INFO - Processing file /home/airflow/.local/lib/python3.6/site-packages/airflow/example_dags/example_bash_operator.py for tasks to queue
[2023-07-21 07:19:26,875] {logging_mixin.py:104} INFO - [2023-07-21 07:19:26,874] {dagbag.py:496} INFO - Filling up the DagBag from /home/airflow/.local/lib/python3.6/site-packages/airflow/example_dags/example_bash_operator.py
[2023-07-21 07:19:26,912] {scheduler_job.py:643} INFO - DAG(s) dict_keys(['example_bash_operator']) retrieved from /home/airflow/.local/lib/python3.6/site-packages/airflow/example_dags/example_bash_operator.py
[2023-07-21 07:19:26,955] {logging_mixin.py:104} INFO - [2023-07-21 07:19:26,954] {dag.py:1833} INFO - Sync 1 DAGs
[2023-07-21 07:19:26,980] {logging_mixin.py:104} INFO - [2023-07-21 07:19:26,980] {dag.py:2306} INFO - Setting next_dagrun for example_bash_operator to 2023-07-19 00:00:00+00:00
[2023-07-21 07:19:26,996] {scheduler_job.py:190} INFO - Processing /home/airflow/.local/lib/python3.6/site-packages/airflow/example_dags/example_bash_operator.py took 0.140 seconds
[2023-07-21 07:19:57,526] {scheduler_job.py:182} INFO - Started process (PID=74562) to work on /home/airflow/.local/lib/python3.6/site-packages/airflow/example_dags/example_bash_operator.py
[2023-07-21 07:19:57,530] {scheduler_job.py:633} INFO - Processing file /home/airflow/.local/lib/python3.6/site-packages/airflow/example_dags/example_bash_operator.py for tasks to queue
[2023-07-21 07:19:57,531] {logging_mixin.py:104} INFO - [2023-07-21 07:19:57,531] {dagbag.py:496} INFO - Filling up the DagBag from /home/airflow/.local/lib/python3.6/site-packages/airflow/example_dags/example_bash_operator.py
[2023-07-21 07:19:57,554] {scheduler_job.py:643} INFO - DAG(s) dict_keys(['example_bash_operator']) retrieved from /home/airflow/.local/lib/python3.6/site-packages/airflow/example_dags/example_bash_operator.py
[2023-07-21 07:19:57,583] {logging_mixin.py:104} INFO - [2023-07-21 07:19:57,583] {dag.py:1833} INFO - Sync 1 DAGs
[2023-07-21 07:19:57,602] {logging_mixin.py:104} INFO - [2023-07-21 07:19:57,602] {dag.py:2306} INFO - Setting next_dagrun for example_bash_operator to 2023-07-19 00:00:00+00:00
[2023-07-21 07:19:57,618] {scheduler_job.py:190} INFO - Processing /home/airflow/.local/lib/python3.6/site-packages/airflow/example_dags/example_bash_operator.py took 0.097 seconds
[2023-07-21 07:20:27,831] {scheduler_job.py:182} INFO - Started process (PID=74613) to work on /home/airflow/.local/lib/python3.6/site-packages/airflow/example_dags/example_bash_operator.py
[2023-07-21 07:20:27,843] {scheduler_job.py:633} INFO - Processing file /home/airflow/.local/lib/python3.6/site-packages/airflow/example_dags/example_bash_operator.py for tasks to queue
[2023-07-21 07:20:27,852] {logging_mixin.py:104} INFO - [2023-07-21 07:20:27,851] {dagbag.py:496} INFO - Filling up the DagBag from /home/airflow/.local/lib/python3.6/site-packages/airflow/example_dags/example_bash_operator.py
[2023-07-21 07:20:27,899] {scheduler_job.py:643} INFO - DAG(s) dict_keys(['example_bash_operator']) retrieved from /home/airflow/.local/lib/python3.6/site-packages/airflow/example_dags/example_bash_operator.py
[2023-07-21 07:20:27,933] {logging_mixin.py:104} INFO - [2023-07-21 07:20:27,933] {dag.py:1833} INFO - Sync 1 DAGs
[2023-07-21 07:20:27,964] {logging_mixin.py:104} INFO - [2023-07-21 07:20:27,964] {dag.py:2306} INFO - Setting next_dagrun for example_bash_operator to 2023-07-19 00:00:00+00:00
[2023-07-21 07:20:27,991] {scheduler_job.py:190} INFO - Processing /home/airflow/.local/lib/python3.6/site-packages/airflow/example_dags/example_bash_operator.py took 0.178 seconds
[2023-07-21 07:20:58,341] {scheduler_job.py:182} INFO - Started process (PID=74673) to work on /home/airflow/.local/lib/python3.6/site-packages/airflow/example_dags/example_bash_operator.py
[2023-07-21 07:20:58,347] {scheduler_job.py:633} INFO - Processing file /home/airflow/.local/lib/python3.6/site-packages/airflow/example_dags/example_bash_operator.py for tasks to queue
[2023-07-21 07:20:58,349] {logging_mixin.py:104} INFO - [2023-07-21 07:20:58,349] {dagbag.py:496} INFO - Filling up the DagBag from /home/airflow/.local/lib/python3.6/site-packages/airflow/example_dags/example_bash_operator.py
[2023-07-21 07:20:58,383] {scheduler_job.py:643} INFO - DAG(s) dict_keys(['example_bash_operator']) retrieved from /home/airflow/.local/lib/python3.6/site-packages/airflow/example_dags/example_bash_operator.py
[2023-07-21 07:20:58,419] {logging_mixin.py:104} INFO - [2023-07-21 07:20:58,418] {dag.py:1833} INFO - Sync 1 DAGs
[2023-07-21 07:20:58,441] {logging_mixin.py:104} INFO - [2023-07-21 07:20:58,441] {dag.py:2306} INFO - Setting next_dagrun for example_bash_operator to 2023-07-19 00:00:00+00:00
[2023-07-21 07:20:58,467] {scheduler_job.py:190} INFO - Processing /home/airflow/.local/lib/python3.6/site-packages/airflow/example_dags/example_bash_operator.py took 0.132 seconds
[2023-07-21 07:21:29,074] {scheduler_job.py:182} INFO - Started process (PID=74724) to work on /home/airflow/.local/lib/python3.6/site-packages/airflow/example_dags/example_bash_operator.py
[2023-07-21 07:21:29,082] {scheduler_job.py:633} INFO - Processing file /home/airflow/.local/lib/python3.6/site-packages/airflow/example_dags/example_bash_operator.py for tasks to queue
[2023-07-21 07:21:29,088] {logging_mixin.py:104} INFO - [2023-07-21 07:21:29,087] {dagbag.py:496} INFO - Filling up the DagBag from /home/airflow/.local/lib/python3.6/site-packages/airflow/example_dags/example_bash_operator.py
[2023-07-21 07:21:29,155] {scheduler_job.py:643} INFO - DAG(s) dict_keys(['example_bash_operator']) retrieved from /home/airflow/.local/lib/python3.6/site-packages/airflow/example_dags/example_bash_operator.py
[2023-07-21 07:21:29,190] {logging_mixin.py:104} INFO - [2023-07-21 07:21:29,190] {dag.py:1833} INFO - Sync 1 DAGs
[2023-07-21 07:21:29,210] {logging_mixin.py:104} INFO - [2023-07-21 07:21:29,210] {dag.py:2306} INFO - Setting next_dagrun for example_bash_operator to 2023-07-19 00:00:00+00:00
[2023-07-21 07:21:29,226] {scheduler_job.py:190} INFO - Processing /home/airflow/.local/lib/python3.6/site-packages/airflow/example_dags/example_bash_operator.py took 0.168 seconds
[2023-07-21 07:22:00,011] {scheduler_job.py:182} INFO - Started process (PID=74775) to work on /home/airflow/.local/lib/python3.6/site-packages/airflow/example_dags/example_bash_operator.py
[2023-07-21 07:22:00,022] {scheduler_job.py:633} INFO - Processing file /home/airflow/.local/lib/python3.6/site-packages/airflow/example_dags/example_bash_operator.py for tasks to queue
[2023-07-21 07:22:00,030] {logging_mixin.py:104} INFO - [2023-07-21 07:22:00,029] {dagbag.py:496} INFO - Filling up the DagBag from /home/airflow/.local/lib/python3.6/site-packages/airflow/example_dags/example_bash_operator.py
[2023-07-21 07:22:00,096] {scheduler_job.py:643} INFO - DAG(s) dict_keys(['example_bash_operator']) retrieved from /home/airflow/.local/lib/python3.6/site-packages/airflow/example_dags/example_bash_operator.py
[2023-07-21 07:22:00,138] {logging_mixin.py:104} INFO - [2023-07-21 07:22:00,137] {dag.py:1833} INFO - Sync 1 DAGs
[2023-07-21 07:22:00,162] {logging_mixin.py:104} INFO - [2023-07-21 07:22:00,162] {dag.py:2306} INFO - Setting next_dagrun for example_bash_operator to 2023-07-19 00:00:00+00:00
[2023-07-21 07:22:00,184] {scheduler_job.py:190} INFO - Processing /home/airflow/.local/lib/python3.6/site-packages/airflow/example_dags/example_bash_operator.py took 0.194 seconds
[2023-07-21 07:22:30,832] {scheduler_job.py:182} INFO - Started process (PID=74826) to work on /home/airflow/.local/lib/python3.6/site-packages/airflow/example_dags/example_bash_operator.py
[2023-07-21 07:22:30,835] {scheduler_job.py:633} INFO - Processing file /home/airflow/.local/lib/python3.6/site-packages/airflow/example_dags/example_bash_operator.py for tasks to queue
[2023-07-21 07:22:30,837] {logging_mixin.py:104} INFO - [2023-07-21 07:22:30,837] {dagbag.py:496} INFO - Filling up the DagBag from /home/airflow/.local/lib/python3.6/site-packages/airflow/example_dags/example_bash_operator.py
[2023-07-21 07:22:30,863] {scheduler_job.py:643} INFO - DAG(s) dict_keys(['example_bash_operator']) retrieved from /home/airflow/.local/lib/python3.6/site-packages/airflow/example_dags/example_bash_operator.py
[2023-07-21 07:22:30,893] {logging_mixin.py:104} INFO - [2023-07-21 07:22:30,893] {dag.py:1833} INFO - Sync 1 DAGs
[2023-07-21 07:22:30,916] {logging_mixin.py:104} INFO - [2023-07-21 07:22:30,916] {dag.py:2306} INFO - Setting next_dagrun for example_bash_operator to 2023-07-19 00:00:00+00:00
[2023-07-21 07:22:30,933] {scheduler_job.py:190} INFO - Processing /home/airflow/.local/lib/python3.6/site-packages/airflow/example_dags/example_bash_operator.py took 0.109 seconds
[2023-07-21 07:23:01,073] {scheduler_job.py:182} INFO - Started process (PID=74886) to work on /home/airflow/.local/lib/python3.6/site-packages/airflow/example_dags/example_bash_operator.py
[2023-07-21 07:23:01,075] {scheduler_job.py:633} INFO - Processing file /home/airflow/.local/lib/python3.6/site-packages/airflow/example_dags/example_bash_operator.py for tasks to queue
[2023-07-21 07:23:01,077] {logging_mixin.py:104} INFO - [2023-07-21 07:23:01,077] {dagbag.py:496} INFO - Filling up the DagBag from /home/airflow/.local/lib/python3.6/site-packages/airflow/example_dags/example_bash_operator.py
[2023-07-21 07:23:01,104] {scheduler_job.py:643} INFO - DAG(s) dict_keys(['example_bash_operator']) retrieved from /home/airflow/.local/lib/python3.6/site-packages/airflow/example_dags/example_bash_operator.py
[2023-07-21 07:23:01,135] {logging_mixin.py:104} INFO - [2023-07-21 07:23:01,135] {dag.py:1833} INFO - Sync 1 DAGs
[2023-07-21 07:23:01,158] {logging_mixin.py:104} INFO - [2023-07-21 07:23:01,158] {dag.py:2306} INFO - Setting next_dagrun for example_bash_operator to 2023-07-19 00:00:00+00:00
[2023-07-21 07:23:01,175] {scheduler_job.py:190} INFO - Processing /home/airflow/.local/lib/python3.6/site-packages/airflow/example_dags/example_bash_operator.py took 0.107 seconds
[2023-07-21 07:23:32,036] {scheduler_job.py:182} INFO - Started process (PID=74937) to work on /home/airflow/.local/lib/python3.6/site-packages/airflow/example_dags/example_bash_operator.py
[2023-07-21 07:23:32,050] {scheduler_job.py:633} INFO - Processing file /home/airflow/.local/lib/python3.6/site-packages/airflow/example_dags/example_bash_operator.py for tasks to queue
[2023-07-21 07:23:32,062] {logging_mixin.py:104} INFO - [2023-07-21 07:23:32,062] {dagbag.py:496} INFO - Filling up the DagBag from /home/airflow/.local/lib/python3.6/site-packages/airflow/example_dags/example_bash_operator.py
[2023-07-21 07:23:32,118] {scheduler_job.py:643} INFO - DAG(s) dict_keys(['example_bash_operator']) retrieved from /home/airflow/.local/lib/python3.6/site-packages/airflow/example_dags/example_bash_operator.py
[2023-07-21 07:23:32,175] {logging_mixin.py:104} INFO - [2023-07-21 07:23:32,175] {dag.py:1833} INFO - Sync 1 DAGs
[2023-07-21 07:23:32,259] {logging_mixin.py:104} INFO - [2023-07-21 07:23:32,259] {dag.py:2306} INFO - Setting next_dagrun for example_bash_operator to 2023-07-19 00:00:00+00:00
[2023-07-21 07:23:32,323] {scheduler_job.py:190} INFO - Processing /home/airflow/.local/lib/python3.6/site-packages/airflow/example_dags/example_bash_operator.py took 0.301 seconds
[2023-07-21 07:24:03,303] {scheduler_job.py:182} INFO - Started process (PID=74989) to work on /home/airflow/.local/lib/python3.6/site-packages/airflow/example_dags/example_bash_operator.py
[2023-07-21 07:24:03,316] {scheduler_job.py:633} INFO - Processing file /home/airflow/.local/lib/python3.6/site-packages/airflow/example_dags/example_bash_operator.py for tasks to queue
[2023-07-21 07:24:03,320] {logging_mixin.py:104} INFO - [2023-07-21 07:24:03,319] {dagbag.py:496} INFO - Filling up the DagBag from /home/airflow/.local/lib/python3.6/site-packages/airflow/example_dags/example_bash_operator.py
[2023-07-21 07:24:03,436] {scheduler_job.py:643} INFO - DAG(s) dict_keys(['example_bash_operator']) retrieved from /home/airflow/.local/lib/python3.6/site-packages/airflow/example_dags/example_bash_operator.py
[2023-07-21 07:24:03,522] {logging_mixin.py:104} INFO - [2023-07-21 07:24:03,522] {dag.py:1833} INFO - Sync 1 DAGs
[2023-07-21 07:24:03,575] {logging_mixin.py:104} INFO - [2023-07-21 07:24:03,575] {dag.py:2306} INFO - Setting next_dagrun for example_bash_operator to 2023-07-19 00:00:00+00:00
[2023-07-21 07:24:03,651] {scheduler_job.py:190} INFO - Processing /home/airflow/.local/lib/python3.6/site-packages/airflow/example_dags/example_bash_operator.py took 0.353 seconds
[2023-07-21 07:24:34,549] {scheduler_job.py:182} INFO - Started process (PID=75049) to work on /home/airflow/.local/lib/python3.6/site-packages/airflow/example_dags/example_bash_operator.py
[2023-07-21 07:24:34,552] {scheduler_job.py:633} INFO - Processing file /home/airflow/.local/lib/python3.6/site-packages/airflow/example_dags/example_bash_operator.py for tasks to queue
[2023-07-21 07:24:34,555] {logging_mixin.py:104} INFO - [2023-07-21 07:24:34,554] {dagbag.py:496} INFO - Filling up the DagBag from /home/airflow/.local/lib/python3.6/site-packages/airflow/example_dags/example_bash_operator.py
[2023-07-21 07:24:34,582] {scheduler_job.py:643} INFO - DAG(s) dict_keys(['example_bash_operator']) retrieved from /home/airflow/.local/lib/python3.6/site-packages/airflow/example_dags/example_bash_operator.py
[2023-07-21 07:24:34,624] {logging_mixin.py:104} INFO - [2023-07-21 07:24:34,623] {dag.py:1833} INFO - Sync 1 DAGs
[2023-07-21 07:24:34,645] {logging_mixin.py:104} INFO - [2023-07-21 07:24:34,645] {dag.py:2306} INFO - Setting next_dagrun for example_bash_operator to 2023-07-19 00:00:00+00:00
[2023-07-21 07:24:34,662] {scheduler_job.py:190} INFO - Processing /home/airflow/.local/lib/python3.6/site-packages/airflow/example_dags/example_bash_operator.py took 0.123 seconds
[2023-07-21 07:25:04,950] {scheduler_job.py:182} INFO - Started process (PID=75097) to work on /home/airflow/.local/lib/python3.6/site-packages/airflow/example_dags/example_bash_operator.py
[2023-07-21 07:25:04,971] {scheduler_job.py:633} INFO - Processing file /home/airflow/.local/lib/python3.6/site-packages/airflow/example_dags/example_bash_operator.py for tasks to queue
[2023-07-21 07:25:04,998] {logging_mixin.py:104} INFO - [2023-07-21 07:25:04,985] {dagbag.py:496} INFO - Filling up the DagBag from /home/airflow/.local/lib/python3.6/site-packages/airflow/example_dags/example_bash_operator.py
[2023-07-21 07:25:05,068] {scheduler_job.py:643} INFO - DAG(s) dict_keys(['example_bash_operator']) retrieved from /home/airflow/.local/lib/python3.6/site-packages/airflow/example_dags/example_bash_operator.py
[2023-07-21 07:25:05,107] {logging_mixin.py:104} INFO - [2023-07-21 07:25:05,107] {dag.py:1833} INFO - Sync 1 DAGs
[2023-07-21 07:25:05,137] {logging_mixin.py:104} INFO - [2023-07-21 07:25:05,136] {dag.py:2306} INFO - Setting next_dagrun for example_bash_operator to 2023-07-19 00:00:00+00:00
[2023-07-21 07:25:05,156] {scheduler_job.py:190} INFO - Processing /home/airflow/.local/lib/python3.6/site-packages/airflow/example_dags/example_bash_operator.py took 0.232 seconds
[2023-07-21 07:25:35,528] {scheduler_job.py:182} INFO - Started process (PID=75148) to work on /home/airflow/.local/lib/python3.6/site-packages/airflow/example_dags/example_bash_operator.py
[2023-07-21 07:25:35,536] {scheduler_job.py:633} INFO - Processing file /home/airflow/.local/lib/python3.6/site-packages/airflow/example_dags/example_bash_operator.py for tasks to queue
[2023-07-21 07:25:35,540] {logging_mixin.py:104} INFO - [2023-07-21 07:25:35,539] {dagbag.py:496} INFO - Filling up the DagBag from /home/airflow/.local/lib/python3.6/site-packages/airflow/example_dags/example_bash_operator.py
[2023-07-21 07:25:35,583] {scheduler_job.py:643} INFO - DAG(s) dict_keys(['example_bash_operator']) retrieved from /home/airflow/.local/lib/python3.6/site-packages/airflow/example_dags/example_bash_operator.py
[2023-07-21 07:25:35,632] {logging_mixin.py:104} INFO - [2023-07-21 07:25:35,631] {dag.py:1833} INFO - Sync 1 DAGs
[2023-07-21 07:25:35,664] {logging_mixin.py:104} INFO - [2023-07-21 07:25:35,664] {dag.py:2306} INFO - Setting next_dagrun for example_bash_operator to 2023-07-19 00:00:00+00:00
[2023-07-21 07:25:35,685] {scheduler_job.py:190} INFO - Processing /home/airflow/.local/lib/python3.6/site-packages/airflow/example_dags/example_bash_operator.py took 0.177 seconds
[2023-07-21 07:26:05,920] {scheduler_job.py:182} INFO - Started process (PID=75199) to work on /home/airflow/.local/lib/python3.6/site-packages/airflow/example_dags/example_bash_operator.py
[2023-07-21 07:26:05,952] {scheduler_job.py:633} INFO - Processing file /home/airflow/.local/lib/python3.6/site-packages/airflow/example_dags/example_bash_operator.py for tasks to queue
[2023-07-21 07:26:05,962] {logging_mixin.py:104} INFO - [2023-07-21 07:26:05,961] {dagbag.py:496} INFO - Filling up the DagBag from /home/airflow/.local/lib/python3.6/site-packages/airflow/example_dags/example_bash_operator.py
[2023-07-21 07:26:06,009] {scheduler_job.py:643} INFO - DAG(s) dict_keys(['example_bash_operator']) retrieved from /home/airflow/.local/lib/python3.6/site-packages/airflow/example_dags/example_bash_operator.py
[2023-07-21 07:26:06,168] {logging_mixin.py:104} INFO - [2023-07-21 07:26:06,167] {dag.py:1833} INFO - Sync 1 DAGs
[2023-07-21 07:26:06,212] {logging_mixin.py:104} INFO - [2023-07-21 07:26:06,212] {dag.py:2306} INFO - Setting next_dagrun for example_bash_operator to 2023-07-19 00:00:00+00:00
[2023-07-21 07:26:06,272] {scheduler_job.py:190} INFO - Processing /home/airflow/.local/lib/python3.6/site-packages/airflow/example_dags/example_bash_operator.py took 0.369 seconds
[2023-07-21 07:26:36,674] {scheduler_job.py:182} INFO - Started process (PID=75250) to work on /home/airflow/.local/lib/python3.6/site-packages/airflow/example_dags/example_bash_operator.py
[2023-07-21 07:26:36,677] {scheduler_job.py:633} INFO - Processing file /home/airflow/.local/lib/python3.6/site-packages/airflow/example_dags/example_bash_operator.py for tasks to queue
[2023-07-21 07:26:36,681] {logging_mixin.py:104} INFO - [2023-07-21 07:26:36,681] {dagbag.py:496} INFO - Filling up the DagBag from /home/airflow/.local/lib/python3.6/site-packages/airflow/example_dags/example_bash_operator.py
[2023-07-21 07:26:36,767] {scheduler_job.py:643} INFO - DAG(s) dict_keys(['example_bash_operator']) retrieved from /home/airflow/.local/lib/python3.6/site-packages/airflow/example_dags/example_bash_operator.py
[2023-07-21 07:26:36,810] {logging_mixin.py:104} INFO - [2023-07-21 07:26:36,810] {dag.py:1833} INFO - Sync 1 DAGs
[2023-07-21 07:26:36,855] {logging_mixin.py:104} INFO - [2023-07-21 07:26:36,855] {dag.py:2306} INFO - Setting next_dagrun for example_bash_operator to 2023-07-19 00:00:00+00:00
[2023-07-21 07:26:36,885] {scheduler_job.py:190} INFO - Processing /home/airflow/.local/lib/python3.6/site-packages/airflow/example_dags/example_bash_operator.py took 0.227 seconds
[2023-07-21 07:27:07,610] {scheduler_job.py:182} INFO - Started process (PID=75311) to work on /home/airflow/.local/lib/python3.6/site-packages/airflow/example_dags/example_bash_operator.py
[2023-07-21 07:27:07,614] {scheduler_job.py:633} INFO - Processing file /home/airflow/.local/lib/python3.6/site-packages/airflow/example_dags/example_bash_operator.py for tasks to queue
[2023-07-21 07:27:07,618] {logging_mixin.py:104} INFO - [2023-07-21 07:27:07,617] {dagbag.py:496} INFO - Filling up the DagBag from /home/airflow/.local/lib/python3.6/site-packages/airflow/example_dags/example_bash_operator.py
[2023-07-21 07:27:07,667] {scheduler_job.py:643} INFO - DAG(s) dict_keys(['example_bash_operator']) retrieved from /home/airflow/.local/lib/python3.6/site-packages/airflow/example_dags/example_bash_operator.py
[2023-07-21 07:27:07,746] {logging_mixin.py:104} INFO - [2023-07-21 07:27:07,746] {dag.py:1833} INFO - Sync 1 DAGs
[2023-07-21 07:27:07,771] {logging_mixin.py:104} INFO - [2023-07-21 07:27:07,771] {dag.py:2306} INFO - Setting next_dagrun for example_bash_operator to 2023-07-19 00:00:00+00:00
[2023-07-21 07:27:07,790] {scheduler_job.py:190} INFO - Processing /home/airflow/.local/lib/python3.6/site-packages/airflow/example_dags/example_bash_operator.py took 0.189 seconds
[2023-07-21 07:27:38,390] {scheduler_job.py:182} INFO - Started process (PID=75361) to work on /home/airflow/.local/lib/python3.6/site-packages/airflow/example_dags/example_bash_operator.py
[2023-07-21 07:27:38,393] {scheduler_job.py:633} INFO - Processing file /home/airflow/.local/lib/python3.6/site-packages/airflow/example_dags/example_bash_operator.py for tasks to queue
[2023-07-21 07:27:38,396] {logging_mixin.py:104} INFO - [2023-07-21 07:27:38,396] {dagbag.py:496} INFO - Filling up the DagBag from /home/airflow/.local/lib/python3.6/site-packages/airflow/example_dags/example_bash_operator.py
[2023-07-21 07:27:38,445] {scheduler_job.py:643} INFO - DAG(s) dict_keys(['example_bash_operator']) retrieved from /home/airflow/.local/lib/python3.6/site-packages/airflow/example_dags/example_bash_operator.py
[2023-07-21 07:27:38,485] {logging_mixin.py:104} INFO - [2023-07-21 07:27:38,485] {dag.py:1833} INFO - Sync 1 DAGs
[2023-07-21 07:27:38,512] {logging_mixin.py:104} INFO - [2023-07-21 07:27:38,512] {dag.py:2306} INFO - Setting next_dagrun for example_bash_operator to 2023-07-19 00:00:00+00:00
[2023-07-21 07:27:38,532] {scheduler_job.py:190} INFO - Processing /home/airflow/.local/lib/python3.6/site-packages/airflow/example_dags/example_bash_operator.py took 0.148 seconds
