[2023-07-21 07:13:38,441] {scheduler_job.py:182} INFO - Started process (PID=73911) to work on /home/airflow/.local/lib/python3.6/site-packages/airflow/example_dags/example_latest_only_with_trigger.py
[2023-07-21 07:13:38,444] {scheduler_job.py:633} INFO - Processing file /home/airflow/.local/lib/python3.6/site-packages/airflow/example_dags/example_latest_only_with_trigger.py for tasks to queue
[2023-07-21 07:13:38,451] {logging_mixin.py:104} INFO - [2023-07-21 07:13:38,450] {dagbag.py:496} INFO - Filling up the DagBag from /home/airflow/.local/lib/python3.6/site-packages/airflow/example_dags/example_latest_only_with_trigger.py
[2023-07-21 07:13:38,523] {scheduler_job.py:643} INFO - DAG(s) dict_keys(['latest_only_with_trigger']) retrieved from /home/airflow/.local/lib/python3.6/site-packages/airflow/example_dags/example_latest_only_with_trigger.py
[2023-07-21 07:13:39,522] {logging_mixin.py:104} INFO - [2023-07-21 07:13:39,522] {dag.py:1833} INFO - Sync 1 DAGs
[2023-07-21 07:13:39,550] {logging_mixin.py:104} INFO - [2023-07-21 07:13:39,550] {dag.py:2306} INFO - Setting next_dagrun for latest_only_with_trigger to 2023-07-19 00:00:00+00:00
[2023-07-21 07:13:39,588] {scheduler_job.py:190} INFO - Processing /home/airflow/.local/lib/python3.6/site-packages/airflow/example_dags/example_latest_only_with_trigger.py took 1.173 seconds
[2023-07-21 07:14:09,785] {scheduler_job.py:182} INFO - Started process (PID=73958) to work on /home/airflow/.local/lib/python3.6/site-packages/airflow/example_dags/example_latest_only_with_trigger.py
[2023-07-21 07:14:09,790] {scheduler_job.py:633} INFO - Processing file /home/airflow/.local/lib/python3.6/site-packages/airflow/example_dags/example_latest_only_with_trigger.py for tasks to queue
[2023-07-21 07:14:09,794] {logging_mixin.py:104} INFO - [2023-07-21 07:14:09,794] {dagbag.py:496} INFO - Filling up the DagBag from /home/airflow/.local/lib/python3.6/site-packages/airflow/example_dags/example_latest_only_with_trigger.py
[2023-07-21 07:14:09,885] {scheduler_job.py:643} INFO - DAG(s) dict_keys(['latest_only_with_trigger']) retrieved from /home/airflow/.local/lib/python3.6/site-packages/airflow/example_dags/example_latest_only_with_trigger.py
[2023-07-21 07:14:09,994] {logging_mixin.py:104} INFO - [2023-07-21 07:14:09,994] {dag.py:1833} INFO - Sync 1 DAGs
[2023-07-21 07:14:10,057] {logging_mixin.py:104} INFO - [2023-07-21 07:14:10,057] {dag.py:2306} INFO - Setting next_dagrun for latest_only_with_trigger to 2023-07-19 00:00:00+00:00
[2023-07-21 07:14:10,109] {scheduler_job.py:190} INFO - Processing /home/airflow/.local/lib/python3.6/site-packages/airflow/example_dags/example_latest_only_with_trigger.py took 0.349 seconds
[2023-07-21 07:14:40,182] {scheduler_job.py:182} INFO - Started process (PID=74010) to work on /home/airflow/.local/lib/python3.6/site-packages/airflow/example_dags/example_latest_only_with_trigger.py
[2023-07-21 07:14:40,190] {scheduler_job.py:633} INFO - Processing file /home/airflow/.local/lib/python3.6/site-packages/airflow/example_dags/example_latest_only_with_trigger.py for tasks to queue
[2023-07-21 07:14:40,197] {logging_mixin.py:104} INFO - [2023-07-21 07:14:40,197] {dagbag.py:496} INFO - Filling up the DagBag from /home/airflow/.local/lib/python3.6/site-packages/airflow/example_dags/example_latest_only_with_trigger.py
[2023-07-21 07:14:40,237] {scheduler_job.py:643} INFO - DAG(s) dict_keys(['latest_only_with_trigger']) retrieved from /home/airflow/.local/lib/python3.6/site-packages/airflow/example_dags/example_latest_only_with_trigger.py
[2023-07-21 07:14:40,344] {logging_mixin.py:104} INFO - [2023-07-21 07:14:40,344] {dag.py:1833} INFO - Sync 1 DAGs
[2023-07-21 07:14:40,439] {logging_mixin.py:104} INFO - [2023-07-21 07:14:40,439] {dag.py:2306} INFO - Setting next_dagrun for latest_only_with_trigger to 2023-07-19 00:00:00+00:00
[2023-07-21 07:14:40,484] {scheduler_job.py:190} INFO - Processing /home/airflow/.local/lib/python3.6/site-packages/airflow/example_dags/example_latest_only_with_trigger.py took 0.308 seconds
[2023-07-21 07:15:10,636] {scheduler_job.py:182} INFO - Started process (PID=74061) to work on /home/airflow/.local/lib/python3.6/site-packages/airflow/example_dags/example_latest_only_with_trigger.py
[2023-07-21 07:15:10,642] {scheduler_job.py:633} INFO - Processing file /home/airflow/.local/lib/python3.6/site-packages/airflow/example_dags/example_latest_only_with_trigger.py for tasks to queue
[2023-07-21 07:15:10,644] {logging_mixin.py:104} INFO - [2023-07-21 07:15:10,644] {dagbag.py:496} INFO - Filling up the DagBag from /home/airflow/.local/lib/python3.6/site-packages/airflow/example_dags/example_latest_only_with_trigger.py
[2023-07-21 07:15:10,670] {scheduler_job.py:643} INFO - DAG(s) dict_keys(['latest_only_with_trigger']) retrieved from /home/airflow/.local/lib/python3.6/site-packages/airflow/example_dags/example_latest_only_with_trigger.py
[2023-07-21 07:15:10,698] {logging_mixin.py:104} INFO - [2023-07-21 07:15:10,698] {dag.py:1833} INFO - Sync 1 DAGs
[2023-07-21 07:15:10,713] {logging_mixin.py:104} INFO - [2023-07-21 07:15:10,713] {dag.py:2306} INFO - Setting next_dagrun for latest_only_with_trigger to 2023-07-19 00:00:00+00:00
[2023-07-21 07:15:10,736] {scheduler_job.py:190} INFO - Processing /home/airflow/.local/lib/python3.6/site-packages/airflow/example_dags/example_latest_only_with_trigger.py took 0.109 seconds
[2023-07-21 07:15:41,131] {scheduler_job.py:182} INFO - Started process (PID=74113) to work on /home/airflow/.local/lib/python3.6/site-packages/airflow/example_dags/example_latest_only_with_trigger.py
[2023-07-21 07:15:41,134] {scheduler_job.py:633} INFO - Processing file /home/airflow/.local/lib/python3.6/site-packages/airflow/example_dags/example_latest_only_with_trigger.py for tasks to queue
[2023-07-21 07:15:41,136] {logging_mixin.py:104} INFO - [2023-07-21 07:15:41,135] {dagbag.py:496} INFO - Filling up the DagBag from /home/airflow/.local/lib/python3.6/site-packages/airflow/example_dags/example_latest_only_with_trigger.py
[2023-07-21 07:15:41,163] {scheduler_job.py:643} INFO - DAG(s) dict_keys(['latest_only_with_trigger']) retrieved from /home/airflow/.local/lib/python3.6/site-packages/airflow/example_dags/example_latest_only_with_trigger.py
[2023-07-21 07:15:41,201] {logging_mixin.py:104} INFO - [2023-07-21 07:15:41,201] {dag.py:1833} INFO - Sync 1 DAGs
[2023-07-21 07:15:41,222] {logging_mixin.py:104} INFO - [2023-07-21 07:15:41,222] {dag.py:2306} INFO - Setting next_dagrun for latest_only_with_trigger to 2023-07-19 00:00:00+00:00
[2023-07-21 07:15:41,243] {scheduler_job.py:190} INFO - Processing /home/airflow/.local/lib/python3.6/site-packages/airflow/example_dags/example_latest_only_with_trigger.py took 0.119 seconds
[2023-07-21 07:16:11,491] {scheduler_job.py:182} INFO - Started process (PID=74163) to work on /home/airflow/.local/lib/python3.6/site-packages/airflow/example_dags/example_latest_only_with_trigger.py
[2023-07-21 07:16:11,496] {scheduler_job.py:633} INFO - Processing file /home/airflow/.local/lib/python3.6/site-packages/airflow/example_dags/example_latest_only_with_trigger.py for tasks to queue
[2023-07-21 07:16:11,500] {logging_mixin.py:104} INFO - [2023-07-21 07:16:11,499] {dagbag.py:496} INFO - Filling up the DagBag from /home/airflow/.local/lib/python3.6/site-packages/airflow/example_dags/example_latest_only_with_trigger.py
[2023-07-21 07:16:11,530] {scheduler_job.py:643} INFO - DAG(s) dict_keys(['latest_only_with_trigger']) retrieved from /home/airflow/.local/lib/python3.6/site-packages/airflow/example_dags/example_latest_only_with_trigger.py
[2023-07-21 07:16:11,576] {logging_mixin.py:104} INFO - [2023-07-21 07:16:11,576] {dag.py:1833} INFO - Sync 1 DAGs
[2023-07-21 07:16:11,601] {logging_mixin.py:104} INFO - [2023-07-21 07:16:11,601] {dag.py:2306} INFO - Setting next_dagrun for latest_only_with_trigger to 2023-07-19 00:00:00+00:00
[2023-07-21 07:16:11,621] {scheduler_job.py:190} INFO - Processing /home/airflow/.local/lib/python3.6/site-packages/airflow/example_dags/example_latest_only_with_trigger.py took 0.144 seconds
[2023-07-21 07:16:42,037] {scheduler_job.py:182} INFO - Started process (PID=74224) to work on /home/airflow/.local/lib/python3.6/site-packages/airflow/example_dags/example_latest_only_with_trigger.py
[2023-07-21 07:16:42,049] {scheduler_job.py:633} INFO - Processing file /home/airflow/.local/lib/python3.6/site-packages/airflow/example_dags/example_latest_only_with_trigger.py for tasks to queue
[2023-07-21 07:16:42,050] {logging_mixin.py:104} INFO - [2023-07-21 07:16:42,050] {dagbag.py:496} INFO - Filling up the DagBag from /home/airflow/.local/lib/python3.6/site-packages/airflow/example_dags/example_latest_only_with_trigger.py
[2023-07-21 07:16:42,083] {scheduler_job.py:643} INFO - DAG(s) dict_keys(['latest_only_with_trigger']) retrieved from /home/airflow/.local/lib/python3.6/site-packages/airflow/example_dags/example_latest_only_with_trigger.py
[2023-07-21 07:16:42,121] {logging_mixin.py:104} INFO - [2023-07-21 07:16:42,121] {dag.py:1833} INFO - Sync 1 DAGs
[2023-07-21 07:16:42,143] {logging_mixin.py:104} INFO - [2023-07-21 07:16:42,143] {dag.py:2306} INFO - Setting next_dagrun for latest_only_with_trigger to 2023-07-19 00:00:00+00:00
[2023-07-21 07:16:42,175] {scheduler_job.py:190} INFO - Processing /home/airflow/.local/lib/python3.6/site-packages/airflow/example_dags/example_latest_only_with_trigger.py took 0.152 seconds
[2023-07-21 07:17:12,641] {scheduler_job.py:182} INFO - Started process (PID=74277) to work on /home/airflow/.local/lib/python3.6/site-packages/airflow/example_dags/example_latest_only_with_trigger.py
[2023-07-21 07:17:12,644] {scheduler_job.py:633} INFO - Processing file /home/airflow/.local/lib/python3.6/site-packages/airflow/example_dags/example_latest_only_with_trigger.py for tasks to queue
[2023-07-21 07:17:12,645] {logging_mixin.py:104} INFO - [2023-07-21 07:17:12,645] {dagbag.py:496} INFO - Filling up the DagBag from /home/airflow/.local/lib/python3.6/site-packages/airflow/example_dags/example_latest_only_with_trigger.py
[2023-07-21 07:17:12,670] {scheduler_job.py:643} INFO - DAG(s) dict_keys(['latest_only_with_trigger']) retrieved from /home/airflow/.local/lib/python3.6/site-packages/airflow/example_dags/example_latest_only_with_trigger.py
[2023-07-21 07:17:12,719] {logging_mixin.py:104} INFO - [2023-07-21 07:17:12,719] {dag.py:1833} INFO - Sync 1 DAGs
[2023-07-21 07:17:12,743] {logging_mixin.py:104} INFO - [2023-07-21 07:17:12,742] {dag.py:2306} INFO - Setting next_dagrun for latest_only_with_trigger to 2023-07-19 00:00:00+00:00
[2023-07-21 07:17:12,758] {scheduler_job.py:190} INFO - Processing /home/airflow/.local/lib/python3.6/site-packages/airflow/example_dags/example_latest_only_with_trigger.py took 0.124 seconds
[2023-07-21 07:17:42,945] {scheduler_job.py:182} INFO - Started process (PID=74326) to work on /home/airflow/.local/lib/python3.6/site-packages/airflow/example_dags/example_latest_only_with_trigger.py
[2023-07-21 07:17:42,948] {scheduler_job.py:633} INFO - Processing file /home/airflow/.local/lib/python3.6/site-packages/airflow/example_dags/example_latest_only_with_trigger.py for tasks to queue
[2023-07-21 07:17:42,951] {logging_mixin.py:104} INFO - [2023-07-21 07:17:42,951] {dagbag.py:496} INFO - Filling up the DagBag from /home/airflow/.local/lib/python3.6/site-packages/airflow/example_dags/example_latest_only_with_trigger.py
[2023-07-21 07:17:42,986] {scheduler_job.py:643} INFO - DAG(s) dict_keys(['latest_only_with_trigger']) retrieved from /home/airflow/.local/lib/python3.6/site-packages/airflow/example_dags/example_latest_only_with_trigger.py
[2023-07-21 07:17:43,026] {logging_mixin.py:104} INFO - [2023-07-21 07:17:43,026] {dag.py:1833} INFO - Sync 1 DAGs
[2023-07-21 07:17:43,047] {logging_mixin.py:104} INFO - [2023-07-21 07:17:43,046] {dag.py:2306} INFO - Setting next_dagrun for latest_only_with_trigger to 2023-07-19 00:00:00+00:00
[2023-07-21 07:17:43,063] {scheduler_job.py:190} INFO - Processing /home/airflow/.local/lib/python3.6/site-packages/airflow/example_dags/example_latest_only_with_trigger.py took 0.131 seconds
[2023-07-21 07:18:13,390] {scheduler_job.py:182} INFO - Started process (PID=74384) to work on /home/airflow/.local/lib/python3.6/site-packages/airflow/example_dags/example_latest_only_with_trigger.py
[2023-07-21 07:18:13,396] {scheduler_job.py:633} INFO - Processing file /home/airflow/.local/lib/python3.6/site-packages/airflow/example_dags/example_latest_only_with_trigger.py for tasks to queue
[2023-07-21 07:18:13,399] {logging_mixin.py:104} INFO - [2023-07-21 07:18:13,399] {dagbag.py:496} INFO - Filling up the DagBag from /home/airflow/.local/lib/python3.6/site-packages/airflow/example_dags/example_latest_only_with_trigger.py
[2023-07-21 07:18:13,426] {scheduler_job.py:643} INFO - DAG(s) dict_keys(['latest_only_with_trigger']) retrieved from /home/airflow/.local/lib/python3.6/site-packages/airflow/example_dags/example_latest_only_with_trigger.py
[2023-07-21 07:18:13,485] {logging_mixin.py:104} INFO - [2023-07-21 07:18:13,485] {dag.py:1833} INFO - Sync 1 DAGs
[2023-07-21 07:18:13,552] {logging_mixin.py:104} INFO - [2023-07-21 07:18:13,552] {dag.py:2306} INFO - Setting next_dagrun for latest_only_with_trigger to 2023-07-19 00:00:00+00:00
[2023-07-21 07:18:13,581] {scheduler_job.py:190} INFO - Processing /home/airflow/.local/lib/python3.6/site-packages/airflow/example_dags/example_latest_only_with_trigger.py took 0.205 seconds
[2023-07-21 07:18:43,807] {scheduler_job.py:182} INFO - Started process (PID=74436) to work on /home/airflow/.local/lib/python3.6/site-packages/airflow/example_dags/example_latest_only_with_trigger.py
[2023-07-21 07:18:43,812] {scheduler_job.py:633} INFO - Processing file /home/airflow/.local/lib/python3.6/site-packages/airflow/example_dags/example_latest_only_with_trigger.py for tasks to queue
[2023-07-21 07:18:43,824] {logging_mixin.py:104} INFO - [2023-07-21 07:18:43,823] {dagbag.py:496} INFO - Filling up the DagBag from /home/airflow/.local/lib/python3.6/site-packages/airflow/example_dags/example_latest_only_with_trigger.py
[2023-07-21 07:18:43,896] {scheduler_job.py:643} INFO - DAG(s) dict_keys(['latest_only_with_trigger']) retrieved from /home/airflow/.local/lib/python3.6/site-packages/airflow/example_dags/example_latest_only_with_trigger.py
[2023-07-21 07:18:43,962] {logging_mixin.py:104} INFO - [2023-07-21 07:18:43,962] {dag.py:1833} INFO - Sync 1 DAGs
[2023-07-21 07:18:43,996] {logging_mixin.py:104} INFO - [2023-07-21 07:18:43,995] {dag.py:2306} INFO - Setting next_dagrun for latest_only_with_trigger to 2023-07-19 00:00:00+00:00
[2023-07-21 07:18:44,011] {scheduler_job.py:190} INFO - Processing /home/airflow/.local/lib/python3.6/site-packages/airflow/example_dags/example_latest_only_with_trigger.py took 0.221 seconds
[2023-07-21 07:19:14,253] {scheduler_job.py:182} INFO - Started process (PID=74488) to work on /home/airflow/.local/lib/python3.6/site-packages/airflow/example_dags/example_latest_only_with_trigger.py
[2023-07-21 07:19:14,257] {scheduler_job.py:633} INFO - Processing file /home/airflow/.local/lib/python3.6/site-packages/airflow/example_dags/example_latest_only_with_trigger.py for tasks to queue
[2023-07-21 07:19:14,262] {logging_mixin.py:104} INFO - [2023-07-21 07:19:14,262] {dagbag.py:496} INFO - Filling up the DagBag from /home/airflow/.local/lib/python3.6/site-packages/airflow/example_dags/example_latest_only_with_trigger.py
[2023-07-21 07:19:14,283] {scheduler_job.py:643} INFO - DAG(s) dict_keys(['latest_only_with_trigger']) retrieved from /home/airflow/.local/lib/python3.6/site-packages/airflow/example_dags/example_latest_only_with_trigger.py
[2023-07-21 07:19:14,331] {logging_mixin.py:104} INFO - [2023-07-21 07:19:14,331] {dag.py:1833} INFO - Sync 1 DAGs
[2023-07-21 07:19:14,351] {logging_mixin.py:104} INFO - [2023-07-21 07:19:14,350] {dag.py:2306} INFO - Setting next_dagrun for latest_only_with_trigger to 2023-07-19 00:00:00+00:00
[2023-07-21 07:19:14,366] {scheduler_job.py:190} INFO - Processing /home/airflow/.local/lib/python3.6/site-packages/airflow/example_dags/example_latest_only_with_trigger.py took 0.122 seconds
[2023-07-21 07:19:45,107] {scheduler_job.py:182} INFO - Started process (PID=74538) to work on /home/airflow/.local/lib/python3.6/site-packages/airflow/example_dags/example_latest_only_with_trigger.py
[2023-07-21 07:19:45,111] {scheduler_job.py:633} INFO - Processing file /home/airflow/.local/lib/python3.6/site-packages/airflow/example_dags/example_latest_only_with_trigger.py for tasks to queue
[2023-07-21 07:19:45,118] {logging_mixin.py:104} INFO - [2023-07-21 07:19:45,117] {dagbag.py:496} INFO - Filling up the DagBag from /home/airflow/.local/lib/python3.6/site-packages/airflow/example_dags/example_latest_only_with_trigger.py
[2023-07-21 07:19:45,164] {scheduler_job.py:643} INFO - DAG(s) dict_keys(['latest_only_with_trigger']) retrieved from /home/airflow/.local/lib/python3.6/site-packages/airflow/example_dags/example_latest_only_with_trigger.py
[2023-07-21 07:19:45,231] {logging_mixin.py:104} INFO - [2023-07-21 07:19:45,230] {dag.py:1833} INFO - Sync 1 DAGs
[2023-07-21 07:19:45,260] {logging_mixin.py:104} INFO - [2023-07-21 07:19:45,260] {dag.py:2306} INFO - Setting next_dagrun for latest_only_with_trigger to 2023-07-19 00:00:00+00:00
[2023-07-21 07:19:45,322] {scheduler_job.py:190} INFO - Processing /home/airflow/.local/lib/python3.6/site-packages/airflow/example_dags/example_latest_only_with_trigger.py took 0.232 seconds
[2023-07-21 07:20:16,213] {scheduler_job.py:182} INFO - Started process (PID=74599) to work on /home/airflow/.local/lib/python3.6/site-packages/airflow/example_dags/example_latest_only_with_trigger.py
[2023-07-21 07:20:16,218] {scheduler_job.py:633} INFO - Processing file /home/airflow/.local/lib/python3.6/site-packages/airflow/example_dags/example_latest_only_with_trigger.py for tasks to queue
[2023-07-21 07:20:16,221] {logging_mixin.py:104} INFO - [2023-07-21 07:20:16,221] {dagbag.py:496} INFO - Filling up the DagBag from /home/airflow/.local/lib/python3.6/site-packages/airflow/example_dags/example_latest_only_with_trigger.py
[2023-07-21 07:20:16,242] {scheduler_job.py:643} INFO - DAG(s) dict_keys(['latest_only_with_trigger']) retrieved from /home/airflow/.local/lib/python3.6/site-packages/airflow/example_dags/example_latest_only_with_trigger.py
[2023-07-21 07:20:16,270] {logging_mixin.py:104} INFO - [2023-07-21 07:20:16,270] {dag.py:1833} INFO - Sync 1 DAGs
[2023-07-21 07:20:16,288] {logging_mixin.py:104} INFO - [2023-07-21 07:20:16,288] {dag.py:2306} INFO - Setting next_dagrun for latest_only_with_trigger to 2023-07-19 00:00:00+00:00
[2023-07-21 07:20:16,306] {scheduler_job.py:190} INFO - Processing /home/airflow/.local/lib/python3.6/site-packages/airflow/example_dags/example_latest_only_with_trigger.py took 0.107 seconds
[2023-07-21 07:20:46,412] {scheduler_job.py:182} INFO - Started process (PID=74650) to work on /home/airflow/.local/lib/python3.6/site-packages/airflow/example_dags/example_latest_only_with_trigger.py
[2023-07-21 07:20:46,419] {scheduler_job.py:633} INFO - Processing file /home/airflow/.local/lib/python3.6/site-packages/airflow/example_dags/example_latest_only_with_trigger.py for tasks to queue
[2023-07-21 07:20:46,423] {logging_mixin.py:104} INFO - [2023-07-21 07:20:46,422] {dagbag.py:496} INFO - Filling up the DagBag from /home/airflow/.local/lib/python3.6/site-packages/airflow/example_dags/example_latest_only_with_trigger.py
[2023-07-21 07:20:46,443] {scheduler_job.py:643} INFO - DAG(s) dict_keys(['latest_only_with_trigger']) retrieved from /home/airflow/.local/lib/python3.6/site-packages/airflow/example_dags/example_latest_only_with_trigger.py
[2023-07-21 07:20:46,473] {logging_mixin.py:104} INFO - [2023-07-21 07:20:46,473] {dag.py:1833} INFO - Sync 1 DAGs
[2023-07-21 07:20:46,492] {logging_mixin.py:104} INFO - [2023-07-21 07:20:46,492] {dag.py:2306} INFO - Setting next_dagrun for latest_only_with_trigger to 2023-07-19 00:00:00+00:00
[2023-07-21 07:20:46,514] {scheduler_job.py:190} INFO - Processing /home/airflow/.local/lib/python3.6/site-packages/airflow/example_dags/example_latest_only_with_trigger.py took 0.112 seconds
[2023-07-21 07:21:16,935] {scheduler_job.py:182} INFO - Started process (PID=74701) to work on /home/airflow/.local/lib/python3.6/site-packages/airflow/example_dags/example_latest_only_with_trigger.py
[2023-07-21 07:21:16,939] {scheduler_job.py:633} INFO - Processing file /home/airflow/.local/lib/python3.6/site-packages/airflow/example_dags/example_latest_only_with_trigger.py for tasks to queue
[2023-07-21 07:21:16,947] {logging_mixin.py:104} INFO - [2023-07-21 07:21:16,946] {dagbag.py:496} INFO - Filling up the DagBag from /home/airflow/.local/lib/python3.6/site-packages/airflow/example_dags/example_latest_only_with_trigger.py
[2023-07-21 07:21:16,978] {scheduler_job.py:643} INFO - DAG(s) dict_keys(['latest_only_with_trigger']) retrieved from /home/airflow/.local/lib/python3.6/site-packages/airflow/example_dags/example_latest_only_with_trigger.py
[2023-07-21 07:21:17,022] {logging_mixin.py:104} INFO - [2023-07-21 07:21:17,022] {dag.py:1833} INFO - Sync 1 DAGs
[2023-07-21 07:21:17,046] {logging_mixin.py:104} INFO - [2023-07-21 07:21:17,046] {dag.py:2306} INFO - Setting next_dagrun for latest_only_with_trigger to 2023-07-19 00:00:00+00:00
[2023-07-21 07:21:17,066] {scheduler_job.py:190} INFO - Processing /home/airflow/.local/lib/python3.6/site-packages/airflow/example_dags/example_latest_only_with_trigger.py took 0.145 seconds
[2023-07-21 07:21:47,745] {scheduler_job.py:182} INFO - Started process (PID=74751) to work on /home/airflow/.local/lib/python3.6/site-packages/airflow/example_dags/example_latest_only_with_trigger.py
[2023-07-21 07:21:47,748] {scheduler_job.py:633} INFO - Processing file /home/airflow/.local/lib/python3.6/site-packages/airflow/example_dags/example_latest_only_with_trigger.py for tasks to queue
[2023-07-21 07:21:47,751] {logging_mixin.py:104} INFO - [2023-07-21 07:21:47,751] {dagbag.py:496} INFO - Filling up the DagBag from /home/airflow/.local/lib/python3.6/site-packages/airflow/example_dags/example_latest_only_with_trigger.py
[2023-07-21 07:21:47,838] {scheduler_job.py:643} INFO - DAG(s) dict_keys(['latest_only_with_trigger']) retrieved from /home/airflow/.local/lib/python3.6/site-packages/airflow/example_dags/example_latest_only_with_trigger.py
[2023-07-21 07:21:47,946] {logging_mixin.py:104} INFO - [2023-07-21 07:21:47,943] {dag.py:1833} INFO - Sync 1 DAGs
[2023-07-21 07:21:48,030] {logging_mixin.py:104} INFO - [2023-07-21 07:21:48,030] {dag.py:2306} INFO - Setting next_dagrun for latest_only_with_trigger to 2023-07-19 00:00:00+00:00
[2023-07-21 07:21:48,064] {scheduler_job.py:190} INFO - Processing /home/airflow/.local/lib/python3.6/site-packages/airflow/example_dags/example_latest_only_with_trigger.py took 0.331 seconds
[2023-07-21 07:22:18,992] {scheduler_job.py:182} INFO - Started process (PID=74809) to work on /home/airflow/.local/lib/python3.6/site-packages/airflow/example_dags/example_latest_only_with_trigger.py
[2023-07-21 07:22:18,995] {scheduler_job.py:633} INFO - Processing file /home/airflow/.local/lib/python3.6/site-packages/airflow/example_dags/example_latest_only_with_trigger.py for tasks to queue
[2023-07-21 07:22:18,997] {logging_mixin.py:104} INFO - [2023-07-21 07:22:18,996] {dagbag.py:496} INFO - Filling up the DagBag from /home/airflow/.local/lib/python3.6/site-packages/airflow/example_dags/example_latest_only_with_trigger.py
[2023-07-21 07:22:19,031] {scheduler_job.py:643} INFO - DAG(s) dict_keys(['latest_only_with_trigger']) retrieved from /home/airflow/.local/lib/python3.6/site-packages/airflow/example_dags/example_latest_only_with_trigger.py
[2023-07-21 07:22:19,091] {logging_mixin.py:104} INFO - [2023-07-21 07:22:19,091] {dag.py:1833} INFO - Sync 1 DAGs
[2023-07-21 07:22:19,118] {logging_mixin.py:104} INFO - [2023-07-21 07:22:19,118] {dag.py:2306} INFO - Setting next_dagrun for latest_only_with_trigger to 2023-07-19 00:00:00+00:00
[2023-07-21 07:22:19,146] {scheduler_job.py:190} INFO - Processing /home/airflow/.local/lib/python3.6/site-packages/airflow/example_dags/example_latest_only_with_trigger.py took 0.168 seconds
[2023-07-21 07:22:49,634] {scheduler_job.py:182} INFO - Started process (PID=74862) to work on /home/airflow/.local/lib/python3.6/site-packages/airflow/example_dags/example_latest_only_with_trigger.py
[2023-07-21 07:22:49,638] {scheduler_job.py:633} INFO - Processing file /home/airflow/.local/lib/python3.6/site-packages/airflow/example_dags/example_latest_only_with_trigger.py for tasks to queue
[2023-07-21 07:22:49,642] {logging_mixin.py:104} INFO - [2023-07-21 07:22:49,642] {dagbag.py:496} INFO - Filling up the DagBag from /home/airflow/.local/lib/python3.6/site-packages/airflow/example_dags/example_latest_only_with_trigger.py
[2023-07-21 07:22:49,671] {scheduler_job.py:643} INFO - DAG(s) dict_keys(['latest_only_with_trigger']) retrieved from /home/airflow/.local/lib/python3.6/site-packages/airflow/example_dags/example_latest_only_with_trigger.py
[2023-07-21 07:22:49,742] {logging_mixin.py:104} INFO - [2023-07-21 07:22:49,742] {dag.py:1833} INFO - Sync 1 DAGs
[2023-07-21 07:22:49,806] {logging_mixin.py:104} INFO - [2023-07-21 07:22:49,806] {dag.py:2306} INFO - Setting next_dagrun for latest_only_with_trigger to 2023-07-19 00:00:00+00:00
[2023-07-21 07:22:49,829] {scheduler_job.py:190} INFO - Processing /home/airflow/.local/lib/python3.6/site-packages/airflow/example_dags/example_latest_only_with_trigger.py took 0.205 seconds
[2023-07-21 07:23:20,185] {scheduler_job.py:182} INFO - Started process (PID=74913) to work on /home/airflow/.local/lib/python3.6/site-packages/airflow/example_dags/example_latest_only_with_trigger.py
[2023-07-21 07:23:20,190] {scheduler_job.py:633} INFO - Processing file /home/airflow/.local/lib/python3.6/site-packages/airflow/example_dags/example_latest_only_with_trigger.py for tasks to queue
[2023-07-21 07:23:20,195] {logging_mixin.py:104} INFO - [2023-07-21 07:23:20,194] {dagbag.py:496} INFO - Filling up the DagBag from /home/airflow/.local/lib/python3.6/site-packages/airflow/example_dags/example_latest_only_with_trigger.py
[2023-07-21 07:23:20,233] {scheduler_job.py:643} INFO - DAG(s) dict_keys(['latest_only_with_trigger']) retrieved from /home/airflow/.local/lib/python3.6/site-packages/airflow/example_dags/example_latest_only_with_trigger.py
[2023-07-21 07:23:20,285] {logging_mixin.py:104} INFO - [2023-07-21 07:23:20,284] {dag.py:1833} INFO - Sync 1 DAGs
[2023-07-21 07:23:20,336] {logging_mixin.py:104} INFO - [2023-07-21 07:23:20,336] {dag.py:2306} INFO - Setting next_dagrun for latest_only_with_trigger to 2023-07-19 00:00:00+00:00
[2023-07-21 07:23:20,367] {scheduler_job.py:190} INFO - Processing /home/airflow/.local/lib/python3.6/site-packages/airflow/example_dags/example_latest_only_with_trigger.py took 0.188 seconds
[2023-07-21 07:23:50,596] {scheduler_job.py:182} INFO - Started process (PID=74974) to work on /home/airflow/.local/lib/python3.6/site-packages/airflow/example_dags/example_latest_only_with_trigger.py
[2023-07-21 07:23:50,602] {scheduler_job.py:633} INFO - Processing file /home/airflow/.local/lib/python3.6/site-packages/airflow/example_dags/example_latest_only_with_trigger.py for tasks to queue
[2023-07-21 07:23:50,606] {logging_mixin.py:104} INFO - [2023-07-21 07:23:50,606] {dagbag.py:496} INFO - Filling up the DagBag from /home/airflow/.local/lib/python3.6/site-packages/airflow/example_dags/example_latest_only_with_trigger.py
[2023-07-21 07:23:50,670] {scheduler_job.py:643} INFO - DAG(s) dict_keys(['latest_only_with_trigger']) retrieved from /home/airflow/.local/lib/python3.6/site-packages/airflow/example_dags/example_latest_only_with_trigger.py
[2023-07-21 07:23:50,715] {logging_mixin.py:104} INFO - [2023-07-21 07:23:50,715] {dag.py:1833} INFO - Sync 1 DAGs
[2023-07-21 07:23:50,738] {logging_mixin.py:104} INFO - [2023-07-21 07:23:50,738] {dag.py:2306} INFO - Setting next_dagrun for latest_only_with_trigger to 2023-07-19 00:00:00+00:00
[2023-07-21 07:23:50,765] {scheduler_job.py:190} INFO - Processing /home/airflow/.local/lib/python3.6/site-packages/airflow/example_dags/example_latest_only_with_trigger.py took 0.178 seconds
[2023-07-21 07:24:21,093] {scheduler_job.py:182} INFO - Started process (PID=75025) to work on /home/airflow/.local/lib/python3.6/site-packages/airflow/example_dags/example_latest_only_with_trigger.py
[2023-07-21 07:24:21,099] {scheduler_job.py:633} INFO - Processing file /home/airflow/.local/lib/python3.6/site-packages/airflow/example_dags/example_latest_only_with_trigger.py for tasks to queue
[2023-07-21 07:24:21,104] {logging_mixin.py:104} INFO - [2023-07-21 07:24:21,104] {dagbag.py:496} INFO - Filling up the DagBag from /home/airflow/.local/lib/python3.6/site-packages/airflow/example_dags/example_latest_only_with_trigger.py
[2023-07-21 07:24:21,135] {scheduler_job.py:643} INFO - DAG(s) dict_keys(['latest_only_with_trigger']) retrieved from /home/airflow/.local/lib/python3.6/site-packages/airflow/example_dags/example_latest_only_with_trigger.py
[2023-07-21 07:24:21,182] {logging_mixin.py:104} INFO - [2023-07-21 07:24:21,182] {dag.py:1833} INFO - Sync 1 DAGs
[2023-07-21 07:24:21,208] {logging_mixin.py:104} INFO - [2023-07-21 07:24:21,208] {dag.py:2306} INFO - Setting next_dagrun for latest_only_with_trigger to 2023-07-19 00:00:00+00:00
[2023-07-21 07:24:21,229] {scheduler_job.py:190} INFO - Processing /home/airflow/.local/lib/python3.6/site-packages/airflow/example_dags/example_latest_only_with_trigger.py took 0.150 seconds
[2023-07-21 07:24:51,717] {scheduler_job.py:182} INFO - Started process (PID=75075) to work on /home/airflow/.local/lib/python3.6/site-packages/airflow/example_dags/example_latest_only_with_trigger.py
[2023-07-21 07:24:51,720] {scheduler_job.py:633} INFO - Processing file /home/airflow/.local/lib/python3.6/site-packages/airflow/example_dags/example_latest_only_with_trigger.py for tasks to queue
[2023-07-21 07:24:51,721] {logging_mixin.py:104} INFO - [2023-07-21 07:24:51,721] {dagbag.py:496} INFO - Filling up the DagBag from /home/airflow/.local/lib/python3.6/site-packages/airflow/example_dags/example_latest_only_with_trigger.py
[2023-07-21 07:24:51,748] {scheduler_job.py:643} INFO - DAG(s) dict_keys(['latest_only_with_trigger']) retrieved from /home/airflow/.local/lib/python3.6/site-packages/airflow/example_dags/example_latest_only_with_trigger.py
[2023-07-21 07:24:51,797] {logging_mixin.py:104} INFO - [2023-07-21 07:24:51,797] {dag.py:1833} INFO - Sync 1 DAGs
[2023-07-21 07:24:51,826] {logging_mixin.py:104} INFO - [2023-07-21 07:24:51,825] {dag.py:2306} INFO - Setting next_dagrun for latest_only_with_trigger to 2023-07-19 00:00:00+00:00
[2023-07-21 07:24:51,885] {scheduler_job.py:190} INFO - Processing /home/airflow/.local/lib/python3.6/site-packages/airflow/example_dags/example_latest_only_with_trigger.py took 0.176 seconds
[2023-07-21 07:25:22,266] {scheduler_job.py:182} INFO - Started process (PID=75125) to work on /home/airflow/.local/lib/python3.6/site-packages/airflow/example_dags/example_latest_only_with_trigger.py
[2023-07-21 07:25:22,271] {scheduler_job.py:633} INFO - Processing file /home/airflow/.local/lib/python3.6/site-packages/airflow/example_dags/example_latest_only_with_trigger.py for tasks to queue
[2023-07-21 07:25:22,275] {logging_mixin.py:104} INFO - [2023-07-21 07:25:22,274] {dagbag.py:496} INFO - Filling up the DagBag from /home/airflow/.local/lib/python3.6/site-packages/airflow/example_dags/example_latest_only_with_trigger.py
[2023-07-21 07:25:22,326] {scheduler_job.py:643} INFO - DAG(s) dict_keys(['latest_only_with_trigger']) retrieved from /home/airflow/.local/lib/python3.6/site-packages/airflow/example_dags/example_latest_only_with_trigger.py
[2023-07-21 07:25:22,368] {logging_mixin.py:104} INFO - [2023-07-21 07:25:22,367] {dag.py:1833} INFO - Sync 1 DAGs
[2023-07-21 07:25:22,425] {logging_mixin.py:104} INFO - [2023-07-21 07:25:22,425] {dag.py:2306} INFO - Setting next_dagrun for latest_only_with_trigger to 2023-07-19 00:00:00+00:00
[2023-07-21 07:25:22,454] {scheduler_job.py:190} INFO - Processing /home/airflow/.local/lib/python3.6/site-packages/airflow/example_dags/example_latest_only_with_trigger.py took 0.199 seconds
[2023-07-21 07:25:52,824] {scheduler_job.py:182} INFO - Started process (PID=75176) to work on /home/airflow/.local/lib/python3.6/site-packages/airflow/example_dags/example_latest_only_with_trigger.py
[2023-07-21 07:25:52,828] {scheduler_job.py:633} INFO - Processing file /home/airflow/.local/lib/python3.6/site-packages/airflow/example_dags/example_latest_only_with_trigger.py for tasks to queue
[2023-07-21 07:25:52,830] {logging_mixin.py:104} INFO - [2023-07-21 07:25:52,830] {dagbag.py:496} INFO - Filling up the DagBag from /home/airflow/.local/lib/python3.6/site-packages/airflow/example_dags/example_latest_only_with_trigger.py
[2023-07-21 07:25:52,869] {scheduler_job.py:643} INFO - DAG(s) dict_keys(['latest_only_with_trigger']) retrieved from /home/airflow/.local/lib/python3.6/site-packages/airflow/example_dags/example_latest_only_with_trigger.py
[2023-07-21 07:25:52,924] {logging_mixin.py:104} INFO - [2023-07-21 07:25:52,924] {dag.py:1833} INFO - Sync 1 DAGs
[2023-07-21 07:25:52,947] {logging_mixin.py:104} INFO - [2023-07-21 07:25:52,947] {dag.py:2306} INFO - Setting next_dagrun for latest_only_with_trigger to 2023-07-19 00:00:00+00:00
[2023-07-21 07:25:52,968] {scheduler_job.py:190} INFO - Processing /home/airflow/.local/lib/python3.6/site-packages/airflow/example_dags/example_latest_only_with_trigger.py took 0.160 seconds
[2023-07-21 07:26:23,450] {scheduler_job.py:182} INFO - Started process (PID=75227) to work on /home/airflow/.local/lib/python3.6/site-packages/airflow/example_dags/example_latest_only_with_trigger.py
[2023-07-21 07:26:23,455] {scheduler_job.py:633} INFO - Processing file /home/airflow/.local/lib/python3.6/site-packages/airflow/example_dags/example_latest_only_with_trigger.py for tasks to queue
[2023-07-21 07:26:23,465] {logging_mixin.py:104} INFO - [2023-07-21 07:26:23,459] {dagbag.py:496} INFO - Filling up the DagBag from /home/airflow/.local/lib/python3.6/site-packages/airflow/example_dags/example_latest_only_with_trigger.py
[2023-07-21 07:26:23,501] {scheduler_job.py:643} INFO - DAG(s) dict_keys(['latest_only_with_trigger']) retrieved from /home/airflow/.local/lib/python3.6/site-packages/airflow/example_dags/example_latest_only_with_trigger.py
[2023-07-21 07:26:23,565] {logging_mixin.py:104} INFO - [2023-07-21 07:26:23,565] {dag.py:1833} INFO - Sync 1 DAGs
[2023-07-21 07:26:23,598] {logging_mixin.py:104} INFO - [2023-07-21 07:26:23,598] {dag.py:2306} INFO - Setting next_dagrun for latest_only_with_trigger to 2023-07-19 00:00:00+00:00
[2023-07-21 07:26:23,622] {scheduler_job.py:190} INFO - Processing /home/airflow/.local/lib/python3.6/site-packages/airflow/example_dags/example_latest_only_with_trigger.py took 0.185 seconds
[2023-07-21 07:26:53,949] {scheduler_job.py:182} INFO - Started process (PID=75288) to work on /home/airflow/.local/lib/python3.6/site-packages/airflow/example_dags/example_latest_only_with_trigger.py
[2023-07-21 07:26:53,953] {scheduler_job.py:633} INFO - Processing file /home/airflow/.local/lib/python3.6/site-packages/airflow/example_dags/example_latest_only_with_trigger.py for tasks to queue
[2023-07-21 07:26:53,958] {logging_mixin.py:104} INFO - [2023-07-21 07:26:53,958] {dagbag.py:496} INFO - Filling up the DagBag from /home/airflow/.local/lib/python3.6/site-packages/airflow/example_dags/example_latest_only_with_trigger.py
[2023-07-21 07:26:54,016] {scheduler_job.py:643} INFO - DAG(s) dict_keys(['latest_only_with_trigger']) retrieved from /home/airflow/.local/lib/python3.6/site-packages/airflow/example_dags/example_latest_only_with_trigger.py
[2023-07-21 07:26:54,080] {logging_mixin.py:104} INFO - [2023-07-21 07:26:54,080] {dag.py:1833} INFO - Sync 1 DAGs
[2023-07-21 07:26:54,130] {logging_mixin.py:104} INFO - [2023-07-21 07:26:54,130] {dag.py:2306} INFO - Setting next_dagrun for latest_only_with_trigger to 2023-07-19 00:00:00+00:00
[2023-07-21 07:26:54,152] {scheduler_job.py:190} INFO - Processing /home/airflow/.local/lib/python3.6/site-packages/airflow/example_dags/example_latest_only_with_trigger.py took 0.214 seconds
[2023-07-21 07:27:24,654] {scheduler_job.py:182} INFO - Started process (PID=75339) to work on /home/airflow/.local/lib/python3.6/site-packages/airflow/example_dags/example_latest_only_with_trigger.py
[2023-07-21 07:27:24,657] {scheduler_job.py:633} INFO - Processing file /home/airflow/.local/lib/python3.6/site-packages/airflow/example_dags/example_latest_only_with_trigger.py for tasks to queue
[2023-07-21 07:27:24,658] {logging_mixin.py:104} INFO - [2023-07-21 07:27:24,658] {dagbag.py:496} INFO - Filling up the DagBag from /home/airflow/.local/lib/python3.6/site-packages/airflow/example_dags/example_latest_only_with_trigger.py
[2023-07-21 07:27:24,677] {scheduler_job.py:643} INFO - DAG(s) dict_keys(['latest_only_with_trigger']) retrieved from /home/airflow/.local/lib/python3.6/site-packages/airflow/example_dags/example_latest_only_with_trigger.py
[2023-07-21 07:27:24,710] {logging_mixin.py:104} INFO - [2023-07-21 07:27:24,709] {dag.py:1833} INFO - Sync 1 DAGs
[2023-07-21 07:27:24,730] {logging_mixin.py:104} INFO - [2023-07-21 07:27:24,730] {dag.py:2306} INFO - Setting next_dagrun for latest_only_with_trigger to 2023-07-19 00:00:00+00:00
[2023-07-21 07:27:24,748] {scheduler_job.py:190} INFO - Processing /home/airflow/.local/lib/python3.6/site-packages/airflow/example_dags/example_latest_only_with_trigger.py took 0.102 seconds
