[2023-07-21 07:13:46,853] {scheduler_job.py:182} INFO - Started process (PID=73924) to work on /home/airflow/.local/lib/python3.6/site-packages/airflow/example_dags/example_branch_datetime_operator.py
[2023-07-21 07:13:46,859] {scheduler_job.py:633} INFO - Processing file /home/airflow/.local/lib/python3.6/site-packages/airflow/example_dags/example_branch_datetime_operator.py for tasks to queue
[2023-07-21 07:13:46,865] {logging_mixin.py:104} INFO - [2023-07-21 07:13:46,865] {dagbag.py:496} INFO - Filling up the DagBag from /home/airflow/.local/lib/python3.6/site-packages/airflow/example_dags/example_branch_datetime_operator.py
[2023-07-21 07:13:46,952] {scheduler_job.py:643} INFO - DAG(s) dict_keys(['example_branch_datetime_operator_2']) retrieved from /home/airflow/.local/lib/python3.6/site-packages/airflow/example_dags/example_branch_datetime_operator.py
[2023-07-21 07:13:47,995] {logging_mixin.py:104} INFO - [2023-07-21 07:13:47,995] {dag.py:1833} INFO - Sync 1 DAGs
[2023-07-21 07:13:48,051] {logging_mixin.py:104} INFO - [2023-07-21 07:13:48,050] {dag.py:2306} INFO - Setting next_dagrun for example_branch_datetime_operator_2 to 2023-07-19 00:00:00+00:00
[2023-07-21 07:13:48,093] {scheduler_job.py:190} INFO - Processing /home/airflow/.local/lib/python3.6/site-packages/airflow/example_dags/example_branch_datetime_operator.py took 1.250 seconds
[2023-07-21 07:14:18,978] {scheduler_job.py:182} INFO - Started process (PID=73974) to work on /home/airflow/.local/lib/python3.6/site-packages/airflow/example_dags/example_branch_datetime_operator.py
[2023-07-21 07:14:18,992] {scheduler_job.py:633} INFO - Processing file /home/airflow/.local/lib/python3.6/site-packages/airflow/example_dags/example_branch_datetime_operator.py for tasks to queue
[2023-07-21 07:14:18,994] {logging_mixin.py:104} INFO - [2023-07-21 07:14:18,994] {dagbag.py:496} INFO - Filling up the DagBag from /home/airflow/.local/lib/python3.6/site-packages/airflow/example_dags/example_branch_datetime_operator.py
[2023-07-21 07:14:19,022] {scheduler_job.py:643} INFO - DAG(s) dict_keys(['example_branch_datetime_operator_2']) retrieved from /home/airflow/.local/lib/python3.6/site-packages/airflow/example_dags/example_branch_datetime_operator.py
[2023-07-21 07:14:19,066] {logging_mixin.py:104} INFO - [2023-07-21 07:14:19,066] {dag.py:1833} INFO - Sync 1 DAGs
[2023-07-21 07:14:19,103] {logging_mixin.py:104} INFO - [2023-07-21 07:14:19,102] {dag.py:2306} INFO - Setting next_dagrun for example_branch_datetime_operator_2 to 2023-07-19 00:00:00+00:00
[2023-07-21 07:14:19,134] {scheduler_job.py:190} INFO - Processing /home/airflow/.local/lib/python3.6/site-packages/airflow/example_dags/example_branch_datetime_operator.py took 0.173 seconds
[2023-07-21 07:14:49,363] {scheduler_job.py:182} INFO - Started process (PID=74022) to work on /home/airflow/.local/lib/python3.6/site-packages/airflow/example_dags/example_branch_datetime_operator.py
[2023-07-21 07:14:49,370] {scheduler_job.py:633} INFO - Processing file /home/airflow/.local/lib/python3.6/site-packages/airflow/example_dags/example_branch_datetime_operator.py for tasks to queue
[2023-07-21 07:14:49,376] {logging_mixin.py:104} INFO - [2023-07-21 07:14:49,375] {dagbag.py:496} INFO - Filling up the DagBag from /home/airflow/.local/lib/python3.6/site-packages/airflow/example_dags/example_branch_datetime_operator.py
[2023-07-21 07:14:49,440] {scheduler_job.py:643} INFO - DAG(s) dict_keys(['example_branch_datetime_operator_2']) retrieved from /home/airflow/.local/lib/python3.6/site-packages/airflow/example_dags/example_branch_datetime_operator.py
[2023-07-21 07:14:49,508] {logging_mixin.py:104} INFO - [2023-07-21 07:14:49,507] {dag.py:1833} INFO - Sync 1 DAGs
[2023-07-21 07:14:49,546] {logging_mixin.py:104} INFO - [2023-07-21 07:14:49,546] {dag.py:2306} INFO - Setting next_dagrun for example_branch_datetime_operator_2 to 2023-07-19 00:00:00+00:00
[2023-07-21 07:14:49,569] {scheduler_job.py:190} INFO - Processing /home/airflow/.local/lib/python3.6/site-packages/airflow/example_dags/example_branch_datetime_operator.py took 0.225 seconds
[2023-07-21 07:15:19,734] {scheduler_job.py:182} INFO - Started process (PID=74082) to work on /home/airflow/.local/lib/python3.6/site-packages/airflow/example_dags/example_branch_datetime_operator.py
[2023-07-21 07:15:19,739] {scheduler_job.py:633} INFO - Processing file /home/airflow/.local/lib/python3.6/site-packages/airflow/example_dags/example_branch_datetime_operator.py for tasks to queue
[2023-07-21 07:15:19,743] {logging_mixin.py:104} INFO - [2023-07-21 07:15:19,742] {dagbag.py:496} INFO - Filling up the DagBag from /home/airflow/.local/lib/python3.6/site-packages/airflow/example_dags/example_branch_datetime_operator.py
[2023-07-21 07:15:19,767] {scheduler_job.py:643} INFO - DAG(s) dict_keys(['example_branch_datetime_operator_2']) retrieved from /home/airflow/.local/lib/python3.6/site-packages/airflow/example_dags/example_branch_datetime_operator.py
[2023-07-21 07:15:19,803] {logging_mixin.py:104} INFO - [2023-07-21 07:15:19,802] {dag.py:1833} INFO - Sync 1 DAGs
[2023-07-21 07:15:19,830] {logging_mixin.py:104} INFO - [2023-07-21 07:15:19,830] {dag.py:2306} INFO - Setting next_dagrun for example_branch_datetime_operator_2 to 2023-07-19 00:00:00+00:00
[2023-07-21 07:15:19,862] {scheduler_job.py:190} INFO - Processing /home/airflow/.local/lib/python3.6/site-packages/airflow/example_dags/example_branch_datetime_operator.py took 0.134 seconds
[2023-07-21 07:15:50,576] {scheduler_job.py:182} INFO - Started process (PID=74136) to work on /home/airflow/.local/lib/python3.6/site-packages/airflow/example_dags/example_branch_datetime_operator.py
[2023-07-21 07:15:50,580] {scheduler_job.py:633} INFO - Processing file /home/airflow/.local/lib/python3.6/site-packages/airflow/example_dags/example_branch_datetime_operator.py for tasks to queue
[2023-07-21 07:15:50,583] {logging_mixin.py:104} INFO - [2023-07-21 07:15:50,583] {dagbag.py:496} INFO - Filling up the DagBag from /home/airflow/.local/lib/python3.6/site-packages/airflow/example_dags/example_branch_datetime_operator.py
[2023-07-21 07:15:50,640] {scheduler_job.py:643} INFO - DAG(s) dict_keys(['example_branch_datetime_operator_2']) retrieved from /home/airflow/.local/lib/python3.6/site-packages/airflow/example_dags/example_branch_datetime_operator.py
[2023-07-21 07:15:50,705] {logging_mixin.py:104} INFO - [2023-07-21 07:15:50,705] {dag.py:1833} INFO - Sync 1 DAGs
[2023-07-21 07:15:50,756] {logging_mixin.py:104} INFO - [2023-07-21 07:15:50,756] {dag.py:2306} INFO - Setting next_dagrun for example_branch_datetime_operator_2 to 2023-07-19 00:00:00+00:00
[2023-07-21 07:15:50,786] {scheduler_job.py:190} INFO - Processing /home/airflow/.local/lib/python3.6/site-packages/airflow/example_dags/example_branch_datetime_operator.py took 0.220 seconds
[2023-07-21 07:16:20,988] {scheduler_job.py:182} INFO - Started process (PID=74186) to work on /home/airflow/.local/lib/python3.6/site-packages/airflow/example_dags/example_branch_datetime_operator.py
[2023-07-21 07:16:20,995] {scheduler_job.py:633} INFO - Processing file /home/airflow/.local/lib/python3.6/site-packages/airflow/example_dags/example_branch_datetime_operator.py for tasks to queue
[2023-07-21 07:16:21,004] {logging_mixin.py:104} INFO - [2023-07-21 07:16:21,000] {dagbag.py:496} INFO - Filling up the DagBag from /home/airflow/.local/lib/python3.6/site-packages/airflow/example_dags/example_branch_datetime_operator.py
[2023-07-21 07:16:21,039] {scheduler_job.py:643} INFO - DAG(s) dict_keys(['example_branch_datetime_operator_2']) retrieved from /home/airflow/.local/lib/python3.6/site-packages/airflow/example_dags/example_branch_datetime_operator.py
[2023-07-21 07:16:21,070] {logging_mixin.py:104} INFO - [2023-07-21 07:16:21,070] {dag.py:1833} INFO - Sync 1 DAGs
[2023-07-21 07:16:21,090] {logging_mixin.py:104} INFO - [2023-07-21 07:16:21,090] {dag.py:2306} INFO - Setting next_dagrun for example_branch_datetime_operator_2 to 2023-07-19 00:00:00+00:00
[2023-07-21 07:16:21,104] {scheduler_job.py:190} INFO - Processing /home/airflow/.local/lib/python3.6/site-packages/airflow/example_dags/example_branch_datetime_operator.py took 0.122 seconds
[2023-07-21 07:16:51,726] {scheduler_job.py:182} INFO - Started process (PID=74245) to work on /home/airflow/.local/lib/python3.6/site-packages/airflow/example_dags/example_branch_datetime_operator.py
[2023-07-21 07:16:51,730] {scheduler_job.py:633} INFO - Processing file /home/airflow/.local/lib/python3.6/site-packages/airflow/example_dags/example_branch_datetime_operator.py for tasks to queue
[2023-07-21 07:16:51,732] {logging_mixin.py:104} INFO - [2023-07-21 07:16:51,732] {dagbag.py:496} INFO - Filling up the DagBag from /home/airflow/.local/lib/python3.6/site-packages/airflow/example_dags/example_branch_datetime_operator.py
[2023-07-21 07:16:51,759] {scheduler_job.py:643} INFO - DAG(s) dict_keys(['example_branch_datetime_operator_2']) retrieved from /home/airflow/.local/lib/python3.6/site-packages/airflow/example_dags/example_branch_datetime_operator.py
[2023-07-21 07:16:51,788] {logging_mixin.py:104} INFO - [2023-07-21 07:16:51,788] {dag.py:1833} INFO - Sync 1 DAGs
[2023-07-21 07:16:51,817] {logging_mixin.py:104} INFO - [2023-07-21 07:16:51,817] {dag.py:2306} INFO - Setting next_dagrun for example_branch_datetime_operator_2 to 2023-07-19 00:00:00+00:00
[2023-07-21 07:16:51,832] {scheduler_job.py:190} INFO - Processing /home/airflow/.local/lib/python3.6/site-packages/airflow/example_dags/example_branch_datetime_operator.py took 0.112 seconds
[2023-07-21 07:17:22,380] {scheduler_job.py:182} INFO - Started process (PID=74299) to work on /home/airflow/.local/lib/python3.6/site-packages/airflow/example_dags/example_branch_datetime_operator.py
[2023-07-21 07:17:22,388] {scheduler_job.py:633} INFO - Processing file /home/airflow/.local/lib/python3.6/site-packages/airflow/example_dags/example_branch_datetime_operator.py for tasks to queue
[2023-07-21 07:17:22,396] {logging_mixin.py:104} INFO - [2023-07-21 07:17:22,395] {dagbag.py:496} INFO - Filling up the DagBag from /home/airflow/.local/lib/python3.6/site-packages/airflow/example_dags/example_branch_datetime_operator.py
[2023-07-21 07:17:22,440] {scheduler_job.py:643} INFO - DAG(s) dict_keys(['example_branch_datetime_operator_2']) retrieved from /home/airflow/.local/lib/python3.6/site-packages/airflow/example_dags/example_branch_datetime_operator.py
[2023-07-21 07:17:22,497] {logging_mixin.py:104} INFO - [2023-07-21 07:17:22,497] {dag.py:1833} INFO - Sync 1 DAGs
[2023-07-21 07:17:22,526] {logging_mixin.py:104} INFO - [2023-07-21 07:17:22,525] {dag.py:2306} INFO - Setting next_dagrun for example_branch_datetime_operator_2 to 2023-07-19 00:00:00+00:00
[2023-07-21 07:17:22,550] {scheduler_job.py:190} INFO - Processing /home/airflow/.local/lib/python3.6/site-packages/airflow/example_dags/example_branch_datetime_operator.py took 0.186 seconds
[2023-07-21 07:17:53,555] {scheduler_job.py:182} INFO - Started process (PID=74348) to work on /home/airflow/.local/lib/python3.6/site-packages/airflow/example_dags/example_branch_datetime_operator.py
[2023-07-21 07:17:53,559] {scheduler_job.py:633} INFO - Processing file /home/airflow/.local/lib/python3.6/site-packages/airflow/example_dags/example_branch_datetime_operator.py for tasks to queue
[2023-07-21 07:17:53,562] {logging_mixin.py:104} INFO - [2023-07-21 07:17:53,561] {dagbag.py:496} INFO - Filling up the DagBag from /home/airflow/.local/lib/python3.6/site-packages/airflow/example_dags/example_branch_datetime_operator.py
[2023-07-21 07:17:53,582] {scheduler_job.py:643} INFO - DAG(s) dict_keys(['example_branch_datetime_operator_2']) retrieved from /home/airflow/.local/lib/python3.6/site-packages/airflow/example_dags/example_branch_datetime_operator.py
[2023-07-21 07:17:53,616] {logging_mixin.py:104} INFO - [2023-07-21 07:17:53,616] {dag.py:1833} INFO - Sync 1 DAGs
[2023-07-21 07:17:53,636] {logging_mixin.py:104} INFO - [2023-07-21 07:17:53,636] {dag.py:2306} INFO - Setting next_dagrun for example_branch_datetime_operator_2 to 2023-07-19 00:00:00+00:00
[2023-07-21 07:17:53,652] {scheduler_job.py:190} INFO - Processing /home/airflow/.local/lib/python3.6/site-packages/airflow/example_dags/example_branch_datetime_operator.py took 0.104 seconds
[2023-07-21 07:18:24,431] {scheduler_job.py:182} INFO - Started process (PID=74398) to work on /home/airflow/.local/lib/python3.6/site-packages/airflow/example_dags/example_branch_datetime_operator.py
[2023-07-21 07:18:24,436] {scheduler_job.py:633} INFO - Processing file /home/airflow/.local/lib/python3.6/site-packages/airflow/example_dags/example_branch_datetime_operator.py for tasks to queue
[2023-07-21 07:18:24,438] {logging_mixin.py:104} INFO - [2023-07-21 07:18:24,438] {dagbag.py:496} INFO - Filling up the DagBag from /home/airflow/.local/lib/python3.6/site-packages/airflow/example_dags/example_branch_datetime_operator.py
[2023-07-21 07:18:24,462] {scheduler_job.py:643} INFO - DAG(s) dict_keys(['example_branch_datetime_operator_2']) retrieved from /home/airflow/.local/lib/python3.6/site-packages/airflow/example_dags/example_branch_datetime_operator.py
[2023-07-21 07:18:24,502] {logging_mixin.py:104} INFO - [2023-07-21 07:18:24,502] {dag.py:1833} INFO - Sync 1 DAGs
[2023-07-21 07:18:24,529] {logging_mixin.py:104} INFO - [2023-07-21 07:18:24,529] {dag.py:2306} INFO - Setting next_dagrun for example_branch_datetime_operator_2 to 2023-07-19 00:00:00+00:00
[2023-07-21 07:18:24,550] {scheduler_job.py:190} INFO - Processing /home/airflow/.local/lib/python3.6/site-packages/airflow/example_dags/example_branch_datetime_operator.py took 0.125 seconds
[2023-07-21 07:18:55,347] {scheduler_job.py:182} INFO - Started process (PID=74460) to work on /home/airflow/.local/lib/python3.6/site-packages/airflow/example_dags/example_branch_datetime_operator.py
[2023-07-21 07:18:55,354] {scheduler_job.py:633} INFO - Processing file /home/airflow/.local/lib/python3.6/site-packages/airflow/example_dags/example_branch_datetime_operator.py for tasks to queue
[2023-07-21 07:18:55,356] {logging_mixin.py:104} INFO - [2023-07-21 07:18:55,356] {dagbag.py:496} INFO - Filling up the DagBag from /home/airflow/.local/lib/python3.6/site-packages/airflow/example_dags/example_branch_datetime_operator.py
[2023-07-21 07:18:55,399] {scheduler_job.py:643} INFO - DAG(s) dict_keys(['example_branch_datetime_operator_2']) retrieved from /home/airflow/.local/lib/python3.6/site-packages/airflow/example_dags/example_branch_datetime_operator.py
[2023-07-21 07:18:55,457] {logging_mixin.py:104} INFO - [2023-07-21 07:18:55,457] {dag.py:1833} INFO - Sync 1 DAGs
[2023-07-21 07:18:55,503] {logging_mixin.py:104} INFO - [2023-07-21 07:18:55,502] {dag.py:2306} INFO - Setting next_dagrun for example_branch_datetime_operator_2 to 2023-07-19 00:00:00+00:00
[2023-07-21 07:18:55,559] {scheduler_job.py:190} INFO - Processing /home/airflow/.local/lib/python3.6/site-packages/airflow/example_dags/example_branch_datetime_operator.py took 0.226 seconds
[2023-07-21 07:19:25,692] {scheduler_job.py:182} INFO - Started process (PID=74511) to work on /home/airflow/.local/lib/python3.6/site-packages/airflow/example_dags/example_branch_datetime_operator.py
[2023-07-21 07:19:25,696] {scheduler_job.py:633} INFO - Processing file /home/airflow/.local/lib/python3.6/site-packages/airflow/example_dags/example_branch_datetime_operator.py for tasks to queue
[2023-07-21 07:19:25,700] {logging_mixin.py:104} INFO - [2023-07-21 07:19:25,699] {dagbag.py:496} INFO - Filling up the DagBag from /home/airflow/.local/lib/python3.6/site-packages/airflow/example_dags/example_branch_datetime_operator.py
[2023-07-21 07:19:25,724] {scheduler_job.py:643} INFO - DAG(s) dict_keys(['example_branch_datetime_operator_2']) retrieved from /home/airflow/.local/lib/python3.6/site-packages/airflow/example_dags/example_branch_datetime_operator.py
[2023-07-21 07:19:25,767] {logging_mixin.py:104} INFO - [2023-07-21 07:19:25,766] {dag.py:1833} INFO - Sync 1 DAGs
[2023-07-21 07:19:25,790] {logging_mixin.py:104} INFO - [2023-07-21 07:19:25,789] {dag.py:2306} INFO - Setting next_dagrun for example_branch_datetime_operator_2 to 2023-07-19 00:00:00+00:00
[2023-07-21 07:19:25,817] {scheduler_job.py:190} INFO - Processing /home/airflow/.local/lib/python3.6/site-packages/airflow/example_dags/example_branch_datetime_operator.py took 0.133 seconds
[2023-07-21 07:19:56,490] {scheduler_job.py:182} INFO - Started process (PID=74561) to work on /home/airflow/.local/lib/python3.6/site-packages/airflow/example_dags/example_branch_datetime_operator.py
[2023-07-21 07:19:56,493] {scheduler_job.py:633} INFO - Processing file /home/airflow/.local/lib/python3.6/site-packages/airflow/example_dags/example_branch_datetime_operator.py for tasks to queue
[2023-07-21 07:19:56,496] {logging_mixin.py:104} INFO - [2023-07-21 07:19:56,495] {dagbag.py:496} INFO - Filling up the DagBag from /home/airflow/.local/lib/python3.6/site-packages/airflow/example_dags/example_branch_datetime_operator.py
[2023-07-21 07:19:56,515] {scheduler_job.py:643} INFO - DAG(s) dict_keys(['example_branch_datetime_operator_2']) retrieved from /home/airflow/.local/lib/python3.6/site-packages/airflow/example_dags/example_branch_datetime_operator.py
[2023-07-21 07:19:56,545] {logging_mixin.py:104} INFO - [2023-07-21 07:19:56,545] {dag.py:1833} INFO - Sync 1 DAGs
[2023-07-21 07:19:56,569] {logging_mixin.py:104} INFO - [2023-07-21 07:19:56,569] {dag.py:2306} INFO - Setting next_dagrun for example_branch_datetime_operator_2 to 2023-07-19 00:00:00+00:00
[2023-07-21 07:19:56,585] {scheduler_job.py:190} INFO - Processing /home/airflow/.local/lib/python3.6/site-packages/airflow/example_dags/example_branch_datetime_operator.py took 0.100 seconds
[2023-07-21 07:20:26,784] {scheduler_job.py:182} INFO - Started process (PID=74612) to work on /home/airflow/.local/lib/python3.6/site-packages/airflow/example_dags/example_branch_datetime_operator.py
[2023-07-21 07:20:26,787] {scheduler_job.py:633} INFO - Processing file /home/airflow/.local/lib/python3.6/site-packages/airflow/example_dags/example_branch_datetime_operator.py for tasks to queue
[2023-07-21 07:20:26,789] {logging_mixin.py:104} INFO - [2023-07-21 07:20:26,789] {dagbag.py:496} INFO - Filling up the DagBag from /home/airflow/.local/lib/python3.6/site-packages/airflow/example_dags/example_branch_datetime_operator.py
[2023-07-21 07:20:26,810] {scheduler_job.py:643} INFO - DAG(s) dict_keys(['example_branch_datetime_operator_2']) retrieved from /home/airflow/.local/lib/python3.6/site-packages/airflow/example_dags/example_branch_datetime_operator.py
[2023-07-21 07:20:26,839] {logging_mixin.py:104} INFO - [2023-07-21 07:20:26,839] {dag.py:1833} INFO - Sync 1 DAGs
[2023-07-21 07:20:26,865] {logging_mixin.py:104} INFO - [2023-07-21 07:20:26,864] {dag.py:2306} INFO - Setting next_dagrun for example_branch_datetime_operator_2 to 2023-07-19 00:00:00+00:00
[2023-07-21 07:20:26,881] {scheduler_job.py:190} INFO - Processing /home/airflow/.local/lib/python3.6/site-packages/airflow/example_dags/example_branch_datetime_operator.py took 0.103 seconds
[2023-07-21 07:20:57,089] {scheduler_job.py:182} INFO - Started process (PID=74672) to work on /home/airflow/.local/lib/python3.6/site-packages/airflow/example_dags/example_branch_datetime_operator.py
[2023-07-21 07:20:57,100] {scheduler_job.py:633} INFO - Processing file /home/airflow/.local/lib/python3.6/site-packages/airflow/example_dags/example_branch_datetime_operator.py for tasks to queue
[2023-07-21 07:20:57,105] {logging_mixin.py:104} INFO - [2023-07-21 07:20:57,105] {dagbag.py:496} INFO - Filling up the DagBag from /home/airflow/.local/lib/python3.6/site-packages/airflow/example_dags/example_branch_datetime_operator.py
[2023-07-21 07:20:57,186] {scheduler_job.py:643} INFO - DAG(s) dict_keys(['example_branch_datetime_operator_2']) retrieved from /home/airflow/.local/lib/python3.6/site-packages/airflow/example_dags/example_branch_datetime_operator.py
[2023-07-21 07:20:57,235] {logging_mixin.py:104} INFO - [2023-07-21 07:20:57,235] {dag.py:1833} INFO - Sync 1 DAGs
[2023-07-21 07:20:57,277] {logging_mixin.py:104} INFO - [2023-07-21 07:20:57,277] {dag.py:2306} INFO - Setting next_dagrun for example_branch_datetime_operator_2 to 2023-07-19 00:00:00+00:00
[2023-07-21 07:20:57,303] {scheduler_job.py:190} INFO - Processing /home/airflow/.local/lib/python3.6/site-packages/airflow/example_dags/example_branch_datetime_operator.py took 0.219 seconds
[2023-07-21 07:21:27,711] {scheduler_job.py:182} INFO - Started process (PID=74723) to work on /home/airflow/.local/lib/python3.6/site-packages/airflow/example_dags/example_branch_datetime_operator.py
[2023-07-21 07:21:27,715] {scheduler_job.py:633} INFO - Processing file /home/airflow/.local/lib/python3.6/site-packages/airflow/example_dags/example_branch_datetime_operator.py for tasks to queue
[2023-07-21 07:21:27,719] {logging_mixin.py:104} INFO - [2023-07-21 07:21:27,719] {dagbag.py:496} INFO - Filling up the DagBag from /home/airflow/.local/lib/python3.6/site-packages/airflow/example_dags/example_branch_datetime_operator.py
[2023-07-21 07:21:27,775] {scheduler_job.py:643} INFO - DAG(s) dict_keys(['example_branch_datetime_operator_2']) retrieved from /home/airflow/.local/lib/python3.6/site-packages/airflow/example_dags/example_branch_datetime_operator.py
[2023-07-21 07:21:27,849] {logging_mixin.py:104} INFO - [2023-07-21 07:21:27,849] {dag.py:1833} INFO - Sync 1 DAGs
[2023-07-21 07:21:27,975] {logging_mixin.py:104} INFO - [2023-07-21 07:21:27,974] {dag.py:2306} INFO - Setting next_dagrun for example_branch_datetime_operator_2 to 2023-07-19 00:00:00+00:00
[2023-07-21 07:21:28,008] {scheduler_job.py:190} INFO - Processing /home/airflow/.local/lib/python3.6/site-packages/airflow/example_dags/example_branch_datetime_operator.py took 0.304 seconds
[2023-07-21 07:21:58,792] {scheduler_job.py:182} INFO - Started process (PID=74774) to work on /home/airflow/.local/lib/python3.6/site-packages/airflow/example_dags/example_branch_datetime_operator.py
[2023-07-21 07:21:58,803] {scheduler_job.py:633} INFO - Processing file /home/airflow/.local/lib/python3.6/site-packages/airflow/example_dags/example_branch_datetime_operator.py for tasks to queue
[2023-07-21 07:21:58,811] {logging_mixin.py:104} INFO - [2023-07-21 07:21:58,811] {dagbag.py:496} INFO - Filling up the DagBag from /home/airflow/.local/lib/python3.6/site-packages/airflow/example_dags/example_branch_datetime_operator.py
[2023-07-21 07:21:58,855] {scheduler_job.py:643} INFO - DAG(s) dict_keys(['example_branch_datetime_operator_2']) retrieved from /home/airflow/.local/lib/python3.6/site-packages/airflow/example_dags/example_branch_datetime_operator.py
[2023-07-21 07:21:58,891] {logging_mixin.py:104} INFO - [2023-07-21 07:21:58,891] {dag.py:1833} INFO - Sync 1 DAGs
[2023-07-21 07:21:58,912] {logging_mixin.py:104} INFO - [2023-07-21 07:21:58,912] {dag.py:2306} INFO - Setting next_dagrun for example_branch_datetime_operator_2 to 2023-07-19 00:00:00+00:00
[2023-07-21 07:21:58,928] {scheduler_job.py:190} INFO - Processing /home/airflow/.local/lib/python3.6/site-packages/airflow/example_dags/example_branch_datetime_operator.py took 0.152 seconds
[2023-07-21 07:22:29,662] {scheduler_job.py:182} INFO - Started process (PID=74825) to work on /home/airflow/.local/lib/python3.6/site-packages/airflow/example_dags/example_branch_datetime_operator.py
[2023-07-21 07:22:29,664] {scheduler_job.py:633} INFO - Processing file /home/airflow/.local/lib/python3.6/site-packages/airflow/example_dags/example_branch_datetime_operator.py for tasks to queue
[2023-07-21 07:22:29,666] {logging_mixin.py:104} INFO - [2023-07-21 07:22:29,665] {dagbag.py:496} INFO - Filling up the DagBag from /home/airflow/.local/lib/python3.6/site-packages/airflow/example_dags/example_branch_datetime_operator.py
[2023-07-21 07:22:29,690] {scheduler_job.py:643} INFO - DAG(s) dict_keys(['example_branch_datetime_operator_2']) retrieved from /home/airflow/.local/lib/python3.6/site-packages/airflow/example_dags/example_branch_datetime_operator.py
[2023-07-21 07:22:29,728] {logging_mixin.py:104} INFO - [2023-07-21 07:22:29,728] {dag.py:1833} INFO - Sync 1 DAGs
[2023-07-21 07:22:29,755] {logging_mixin.py:104} INFO - [2023-07-21 07:22:29,754] {dag.py:2306} INFO - Setting next_dagrun for example_branch_datetime_operator_2 to 2023-07-19 00:00:00+00:00
[2023-07-21 07:22:29,773] {scheduler_job.py:190} INFO - Processing /home/airflow/.local/lib/python3.6/site-packages/airflow/example_dags/example_branch_datetime_operator.py took 0.117 seconds
[2023-07-21 07:23:00,408] {scheduler_job.py:182} INFO - Started process (PID=74885) to work on /home/airflow/.local/lib/python3.6/site-packages/airflow/example_dags/example_branch_datetime_operator.py
[2023-07-21 07:23:00,423] {scheduler_job.py:633} INFO - Processing file /home/airflow/.local/lib/python3.6/site-packages/airflow/example_dags/example_branch_datetime_operator.py for tasks to queue
[2023-07-21 07:23:00,426] {logging_mixin.py:104} INFO - [2023-07-21 07:23:00,424] {dagbag.py:496} INFO - Filling up the DagBag from /home/airflow/.local/lib/python3.6/site-packages/airflow/example_dags/example_branch_datetime_operator.py
[2023-07-21 07:23:00,471] {scheduler_job.py:643} INFO - DAG(s) dict_keys(['example_branch_datetime_operator_2']) retrieved from /home/airflow/.local/lib/python3.6/site-packages/airflow/example_dags/example_branch_datetime_operator.py
[2023-07-21 07:23:00,527] {logging_mixin.py:104} INFO - [2023-07-21 07:23:00,527] {dag.py:1833} INFO - Sync 1 DAGs
[2023-07-21 07:23:00,642] {logging_mixin.py:104} INFO - [2023-07-21 07:23:00,642] {dag.py:2306} INFO - Setting next_dagrun for example_branch_datetime_operator_2 to 2023-07-19 00:00:00+00:00
[2023-07-21 07:23:00,678] {scheduler_job.py:190} INFO - Processing /home/airflow/.local/lib/python3.6/site-packages/airflow/example_dags/example_branch_datetime_operator.py took 0.279 seconds
[2023-07-21 07:23:31,782] {scheduler_job.py:182} INFO - Started process (PID=74936) to work on /home/airflow/.local/lib/python3.6/site-packages/airflow/example_dags/example_branch_datetime_operator.py
[2023-07-21 07:23:31,787] {scheduler_job.py:633} INFO - Processing file /home/airflow/.local/lib/python3.6/site-packages/airflow/example_dags/example_branch_datetime_operator.py for tasks to queue
[2023-07-21 07:23:31,789] {logging_mixin.py:104} INFO - [2023-07-21 07:23:31,789] {dagbag.py:496} INFO - Filling up the DagBag from /home/airflow/.local/lib/python3.6/site-packages/airflow/example_dags/example_branch_datetime_operator.py
[2023-07-21 07:23:31,815] {scheduler_job.py:643} INFO - DAG(s) dict_keys(['example_branch_datetime_operator_2']) retrieved from /home/airflow/.local/lib/python3.6/site-packages/airflow/example_dags/example_branch_datetime_operator.py
[2023-07-21 07:23:31,858] {logging_mixin.py:104} INFO - [2023-07-21 07:23:31,857] {dag.py:1833} INFO - Sync 1 DAGs
[2023-07-21 07:23:31,918] {logging_mixin.py:104} INFO - [2023-07-21 07:23:31,917] {dag.py:2306} INFO - Setting next_dagrun for example_branch_datetime_operator_2 to 2023-07-19 00:00:00+00:00
[2023-07-21 07:23:31,974] {scheduler_job.py:190} INFO - Processing /home/airflow/.local/lib/python3.6/site-packages/airflow/example_dags/example_branch_datetime_operator.py took 0.233 seconds
[2023-07-21 07:24:02,997] {scheduler_job.py:182} INFO - Started process (PID=74988) to work on /home/airflow/.local/lib/python3.6/site-packages/airflow/example_dags/example_branch_datetime_operator.py
[2023-07-21 07:24:03,002] {scheduler_job.py:633} INFO - Processing file /home/airflow/.local/lib/python3.6/site-packages/airflow/example_dags/example_branch_datetime_operator.py for tasks to queue
[2023-07-21 07:24:03,019] {logging_mixin.py:104} INFO - [2023-07-21 07:24:03,018] {dagbag.py:496} INFO - Filling up the DagBag from /home/airflow/.local/lib/python3.6/site-packages/airflow/example_dags/example_branch_datetime_operator.py
[2023-07-21 07:24:03,152] {scheduler_job.py:643} INFO - DAG(s) dict_keys(['example_branch_datetime_operator_2']) retrieved from /home/airflow/.local/lib/python3.6/site-packages/airflow/example_dags/example_branch_datetime_operator.py
[2023-07-21 07:24:03,185] {logging_mixin.py:104} INFO - [2023-07-21 07:24:03,185] {dag.py:1833} INFO - Sync 1 DAGs
[2023-07-21 07:24:03,206] {logging_mixin.py:104} INFO - [2023-07-21 07:24:03,206] {dag.py:2306} INFO - Setting next_dagrun for example_branch_datetime_operator_2 to 2023-07-19 00:00:00+00:00
[2023-07-21 07:24:03,259] {scheduler_job.py:190} INFO - Processing /home/airflow/.local/lib/python3.6/site-packages/airflow/example_dags/example_branch_datetime_operator.py took 0.285 seconds
[2023-07-21 07:24:33,425] {scheduler_job.py:182} INFO - Started process (PID=75047) to work on /home/airflow/.local/lib/python3.6/site-packages/airflow/example_dags/example_branch_datetime_operator.py
[2023-07-21 07:24:33,429] {scheduler_job.py:633} INFO - Processing file /home/airflow/.local/lib/python3.6/site-packages/airflow/example_dags/example_branch_datetime_operator.py for tasks to queue
[2023-07-21 07:24:33,431] {logging_mixin.py:104} INFO - [2023-07-21 07:24:33,430] {dagbag.py:496} INFO - Filling up the DagBag from /home/airflow/.local/lib/python3.6/site-packages/airflow/example_dags/example_branch_datetime_operator.py
[2023-07-21 07:24:33,462] {scheduler_job.py:643} INFO - DAG(s) dict_keys(['example_branch_datetime_operator_2']) retrieved from /home/airflow/.local/lib/python3.6/site-packages/airflow/example_dags/example_branch_datetime_operator.py
[2023-07-21 07:24:33,525] {logging_mixin.py:104} INFO - [2023-07-21 07:24:33,525] {dag.py:1833} INFO - Sync 1 DAGs
[2023-07-21 07:24:33,552] {logging_mixin.py:104} INFO - [2023-07-21 07:24:33,552] {dag.py:2306} INFO - Setting next_dagrun for example_branch_datetime_operator_2 to 2023-07-19 00:00:00+00:00
[2023-07-21 07:24:33,576] {scheduler_job.py:190} INFO - Processing /home/airflow/.local/lib/python3.6/site-packages/airflow/example_dags/example_branch_datetime_operator.py took 0.157 seconds
[2023-07-21 07:25:03,839] {scheduler_job.py:182} INFO - Started process (PID=75096) to work on /home/airflow/.local/lib/python3.6/site-packages/airflow/example_dags/example_branch_datetime_operator.py
[2023-07-21 07:25:03,855] {scheduler_job.py:633} INFO - Processing file /home/airflow/.local/lib/python3.6/site-packages/airflow/example_dags/example_branch_datetime_operator.py for tasks to queue
[2023-07-21 07:25:03,868] {logging_mixin.py:104} INFO - [2023-07-21 07:25:03,867] {dagbag.py:496} INFO - Filling up the DagBag from /home/airflow/.local/lib/python3.6/site-packages/airflow/example_dags/example_branch_datetime_operator.py
[2023-07-21 07:25:03,915] {scheduler_job.py:643} INFO - DAG(s) dict_keys(['example_branch_datetime_operator_2']) retrieved from /home/airflow/.local/lib/python3.6/site-packages/airflow/example_dags/example_branch_datetime_operator.py
[2023-07-21 07:25:03,972] {logging_mixin.py:104} INFO - [2023-07-21 07:25:03,972] {dag.py:1833} INFO - Sync 1 DAGs
[2023-07-21 07:25:04,008] {logging_mixin.py:104} INFO - [2023-07-21 07:25:04,008] {dag.py:2306} INFO - Setting next_dagrun for example_branch_datetime_operator_2 to 2023-07-19 00:00:00+00:00
[2023-07-21 07:25:04,040] {scheduler_job.py:190} INFO - Processing /home/airflow/.local/lib/python3.6/site-packages/airflow/example_dags/example_branch_datetime_operator.py took 0.222 seconds
[2023-07-21 07:25:34,429] {scheduler_job.py:182} INFO - Started process (PID=75147) to work on /home/airflow/.local/lib/python3.6/site-packages/airflow/example_dags/example_branch_datetime_operator.py
[2023-07-21 07:25:34,432] {scheduler_job.py:633} INFO - Processing file /home/airflow/.local/lib/python3.6/site-packages/airflow/example_dags/example_branch_datetime_operator.py for tasks to queue
[2023-07-21 07:25:34,434] {logging_mixin.py:104} INFO - [2023-07-21 07:25:34,434] {dagbag.py:496} INFO - Filling up the DagBag from /home/airflow/.local/lib/python3.6/site-packages/airflow/example_dags/example_branch_datetime_operator.py
[2023-07-21 07:25:34,454] {scheduler_job.py:643} INFO - DAG(s) dict_keys(['example_branch_datetime_operator_2']) retrieved from /home/airflow/.local/lib/python3.6/site-packages/airflow/example_dags/example_branch_datetime_operator.py
[2023-07-21 07:25:34,486] {logging_mixin.py:104} INFO - [2023-07-21 07:25:34,486] {dag.py:1833} INFO - Sync 1 DAGs
[2023-07-21 07:25:34,507] {logging_mixin.py:104} INFO - [2023-07-21 07:25:34,507] {dag.py:2306} INFO - Setting next_dagrun for example_branch_datetime_operator_2 to 2023-07-19 00:00:00+00:00
[2023-07-21 07:25:34,524] {scheduler_job.py:190} INFO - Processing /home/airflow/.local/lib/python3.6/site-packages/airflow/example_dags/example_branch_datetime_operator.py took 0.100 seconds
[2023-07-21 07:26:04,621] {scheduler_job.py:182} INFO - Started process (PID=75198) to work on /home/airflow/.local/lib/python3.6/site-packages/airflow/example_dags/example_branch_datetime_operator.py
[2023-07-21 07:26:04,629] {scheduler_job.py:633} INFO - Processing file /home/airflow/.local/lib/python3.6/site-packages/airflow/example_dags/example_branch_datetime_operator.py for tasks to queue
[2023-07-21 07:26:04,632] {logging_mixin.py:104} INFO - [2023-07-21 07:26:04,632] {dagbag.py:496} INFO - Filling up the DagBag from /home/airflow/.local/lib/python3.6/site-packages/airflow/example_dags/example_branch_datetime_operator.py
[2023-07-21 07:26:04,665] {scheduler_job.py:643} INFO - DAG(s) dict_keys(['example_branch_datetime_operator_2']) retrieved from /home/airflow/.local/lib/python3.6/site-packages/airflow/example_dags/example_branch_datetime_operator.py
[2023-07-21 07:26:04,731] {logging_mixin.py:104} INFO - [2023-07-21 07:26:04,731] {dag.py:1833} INFO - Sync 1 DAGs
[2023-07-21 07:26:04,771] {logging_mixin.py:104} INFO - [2023-07-21 07:26:04,771] {dag.py:2306} INFO - Setting next_dagrun for example_branch_datetime_operator_2 to 2023-07-19 00:00:00+00:00
[2023-07-21 07:26:04,795] {scheduler_job.py:190} INFO - Processing /home/airflow/.local/lib/python3.6/site-packages/airflow/example_dags/example_branch_datetime_operator.py took 0.182 seconds
[2023-07-21 07:26:35,625] {scheduler_job.py:182} INFO - Started process (PID=75249) to work on /home/airflow/.local/lib/python3.6/site-packages/airflow/example_dags/example_branch_datetime_operator.py
[2023-07-21 07:26:35,632] {scheduler_job.py:633} INFO - Processing file /home/airflow/.local/lib/python3.6/site-packages/airflow/example_dags/example_branch_datetime_operator.py for tasks to queue
[2023-07-21 07:26:35,642] {logging_mixin.py:104} INFO - [2023-07-21 07:26:35,641] {dagbag.py:496} INFO - Filling up the DagBag from /home/airflow/.local/lib/python3.6/site-packages/airflow/example_dags/example_branch_datetime_operator.py
[2023-07-21 07:26:35,679] {scheduler_job.py:643} INFO - DAG(s) dict_keys(['example_branch_datetime_operator_2']) retrieved from /home/airflow/.local/lib/python3.6/site-packages/airflow/example_dags/example_branch_datetime_operator.py
[2023-07-21 07:26:35,735] {logging_mixin.py:104} INFO - [2023-07-21 07:26:35,734] {dag.py:1833} INFO - Sync 1 DAGs
[2023-07-21 07:26:35,775] {logging_mixin.py:104} INFO - [2023-07-21 07:26:35,775] {dag.py:2306} INFO - Setting next_dagrun for example_branch_datetime_operator_2 to 2023-07-19 00:00:00+00:00
[2023-07-21 07:26:35,812] {scheduler_job.py:190} INFO - Processing /home/airflow/.local/lib/python3.6/site-packages/airflow/example_dags/example_branch_datetime_operator.py took 0.206 seconds
[2023-07-21 07:27:06,563] {scheduler_job.py:182} INFO - Started process (PID=75309) to work on /home/airflow/.local/lib/python3.6/site-packages/airflow/example_dags/example_branch_datetime_operator.py
[2023-07-21 07:27:06,566] {scheduler_job.py:633} INFO - Processing file /home/airflow/.local/lib/python3.6/site-packages/airflow/example_dags/example_branch_datetime_operator.py for tasks to queue
[2023-07-21 07:27:06,568] {logging_mixin.py:104} INFO - [2023-07-21 07:27:06,568] {dagbag.py:496} INFO - Filling up the DagBag from /home/airflow/.local/lib/python3.6/site-packages/airflow/example_dags/example_branch_datetime_operator.py
[2023-07-21 07:27:06,605] {scheduler_job.py:643} INFO - DAG(s) dict_keys(['example_branch_datetime_operator_2']) retrieved from /home/airflow/.local/lib/python3.6/site-packages/airflow/example_dags/example_branch_datetime_operator.py
[2023-07-21 07:27:06,645] {logging_mixin.py:104} INFO - [2023-07-21 07:27:06,645] {dag.py:1833} INFO - Sync 1 DAGs
[2023-07-21 07:27:06,670] {logging_mixin.py:104} INFO - [2023-07-21 07:27:06,670] {dag.py:2306} INFO - Setting next_dagrun for example_branch_datetime_operator_2 to 2023-07-19 00:00:00+00:00
[2023-07-21 07:27:06,703] {scheduler_job.py:190} INFO - Processing /home/airflow/.local/lib/python3.6/site-packages/airflow/example_dags/example_branch_datetime_operator.py took 0.147 seconds
[2023-07-21 07:27:37,346] {scheduler_job.py:182} INFO - Started process (PID=75360) to work on /home/airflow/.local/lib/python3.6/site-packages/airflow/example_dags/example_branch_datetime_operator.py
[2023-07-21 07:27:37,348] {scheduler_job.py:633} INFO - Processing file /home/airflow/.local/lib/python3.6/site-packages/airflow/example_dags/example_branch_datetime_operator.py for tasks to queue
[2023-07-21 07:27:37,350] {logging_mixin.py:104} INFO - [2023-07-21 07:27:37,350] {dagbag.py:496} INFO - Filling up the DagBag from /home/airflow/.local/lib/python3.6/site-packages/airflow/example_dags/example_branch_datetime_operator.py
[2023-07-21 07:27:37,370] {scheduler_job.py:643} INFO - DAG(s) dict_keys(['example_branch_datetime_operator_2']) retrieved from /home/airflow/.local/lib/python3.6/site-packages/airflow/example_dags/example_branch_datetime_operator.py
[2023-07-21 07:27:37,399] {logging_mixin.py:104} INFO - [2023-07-21 07:27:37,399] {dag.py:1833} INFO - Sync 1 DAGs
[2023-07-21 07:27:37,421] {logging_mixin.py:104} INFO - [2023-07-21 07:27:37,421] {dag.py:2306} INFO - Setting next_dagrun for example_branch_datetime_operator_2 to 2023-07-19 00:00:00+00:00
[2023-07-21 07:27:37,449] {scheduler_job.py:190} INFO - Processing /home/airflow/.local/lib/python3.6/site-packages/airflow/example_dags/example_branch_datetime_operator.py took 0.108 seconds
