[2023-07-21 07:13:58,850] {scheduler_job.py:182} INFO - Started process (PID=73944) to work on /home/airflow/.local/lib/python3.6/site-packages/airflow/example_dags/example_external_task_marker_dag.py
[2023-07-21 07:13:58,855] {scheduler_job.py:633} INFO - Processing file /home/airflow/.local/lib/python3.6/site-packages/airflow/example_dags/example_external_task_marker_dag.py for tasks to queue
[2023-07-21 07:13:58,868] {logging_mixin.py:104} INFO - [2023-07-21 07:13:58,866] {dagbag.py:496} INFO - Filling up the DagBag from /home/airflow/.local/lib/python3.6/site-packages/airflow/example_dags/example_external_task_marker_dag.py
[2023-07-21 07:13:58,952] {scheduler_job.py:643} INFO - DAG(s) dict_keys(['example_external_task_marker_parent', 'example_external_task_marker_child']) retrieved from /home/airflow/.local/lib/python3.6/site-packages/airflow/example_dags/example_external_task_marker_dag.py
[2023-07-21 07:13:59,092] {logging_mixin.py:104} INFO - [2023-07-21 07:13:59,092] {dag.py:1833} INFO - Sync 2 DAGs
[2023-07-21 07:13:59,188] {logging_mixin.py:104} INFO - [2023-07-21 07:13:59,188] {dag.py:2306} INFO - Setting next_dagrun for example_external_task_marker_child to None
[2023-07-21 07:13:59,193] {logging_mixin.py:104} INFO - [2023-07-21 07:13:59,193] {dag.py:2306} INFO - Setting next_dagrun for example_external_task_marker_parent to None
[2023-07-21 07:13:59,275] {scheduler_job.py:190} INFO - Processing /home/airflow/.local/lib/python3.6/site-packages/airflow/example_dags/example_external_task_marker_dag.py took 0.445 seconds
[2023-07-21 07:14:29,400] {scheduler_job.py:182} INFO - Started process (PID=73992) to work on /home/airflow/.local/lib/python3.6/site-packages/airflow/example_dags/example_external_task_marker_dag.py
[2023-07-21 07:14:29,403] {scheduler_job.py:633} INFO - Processing file /home/airflow/.local/lib/python3.6/site-packages/airflow/example_dags/example_external_task_marker_dag.py for tasks to queue
[2023-07-21 07:14:29,406] {logging_mixin.py:104} INFO - [2023-07-21 07:14:29,405] {dagbag.py:496} INFO - Filling up the DagBag from /home/airflow/.local/lib/python3.6/site-packages/airflow/example_dags/example_external_task_marker_dag.py
[2023-07-21 07:14:29,432] {scheduler_job.py:643} INFO - DAG(s) dict_keys(['example_external_task_marker_parent', 'example_external_task_marker_child']) retrieved from /home/airflow/.local/lib/python3.6/site-packages/airflow/example_dags/example_external_task_marker_dag.py
[2023-07-21 07:14:29,472] {logging_mixin.py:104} INFO - [2023-07-21 07:14:29,471] {dag.py:1833} INFO - Sync 2 DAGs
[2023-07-21 07:14:29,491] {logging_mixin.py:104} INFO - [2023-07-21 07:14:29,491] {dag.py:2306} INFO - Setting next_dagrun for example_external_task_marker_child to None
[2023-07-21 07:14:29,494] {logging_mixin.py:104} INFO - [2023-07-21 07:14:29,493] {dag.py:2306} INFO - Setting next_dagrun for example_external_task_marker_parent to None
[2023-07-21 07:14:29,513] {scheduler_job.py:190} INFO - Processing /home/airflow/.local/lib/python3.6/site-packages/airflow/example_dags/example_external_task_marker_dag.py took 0.119 seconds
[2023-07-21 07:14:59,628] {scheduler_job.py:182} INFO - Started process (PID=74041) to work on /home/airflow/.local/lib/python3.6/site-packages/airflow/example_dags/example_external_task_marker_dag.py
[2023-07-21 07:14:59,632] {scheduler_job.py:633} INFO - Processing file /home/airflow/.local/lib/python3.6/site-packages/airflow/example_dags/example_external_task_marker_dag.py for tasks to queue
[2023-07-21 07:14:59,635] {logging_mixin.py:104} INFO - [2023-07-21 07:14:59,634] {dagbag.py:496} INFO - Filling up the DagBag from /home/airflow/.local/lib/python3.6/site-packages/airflow/example_dags/example_external_task_marker_dag.py
[2023-07-21 07:14:59,659] {scheduler_job.py:643} INFO - DAG(s) dict_keys(['example_external_task_marker_parent', 'example_external_task_marker_child']) retrieved from /home/airflow/.local/lib/python3.6/site-packages/airflow/example_dags/example_external_task_marker_dag.py
[2023-07-21 07:14:59,699] {logging_mixin.py:104} INFO - [2023-07-21 07:14:59,699] {dag.py:1833} INFO - Sync 2 DAGs
[2023-07-21 07:14:59,722] {logging_mixin.py:104} INFO - [2023-07-21 07:14:59,722] {dag.py:2306} INFO - Setting next_dagrun for example_external_task_marker_child to None
[2023-07-21 07:14:59,724] {logging_mixin.py:104} INFO - [2023-07-21 07:14:59,724] {dag.py:2306} INFO - Setting next_dagrun for example_external_task_marker_parent to None
[2023-07-21 07:14:59,740] {scheduler_job.py:190} INFO - Processing /home/airflow/.local/lib/python3.6/site-packages/airflow/example_dags/example_external_task_marker_dag.py took 0.117 seconds
[2023-07-21 07:15:29,985] {scheduler_job.py:182} INFO - Started process (PID=74092) to work on /home/airflow/.local/lib/python3.6/site-packages/airflow/example_dags/example_external_task_marker_dag.py
[2023-07-21 07:15:29,989] {scheduler_job.py:633} INFO - Processing file /home/airflow/.local/lib/python3.6/site-packages/airflow/example_dags/example_external_task_marker_dag.py for tasks to queue
[2023-07-21 07:15:29,991] {logging_mixin.py:104} INFO - [2023-07-21 07:15:29,991] {dagbag.py:496} INFO - Filling up the DagBag from /home/airflow/.local/lib/python3.6/site-packages/airflow/example_dags/example_external_task_marker_dag.py
[2023-07-21 07:15:30,026] {scheduler_job.py:643} INFO - DAG(s) dict_keys(['example_external_task_marker_parent', 'example_external_task_marker_child']) retrieved from /home/airflow/.local/lib/python3.6/site-packages/airflow/example_dags/example_external_task_marker_dag.py
[2023-07-21 07:15:30,374] {logging_mixin.py:104} INFO - [2023-07-21 07:15:30,374] {dag.py:1833} INFO - Sync 2 DAGs
[2023-07-21 07:15:30,392] {logging_mixin.py:104} INFO - [2023-07-21 07:15:30,391] {dag.py:2306} INFO - Setting next_dagrun for example_external_task_marker_child to None
[2023-07-21 07:15:30,394] {logging_mixin.py:104} INFO - [2023-07-21 07:15:30,394] {dag.py:2306} INFO - Setting next_dagrun for example_external_task_marker_parent to None
[2023-07-21 07:15:30,425] {scheduler_job.py:190} INFO - Processing /home/airflow/.local/lib/python3.6/site-packages/airflow/example_dags/example_external_task_marker_dag.py took 0.446 seconds
[2023-07-21 07:16:00,681] {scheduler_job.py:182} INFO - Started process (PID=74151) to work on /home/airflow/.local/lib/python3.6/site-packages/airflow/example_dags/example_external_task_marker_dag.py
[2023-07-21 07:16:00,685] {scheduler_job.py:633} INFO - Processing file /home/airflow/.local/lib/python3.6/site-packages/airflow/example_dags/example_external_task_marker_dag.py for tasks to queue
[2023-07-21 07:16:00,690] {logging_mixin.py:104} INFO - [2023-07-21 07:16:00,689] {dagbag.py:496} INFO - Filling up the DagBag from /home/airflow/.local/lib/python3.6/site-packages/airflow/example_dags/example_external_task_marker_dag.py
[2023-07-21 07:16:00,726] {scheduler_job.py:643} INFO - DAG(s) dict_keys(['example_external_task_marker_parent', 'example_external_task_marker_child']) retrieved from /home/airflow/.local/lib/python3.6/site-packages/airflow/example_dags/example_external_task_marker_dag.py
[2023-07-21 07:16:01,020] {logging_mixin.py:104} INFO - [2023-07-21 07:16:01,020] {dag.py:1833} INFO - Sync 2 DAGs
[2023-07-21 07:16:01,035] {logging_mixin.py:104} INFO - [2023-07-21 07:16:01,035] {dag.py:2306} INFO - Setting next_dagrun for example_external_task_marker_child to None
[2023-07-21 07:16:01,037] {logging_mixin.py:104} INFO - [2023-07-21 07:16:01,037] {dag.py:2306} INFO - Setting next_dagrun for example_external_task_marker_parent to None
[2023-07-21 07:16:01,055] {scheduler_job.py:190} INFO - Processing /home/airflow/.local/lib/python3.6/site-packages/airflow/example_dags/example_external_task_marker_dag.py took 0.385 seconds
[2023-07-21 07:16:31,922] {scheduler_job.py:182} INFO - Started process (PID=74205) to work on /home/airflow/.local/lib/python3.6/site-packages/airflow/example_dags/example_external_task_marker_dag.py
[2023-07-21 07:16:31,925] {scheduler_job.py:633} INFO - Processing file /home/airflow/.local/lib/python3.6/site-packages/airflow/example_dags/example_external_task_marker_dag.py for tasks to queue
[2023-07-21 07:16:31,928] {logging_mixin.py:104} INFO - [2023-07-21 07:16:31,927] {dagbag.py:496} INFO - Filling up the DagBag from /home/airflow/.local/lib/python3.6/site-packages/airflow/example_dags/example_external_task_marker_dag.py
[2023-07-21 07:16:31,947] {scheduler_job.py:643} INFO - DAG(s) dict_keys(['example_external_task_marker_parent', 'example_external_task_marker_child']) retrieved from /home/airflow/.local/lib/python3.6/site-packages/airflow/example_dags/example_external_task_marker_dag.py
[2023-07-21 07:16:32,275] {logging_mixin.py:104} INFO - [2023-07-21 07:16:32,275] {dag.py:1833} INFO - Sync 2 DAGs
[2023-07-21 07:16:32,297] {logging_mixin.py:104} INFO - [2023-07-21 07:16:32,296] {dag.py:2306} INFO - Setting next_dagrun for example_external_task_marker_child to None
[2023-07-21 07:16:32,300] {logging_mixin.py:104} INFO - [2023-07-21 07:16:32,300] {dag.py:2306} INFO - Setting next_dagrun for example_external_task_marker_parent to None
[2023-07-21 07:16:32,320] {scheduler_job.py:190} INFO - Processing /home/airflow/.local/lib/python3.6/site-packages/airflow/example_dags/example_external_task_marker_dag.py took 0.405 seconds
[2023-07-21 07:17:02,640] {scheduler_job.py:182} INFO - Started process (PID=74258) to work on /home/airflow/.local/lib/python3.6/site-packages/airflow/example_dags/example_external_task_marker_dag.py
[2023-07-21 07:17:02,652] {scheduler_job.py:633} INFO - Processing file /home/airflow/.local/lib/python3.6/site-packages/airflow/example_dags/example_external_task_marker_dag.py for tasks to queue
[2023-07-21 07:17:02,662] {logging_mixin.py:104} INFO - [2023-07-21 07:17:02,661] {dagbag.py:496} INFO - Filling up the DagBag from /home/airflow/.local/lib/python3.6/site-packages/airflow/example_dags/example_external_task_marker_dag.py
[2023-07-21 07:17:02,696] {scheduler_job.py:643} INFO - DAG(s) dict_keys(['example_external_task_marker_parent', 'example_external_task_marker_child']) retrieved from /home/airflow/.local/lib/python3.6/site-packages/airflow/example_dags/example_external_task_marker_dag.py
[2023-07-21 07:17:03,170] {logging_mixin.py:104} INFO - [2023-07-21 07:17:03,169] {dag.py:1833} INFO - Sync 2 DAGs
[2023-07-21 07:17:03,187] {logging_mixin.py:104} INFO - [2023-07-21 07:17:03,187] {dag.py:2306} INFO - Setting next_dagrun for example_external_task_marker_child to None
[2023-07-21 07:17:03,189] {logging_mixin.py:104} INFO - [2023-07-21 07:17:03,189] {dag.py:2306} INFO - Setting next_dagrun for example_external_task_marker_parent to None
[2023-07-21 07:17:03,210] {scheduler_job.py:190} INFO - Processing /home/airflow/.local/lib/python3.6/site-packages/airflow/example_dags/example_external_task_marker_dag.py took 0.576 seconds
[2023-07-21 07:17:33,555] {scheduler_job.py:182} INFO - Started process (PID=74317) to work on /home/airflow/.local/lib/python3.6/site-packages/airflow/example_dags/example_external_task_marker_dag.py
[2023-07-21 07:17:33,561] {scheduler_job.py:633} INFO - Processing file /home/airflow/.local/lib/python3.6/site-packages/airflow/example_dags/example_external_task_marker_dag.py for tasks to queue
[2023-07-21 07:17:33,565] {logging_mixin.py:104} INFO - [2023-07-21 07:17:33,564] {dagbag.py:496} INFO - Filling up the DagBag from /home/airflow/.local/lib/python3.6/site-packages/airflow/example_dags/example_external_task_marker_dag.py
[2023-07-21 07:17:33,641] {scheduler_job.py:643} INFO - DAG(s) dict_keys(['example_external_task_marker_parent', 'example_external_task_marker_child']) retrieved from /home/airflow/.local/lib/python3.6/site-packages/airflow/example_dags/example_external_task_marker_dag.py
[2023-07-21 07:17:33,745] {logging_mixin.py:104} INFO - [2023-07-21 07:17:33,745] {dag.py:1833} INFO - Sync 2 DAGs
[2023-07-21 07:17:33,806] {logging_mixin.py:104} INFO - [2023-07-21 07:17:33,806] {dag.py:2306} INFO - Setting next_dagrun for example_external_task_marker_child to None
[2023-07-21 07:17:33,810] {logging_mixin.py:104} INFO - [2023-07-21 07:17:33,809] {dag.py:2306} INFO - Setting next_dagrun for example_external_task_marker_parent to None
[2023-07-21 07:17:33,845] {scheduler_job.py:190} INFO - Processing /home/airflow/.local/lib/python3.6/site-packages/airflow/example_dags/example_external_task_marker_dag.py took 0.305 seconds
[2023-07-21 07:18:04,823] {scheduler_job.py:182} INFO - Started process (PID=74368) to work on /home/airflow/.local/lib/python3.6/site-packages/airflow/example_dags/example_external_task_marker_dag.py
[2023-07-21 07:18:04,827] {scheduler_job.py:633} INFO - Processing file /home/airflow/.local/lib/python3.6/site-packages/airflow/example_dags/example_external_task_marker_dag.py for tasks to queue
[2023-07-21 07:18:04,829] {logging_mixin.py:104} INFO - [2023-07-21 07:18:04,829] {dagbag.py:496} INFO - Filling up the DagBag from /home/airflow/.local/lib/python3.6/site-packages/airflow/example_dags/example_external_task_marker_dag.py
[2023-07-21 07:18:04,847] {scheduler_job.py:643} INFO - DAG(s) dict_keys(['example_external_task_marker_parent', 'example_external_task_marker_child']) retrieved from /home/airflow/.local/lib/python3.6/site-packages/airflow/example_dags/example_external_task_marker_dag.py
[2023-07-21 07:18:04,879] {logging_mixin.py:104} INFO - [2023-07-21 07:18:04,879] {dag.py:1833} INFO - Sync 2 DAGs
[2023-07-21 07:18:04,895] {logging_mixin.py:104} INFO - [2023-07-21 07:18:04,895] {dag.py:2306} INFO - Setting next_dagrun for example_external_task_marker_child to None
[2023-07-21 07:18:04,898] {logging_mixin.py:104} INFO - [2023-07-21 07:18:04,898] {dag.py:2306} INFO - Setting next_dagrun for example_external_task_marker_parent to None
[2023-07-21 07:18:04,913] {scheduler_job.py:190} INFO - Processing /home/airflow/.local/lib/python3.6/site-packages/airflow/example_dags/example_external_task_marker_dag.py took 0.097 seconds
[2023-07-21 07:18:35,981] {scheduler_job.py:182} INFO - Started process (PID=74419) to work on /home/airflow/.local/lib/python3.6/site-packages/airflow/example_dags/example_external_task_marker_dag.py
[2023-07-21 07:18:35,983] {scheduler_job.py:633} INFO - Processing file /home/airflow/.local/lib/python3.6/site-packages/airflow/example_dags/example_external_task_marker_dag.py for tasks to queue
[2023-07-21 07:18:35,985] {logging_mixin.py:104} INFO - [2023-07-21 07:18:35,985] {dagbag.py:496} INFO - Filling up the DagBag from /home/airflow/.local/lib/python3.6/site-packages/airflow/example_dags/example_external_task_marker_dag.py
[2023-07-21 07:18:36,005] {scheduler_job.py:643} INFO - DAG(s) dict_keys(['example_external_task_marker_parent', 'example_external_task_marker_child']) retrieved from /home/airflow/.local/lib/python3.6/site-packages/airflow/example_dags/example_external_task_marker_dag.py
[2023-07-21 07:18:36,042] {logging_mixin.py:104} INFO - [2023-07-21 07:18:36,042] {dag.py:1833} INFO - Sync 2 DAGs
[2023-07-21 07:18:36,059] {logging_mixin.py:104} INFO - [2023-07-21 07:18:36,059] {dag.py:2306} INFO - Setting next_dagrun for example_external_task_marker_child to None
[2023-07-21 07:18:36,062] {logging_mixin.py:104} INFO - [2023-07-21 07:18:36,062] {dag.py:2306} INFO - Setting next_dagrun for example_external_task_marker_parent to None
[2023-07-21 07:18:36,081] {scheduler_job.py:190} INFO - Processing /home/airflow/.local/lib/python3.6/site-packages/airflow/example_dags/example_external_task_marker_dag.py took 0.106 seconds
[2023-07-21 07:19:06,717] {scheduler_job.py:182} INFO - Started process (PID=74471) to work on /home/airflow/.local/lib/python3.6/site-packages/airflow/example_dags/example_external_task_marker_dag.py
[2023-07-21 07:19:06,720] {scheduler_job.py:633} INFO - Processing file /home/airflow/.local/lib/python3.6/site-packages/airflow/example_dags/example_external_task_marker_dag.py for tasks to queue
[2023-07-21 07:19:06,723] {logging_mixin.py:104} INFO - [2023-07-21 07:19:06,723] {dagbag.py:496} INFO - Filling up the DagBag from /home/airflow/.local/lib/python3.6/site-packages/airflow/example_dags/example_external_task_marker_dag.py
[2023-07-21 07:19:06,742] {scheduler_job.py:643} INFO - DAG(s) dict_keys(['example_external_task_marker_parent', 'example_external_task_marker_child']) retrieved from /home/airflow/.local/lib/python3.6/site-packages/airflow/example_dags/example_external_task_marker_dag.py
[2023-07-21 07:19:06,778] {logging_mixin.py:104} INFO - [2023-07-21 07:19:06,778] {dag.py:1833} INFO - Sync 2 DAGs
[2023-07-21 07:19:06,795] {logging_mixin.py:104} INFO - [2023-07-21 07:19:06,795] {dag.py:2306} INFO - Setting next_dagrun for example_external_task_marker_child to None
[2023-07-21 07:19:06,798] {logging_mixin.py:104} INFO - [2023-07-21 07:19:06,798] {dag.py:2306} INFO - Setting next_dagrun for example_external_task_marker_parent to None
[2023-07-21 07:19:06,814] {scheduler_job.py:190} INFO - Processing /home/airflow/.local/lib/python3.6/site-packages/airflow/example_dags/example_external_task_marker_dag.py took 0.101 seconds
[2023-07-21 07:19:37,047] {scheduler_job.py:182} INFO - Started process (PID=74530) to work on /home/airflow/.local/lib/python3.6/site-packages/airflow/example_dags/example_external_task_marker_dag.py
[2023-07-21 07:19:37,054] {scheduler_job.py:633} INFO - Processing file /home/airflow/.local/lib/python3.6/site-packages/airflow/example_dags/example_external_task_marker_dag.py for tasks to queue
[2023-07-21 07:19:37,060] {logging_mixin.py:104} INFO - [2023-07-21 07:19:37,059] {dagbag.py:496} INFO - Filling up the DagBag from /home/airflow/.local/lib/python3.6/site-packages/airflow/example_dags/example_external_task_marker_dag.py
[2023-07-21 07:19:37,131] {scheduler_job.py:643} INFO - DAG(s) dict_keys(['example_external_task_marker_parent', 'example_external_task_marker_child']) retrieved from /home/airflow/.local/lib/python3.6/site-packages/airflow/example_dags/example_external_task_marker_dag.py
[2023-07-21 07:19:37,208] {logging_mixin.py:104} INFO - [2023-07-21 07:19:37,207] {dag.py:1833} INFO - Sync 2 DAGs
[2023-07-21 07:19:37,249] {logging_mixin.py:104} INFO - [2023-07-21 07:19:37,249] {dag.py:2306} INFO - Setting next_dagrun for example_external_task_marker_child to None
[2023-07-21 07:19:37,254] {logging_mixin.py:104} INFO - [2023-07-21 07:19:37,254] {dag.py:2306} INFO - Setting next_dagrun for example_external_task_marker_parent to None
[2023-07-21 07:19:37,300] {scheduler_job.py:190} INFO - Processing /home/airflow/.local/lib/python3.6/site-packages/airflow/example_dags/example_external_task_marker_dag.py took 0.271 seconds
[2023-07-21 07:20:08,276] {scheduler_job.py:182} INFO - Started process (PID=74581) to work on /home/airflow/.local/lib/python3.6/site-packages/airflow/example_dags/example_external_task_marker_dag.py
[2023-07-21 07:20:08,286] {scheduler_job.py:633} INFO - Processing file /home/airflow/.local/lib/python3.6/site-packages/airflow/example_dags/example_external_task_marker_dag.py for tasks to queue
[2023-07-21 07:20:08,290] {logging_mixin.py:104} INFO - [2023-07-21 07:20:08,290] {dagbag.py:496} INFO - Filling up the DagBag from /home/airflow/.local/lib/python3.6/site-packages/airflow/example_dags/example_external_task_marker_dag.py
[2023-07-21 07:20:08,503] {scheduler_job.py:643} INFO - DAG(s) dict_keys(['example_external_task_marker_parent', 'example_external_task_marker_child']) retrieved from /home/airflow/.local/lib/python3.6/site-packages/airflow/example_dags/example_external_task_marker_dag.py
[2023-07-21 07:20:08,708] {logging_mixin.py:104} INFO - [2023-07-21 07:20:08,707] {dag.py:1833} INFO - Sync 2 DAGs
[2023-07-21 07:20:08,771] {logging_mixin.py:104} INFO - [2023-07-21 07:20:08,771] {dag.py:2306} INFO - Setting next_dagrun for example_external_task_marker_child to None
[2023-07-21 07:20:08,776] {logging_mixin.py:104} INFO - [2023-07-21 07:20:08,776] {dag.py:2306} INFO - Setting next_dagrun for example_external_task_marker_parent to None
[2023-07-21 07:20:08,813] {scheduler_job.py:190} INFO - Processing /home/airflow/.local/lib/python3.6/site-packages/airflow/example_dags/example_external_task_marker_dag.py took 0.565 seconds
[2023-07-21 07:20:39,450] {scheduler_job.py:182} INFO - Started process (PID=74632) to work on /home/airflow/.local/lib/python3.6/site-packages/airflow/example_dags/example_external_task_marker_dag.py
[2023-07-21 07:20:39,460] {scheduler_job.py:633} INFO - Processing file /home/airflow/.local/lib/python3.6/site-packages/airflow/example_dags/example_external_task_marker_dag.py for tasks to queue
[2023-07-21 07:20:39,477] {logging_mixin.py:104} INFO - [2023-07-21 07:20:39,476] {dagbag.py:496} INFO - Filling up the DagBag from /home/airflow/.local/lib/python3.6/site-packages/airflow/example_dags/example_external_task_marker_dag.py
[2023-07-21 07:20:39,559] {scheduler_job.py:643} INFO - DAG(s) dict_keys(['example_external_task_marker_parent', 'example_external_task_marker_child']) retrieved from /home/airflow/.local/lib/python3.6/site-packages/airflow/example_dags/example_external_task_marker_dag.py
[2023-07-21 07:20:39,629] {logging_mixin.py:104} INFO - [2023-07-21 07:20:39,629] {dag.py:1833} INFO - Sync 2 DAGs
[2023-07-21 07:20:39,742] {logging_mixin.py:104} INFO - [2023-07-21 07:20:39,742] {dag.py:2306} INFO - Setting next_dagrun for example_external_task_marker_child to None
[2023-07-21 07:20:39,746] {logging_mixin.py:104} INFO - [2023-07-21 07:20:39,746] {dag.py:2306} INFO - Setting next_dagrun for example_external_task_marker_parent to None
[2023-07-21 07:20:39,816] {scheduler_job.py:190} INFO - Processing /home/airflow/.local/lib/python3.6/site-packages/airflow/example_dags/example_external_task_marker_dag.py took 0.409 seconds
[2023-07-21 07:21:10,151] {scheduler_job.py:182} INFO - Started process (PID=74693) to work on /home/airflow/.local/lib/python3.6/site-packages/airflow/example_dags/example_external_task_marker_dag.py
[2023-07-21 07:21:10,165] {scheduler_job.py:633} INFO - Processing file /home/airflow/.local/lib/python3.6/site-packages/airflow/example_dags/example_external_task_marker_dag.py for tasks to queue
[2023-07-21 07:21:10,176] {logging_mixin.py:104} INFO - [2023-07-21 07:21:10,176] {dagbag.py:496} INFO - Filling up the DagBag from /home/airflow/.local/lib/python3.6/site-packages/airflow/example_dags/example_external_task_marker_dag.py
[2023-07-21 07:21:10,306] {scheduler_job.py:643} INFO - DAG(s) dict_keys(['example_external_task_marker_parent', 'example_external_task_marker_child']) retrieved from /home/airflow/.local/lib/python3.6/site-packages/airflow/example_dags/example_external_task_marker_dag.py
[2023-07-21 07:21:10,419] {logging_mixin.py:104} INFO - [2023-07-21 07:21:10,419] {dag.py:1833} INFO - Sync 2 DAGs
[2023-07-21 07:21:10,464] {logging_mixin.py:104} INFO - [2023-07-21 07:21:10,463] {dag.py:2306} INFO - Setting next_dagrun for example_external_task_marker_child to None
[2023-07-21 07:21:10,470] {logging_mixin.py:104} INFO - [2023-07-21 07:21:10,469] {dag.py:2306} INFO - Setting next_dagrun for example_external_task_marker_parent to None
[2023-07-21 07:21:10,543] {scheduler_job.py:190} INFO - Processing /home/airflow/.local/lib/python3.6/site-packages/airflow/example_dags/example_external_task_marker_dag.py took 0.412 seconds
[2023-07-21 07:21:40,725] {scheduler_job.py:182} INFO - Started process (PID=74743) to work on /home/airflow/.local/lib/python3.6/site-packages/airflow/example_dags/example_external_task_marker_dag.py
[2023-07-21 07:21:40,738] {scheduler_job.py:633} INFO - Processing file /home/airflow/.local/lib/python3.6/site-packages/airflow/example_dags/example_external_task_marker_dag.py for tasks to queue
[2023-07-21 07:21:40,740] {logging_mixin.py:104} INFO - [2023-07-21 07:21:40,739] {dagbag.py:496} INFO - Filling up the DagBag from /home/airflow/.local/lib/python3.6/site-packages/airflow/example_dags/example_external_task_marker_dag.py
[2023-07-21 07:21:40,839] {scheduler_job.py:643} INFO - DAG(s) dict_keys(['example_external_task_marker_parent', 'example_external_task_marker_child']) retrieved from /home/airflow/.local/lib/python3.6/site-packages/airflow/example_dags/example_external_task_marker_dag.py
[2023-07-21 07:21:40,919] {logging_mixin.py:104} INFO - [2023-07-21 07:21:40,919] {dag.py:1833} INFO - Sync 2 DAGs
[2023-07-21 07:21:40,964] {logging_mixin.py:104} INFO - [2023-07-21 07:21:40,963] {dag.py:2306} INFO - Setting next_dagrun for example_external_task_marker_child to None
[2023-07-21 07:21:40,974] {logging_mixin.py:104} INFO - [2023-07-21 07:21:40,974] {dag.py:2306} INFO - Setting next_dagrun for example_external_task_marker_parent to None
[2023-07-21 07:21:41,023] {scheduler_job.py:190} INFO - Processing /home/airflow/.local/lib/python3.6/site-packages/airflow/example_dags/example_external_task_marker_dag.py took 0.315 seconds
[2023-07-21 07:22:12,055] {scheduler_job.py:182} INFO - Started process (PID=74794) to work on /home/airflow/.local/lib/python3.6/site-packages/airflow/example_dags/example_external_task_marker_dag.py
[2023-07-21 07:22:12,058] {scheduler_job.py:633} INFO - Processing file /home/airflow/.local/lib/python3.6/site-packages/airflow/example_dags/example_external_task_marker_dag.py for tasks to queue
[2023-07-21 07:22:12,060] {logging_mixin.py:104} INFO - [2023-07-21 07:22:12,059] {dagbag.py:496} INFO - Filling up the DagBag from /home/airflow/.local/lib/python3.6/site-packages/airflow/example_dags/example_external_task_marker_dag.py
[2023-07-21 07:22:12,081] {scheduler_job.py:643} INFO - DAG(s) dict_keys(['example_external_task_marker_parent', 'example_external_task_marker_child']) retrieved from /home/airflow/.local/lib/python3.6/site-packages/airflow/example_dags/example_external_task_marker_dag.py
[2023-07-21 07:22:12,117] {logging_mixin.py:104} INFO - [2023-07-21 07:22:12,117] {dag.py:1833} INFO - Sync 2 DAGs
[2023-07-21 07:22:12,136] {logging_mixin.py:104} INFO - [2023-07-21 07:22:12,135] {dag.py:2306} INFO - Setting next_dagrun for example_external_task_marker_child to None
[2023-07-21 07:22:12,138] {logging_mixin.py:104} INFO - [2023-07-21 07:22:12,138] {dag.py:2306} INFO - Setting next_dagrun for example_external_task_marker_parent to None
[2023-07-21 07:22:12,156] {scheduler_job.py:190} INFO - Processing /home/airflow/.local/lib/python3.6/site-packages/airflow/example_dags/example_external_task_marker_dag.py took 0.108 seconds
[2023-07-21 07:22:42,589] {scheduler_job.py:182} INFO - Started process (PID=74845) to work on /home/airflow/.local/lib/python3.6/site-packages/airflow/example_dags/example_external_task_marker_dag.py
[2023-07-21 07:22:42,592] {scheduler_job.py:633} INFO - Processing file /home/airflow/.local/lib/python3.6/site-packages/airflow/example_dags/example_external_task_marker_dag.py for tasks to queue
[2023-07-21 07:22:42,594] {logging_mixin.py:104} INFO - [2023-07-21 07:22:42,594] {dagbag.py:496} INFO - Filling up the DagBag from /home/airflow/.local/lib/python3.6/site-packages/airflow/example_dags/example_external_task_marker_dag.py
[2023-07-21 07:22:42,620] {scheduler_job.py:643} INFO - DAG(s) dict_keys(['example_external_task_marker_parent', 'example_external_task_marker_child']) retrieved from /home/airflow/.local/lib/python3.6/site-packages/airflow/example_dags/example_external_task_marker_dag.py
[2023-07-21 07:22:42,680] {logging_mixin.py:104} INFO - [2023-07-21 07:22:42,680] {dag.py:1833} INFO - Sync 2 DAGs
[2023-07-21 07:22:42,699] {logging_mixin.py:104} INFO - [2023-07-21 07:22:42,698] {dag.py:2306} INFO - Setting next_dagrun for example_external_task_marker_child to None
[2023-07-21 07:22:42,701] {logging_mixin.py:104} INFO - [2023-07-21 07:22:42,701] {dag.py:2306} INFO - Setting next_dagrun for example_external_task_marker_parent to None
[2023-07-21 07:22:42,718] {scheduler_job.py:190} INFO - Processing /home/airflow/.local/lib/python3.6/site-packages/airflow/example_dags/example_external_task_marker_dag.py took 0.139 seconds
[2023-07-21 07:23:12,927] {scheduler_job.py:182} INFO - Started process (PID=74905) to work on /home/airflow/.local/lib/python3.6/site-packages/airflow/example_dags/example_external_task_marker_dag.py
[2023-07-21 07:23:12,939] {scheduler_job.py:633} INFO - Processing file /home/airflow/.local/lib/python3.6/site-packages/airflow/example_dags/example_external_task_marker_dag.py for tasks to queue
[2023-07-21 07:23:12,942] {logging_mixin.py:104} INFO - [2023-07-21 07:23:12,942] {dagbag.py:496} INFO - Filling up the DagBag from /home/airflow/.local/lib/python3.6/site-packages/airflow/example_dags/example_external_task_marker_dag.py
[2023-07-21 07:23:12,972] {scheduler_job.py:643} INFO - DAG(s) dict_keys(['example_external_task_marker_parent', 'example_external_task_marker_child']) retrieved from /home/airflow/.local/lib/python3.6/site-packages/airflow/example_dags/example_external_task_marker_dag.py
[2023-07-21 07:23:13,032] {logging_mixin.py:104} INFO - [2023-07-21 07:23:13,031] {dag.py:1833} INFO - Sync 2 DAGs
[2023-07-21 07:23:13,069] {logging_mixin.py:104} INFO - [2023-07-21 07:23:13,068] {dag.py:2306} INFO - Setting next_dagrun for example_external_task_marker_child to None
[2023-07-21 07:23:13,075] {logging_mixin.py:104} INFO - [2023-07-21 07:23:13,075] {dag.py:2306} INFO - Setting next_dagrun for example_external_task_marker_parent to None
[2023-07-21 07:23:13,096] {scheduler_job.py:190} INFO - Processing /home/airflow/.local/lib/python3.6/site-packages/airflow/example_dags/example_external_task_marker_dag.py took 0.177 seconds
[2023-07-21 07:23:43,526] {scheduler_job.py:182} INFO - Started process (PID=74956) to work on /home/airflow/.local/lib/python3.6/site-packages/airflow/example_dags/example_external_task_marker_dag.py
[2023-07-21 07:23:43,531] {scheduler_job.py:633} INFO - Processing file /home/airflow/.local/lib/python3.6/site-packages/airflow/example_dags/example_external_task_marker_dag.py for tasks to queue
[2023-07-21 07:23:43,539] {logging_mixin.py:104} INFO - [2023-07-21 07:23:43,538] {dagbag.py:496} INFO - Filling up the DagBag from /home/airflow/.local/lib/python3.6/site-packages/airflow/example_dags/example_external_task_marker_dag.py
[2023-07-21 07:23:43,559] {scheduler_job.py:643} INFO - DAG(s) dict_keys(['example_external_task_marker_parent', 'example_external_task_marker_child']) retrieved from /home/airflow/.local/lib/python3.6/site-packages/airflow/example_dags/example_external_task_marker_dag.py
[2023-07-21 07:23:43,954] {logging_mixin.py:104} INFO - [2023-07-21 07:23:43,954] {dag.py:1833} INFO - Sync 2 DAGs
[2023-07-21 07:23:43,981] {logging_mixin.py:104} INFO - [2023-07-21 07:23:43,981] {dag.py:2306} INFO - Setting next_dagrun for example_external_task_marker_child to None
[2023-07-21 07:23:43,983] {logging_mixin.py:104} INFO - [2023-07-21 07:23:43,983] {dag.py:2306} INFO - Setting next_dagrun for example_external_task_marker_parent to None
[2023-07-21 07:23:44,003] {scheduler_job.py:190} INFO - Processing /home/airflow/.local/lib/python3.6/site-packages/airflow/example_dags/example_external_task_marker_dag.py took 0.486 seconds
[2023-07-21 07:24:14,100] {scheduler_job.py:182} INFO - Started process (PID=75008) to work on /home/airflow/.local/lib/python3.6/site-packages/airflow/example_dags/example_external_task_marker_dag.py
[2023-07-21 07:24:14,104] {scheduler_job.py:633} INFO - Processing file /home/airflow/.local/lib/python3.6/site-packages/airflow/example_dags/example_external_task_marker_dag.py for tasks to queue
[2023-07-21 07:24:14,106] {logging_mixin.py:104} INFO - [2023-07-21 07:24:14,105] {dagbag.py:496} INFO - Filling up the DagBag from /home/airflow/.local/lib/python3.6/site-packages/airflow/example_dags/example_external_task_marker_dag.py
[2023-07-21 07:24:14,135] {scheduler_job.py:643} INFO - DAG(s) dict_keys(['example_external_task_marker_parent', 'example_external_task_marker_child']) retrieved from /home/airflow/.local/lib/python3.6/site-packages/airflow/example_dags/example_external_task_marker_dag.py
[2023-07-21 07:24:14,613] {logging_mixin.py:104} INFO - [2023-07-21 07:24:14,613] {dag.py:1833} INFO - Sync 2 DAGs
[2023-07-21 07:24:14,628] {logging_mixin.py:104} INFO - [2023-07-21 07:24:14,628] {dag.py:2306} INFO - Setting next_dagrun for example_external_task_marker_child to None
[2023-07-21 07:24:14,630] {logging_mixin.py:104} INFO - [2023-07-21 07:24:14,630] {dag.py:2306} INFO - Setting next_dagrun for example_external_task_marker_parent to None
[2023-07-21 07:24:14,647] {scheduler_job.py:190} INFO - Processing /home/airflow/.local/lib/python3.6/site-packages/airflow/example_dags/example_external_task_marker_dag.py took 0.553 seconds
[2023-07-21 07:24:44,745] {scheduler_job.py:182} INFO - Started process (PID=75066) to work on /home/airflow/.local/lib/python3.6/site-packages/airflow/example_dags/example_external_task_marker_dag.py
[2023-07-21 07:24:44,748] {scheduler_job.py:633} INFO - Processing file /home/airflow/.local/lib/python3.6/site-packages/airflow/example_dags/example_external_task_marker_dag.py for tasks to queue
[2023-07-21 07:24:44,752] {logging_mixin.py:104} INFO - [2023-07-21 07:24:44,752] {dagbag.py:496} INFO - Filling up the DagBag from /home/airflow/.local/lib/python3.6/site-packages/airflow/example_dags/example_external_task_marker_dag.py
[2023-07-21 07:24:44,795] {scheduler_job.py:643} INFO - DAG(s) dict_keys(['example_external_task_marker_parent', 'example_external_task_marker_child']) retrieved from /home/airflow/.local/lib/python3.6/site-packages/airflow/example_dags/example_external_task_marker_dag.py
[2023-07-21 07:24:44,850] {logging_mixin.py:104} INFO - [2023-07-21 07:24:44,850] {dag.py:1833} INFO - Sync 2 DAGs
[2023-07-21 07:24:44,881] {logging_mixin.py:104} INFO - [2023-07-21 07:24:44,881] {dag.py:2306} INFO - Setting next_dagrun for example_external_task_marker_child to None
[2023-07-21 07:24:44,884] {logging_mixin.py:104} INFO - [2023-07-21 07:24:44,884] {dag.py:2306} INFO - Setting next_dagrun for example_external_task_marker_parent to None
[2023-07-21 07:24:44,912] {scheduler_job.py:190} INFO - Processing /home/airflow/.local/lib/python3.6/site-packages/airflow/example_dags/example_external_task_marker_dag.py took 0.180 seconds
[2023-07-21 07:25:15,070] {scheduler_job.py:182} INFO - Started process (PID=75117) to work on /home/airflow/.local/lib/python3.6/site-packages/airflow/example_dags/example_external_task_marker_dag.py
[2023-07-21 07:25:15,075] {scheduler_job.py:633} INFO - Processing file /home/airflow/.local/lib/python3.6/site-packages/airflow/example_dags/example_external_task_marker_dag.py for tasks to queue
[2023-07-21 07:25:15,079] {logging_mixin.py:104} INFO - [2023-07-21 07:25:15,079] {dagbag.py:496} INFO - Filling up the DagBag from /home/airflow/.local/lib/python3.6/site-packages/airflow/example_dags/example_external_task_marker_dag.py
[2023-07-21 07:25:15,117] {scheduler_job.py:643} INFO - DAG(s) dict_keys(['example_external_task_marker_parent', 'example_external_task_marker_child']) retrieved from /home/airflow/.local/lib/python3.6/site-packages/airflow/example_dags/example_external_task_marker_dag.py
[2023-07-21 07:25:15,210] {logging_mixin.py:104} INFO - [2023-07-21 07:25:15,210] {dag.py:1833} INFO - Sync 2 DAGs
[2023-07-21 07:25:15,276] {logging_mixin.py:104} INFO - [2023-07-21 07:25:15,276] {dag.py:2306} INFO - Setting next_dagrun for example_external_task_marker_child to None
[2023-07-21 07:25:15,281] {logging_mixin.py:104} INFO - [2023-07-21 07:25:15,281] {dag.py:2306} INFO - Setting next_dagrun for example_external_task_marker_parent to None
[2023-07-21 07:25:15,321] {scheduler_job.py:190} INFO - Processing /home/airflow/.local/lib/python3.6/site-packages/airflow/example_dags/example_external_task_marker_dag.py took 0.265 seconds
[2023-07-21 07:25:46,233] {scheduler_job.py:182} INFO - Started process (PID=75168) to work on /home/airflow/.local/lib/python3.6/site-packages/airflow/example_dags/example_external_task_marker_dag.py
[2023-07-21 07:25:46,236] {scheduler_job.py:633} INFO - Processing file /home/airflow/.local/lib/python3.6/site-packages/airflow/example_dags/example_external_task_marker_dag.py for tasks to queue
[2023-07-21 07:25:46,237] {logging_mixin.py:104} INFO - [2023-07-21 07:25:46,237] {dagbag.py:496} INFO - Filling up the DagBag from /home/airflow/.local/lib/python3.6/site-packages/airflow/example_dags/example_external_task_marker_dag.py
[2023-07-21 07:25:46,283] {scheduler_job.py:643} INFO - DAG(s) dict_keys(['example_external_task_marker_parent', 'example_external_task_marker_child']) retrieved from /home/airflow/.local/lib/python3.6/site-packages/airflow/example_dags/example_external_task_marker_dag.py
[2023-07-21 07:25:46,317] {logging_mixin.py:104} INFO - [2023-07-21 07:25:46,317] {dag.py:1833} INFO - Sync 2 DAGs
[2023-07-21 07:25:46,333] {logging_mixin.py:104} INFO - [2023-07-21 07:25:46,333] {dag.py:2306} INFO - Setting next_dagrun for example_external_task_marker_child to None
[2023-07-21 07:25:46,336] {logging_mixin.py:104} INFO - [2023-07-21 07:25:46,336] {dag.py:2306} INFO - Setting next_dagrun for example_external_task_marker_parent to None
[2023-07-21 07:25:46,354] {scheduler_job.py:190} INFO - Processing /home/airflow/.local/lib/python3.6/site-packages/airflow/example_dags/example_external_task_marker_dag.py took 0.126 seconds
[2023-07-21 07:26:16,607] {scheduler_job.py:182} INFO - Started process (PID=75219) to work on /home/airflow/.local/lib/python3.6/site-packages/airflow/example_dags/example_external_task_marker_dag.py
[2023-07-21 07:26:16,623] {scheduler_job.py:633} INFO - Processing file /home/airflow/.local/lib/python3.6/site-packages/airflow/example_dags/example_external_task_marker_dag.py for tasks to queue
[2023-07-21 07:26:16,627] {logging_mixin.py:104} INFO - [2023-07-21 07:26:16,627] {dagbag.py:496} INFO - Filling up the DagBag from /home/airflow/.local/lib/python3.6/site-packages/airflow/example_dags/example_external_task_marker_dag.py
[2023-07-21 07:26:16,669] {scheduler_job.py:643} INFO - DAG(s) dict_keys(['example_external_task_marker_parent', 'example_external_task_marker_child']) retrieved from /home/airflow/.local/lib/python3.6/site-packages/airflow/example_dags/example_external_task_marker_dag.py
[2023-07-21 07:26:16,773] {logging_mixin.py:104} INFO - [2023-07-21 07:26:16,773] {dag.py:1833} INFO - Sync 2 DAGs
[2023-07-21 07:26:16,821] {logging_mixin.py:104} INFO - [2023-07-21 07:26:16,821] {dag.py:2306} INFO - Setting next_dagrun for example_external_task_marker_child to None
[2023-07-21 07:26:16,829] {logging_mixin.py:104} INFO - [2023-07-21 07:26:16,829] {dag.py:2306} INFO - Setting next_dagrun for example_external_task_marker_parent to None
[2023-07-21 07:26:16,884] {scheduler_job.py:190} INFO - Processing /home/airflow/.local/lib/python3.6/site-packages/airflow/example_dags/example_external_task_marker_dag.py took 0.293 seconds
[2023-07-21 07:26:47,047] {scheduler_job.py:182} INFO - Started process (PID=75270) to work on /home/airflow/.local/lib/python3.6/site-packages/airflow/example_dags/example_external_task_marker_dag.py
[2023-07-21 07:26:47,050] {scheduler_job.py:633} INFO - Processing file /home/airflow/.local/lib/python3.6/site-packages/airflow/example_dags/example_external_task_marker_dag.py for tasks to queue
[2023-07-21 07:26:47,052] {logging_mixin.py:104} INFO - [2023-07-21 07:26:47,052] {dagbag.py:496} INFO - Filling up the DagBag from /home/airflow/.local/lib/python3.6/site-packages/airflow/example_dags/example_external_task_marker_dag.py
[2023-07-21 07:26:47,077] {scheduler_job.py:643} INFO - DAG(s) dict_keys(['example_external_task_marker_parent', 'example_external_task_marker_child']) retrieved from /home/airflow/.local/lib/python3.6/site-packages/airflow/example_dags/example_external_task_marker_dag.py
[2023-07-21 07:26:47,136] {logging_mixin.py:104} INFO - [2023-07-21 07:26:47,135] {dag.py:1833} INFO - Sync 2 DAGs
[2023-07-21 07:26:47,170] {logging_mixin.py:104} INFO - [2023-07-21 07:26:47,170] {dag.py:2306} INFO - Setting next_dagrun for example_external_task_marker_child to None
[2023-07-21 07:26:47,176] {logging_mixin.py:104} INFO - [2023-07-21 07:26:47,176] {dag.py:2306} INFO - Setting next_dagrun for example_external_task_marker_parent to None
[2023-07-21 07:26:47,210] {scheduler_job.py:190} INFO - Processing /home/airflow/.local/lib/python3.6/site-packages/airflow/example_dags/example_external_task_marker_dag.py took 0.171 seconds
[2023-07-21 07:27:17,724] {scheduler_job.py:182} INFO - Started process (PID=75321) to work on /home/airflow/.local/lib/python3.6/site-packages/airflow/example_dags/example_external_task_marker_dag.py
[2023-07-21 07:27:17,731] {scheduler_job.py:633} INFO - Processing file /home/airflow/.local/lib/python3.6/site-packages/airflow/example_dags/example_external_task_marker_dag.py for tasks to queue
[2023-07-21 07:27:17,733] {logging_mixin.py:104} INFO - [2023-07-21 07:27:17,733] {dagbag.py:496} INFO - Filling up the DagBag from /home/airflow/.local/lib/python3.6/site-packages/airflow/example_dags/example_external_task_marker_dag.py
[2023-07-21 07:27:17,791] {scheduler_job.py:643} INFO - DAG(s) dict_keys(['example_external_task_marker_parent', 'example_external_task_marker_child']) retrieved from /home/airflow/.local/lib/python3.6/site-packages/airflow/example_dags/example_external_task_marker_dag.py
[2023-07-21 07:27:17,849] {logging_mixin.py:104} INFO - [2023-07-21 07:27:17,848] {dag.py:1833} INFO - Sync 2 DAGs
[2023-07-21 07:27:17,884] {logging_mixin.py:104} INFO - [2023-07-21 07:27:17,884] {dag.py:2306} INFO - Setting next_dagrun for example_external_task_marker_child to None
[2023-07-21 07:27:17,890] {logging_mixin.py:104} INFO - [2023-07-21 07:27:17,890] {dag.py:2306} INFO - Setting next_dagrun for example_external_task_marker_parent to None
[2023-07-21 07:27:17,915] {scheduler_job.py:190} INFO - Processing /home/airflow/.local/lib/python3.6/site-packages/airflow/example_dags/example_external_task_marker_dag.py took 0.198 seconds
[2023-07-21 07:27:47,995] {scheduler_job.py:182} INFO - Started process (PID=75379) to work on /home/airflow/.local/lib/python3.6/site-packages/airflow/example_dags/example_external_task_marker_dag.py
[2023-07-21 07:27:48,000] {scheduler_job.py:633} INFO - Processing file /home/airflow/.local/lib/python3.6/site-packages/airflow/example_dags/example_external_task_marker_dag.py for tasks to queue
[2023-07-21 07:27:48,008] {logging_mixin.py:104} INFO - [2023-07-21 07:27:48,008] {dagbag.py:496} INFO - Filling up the DagBag from /home/airflow/.local/lib/python3.6/site-packages/airflow/example_dags/example_external_task_marker_dag.py
[2023-07-21 07:27:48,071] {scheduler_job.py:643} INFO - DAG(s) dict_keys(['example_external_task_marker_parent', 'example_external_task_marker_child']) retrieved from /home/airflow/.local/lib/python3.6/site-packages/airflow/example_dags/example_external_task_marker_dag.py
[2023-07-21 07:27:48,533] {logging_mixin.py:104} INFO - [2023-07-21 07:27:48,533] {dag.py:1833} INFO - Sync 2 DAGs
[2023-07-21 07:27:48,569] {logging_mixin.py:104} INFO - [2023-07-21 07:27:48,569] {dag.py:2306} INFO - Setting next_dagrun for example_external_task_marker_child to None
[2023-07-21 07:27:48,571] {logging_mixin.py:104} INFO - [2023-07-21 07:27:48,571] {dag.py:2306} INFO - Setting next_dagrun for example_external_task_marker_parent to None
[2023-07-21 07:27:48,588] {scheduler_job.py:190} INFO - Processing /home/airflow/.local/lib/python3.6/site-packages/airflow/example_dags/example_external_task_marker_dag.py took 0.601 seconds
