[2023-07-21 07:13:43,086] {scheduler_job.py:182} INFO - Started process (PID=73919) to work on /home/airflow/.local/lib/python3.6/site-packages/airflow/example_dags/example_nested_branch_dag.py
[2023-07-21 07:13:43,098] {scheduler_job.py:633} INFO - Processing file /home/airflow/.local/lib/python3.6/site-packages/airflow/example_dags/example_nested_branch_dag.py for tasks to queue
[2023-07-21 07:13:43,106] {logging_mixin.py:104} INFO - [2023-07-21 07:13:43,106] {dagbag.py:496} INFO - Filling up the DagBag from /home/airflow/.local/lib/python3.6/site-packages/airflow/example_dags/example_nested_branch_dag.py
[2023-07-21 07:13:43,215] {scheduler_job.py:643} INFO - DAG(s) dict_keys(['example_nested_branch_dag']) retrieved from /home/airflow/.local/lib/python3.6/site-packages/airflow/example_dags/example_nested_branch_dag.py
[2023-07-21 07:13:44,880] {logging_mixin.py:104} INFO - [2023-07-21 07:13:44,879] {dag.py:1833} INFO - Sync 1 DAGs
[2023-07-21 07:13:44,999] {logging_mixin.py:104} INFO - [2023-07-21 07:13:44,998] {dag.py:2306} INFO - Setting next_dagrun for example_nested_branch_dag to 2023-07-19 00:00:00+00:00
[2023-07-21 07:13:45,103] {scheduler_job.py:190} INFO - Processing /home/airflow/.local/lib/python3.6/site-packages/airflow/example_dags/example_nested_branch_dag.py took 2.031 seconds
[2023-07-21 07:14:15,439] {scheduler_job.py:182} INFO - Started process (PID=73969) to work on /home/airflow/.local/lib/python3.6/site-packages/airflow/example_dags/example_nested_branch_dag.py
[2023-07-21 07:14:15,446] {scheduler_job.py:633} INFO - Processing file /home/airflow/.local/lib/python3.6/site-packages/airflow/example_dags/example_nested_branch_dag.py for tasks to queue
[2023-07-21 07:14:15,451] {logging_mixin.py:104} INFO - [2023-07-21 07:14:15,451] {dagbag.py:496} INFO - Filling up the DagBag from /home/airflow/.local/lib/python3.6/site-packages/airflow/example_dags/example_nested_branch_dag.py
[2023-07-21 07:14:15,480] {scheduler_job.py:643} INFO - DAG(s) dict_keys(['example_nested_branch_dag']) retrieved from /home/airflow/.local/lib/python3.6/site-packages/airflow/example_dags/example_nested_branch_dag.py
[2023-07-21 07:14:15,515] {logging_mixin.py:104} INFO - [2023-07-21 07:14:15,515] {dag.py:1833} INFO - Sync 1 DAGs
[2023-07-21 07:14:15,541] {logging_mixin.py:104} INFO - [2023-07-21 07:14:15,540] {dag.py:2306} INFO - Setting next_dagrun for example_nested_branch_dag to 2023-07-19 00:00:00+00:00
[2023-07-21 07:14:15,559] {scheduler_job.py:190} INFO - Processing /home/airflow/.local/lib/python3.6/site-packages/airflow/example_dags/example_nested_branch_dag.py took 0.139 seconds
[2023-07-21 07:14:45,890] {scheduler_job.py:182} INFO - Started process (PID=74018) to work on /home/airflow/.local/lib/python3.6/site-packages/airflow/example_dags/example_nested_branch_dag.py
[2023-07-21 07:14:45,897] {scheduler_job.py:633} INFO - Processing file /home/airflow/.local/lib/python3.6/site-packages/airflow/example_dags/example_nested_branch_dag.py for tasks to queue
[2023-07-21 07:14:45,900] {logging_mixin.py:104} INFO - [2023-07-21 07:14:45,900] {dagbag.py:496} INFO - Filling up the DagBag from /home/airflow/.local/lib/python3.6/site-packages/airflow/example_dags/example_nested_branch_dag.py
[2023-07-21 07:14:45,946] {scheduler_job.py:643} INFO - DAG(s) dict_keys(['example_nested_branch_dag']) retrieved from /home/airflow/.local/lib/python3.6/site-packages/airflow/example_dags/example_nested_branch_dag.py
[2023-07-21 07:14:45,989] {logging_mixin.py:104} INFO - [2023-07-21 07:14:45,989] {dag.py:1833} INFO - Sync 1 DAGs
[2023-07-21 07:14:46,012] {logging_mixin.py:104} INFO - [2023-07-21 07:14:46,012] {dag.py:2306} INFO - Setting next_dagrun for example_nested_branch_dag to 2023-07-19 00:00:00+00:00
[2023-07-21 07:14:46,029] {scheduler_job.py:190} INFO - Processing /home/airflow/.local/lib/python3.6/site-packages/airflow/example_dags/example_nested_branch_dag.py took 0.146 seconds
[2023-07-21 07:15:16,340] {scheduler_job.py:182} INFO - Started process (PID=74069) to work on /home/airflow/.local/lib/python3.6/site-packages/airflow/example_dags/example_nested_branch_dag.py
[2023-07-21 07:15:16,346] {scheduler_job.py:633} INFO - Processing file /home/airflow/.local/lib/python3.6/site-packages/airflow/example_dags/example_nested_branch_dag.py for tasks to queue
[2023-07-21 07:15:16,348] {logging_mixin.py:104} INFO - [2023-07-21 07:15:16,348] {dagbag.py:496} INFO - Filling up the DagBag from /home/airflow/.local/lib/python3.6/site-packages/airflow/example_dags/example_nested_branch_dag.py
[2023-07-21 07:15:16,376] {scheduler_job.py:643} INFO - DAG(s) dict_keys(['example_nested_branch_dag']) retrieved from /home/airflow/.local/lib/python3.6/site-packages/airflow/example_dags/example_nested_branch_dag.py
[2023-07-21 07:15:16,416] {logging_mixin.py:104} INFO - [2023-07-21 07:15:16,415] {dag.py:1833} INFO - Sync 1 DAGs
[2023-07-21 07:15:16,440] {logging_mixin.py:104} INFO - [2023-07-21 07:15:16,440] {dag.py:2306} INFO - Setting next_dagrun for example_nested_branch_dag to 2023-07-19 00:00:00+00:00
[2023-07-21 07:15:16,465] {scheduler_job.py:190} INFO - Processing /home/airflow/.local/lib/python3.6/site-packages/airflow/example_dags/example_nested_branch_dag.py took 0.130 seconds
[2023-07-21 07:15:46,833] {scheduler_job.py:182} INFO - Started process (PID=74130) to work on /home/airflow/.local/lib/python3.6/site-packages/airflow/example_dags/example_nested_branch_dag.py
[2023-07-21 07:15:46,845] {scheduler_job.py:633} INFO - Processing file /home/airflow/.local/lib/python3.6/site-packages/airflow/example_dags/example_nested_branch_dag.py for tasks to queue
[2023-07-21 07:15:46,857] {logging_mixin.py:104} INFO - [2023-07-21 07:15:46,857] {dagbag.py:496} INFO - Filling up the DagBag from /home/airflow/.local/lib/python3.6/site-packages/airflow/example_dags/example_nested_branch_dag.py
[2023-07-21 07:15:46,923] {scheduler_job.py:643} INFO - DAG(s) dict_keys(['example_nested_branch_dag']) retrieved from /home/airflow/.local/lib/python3.6/site-packages/airflow/example_dags/example_nested_branch_dag.py
[2023-07-21 07:15:47,002] {logging_mixin.py:104} INFO - [2023-07-21 07:15:47,002] {dag.py:1833} INFO - Sync 1 DAGs
[2023-07-21 07:15:47,059] {logging_mixin.py:104} INFO - [2023-07-21 07:15:47,059] {dag.py:2306} INFO - Setting next_dagrun for example_nested_branch_dag to 2023-07-19 00:00:00+00:00
[2023-07-21 07:15:47,102] {scheduler_job.py:190} INFO - Processing /home/airflow/.local/lib/python3.6/site-packages/airflow/example_dags/example_nested_branch_dag.py took 0.275 seconds
[2023-07-21 07:16:17,389] {scheduler_job.py:182} INFO - Started process (PID=74182) to work on /home/airflow/.local/lib/python3.6/site-packages/airflow/example_dags/example_nested_branch_dag.py
[2023-07-21 07:16:17,392] {scheduler_job.py:633} INFO - Processing file /home/airflow/.local/lib/python3.6/site-packages/airflow/example_dags/example_nested_branch_dag.py for tasks to queue
[2023-07-21 07:16:17,394] {logging_mixin.py:104} INFO - [2023-07-21 07:16:17,394] {dagbag.py:496} INFO - Filling up the DagBag from /home/airflow/.local/lib/python3.6/site-packages/airflow/example_dags/example_nested_branch_dag.py
[2023-07-21 07:16:17,433] {scheduler_job.py:643} INFO - DAG(s) dict_keys(['example_nested_branch_dag']) retrieved from /home/airflow/.local/lib/python3.6/site-packages/airflow/example_dags/example_nested_branch_dag.py
[2023-07-21 07:16:17,485] {logging_mixin.py:104} INFO - [2023-07-21 07:16:17,485] {dag.py:1833} INFO - Sync 1 DAGs
[2023-07-21 07:16:17,516] {logging_mixin.py:104} INFO - [2023-07-21 07:16:17,516] {dag.py:2306} INFO - Setting next_dagrun for example_nested_branch_dag to 2023-07-19 00:00:00+00:00
[2023-07-21 07:16:17,549] {scheduler_job.py:190} INFO - Processing /home/airflow/.local/lib/python3.6/site-packages/airflow/example_dags/example_nested_branch_dag.py took 0.165 seconds
[2023-07-21 07:16:48,093] {scheduler_job.py:182} INFO - Started process (PID=74233) to work on /home/airflow/.local/lib/python3.6/site-packages/airflow/example_dags/example_nested_branch_dag.py
[2023-07-21 07:16:48,098] {scheduler_job.py:633} INFO - Processing file /home/airflow/.local/lib/python3.6/site-packages/airflow/example_dags/example_nested_branch_dag.py for tasks to queue
[2023-07-21 07:16:48,102] {logging_mixin.py:104} INFO - [2023-07-21 07:16:48,102] {dagbag.py:496} INFO - Filling up the DagBag from /home/airflow/.local/lib/python3.6/site-packages/airflow/example_dags/example_nested_branch_dag.py
[2023-07-21 07:16:48,182] {scheduler_job.py:643} INFO - DAG(s) dict_keys(['example_nested_branch_dag']) retrieved from /home/airflow/.local/lib/python3.6/site-packages/airflow/example_dags/example_nested_branch_dag.py
[2023-07-21 07:16:48,271] {logging_mixin.py:104} INFO - [2023-07-21 07:16:48,271] {dag.py:1833} INFO - Sync 1 DAGs
[2023-07-21 07:16:48,379] {logging_mixin.py:104} INFO - [2023-07-21 07:16:48,379] {dag.py:2306} INFO - Setting next_dagrun for example_nested_branch_dag to 2023-07-19 00:00:00+00:00
[2023-07-21 07:16:48,418] {scheduler_job.py:190} INFO - Processing /home/airflow/.local/lib/python3.6/site-packages/airflow/example_dags/example_nested_branch_dag.py took 0.339 seconds
[2023-07-21 07:17:19,322] {scheduler_job.py:182} INFO - Started process (PID=74294) to work on /home/airflow/.local/lib/python3.6/site-packages/airflow/example_dags/example_nested_branch_dag.py
[2023-07-21 07:17:19,334] {scheduler_job.py:633} INFO - Processing file /home/airflow/.local/lib/python3.6/site-packages/airflow/example_dags/example_nested_branch_dag.py for tasks to queue
[2023-07-21 07:17:19,343] {logging_mixin.py:104} INFO - [2023-07-21 07:17:19,341] {dagbag.py:496} INFO - Filling up the DagBag from /home/airflow/.local/lib/python3.6/site-packages/airflow/example_dags/example_nested_branch_dag.py
[2023-07-21 07:17:19,499] {scheduler_job.py:643} INFO - DAG(s) dict_keys(['example_nested_branch_dag']) retrieved from /home/airflow/.local/lib/python3.6/site-packages/airflow/example_dags/example_nested_branch_dag.py
[2023-07-21 07:17:19,633] {logging_mixin.py:104} INFO - [2023-07-21 07:17:19,623] {dag.py:1833} INFO - Sync 1 DAGs
[2023-07-21 07:17:19,801] {logging_mixin.py:104} INFO - [2023-07-21 07:17:19,801] {dag.py:2306} INFO - Setting next_dagrun for example_nested_branch_dag to 2023-07-19 00:00:00+00:00
[2023-07-21 07:17:19,893] {scheduler_job.py:190} INFO - Processing /home/airflow/.local/lib/python3.6/site-packages/airflow/example_dags/example_nested_branch_dag.py took 0.593 seconds
[2023-07-21 07:17:50,230] {scheduler_job.py:182} INFO - Started process (PID=74344) to work on /home/airflow/.local/lib/python3.6/site-packages/airflow/example_dags/example_nested_branch_dag.py
[2023-07-21 07:17:50,233] {scheduler_job.py:633} INFO - Processing file /home/airflow/.local/lib/python3.6/site-packages/airflow/example_dags/example_nested_branch_dag.py for tasks to queue
[2023-07-21 07:17:50,236] {logging_mixin.py:104} INFO - [2023-07-21 07:17:50,236] {dagbag.py:496} INFO - Filling up the DagBag from /home/airflow/.local/lib/python3.6/site-packages/airflow/example_dags/example_nested_branch_dag.py
[2023-07-21 07:17:50,266] {scheduler_job.py:643} INFO - DAG(s) dict_keys(['example_nested_branch_dag']) retrieved from /home/airflow/.local/lib/python3.6/site-packages/airflow/example_dags/example_nested_branch_dag.py
[2023-07-21 07:17:50,305] {logging_mixin.py:104} INFO - [2023-07-21 07:17:50,305] {dag.py:1833} INFO - Sync 1 DAGs
[2023-07-21 07:17:50,325] {logging_mixin.py:104} INFO - [2023-07-21 07:17:50,325] {dag.py:2306} INFO - Setting next_dagrun for example_nested_branch_dag to 2023-07-19 00:00:00+00:00
[2023-07-21 07:17:50,340] {scheduler_job.py:190} INFO - Processing /home/airflow/.local/lib/python3.6/site-packages/airflow/example_dags/example_nested_branch_dag.py took 0.115 seconds
[2023-07-21 07:18:20,949] {scheduler_job.py:182} INFO - Started process (PID=74394) to work on /home/airflow/.local/lib/python3.6/site-packages/airflow/example_dags/example_nested_branch_dag.py
[2023-07-21 07:18:20,957] {scheduler_job.py:633} INFO - Processing file /home/airflow/.local/lib/python3.6/site-packages/airflow/example_dags/example_nested_branch_dag.py for tasks to queue
[2023-07-21 07:18:20,965] {logging_mixin.py:104} INFO - [2023-07-21 07:18:20,964] {dagbag.py:496} INFO - Filling up the DagBag from /home/airflow/.local/lib/python3.6/site-packages/airflow/example_dags/example_nested_branch_dag.py
[2023-07-21 07:18:21,019] {scheduler_job.py:643} INFO - DAG(s) dict_keys(['example_nested_branch_dag']) retrieved from /home/airflow/.local/lib/python3.6/site-packages/airflow/example_dags/example_nested_branch_dag.py
[2023-07-21 07:18:21,055] {logging_mixin.py:104} INFO - [2023-07-21 07:18:21,055] {dag.py:1833} INFO - Sync 1 DAGs
[2023-07-21 07:18:21,079] {logging_mixin.py:104} INFO - [2023-07-21 07:18:21,079] {dag.py:2306} INFO - Setting next_dagrun for example_nested_branch_dag to 2023-07-19 00:00:00+00:00
[2023-07-21 07:18:21,098] {scheduler_job.py:190} INFO - Processing /home/airflow/.local/lib/python3.6/site-packages/airflow/example_dags/example_nested_branch_dag.py took 0.159 seconds
[2023-07-21 07:18:51,875] {scheduler_job.py:182} INFO - Started process (PID=74445) to work on /home/airflow/.local/lib/python3.6/site-packages/airflow/example_dags/example_nested_branch_dag.py
[2023-07-21 07:18:51,878] {scheduler_job.py:633} INFO - Processing file /home/airflow/.local/lib/python3.6/site-packages/airflow/example_dags/example_nested_branch_dag.py for tasks to queue
[2023-07-21 07:18:51,880] {logging_mixin.py:104} INFO - [2023-07-21 07:18:51,880] {dagbag.py:496} INFO - Filling up the DagBag from /home/airflow/.local/lib/python3.6/site-packages/airflow/example_dags/example_nested_branch_dag.py
[2023-07-21 07:18:51,907] {scheduler_job.py:643} INFO - DAG(s) dict_keys(['example_nested_branch_dag']) retrieved from /home/airflow/.local/lib/python3.6/site-packages/airflow/example_dags/example_nested_branch_dag.py
[2023-07-21 07:18:51,937] {logging_mixin.py:104} INFO - [2023-07-21 07:18:51,937] {dag.py:1833} INFO - Sync 1 DAGs
[2023-07-21 07:18:51,966] {logging_mixin.py:104} INFO - [2023-07-21 07:18:51,966] {dag.py:2306} INFO - Setting next_dagrun for example_nested_branch_dag to 2023-07-19 00:00:00+00:00
[2023-07-21 07:18:51,982] {scheduler_job.py:190} INFO - Processing /home/airflow/.local/lib/python3.6/site-packages/airflow/example_dags/example_nested_branch_dag.py took 0.114 seconds
[2023-07-21 07:19:22,326] {scheduler_job.py:182} INFO - Started process (PID=74506) to work on /home/airflow/.local/lib/python3.6/site-packages/airflow/example_dags/example_nested_branch_dag.py
[2023-07-21 07:19:22,335] {scheduler_job.py:633} INFO - Processing file /home/airflow/.local/lib/python3.6/site-packages/airflow/example_dags/example_nested_branch_dag.py for tasks to queue
[2023-07-21 07:19:22,336] {logging_mixin.py:104} INFO - [2023-07-21 07:19:22,336] {dagbag.py:496} INFO - Filling up the DagBag from /home/airflow/.local/lib/python3.6/site-packages/airflow/example_dags/example_nested_branch_dag.py
[2023-07-21 07:19:22,390] {scheduler_job.py:643} INFO - DAG(s) dict_keys(['example_nested_branch_dag']) retrieved from /home/airflow/.local/lib/python3.6/site-packages/airflow/example_dags/example_nested_branch_dag.py
[2023-07-21 07:19:22,446] {logging_mixin.py:104} INFO - [2023-07-21 07:19:22,446] {dag.py:1833} INFO - Sync 1 DAGs
[2023-07-21 07:19:22,487] {logging_mixin.py:104} INFO - [2023-07-21 07:19:22,487] {dag.py:2306} INFO - Setting next_dagrun for example_nested_branch_dag to 2023-07-19 00:00:00+00:00
[2023-07-21 07:19:22,501] {scheduler_job.py:190} INFO - Processing /home/airflow/.local/lib/python3.6/site-packages/airflow/example_dags/example_nested_branch_dag.py took 0.184 seconds
[2023-07-21 07:19:52,932] {scheduler_job.py:182} INFO - Started process (PID=74556) to work on /home/airflow/.local/lib/python3.6/site-packages/airflow/example_dags/example_nested_branch_dag.py
[2023-07-21 07:19:52,937] {scheduler_job.py:633} INFO - Processing file /home/airflow/.local/lib/python3.6/site-packages/airflow/example_dags/example_nested_branch_dag.py for tasks to queue
[2023-07-21 07:19:52,942] {logging_mixin.py:104} INFO - [2023-07-21 07:19:52,940] {dagbag.py:496} INFO - Filling up the DagBag from /home/airflow/.local/lib/python3.6/site-packages/airflow/example_dags/example_nested_branch_dag.py
[2023-07-21 07:19:52,991] {scheduler_job.py:643} INFO - DAG(s) dict_keys(['example_nested_branch_dag']) retrieved from /home/airflow/.local/lib/python3.6/site-packages/airflow/example_dags/example_nested_branch_dag.py
[2023-07-21 07:19:53,053] {logging_mixin.py:104} INFO - [2023-07-21 07:19:53,052] {dag.py:1833} INFO - Sync 1 DAGs
[2023-07-21 07:19:53,089] {logging_mixin.py:104} INFO - [2023-07-21 07:19:53,089] {dag.py:2306} INFO - Setting next_dagrun for example_nested_branch_dag to 2023-07-19 00:00:00+00:00
[2023-07-21 07:19:53,118] {scheduler_job.py:190} INFO - Processing /home/airflow/.local/lib/python3.6/site-packages/airflow/example_dags/example_nested_branch_dag.py took 0.197 seconds
[2023-07-21 07:20:23,358] {scheduler_job.py:182} INFO - Started process (PID=74607) to work on /home/airflow/.local/lib/python3.6/site-packages/airflow/example_dags/example_nested_branch_dag.py
[2023-07-21 07:20:23,370] {scheduler_job.py:633} INFO - Processing file /home/airflow/.local/lib/python3.6/site-packages/airflow/example_dags/example_nested_branch_dag.py for tasks to queue
[2023-07-21 07:20:23,375] {logging_mixin.py:104} INFO - [2023-07-21 07:20:23,375] {dagbag.py:496} INFO - Filling up the DagBag from /home/airflow/.local/lib/python3.6/site-packages/airflow/example_dags/example_nested_branch_dag.py
[2023-07-21 07:20:23,425] {scheduler_job.py:643} INFO - DAG(s) dict_keys(['example_nested_branch_dag']) retrieved from /home/airflow/.local/lib/python3.6/site-packages/airflow/example_dags/example_nested_branch_dag.py
[2023-07-21 07:20:23,479] {logging_mixin.py:104} INFO - [2023-07-21 07:20:23,479] {dag.py:1833} INFO - Sync 1 DAGs
[2023-07-21 07:20:23,514] {logging_mixin.py:104} INFO - [2023-07-21 07:20:23,514] {dag.py:2306} INFO - Setting next_dagrun for example_nested_branch_dag to 2023-07-19 00:00:00+00:00
[2023-07-21 07:20:23,541] {scheduler_job.py:190} INFO - Processing /home/airflow/.local/lib/python3.6/site-packages/airflow/example_dags/example_nested_branch_dag.py took 0.188 seconds
[2023-07-21 07:20:54,308] {scheduler_job.py:182} INFO - Started process (PID=74658) to work on /home/airflow/.local/lib/python3.6/site-packages/airflow/example_dags/example_nested_branch_dag.py
[2023-07-21 07:20:54,316] {scheduler_job.py:633} INFO - Processing file /home/airflow/.local/lib/python3.6/site-packages/airflow/example_dags/example_nested_branch_dag.py for tasks to queue
[2023-07-21 07:20:54,321] {logging_mixin.py:104} INFO - [2023-07-21 07:20:54,321] {dagbag.py:496} INFO - Filling up the DagBag from /home/airflow/.local/lib/python3.6/site-packages/airflow/example_dags/example_nested_branch_dag.py
[2023-07-21 07:20:54,390] {scheduler_job.py:643} INFO - DAG(s) dict_keys(['example_nested_branch_dag']) retrieved from /home/airflow/.local/lib/python3.6/site-packages/airflow/example_dags/example_nested_branch_dag.py
[2023-07-21 07:20:54,495] {logging_mixin.py:104} INFO - [2023-07-21 07:20:54,494] {dag.py:1833} INFO - Sync 1 DAGs
[2023-07-21 07:20:54,527] {logging_mixin.py:104} INFO - [2023-07-21 07:20:54,527] {dag.py:2306} INFO - Setting next_dagrun for example_nested_branch_dag to 2023-07-19 00:00:00+00:00
[2023-07-21 07:20:54,552] {scheduler_job.py:190} INFO - Processing /home/airflow/.local/lib/python3.6/site-packages/airflow/example_dags/example_nested_branch_dag.py took 0.253 seconds
[2023-07-21 07:21:25,061] {scheduler_job.py:182} INFO - Started process (PID=74717) to work on /home/airflow/.local/lib/python3.6/site-packages/airflow/example_dags/example_nested_branch_dag.py
[2023-07-21 07:21:25,068] {scheduler_job.py:633} INFO - Processing file /home/airflow/.local/lib/python3.6/site-packages/airflow/example_dags/example_nested_branch_dag.py for tasks to queue
[2023-07-21 07:21:25,074] {logging_mixin.py:104} INFO - [2023-07-21 07:21:25,072] {dagbag.py:496} INFO - Filling up the DagBag from /home/airflow/.local/lib/python3.6/site-packages/airflow/example_dags/example_nested_branch_dag.py
[2023-07-21 07:21:25,144] {scheduler_job.py:643} INFO - DAG(s) dict_keys(['example_nested_branch_dag']) retrieved from /home/airflow/.local/lib/python3.6/site-packages/airflow/example_dags/example_nested_branch_dag.py
[2023-07-21 07:21:25,243] {logging_mixin.py:104} INFO - [2023-07-21 07:21:25,243] {dag.py:1833} INFO - Sync 1 DAGs
[2023-07-21 07:21:25,315] {logging_mixin.py:104} INFO - [2023-07-21 07:21:25,315] {dag.py:2306} INFO - Setting next_dagrun for example_nested_branch_dag to 2023-07-19 00:00:00+00:00
[2023-07-21 07:21:25,339] {scheduler_job.py:190} INFO - Processing /home/airflow/.local/lib/python3.6/site-packages/airflow/example_dags/example_nested_branch_dag.py took 0.289 seconds
[2023-07-21 07:21:56,200] {scheduler_job.py:182} INFO - Started process (PID=74769) to work on /home/airflow/.local/lib/python3.6/site-packages/airflow/example_dags/example_nested_branch_dag.py
[2023-07-21 07:21:56,207] {scheduler_job.py:633} INFO - Processing file /home/airflow/.local/lib/python3.6/site-packages/airflow/example_dags/example_nested_branch_dag.py for tasks to queue
[2023-07-21 07:21:56,212] {logging_mixin.py:104} INFO - [2023-07-21 07:21:56,212] {dagbag.py:496} INFO - Filling up the DagBag from /home/airflow/.local/lib/python3.6/site-packages/airflow/example_dags/example_nested_branch_dag.py
[2023-07-21 07:21:56,275] {scheduler_job.py:643} INFO - DAG(s) dict_keys(['example_nested_branch_dag']) retrieved from /home/airflow/.local/lib/python3.6/site-packages/airflow/example_dags/example_nested_branch_dag.py
[2023-07-21 07:21:56,356] {logging_mixin.py:104} INFO - [2023-07-21 07:21:56,356] {dag.py:1833} INFO - Sync 1 DAGs
[2023-07-21 07:21:56,407] {logging_mixin.py:104} INFO - [2023-07-21 07:21:56,407] {dag.py:2306} INFO - Setting next_dagrun for example_nested_branch_dag to 2023-07-19 00:00:00+00:00
[2023-07-21 07:21:56,477] {scheduler_job.py:190} INFO - Processing /home/airflow/.local/lib/python3.6/site-packages/airflow/example_dags/example_nested_branch_dag.py took 0.290 seconds
[2023-07-21 07:22:27,289] {scheduler_job.py:182} INFO - Started process (PID=74820) to work on /home/airflow/.local/lib/python3.6/site-packages/airflow/example_dags/example_nested_branch_dag.py
[2023-07-21 07:22:27,294] {scheduler_job.py:633} INFO - Processing file /home/airflow/.local/lib/python3.6/site-packages/airflow/example_dags/example_nested_branch_dag.py for tasks to queue
[2023-07-21 07:22:27,296] {logging_mixin.py:104} INFO - [2023-07-21 07:22:27,296] {dagbag.py:496} INFO - Filling up the DagBag from /home/airflow/.local/lib/python3.6/site-packages/airflow/example_dags/example_nested_branch_dag.py
[2023-07-21 07:22:27,323] {scheduler_job.py:643} INFO - DAG(s) dict_keys(['example_nested_branch_dag']) retrieved from /home/airflow/.local/lib/python3.6/site-packages/airflow/example_dags/example_nested_branch_dag.py
[2023-07-21 07:22:27,376] {logging_mixin.py:104} INFO - [2023-07-21 07:22:27,376] {dag.py:1833} INFO - Sync 1 DAGs
[2023-07-21 07:22:27,396] {logging_mixin.py:104} INFO - [2023-07-21 07:22:27,395] {dag.py:2306} INFO - Setting next_dagrun for example_nested_branch_dag to 2023-07-19 00:00:00+00:00
[2023-07-21 07:22:27,423] {scheduler_job.py:190} INFO - Processing /home/airflow/.local/lib/python3.6/site-packages/airflow/example_dags/example_nested_branch_dag.py took 0.143 seconds
[2023-07-21 07:22:57,837] {scheduler_job.py:182} INFO - Started process (PID=74870) to work on /home/airflow/.local/lib/python3.6/site-packages/airflow/example_dags/example_nested_branch_dag.py
[2023-07-21 07:22:57,840] {scheduler_job.py:633} INFO - Processing file /home/airflow/.local/lib/python3.6/site-packages/airflow/example_dags/example_nested_branch_dag.py for tasks to queue
[2023-07-21 07:22:57,843] {logging_mixin.py:104} INFO - [2023-07-21 07:22:57,842] {dagbag.py:496} INFO - Filling up the DagBag from /home/airflow/.local/lib/python3.6/site-packages/airflow/example_dags/example_nested_branch_dag.py
[2023-07-21 07:22:57,897] {scheduler_job.py:643} INFO - DAG(s) dict_keys(['example_nested_branch_dag']) retrieved from /home/airflow/.local/lib/python3.6/site-packages/airflow/example_dags/example_nested_branch_dag.py
[2023-07-21 07:22:57,991] {logging_mixin.py:104} INFO - [2023-07-21 07:22:57,984] {dag.py:1833} INFO - Sync 1 DAGs
[2023-07-21 07:22:58,040] {logging_mixin.py:104} INFO - [2023-07-21 07:22:58,040] {dag.py:2306} INFO - Setting next_dagrun for example_nested_branch_dag to 2023-07-19 00:00:00+00:00
[2023-07-21 07:22:58,087] {scheduler_job.py:190} INFO - Processing /home/airflow/.local/lib/python3.6/site-packages/airflow/example_dags/example_nested_branch_dag.py took 0.255 seconds
[2023-07-21 07:23:28,312] {scheduler_job.py:182} INFO - Started process (PID=74931) to work on /home/airflow/.local/lib/python3.6/site-packages/airflow/example_dags/example_nested_branch_dag.py
[2023-07-21 07:23:28,321] {scheduler_job.py:633} INFO - Processing file /home/airflow/.local/lib/python3.6/site-packages/airflow/example_dags/example_nested_branch_dag.py for tasks to queue
[2023-07-21 07:23:28,327] {logging_mixin.py:104} INFO - [2023-07-21 07:23:28,326] {dagbag.py:496} INFO - Filling up the DagBag from /home/airflow/.local/lib/python3.6/site-packages/airflow/example_dags/example_nested_branch_dag.py
[2023-07-21 07:23:28,401] {scheduler_job.py:643} INFO - DAG(s) dict_keys(['example_nested_branch_dag']) retrieved from /home/airflow/.local/lib/python3.6/site-packages/airflow/example_dags/example_nested_branch_dag.py
[2023-07-21 07:23:28,435] {logging_mixin.py:104} INFO - [2023-07-21 07:23:28,434] {dag.py:1833} INFO - Sync 1 DAGs
[2023-07-21 07:23:28,456] {logging_mixin.py:104} INFO - [2023-07-21 07:23:28,456] {dag.py:2306} INFO - Setting next_dagrun for example_nested_branch_dag to 2023-07-19 00:00:00+00:00
[2023-07-21 07:23:28,476] {scheduler_job.py:190} INFO - Processing /home/airflow/.local/lib/python3.6/site-packages/airflow/example_dags/example_nested_branch_dag.py took 0.180 seconds
[2023-07-21 07:23:58,625] {scheduler_job.py:182} INFO - Started process (PID=74983) to work on /home/airflow/.local/lib/python3.6/site-packages/airflow/example_dags/example_nested_branch_dag.py
[2023-07-21 07:23:58,630] {scheduler_job.py:633} INFO - Processing file /home/airflow/.local/lib/python3.6/site-packages/airflow/example_dags/example_nested_branch_dag.py for tasks to queue
[2023-07-21 07:23:58,633] {logging_mixin.py:104} INFO - [2023-07-21 07:23:58,633] {dagbag.py:496} INFO - Filling up the DagBag from /home/airflow/.local/lib/python3.6/site-packages/airflow/example_dags/example_nested_branch_dag.py
[2023-07-21 07:23:58,664] {scheduler_job.py:643} INFO - DAG(s) dict_keys(['example_nested_branch_dag']) retrieved from /home/airflow/.local/lib/python3.6/site-packages/airflow/example_dags/example_nested_branch_dag.py
[2023-07-21 07:23:58,706] {logging_mixin.py:104} INFO - [2023-07-21 07:23:58,706] {dag.py:1833} INFO - Sync 1 DAGs
[2023-07-21 07:23:58,726] {logging_mixin.py:104} INFO - [2023-07-21 07:23:58,726] {dag.py:2306} INFO - Setting next_dagrun for example_nested_branch_dag to 2023-07-19 00:00:00+00:00
[2023-07-21 07:23:58,742] {scheduler_job.py:190} INFO - Processing /home/airflow/.local/lib/python3.6/site-packages/airflow/example_dags/example_nested_branch_dag.py took 0.127 seconds
[2023-07-21 07:24:28,983] {scheduler_job.py:182} INFO - Started process (PID=75033) to work on /home/airflow/.local/lib/python3.6/site-packages/airflow/example_dags/example_nested_branch_dag.py
[2023-07-21 07:24:28,988] {scheduler_job.py:633} INFO - Processing file /home/airflow/.local/lib/python3.6/site-packages/airflow/example_dags/example_nested_branch_dag.py for tasks to queue
[2023-07-21 07:24:28,995] {logging_mixin.py:104} INFO - [2023-07-21 07:24:28,995] {dagbag.py:496} INFO - Filling up the DagBag from /home/airflow/.local/lib/python3.6/site-packages/airflow/example_dags/example_nested_branch_dag.py
[2023-07-21 07:24:29,083] {scheduler_job.py:643} INFO - DAG(s) dict_keys(['example_nested_branch_dag']) retrieved from /home/airflow/.local/lib/python3.6/site-packages/airflow/example_dags/example_nested_branch_dag.py
[2023-07-21 07:24:29,166] {logging_mixin.py:104} INFO - [2023-07-21 07:24:29,166] {dag.py:1833} INFO - Sync 1 DAGs
[2023-07-21 07:24:29,239] {logging_mixin.py:104} INFO - [2023-07-21 07:24:29,238] {dag.py:2306} INFO - Setting next_dagrun for example_nested_branch_dag to 2023-07-19 00:00:00+00:00
[2023-07-21 07:24:29,274] {scheduler_job.py:190} INFO - Processing /home/airflow/.local/lib/python3.6/site-packages/airflow/example_dags/example_nested_branch_dag.py took 0.314 seconds
[2023-07-21 07:24:59,806] {scheduler_job.py:182} INFO - Started process (PID=75092) to work on /home/airflow/.local/lib/python3.6/site-packages/airflow/example_dags/example_nested_branch_dag.py
[2023-07-21 07:24:59,826] {scheduler_job.py:633} INFO - Processing file /home/airflow/.local/lib/python3.6/site-packages/airflow/example_dags/example_nested_branch_dag.py for tasks to queue
[2023-07-21 07:24:59,837] {logging_mixin.py:104} INFO - [2023-07-21 07:24:59,837] {dagbag.py:496} INFO - Filling up the DagBag from /home/airflow/.local/lib/python3.6/site-packages/airflow/example_dags/example_nested_branch_dag.py
[2023-07-21 07:24:59,943] {scheduler_job.py:643} INFO - DAG(s) dict_keys(['example_nested_branch_dag']) retrieved from /home/airflow/.local/lib/python3.6/site-packages/airflow/example_dags/example_nested_branch_dag.py
[2023-07-21 07:25:00,054] {logging_mixin.py:104} INFO - [2023-07-21 07:25:00,054] {dag.py:1833} INFO - Sync 1 DAGs
[2023-07-21 07:25:00,131] {logging_mixin.py:104} INFO - [2023-07-21 07:25:00,131] {dag.py:2306} INFO - Setting next_dagrun for example_nested_branch_dag to 2023-07-19 00:00:00+00:00
[2023-07-21 07:25:00,186] {scheduler_job.py:190} INFO - Processing /home/airflow/.local/lib/python3.6/site-packages/airflow/example_dags/example_nested_branch_dag.py took 0.407 seconds
[2023-07-21 07:25:30,751] {scheduler_job.py:182} INFO - Started process (PID=75143) to work on /home/airflow/.local/lib/python3.6/site-packages/airflow/example_dags/example_nested_branch_dag.py
[2023-07-21 07:25:30,760] {scheduler_job.py:633} INFO - Processing file /home/airflow/.local/lib/python3.6/site-packages/airflow/example_dags/example_nested_branch_dag.py for tasks to queue
[2023-07-21 07:25:30,769] {logging_mixin.py:104} INFO - [2023-07-21 07:25:30,769] {dagbag.py:496} INFO - Filling up the DagBag from /home/airflow/.local/lib/python3.6/site-packages/airflow/example_dags/example_nested_branch_dag.py
[2023-07-21 07:25:30,876] {scheduler_job.py:643} INFO - DAG(s) dict_keys(['example_nested_branch_dag']) retrieved from /home/airflow/.local/lib/python3.6/site-packages/airflow/example_dags/example_nested_branch_dag.py
[2023-07-21 07:25:30,991] {logging_mixin.py:104} INFO - [2023-07-21 07:25:30,991] {dag.py:1833} INFO - Sync 1 DAGs
[2023-07-21 07:25:31,038] {logging_mixin.py:104} INFO - [2023-07-21 07:25:31,038] {dag.py:2306} INFO - Setting next_dagrun for example_nested_branch_dag to 2023-07-19 00:00:00+00:00
[2023-07-21 07:25:31,109] {scheduler_job.py:190} INFO - Processing /home/airflow/.local/lib/python3.6/site-packages/airflow/example_dags/example_nested_branch_dag.py took 0.364 seconds
[2023-07-21 07:26:01,762] {scheduler_job.py:182} INFO - Started process (PID=75194) to work on /home/airflow/.local/lib/python3.6/site-packages/airflow/example_dags/example_nested_branch_dag.py
[2023-07-21 07:26:01,791] {scheduler_job.py:633} INFO - Processing file /home/airflow/.local/lib/python3.6/site-packages/airflow/example_dags/example_nested_branch_dag.py for tasks to queue
[2023-07-21 07:26:01,810] {logging_mixin.py:104} INFO - [2023-07-21 07:26:01,803] {dagbag.py:496} INFO - Filling up the DagBag from /home/airflow/.local/lib/python3.6/site-packages/airflow/example_dags/example_nested_branch_dag.py
[2023-07-21 07:26:01,961] {scheduler_job.py:643} INFO - DAG(s) dict_keys(['example_nested_branch_dag']) retrieved from /home/airflow/.local/lib/python3.6/site-packages/airflow/example_dags/example_nested_branch_dag.py
[2023-07-21 07:26:02,090] {logging_mixin.py:104} INFO - [2023-07-21 07:26:02,090] {dag.py:1833} INFO - Sync 1 DAGs
[2023-07-21 07:26:02,148] {logging_mixin.py:104} INFO - [2023-07-21 07:26:02,148] {dag.py:2306} INFO - Setting next_dagrun for example_nested_branch_dag to 2023-07-19 00:00:00+00:00
[2023-07-21 07:26:02,206] {scheduler_job.py:190} INFO - Processing /home/airflow/.local/lib/python3.6/site-packages/airflow/example_dags/example_nested_branch_dag.py took 0.478 seconds
[2023-07-21 07:26:32,515] {scheduler_job.py:182} INFO - Started process (PID=75245) to work on /home/airflow/.local/lib/python3.6/site-packages/airflow/example_dags/example_nested_branch_dag.py
[2023-07-21 07:26:32,523] {scheduler_job.py:633} INFO - Processing file /home/airflow/.local/lib/python3.6/site-packages/airflow/example_dags/example_nested_branch_dag.py for tasks to queue
[2023-07-21 07:26:32,531] {logging_mixin.py:104} INFO - [2023-07-21 07:26:32,529] {dagbag.py:496} INFO - Filling up the DagBag from /home/airflow/.local/lib/python3.6/site-packages/airflow/example_dags/example_nested_branch_dag.py
[2023-07-21 07:26:32,681] {scheduler_job.py:643} INFO - DAG(s) dict_keys(['example_nested_branch_dag']) retrieved from /home/airflow/.local/lib/python3.6/site-packages/airflow/example_dags/example_nested_branch_dag.py
[2023-07-21 07:26:32,745] {logging_mixin.py:104} INFO - [2023-07-21 07:26:32,745] {dag.py:1833} INFO - Sync 1 DAGs
[2023-07-21 07:26:32,825] {logging_mixin.py:104} INFO - [2023-07-21 07:26:32,825] {dag.py:2306} INFO - Setting next_dagrun for example_nested_branch_dag to 2023-07-19 00:00:00+00:00
[2023-07-21 07:26:32,868] {scheduler_job.py:190} INFO - Processing /home/airflow/.local/lib/python3.6/site-packages/airflow/example_dags/example_nested_branch_dag.py took 0.365 seconds
[2023-07-21 07:27:03,137] {scheduler_job.py:182} INFO - Started process (PID=75296) to work on /home/airflow/.local/lib/python3.6/site-packages/airflow/example_dags/example_nested_branch_dag.py
[2023-07-21 07:27:03,147] {scheduler_job.py:633} INFO - Processing file /home/airflow/.local/lib/python3.6/site-packages/airflow/example_dags/example_nested_branch_dag.py for tasks to queue
[2023-07-21 07:27:03,153] {logging_mixin.py:104} INFO - [2023-07-21 07:27:03,153] {dagbag.py:496} INFO - Filling up the DagBag from /home/airflow/.local/lib/python3.6/site-packages/airflow/example_dags/example_nested_branch_dag.py
[2023-07-21 07:27:03,201] {scheduler_job.py:643} INFO - DAG(s) dict_keys(['example_nested_branch_dag']) retrieved from /home/airflow/.local/lib/python3.6/site-packages/airflow/example_dags/example_nested_branch_dag.py
[2023-07-21 07:27:03,247] {logging_mixin.py:104} INFO - [2023-07-21 07:27:03,246] {dag.py:1833} INFO - Sync 1 DAGs
[2023-07-21 07:27:03,284] {logging_mixin.py:104} INFO - [2023-07-21 07:27:03,284] {dag.py:2306} INFO - Setting next_dagrun for example_nested_branch_dag to 2023-07-19 00:00:00+00:00
[2023-07-21 07:27:03,311] {scheduler_job.py:190} INFO - Processing /home/airflow/.local/lib/python3.6/site-packages/airflow/example_dags/example_nested_branch_dag.py took 0.179 seconds
[2023-07-21 07:27:33,960] {scheduler_job.py:182} INFO - Started process (PID=75356) to work on /home/airflow/.local/lib/python3.6/site-packages/airflow/example_dags/example_nested_branch_dag.py
[2023-07-21 07:27:33,964] {scheduler_job.py:633} INFO - Processing file /home/airflow/.local/lib/python3.6/site-packages/airflow/example_dags/example_nested_branch_dag.py for tasks to queue
[2023-07-21 07:27:33,967] {logging_mixin.py:104} INFO - [2023-07-21 07:27:33,967] {dagbag.py:496} INFO - Filling up the DagBag from /home/airflow/.local/lib/python3.6/site-packages/airflow/example_dags/example_nested_branch_dag.py
[2023-07-21 07:27:34,006] {scheduler_job.py:643} INFO - DAG(s) dict_keys(['example_nested_branch_dag']) retrieved from /home/airflow/.local/lib/python3.6/site-packages/airflow/example_dags/example_nested_branch_dag.py
[2023-07-21 07:27:34,046] {logging_mixin.py:104} INFO - [2023-07-21 07:27:34,046] {dag.py:1833} INFO - Sync 1 DAGs
[2023-07-21 07:27:34,095] {logging_mixin.py:104} INFO - [2023-07-21 07:27:34,095] {dag.py:2306} INFO - Setting next_dagrun for example_nested_branch_dag to 2023-07-19 00:00:00+00:00
[2023-07-21 07:27:34,127] {scheduler_job.py:190} INFO - Processing /home/airflow/.local/lib/python3.6/site-packages/airflow/example_dags/example_nested_branch_dag.py took 0.182 seconds
