[2023-07-21 07:13:37,076] {scheduler_job.py:182} INFO - Started process (PID=73910) to work on /home/airflow/.local/lib/python3.6/site-packages/airflow/example_dags/example_trigger_target_dag.py
[2023-07-21 07:13:37,087] {scheduler_job.py:633} INFO - Processing file /home/airflow/.local/lib/python3.6/site-packages/airflow/example_dags/example_trigger_target_dag.py for tasks to queue
[2023-07-21 07:13:37,092] {logging_mixin.py:104} INFO - [2023-07-21 07:13:37,092] {dagbag.py:496} INFO - Filling up the DagBag from /home/airflow/.local/lib/python3.6/site-packages/airflow/example_dags/example_trigger_target_dag.py
[2023-07-21 07:13:37,195] {scheduler_job.py:643} INFO - DAG(s) dict_keys(['example_trigger_target_dag']) retrieved from /home/airflow/.local/lib/python3.6/site-packages/airflow/example_dags/example_trigger_target_dag.py
[2023-07-21 07:13:38,468] {logging_mixin.py:104} INFO - [2023-07-21 07:13:38,468] {dag.py:1833} INFO - Sync 1 DAGs
[2023-07-21 07:13:38,507] {logging_mixin.py:104} INFO - [2023-07-21 07:13:38,507] {dag.py:2306} INFO - Setting next_dagrun for example_trigger_target_dag to None
[2023-07-21 07:13:38,546] {scheduler_job.py:190} INFO - Processing /home/airflow/.local/lib/python3.6/site-packages/airflow/example_dags/example_trigger_target_dag.py took 1.489 seconds
[2023-07-21 07:14:08,788] {scheduler_job.py:182} INFO - Started process (PID=73951) to work on /home/airflow/.local/lib/python3.6/site-packages/airflow/example_dags/example_trigger_target_dag.py
[2023-07-21 07:14:08,792] {scheduler_job.py:633} INFO - Processing file /home/airflow/.local/lib/python3.6/site-packages/airflow/example_dags/example_trigger_target_dag.py for tasks to queue
[2023-07-21 07:14:08,796] {logging_mixin.py:104} INFO - [2023-07-21 07:14:08,795] {dagbag.py:496} INFO - Filling up the DagBag from /home/airflow/.local/lib/python3.6/site-packages/airflow/example_dags/example_trigger_target_dag.py
[2023-07-21 07:14:08,855] {scheduler_job.py:643} INFO - DAG(s) dict_keys(['example_trigger_target_dag']) retrieved from /home/airflow/.local/lib/python3.6/site-packages/airflow/example_dags/example_trigger_target_dag.py
[2023-07-21 07:14:08,938] {logging_mixin.py:104} INFO - [2023-07-21 07:14:08,937] {dag.py:1833} INFO - Sync 1 DAGs
[2023-07-21 07:14:08,979] {logging_mixin.py:104} INFO - [2023-07-21 07:14:08,978] {dag.py:2306} INFO - Setting next_dagrun for example_trigger_target_dag to None
[2023-07-21 07:14:09,009] {scheduler_job.py:190} INFO - Processing /home/airflow/.local/lib/python3.6/site-packages/airflow/example_dags/example_trigger_target_dag.py took 0.234 seconds
[2023-07-21 07:14:39,636] {scheduler_job.py:182} INFO - Started process (PID=74007) to work on /home/airflow/.local/lib/python3.6/site-packages/airflow/example_dags/example_trigger_target_dag.py
[2023-07-21 07:14:39,649] {scheduler_job.py:633} INFO - Processing file /home/airflow/.local/lib/python3.6/site-packages/airflow/example_dags/example_trigger_target_dag.py for tasks to queue
[2023-07-21 07:14:39,656] {logging_mixin.py:104} INFO - [2023-07-21 07:14:39,653] {dagbag.py:496} INFO - Filling up the DagBag from /home/airflow/.local/lib/python3.6/site-packages/airflow/example_dags/example_trigger_target_dag.py
[2023-07-21 07:14:39,716] {scheduler_job.py:643} INFO - DAG(s) dict_keys(['example_trigger_target_dag']) retrieved from /home/airflow/.local/lib/python3.6/site-packages/airflow/example_dags/example_trigger_target_dag.py
[2023-07-21 07:14:39,780] {logging_mixin.py:104} INFO - [2023-07-21 07:14:39,780] {dag.py:1833} INFO - Sync 1 DAGs
[2023-07-21 07:14:39,817] {logging_mixin.py:104} INFO - [2023-07-21 07:14:39,816] {dag.py:2306} INFO - Setting next_dagrun for example_trigger_target_dag to None
[2023-07-21 07:14:39,849] {scheduler_job.py:190} INFO - Processing /home/airflow/.local/lib/python3.6/site-packages/airflow/example_dags/example_trigger_target_dag.py took 0.228 seconds
[2023-07-21 07:15:10,348] {scheduler_job.py:182} INFO - Started process (PID=74060) to work on /home/airflow/.local/lib/python3.6/site-packages/airflow/example_dags/example_trigger_target_dag.py
[2023-07-21 07:15:10,360] {scheduler_job.py:633} INFO - Processing file /home/airflow/.local/lib/python3.6/site-packages/airflow/example_dags/example_trigger_target_dag.py for tasks to queue
[2023-07-21 07:15:10,363] {logging_mixin.py:104} INFO - [2023-07-21 07:15:10,362] {dagbag.py:496} INFO - Filling up the DagBag from /home/airflow/.local/lib/python3.6/site-packages/airflow/example_dags/example_trigger_target_dag.py
[2023-07-21 07:15:10,423] {scheduler_job.py:643} INFO - DAG(s) dict_keys(['example_trigger_target_dag']) retrieved from /home/airflow/.local/lib/python3.6/site-packages/airflow/example_dags/example_trigger_target_dag.py
[2023-07-21 07:15:10,508] {logging_mixin.py:104} INFO - [2023-07-21 07:15:10,507] {dag.py:1833} INFO - Sync 1 DAGs
[2023-07-21 07:15:10,541] {logging_mixin.py:104} INFO - [2023-07-21 07:15:10,541] {dag.py:2306} INFO - Setting next_dagrun for example_trigger_target_dag to None
[2023-07-21 07:15:10,591] {scheduler_job.py:190} INFO - Processing /home/airflow/.local/lib/python3.6/site-packages/airflow/example_dags/example_trigger_target_dag.py took 0.249 seconds
[2023-07-21 07:15:40,969] {scheduler_job.py:182} INFO - Started process (PID=74112) to work on /home/airflow/.local/lib/python3.6/site-packages/airflow/example_dags/example_trigger_target_dag.py
[2023-07-21 07:15:40,973] {scheduler_job.py:633} INFO - Processing file /home/airflow/.local/lib/python3.6/site-packages/airflow/example_dags/example_trigger_target_dag.py for tasks to queue
[2023-07-21 07:15:40,975] {logging_mixin.py:104} INFO - [2023-07-21 07:15:40,975] {dagbag.py:496} INFO - Filling up the DagBag from /home/airflow/.local/lib/python3.6/site-packages/airflow/example_dags/example_trigger_target_dag.py
[2023-07-21 07:15:41,004] {scheduler_job.py:643} INFO - DAG(s) dict_keys(['example_trigger_target_dag']) retrieved from /home/airflow/.local/lib/python3.6/site-packages/airflow/example_dags/example_trigger_target_dag.py
[2023-07-21 07:15:41,048] {logging_mixin.py:104} INFO - [2023-07-21 07:15:41,048] {dag.py:1833} INFO - Sync 1 DAGs
[2023-07-21 07:15:41,074] {logging_mixin.py:104} INFO - [2023-07-21 07:15:41,073] {dag.py:2306} INFO - Setting next_dagrun for example_trigger_target_dag to None
[2023-07-21 07:15:41,095] {scheduler_job.py:190} INFO - Processing /home/airflow/.local/lib/python3.6/site-packages/airflow/example_dags/example_trigger_target_dag.py took 0.133 seconds
[2023-07-21 07:16:11,459] {scheduler_job.py:182} INFO - Started process (PID=74162) to work on /home/airflow/.local/lib/python3.6/site-packages/airflow/example_dags/example_trigger_target_dag.py
[2023-07-21 07:16:11,469] {scheduler_job.py:633} INFO - Processing file /home/airflow/.local/lib/python3.6/site-packages/airflow/example_dags/example_trigger_target_dag.py for tasks to queue
[2023-07-21 07:16:11,478] {logging_mixin.py:104} INFO - [2023-07-21 07:16:11,477] {dagbag.py:496} INFO - Filling up the DagBag from /home/airflow/.local/lib/python3.6/site-packages/airflow/example_dags/example_trigger_target_dag.py
[2023-07-21 07:16:11,522] {scheduler_job.py:643} INFO - DAG(s) dict_keys(['example_trigger_target_dag']) retrieved from /home/airflow/.local/lib/python3.6/site-packages/airflow/example_dags/example_trigger_target_dag.py
[2023-07-21 07:16:11,575] {logging_mixin.py:104} INFO - [2023-07-21 07:16:11,575] {dag.py:1833} INFO - Sync 1 DAGs
[2023-07-21 07:16:11,611] {logging_mixin.py:104} INFO - [2023-07-21 07:16:11,610] {dag.py:2306} INFO - Setting next_dagrun for example_trigger_target_dag to None
[2023-07-21 07:16:11,629] {scheduler_job.py:190} INFO - Processing /home/airflow/.local/lib/python3.6/site-packages/airflow/example_dags/example_trigger_target_dag.py took 0.185 seconds
[2023-07-21 07:16:42,020] {scheduler_job.py:182} INFO - Started process (PID=74223) to work on /home/airflow/.local/lib/python3.6/site-packages/airflow/example_dags/example_trigger_target_dag.py
[2023-07-21 07:16:42,024] {scheduler_job.py:633} INFO - Processing file /home/airflow/.local/lib/python3.6/site-packages/airflow/example_dags/example_trigger_target_dag.py for tasks to queue
[2023-07-21 07:16:42,034] {logging_mixin.py:104} INFO - [2023-07-21 07:16:42,034] {dagbag.py:496} INFO - Filling up the DagBag from /home/airflow/.local/lib/python3.6/site-packages/airflow/example_dags/example_trigger_target_dag.py
[2023-07-21 07:16:42,080] {scheduler_job.py:643} INFO - DAG(s) dict_keys(['example_trigger_target_dag']) retrieved from /home/airflow/.local/lib/python3.6/site-packages/airflow/example_dags/example_trigger_target_dag.py
[2023-07-21 07:16:42,114] {logging_mixin.py:104} INFO - [2023-07-21 07:16:42,114] {dag.py:1833} INFO - Sync 1 DAGs
[2023-07-21 07:16:42,134] {logging_mixin.py:104} INFO - [2023-07-21 07:16:42,134] {dag.py:2306} INFO - Setting next_dagrun for example_trigger_target_dag to None
[2023-07-21 07:16:42,164] {scheduler_job.py:190} INFO - Processing /home/airflow/.local/lib/python3.6/site-packages/airflow/example_dags/example_trigger_target_dag.py took 0.151 seconds
[2023-07-21 07:17:12,622] {scheduler_job.py:182} INFO - Started process (PID=74276) to work on /home/airflow/.local/lib/python3.6/site-packages/airflow/example_dags/example_trigger_target_dag.py
[2023-07-21 07:17:12,625] {scheduler_job.py:633} INFO - Processing file /home/airflow/.local/lib/python3.6/site-packages/airflow/example_dags/example_trigger_target_dag.py for tasks to queue
[2023-07-21 07:17:12,630] {logging_mixin.py:104} INFO - [2023-07-21 07:17:12,630] {dagbag.py:496} INFO - Filling up the DagBag from /home/airflow/.local/lib/python3.6/site-packages/airflow/example_dags/example_trigger_target_dag.py
[2023-07-21 07:17:12,664] {scheduler_job.py:643} INFO - DAG(s) dict_keys(['example_trigger_target_dag']) retrieved from /home/airflow/.local/lib/python3.6/site-packages/airflow/example_dags/example_trigger_target_dag.py
[2023-07-21 07:17:12,703] {logging_mixin.py:104} INFO - [2023-07-21 07:17:12,702] {dag.py:1833} INFO - Sync 1 DAGs
[2023-07-21 07:17:12,737] {logging_mixin.py:104} INFO - [2023-07-21 07:17:12,736] {dag.py:2306} INFO - Setting next_dagrun for example_trigger_target_dag to None
[2023-07-21 07:17:12,755] {scheduler_job.py:190} INFO - Processing /home/airflow/.local/lib/python3.6/site-packages/airflow/example_dags/example_trigger_target_dag.py took 0.144 seconds
[2023-07-21 07:17:42,922] {scheduler_job.py:182} INFO - Started process (PID=74325) to work on /home/airflow/.local/lib/python3.6/site-packages/airflow/example_dags/example_trigger_target_dag.py
[2023-07-21 07:17:42,926] {scheduler_job.py:633} INFO - Processing file /home/airflow/.local/lib/python3.6/site-packages/airflow/example_dags/example_trigger_target_dag.py for tasks to queue
[2023-07-21 07:17:42,929] {logging_mixin.py:104} INFO - [2023-07-21 07:17:42,928] {dagbag.py:496} INFO - Filling up the DagBag from /home/airflow/.local/lib/python3.6/site-packages/airflow/example_dags/example_trigger_target_dag.py
[2023-07-21 07:17:42,962] {scheduler_job.py:643} INFO - DAG(s) dict_keys(['example_trigger_target_dag']) retrieved from /home/airflow/.local/lib/python3.6/site-packages/airflow/example_dags/example_trigger_target_dag.py
[2023-07-21 07:17:43,000] {logging_mixin.py:104} INFO - [2023-07-21 07:17:43,000] {dag.py:1833} INFO - Sync 1 DAGs
[2023-07-21 07:17:43,016] {logging_mixin.py:104} INFO - [2023-07-21 07:17:43,016] {dag.py:2306} INFO - Setting next_dagrun for example_trigger_target_dag to None
[2023-07-21 07:17:43,035] {scheduler_job.py:190} INFO - Processing /home/airflow/.local/lib/python3.6/site-packages/airflow/example_dags/example_trigger_target_dag.py took 0.120 seconds
[2023-07-21 07:18:13,313] {scheduler_job.py:182} INFO - Started process (PID=74383) to work on /home/airflow/.local/lib/python3.6/site-packages/airflow/example_dags/example_trigger_target_dag.py
[2023-07-21 07:18:13,327] {scheduler_job.py:633} INFO - Processing file /home/airflow/.local/lib/python3.6/site-packages/airflow/example_dags/example_trigger_target_dag.py for tasks to queue
[2023-07-21 07:18:13,330] {logging_mixin.py:104} INFO - [2023-07-21 07:18:13,329] {dagbag.py:496} INFO - Filling up the DagBag from /home/airflow/.local/lib/python3.6/site-packages/airflow/example_dags/example_trigger_target_dag.py
[2023-07-21 07:18:13,415] {scheduler_job.py:643} INFO - DAG(s) dict_keys(['example_trigger_target_dag']) retrieved from /home/airflow/.local/lib/python3.6/site-packages/airflow/example_dags/example_trigger_target_dag.py
[2023-07-21 07:18:13,488] {logging_mixin.py:104} INFO - [2023-07-21 07:18:13,487] {dag.py:1833} INFO - Sync 1 DAGs
[2023-07-21 07:18:13,568] {logging_mixin.py:104} INFO - [2023-07-21 07:18:13,568] {dag.py:2306} INFO - Setting next_dagrun for example_trigger_target_dag to None
[2023-07-21 07:18:13,614] {scheduler_job.py:190} INFO - Processing /home/airflow/.local/lib/python3.6/site-packages/airflow/example_dags/example_trigger_target_dag.py took 0.306 seconds
[2023-07-21 07:18:43,772] {scheduler_job.py:182} INFO - Started process (PID=74435) to work on /home/airflow/.local/lib/python3.6/site-packages/airflow/example_dags/example_trigger_target_dag.py
[2023-07-21 07:18:43,781] {scheduler_job.py:633} INFO - Processing file /home/airflow/.local/lib/python3.6/site-packages/airflow/example_dags/example_trigger_target_dag.py for tasks to queue
[2023-07-21 07:18:43,784] {logging_mixin.py:104} INFO - [2023-07-21 07:18:43,783] {dagbag.py:496} INFO - Filling up the DagBag from /home/airflow/.local/lib/python3.6/site-packages/airflow/example_dags/example_trigger_target_dag.py
[2023-07-21 07:18:43,829] {scheduler_job.py:643} INFO - DAG(s) dict_keys(['example_trigger_target_dag']) retrieved from /home/airflow/.local/lib/python3.6/site-packages/airflow/example_dags/example_trigger_target_dag.py
[2023-07-21 07:18:43,882] {logging_mixin.py:104} INFO - [2023-07-21 07:18:43,882] {dag.py:1833} INFO - Sync 1 DAGs
[2023-07-21 07:18:43,900] {logging_mixin.py:104} INFO - [2023-07-21 07:18:43,900] {dag.py:2306} INFO - Setting next_dagrun for example_trigger_target_dag to None
[2023-07-21 07:18:43,917] {scheduler_job.py:190} INFO - Processing /home/airflow/.local/lib/python3.6/site-packages/airflow/example_dags/example_trigger_target_dag.py took 0.149 seconds
[2023-07-21 07:19:14,239] {scheduler_job.py:182} INFO - Started process (PID=74487) to work on /home/airflow/.local/lib/python3.6/site-packages/airflow/example_dags/example_trigger_target_dag.py
[2023-07-21 07:19:14,243] {scheduler_job.py:633} INFO - Processing file /home/airflow/.local/lib/python3.6/site-packages/airflow/example_dags/example_trigger_target_dag.py for tasks to queue
[2023-07-21 07:19:14,245] {logging_mixin.py:104} INFO - [2023-07-21 07:19:14,245] {dagbag.py:496} INFO - Filling up the DagBag from /home/airflow/.local/lib/python3.6/site-packages/airflow/example_dags/example_trigger_target_dag.py
[2023-07-21 07:19:14,270] {scheduler_job.py:643} INFO - DAG(s) dict_keys(['example_trigger_target_dag']) retrieved from /home/airflow/.local/lib/python3.6/site-packages/airflow/example_dags/example_trigger_target_dag.py
[2023-07-21 07:19:14,311] {logging_mixin.py:104} INFO - [2023-07-21 07:19:14,311] {dag.py:1833} INFO - Sync 1 DAGs
[2023-07-21 07:19:14,338] {logging_mixin.py:104} INFO - [2023-07-21 07:19:14,337] {dag.py:2306} INFO - Setting next_dagrun for example_trigger_target_dag to None
[2023-07-21 07:19:14,360] {scheduler_job.py:190} INFO - Processing /home/airflow/.local/lib/python3.6/site-packages/airflow/example_dags/example_trigger_target_dag.py took 0.129 seconds
[2023-07-21 07:19:45,070] {scheduler_job.py:182} INFO - Started process (PID=74537) to work on /home/airflow/.local/lib/python3.6/site-packages/airflow/example_dags/example_trigger_target_dag.py
[2023-07-21 07:19:45,077] {scheduler_job.py:633} INFO - Processing file /home/airflow/.local/lib/python3.6/site-packages/airflow/example_dags/example_trigger_target_dag.py for tasks to queue
[2023-07-21 07:19:45,083] {logging_mixin.py:104} INFO - [2023-07-21 07:19:45,083] {dagbag.py:496} INFO - Filling up the DagBag from /home/airflow/.local/lib/python3.6/site-packages/airflow/example_dags/example_trigger_target_dag.py
[2023-07-21 07:19:45,140] {scheduler_job.py:643} INFO - DAG(s) dict_keys(['example_trigger_target_dag']) retrieved from /home/airflow/.local/lib/python3.6/site-packages/airflow/example_dags/example_trigger_target_dag.py
[2023-07-21 07:19:45,194] {logging_mixin.py:104} INFO - [2023-07-21 07:19:45,192] {dag.py:1833} INFO - Sync 1 DAGs
[2023-07-21 07:19:45,274] {logging_mixin.py:104} INFO - [2023-07-21 07:19:45,273] {dag.py:2306} INFO - Setting next_dagrun for example_trigger_target_dag to None
[2023-07-21 07:19:45,330] {scheduler_job.py:190} INFO - Processing /home/airflow/.local/lib/python3.6/site-packages/airflow/example_dags/example_trigger_target_dag.py took 0.267 seconds
[2023-07-21 07:20:16,164] {scheduler_job.py:182} INFO - Started process (PID=74598) to work on /home/airflow/.local/lib/python3.6/site-packages/airflow/example_dags/example_trigger_target_dag.py
[2023-07-21 07:20:16,172] {scheduler_job.py:633} INFO - Processing file /home/airflow/.local/lib/python3.6/site-packages/airflow/example_dags/example_trigger_target_dag.py for tasks to queue
[2023-07-21 07:20:16,174] {logging_mixin.py:104} INFO - [2023-07-21 07:20:16,173] {dagbag.py:496} INFO - Filling up the DagBag from /home/airflow/.local/lib/python3.6/site-packages/airflow/example_dags/example_trigger_target_dag.py
[2023-07-21 07:20:16,230] {scheduler_job.py:643} INFO - DAG(s) dict_keys(['example_trigger_target_dag']) retrieved from /home/airflow/.local/lib/python3.6/site-packages/airflow/example_dags/example_trigger_target_dag.py
[2023-07-21 07:20:16,278] {logging_mixin.py:104} INFO - [2023-07-21 07:20:16,278] {dag.py:1833} INFO - Sync 1 DAGs
[2023-07-21 07:20:16,312] {logging_mixin.py:104} INFO - [2023-07-21 07:20:16,312] {dag.py:2306} INFO - Setting next_dagrun for example_trigger_target_dag to None
[2023-07-21 07:20:16,335] {scheduler_job.py:190} INFO - Processing /home/airflow/.local/lib/python3.6/site-packages/airflow/example_dags/example_trigger_target_dag.py took 0.180 seconds
[2023-07-21 07:20:46,415] {scheduler_job.py:182} INFO - Started process (PID=74649) to work on /home/airflow/.local/lib/python3.6/site-packages/airflow/example_dags/example_trigger_target_dag.py
[2023-07-21 07:20:46,418] {scheduler_job.py:633} INFO - Processing file /home/airflow/.local/lib/python3.6/site-packages/airflow/example_dags/example_trigger_target_dag.py for tasks to queue
[2023-07-21 07:20:46,422] {logging_mixin.py:104} INFO - [2023-07-21 07:20:46,422] {dagbag.py:496} INFO - Filling up the DagBag from /home/airflow/.local/lib/python3.6/site-packages/airflow/example_dags/example_trigger_target_dag.py
[2023-07-21 07:20:46,449] {scheduler_job.py:643} INFO - DAG(s) dict_keys(['example_trigger_target_dag']) retrieved from /home/airflow/.local/lib/python3.6/site-packages/airflow/example_dags/example_trigger_target_dag.py
[2023-07-21 07:20:46,480] {logging_mixin.py:104} INFO - [2023-07-21 07:20:46,480] {dag.py:1833} INFO - Sync 1 DAGs
[2023-07-21 07:20:46,501] {logging_mixin.py:104} INFO - [2023-07-21 07:20:46,501] {dag.py:2306} INFO - Setting next_dagrun for example_trigger_target_dag to None
[2023-07-21 07:20:46,524] {scheduler_job.py:190} INFO - Processing /home/airflow/.local/lib/python3.6/site-packages/airflow/example_dags/example_trigger_target_dag.py took 0.121 seconds
[2023-07-21 07:21:16,923] {scheduler_job.py:182} INFO - Started process (PID=74700) to work on /home/airflow/.local/lib/python3.6/site-packages/airflow/example_dags/example_trigger_target_dag.py
[2023-07-21 07:21:16,927] {scheduler_job.py:633} INFO - Processing file /home/airflow/.local/lib/python3.6/site-packages/airflow/example_dags/example_trigger_target_dag.py for tasks to queue
[2023-07-21 07:21:16,930] {logging_mixin.py:104} INFO - [2023-07-21 07:21:16,929] {dagbag.py:496} INFO - Filling up the DagBag from /home/airflow/.local/lib/python3.6/site-packages/airflow/example_dags/example_trigger_target_dag.py
[2023-07-21 07:21:16,967] {scheduler_job.py:643} INFO - DAG(s) dict_keys(['example_trigger_target_dag']) retrieved from /home/airflow/.local/lib/python3.6/site-packages/airflow/example_dags/example_trigger_target_dag.py
[2023-07-21 07:21:17,012] {logging_mixin.py:104} INFO - [2023-07-21 07:21:17,012] {dag.py:1833} INFO - Sync 1 DAGs
[2023-07-21 07:21:17,034] {logging_mixin.py:104} INFO - [2023-07-21 07:21:17,034] {dag.py:2306} INFO - Setting next_dagrun for example_trigger_target_dag to None
[2023-07-21 07:21:17,060] {scheduler_job.py:190} INFO - Processing /home/airflow/.local/lib/python3.6/site-packages/airflow/example_dags/example_trigger_target_dag.py took 0.148 seconds
[2023-07-21 07:21:47,761] {scheduler_job.py:182} INFO - Started process (PID=74750) to work on /home/airflow/.local/lib/python3.6/site-packages/airflow/example_dags/example_trigger_target_dag.py
[2023-07-21 07:21:47,764] {scheduler_job.py:633} INFO - Processing file /home/airflow/.local/lib/python3.6/site-packages/airflow/example_dags/example_trigger_target_dag.py for tasks to queue
[2023-07-21 07:21:47,776] {logging_mixin.py:104} INFO - [2023-07-21 07:21:47,776] {dagbag.py:496} INFO - Filling up the DagBag from /home/airflow/.local/lib/python3.6/site-packages/airflow/example_dags/example_trigger_target_dag.py
[2023-07-21 07:21:47,975] {scheduler_job.py:643} INFO - DAG(s) dict_keys(['example_trigger_target_dag']) retrieved from /home/airflow/.local/lib/python3.6/site-packages/airflow/example_dags/example_trigger_target_dag.py
[2023-07-21 07:21:48,071] {logging_mixin.py:104} INFO - [2023-07-21 07:21:48,071] {dag.py:1833} INFO - Sync 1 DAGs
[2023-07-21 07:21:48,100] {logging_mixin.py:104} INFO - [2023-07-21 07:21:48,100] {dag.py:2306} INFO - Setting next_dagrun for example_trigger_target_dag to None
[2023-07-21 07:21:48,124] {scheduler_job.py:190} INFO - Processing /home/airflow/.local/lib/python3.6/site-packages/airflow/example_dags/example_trigger_target_dag.py took 0.399 seconds
[2023-07-21 07:22:18,973] {scheduler_job.py:182} INFO - Started process (PID=74808) to work on /home/airflow/.local/lib/python3.6/site-packages/airflow/example_dags/example_trigger_target_dag.py
[2023-07-21 07:22:18,976] {scheduler_job.py:633} INFO - Processing file /home/airflow/.local/lib/python3.6/site-packages/airflow/example_dags/example_trigger_target_dag.py for tasks to queue
[2023-07-21 07:22:18,983] {logging_mixin.py:104} INFO - [2023-07-21 07:22:18,978] {dagbag.py:496} INFO - Filling up the DagBag from /home/airflow/.local/lib/python3.6/site-packages/airflow/example_dags/example_trigger_target_dag.py
[2023-07-21 07:22:19,024] {scheduler_job.py:643} INFO - DAG(s) dict_keys(['example_trigger_target_dag']) retrieved from /home/airflow/.local/lib/python3.6/site-packages/airflow/example_dags/example_trigger_target_dag.py
[2023-07-21 07:22:19,080] {logging_mixin.py:104} INFO - [2023-07-21 07:22:19,080] {dag.py:1833} INFO - Sync 1 DAGs
[2023-07-21 07:22:19,108] {logging_mixin.py:104} INFO - [2023-07-21 07:22:19,108] {dag.py:2306} INFO - Setting next_dagrun for example_trigger_target_dag to None
[2023-07-21 07:22:19,131] {scheduler_job.py:190} INFO - Processing /home/airflow/.local/lib/python3.6/site-packages/airflow/example_dags/example_trigger_target_dag.py took 0.162 seconds
[2023-07-21 07:22:49,619] {scheduler_job.py:182} INFO - Started process (PID=74861) to work on /home/airflow/.local/lib/python3.6/site-packages/airflow/example_dags/example_trigger_target_dag.py
[2023-07-21 07:22:49,623] {scheduler_job.py:633} INFO - Processing file /home/airflow/.local/lib/python3.6/site-packages/airflow/example_dags/example_trigger_target_dag.py for tasks to queue
[2023-07-21 07:22:49,625] {logging_mixin.py:104} INFO - [2023-07-21 07:22:49,625] {dagbag.py:496} INFO - Filling up the DagBag from /home/airflow/.local/lib/python3.6/site-packages/airflow/example_dags/example_trigger_target_dag.py
[2023-07-21 07:22:49,655] {scheduler_job.py:643} INFO - DAG(s) dict_keys(['example_trigger_target_dag']) retrieved from /home/airflow/.local/lib/python3.6/site-packages/airflow/example_dags/example_trigger_target_dag.py
[2023-07-21 07:22:49,694] {logging_mixin.py:104} INFO - [2023-07-21 07:22:49,694] {dag.py:1833} INFO - Sync 1 DAGs
[2023-07-21 07:22:49,741] {logging_mixin.py:104} INFO - [2023-07-21 07:22:49,740] {dag.py:2306} INFO - Setting next_dagrun for example_trigger_target_dag to None
[2023-07-21 07:22:49,790] {scheduler_job.py:190} INFO - Processing /home/airflow/.local/lib/python3.6/site-packages/airflow/example_dags/example_trigger_target_dag.py took 0.181 seconds
[2023-07-21 07:23:20,186] {scheduler_job.py:182} INFO - Started process (PID=74912) to work on /home/airflow/.local/lib/python3.6/site-packages/airflow/example_dags/example_trigger_target_dag.py
[2023-07-21 07:23:20,193] {scheduler_job.py:633} INFO - Processing file /home/airflow/.local/lib/python3.6/site-packages/airflow/example_dags/example_trigger_target_dag.py for tasks to queue
[2023-07-21 07:23:20,196] {logging_mixin.py:104} INFO - [2023-07-21 07:23:20,196] {dagbag.py:496} INFO - Filling up the DagBag from /home/airflow/.local/lib/python3.6/site-packages/airflow/example_dags/example_trigger_target_dag.py
[2023-07-21 07:23:20,238] {scheduler_job.py:643} INFO - DAG(s) dict_keys(['example_trigger_target_dag']) retrieved from /home/airflow/.local/lib/python3.6/site-packages/airflow/example_dags/example_trigger_target_dag.py
[2023-07-21 07:23:20,292] {logging_mixin.py:104} INFO - [2023-07-21 07:23:20,292] {dag.py:1833} INFO - Sync 1 DAGs
[2023-07-21 07:23:20,337] {logging_mixin.py:104} INFO - [2023-07-21 07:23:20,337] {dag.py:2306} INFO - Setting next_dagrun for example_trigger_target_dag to None
[2023-07-21 07:23:20,373] {scheduler_job.py:190} INFO - Processing /home/airflow/.local/lib/python3.6/site-packages/airflow/example_dags/example_trigger_target_dag.py took 0.198 seconds
[2023-07-21 07:23:50,591] {scheduler_job.py:182} INFO - Started process (PID=74973) to work on /home/airflow/.local/lib/python3.6/site-packages/airflow/example_dags/example_trigger_target_dag.py
[2023-07-21 07:23:50,599] {scheduler_job.py:633} INFO - Processing file /home/airflow/.local/lib/python3.6/site-packages/airflow/example_dags/example_trigger_target_dag.py for tasks to queue
[2023-07-21 07:23:50,603] {logging_mixin.py:104} INFO - [2023-07-21 07:23:50,602] {dagbag.py:496} INFO - Filling up the DagBag from /home/airflow/.local/lib/python3.6/site-packages/airflow/example_dags/example_trigger_target_dag.py
[2023-07-21 07:23:50,633] {scheduler_job.py:643} INFO - DAG(s) dict_keys(['example_trigger_target_dag']) retrieved from /home/airflow/.local/lib/python3.6/site-packages/airflow/example_dags/example_trigger_target_dag.py
[2023-07-21 07:23:50,685] {logging_mixin.py:104} INFO - [2023-07-21 07:23:50,684] {dag.py:1833} INFO - Sync 1 DAGs
[2023-07-21 07:23:50,722] {logging_mixin.py:104} INFO - [2023-07-21 07:23:50,722] {dag.py:2306} INFO - Setting next_dagrun for example_trigger_target_dag to None
[2023-07-21 07:23:50,744] {scheduler_job.py:190} INFO - Processing /home/airflow/.local/lib/python3.6/site-packages/airflow/example_dags/example_trigger_target_dag.py took 0.163 seconds
[2023-07-21 07:24:21,066] {scheduler_job.py:182} INFO - Started process (PID=75024) to work on /home/airflow/.local/lib/python3.6/site-packages/airflow/example_dags/example_trigger_target_dag.py
[2023-07-21 07:24:21,070] {scheduler_job.py:633} INFO - Processing file /home/airflow/.local/lib/python3.6/site-packages/airflow/example_dags/example_trigger_target_dag.py for tasks to queue
[2023-07-21 07:24:21,074] {logging_mixin.py:104} INFO - [2023-07-21 07:24:21,074] {dagbag.py:496} INFO - Filling up the DagBag from /home/airflow/.local/lib/python3.6/site-packages/airflow/example_dags/example_trigger_target_dag.py
[2023-07-21 07:24:21,121] {scheduler_job.py:643} INFO - DAG(s) dict_keys(['example_trigger_target_dag']) retrieved from /home/airflow/.local/lib/python3.6/site-packages/airflow/example_dags/example_trigger_target_dag.py
[2023-07-21 07:24:21,164] {logging_mixin.py:104} INFO - [2023-07-21 07:24:21,164] {dag.py:1833} INFO - Sync 1 DAGs
[2023-07-21 07:24:21,192] {logging_mixin.py:104} INFO - [2023-07-21 07:24:21,192] {dag.py:2306} INFO - Setting next_dagrun for example_trigger_target_dag to None
[2023-07-21 07:24:21,214] {scheduler_job.py:190} INFO - Processing /home/airflow/.local/lib/python3.6/site-packages/airflow/example_dags/example_trigger_target_dag.py took 0.157 seconds
[2023-07-21 07:24:51,701] {scheduler_job.py:182} INFO - Started process (PID=75074) to work on /home/airflow/.local/lib/python3.6/site-packages/airflow/example_dags/example_trigger_target_dag.py
[2023-07-21 07:24:51,710] {scheduler_job.py:633} INFO - Processing file /home/airflow/.local/lib/python3.6/site-packages/airflow/example_dags/example_trigger_target_dag.py for tasks to queue
[2023-07-21 07:24:51,713] {logging_mixin.py:104} INFO - [2023-07-21 07:24:51,713] {dagbag.py:496} INFO - Filling up the DagBag from /home/airflow/.local/lib/python3.6/site-packages/airflow/example_dags/example_trigger_target_dag.py
[2023-07-21 07:24:51,764] {scheduler_job.py:643} INFO - DAG(s) dict_keys(['example_trigger_target_dag']) retrieved from /home/airflow/.local/lib/python3.6/site-packages/airflow/example_dags/example_trigger_target_dag.py
[2023-07-21 07:24:51,870] {logging_mixin.py:104} INFO - [2023-07-21 07:24:51,870] {dag.py:1833} INFO - Sync 1 DAGs
[2023-07-21 07:24:51,905] {logging_mixin.py:104} INFO - [2023-07-21 07:24:51,905] {dag.py:2306} INFO - Setting next_dagrun for example_trigger_target_dag to None
[2023-07-21 07:24:51,943] {scheduler_job.py:190} INFO - Processing /home/airflow/.local/lib/python3.6/site-packages/airflow/example_dags/example_trigger_target_dag.py took 0.252 seconds
[2023-07-21 07:25:22,249] {scheduler_job.py:182} INFO - Started process (PID=75124) to work on /home/airflow/.local/lib/python3.6/site-packages/airflow/example_dags/example_trigger_target_dag.py
[2023-07-21 07:25:22,252] {scheduler_job.py:633} INFO - Processing file /home/airflow/.local/lib/python3.6/site-packages/airflow/example_dags/example_trigger_target_dag.py for tasks to queue
[2023-07-21 07:25:22,253] {logging_mixin.py:104} INFO - [2023-07-21 07:25:22,253] {dagbag.py:496} INFO - Filling up the DagBag from /home/airflow/.local/lib/python3.6/site-packages/airflow/example_dags/example_trigger_target_dag.py
[2023-07-21 07:25:22,305] {scheduler_job.py:643} INFO - DAG(s) dict_keys(['example_trigger_target_dag']) retrieved from /home/airflow/.local/lib/python3.6/site-packages/airflow/example_dags/example_trigger_target_dag.py
[2023-07-21 07:25:22,385] {logging_mixin.py:104} INFO - [2023-07-21 07:25:22,385] {dag.py:1833} INFO - Sync 1 DAGs
[2023-07-21 07:25:22,437] {logging_mixin.py:104} INFO - [2023-07-21 07:25:22,436] {dag.py:2306} INFO - Setting next_dagrun for example_trigger_target_dag to None
[2023-07-21 07:25:22,461] {scheduler_job.py:190} INFO - Processing /home/airflow/.local/lib/python3.6/site-packages/airflow/example_dags/example_trigger_target_dag.py took 0.230 seconds
[2023-07-21 07:25:52,799] {scheduler_job.py:182} INFO - Started process (PID=75175) to work on /home/airflow/.local/lib/python3.6/site-packages/airflow/example_dags/example_trigger_target_dag.py
[2023-07-21 07:25:52,805] {scheduler_job.py:633} INFO - Processing file /home/airflow/.local/lib/python3.6/site-packages/airflow/example_dags/example_trigger_target_dag.py for tasks to queue
[2023-07-21 07:25:52,809] {logging_mixin.py:104} INFO - [2023-07-21 07:25:52,809] {dagbag.py:496} INFO - Filling up the DagBag from /home/airflow/.local/lib/python3.6/site-packages/airflow/example_dags/example_trigger_target_dag.py
[2023-07-21 07:25:52,863] {scheduler_job.py:643} INFO - DAG(s) dict_keys(['example_trigger_target_dag']) retrieved from /home/airflow/.local/lib/python3.6/site-packages/airflow/example_dags/example_trigger_target_dag.py
[2023-07-21 07:25:52,916] {logging_mixin.py:104} INFO - [2023-07-21 07:25:52,916] {dag.py:1833} INFO - Sync 1 DAGs
[2023-07-21 07:25:52,939] {logging_mixin.py:104} INFO - [2023-07-21 07:25:52,939] {dag.py:2306} INFO - Setting next_dagrun for example_trigger_target_dag to None
[2023-07-21 07:25:52,956] {scheduler_job.py:190} INFO - Processing /home/airflow/.local/lib/python3.6/site-packages/airflow/example_dags/example_trigger_target_dag.py took 0.171 seconds
[2023-07-21 07:26:23,431] {scheduler_job.py:182} INFO - Started process (PID=75226) to work on /home/airflow/.local/lib/python3.6/site-packages/airflow/example_dags/example_trigger_target_dag.py
[2023-07-21 07:26:23,435] {scheduler_job.py:633} INFO - Processing file /home/airflow/.local/lib/python3.6/site-packages/airflow/example_dags/example_trigger_target_dag.py for tasks to queue
[2023-07-21 07:26:23,442] {logging_mixin.py:104} INFO - [2023-07-21 07:26:23,441] {dagbag.py:496} INFO - Filling up the DagBag from /home/airflow/.local/lib/python3.6/site-packages/airflow/example_dags/example_trigger_target_dag.py
[2023-07-21 07:26:23,487] {scheduler_job.py:643} INFO - DAG(s) dict_keys(['example_trigger_target_dag']) retrieved from /home/airflow/.local/lib/python3.6/site-packages/airflow/example_dags/example_trigger_target_dag.py
[2023-07-21 07:26:23,551] {logging_mixin.py:104} INFO - [2023-07-21 07:26:23,550] {dag.py:1833} INFO - Sync 1 DAGs
[2023-07-21 07:26:23,589] {logging_mixin.py:104} INFO - [2023-07-21 07:26:23,589] {dag.py:2306} INFO - Setting next_dagrun for example_trigger_target_dag to None
[2023-07-21 07:26:23,619] {scheduler_job.py:190} INFO - Processing /home/airflow/.local/lib/python3.6/site-packages/airflow/example_dags/example_trigger_target_dag.py took 0.198 seconds
[2023-07-21 07:26:53,937] {scheduler_job.py:182} INFO - Started process (PID=75287) to work on /home/airflow/.local/lib/python3.6/site-packages/airflow/example_dags/example_trigger_target_dag.py
[2023-07-21 07:26:53,946] {scheduler_job.py:633} INFO - Processing file /home/airflow/.local/lib/python3.6/site-packages/airflow/example_dags/example_trigger_target_dag.py for tasks to queue
[2023-07-21 07:26:53,948] {logging_mixin.py:104} INFO - [2023-07-21 07:26:53,948] {dagbag.py:496} INFO - Filling up the DagBag from /home/airflow/.local/lib/python3.6/site-packages/airflow/example_dags/example_trigger_target_dag.py
[2023-07-21 07:26:54,006] {scheduler_job.py:643} INFO - DAG(s) dict_keys(['example_trigger_target_dag']) retrieved from /home/airflow/.local/lib/python3.6/site-packages/airflow/example_dags/example_trigger_target_dag.py
[2023-07-21 07:26:54,064] {logging_mixin.py:104} INFO - [2023-07-21 07:26:54,064] {dag.py:1833} INFO - Sync 1 DAGs
[2023-07-21 07:26:54,083] {logging_mixin.py:104} INFO - [2023-07-21 07:26:54,083] {dag.py:2306} INFO - Setting next_dagrun for example_trigger_target_dag to None
[2023-07-21 07:26:54,105] {scheduler_job.py:190} INFO - Processing /home/airflow/.local/lib/python3.6/site-packages/airflow/example_dags/example_trigger_target_dag.py took 0.175 seconds
[2023-07-21 07:27:24,642] {scheduler_job.py:182} INFO - Started process (PID=75338) to work on /home/airflow/.local/lib/python3.6/site-packages/airflow/example_dags/example_trigger_target_dag.py
[2023-07-21 07:27:24,646] {scheduler_job.py:633} INFO - Processing file /home/airflow/.local/lib/python3.6/site-packages/airflow/example_dags/example_trigger_target_dag.py for tasks to queue
[2023-07-21 07:27:24,649] {logging_mixin.py:104} INFO - [2023-07-21 07:27:24,649] {dagbag.py:496} INFO - Filling up the DagBag from /home/airflow/.local/lib/python3.6/site-packages/airflow/example_dags/example_trigger_target_dag.py
[2023-07-21 07:27:24,677] {scheduler_job.py:643} INFO - DAG(s) dict_keys(['example_trigger_target_dag']) retrieved from /home/airflow/.local/lib/python3.6/site-packages/airflow/example_dags/example_trigger_target_dag.py
[2023-07-21 07:27:24,718] {logging_mixin.py:104} INFO - [2023-07-21 07:27:24,718] {dag.py:1833} INFO - Sync 1 DAGs
[2023-07-21 07:27:24,735] {logging_mixin.py:104} INFO - [2023-07-21 07:27:24,735] {dag.py:2306} INFO - Setting next_dagrun for example_trigger_target_dag to None
[2023-07-21 07:27:24,756] {scheduler_job.py:190} INFO - Processing /home/airflow/.local/lib/python3.6/site-packages/airflow/example_dags/example_trigger_target_dag.py took 0.120 seconds
