[2023-07-21 07:13:56,213] {scheduler_job.py:182} INFO - Started process (PID=73940) to work on /home/airflow/.local/lib/python3.6/site-packages/airflow/example_dags/example_xcomargs.py
[2023-07-21 07:13:56,229] {scheduler_job.py:633} INFO - Processing file /home/airflow/.local/lib/python3.6/site-packages/airflow/example_dags/example_xcomargs.py for tasks to queue
[2023-07-21 07:13:56,246] {logging_mixin.py:104} INFO - [2023-07-21 07:13:56,246] {dagbag.py:496} INFO - Filling up the DagBag from /home/airflow/.local/lib/python3.6/site-packages/airflow/example_dags/example_xcomargs.py
[2023-07-21 07:13:56,546] {scheduler_job.py:643} INFO - DAG(s) dict_keys(['example_xcom_args', 'example_xcom_args_with_operators']) retrieved from /home/airflow/.local/lib/python3.6/site-packages/airflow/example_dags/example_xcomargs.py
[2023-07-21 07:13:58,620] {logging_mixin.py:104} INFO - [2023-07-21 07:13:58,620] {dag.py:1833} INFO - Sync 2 DAGs
[2023-07-21 07:13:58,674] {logging_mixin.py:104} INFO - [2023-07-21 07:13:58,674] {dag.py:2306} INFO - Setting next_dagrun for example_xcom_args to None
[2023-07-21 07:13:58,677] {logging_mixin.py:104} INFO - [2023-07-21 07:13:58,677] {dag.py:2306} INFO - Setting next_dagrun for example_xcom_args_with_operators to None
[2023-07-21 07:13:58,750] {scheduler_job.py:190} INFO - Processing /home/airflow/.local/lib/python3.6/site-packages/airflow/example_dags/example_xcomargs.py took 2.579 seconds
[2023-07-21 07:14:29,238] {scheduler_job.py:182} INFO - Started process (PID=73990) to work on /home/airflow/.local/lib/python3.6/site-packages/airflow/example_dags/example_xcomargs.py
[2023-07-21 07:14:29,244] {scheduler_job.py:633} INFO - Processing file /home/airflow/.local/lib/python3.6/site-packages/airflow/example_dags/example_xcomargs.py for tasks to queue
[2023-07-21 07:14:29,248] {logging_mixin.py:104} INFO - [2023-07-21 07:14:29,248] {dagbag.py:496} INFO - Filling up the DagBag from /home/airflow/.local/lib/python3.6/site-packages/airflow/example_dags/example_xcomargs.py
[2023-07-21 07:14:29,302] {scheduler_job.py:643} INFO - DAG(s) dict_keys(['example_xcom_args', 'example_xcom_args_with_operators']) retrieved from /home/airflow/.local/lib/python3.6/site-packages/airflow/example_dags/example_xcomargs.py
[2023-07-21 07:14:29,706] {logging_mixin.py:104} INFO - [2023-07-21 07:14:29,705] {dag.py:1833} INFO - Sync 2 DAGs
[2023-07-21 07:14:29,729] {logging_mixin.py:104} INFO - [2023-07-21 07:14:29,729] {dag.py:2306} INFO - Setting next_dagrun for example_xcom_args to None
[2023-07-21 07:14:29,732] {logging_mixin.py:104} INFO - [2023-07-21 07:14:29,732] {dag.py:2306} INFO - Setting next_dagrun for example_xcom_args_with_operators to None
[2023-07-21 07:14:29,761] {scheduler_job.py:190} INFO - Processing /home/airflow/.local/lib/python3.6/site-packages/airflow/example_dags/example_xcomargs.py took 0.555 seconds
[2023-07-21 07:15:00,744] {scheduler_job.py:182} INFO - Started process (PID=74042) to work on /home/airflow/.local/lib/python3.6/site-packages/airflow/example_dags/example_xcomargs.py
[2023-07-21 07:15:00,751] {scheduler_job.py:633} INFO - Processing file /home/airflow/.local/lib/python3.6/site-packages/airflow/example_dags/example_xcomargs.py for tasks to queue
[2023-07-21 07:15:00,753] {logging_mixin.py:104} INFO - [2023-07-21 07:15:00,753] {dagbag.py:496} INFO - Filling up the DagBag from /home/airflow/.local/lib/python3.6/site-packages/airflow/example_dags/example_xcomargs.py
[2023-07-21 07:15:00,783] {scheduler_job.py:643} INFO - DAG(s) dict_keys(['example_xcom_args', 'example_xcom_args_with_operators']) retrieved from /home/airflow/.local/lib/python3.6/site-packages/airflow/example_dags/example_xcomargs.py
[2023-07-21 07:15:00,817] {logging_mixin.py:104} INFO - [2023-07-21 07:15:00,817] {dag.py:1833} INFO - Sync 2 DAGs
[2023-07-21 07:15:00,838] {logging_mixin.py:104} INFO - [2023-07-21 07:15:00,838] {dag.py:2306} INFO - Setting next_dagrun for example_xcom_args to None
[2023-07-21 07:15:00,841] {logging_mixin.py:104} INFO - [2023-07-21 07:15:00,840] {dag.py:2306} INFO - Setting next_dagrun for example_xcom_args_with_operators to None
[2023-07-21 07:15:00,858] {scheduler_job.py:190} INFO - Processing /home/airflow/.local/lib/python3.6/site-packages/airflow/example_dags/example_xcomargs.py took 0.121 seconds
[2023-07-21 07:15:31,254] {scheduler_job.py:182} INFO - Started process (PID=74093) to work on /home/airflow/.local/lib/python3.6/site-packages/airflow/example_dags/example_xcomargs.py
[2023-07-21 07:15:31,259] {scheduler_job.py:633} INFO - Processing file /home/airflow/.local/lib/python3.6/site-packages/airflow/example_dags/example_xcomargs.py for tasks to queue
[2023-07-21 07:15:31,262] {logging_mixin.py:104} INFO - [2023-07-21 07:15:31,261] {dagbag.py:496} INFO - Filling up the DagBag from /home/airflow/.local/lib/python3.6/site-packages/airflow/example_dags/example_xcomargs.py
[2023-07-21 07:15:31,305] {scheduler_job.py:643} INFO - DAG(s) dict_keys(['example_xcom_args', 'example_xcom_args_with_operators']) retrieved from /home/airflow/.local/lib/python3.6/site-packages/airflow/example_dags/example_xcomargs.py
[2023-07-21 07:15:31,611] {logging_mixin.py:104} INFO - [2023-07-21 07:15:31,611] {dag.py:1833} INFO - Sync 2 DAGs
[2023-07-21 07:15:31,626] {logging_mixin.py:104} INFO - [2023-07-21 07:15:31,626] {dag.py:2306} INFO - Setting next_dagrun for example_xcom_args to None
[2023-07-21 07:15:31,628] {logging_mixin.py:104} INFO - [2023-07-21 07:15:31,627] {dag.py:2306} INFO - Setting next_dagrun for example_xcom_args_with_operators to None
[2023-07-21 07:15:31,645] {scheduler_job.py:190} INFO - Processing /home/airflow/.local/lib/python3.6/site-packages/airflow/example_dags/example_xcomargs.py took 0.407 seconds
[2023-07-21 07:16:01,895] {scheduler_job.py:182} INFO - Started process (PID=74155) to work on /home/airflow/.local/lib/python3.6/site-packages/airflow/example_dags/example_xcomargs.py
[2023-07-21 07:16:01,903] {scheduler_job.py:633} INFO - Processing file /home/airflow/.local/lib/python3.6/site-packages/airflow/example_dags/example_xcomargs.py for tasks to queue
[2023-07-21 07:16:01,906] {logging_mixin.py:104} INFO - [2023-07-21 07:16:01,906] {dagbag.py:496} INFO - Filling up the DagBag from /home/airflow/.local/lib/python3.6/site-packages/airflow/example_dags/example_xcomargs.py
[2023-07-21 07:16:01,944] {scheduler_job.py:643} INFO - DAG(s) dict_keys(['example_xcom_args', 'example_xcom_args_with_operators']) retrieved from /home/airflow/.local/lib/python3.6/site-packages/airflow/example_dags/example_xcomargs.py
[2023-07-21 07:16:01,976] {logging_mixin.py:104} INFO - [2023-07-21 07:16:01,976] {dag.py:1833} INFO - Sync 2 DAGs
[2023-07-21 07:16:01,993] {logging_mixin.py:104} INFO - [2023-07-21 07:16:01,993] {dag.py:2306} INFO - Setting next_dagrun for example_xcom_args to None
[2023-07-21 07:16:01,995] {logging_mixin.py:104} INFO - [2023-07-21 07:16:01,995] {dag.py:2306} INFO - Setting next_dagrun for example_xcom_args_with_operators to None
[2023-07-21 07:16:02,010] {scheduler_job.py:190} INFO - Processing /home/airflow/.local/lib/python3.6/site-packages/airflow/example_dags/example_xcomargs.py took 0.130 seconds
[2023-07-21 07:16:32,373] {scheduler_job.py:182} INFO - Started process (PID=74206) to work on /home/airflow/.local/lib/python3.6/site-packages/airflow/example_dags/example_xcomargs.py
[2023-07-21 07:16:32,383] {scheduler_job.py:633} INFO - Processing file /home/airflow/.local/lib/python3.6/site-packages/airflow/example_dags/example_xcomargs.py for tasks to queue
[2023-07-21 07:16:32,388] {logging_mixin.py:104} INFO - [2023-07-21 07:16:32,388] {dagbag.py:496} INFO - Filling up the DagBag from /home/airflow/.local/lib/python3.6/site-packages/airflow/example_dags/example_xcomargs.py
[2023-07-21 07:16:32,432] {scheduler_job.py:643} INFO - DAG(s) dict_keys(['example_xcom_args', 'example_xcom_args_with_operators']) retrieved from /home/airflow/.local/lib/python3.6/site-packages/airflow/example_dags/example_xcomargs.py
[2023-07-21 07:16:32,474] {logging_mixin.py:104} INFO - [2023-07-21 07:16:32,474] {dag.py:1833} INFO - Sync 2 DAGs
[2023-07-21 07:16:32,495] {logging_mixin.py:104} INFO - [2023-07-21 07:16:32,495] {dag.py:2306} INFO - Setting next_dagrun for example_xcom_args to None
[2023-07-21 07:16:32,499] {logging_mixin.py:104} INFO - [2023-07-21 07:16:32,499] {dag.py:2306} INFO - Setting next_dagrun for example_xcom_args_with_operators to None
[2023-07-21 07:16:32,514] {scheduler_job.py:190} INFO - Processing /home/airflow/.local/lib/python3.6/site-packages/airflow/example_dags/example_xcomargs.py took 0.147 seconds
[2023-07-21 07:17:02,643] {scheduler_job.py:182} INFO - Started process (PID=74257) to work on /home/airflow/.local/lib/python3.6/site-packages/airflow/example_dags/example_xcomargs.py
[2023-07-21 07:17:02,646] {scheduler_job.py:633} INFO - Processing file /home/airflow/.local/lib/python3.6/site-packages/airflow/example_dags/example_xcomargs.py for tasks to queue
[2023-07-21 07:17:02,649] {logging_mixin.py:104} INFO - [2023-07-21 07:17:02,648] {dagbag.py:496} INFO - Filling up the DagBag from /home/airflow/.local/lib/python3.6/site-packages/airflow/example_dags/example_xcomargs.py
[2023-07-21 07:17:02,725] {scheduler_job.py:643} INFO - DAG(s) dict_keys(['example_xcom_args', 'example_xcom_args_with_operators']) retrieved from /home/airflow/.local/lib/python3.6/site-packages/airflow/example_dags/example_xcomargs.py
[2023-07-21 07:17:02,800] {logging_mixin.py:104} INFO - [2023-07-21 07:17:02,800] {dag.py:1833} INFO - Sync 2 DAGs
[2023-07-21 07:17:02,841] {logging_mixin.py:104} INFO - [2023-07-21 07:17:02,841] {dag.py:2306} INFO - Setting next_dagrun for example_xcom_args to None
[2023-07-21 07:17:02,844] {logging_mixin.py:104} INFO - [2023-07-21 07:17:02,844] {dag.py:2306} INFO - Setting next_dagrun for example_xcom_args_with_operators to None
[2023-07-21 07:17:02,875] {scheduler_job.py:190} INFO - Processing /home/airflow/.local/lib/python3.6/site-packages/airflow/example_dags/example_xcomargs.py took 0.250 seconds
[2023-07-21 07:17:33,491] {scheduler_job.py:182} INFO - Started process (PID=74316) to work on /home/airflow/.local/lib/python3.6/site-packages/airflow/example_dags/example_xcomargs.py
[2023-07-21 07:17:33,494] {scheduler_job.py:633} INFO - Processing file /home/airflow/.local/lib/python3.6/site-packages/airflow/example_dags/example_xcomargs.py for tasks to queue
[2023-07-21 07:17:33,498] {logging_mixin.py:104} INFO - [2023-07-21 07:17:33,497] {dagbag.py:496} INFO - Filling up the DagBag from /home/airflow/.local/lib/python3.6/site-packages/airflow/example_dags/example_xcomargs.py
[2023-07-21 07:17:33,623] {scheduler_job.py:643} INFO - DAG(s) dict_keys(['example_xcom_args', 'example_xcom_args_with_operators']) retrieved from /home/airflow/.local/lib/python3.6/site-packages/airflow/example_dags/example_xcomargs.py
[2023-07-21 07:17:34,266] {logging_mixin.py:104} INFO - [2023-07-21 07:17:34,265] {dag.py:1833} INFO - Sync 2 DAGs
[2023-07-21 07:17:34,280] {logging_mixin.py:104} INFO - [2023-07-21 07:17:34,279] {dag.py:2306} INFO - Setting next_dagrun for example_xcom_args to None
[2023-07-21 07:17:34,282] {logging_mixin.py:104} INFO - [2023-07-21 07:17:34,282] {dag.py:2306} INFO - Setting next_dagrun for example_xcom_args_with_operators to None
[2023-07-21 07:17:34,299] {scheduler_job.py:190} INFO - Processing /home/airflow/.local/lib/python3.6/site-packages/airflow/example_dags/example_xcomargs.py took 0.817 seconds
[2023-07-21 07:18:04,562] {scheduler_job.py:182} INFO - Started process (PID=74366) to work on /home/airflow/.local/lib/python3.6/site-packages/airflow/example_dags/example_xcomargs.py
[2023-07-21 07:18:04,567] {scheduler_job.py:633} INFO - Processing file /home/airflow/.local/lib/python3.6/site-packages/airflow/example_dags/example_xcomargs.py for tasks to queue
[2023-07-21 07:18:04,572] {logging_mixin.py:104} INFO - [2023-07-21 07:18:04,571] {dagbag.py:496} INFO - Filling up the DagBag from /home/airflow/.local/lib/python3.6/site-packages/airflow/example_dags/example_xcomargs.py
[2023-07-21 07:18:04,632] {scheduler_job.py:643} INFO - DAG(s) dict_keys(['example_xcom_args', 'example_xcom_args_with_operators']) retrieved from /home/airflow/.local/lib/python3.6/site-packages/airflow/example_dags/example_xcomargs.py
[2023-07-21 07:18:05,026] {logging_mixin.py:104} INFO - [2023-07-21 07:18:05,026] {dag.py:1833} INFO - Sync 2 DAGs
[2023-07-21 07:18:05,041] {logging_mixin.py:104} INFO - [2023-07-21 07:18:05,041] {dag.py:2306} INFO - Setting next_dagrun for example_xcom_args to None
[2023-07-21 07:18:05,044] {logging_mixin.py:104} INFO - [2023-07-21 07:18:05,043] {dag.py:2306} INFO - Setting next_dagrun for example_xcom_args_with_operators to None
[2023-07-21 07:18:05,063] {scheduler_job.py:190} INFO - Processing /home/airflow/.local/lib/python3.6/site-packages/airflow/example_dags/example_xcomargs.py took 0.513 seconds
[2023-07-21 07:18:35,798] {scheduler_job.py:182} INFO - Started process (PID=74417) to work on /home/airflow/.local/lib/python3.6/site-packages/airflow/example_dags/example_xcomargs.py
[2023-07-21 07:18:35,801] {scheduler_job.py:633} INFO - Processing file /home/airflow/.local/lib/python3.6/site-packages/airflow/example_dags/example_xcomargs.py for tasks to queue
[2023-07-21 07:18:35,802] {logging_mixin.py:104} INFO - [2023-07-21 07:18:35,802] {dagbag.py:496} INFO - Filling up the DagBag from /home/airflow/.local/lib/python3.6/site-packages/airflow/example_dags/example_xcomargs.py
[2023-07-21 07:18:35,840] {scheduler_job.py:643} INFO - DAG(s) dict_keys(['example_xcom_args', 'example_xcom_args_with_operators']) retrieved from /home/airflow/.local/lib/python3.6/site-packages/airflow/example_dags/example_xcomargs.py
[2023-07-21 07:18:36,178] {logging_mixin.py:104} INFO - [2023-07-21 07:18:36,177] {dag.py:1833} INFO - Sync 2 DAGs
[2023-07-21 07:18:36,198] {logging_mixin.py:104} INFO - [2023-07-21 07:18:36,197] {dag.py:2306} INFO - Setting next_dagrun for example_xcom_args to None
[2023-07-21 07:18:36,199] {logging_mixin.py:104} INFO - [2023-07-21 07:18:36,199] {dag.py:2306} INFO - Setting next_dagrun for example_xcom_args_with_operators to None
[2023-07-21 07:18:36,219] {scheduler_job.py:190} INFO - Processing /home/airflow/.local/lib/python3.6/site-packages/airflow/example_dags/example_xcomargs.py took 0.427 seconds
[2023-07-21 07:19:06,538] {scheduler_job.py:182} INFO - Started process (PID=74469) to work on /home/airflow/.local/lib/python3.6/site-packages/airflow/example_dags/example_xcomargs.py
[2023-07-21 07:19:06,541] {scheduler_job.py:633} INFO - Processing file /home/airflow/.local/lib/python3.6/site-packages/airflow/example_dags/example_xcomargs.py for tasks to queue
[2023-07-21 07:19:06,543] {logging_mixin.py:104} INFO - [2023-07-21 07:19:06,543] {dagbag.py:496} INFO - Filling up the DagBag from /home/airflow/.local/lib/python3.6/site-packages/airflow/example_dags/example_xcomargs.py
[2023-07-21 07:19:06,610] {scheduler_job.py:643} INFO - DAG(s) dict_keys(['example_xcom_args', 'example_xcom_args_with_operators']) retrieved from /home/airflow/.local/lib/python3.6/site-packages/airflow/example_dags/example_xcomargs.py
[2023-07-21 07:19:06,950] {logging_mixin.py:104} INFO - [2023-07-21 07:19:06,949] {dag.py:1833} INFO - Sync 2 DAGs
[2023-07-21 07:19:06,964] {logging_mixin.py:104} INFO - [2023-07-21 07:19:06,964] {dag.py:2306} INFO - Setting next_dagrun for example_xcom_args to None
[2023-07-21 07:19:06,966] {logging_mixin.py:104} INFO - [2023-07-21 07:19:06,966] {dag.py:2306} INFO - Setting next_dagrun for example_xcom_args_with_operators to None
[2023-07-21 07:19:06,983] {scheduler_job.py:190} INFO - Processing /home/airflow/.local/lib/python3.6/site-packages/airflow/example_dags/example_xcomargs.py took 0.452 seconds
[2023-07-21 07:19:37,450] {scheduler_job.py:182} INFO - Started process (PID=74532) to work on /home/airflow/.local/lib/python3.6/site-packages/airflow/example_dags/example_xcomargs.py
[2023-07-21 07:19:37,458] {scheduler_job.py:633} INFO - Processing file /home/airflow/.local/lib/python3.6/site-packages/airflow/example_dags/example_xcomargs.py for tasks to queue
[2023-07-21 07:19:37,466] {logging_mixin.py:104} INFO - [2023-07-21 07:19:37,466] {dagbag.py:496} INFO - Filling up the DagBag from /home/airflow/.local/lib/python3.6/site-packages/airflow/example_dags/example_xcomargs.py
[2023-07-21 07:19:37,580] {scheduler_job.py:643} INFO - DAG(s) dict_keys(['example_xcom_args', 'example_xcom_args_with_operators']) retrieved from /home/airflow/.local/lib/python3.6/site-packages/airflow/example_dags/example_xcomargs.py
[2023-07-21 07:19:38,926] {logging_mixin.py:104} INFO - [2023-07-21 07:19:38,926] {dag.py:1833} INFO - Sync 2 DAGs
[2023-07-21 07:19:38,963] {logging_mixin.py:104} INFO - [2023-07-21 07:19:38,963] {dag.py:2306} INFO - Setting next_dagrun for example_xcom_args to None
[2023-07-21 07:19:38,966] {logging_mixin.py:104} INFO - [2023-07-21 07:19:38,966] {dag.py:2306} INFO - Setting next_dagrun for example_xcom_args_with_operators to None
[2023-07-21 07:19:38,991] {scheduler_job.py:190} INFO - Processing /home/airflow/.local/lib/python3.6/site-packages/airflow/example_dags/example_xcomargs.py took 1.558 seconds
[2023-07-21 07:20:09,744] {scheduler_job.py:182} INFO - Started process (PID=74586) to work on /home/airflow/.local/lib/python3.6/site-packages/airflow/example_dags/example_xcomargs.py
[2023-07-21 07:20:09,756] {scheduler_job.py:633} INFO - Processing file /home/airflow/.local/lib/python3.6/site-packages/airflow/example_dags/example_xcomargs.py for tasks to queue
[2023-07-21 07:20:09,766] {logging_mixin.py:104} INFO - [2023-07-21 07:20:09,766] {dagbag.py:496} INFO - Filling up the DagBag from /home/airflow/.local/lib/python3.6/site-packages/airflow/example_dags/example_xcomargs.py
[2023-07-21 07:20:09,861] {scheduler_job.py:643} INFO - DAG(s) dict_keys(['example_xcom_args', 'example_xcom_args_with_operators']) retrieved from /home/airflow/.local/lib/python3.6/site-packages/airflow/example_dags/example_xcomargs.py
[2023-07-21 07:20:10,867] {logging_mixin.py:104} INFO - [2023-07-21 07:20:10,867] {dag.py:1833} INFO - Sync 2 DAGs
[2023-07-21 07:20:10,991] {logging_mixin.py:104} INFO - [2023-07-21 07:20:10,991] {dag.py:2306} INFO - Setting next_dagrun for example_xcom_args to None
[2023-07-21 07:20:10,998] {logging_mixin.py:104} INFO - [2023-07-21 07:20:10,998] {dag.py:2306} INFO - Setting next_dagrun for example_xcom_args_with_operators to None
[2023-07-21 07:20:11,064] {scheduler_job.py:190} INFO - Processing /home/airflow/.local/lib/python3.6/site-packages/airflow/example_dags/example_xcomargs.py took 1.350 seconds
[2023-07-21 07:20:41,963] {scheduler_job.py:182} INFO - Started process (PID=74646) to work on /home/airflow/.local/lib/python3.6/site-packages/airflow/example_dags/example_xcomargs.py
[2023-07-21 07:20:41,973] {scheduler_job.py:633} INFO - Processing file /home/airflow/.local/lib/python3.6/site-packages/airflow/example_dags/example_xcomargs.py for tasks to queue
[2023-07-21 07:20:41,986] {logging_mixin.py:104} INFO - [2023-07-21 07:20:41,986] {dagbag.py:496} INFO - Filling up the DagBag from /home/airflow/.local/lib/python3.6/site-packages/airflow/example_dags/example_xcomargs.py
[2023-07-21 07:20:42,133] {scheduler_job.py:643} INFO - DAG(s) dict_keys(['example_xcom_args', 'example_xcom_args_with_operators']) retrieved from /home/airflow/.local/lib/python3.6/site-packages/airflow/example_dags/example_xcomargs.py
[2023-07-21 07:20:42,232] {logging_mixin.py:104} INFO - [2023-07-21 07:20:42,232] {dag.py:1833} INFO - Sync 2 DAGs
[2023-07-21 07:20:42,279] {logging_mixin.py:104} INFO - [2023-07-21 07:20:42,276] {dag.py:2306} INFO - Setting next_dagrun for example_xcom_args to None
[2023-07-21 07:20:42,281] {logging_mixin.py:104} INFO - [2023-07-21 07:20:42,281] {dag.py:2306} INFO - Setting next_dagrun for example_xcom_args_with_operators to None
[2023-07-21 07:20:42,314] {scheduler_job.py:190} INFO - Processing /home/airflow/.local/lib/python3.6/site-packages/airflow/example_dags/example_xcomargs.py took 0.371 seconds
[2023-07-21 07:21:12,642] {scheduler_job.py:182} INFO - Started process (PID=74698) to work on /home/airflow/.local/lib/python3.6/site-packages/airflow/example_dags/example_xcomargs.py
[2023-07-21 07:21:12,649] {scheduler_job.py:633} INFO - Processing file /home/airflow/.local/lib/python3.6/site-packages/airflow/example_dags/example_xcomargs.py for tasks to queue
[2023-07-21 07:21:12,652] {logging_mixin.py:104} INFO - [2023-07-21 07:21:12,651] {dagbag.py:496} INFO - Filling up the DagBag from /home/airflow/.local/lib/python3.6/site-packages/airflow/example_dags/example_xcomargs.py
[2023-07-21 07:21:12,718] {scheduler_job.py:643} INFO - DAG(s) dict_keys(['example_xcom_args', 'example_xcom_args_with_operators']) retrieved from /home/airflow/.local/lib/python3.6/site-packages/airflow/example_dags/example_xcomargs.py
[2023-07-21 07:21:12,778] {logging_mixin.py:104} INFO - [2023-07-21 07:21:12,778] {dag.py:1833} INFO - Sync 2 DAGs
[2023-07-21 07:21:12,813] {logging_mixin.py:104} INFO - [2023-07-21 07:21:12,813] {dag.py:2306} INFO - Setting next_dagrun for example_xcom_args to None
[2023-07-21 07:21:12,816] {logging_mixin.py:104} INFO - [2023-07-21 07:21:12,816] {dag.py:2306} INFO - Setting next_dagrun for example_xcom_args_with_operators to None
[2023-07-21 07:21:12,846] {scheduler_job.py:190} INFO - Processing /home/airflow/.local/lib/python3.6/site-packages/airflow/example_dags/example_xcomargs.py took 0.209 seconds
[2023-07-21 07:21:43,473] {scheduler_job.py:182} INFO - Started process (PID=74748) to work on /home/airflow/.local/lib/python3.6/site-packages/airflow/example_dags/example_xcomargs.py
[2023-07-21 07:21:43,476] {scheduler_job.py:633} INFO - Processing file /home/airflow/.local/lib/python3.6/site-packages/airflow/example_dags/example_xcomargs.py for tasks to queue
[2023-07-21 07:21:43,478] {logging_mixin.py:104} INFO - [2023-07-21 07:21:43,478] {dagbag.py:496} INFO - Filling up the DagBag from /home/airflow/.local/lib/python3.6/site-packages/airflow/example_dags/example_xcomargs.py
[2023-07-21 07:21:43,517] {scheduler_job.py:643} INFO - DAG(s) dict_keys(['example_xcom_args', 'example_xcom_args_with_operators']) retrieved from /home/airflow/.local/lib/python3.6/site-packages/airflow/example_dags/example_xcomargs.py
[2023-07-21 07:21:43,568] {logging_mixin.py:104} INFO - [2023-07-21 07:21:43,568] {dag.py:1833} INFO - Sync 2 DAGs
[2023-07-21 07:21:43,590] {logging_mixin.py:104} INFO - [2023-07-21 07:21:43,590] {dag.py:2306} INFO - Setting next_dagrun for example_xcom_args to None
[2023-07-21 07:21:43,592] {logging_mixin.py:104} INFO - [2023-07-21 07:21:43,592] {dag.py:2306} INFO - Setting next_dagrun for example_xcom_args_with_operators to None
[2023-07-21 07:21:43,610] {scheduler_job.py:190} INFO - Processing /home/airflow/.local/lib/python3.6/site-packages/airflow/example_dags/example_xcomargs.py took 0.147 seconds
[2023-07-21 07:22:14,521] {scheduler_job.py:182} INFO - Started process (PID=74799) to work on /home/airflow/.local/lib/python3.6/site-packages/airflow/example_dags/example_xcomargs.py
[2023-07-21 07:22:14,525] {scheduler_job.py:633} INFO - Processing file /home/airflow/.local/lib/python3.6/site-packages/airflow/example_dags/example_xcomargs.py for tasks to queue
[2023-07-21 07:22:14,527] {logging_mixin.py:104} INFO - [2023-07-21 07:22:14,527] {dagbag.py:496} INFO - Filling up the DagBag from /home/airflow/.local/lib/python3.6/site-packages/airflow/example_dags/example_xcomargs.py
[2023-07-21 07:22:14,560] {scheduler_job.py:643} INFO - DAG(s) dict_keys(['example_xcom_args', 'example_xcom_args_with_operators']) retrieved from /home/airflow/.local/lib/python3.6/site-packages/airflow/example_dags/example_xcomargs.py
[2023-07-21 07:22:14,862] {logging_mixin.py:104} INFO - [2023-07-21 07:22:14,861] {dag.py:1833} INFO - Sync 2 DAGs
[2023-07-21 07:22:14,877] {logging_mixin.py:104} INFO - [2023-07-21 07:22:14,877] {dag.py:2306} INFO - Setting next_dagrun for example_xcom_args to None
[2023-07-21 07:22:14,879] {logging_mixin.py:104} INFO - [2023-07-21 07:22:14,879] {dag.py:2306} INFO - Setting next_dagrun for example_xcom_args_with_operators to None
[2023-07-21 07:22:14,897] {scheduler_job.py:190} INFO - Processing /home/airflow/.local/lib/python3.6/site-packages/airflow/example_dags/example_xcomargs.py took 0.383 seconds
[2023-07-21 07:22:45,027] {scheduler_job.py:182} INFO - Started process (PID=74856) to work on /home/airflow/.local/lib/python3.6/site-packages/airflow/example_dags/example_xcomargs.py
[2023-07-21 07:22:45,029] {scheduler_job.py:633} INFO - Processing file /home/airflow/.local/lib/python3.6/site-packages/airflow/example_dags/example_xcomargs.py for tasks to queue
[2023-07-21 07:22:45,031] {logging_mixin.py:104} INFO - [2023-07-21 07:22:45,031] {dagbag.py:496} INFO - Filling up the DagBag from /home/airflow/.local/lib/python3.6/site-packages/airflow/example_dags/example_xcomargs.py
[2023-07-21 07:22:45,063] {scheduler_job.py:643} INFO - DAG(s) dict_keys(['example_xcom_args', 'example_xcom_args_with_operators']) retrieved from /home/airflow/.local/lib/python3.6/site-packages/airflow/example_dags/example_xcomargs.py
[2023-07-21 07:22:45,496] {logging_mixin.py:104} INFO - [2023-07-21 07:22:45,496] {dag.py:1833} INFO - Sync 2 DAGs
[2023-07-21 07:22:45,512] {logging_mixin.py:104} INFO - [2023-07-21 07:22:45,512] {dag.py:2306} INFO - Setting next_dagrun for example_xcom_args to None
[2023-07-21 07:22:45,514] {logging_mixin.py:104} INFO - [2023-07-21 07:22:45,513] {dag.py:2306} INFO - Setting next_dagrun for example_xcom_args_with_operators to None
[2023-07-21 07:22:45,536] {scheduler_job.py:190} INFO - Processing /home/airflow/.local/lib/python3.6/site-packages/airflow/example_dags/example_xcomargs.py took 0.515 seconds
[2023-07-21 07:23:16,499] {scheduler_job.py:182} INFO - Started process (PID=74910) to work on /home/airflow/.local/lib/python3.6/site-packages/airflow/example_dags/example_xcomargs.py
[2023-07-21 07:23:16,505] {scheduler_job.py:633} INFO - Processing file /home/airflow/.local/lib/python3.6/site-packages/airflow/example_dags/example_xcomargs.py for tasks to queue
[2023-07-21 07:23:16,507] {logging_mixin.py:104} INFO - [2023-07-21 07:23:16,506] {dagbag.py:496} INFO - Filling up the DagBag from /home/airflow/.local/lib/python3.6/site-packages/airflow/example_dags/example_xcomargs.py
[2023-07-21 07:23:16,562] {scheduler_job.py:643} INFO - DAG(s) dict_keys(['example_xcom_args', 'example_xcom_args_with_operators']) retrieved from /home/airflow/.local/lib/python3.6/site-packages/airflow/example_dags/example_xcomargs.py
[2023-07-21 07:23:17,074] {logging_mixin.py:104} INFO - [2023-07-21 07:23:17,074] {dag.py:1833} INFO - Sync 2 DAGs
[2023-07-21 07:23:17,094] {logging_mixin.py:104} INFO - [2023-07-21 07:23:17,094] {dag.py:2306} INFO - Setting next_dagrun for example_xcom_args to None
[2023-07-21 07:23:17,098] {logging_mixin.py:104} INFO - [2023-07-21 07:23:17,097] {dag.py:2306} INFO - Setting next_dagrun for example_xcom_args_with_operators to None
[2023-07-21 07:23:17,123] {scheduler_job.py:190} INFO - Processing /home/airflow/.local/lib/python3.6/site-packages/airflow/example_dags/example_xcomargs.py took 0.632 seconds
[2023-07-21 07:23:48,066] {scheduler_job.py:182} INFO - Started process (PID=74962) to work on /home/airflow/.local/lib/python3.6/site-packages/airflow/example_dags/example_xcomargs.py
[2023-07-21 07:23:48,076] {scheduler_job.py:633} INFO - Processing file /home/airflow/.local/lib/python3.6/site-packages/airflow/example_dags/example_xcomargs.py for tasks to queue
[2023-07-21 07:23:48,079] {logging_mixin.py:104} INFO - [2023-07-21 07:23:48,079] {dagbag.py:496} INFO - Filling up the DagBag from /home/airflow/.local/lib/python3.6/site-packages/airflow/example_dags/example_xcomargs.py
[2023-07-21 07:23:48,165] {scheduler_job.py:643} INFO - DAG(s) dict_keys(['example_xcom_args', 'example_xcom_args_with_operators']) retrieved from /home/airflow/.local/lib/python3.6/site-packages/airflow/example_dags/example_xcomargs.py
[2023-07-21 07:23:48,495] {logging_mixin.py:104} INFO - [2023-07-21 07:23:48,495] {dag.py:1833} INFO - Sync 2 DAGs
[2023-07-21 07:23:48,516] {logging_mixin.py:104} INFO - [2023-07-21 07:23:48,516] {dag.py:2306} INFO - Setting next_dagrun for example_xcom_args to None
[2023-07-21 07:23:48,518] {logging_mixin.py:104} INFO - [2023-07-21 07:23:48,518] {dag.py:2306} INFO - Setting next_dagrun for example_xcom_args_with_operators to None
[2023-07-21 07:23:48,536] {scheduler_job.py:190} INFO - Processing /home/airflow/.local/lib/python3.6/site-packages/airflow/example_dags/example_xcomargs.py took 0.480 seconds
[2023-07-21 07:24:18,833] {scheduler_job.py:182} INFO - Started process (PID=75023) to work on /home/airflow/.local/lib/python3.6/site-packages/airflow/example_dags/example_xcomargs.py
[2023-07-21 07:24:18,837] {scheduler_job.py:633} INFO - Processing file /home/airflow/.local/lib/python3.6/site-packages/airflow/example_dags/example_xcomargs.py for tasks to queue
[2023-07-21 07:24:18,841] {logging_mixin.py:104} INFO - [2023-07-21 07:24:18,840] {dagbag.py:496} INFO - Filling up the DagBag from /home/airflow/.local/lib/python3.6/site-packages/airflow/example_dags/example_xcomargs.py
[2023-07-21 07:24:18,901] {scheduler_job.py:643} INFO - DAG(s) dict_keys(['example_xcom_args', 'example_xcom_args_with_operators']) retrieved from /home/airflow/.local/lib/python3.6/site-packages/airflow/example_dags/example_xcomargs.py
[2023-07-21 07:24:19,252] {logging_mixin.py:104} INFO - [2023-07-21 07:24:19,252] {dag.py:1833} INFO - Sync 2 DAGs
[2023-07-21 07:24:19,267] {logging_mixin.py:104} INFO - [2023-07-21 07:24:19,267] {dag.py:2306} INFO - Setting next_dagrun for example_xcom_args to None
[2023-07-21 07:24:19,268] {logging_mixin.py:104} INFO - [2023-07-21 07:24:19,268] {dag.py:2306} INFO - Setting next_dagrun for example_xcom_args_with_operators to None
[2023-07-21 07:24:19,285] {scheduler_job.py:190} INFO - Processing /home/airflow/.local/lib/python3.6/site-packages/airflow/example_dags/example_xcomargs.py took 0.470 seconds
[2023-07-21 07:24:49,488] {scheduler_job.py:182} INFO - Started process (PID=75073) to work on /home/airflow/.local/lib/python3.6/site-packages/airflow/example_dags/example_xcomargs.py
[2023-07-21 07:24:49,492] {scheduler_job.py:633} INFO - Processing file /home/airflow/.local/lib/python3.6/site-packages/airflow/example_dags/example_xcomargs.py for tasks to queue
[2023-07-21 07:24:49,496] {logging_mixin.py:104} INFO - [2023-07-21 07:24:49,495] {dagbag.py:496} INFO - Filling up the DagBag from /home/airflow/.local/lib/python3.6/site-packages/airflow/example_dags/example_xcomargs.py
[2023-07-21 07:24:49,572] {scheduler_job.py:643} INFO - DAG(s) dict_keys(['example_xcom_args', 'example_xcom_args_with_operators']) retrieved from /home/airflow/.local/lib/python3.6/site-packages/airflow/example_dags/example_xcomargs.py
[2023-07-21 07:24:50,111] {logging_mixin.py:104} INFO - [2023-07-21 07:24:50,111] {dag.py:1833} INFO - Sync 2 DAGs
[2023-07-21 07:24:50,128] {logging_mixin.py:104} INFO - [2023-07-21 07:24:50,127] {dag.py:2306} INFO - Setting next_dagrun for example_xcom_args to None
[2023-07-21 07:24:50,130] {logging_mixin.py:104} INFO - [2023-07-21 07:24:50,130] {dag.py:2306} INFO - Setting next_dagrun for example_xcom_args_with_operators to None
[2023-07-21 07:24:50,152] {scheduler_job.py:190} INFO - Processing /home/airflow/.local/lib/python3.6/site-packages/airflow/example_dags/example_xcomargs.py took 0.676 seconds
[2023-07-21 07:25:20,848] {scheduler_job.py:182} INFO - Started process (PID=75123) to work on /home/airflow/.local/lib/python3.6/site-packages/airflow/example_dags/example_xcomargs.py
[2023-07-21 07:25:20,851] {scheduler_job.py:633} INFO - Processing file /home/airflow/.local/lib/python3.6/site-packages/airflow/example_dags/example_xcomargs.py for tasks to queue
[2023-07-21 07:25:20,853] {logging_mixin.py:104} INFO - [2023-07-21 07:25:20,853] {dagbag.py:496} INFO - Filling up the DagBag from /home/airflow/.local/lib/python3.6/site-packages/airflow/example_dags/example_xcomargs.py
[2023-07-21 07:25:20,883] {scheduler_job.py:643} INFO - DAG(s) dict_keys(['example_xcom_args', 'example_xcom_args_with_operators']) retrieved from /home/airflow/.local/lib/python3.6/site-packages/airflow/example_dags/example_xcomargs.py
[2023-07-21 07:25:21,137] {logging_mixin.py:104} INFO - [2023-07-21 07:25:21,137] {dag.py:1833} INFO - Sync 2 DAGs
[2023-07-21 07:25:21,152] {logging_mixin.py:104} INFO - [2023-07-21 07:25:21,151] {dag.py:2306} INFO - Setting next_dagrun for example_xcom_args to None
[2023-07-21 07:25:21,153] {logging_mixin.py:104} INFO - [2023-07-21 07:25:21,153] {dag.py:2306} INFO - Setting next_dagrun for example_xcom_args_with_operators to None
[2023-07-21 07:25:21,170] {scheduler_job.py:190} INFO - Processing /home/airflow/.local/lib/python3.6/site-packages/airflow/example_dags/example_xcomargs.py took 0.327 seconds
[2023-07-21 07:25:51,713] {scheduler_job.py:182} INFO - Started process (PID=75174) to work on /home/airflow/.local/lib/python3.6/site-packages/airflow/example_dags/example_xcomargs.py
[2023-07-21 07:25:51,717] {scheduler_job.py:633} INFO - Processing file /home/airflow/.local/lib/python3.6/site-packages/airflow/example_dags/example_xcomargs.py for tasks to queue
[2023-07-21 07:25:51,721] {logging_mixin.py:104} INFO - [2023-07-21 07:25:51,721] {dagbag.py:496} INFO - Filling up the DagBag from /home/airflow/.local/lib/python3.6/site-packages/airflow/example_dags/example_xcomargs.py
[2023-07-21 07:25:51,759] {scheduler_job.py:643} INFO - DAG(s) dict_keys(['example_xcom_args', 'example_xcom_args_with_operators']) retrieved from /home/airflow/.local/lib/python3.6/site-packages/airflow/example_dags/example_xcomargs.py
[2023-07-21 07:25:51,801] {logging_mixin.py:104} INFO - [2023-07-21 07:25:51,801] {dag.py:1833} INFO - Sync 2 DAGs
[2023-07-21 07:25:51,819] {logging_mixin.py:104} INFO - [2023-07-21 07:25:51,819] {dag.py:2306} INFO - Setting next_dagrun for example_xcom_args to None
[2023-07-21 07:25:51,823] {logging_mixin.py:104} INFO - [2023-07-21 07:25:51,823] {dag.py:2306} INFO - Setting next_dagrun for example_xcom_args_with_operators to None
[2023-07-21 07:25:51,842] {scheduler_job.py:190} INFO - Processing /home/airflow/.local/lib/python3.6/site-packages/airflow/example_dags/example_xcomargs.py took 0.139 seconds
[2023-07-21 07:26:22,406] {scheduler_job.py:182} INFO - Started process (PID=75225) to work on /home/airflow/.local/lib/python3.6/site-packages/airflow/example_dags/example_xcomargs.py
[2023-07-21 07:26:22,425] {scheduler_job.py:633} INFO - Processing file /home/airflow/.local/lib/python3.6/site-packages/airflow/example_dags/example_xcomargs.py for tasks to queue
[2023-07-21 07:26:22,432] {logging_mixin.py:104} INFO - [2023-07-21 07:26:22,431] {dagbag.py:496} INFO - Filling up the DagBag from /home/airflow/.local/lib/python3.6/site-packages/airflow/example_dags/example_xcomargs.py
[2023-07-21 07:26:22,477] {scheduler_job.py:643} INFO - DAG(s) dict_keys(['example_xcom_args', 'example_xcom_args_with_operators']) retrieved from /home/airflow/.local/lib/python3.6/site-packages/airflow/example_dags/example_xcomargs.py
[2023-07-21 07:26:22,541] {logging_mixin.py:104} INFO - [2023-07-21 07:26:22,541] {dag.py:1833} INFO - Sync 2 DAGs
[2023-07-21 07:26:22,584] {logging_mixin.py:104} INFO - [2023-07-21 07:26:22,583] {dag.py:2306} INFO - Setting next_dagrun for example_xcom_args to None
[2023-07-21 07:26:22,587] {logging_mixin.py:104} INFO - [2023-07-21 07:26:22,587] {dag.py:2306} INFO - Setting next_dagrun for example_xcom_args_with_operators to None
[2023-07-21 07:26:22,635] {scheduler_job.py:190} INFO - Processing /home/airflow/.local/lib/python3.6/site-packages/airflow/example_dags/example_xcomargs.py took 0.249 seconds
[2023-07-21 07:26:52,914] {scheduler_job.py:182} INFO - Started process (PID=75285) to work on /home/airflow/.local/lib/python3.6/site-packages/airflow/example_dags/example_xcomargs.py
[2023-07-21 07:26:52,917] {scheduler_job.py:633} INFO - Processing file /home/airflow/.local/lib/python3.6/site-packages/airflow/example_dags/example_xcomargs.py for tasks to queue
[2023-07-21 07:26:52,919] {logging_mixin.py:104} INFO - [2023-07-21 07:26:52,918] {dagbag.py:496} INFO - Filling up the DagBag from /home/airflow/.local/lib/python3.6/site-packages/airflow/example_dags/example_xcomargs.py
[2023-07-21 07:26:52,947] {scheduler_job.py:643} INFO - DAG(s) dict_keys(['example_xcom_args', 'example_xcom_args_with_operators']) retrieved from /home/airflow/.local/lib/python3.6/site-packages/airflow/example_dags/example_xcomargs.py
[2023-07-21 07:26:52,992] {logging_mixin.py:104} INFO - [2023-07-21 07:26:52,991] {dag.py:1833} INFO - Sync 2 DAGs
[2023-07-21 07:26:53,011] {logging_mixin.py:104} INFO - [2023-07-21 07:26:53,010] {dag.py:2306} INFO - Setting next_dagrun for example_xcom_args to None
[2023-07-21 07:26:53,014] {logging_mixin.py:104} INFO - [2023-07-21 07:26:53,013] {dag.py:2306} INFO - Setting next_dagrun for example_xcom_args_with_operators to None
[2023-07-21 07:26:53,029] {scheduler_job.py:190} INFO - Processing /home/airflow/.local/lib/python3.6/site-packages/airflow/example_dags/example_xcomargs.py took 0.119 seconds
[2023-07-21 07:27:23,616] {scheduler_job.py:182} INFO - Started process (PID=75337) to work on /home/airflow/.local/lib/python3.6/site-packages/airflow/example_dags/example_xcomargs.py
[2023-07-21 07:27:23,619] {scheduler_job.py:633} INFO - Processing file /home/airflow/.local/lib/python3.6/site-packages/airflow/example_dags/example_xcomargs.py for tasks to queue
[2023-07-21 07:27:23,620] {logging_mixin.py:104} INFO - [2023-07-21 07:27:23,620] {dagbag.py:496} INFO - Filling up the DagBag from /home/airflow/.local/lib/python3.6/site-packages/airflow/example_dags/example_xcomargs.py
[2023-07-21 07:27:23,650] {scheduler_job.py:643} INFO - DAG(s) dict_keys(['example_xcom_args', 'example_xcom_args_with_operators']) retrieved from /home/airflow/.local/lib/python3.6/site-packages/airflow/example_dags/example_xcomargs.py
[2023-07-21 07:27:23,913] {logging_mixin.py:104} INFO - [2023-07-21 07:27:23,913] {dag.py:1833} INFO - Sync 2 DAGs
[2023-07-21 07:27:23,927] {logging_mixin.py:104} INFO - [2023-07-21 07:27:23,927] {dag.py:2306} INFO - Setting next_dagrun for example_xcom_args to None
[2023-07-21 07:27:23,928] {logging_mixin.py:104} INFO - [2023-07-21 07:27:23,928] {dag.py:2306} INFO - Setting next_dagrun for example_xcom_args_with_operators to None
[2023-07-21 07:27:23,946] {scheduler_job.py:190} INFO - Processing /home/airflow/.local/lib/python3.6/site-packages/airflow/example_dags/example_xcomargs.py took 0.335 seconds
