[2023-07-21 07:13:31,943] {scheduler_job.py:182} INFO - Started process (PID=73903) to work on /home/airflow/.local/lib/python3.6/site-packages/airflow/example_dags/example_kubernetes_executor.py
[2023-07-21 07:13:31,956] {scheduler_job.py:633} INFO - Processing file /home/airflow/.local/lib/python3.6/site-packages/airflow/example_dags/example_kubernetes_executor.py for tasks to queue
[2023-07-21 07:13:31,959] {logging_mixin.py:104} INFO - [2023-07-21 07:13:31,959] {dagbag.py:496} INFO - Filling up the DagBag from /home/airflow/.local/lib/python3.6/site-packages/airflow/example_dags/example_kubernetes_executor.py
[2023-07-21 07:13:32,074] {scheduler_job.py:643} INFO - DAG(s) dict_keys(['example_kubernetes_executor']) retrieved from /home/airflow/.local/lib/python3.6/site-packages/airflow/example_dags/example_kubernetes_executor.py
[2023-07-21 07:13:32,987] {logging_mixin.py:104} INFO - [2023-07-21 07:13:32,986] {dag.py:1833} INFO - Sync 1 DAGs
[2023-07-21 07:13:33,026] {logging_mixin.py:104} INFO - [2023-07-21 07:13:33,026] {dag.py:2306} INFO - Setting next_dagrun for example_kubernetes_executor to None
[2023-07-21 07:13:33,072] {scheduler_job.py:190} INFO - Processing /home/airflow/.local/lib/python3.6/site-packages/airflow/example_dags/example_kubernetes_executor.py took 1.160 seconds
[2023-07-21 07:13:36,519] {scheduler_job.py:182} INFO - Started process (PID=73908) to work on /home/airflow/.local/lib/python3.6/site-packages/airflow/example_dags/example_kubernetes_executor.py
[2023-07-21 07:13:36,529] {scheduler_job.py:633} INFO - Processing file /home/airflow/.local/lib/python3.6/site-packages/airflow/example_dags/example_kubernetes_executor.py for tasks to queue
[2023-07-21 07:13:36,540] {logging_mixin.py:104} INFO - [2023-07-21 07:13:36,540] {dagbag.py:496} INFO - Filling up the DagBag from /home/airflow/.local/lib/python3.6/site-packages/airflow/example_dags/example_kubernetes_executor.py
[2023-07-21 07:13:36,705] {scheduler_job.py:643} INFO - DAG(s) dict_keys(['example_kubernetes_executor']) retrieved from /home/airflow/.local/lib/python3.6/site-packages/airflow/example_dags/example_kubernetes_executor.py
[2023-07-21 07:13:36,793] {logging_mixin.py:104} INFO - [2023-07-21 07:13:36,792] {dag.py:1833} INFO - Sync 1 DAGs
[2023-07-21 07:13:36,874] {logging_mixin.py:104} INFO - [2023-07-21 07:13:36,873] {dag.py:2306} INFO - Setting next_dagrun for example_kubernetes_executor to None
[2023-07-21 07:13:36,942] {scheduler_job.py:190} INFO - Processing /home/airflow/.local/lib/python3.6/site-packages/airflow/example_dags/example_kubernetes_executor.py took 0.455 seconds
[2023-07-21 07:14:07,627] {scheduler_job.py:182} INFO - Started process (PID=73949) to work on /home/airflow/.local/lib/python3.6/site-packages/airflow/example_dags/example_kubernetes_executor.py
[2023-07-21 07:14:07,642] {scheduler_job.py:633} INFO - Processing file /home/airflow/.local/lib/python3.6/site-packages/airflow/example_dags/example_kubernetes_executor.py for tasks to queue
[2023-07-21 07:14:07,647] {logging_mixin.py:104} INFO - [2023-07-21 07:14:07,646] {dagbag.py:496} INFO - Filling up the DagBag from /home/airflow/.local/lib/python3.6/site-packages/airflow/example_dags/example_kubernetes_executor.py
[2023-07-21 07:14:07,682] {scheduler_job.py:643} INFO - DAG(s) dict_keys(['example_kubernetes_executor']) retrieved from /home/airflow/.local/lib/python3.6/site-packages/airflow/example_dags/example_kubernetes_executor.py
[2023-07-21 07:14:07,732] {logging_mixin.py:104} INFO - [2023-07-21 07:14:07,732] {dag.py:1833} INFO - Sync 1 DAGs
[2023-07-21 07:14:07,754] {logging_mixin.py:104} INFO - [2023-07-21 07:14:07,754] {dag.py:2306} INFO - Setting next_dagrun for example_kubernetes_executor to None
[2023-07-21 07:14:07,785] {scheduler_job.py:190} INFO - Processing /home/airflow/.local/lib/python3.6/site-packages/airflow/example_dags/example_kubernetes_executor.py took 0.176 seconds
[2023-07-21 07:14:38,603] {scheduler_job.py:182} INFO - Started process (PID=74006) to work on /home/airflow/.local/lib/python3.6/site-packages/airflow/example_dags/example_kubernetes_executor.py
[2023-07-21 07:14:38,614] {scheduler_job.py:633} INFO - Processing file /home/airflow/.local/lib/python3.6/site-packages/airflow/example_dags/example_kubernetes_executor.py for tasks to queue
[2023-07-21 07:14:38,624] {logging_mixin.py:104} INFO - [2023-07-21 07:14:38,623] {dagbag.py:496} INFO - Filling up the DagBag from /home/airflow/.local/lib/python3.6/site-packages/airflow/example_dags/example_kubernetes_executor.py
[2023-07-21 07:14:38,682] {scheduler_job.py:643} INFO - DAG(s) dict_keys(['example_kubernetes_executor']) retrieved from /home/airflow/.local/lib/python3.6/site-packages/airflow/example_dags/example_kubernetes_executor.py
[2023-07-21 07:14:38,740] {logging_mixin.py:104} INFO - [2023-07-21 07:14:38,740] {dag.py:1833} INFO - Sync 1 DAGs
[2023-07-21 07:14:38,786] {logging_mixin.py:104} INFO - [2023-07-21 07:14:38,786] {dag.py:2306} INFO - Setting next_dagrun for example_kubernetes_executor to None
[2023-07-21 07:14:38,852] {scheduler_job.py:190} INFO - Processing /home/airflow/.local/lib/python3.6/site-packages/airflow/example_dags/example_kubernetes_executor.py took 0.258 seconds
[2023-07-21 07:15:09,276] {scheduler_job.py:182} INFO - Started process (PID=74058) to work on /home/airflow/.local/lib/python3.6/site-packages/airflow/example_dags/example_kubernetes_executor.py
[2023-07-21 07:15:09,280] {scheduler_job.py:633} INFO - Processing file /home/airflow/.local/lib/python3.6/site-packages/airflow/example_dags/example_kubernetes_executor.py for tasks to queue
[2023-07-21 07:15:09,282] {logging_mixin.py:104} INFO - [2023-07-21 07:15:09,282] {dagbag.py:496} INFO - Filling up the DagBag from /home/airflow/.local/lib/python3.6/site-packages/airflow/example_dags/example_kubernetes_executor.py
[2023-07-21 07:15:09,303] {scheduler_job.py:643} INFO - DAG(s) dict_keys(['example_kubernetes_executor']) retrieved from /home/airflow/.local/lib/python3.6/site-packages/airflow/example_dags/example_kubernetes_executor.py
[2023-07-21 07:15:09,331] {logging_mixin.py:104} INFO - [2023-07-21 07:15:09,331] {dag.py:1833} INFO - Sync 1 DAGs
[2023-07-21 07:15:09,360] {logging_mixin.py:104} INFO - [2023-07-21 07:15:09,360] {dag.py:2306} INFO - Setting next_dagrun for example_kubernetes_executor to None
[2023-07-21 07:15:09,387] {scheduler_job.py:190} INFO - Processing /home/airflow/.local/lib/python3.6/site-packages/airflow/example_dags/example_kubernetes_executor.py took 0.116 seconds
[2023-07-21 07:15:39,899] {scheduler_job.py:182} INFO - Started process (PID=74110) to work on /home/airflow/.local/lib/python3.6/site-packages/airflow/example_dags/example_kubernetes_executor.py
[2023-07-21 07:15:39,902] {scheduler_job.py:633} INFO - Processing file /home/airflow/.local/lib/python3.6/site-packages/airflow/example_dags/example_kubernetes_executor.py for tasks to queue
[2023-07-21 07:15:39,903] {logging_mixin.py:104} INFO - [2023-07-21 07:15:39,903] {dagbag.py:496} INFO - Filling up the DagBag from /home/airflow/.local/lib/python3.6/site-packages/airflow/example_dags/example_kubernetes_executor.py
[2023-07-21 07:15:39,922] {scheduler_job.py:643} INFO - DAG(s) dict_keys(['example_kubernetes_executor']) retrieved from /home/airflow/.local/lib/python3.6/site-packages/airflow/example_dags/example_kubernetes_executor.py
[2023-07-21 07:15:39,951] {logging_mixin.py:104} INFO - [2023-07-21 07:15:39,951] {dag.py:1833} INFO - Sync 1 DAGs
[2023-07-21 07:15:39,968] {logging_mixin.py:104} INFO - [2023-07-21 07:15:39,967] {dag.py:2306} INFO - Setting next_dagrun for example_kubernetes_executor to None
[2023-07-21 07:15:39,989] {scheduler_job.py:190} INFO - Processing /home/airflow/.local/lib/python3.6/site-packages/airflow/example_dags/example_kubernetes_executor.py took 0.095 seconds
[2023-07-21 07:16:10,458] {scheduler_job.py:182} INFO - Started process (PID=74161) to work on /home/airflow/.local/lib/python3.6/site-packages/airflow/example_dags/example_kubernetes_executor.py
[2023-07-21 07:16:10,464] {scheduler_job.py:633} INFO - Processing file /home/airflow/.local/lib/python3.6/site-packages/airflow/example_dags/example_kubernetes_executor.py for tasks to queue
[2023-07-21 07:16:10,468] {logging_mixin.py:104} INFO - [2023-07-21 07:16:10,468] {dagbag.py:496} INFO - Filling up the DagBag from /home/airflow/.local/lib/python3.6/site-packages/airflow/example_dags/example_kubernetes_executor.py
[2023-07-21 07:16:10,499] {scheduler_job.py:643} INFO - DAG(s) dict_keys(['example_kubernetes_executor']) retrieved from /home/airflow/.local/lib/python3.6/site-packages/airflow/example_dags/example_kubernetes_executor.py
[2023-07-21 07:16:10,539] {logging_mixin.py:104} INFO - [2023-07-21 07:16:10,539] {dag.py:1833} INFO - Sync 1 DAGs
[2023-07-21 07:16:10,560] {logging_mixin.py:104} INFO - [2023-07-21 07:16:10,560] {dag.py:2306} INFO - Setting next_dagrun for example_kubernetes_executor to None
[2023-07-21 07:16:10,578] {scheduler_job.py:190} INFO - Processing /home/airflow/.local/lib/python3.6/site-packages/airflow/example_dags/example_kubernetes_executor.py took 0.167 seconds
[2023-07-21 07:16:40,914] {scheduler_job.py:182} INFO - Started process (PID=74222) to work on /home/airflow/.local/lib/python3.6/site-packages/airflow/example_dags/example_kubernetes_executor.py
[2023-07-21 07:16:40,922] {scheduler_job.py:633} INFO - Processing file /home/airflow/.local/lib/python3.6/site-packages/airflow/example_dags/example_kubernetes_executor.py for tasks to queue
[2023-07-21 07:16:40,925] {logging_mixin.py:104} INFO - [2023-07-21 07:16:40,925] {dagbag.py:496} INFO - Filling up the DagBag from /home/airflow/.local/lib/python3.6/site-packages/airflow/example_dags/example_kubernetes_executor.py
[2023-07-21 07:16:40,949] {scheduler_job.py:643} INFO - DAG(s) dict_keys(['example_kubernetes_executor']) retrieved from /home/airflow/.local/lib/python3.6/site-packages/airflow/example_dags/example_kubernetes_executor.py
[2023-07-21 07:16:41,001] {logging_mixin.py:104} INFO - [2023-07-21 07:16:41,001] {dag.py:1833} INFO - Sync 1 DAGs
[2023-07-21 07:16:41,022] {logging_mixin.py:104} INFO - [2023-07-21 07:16:41,021] {dag.py:2306} INFO - Setting next_dagrun for example_kubernetes_executor to None
[2023-07-21 07:16:41,037] {scheduler_job.py:190} INFO - Processing /home/airflow/.local/lib/python3.6/site-packages/airflow/example_dags/example_kubernetes_executor.py took 0.137 seconds
[2023-07-21 07:17:11,573] {scheduler_job.py:182} INFO - Started process (PID=74275) to work on /home/airflow/.local/lib/python3.6/site-packages/airflow/example_dags/example_kubernetes_executor.py
[2023-07-21 07:17:11,575] {scheduler_job.py:633} INFO - Processing file /home/airflow/.local/lib/python3.6/site-packages/airflow/example_dags/example_kubernetes_executor.py for tasks to queue
[2023-07-21 07:17:11,577] {logging_mixin.py:104} INFO - [2023-07-21 07:17:11,577] {dagbag.py:496} INFO - Filling up the DagBag from /home/airflow/.local/lib/python3.6/site-packages/airflow/example_dags/example_kubernetes_executor.py
[2023-07-21 07:17:11,597] {scheduler_job.py:643} INFO - DAG(s) dict_keys(['example_kubernetes_executor']) retrieved from /home/airflow/.local/lib/python3.6/site-packages/airflow/example_dags/example_kubernetes_executor.py
[2023-07-21 07:17:11,627] {logging_mixin.py:104} INFO - [2023-07-21 07:17:11,626] {dag.py:1833} INFO - Sync 1 DAGs
[2023-07-21 07:17:11,645] {logging_mixin.py:104} INFO - [2023-07-21 07:17:11,644] {dag.py:2306} INFO - Setting next_dagrun for example_kubernetes_executor to None
[2023-07-21 07:17:11,662] {scheduler_job.py:190} INFO - Processing /home/airflow/.local/lib/python3.6/site-packages/airflow/example_dags/example_kubernetes_executor.py took 0.095 seconds
[2023-07-21 07:17:41,828] {scheduler_job.py:182} INFO - Started process (PID=74324) to work on /home/airflow/.local/lib/python3.6/site-packages/airflow/example_dags/example_kubernetes_executor.py
[2023-07-21 07:17:41,832] {scheduler_job.py:633} INFO - Processing file /home/airflow/.local/lib/python3.6/site-packages/airflow/example_dags/example_kubernetes_executor.py for tasks to queue
[2023-07-21 07:17:41,835] {logging_mixin.py:104} INFO - [2023-07-21 07:17:41,834] {dagbag.py:496} INFO - Filling up the DagBag from /home/airflow/.local/lib/python3.6/site-packages/airflow/example_dags/example_kubernetes_executor.py
[2023-07-21 07:17:41,861] {scheduler_job.py:643} INFO - DAG(s) dict_keys(['example_kubernetes_executor']) retrieved from /home/airflow/.local/lib/python3.6/site-packages/airflow/example_dags/example_kubernetes_executor.py
[2023-07-21 07:17:41,889] {logging_mixin.py:104} INFO - [2023-07-21 07:17:41,889] {dag.py:1833} INFO - Sync 1 DAGs
[2023-07-21 07:17:41,906] {logging_mixin.py:104} INFO - [2023-07-21 07:17:41,906] {dag.py:2306} INFO - Setting next_dagrun for example_kubernetes_executor to None
[2023-07-21 07:17:41,921] {scheduler_job.py:190} INFO - Processing /home/airflow/.local/lib/python3.6/site-packages/airflow/example_dags/example_kubernetes_executor.py took 0.100 seconds
[2023-07-21 07:18:12,280] {scheduler_job.py:182} INFO - Started process (PID=74373) to work on /home/airflow/.local/lib/python3.6/site-packages/airflow/example_dags/example_kubernetes_executor.py
[2023-07-21 07:18:12,290] {scheduler_job.py:633} INFO - Processing file /home/airflow/.local/lib/python3.6/site-packages/airflow/example_dags/example_kubernetes_executor.py for tasks to queue
[2023-07-21 07:18:12,292] {logging_mixin.py:104} INFO - [2023-07-21 07:18:12,292] {dagbag.py:496} INFO - Filling up the DagBag from /home/airflow/.local/lib/python3.6/site-packages/airflow/example_dags/example_kubernetes_executor.py
[2023-07-21 07:18:12,310] {scheduler_job.py:643} INFO - DAG(s) dict_keys(['example_kubernetes_executor']) retrieved from /home/airflow/.local/lib/python3.6/site-packages/airflow/example_dags/example_kubernetes_executor.py
[2023-07-21 07:18:12,340] {logging_mixin.py:104} INFO - [2023-07-21 07:18:12,340] {dag.py:1833} INFO - Sync 1 DAGs
[2023-07-21 07:18:12,357] {logging_mixin.py:104} INFO - [2023-07-21 07:18:12,357] {dag.py:2306} INFO - Setting next_dagrun for example_kubernetes_executor to None
[2023-07-21 07:18:12,373] {scheduler_job.py:190} INFO - Processing /home/airflow/.local/lib/python3.6/site-packages/airflow/example_dags/example_kubernetes_executor.py took 0.105 seconds
[2023-07-21 07:18:42,530] {scheduler_job.py:182} INFO - Started process (PID=74434) to work on /home/airflow/.local/lib/python3.6/site-packages/airflow/example_dags/example_kubernetes_executor.py
[2023-07-21 07:18:42,549] {scheduler_job.py:633} INFO - Processing file /home/airflow/.local/lib/python3.6/site-packages/airflow/example_dags/example_kubernetes_executor.py for tasks to queue
[2023-07-21 07:18:42,551] {logging_mixin.py:104} INFO - [2023-07-21 07:18:42,551] {dagbag.py:496} INFO - Filling up the DagBag from /home/airflow/.local/lib/python3.6/site-packages/airflow/example_dags/example_kubernetes_executor.py
[2023-07-21 07:18:42,612] {scheduler_job.py:643} INFO - DAG(s) dict_keys(['example_kubernetes_executor']) retrieved from /home/airflow/.local/lib/python3.6/site-packages/airflow/example_dags/example_kubernetes_executor.py
[2023-07-21 07:18:42,672] {logging_mixin.py:104} INFO - [2023-07-21 07:18:42,672] {dag.py:1833} INFO - Sync 1 DAGs
[2023-07-21 07:18:42,700] {logging_mixin.py:104} INFO - [2023-07-21 07:18:42,700] {dag.py:2306} INFO - Setting next_dagrun for example_kubernetes_executor to None
[2023-07-21 07:18:42,733] {scheduler_job.py:190} INFO - Processing /home/airflow/.local/lib/python3.6/site-packages/airflow/example_dags/example_kubernetes_executor.py took 0.216 seconds
[2023-07-21 07:19:13,156] {scheduler_job.py:182} INFO - Started process (PID=74486) to work on /home/airflow/.local/lib/python3.6/site-packages/airflow/example_dags/example_kubernetes_executor.py
[2023-07-21 07:19:13,161] {scheduler_job.py:633} INFO - Processing file /home/airflow/.local/lib/python3.6/site-packages/airflow/example_dags/example_kubernetes_executor.py for tasks to queue
[2023-07-21 07:19:13,163] {logging_mixin.py:104} INFO - [2023-07-21 07:19:13,163] {dagbag.py:496} INFO - Filling up the DagBag from /home/airflow/.local/lib/python3.6/site-packages/airflow/example_dags/example_kubernetes_executor.py
[2023-07-21 07:19:13,184] {scheduler_job.py:643} INFO - DAG(s) dict_keys(['example_kubernetes_executor']) retrieved from /home/airflow/.local/lib/python3.6/site-packages/airflow/example_dags/example_kubernetes_executor.py
[2023-07-21 07:19:13,215] {logging_mixin.py:104} INFO - [2023-07-21 07:19:13,215] {dag.py:1833} INFO - Sync 1 DAGs
[2023-07-21 07:19:13,231] {logging_mixin.py:104} INFO - [2023-07-21 07:19:13,231] {dag.py:2306} INFO - Setting next_dagrun for example_kubernetes_executor to None
[2023-07-21 07:19:13,247] {scheduler_job.py:190} INFO - Processing /home/airflow/.local/lib/python3.6/site-packages/airflow/example_dags/example_kubernetes_executor.py took 0.104 seconds
[2023-07-21 07:19:43,901] {scheduler_job.py:182} INFO - Started process (PID=74536) to work on /home/airflow/.local/lib/python3.6/site-packages/airflow/example_dags/example_kubernetes_executor.py
[2023-07-21 07:19:43,908] {scheduler_job.py:633} INFO - Processing file /home/airflow/.local/lib/python3.6/site-packages/airflow/example_dags/example_kubernetes_executor.py for tasks to queue
[2023-07-21 07:19:43,917] {logging_mixin.py:104} INFO - [2023-07-21 07:19:43,916] {dagbag.py:496} INFO - Filling up the DagBag from /home/airflow/.local/lib/python3.6/site-packages/airflow/example_dags/example_kubernetes_executor.py
[2023-07-21 07:19:43,984] {scheduler_job.py:643} INFO - DAG(s) dict_keys(['example_kubernetes_executor']) retrieved from /home/airflow/.local/lib/python3.6/site-packages/airflow/example_dags/example_kubernetes_executor.py
[2023-07-21 07:19:44,019] {logging_mixin.py:104} INFO - [2023-07-21 07:19:44,019] {dag.py:1833} INFO - Sync 1 DAGs
[2023-07-21 07:19:44,035] {logging_mixin.py:104} INFO - [2023-07-21 07:19:44,035] {dag.py:2306} INFO - Setting next_dagrun for example_kubernetes_executor to None
[2023-07-21 07:19:44,057] {scheduler_job.py:190} INFO - Processing /home/airflow/.local/lib/python3.6/site-packages/airflow/example_dags/example_kubernetes_executor.py took 0.176 seconds
[2023-07-21 07:20:14,158] {scheduler_job.py:182} INFO - Started process (PID=74587) to work on /home/airflow/.local/lib/python3.6/site-packages/airflow/example_dags/example_kubernetes_executor.py
[2023-07-21 07:20:14,171] {scheduler_job.py:633} INFO - Processing file /home/airflow/.local/lib/python3.6/site-packages/airflow/example_dags/example_kubernetes_executor.py for tasks to queue
[2023-07-21 07:20:14,176] {logging_mixin.py:104} INFO - [2023-07-21 07:20:14,175] {dagbag.py:496} INFO - Filling up the DagBag from /home/airflow/.local/lib/python3.6/site-packages/airflow/example_dags/example_kubernetes_executor.py
[2023-07-21 07:20:14,240] {scheduler_job.py:643} INFO - DAG(s) dict_keys(['example_kubernetes_executor']) retrieved from /home/airflow/.local/lib/python3.6/site-packages/airflow/example_dags/example_kubernetes_executor.py
[2023-07-21 07:20:14,277] {logging_mixin.py:104} INFO - [2023-07-21 07:20:14,277] {dag.py:1833} INFO - Sync 1 DAGs
[2023-07-21 07:20:14,295] {logging_mixin.py:104} INFO - [2023-07-21 07:20:14,294] {dag.py:2306} INFO - Setting next_dagrun for example_kubernetes_executor to None
[2023-07-21 07:20:14,316] {scheduler_job.py:190} INFO - Processing /home/airflow/.local/lib/python3.6/site-packages/airflow/example_dags/example_kubernetes_executor.py took 0.173 seconds
[2023-07-21 07:20:44,392] {scheduler_job.py:182} INFO - Started process (PID=74648) to work on /home/airflow/.local/lib/python3.6/site-packages/airflow/example_dags/example_kubernetes_executor.py
[2023-07-21 07:20:44,396] {scheduler_job.py:633} INFO - Processing file /home/airflow/.local/lib/python3.6/site-packages/airflow/example_dags/example_kubernetes_executor.py for tasks to queue
[2023-07-21 07:20:44,399] {logging_mixin.py:104} INFO - [2023-07-21 07:20:44,398] {dagbag.py:496} INFO - Filling up the DagBag from /home/airflow/.local/lib/python3.6/site-packages/airflow/example_dags/example_kubernetes_executor.py
[2023-07-21 07:20:44,423] {scheduler_job.py:643} INFO - DAG(s) dict_keys(['example_kubernetes_executor']) retrieved from /home/airflow/.local/lib/python3.6/site-packages/airflow/example_dags/example_kubernetes_executor.py
[2023-07-21 07:20:44,455] {logging_mixin.py:104} INFO - [2023-07-21 07:20:44,455] {dag.py:1833} INFO - Sync 1 DAGs
[2023-07-21 07:20:44,473] {logging_mixin.py:104} INFO - [2023-07-21 07:20:44,473] {dag.py:2306} INFO - Setting next_dagrun for example_kubernetes_executor to None
[2023-07-21 07:20:44,489] {scheduler_job.py:190} INFO - Processing /home/airflow/.local/lib/python3.6/site-packages/airflow/example_dags/example_kubernetes_executor.py took 0.103 seconds
[2023-07-21 07:21:14,720] {scheduler_job.py:182} INFO - Started process (PID=74699) to work on /home/airflow/.local/lib/python3.6/site-packages/airflow/example_dags/example_kubernetes_executor.py
[2023-07-21 07:21:14,731] {scheduler_job.py:633} INFO - Processing file /home/airflow/.local/lib/python3.6/site-packages/airflow/example_dags/example_kubernetes_executor.py for tasks to queue
[2023-07-21 07:21:14,737] {logging_mixin.py:104} INFO - [2023-07-21 07:21:14,736] {dagbag.py:496} INFO - Filling up the DagBag from /home/airflow/.local/lib/python3.6/site-packages/airflow/example_dags/example_kubernetes_executor.py
[2023-07-21 07:21:14,793] {scheduler_job.py:643} INFO - DAG(s) dict_keys(['example_kubernetes_executor']) retrieved from /home/airflow/.local/lib/python3.6/site-packages/airflow/example_dags/example_kubernetes_executor.py
[2023-07-21 07:21:14,860] {logging_mixin.py:104} INFO - [2023-07-21 07:21:14,860] {dag.py:1833} INFO - Sync 1 DAGs
[2023-07-21 07:21:14,884] {logging_mixin.py:104} INFO - [2023-07-21 07:21:14,884] {dag.py:2306} INFO - Setting next_dagrun for example_kubernetes_executor to None
[2023-07-21 07:21:14,903] {scheduler_job.py:190} INFO - Processing /home/airflow/.local/lib/python3.6/site-packages/airflow/example_dags/example_kubernetes_executor.py took 0.199 seconds
[2023-07-21 07:21:45,534] {scheduler_job.py:182} INFO - Started process (PID=74749) to work on /home/airflow/.local/lib/python3.6/site-packages/airflow/example_dags/example_kubernetes_executor.py
[2023-07-21 07:21:45,542] {scheduler_job.py:633} INFO - Processing file /home/airflow/.local/lib/python3.6/site-packages/airflow/example_dags/example_kubernetes_executor.py for tasks to queue
[2023-07-21 07:21:45,546] {logging_mixin.py:104} INFO - [2023-07-21 07:21:45,545] {dagbag.py:496} INFO - Filling up the DagBag from /home/airflow/.local/lib/python3.6/site-packages/airflow/example_dags/example_kubernetes_executor.py
[2023-07-21 07:21:45,585] {scheduler_job.py:643} INFO - DAG(s) dict_keys(['example_kubernetes_executor']) retrieved from /home/airflow/.local/lib/python3.6/site-packages/airflow/example_dags/example_kubernetes_executor.py
[2023-07-21 07:21:45,642] {logging_mixin.py:104} INFO - [2023-07-21 07:21:45,642] {dag.py:1833} INFO - Sync 1 DAGs
[2023-07-21 07:21:45,672] {logging_mixin.py:104} INFO - [2023-07-21 07:21:45,672] {dag.py:2306} INFO - Setting next_dagrun for example_kubernetes_executor to None
[2023-07-21 07:21:45,694] {scheduler_job.py:190} INFO - Processing /home/airflow/.local/lib/python3.6/site-packages/airflow/example_dags/example_kubernetes_executor.py took 0.168 seconds
[2023-07-21 07:22:15,954] {scheduler_job.py:182} INFO - Started process (PID=74800) to work on /home/airflow/.local/lib/python3.6/site-packages/airflow/example_dags/example_kubernetes_executor.py
[2023-07-21 07:22:15,957] {scheduler_job.py:633} INFO - Processing file /home/airflow/.local/lib/python3.6/site-packages/airflow/example_dags/example_kubernetes_executor.py for tasks to queue
[2023-07-21 07:22:15,959] {logging_mixin.py:104} INFO - [2023-07-21 07:22:15,959] {dagbag.py:496} INFO - Filling up the DagBag from /home/airflow/.local/lib/python3.6/site-packages/airflow/example_dags/example_kubernetes_executor.py
[2023-07-21 07:22:15,979] {scheduler_job.py:643} INFO - DAG(s) dict_keys(['example_kubernetes_executor']) retrieved from /home/airflow/.local/lib/python3.6/site-packages/airflow/example_dags/example_kubernetes_executor.py
[2023-07-21 07:22:16,008] {logging_mixin.py:104} INFO - [2023-07-21 07:22:16,008] {dag.py:1833} INFO - Sync 1 DAGs
[2023-07-21 07:22:16,036] {logging_mixin.py:104} INFO - [2023-07-21 07:22:16,036] {dag.py:2306} INFO - Setting next_dagrun for example_kubernetes_executor to None
[2023-07-21 07:22:16,060] {scheduler_job.py:190} INFO - Processing /home/airflow/.local/lib/python3.6/site-packages/airflow/example_dags/example_kubernetes_executor.py took 0.115 seconds
[2023-07-21 07:22:46,579] {scheduler_job.py:182} INFO - Started process (PID=74860) to work on /home/airflow/.local/lib/python3.6/site-packages/airflow/example_dags/example_kubernetes_executor.py
[2023-07-21 07:22:46,584] {scheduler_job.py:633} INFO - Processing file /home/airflow/.local/lib/python3.6/site-packages/airflow/example_dags/example_kubernetes_executor.py for tasks to queue
[2023-07-21 07:22:46,586] {logging_mixin.py:104} INFO - [2023-07-21 07:22:46,586] {dagbag.py:496} INFO - Filling up the DagBag from /home/airflow/.local/lib/python3.6/site-packages/airflow/example_dags/example_kubernetes_executor.py
[2023-07-21 07:22:46,616] {scheduler_job.py:643} INFO - DAG(s) dict_keys(['example_kubernetes_executor']) retrieved from /home/airflow/.local/lib/python3.6/site-packages/airflow/example_dags/example_kubernetes_executor.py
[2023-07-21 07:22:46,694] {logging_mixin.py:104} INFO - [2023-07-21 07:22:46,694] {dag.py:1833} INFO - Sync 1 DAGs
[2023-07-21 07:22:46,723] {logging_mixin.py:104} INFO - [2023-07-21 07:22:46,723] {dag.py:2306} INFO - Setting next_dagrun for example_kubernetes_executor to None
[2023-07-21 07:22:46,748] {scheduler_job.py:190} INFO - Processing /home/airflow/.local/lib/python3.6/site-packages/airflow/example_dags/example_kubernetes_executor.py took 0.178 seconds
[2023-07-21 07:23:17,166] {scheduler_job.py:182} INFO - Started process (PID=74911) to work on /home/airflow/.local/lib/python3.6/site-packages/airflow/example_dags/example_kubernetes_executor.py
[2023-07-21 07:23:17,171] {scheduler_job.py:633} INFO - Processing file /home/airflow/.local/lib/python3.6/site-packages/airflow/example_dags/example_kubernetes_executor.py for tasks to queue
[2023-07-21 07:23:17,173] {logging_mixin.py:104} INFO - [2023-07-21 07:23:17,173] {dagbag.py:496} INFO - Filling up the DagBag from /home/airflow/.local/lib/python3.6/site-packages/airflow/example_dags/example_kubernetes_executor.py
[2023-07-21 07:23:17,209] {scheduler_job.py:643} INFO - DAG(s) dict_keys(['example_kubernetes_executor']) retrieved from /home/airflow/.local/lib/python3.6/site-packages/airflow/example_dags/example_kubernetes_executor.py
[2023-07-21 07:23:17,255] {logging_mixin.py:104} INFO - [2023-07-21 07:23:17,255] {dag.py:1833} INFO - Sync 1 DAGs
[2023-07-21 07:23:17,270] {logging_mixin.py:104} INFO - [2023-07-21 07:23:17,270] {dag.py:2306} INFO - Setting next_dagrun for example_kubernetes_executor to None
[2023-07-21 07:23:17,287] {scheduler_job.py:190} INFO - Processing /home/airflow/.local/lib/python3.6/site-packages/airflow/example_dags/example_kubernetes_executor.py took 0.131 seconds
[2023-07-21 07:23:48,066] {scheduler_job.py:182} INFO - Started process (PID=74961) to work on /home/airflow/.local/lib/python3.6/site-packages/airflow/example_dags/example_kubernetes_executor.py
[2023-07-21 07:23:48,069] {scheduler_job.py:633} INFO - Processing file /home/airflow/.local/lib/python3.6/site-packages/airflow/example_dags/example_kubernetes_executor.py for tasks to queue
[2023-07-21 07:23:48,076] {logging_mixin.py:104} INFO - [2023-07-21 07:23:48,076] {dagbag.py:496} INFO - Filling up the DagBag from /home/airflow/.local/lib/python3.6/site-packages/airflow/example_dags/example_kubernetes_executor.py
[2023-07-21 07:23:48,136] {scheduler_job.py:643} INFO - DAG(s) dict_keys(['example_kubernetes_executor']) retrieved from /home/airflow/.local/lib/python3.6/site-packages/airflow/example_dags/example_kubernetes_executor.py
[2023-07-21 07:23:48,209] {logging_mixin.py:104} INFO - [2023-07-21 07:23:48,209] {dag.py:1833} INFO - Sync 1 DAGs
[2023-07-21 07:23:48,259] {logging_mixin.py:104} INFO - [2023-07-21 07:23:48,259] {dag.py:2306} INFO - Setting next_dagrun for example_kubernetes_executor to None
[2023-07-21 07:23:48,284] {scheduler_job.py:190} INFO - Processing /home/airflow/.local/lib/python3.6/site-packages/airflow/example_dags/example_kubernetes_executor.py took 0.233 seconds
[2023-07-21 07:24:18,811] {scheduler_job.py:182} INFO - Started process (PID=75022) to work on /home/airflow/.local/lib/python3.6/site-packages/airflow/example_dags/example_kubernetes_executor.py
[2023-07-21 07:24:18,823] {scheduler_job.py:633} INFO - Processing file /home/airflow/.local/lib/python3.6/site-packages/airflow/example_dags/example_kubernetes_executor.py for tasks to queue
[2023-07-21 07:24:18,827] {logging_mixin.py:104} INFO - [2023-07-21 07:24:18,826] {dagbag.py:496} INFO - Filling up the DagBag from /home/airflow/.local/lib/python3.6/site-packages/airflow/example_dags/example_kubernetes_executor.py
[2023-07-21 07:24:18,877] {scheduler_job.py:643} INFO - DAG(s) dict_keys(['example_kubernetes_executor']) retrieved from /home/airflow/.local/lib/python3.6/site-packages/airflow/example_dags/example_kubernetes_executor.py
[2023-07-21 07:24:18,939] {logging_mixin.py:104} INFO - [2023-07-21 07:24:18,939] {dag.py:1833} INFO - Sync 1 DAGs
[2023-07-21 07:24:18,974] {logging_mixin.py:104} INFO - [2023-07-21 07:24:18,974] {dag.py:2306} INFO - Setting next_dagrun for example_kubernetes_executor to None
[2023-07-21 07:24:18,996] {scheduler_job.py:190} INFO - Processing /home/airflow/.local/lib/python3.6/site-packages/airflow/example_dags/example_kubernetes_executor.py took 0.195 seconds
[2023-07-21 07:24:49,471] {scheduler_job.py:182} INFO - Started process (PID=75072) to work on /home/airflow/.local/lib/python3.6/site-packages/airflow/example_dags/example_kubernetes_executor.py
[2023-07-21 07:24:49,475] {scheduler_job.py:633} INFO - Processing file /home/airflow/.local/lib/python3.6/site-packages/airflow/example_dags/example_kubernetes_executor.py for tasks to queue
[2023-07-21 07:24:49,478] {logging_mixin.py:104} INFO - [2023-07-21 07:24:49,478] {dagbag.py:496} INFO - Filling up the DagBag from /home/airflow/.local/lib/python3.6/site-packages/airflow/example_dags/example_kubernetes_executor.py
[2023-07-21 07:24:49,516] {scheduler_job.py:643} INFO - DAG(s) dict_keys(['example_kubernetes_executor']) retrieved from /home/airflow/.local/lib/python3.6/site-packages/airflow/example_dags/example_kubernetes_executor.py
[2023-07-21 07:24:49,577] {logging_mixin.py:104} INFO - [2023-07-21 07:24:49,577] {dag.py:1833} INFO - Sync 1 DAGs
[2023-07-21 07:24:49,613] {logging_mixin.py:104} INFO - [2023-07-21 07:24:49,613] {dag.py:2306} INFO - Setting next_dagrun for example_kubernetes_executor to None
[2023-07-21 07:24:49,649] {scheduler_job.py:190} INFO - Processing /home/airflow/.local/lib/python3.6/site-packages/airflow/example_dags/example_kubernetes_executor.py took 0.185 seconds
[2023-07-21 07:25:19,773] {scheduler_job.py:182} INFO - Started process (PID=75122) to work on /home/airflow/.local/lib/python3.6/site-packages/airflow/example_dags/example_kubernetes_executor.py
[2023-07-21 07:25:19,782] {scheduler_job.py:633} INFO - Processing file /home/airflow/.local/lib/python3.6/site-packages/airflow/example_dags/example_kubernetes_executor.py for tasks to queue
[2023-07-21 07:25:19,787] {logging_mixin.py:104} INFO - [2023-07-21 07:25:19,786] {dagbag.py:496} INFO - Filling up the DagBag from /home/airflow/.local/lib/python3.6/site-packages/airflow/example_dags/example_kubernetes_executor.py
[2023-07-21 07:25:19,830] {scheduler_job.py:643} INFO - DAG(s) dict_keys(['example_kubernetes_executor']) retrieved from /home/airflow/.local/lib/python3.6/site-packages/airflow/example_dags/example_kubernetes_executor.py
[2023-07-21 07:25:19,861] {logging_mixin.py:104} INFO - [2023-07-21 07:25:19,860] {dag.py:1833} INFO - Sync 1 DAGs
[2023-07-21 07:25:19,877] {logging_mixin.py:104} INFO - [2023-07-21 07:25:19,877] {dag.py:2306} INFO - Setting next_dagrun for example_kubernetes_executor to None
[2023-07-21 07:25:19,891] {scheduler_job.py:190} INFO - Processing /home/airflow/.local/lib/python3.6/site-packages/airflow/example_dags/example_kubernetes_executor.py took 0.140 seconds
[2023-07-21 07:25:50,654] {scheduler_job.py:182} INFO - Started process (PID=75173) to work on /home/airflow/.local/lib/python3.6/site-packages/airflow/example_dags/example_kubernetes_executor.py
[2023-07-21 07:25:50,658] {scheduler_job.py:633} INFO - Processing file /home/airflow/.local/lib/python3.6/site-packages/airflow/example_dags/example_kubernetes_executor.py for tasks to queue
[2023-07-21 07:25:50,660] {logging_mixin.py:104} INFO - [2023-07-21 07:25:50,659] {dagbag.py:496} INFO - Filling up the DagBag from /home/airflow/.local/lib/python3.6/site-packages/airflow/example_dags/example_kubernetes_executor.py
[2023-07-21 07:25:50,680] {scheduler_job.py:643} INFO - DAG(s) dict_keys(['example_kubernetes_executor']) retrieved from /home/airflow/.local/lib/python3.6/site-packages/airflow/example_dags/example_kubernetes_executor.py
[2023-07-21 07:25:50,715] {logging_mixin.py:104} INFO - [2023-07-21 07:25:50,714] {dag.py:1833} INFO - Sync 1 DAGs
[2023-07-21 07:25:50,731] {logging_mixin.py:104} INFO - [2023-07-21 07:25:50,731] {dag.py:2306} INFO - Setting next_dagrun for example_kubernetes_executor to None
[2023-07-21 07:25:50,746] {scheduler_job.py:190} INFO - Processing /home/airflow/.local/lib/python3.6/site-packages/airflow/example_dags/example_kubernetes_executor.py took 0.097 seconds
[2023-07-21 07:26:21,254] {scheduler_job.py:182} INFO - Started process (PID=75224) to work on /home/airflow/.local/lib/python3.6/site-packages/airflow/example_dags/example_kubernetes_executor.py
[2023-07-21 07:26:21,257] {scheduler_job.py:633} INFO - Processing file /home/airflow/.local/lib/python3.6/site-packages/airflow/example_dags/example_kubernetes_executor.py for tasks to queue
[2023-07-21 07:26:21,260] {logging_mixin.py:104} INFO - [2023-07-21 07:26:21,260] {dagbag.py:496} INFO - Filling up the DagBag from /home/airflow/.local/lib/python3.6/site-packages/airflow/example_dags/example_kubernetes_executor.py
[2023-07-21 07:26:21,287] {scheduler_job.py:643} INFO - DAG(s) dict_keys(['example_kubernetes_executor']) retrieved from /home/airflow/.local/lib/python3.6/site-packages/airflow/example_dags/example_kubernetes_executor.py
[2023-07-21 07:26:21,331] {logging_mixin.py:104} INFO - [2023-07-21 07:26:21,331] {dag.py:1833} INFO - Sync 1 DAGs
[2023-07-21 07:26:21,356] {logging_mixin.py:104} INFO - [2023-07-21 07:26:21,356] {dag.py:2306} INFO - Setting next_dagrun for example_kubernetes_executor to None
[2023-07-21 07:26:21,378] {scheduler_job.py:190} INFO - Processing /home/airflow/.local/lib/python3.6/site-packages/airflow/example_dags/example_kubernetes_executor.py took 0.132 seconds
[2023-07-21 07:26:51,776] {scheduler_job.py:182} INFO - Started process (PID=75275) to work on /home/airflow/.local/lib/python3.6/site-packages/airflow/example_dags/example_kubernetes_executor.py
[2023-07-21 07:26:51,780] {scheduler_job.py:633} INFO - Processing file /home/airflow/.local/lib/python3.6/site-packages/airflow/example_dags/example_kubernetes_executor.py for tasks to queue
[2023-07-21 07:26:51,785] {logging_mixin.py:104} INFO - [2023-07-21 07:26:51,784] {dagbag.py:496} INFO - Filling up the DagBag from /home/airflow/.local/lib/python3.6/site-packages/airflow/example_dags/example_kubernetes_executor.py
[2023-07-21 07:26:51,809] {scheduler_job.py:643} INFO - DAG(s) dict_keys(['example_kubernetes_executor']) retrieved from /home/airflow/.local/lib/python3.6/site-packages/airflow/example_dags/example_kubernetes_executor.py
[2023-07-21 07:26:51,844] {logging_mixin.py:104} INFO - [2023-07-21 07:26:51,843] {dag.py:1833} INFO - Sync 1 DAGs
[2023-07-21 07:26:51,864] {logging_mixin.py:104} INFO - [2023-07-21 07:26:51,863] {dag.py:2306} INFO - Setting next_dagrun for example_kubernetes_executor to None
[2023-07-21 07:26:51,884] {scheduler_job.py:190} INFO - Processing /home/airflow/.local/lib/python3.6/site-packages/airflow/example_dags/example_kubernetes_executor.py took 0.120 seconds
[2023-07-21 07:27:22,501] {scheduler_job.py:182} INFO - Started process (PID=75336) to work on /home/airflow/.local/lib/python3.6/site-packages/airflow/example_dags/example_kubernetes_executor.py
[2023-07-21 07:27:22,505] {scheduler_job.py:633} INFO - Processing file /home/airflow/.local/lib/python3.6/site-packages/airflow/example_dags/example_kubernetes_executor.py for tasks to queue
[2023-07-21 07:27:22,509] {logging_mixin.py:104} INFO - [2023-07-21 07:27:22,508] {dagbag.py:496} INFO - Filling up the DagBag from /home/airflow/.local/lib/python3.6/site-packages/airflow/example_dags/example_kubernetes_executor.py
[2023-07-21 07:27:22,530] {scheduler_job.py:643} INFO - DAG(s) dict_keys(['example_kubernetes_executor']) retrieved from /home/airflow/.local/lib/python3.6/site-packages/airflow/example_dags/example_kubernetes_executor.py
[2023-07-21 07:27:22,561] {logging_mixin.py:104} INFO - [2023-07-21 07:27:22,560] {dag.py:1833} INFO - Sync 1 DAGs
[2023-07-21 07:27:22,578] {logging_mixin.py:104} INFO - [2023-07-21 07:27:22,578] {dag.py:2306} INFO - Setting next_dagrun for example_kubernetes_executor to None
[2023-07-21 07:27:22,594] {scheduler_job.py:190} INFO - Processing /home/airflow/.local/lib/python3.6/site-packages/airflow/example_dags/example_kubernetes_executor.py took 0.106 seconds
