[2023-07-21 07:14:01,210] {scheduler_job.py:182} INFO - Started process (PID=73947) to work on /home/airflow/.local/lib/python3.6/site-packages/airflow/example_dags/example_task_group.py
[2023-07-21 07:14:01,221] {scheduler_job.py:633} INFO - Processing file /home/airflow/.local/lib/python3.6/site-packages/airflow/example_dags/example_task_group.py for tasks to queue
[2023-07-21 07:14:01,225] {logging_mixin.py:104} INFO - [2023-07-21 07:14:01,225] {dagbag.py:496} INFO - Filling up the DagBag from /home/airflow/.local/lib/python3.6/site-packages/airflow/example_dags/example_task_group.py
[2023-07-21 07:14:01,279] {scheduler_job.py:643} INFO - DAG(s) dict_keys(['example_task_group']) retrieved from /home/airflow/.local/lib/python3.6/site-packages/airflow/example_dags/example_task_group.py
[2023-07-21 07:14:01,652] {logging_mixin.py:104} INFO - [2023-07-21 07:14:01,652] {dag.py:1833} INFO - Sync 1 DAGs
[2023-07-21 07:14:01,671] {logging_mixin.py:104} INFO - [2023-07-21 07:14:01,671] {dag.py:2306} INFO - Setting next_dagrun for example_task_group to 2023-07-19 00:00:00+00:00
[2023-07-21 07:14:01,693] {scheduler_job.py:190} INFO - Processing /home/airflow/.local/lib/python3.6/site-packages/airflow/example_dags/example_task_group.py took 0.824 seconds
[2023-07-21 07:14:32,294] {scheduler_job.py:182} INFO - Started process (PID=73996) to work on /home/airflow/.local/lib/python3.6/site-packages/airflow/example_dags/example_task_group.py
[2023-07-21 07:14:32,300] {scheduler_job.py:633} INFO - Processing file /home/airflow/.local/lib/python3.6/site-packages/airflow/example_dags/example_task_group.py for tasks to queue
[2023-07-21 07:14:32,306] {logging_mixin.py:104} INFO - [2023-07-21 07:14:32,305] {dagbag.py:496} INFO - Filling up the DagBag from /home/airflow/.local/lib/python3.6/site-packages/airflow/example_dags/example_task_group.py
[2023-07-21 07:14:32,346] {scheduler_job.py:643} INFO - DAG(s) dict_keys(['example_task_group']) retrieved from /home/airflow/.local/lib/python3.6/site-packages/airflow/example_dags/example_task_group.py
[2023-07-21 07:14:32,390] {logging_mixin.py:104} INFO - [2023-07-21 07:14:32,390] {dag.py:1833} INFO - Sync 1 DAGs
[2023-07-21 07:14:32,412] {logging_mixin.py:104} INFO - [2023-07-21 07:14:32,412] {dag.py:2306} INFO - Setting next_dagrun for example_task_group to 2023-07-19 00:00:00+00:00
[2023-07-21 07:14:32,434] {scheduler_job.py:190} INFO - Processing /home/airflow/.local/lib/python3.6/site-packages/airflow/example_dags/example_task_group.py took 0.150 seconds
[2023-07-21 07:15:03,129] {scheduler_job.py:182} INFO - Started process (PID=74046) to work on /home/airflow/.local/lib/python3.6/site-packages/airflow/example_dags/example_task_group.py
[2023-07-21 07:15:03,132] {scheduler_job.py:633} INFO - Processing file /home/airflow/.local/lib/python3.6/site-packages/airflow/example_dags/example_task_group.py for tasks to queue
[2023-07-21 07:15:03,134] {logging_mixin.py:104} INFO - [2023-07-21 07:15:03,134] {dagbag.py:496} INFO - Filling up the DagBag from /home/airflow/.local/lib/python3.6/site-packages/airflow/example_dags/example_task_group.py
[2023-07-21 07:15:03,161] {scheduler_job.py:643} INFO - DAG(s) dict_keys(['example_task_group']) retrieved from /home/airflow/.local/lib/python3.6/site-packages/airflow/example_dags/example_task_group.py
[2023-07-21 07:15:03,219] {logging_mixin.py:104} INFO - [2023-07-21 07:15:03,219] {dag.py:1833} INFO - Sync 1 DAGs
[2023-07-21 07:15:03,238] {logging_mixin.py:104} INFO - [2023-07-21 07:15:03,238] {dag.py:2306} INFO - Setting next_dagrun for example_task_group to 2023-07-19 00:00:00+00:00
[2023-07-21 07:15:03,253] {scheduler_job.py:190} INFO - Processing /home/airflow/.local/lib/python3.6/site-packages/airflow/example_dags/example_task_group.py took 0.130 seconds
[2023-07-21 07:15:33,737] {scheduler_job.py:182} INFO - Started process (PID=74108) to work on /home/airflow/.local/lib/python3.6/site-packages/airflow/example_dags/example_task_group.py
[2023-07-21 07:15:33,740] {scheduler_job.py:633} INFO - Processing file /home/airflow/.local/lib/python3.6/site-packages/airflow/example_dags/example_task_group.py for tasks to queue
[2023-07-21 07:15:33,744] {logging_mixin.py:104} INFO - [2023-07-21 07:15:33,743] {dagbag.py:496} INFO - Filling up the DagBag from /home/airflow/.local/lib/python3.6/site-packages/airflow/example_dags/example_task_group.py
[2023-07-21 07:15:33,767] {scheduler_job.py:643} INFO - DAG(s) dict_keys(['example_task_group']) retrieved from /home/airflow/.local/lib/python3.6/site-packages/airflow/example_dags/example_task_group.py
[2023-07-21 07:15:33,797] {logging_mixin.py:104} INFO - [2023-07-21 07:15:33,797] {dag.py:1833} INFO - Sync 1 DAGs
[2023-07-21 07:15:33,814] {logging_mixin.py:104} INFO - [2023-07-21 07:15:33,814] {dag.py:2306} INFO - Setting next_dagrun for example_task_group to 2023-07-19 00:00:00+00:00
[2023-07-21 07:15:33,832] {scheduler_job.py:190} INFO - Processing /home/airflow/.local/lib/python3.6/site-packages/airflow/example_dags/example_task_group.py took 0.100 seconds
[2023-07-21 07:16:04,166] {scheduler_job.py:182} INFO - Started process (PID=74159) to work on /home/airflow/.local/lib/python3.6/site-packages/airflow/example_dags/example_task_group.py
[2023-07-21 07:16:04,169] {scheduler_job.py:633} INFO - Processing file /home/airflow/.local/lib/python3.6/site-packages/airflow/example_dags/example_task_group.py for tasks to queue
[2023-07-21 07:16:04,172] {logging_mixin.py:104} INFO - [2023-07-21 07:16:04,172] {dagbag.py:496} INFO - Filling up the DagBag from /home/airflow/.local/lib/python3.6/site-packages/airflow/example_dags/example_task_group.py
[2023-07-21 07:16:04,215] {scheduler_job.py:643} INFO - DAG(s) dict_keys(['example_task_group']) retrieved from /home/airflow/.local/lib/python3.6/site-packages/airflow/example_dags/example_task_group.py
[2023-07-21 07:16:04,297] {logging_mixin.py:104} INFO - [2023-07-21 07:16:04,297] {dag.py:1833} INFO - Sync 1 DAGs
[2023-07-21 07:16:04,323] {logging_mixin.py:104} INFO - [2023-07-21 07:16:04,322] {dag.py:2306} INFO - Setting next_dagrun for example_task_group to 2023-07-19 00:00:00+00:00
[2023-07-21 07:16:04,345] {scheduler_job.py:190} INFO - Processing /home/airflow/.local/lib/python3.6/site-packages/airflow/example_dags/example_task_group.py took 0.187 seconds
[2023-07-21 07:16:34,815] {scheduler_job.py:182} INFO - Started process (PID=74211) to work on /home/airflow/.local/lib/python3.6/site-packages/airflow/example_dags/example_task_group.py
[2023-07-21 07:16:34,818] {scheduler_job.py:633} INFO - Processing file /home/airflow/.local/lib/python3.6/site-packages/airflow/example_dags/example_task_group.py for tasks to queue
[2023-07-21 07:16:34,831] {logging_mixin.py:104} INFO - [2023-07-21 07:16:34,831] {dagbag.py:496} INFO - Filling up the DagBag from /home/airflow/.local/lib/python3.6/site-packages/airflow/example_dags/example_task_group.py
[2023-07-21 07:16:34,877] {scheduler_job.py:643} INFO - DAG(s) dict_keys(['example_task_group']) retrieved from /home/airflow/.local/lib/python3.6/site-packages/airflow/example_dags/example_task_group.py
[2023-07-21 07:16:34,919] {logging_mixin.py:104} INFO - [2023-07-21 07:16:34,919] {dag.py:1833} INFO - Sync 1 DAGs
[2023-07-21 07:16:34,940] {logging_mixin.py:104} INFO - [2023-07-21 07:16:34,940] {dag.py:2306} INFO - Setting next_dagrun for example_task_group to 2023-07-19 00:00:00+00:00
[2023-07-21 07:16:34,961] {scheduler_job.py:190} INFO - Processing /home/airflow/.local/lib/python3.6/site-packages/airflow/example_dags/example_task_group.py took 0.169 seconds
[2023-07-21 07:17:05,499] {scheduler_job.py:182} INFO - Started process (PID=74273) to work on /home/airflow/.local/lib/python3.6/site-packages/airflow/example_dags/example_task_group.py
[2023-07-21 07:17:05,505] {scheduler_job.py:633} INFO - Processing file /home/airflow/.local/lib/python3.6/site-packages/airflow/example_dags/example_task_group.py for tasks to queue
[2023-07-21 07:17:05,509] {logging_mixin.py:104} INFO - [2023-07-21 07:17:05,509] {dagbag.py:496} INFO - Filling up the DagBag from /home/airflow/.local/lib/python3.6/site-packages/airflow/example_dags/example_task_group.py
[2023-07-21 07:17:05,560] {scheduler_job.py:643} INFO - DAG(s) dict_keys(['example_task_group']) retrieved from /home/airflow/.local/lib/python3.6/site-packages/airflow/example_dags/example_task_group.py
[2023-07-21 07:17:05,606] {logging_mixin.py:104} INFO - [2023-07-21 07:17:05,606] {dag.py:1833} INFO - Sync 1 DAGs
[2023-07-21 07:17:05,631] {logging_mixin.py:104} INFO - [2023-07-21 07:17:05,631] {dag.py:2306} INFO - Setting next_dagrun for example_task_group to 2023-07-19 00:00:00+00:00
[2023-07-21 07:17:05,657] {scheduler_job.py:190} INFO - Processing /home/airflow/.local/lib/python3.6/site-packages/airflow/example_dags/example_task_group.py took 0.197 seconds
[2023-07-21 07:17:35,738] {scheduler_job.py:182} INFO - Started process (PID=74323) to work on /home/airflow/.local/lib/python3.6/site-packages/airflow/example_dags/example_task_group.py
[2023-07-21 07:17:35,748] {scheduler_job.py:633} INFO - Processing file /home/airflow/.local/lib/python3.6/site-packages/airflow/example_dags/example_task_group.py for tasks to queue
[2023-07-21 07:17:35,750] {logging_mixin.py:104} INFO - [2023-07-21 07:17:35,750] {dagbag.py:496} INFO - Filling up the DagBag from /home/airflow/.local/lib/python3.6/site-packages/airflow/example_dags/example_task_group.py
[2023-07-21 07:17:35,775] {scheduler_job.py:643} INFO - DAG(s) dict_keys(['example_task_group']) retrieved from /home/airflow/.local/lib/python3.6/site-packages/airflow/example_dags/example_task_group.py
[2023-07-21 07:17:35,809] {logging_mixin.py:104} INFO - [2023-07-21 07:17:35,809] {dag.py:1833} INFO - Sync 1 DAGs
[2023-07-21 07:17:35,831] {logging_mixin.py:104} INFO - [2023-07-21 07:17:35,831] {dag.py:2306} INFO - Setting next_dagrun for example_task_group to 2023-07-19 00:00:00+00:00
[2023-07-21 07:17:35,855] {scheduler_job.py:190} INFO - Processing /home/airflow/.local/lib/python3.6/site-packages/airflow/example_dags/example_task_group.py took 0.122 seconds
[2023-07-21 07:18:06,115] {scheduler_job.py:182} INFO - Started process (PID=74371) to work on /home/airflow/.local/lib/python3.6/site-packages/airflow/example_dags/example_task_group.py
[2023-07-21 07:18:06,119] {scheduler_job.py:633} INFO - Processing file /home/airflow/.local/lib/python3.6/site-packages/airflow/example_dags/example_task_group.py for tasks to queue
[2023-07-21 07:18:06,120] {logging_mixin.py:104} INFO - [2023-07-21 07:18:06,120] {dagbag.py:496} INFO - Filling up the DagBag from /home/airflow/.local/lib/python3.6/site-packages/airflow/example_dags/example_task_group.py
[2023-07-21 07:18:06,144] {scheduler_job.py:643} INFO - DAG(s) dict_keys(['example_task_group']) retrieved from /home/airflow/.local/lib/python3.6/site-packages/airflow/example_dags/example_task_group.py
[2023-07-21 07:18:06,198] {logging_mixin.py:104} INFO - [2023-07-21 07:18:06,198] {dag.py:1833} INFO - Sync 1 DAGs
[2023-07-21 07:18:06,217] {logging_mixin.py:104} INFO - [2023-07-21 07:18:06,217] {dag.py:2306} INFO - Setting next_dagrun for example_task_group to 2023-07-19 00:00:00+00:00
[2023-07-21 07:18:06,238] {scheduler_job.py:190} INFO - Processing /home/airflow/.local/lib/python3.6/site-packages/airflow/example_dags/example_task_group.py took 0.129 seconds
[2023-07-21 07:18:36,408] {scheduler_job.py:182} INFO - Started process (PID=74422) to work on /home/airflow/.local/lib/python3.6/site-packages/airflow/example_dags/example_task_group.py
[2023-07-21 07:18:36,411] {scheduler_job.py:633} INFO - Processing file /home/airflow/.local/lib/python3.6/site-packages/airflow/example_dags/example_task_group.py for tasks to queue
[2023-07-21 07:18:36,413] {logging_mixin.py:104} INFO - [2023-07-21 07:18:36,412] {dagbag.py:496} INFO - Filling up the DagBag from /home/airflow/.local/lib/python3.6/site-packages/airflow/example_dags/example_task_group.py
[2023-07-21 07:18:36,444] {scheduler_job.py:643} INFO - DAG(s) dict_keys(['example_task_group']) retrieved from /home/airflow/.local/lib/python3.6/site-packages/airflow/example_dags/example_task_group.py
[2023-07-21 07:18:36,481] {logging_mixin.py:104} INFO - [2023-07-21 07:18:36,481] {dag.py:1833} INFO - Sync 1 DAGs
[2023-07-21 07:18:36,498] {logging_mixin.py:104} INFO - [2023-07-21 07:18:36,498] {dag.py:2306} INFO - Setting next_dagrun for example_task_group to 2023-07-19 00:00:00+00:00
[2023-07-21 07:18:36,514] {scheduler_job.py:190} INFO - Processing /home/airflow/.local/lib/python3.6/site-packages/airflow/example_dags/example_task_group.py took 0.111 seconds
[2023-07-21 07:19:07,088] {scheduler_job.py:182} INFO - Started process (PID=74475) to work on /home/airflow/.local/lib/python3.6/site-packages/airflow/example_dags/example_task_group.py
[2023-07-21 07:19:07,090] {scheduler_job.py:633} INFO - Processing file /home/airflow/.local/lib/python3.6/site-packages/airflow/example_dags/example_task_group.py for tasks to queue
[2023-07-21 07:19:07,092] {logging_mixin.py:104} INFO - [2023-07-21 07:19:07,092] {dagbag.py:496} INFO - Filling up the DagBag from /home/airflow/.local/lib/python3.6/site-packages/airflow/example_dags/example_task_group.py
[2023-07-21 07:19:07,114] {scheduler_job.py:643} INFO - DAG(s) dict_keys(['example_task_group']) retrieved from /home/airflow/.local/lib/python3.6/site-packages/airflow/example_dags/example_task_group.py
[2023-07-21 07:19:07,142] {logging_mixin.py:104} INFO - [2023-07-21 07:19:07,141] {dag.py:1833} INFO - Sync 1 DAGs
[2023-07-21 07:19:07,158] {logging_mixin.py:104} INFO - [2023-07-21 07:19:07,158] {dag.py:2306} INFO - Setting next_dagrun for example_task_group to 2023-07-19 00:00:00+00:00
[2023-07-21 07:19:07,174] {scheduler_job.py:190} INFO - Processing /home/airflow/.local/lib/python3.6/site-packages/airflow/example_dags/example_task_group.py took 0.092 seconds
[2023-07-21 07:19:38,296] {scheduler_job.py:182} INFO - Started process (PID=74534) to work on /home/airflow/.local/lib/python3.6/site-packages/airflow/example_dags/example_task_group.py
[2023-07-21 07:19:38,310] {scheduler_job.py:633} INFO - Processing file /home/airflow/.local/lib/python3.6/site-packages/airflow/example_dags/example_task_group.py for tasks to queue
[2023-07-21 07:19:38,312] {logging_mixin.py:104} INFO - [2023-07-21 07:19:38,312] {dagbag.py:496} INFO - Filling up the DagBag from /home/airflow/.local/lib/python3.6/site-packages/airflow/example_dags/example_task_group.py
[2023-07-21 07:19:38,393] {scheduler_job.py:643} INFO - DAG(s) dict_keys(['example_task_group']) retrieved from /home/airflow/.local/lib/python3.6/site-packages/airflow/example_dags/example_task_group.py
[2023-07-21 07:19:38,471] {logging_mixin.py:104} INFO - [2023-07-21 07:19:38,469] {dag.py:1833} INFO - Sync 1 DAGs
[2023-07-21 07:19:38,520] {logging_mixin.py:104} INFO - [2023-07-21 07:19:38,520] {dag.py:2306} INFO - Setting next_dagrun for example_task_group to 2023-07-19 00:00:00+00:00
[2023-07-21 07:19:38,584] {scheduler_job.py:190} INFO - Processing /home/airflow/.local/lib/python3.6/site-packages/airflow/example_dags/example_task_group.py took 0.304 seconds
[2023-07-21 07:20:09,328] {scheduler_job.py:182} INFO - Started process (PID=74584) to work on /home/airflow/.local/lib/python3.6/site-packages/airflow/example_dags/example_task_group.py
[2023-07-21 07:20:09,335] {scheduler_job.py:633} INFO - Processing file /home/airflow/.local/lib/python3.6/site-packages/airflow/example_dags/example_task_group.py for tasks to queue
[2023-07-21 07:20:09,345] {logging_mixin.py:104} INFO - [2023-07-21 07:20:09,345] {dagbag.py:496} INFO - Filling up the DagBag from /home/airflow/.local/lib/python3.6/site-packages/airflow/example_dags/example_task_group.py
[2023-07-21 07:20:09,441] {scheduler_job.py:643} INFO - DAG(s) dict_keys(['example_task_group']) retrieved from /home/airflow/.local/lib/python3.6/site-packages/airflow/example_dags/example_task_group.py
[2023-07-21 07:20:09,567] {logging_mixin.py:104} INFO - [2023-07-21 07:20:09,557] {dag.py:1833} INFO - Sync 1 DAGs
[2023-07-21 07:20:09,660] {logging_mixin.py:104} INFO - [2023-07-21 07:20:09,660] {dag.py:2306} INFO - Setting next_dagrun for example_task_group to 2023-07-19 00:00:00+00:00
[2023-07-21 07:20:09,693] {scheduler_job.py:190} INFO - Processing /home/airflow/.local/lib/python3.6/site-packages/airflow/example_dags/example_task_group.py took 0.385 seconds
[2023-07-21 07:20:40,475] {scheduler_job.py:182} INFO - Started process (PID=74635) to work on /home/airflow/.local/lib/python3.6/site-packages/airflow/example_dags/example_task_group.py
[2023-07-21 07:20:40,495] {scheduler_job.py:633} INFO - Processing file /home/airflow/.local/lib/python3.6/site-packages/airflow/example_dags/example_task_group.py for tasks to queue
[2023-07-21 07:20:40,499] {logging_mixin.py:104} INFO - [2023-07-21 07:20:40,499] {dagbag.py:496} INFO - Filling up the DagBag from /home/airflow/.local/lib/python3.6/site-packages/airflow/example_dags/example_task_group.py
[2023-07-21 07:20:40,632] {scheduler_job.py:643} INFO - DAG(s) dict_keys(['example_task_group']) retrieved from /home/airflow/.local/lib/python3.6/site-packages/airflow/example_dags/example_task_group.py
[2023-07-21 07:20:40,712] {logging_mixin.py:104} INFO - [2023-07-21 07:20:40,712] {dag.py:1833} INFO - Sync 1 DAGs
[2023-07-21 07:20:40,769] {logging_mixin.py:104} INFO - [2023-07-21 07:20:40,769] {dag.py:2306} INFO - Setting next_dagrun for example_task_group to 2023-07-19 00:00:00+00:00
[2023-07-21 07:20:40,919] {scheduler_job.py:190} INFO - Processing /home/airflow/.local/lib/python3.6/site-packages/airflow/example_dags/example_task_group.py took 0.458 seconds
[2023-07-21 07:21:11,177] {scheduler_job.py:182} INFO - Started process (PID=74696) to work on /home/airflow/.local/lib/python3.6/site-packages/airflow/example_dags/example_task_group.py
[2023-07-21 07:21:11,190] {scheduler_job.py:633} INFO - Processing file /home/airflow/.local/lib/python3.6/site-packages/airflow/example_dags/example_task_group.py for tasks to queue
[2023-07-21 07:21:11,194] {logging_mixin.py:104} INFO - [2023-07-21 07:21:11,194] {dagbag.py:496} INFO - Filling up the DagBag from /home/airflow/.local/lib/python3.6/site-packages/airflow/example_dags/example_task_group.py
[2023-07-21 07:21:11,293] {scheduler_job.py:643} INFO - DAG(s) dict_keys(['example_task_group']) retrieved from /home/airflow/.local/lib/python3.6/site-packages/airflow/example_dags/example_task_group.py
[2023-07-21 07:21:11,426] {logging_mixin.py:104} INFO - [2023-07-21 07:21:11,425] {dag.py:1833} INFO - Sync 1 DAGs
[2023-07-21 07:21:11,501] {logging_mixin.py:104} INFO - [2023-07-21 07:21:11,500] {dag.py:2306} INFO - Setting next_dagrun for example_task_group to 2023-07-19 00:00:00+00:00
[2023-07-21 07:21:11,548] {scheduler_job.py:190} INFO - Processing /home/airflow/.local/lib/python3.6/site-packages/airflow/example_dags/example_task_group.py took 0.386 seconds
[2023-07-21 07:21:42,359] {scheduler_job.py:182} INFO - Started process (PID=74746) to work on /home/airflow/.local/lib/python3.6/site-packages/airflow/example_dags/example_task_group.py
[2023-07-21 07:21:42,363] {scheduler_job.py:633} INFO - Processing file /home/airflow/.local/lib/python3.6/site-packages/airflow/example_dags/example_task_group.py for tasks to queue
[2023-07-21 07:21:42,367] {logging_mixin.py:104} INFO - [2023-07-21 07:21:42,366] {dagbag.py:496} INFO - Filling up the DagBag from /home/airflow/.local/lib/python3.6/site-packages/airflow/example_dags/example_task_group.py
[2023-07-21 07:21:42,420] {scheduler_job.py:643} INFO - DAG(s) dict_keys(['example_task_group']) retrieved from /home/airflow/.local/lib/python3.6/site-packages/airflow/example_dags/example_task_group.py
[2023-07-21 07:21:42,455] {logging_mixin.py:104} INFO - [2023-07-21 07:21:42,455] {dag.py:1833} INFO - Sync 1 DAGs
[2023-07-21 07:21:42,471] {logging_mixin.py:104} INFO - [2023-07-21 07:21:42,471] {dag.py:2306} INFO - Setting next_dagrun for example_task_group to 2023-07-19 00:00:00+00:00
[2023-07-21 07:21:42,491] {scheduler_job.py:190} INFO - Processing /home/airflow/.local/lib/python3.6/site-packages/airflow/example_dags/example_task_group.py took 0.142 seconds
[2023-07-21 07:22:13,362] {scheduler_job.py:182} INFO - Started process (PID=74797) to work on /home/airflow/.local/lib/python3.6/site-packages/airflow/example_dags/example_task_group.py
[2023-07-21 07:22:13,365] {scheduler_job.py:633} INFO - Processing file /home/airflow/.local/lib/python3.6/site-packages/airflow/example_dags/example_task_group.py for tasks to queue
[2023-07-21 07:22:13,366] {logging_mixin.py:104} INFO - [2023-07-21 07:22:13,366] {dagbag.py:496} INFO - Filling up the DagBag from /home/airflow/.local/lib/python3.6/site-packages/airflow/example_dags/example_task_group.py
[2023-07-21 07:22:13,394] {scheduler_job.py:643} INFO - DAG(s) dict_keys(['example_task_group']) retrieved from /home/airflow/.local/lib/python3.6/site-packages/airflow/example_dags/example_task_group.py
[2023-07-21 07:22:13,439] {logging_mixin.py:104} INFO - [2023-07-21 07:22:13,439] {dag.py:1833} INFO - Sync 1 DAGs
[2023-07-21 07:22:13,454] {logging_mixin.py:104} INFO - [2023-07-21 07:22:13,454] {dag.py:2306} INFO - Setting next_dagrun for example_task_group to 2023-07-19 00:00:00+00:00
[2023-07-21 07:22:13,468] {scheduler_job.py:190} INFO - Processing /home/airflow/.local/lib/python3.6/site-packages/airflow/example_dags/example_task_group.py took 0.111 seconds
[2023-07-21 07:22:43,917] {scheduler_job.py:182} INFO - Started process (PID=74848) to work on /home/airflow/.local/lib/python3.6/site-packages/airflow/example_dags/example_task_group.py
[2023-07-21 07:22:43,920] {scheduler_job.py:633} INFO - Processing file /home/airflow/.local/lib/python3.6/site-packages/airflow/example_dags/example_task_group.py for tasks to queue
[2023-07-21 07:22:43,921] {logging_mixin.py:104} INFO - [2023-07-21 07:22:43,921] {dagbag.py:496} INFO - Filling up the DagBag from /home/airflow/.local/lib/python3.6/site-packages/airflow/example_dags/example_task_group.py
[2023-07-21 07:22:43,954] {scheduler_job.py:643} INFO - DAG(s) dict_keys(['example_task_group']) retrieved from /home/airflow/.local/lib/python3.6/site-packages/airflow/example_dags/example_task_group.py
[2023-07-21 07:22:43,993] {logging_mixin.py:104} INFO - [2023-07-21 07:22:43,993] {dag.py:1833} INFO - Sync 1 DAGs
[2023-07-21 07:22:44,013] {logging_mixin.py:104} INFO - [2023-07-21 07:22:44,012] {dag.py:2306} INFO - Setting next_dagrun for example_task_group to 2023-07-19 00:00:00+00:00
[2023-07-21 07:22:44,036] {scheduler_job.py:190} INFO - Processing /home/airflow/.local/lib/python3.6/site-packages/airflow/example_dags/example_task_group.py took 0.125 seconds
[2023-07-21 07:23:14,343] {scheduler_job.py:182} INFO - Started process (PID=74908) to work on /home/airflow/.local/lib/python3.6/site-packages/airflow/example_dags/example_task_group.py
[2023-07-21 07:23:14,348] {scheduler_job.py:633} INFO - Processing file /home/airflow/.local/lib/python3.6/site-packages/airflow/example_dags/example_task_group.py for tasks to queue
[2023-07-21 07:23:14,349] {logging_mixin.py:104} INFO - [2023-07-21 07:23:14,349] {dagbag.py:496} INFO - Filling up the DagBag from /home/airflow/.local/lib/python3.6/site-packages/airflow/example_dags/example_task_group.py
[2023-07-21 07:23:14,378] {scheduler_job.py:643} INFO - DAG(s) dict_keys(['example_task_group']) retrieved from /home/airflow/.local/lib/python3.6/site-packages/airflow/example_dags/example_task_group.py
[2023-07-21 07:23:14,413] {logging_mixin.py:104} INFO - [2023-07-21 07:23:14,413] {dag.py:1833} INFO - Sync 1 DAGs
[2023-07-21 07:23:14,433] {logging_mixin.py:104} INFO - [2023-07-21 07:23:14,433] {dag.py:2306} INFO - Setting next_dagrun for example_task_group to 2023-07-19 00:00:00+00:00
[2023-07-21 07:23:14,452] {scheduler_job.py:190} INFO - Processing /home/airflow/.local/lib/python3.6/site-packages/airflow/example_dags/example_task_group.py took 0.116 seconds
[2023-07-21 07:23:44,899] {scheduler_job.py:182} INFO - Started process (PID=74959) to work on /home/airflow/.local/lib/python3.6/site-packages/airflow/example_dags/example_task_group.py
[2023-07-21 07:23:44,902] {scheduler_job.py:633} INFO - Processing file /home/airflow/.local/lib/python3.6/site-packages/airflow/example_dags/example_task_group.py for tasks to queue
[2023-07-21 07:23:44,903] {logging_mixin.py:104} INFO - [2023-07-21 07:23:44,903] {dagbag.py:496} INFO - Filling up the DagBag from /home/airflow/.local/lib/python3.6/site-packages/airflow/example_dags/example_task_group.py
[2023-07-21 07:23:44,926] {scheduler_job.py:643} INFO - DAG(s) dict_keys(['example_task_group']) retrieved from /home/airflow/.local/lib/python3.6/site-packages/airflow/example_dags/example_task_group.py
[2023-07-21 07:23:44,954] {logging_mixin.py:104} INFO - [2023-07-21 07:23:44,954] {dag.py:1833} INFO - Sync 1 DAGs
[2023-07-21 07:23:44,969] {logging_mixin.py:104} INFO - [2023-07-21 07:23:44,969] {dag.py:2306} INFO - Setting next_dagrun for example_task_group to 2023-07-19 00:00:00+00:00
[2023-07-21 07:23:44,990] {scheduler_job.py:190} INFO - Processing /home/airflow/.local/lib/python3.6/site-packages/airflow/example_dags/example_task_group.py took 0.096 seconds
[2023-07-21 07:24:15,647] {scheduler_job.py:182} INFO - Started process (PID=75011) to work on /home/airflow/.local/lib/python3.6/site-packages/airflow/example_dags/example_task_group.py
[2023-07-21 07:24:15,649] {scheduler_job.py:633} INFO - Processing file /home/airflow/.local/lib/python3.6/site-packages/airflow/example_dags/example_task_group.py for tasks to queue
[2023-07-21 07:24:15,652] {logging_mixin.py:104} INFO - [2023-07-21 07:24:15,651] {dagbag.py:496} INFO - Filling up the DagBag from /home/airflow/.local/lib/python3.6/site-packages/airflow/example_dags/example_task_group.py
[2023-07-21 07:24:15,700] {scheduler_job.py:643} INFO - DAG(s) dict_keys(['example_task_group']) retrieved from /home/airflow/.local/lib/python3.6/site-packages/airflow/example_dags/example_task_group.py
[2023-07-21 07:24:15,770] {logging_mixin.py:104} INFO - [2023-07-21 07:24:15,770] {dag.py:1833} INFO - Sync 1 DAGs
[2023-07-21 07:24:15,789] {logging_mixin.py:104} INFO - [2023-07-21 07:24:15,788] {dag.py:2306} INFO - Setting next_dagrun for example_task_group to 2023-07-19 00:00:00+00:00
[2023-07-21 07:24:15,812] {scheduler_job.py:190} INFO - Processing /home/airflow/.local/lib/python3.6/site-packages/airflow/example_dags/example_task_group.py took 0.174 seconds
[2023-07-21 07:24:46,243] {scheduler_job.py:182} INFO - Started process (PID=75070) to work on /home/airflow/.local/lib/python3.6/site-packages/airflow/example_dags/example_task_group.py
[2023-07-21 07:24:46,249] {scheduler_job.py:633} INFO - Processing file /home/airflow/.local/lib/python3.6/site-packages/airflow/example_dags/example_task_group.py for tasks to queue
[2023-07-21 07:24:46,259] {logging_mixin.py:104} INFO - [2023-07-21 07:24:46,259] {dagbag.py:496} INFO - Filling up the DagBag from /home/airflow/.local/lib/python3.6/site-packages/airflow/example_dags/example_task_group.py
[2023-07-21 07:24:46,350] {scheduler_job.py:643} INFO - DAG(s) dict_keys(['example_task_group']) retrieved from /home/airflow/.local/lib/python3.6/site-packages/airflow/example_dags/example_task_group.py
[2023-07-21 07:24:46,472] {logging_mixin.py:104} INFO - [2023-07-21 07:24:46,472] {dag.py:1833} INFO - Sync 1 DAGs
[2023-07-21 07:24:46,550] {logging_mixin.py:104} INFO - [2023-07-21 07:24:46,549] {dag.py:2306} INFO - Setting next_dagrun for example_task_group to 2023-07-19 00:00:00+00:00
[2023-07-21 07:24:46,622] {scheduler_job.py:190} INFO - Processing /home/airflow/.local/lib/python3.6/site-packages/airflow/example_dags/example_task_group.py took 0.400 seconds
[2023-07-21 07:25:16,682] {scheduler_job.py:182} INFO - Started process (PID=75121) to work on /home/airflow/.local/lib/python3.6/site-packages/airflow/example_dags/example_task_group.py
[2023-07-21 07:25:16,686] {scheduler_job.py:633} INFO - Processing file /home/airflow/.local/lib/python3.6/site-packages/airflow/example_dags/example_task_group.py for tasks to queue
[2023-07-21 07:25:16,687] {logging_mixin.py:104} INFO - [2023-07-21 07:25:16,687] {dagbag.py:496} INFO - Filling up the DagBag from /home/airflow/.local/lib/python3.6/site-packages/airflow/example_dags/example_task_group.py
[2023-07-21 07:25:16,711] {scheduler_job.py:643} INFO - DAG(s) dict_keys(['example_task_group']) retrieved from /home/airflow/.local/lib/python3.6/site-packages/airflow/example_dags/example_task_group.py
[2023-07-21 07:25:16,739] {logging_mixin.py:104} INFO - [2023-07-21 07:25:16,739] {dag.py:1833} INFO - Sync 1 DAGs
[2023-07-21 07:25:16,769] {logging_mixin.py:104} INFO - [2023-07-21 07:25:16,769] {dag.py:2306} INFO - Setting next_dagrun for example_task_group to 2023-07-19 00:00:00+00:00
[2023-07-21 07:25:16,805] {scheduler_job.py:190} INFO - Processing /home/airflow/.local/lib/python3.6/site-packages/airflow/example_dags/example_task_group.py took 0.129 seconds
[2023-07-21 07:25:47,489] {scheduler_job.py:182} INFO - Started process (PID=75171) to work on /home/airflow/.local/lib/python3.6/site-packages/airflow/example_dags/example_task_group.py
[2023-07-21 07:25:47,491] {scheduler_job.py:633} INFO - Processing file /home/airflow/.local/lib/python3.6/site-packages/airflow/example_dags/example_task_group.py for tasks to queue
[2023-07-21 07:25:47,493] {logging_mixin.py:104} INFO - [2023-07-21 07:25:47,492] {dagbag.py:496} INFO - Filling up the DagBag from /home/airflow/.local/lib/python3.6/site-packages/airflow/example_dags/example_task_group.py
[2023-07-21 07:25:47,514] {scheduler_job.py:643} INFO - DAG(s) dict_keys(['example_task_group']) retrieved from /home/airflow/.local/lib/python3.6/site-packages/airflow/example_dags/example_task_group.py
[2023-07-21 07:25:47,545] {logging_mixin.py:104} INFO - [2023-07-21 07:25:47,545] {dag.py:1833} INFO - Sync 1 DAGs
[2023-07-21 07:25:47,563] {logging_mixin.py:104} INFO - [2023-07-21 07:25:47,563] {dag.py:2306} INFO - Setting next_dagrun for example_task_group to 2023-07-19 00:00:00+00:00
[2023-07-21 07:25:47,578] {scheduler_job.py:190} INFO - Processing /home/airflow/.local/lib/python3.6/site-packages/airflow/example_dags/example_task_group.py took 0.093 seconds
[2023-07-21 07:26:18,040] {scheduler_job.py:182} INFO - Started process (PID=75222) to work on /home/airflow/.local/lib/python3.6/site-packages/airflow/example_dags/example_task_group.py
[2023-07-21 07:26:18,047] {scheduler_job.py:633} INFO - Processing file /home/airflow/.local/lib/python3.6/site-packages/airflow/example_dags/example_task_group.py for tasks to queue
[2023-07-21 07:26:18,051] {logging_mixin.py:104} INFO - [2023-07-21 07:26:18,051] {dagbag.py:496} INFO - Filling up the DagBag from /home/airflow/.local/lib/python3.6/site-packages/airflow/example_dags/example_task_group.py
[2023-07-21 07:26:18,125] {scheduler_job.py:643} INFO - DAG(s) dict_keys(['example_task_group']) retrieved from /home/airflow/.local/lib/python3.6/site-packages/airflow/example_dags/example_task_group.py
[2023-07-21 07:26:18,233] {logging_mixin.py:104} INFO - [2023-07-21 07:26:18,233] {dag.py:1833} INFO - Sync 1 DAGs
[2023-07-21 07:26:18,296] {logging_mixin.py:104} INFO - [2023-07-21 07:26:18,295] {dag.py:2306} INFO - Setting next_dagrun for example_task_group to 2023-07-19 00:00:00+00:00
[2023-07-21 07:26:18,316] {scheduler_job.py:190} INFO - Processing /home/airflow/.local/lib/python3.6/site-packages/airflow/example_dags/example_task_group.py took 0.292 seconds
[2023-07-21 07:26:48,648] {scheduler_job.py:182} INFO - Started process (PID=75274) to work on /home/airflow/.local/lib/python3.6/site-packages/airflow/example_dags/example_task_group.py
[2023-07-21 07:26:48,666] {scheduler_job.py:633} INFO - Processing file /home/airflow/.local/lib/python3.6/site-packages/airflow/example_dags/example_task_group.py for tasks to queue
[2023-07-21 07:26:48,670] {logging_mixin.py:104} INFO - [2023-07-21 07:26:48,670] {dagbag.py:496} INFO - Filling up the DagBag from /home/airflow/.local/lib/python3.6/site-packages/airflow/example_dags/example_task_group.py
[2023-07-21 07:26:48,756] {scheduler_job.py:643} INFO - DAG(s) dict_keys(['example_task_group']) retrieved from /home/airflow/.local/lib/python3.6/site-packages/airflow/example_dags/example_task_group.py
[2023-07-21 07:26:48,810] {logging_mixin.py:104} INFO - [2023-07-21 07:26:48,809] {dag.py:1833} INFO - Sync 1 DAGs
[2023-07-21 07:26:48,829] {logging_mixin.py:104} INFO - [2023-07-21 07:26:48,829] {dag.py:2306} INFO - Setting next_dagrun for example_task_group to 2023-07-19 00:00:00+00:00
[2023-07-21 07:26:48,849] {scheduler_job.py:190} INFO - Processing /home/airflow/.local/lib/python3.6/site-packages/airflow/example_dags/example_task_group.py took 0.212 seconds
[2023-07-21 07:27:19,309] {scheduler_job.py:182} INFO - Started process (PID=75331) to work on /home/airflow/.local/lib/python3.6/site-packages/airflow/example_dags/example_task_group.py
[2023-07-21 07:27:19,313] {scheduler_job.py:633} INFO - Processing file /home/airflow/.local/lib/python3.6/site-packages/airflow/example_dags/example_task_group.py for tasks to queue
[2023-07-21 07:27:19,320] {logging_mixin.py:104} INFO - [2023-07-21 07:27:19,316] {dagbag.py:496} INFO - Filling up the DagBag from /home/airflow/.local/lib/python3.6/site-packages/airflow/example_dags/example_task_group.py
[2023-07-21 07:27:19,395] {scheduler_job.py:643} INFO - DAG(s) dict_keys(['example_task_group']) retrieved from /home/airflow/.local/lib/python3.6/site-packages/airflow/example_dags/example_task_group.py
[2023-07-21 07:27:19,473] {logging_mixin.py:104} INFO - [2023-07-21 07:27:19,473] {dag.py:1833} INFO - Sync 1 DAGs
[2023-07-21 07:27:19,499] {logging_mixin.py:104} INFO - [2023-07-21 07:27:19,499] {dag.py:2306} INFO - Setting next_dagrun for example_task_group to 2023-07-19 00:00:00+00:00
[2023-07-21 07:27:19,532] {scheduler_job.py:190} INFO - Processing /home/airflow/.local/lib/python3.6/site-packages/airflow/example_dags/example_task_group.py took 0.235 seconds
[2023-07-21 07:27:49,802] {scheduler_job.py:182} INFO - Started process (PID=75383) to work on /home/airflow/.local/lib/python3.6/site-packages/airflow/example_dags/example_task_group.py
[2023-07-21 07:27:49,806] {scheduler_job.py:633} INFO - Processing file /home/airflow/.local/lib/python3.6/site-packages/airflow/example_dags/example_task_group.py for tasks to queue
[2023-07-21 07:27:49,808] {logging_mixin.py:104} INFO - [2023-07-21 07:27:49,808] {dagbag.py:496} INFO - Filling up the DagBag from /home/airflow/.local/lib/python3.6/site-packages/airflow/example_dags/example_task_group.py
[2023-07-21 07:27:49,851] {scheduler_job.py:643} INFO - DAG(s) dict_keys(['example_task_group']) retrieved from /home/airflow/.local/lib/python3.6/site-packages/airflow/example_dags/example_task_group.py
[2023-07-21 07:27:49,893] {logging_mixin.py:104} INFO - [2023-07-21 07:27:49,893] {dag.py:1833} INFO - Sync 1 DAGs
[2023-07-21 07:27:49,914] {logging_mixin.py:104} INFO - [2023-07-21 07:27:49,914] {dag.py:2306} INFO - Setting next_dagrun for example_task_group to 2023-07-19 00:00:00+00:00
[2023-07-21 07:27:49,933] {scheduler_job.py:190} INFO - Processing /home/airflow/.local/lib/python3.6/site-packages/airflow/example_dags/example_task_group.py took 0.137 seconds
