[2023-07-21 07:13:38,620] {scheduler_job.py:182} INFO - Started process (PID=73912) to work on /home/airflow/.local/lib/python3.6/site-packages/airflow/example_dags/example_xcom.py
[2023-07-21 07:13:38,626] {scheduler_job.py:633} INFO - Processing file /home/airflow/.local/lib/python3.6/site-packages/airflow/example_dags/example_xcom.py for tasks to queue
[2023-07-21 07:13:38,635] {logging_mixin.py:104} INFO - [2023-07-21 07:13:38,635] {dagbag.py:496} INFO - Filling up the DagBag from /home/airflow/.local/lib/python3.6/site-packages/airflow/example_dags/example_xcom.py
[2023-07-21 07:13:38,692] {scheduler_job.py:643} INFO - DAG(s) dict_keys(['example_xcom']) retrieved from /home/airflow/.local/lib/python3.6/site-packages/airflow/example_dags/example_xcom.py
[2023-07-21 07:13:39,501] {logging_mixin.py:104} INFO - [2023-07-21 07:13:39,501] {dag.py:1833} INFO - Sync 1 DAGs
[2023-07-21 07:13:39,531] {logging_mixin.py:104} INFO - [2023-07-21 07:13:39,531] {dag.py:2306} INFO - Setting next_dagrun for example_xcom to 2023-07-19 00:00:00+00:00
[2023-07-21 07:13:39,566] {scheduler_job.py:190} INFO - Processing /home/airflow/.local/lib/python3.6/site-packages/airflow/example_dags/example_xcom.py took 0.956 seconds
[2023-07-21 07:14:09,827] {scheduler_job.py:182} INFO - Started process (PID=73959) to work on /home/airflow/.local/lib/python3.6/site-packages/airflow/example_dags/example_xcom.py
[2023-07-21 07:14:09,843] {scheduler_job.py:633} INFO - Processing file /home/airflow/.local/lib/python3.6/site-packages/airflow/example_dags/example_xcom.py for tasks to queue
[2023-07-21 07:14:09,847] {logging_mixin.py:104} INFO - [2023-07-21 07:14:09,847] {dagbag.py:496} INFO - Filling up the DagBag from /home/airflow/.local/lib/python3.6/site-packages/airflow/example_dags/example_xcom.py
[2023-07-21 07:14:09,922] {scheduler_job.py:643} INFO - DAG(s) dict_keys(['example_xcom']) retrieved from /home/airflow/.local/lib/python3.6/site-packages/airflow/example_dags/example_xcom.py
[2023-07-21 07:14:10,040] {logging_mixin.py:104} INFO - [2023-07-21 07:14:10,040] {dag.py:1833} INFO - Sync 1 DAGs
[2023-07-21 07:14:10,106] {logging_mixin.py:104} INFO - [2023-07-21 07:14:10,105] {dag.py:2306} INFO - Setting next_dagrun for example_xcom to 2023-07-19 00:00:00+00:00
[2023-07-21 07:14:10,151] {scheduler_job.py:190} INFO - Processing /home/airflow/.local/lib/python3.6/site-packages/airflow/example_dags/example_xcom.py took 0.342 seconds
[2023-07-21 07:14:40,566] {scheduler_job.py:182} INFO - Started process (PID=74011) to work on /home/airflow/.local/lib/python3.6/site-packages/airflow/example_dags/example_xcom.py
[2023-07-21 07:14:40,574] {scheduler_job.py:633} INFO - Processing file /home/airflow/.local/lib/python3.6/site-packages/airflow/example_dags/example_xcom.py for tasks to queue
[2023-07-21 07:14:40,576] {logging_mixin.py:104} INFO - [2023-07-21 07:14:40,575] {dagbag.py:496} INFO - Filling up the DagBag from /home/airflow/.local/lib/python3.6/site-packages/airflow/example_dags/example_xcom.py
[2023-07-21 07:14:40,630] {scheduler_job.py:643} INFO - DAG(s) dict_keys(['example_xcom']) retrieved from /home/airflow/.local/lib/python3.6/site-packages/airflow/example_dags/example_xcom.py
[2023-07-21 07:14:40,690] {logging_mixin.py:104} INFO - [2023-07-21 07:14:40,690] {dag.py:1833} INFO - Sync 1 DAGs
[2023-07-21 07:14:40,730] {logging_mixin.py:104} INFO - [2023-07-21 07:14:40,730] {dag.py:2306} INFO - Setting next_dagrun for example_xcom to 2023-07-19 00:00:00+00:00
[2023-07-21 07:14:40,762] {scheduler_job.py:190} INFO - Processing /home/airflow/.local/lib/python3.6/site-packages/airflow/example_dags/example_xcom.py took 0.206 seconds
[2023-07-21 07:15:11,686] {scheduler_job.py:182} INFO - Started process (PID=74062) to work on /home/airflow/.local/lib/python3.6/site-packages/airflow/example_dags/example_xcom.py
[2023-07-21 07:15:11,692] {scheduler_job.py:633} INFO - Processing file /home/airflow/.local/lib/python3.6/site-packages/airflow/example_dags/example_xcom.py for tasks to queue
[2023-07-21 07:15:11,694] {logging_mixin.py:104} INFO - [2023-07-21 07:15:11,693] {dagbag.py:496} INFO - Filling up the DagBag from /home/airflow/.local/lib/python3.6/site-packages/airflow/example_dags/example_xcom.py
[2023-07-21 07:15:11,713] {scheduler_job.py:643} INFO - DAG(s) dict_keys(['example_xcom']) retrieved from /home/airflow/.local/lib/python3.6/site-packages/airflow/example_dags/example_xcom.py
[2023-07-21 07:15:11,744] {logging_mixin.py:104} INFO - [2023-07-21 07:15:11,744] {dag.py:1833} INFO - Sync 1 DAGs
[2023-07-21 07:15:11,761] {logging_mixin.py:104} INFO - [2023-07-21 07:15:11,761] {dag.py:2306} INFO - Setting next_dagrun for example_xcom to 2023-07-19 00:00:00+00:00
[2023-07-21 07:15:11,777] {scheduler_job.py:190} INFO - Processing /home/airflow/.local/lib/python3.6/site-packages/airflow/example_dags/example_xcom.py took 0.104 seconds
[2023-07-21 07:15:42,318] {scheduler_job.py:182} INFO - Started process (PID=74114) to work on /home/airflow/.local/lib/python3.6/site-packages/airflow/example_dags/example_xcom.py
[2023-07-21 07:15:42,322] {scheduler_job.py:633} INFO - Processing file /home/airflow/.local/lib/python3.6/site-packages/airflow/example_dags/example_xcom.py for tasks to queue
[2023-07-21 07:15:42,324] {logging_mixin.py:104} INFO - [2023-07-21 07:15:42,323] {dagbag.py:496} INFO - Filling up the DagBag from /home/airflow/.local/lib/python3.6/site-packages/airflow/example_dags/example_xcom.py
[2023-07-21 07:15:42,343] {scheduler_job.py:643} INFO - DAG(s) dict_keys(['example_xcom']) retrieved from /home/airflow/.local/lib/python3.6/site-packages/airflow/example_dags/example_xcom.py
[2023-07-21 07:15:42,372] {logging_mixin.py:104} INFO - [2023-07-21 07:15:42,372] {dag.py:1833} INFO - Sync 1 DAGs
[2023-07-21 07:15:42,400] {logging_mixin.py:104} INFO - [2023-07-21 07:15:42,399] {dag.py:2306} INFO - Setting next_dagrun for example_xcom to 2023-07-19 00:00:00+00:00
[2023-07-21 07:15:42,428] {scheduler_job.py:190} INFO - Processing /home/airflow/.local/lib/python3.6/site-packages/airflow/example_dags/example_xcom.py took 0.118 seconds
[2023-07-21 07:16:12,674] {scheduler_job.py:182} INFO - Started process (PID=74165) to work on /home/airflow/.local/lib/python3.6/site-packages/airflow/example_dags/example_xcom.py
[2023-07-21 07:16:12,678] {scheduler_job.py:633} INFO - Processing file /home/airflow/.local/lib/python3.6/site-packages/airflow/example_dags/example_xcom.py for tasks to queue
[2023-07-21 07:16:12,687] {logging_mixin.py:104} INFO - [2023-07-21 07:16:12,687] {dagbag.py:496} INFO - Filling up the DagBag from /home/airflow/.local/lib/python3.6/site-packages/airflow/example_dags/example_xcom.py
[2023-07-21 07:16:12,714] {scheduler_job.py:643} INFO - DAG(s) dict_keys(['example_xcom']) retrieved from /home/airflow/.local/lib/python3.6/site-packages/airflow/example_dags/example_xcom.py
[2023-07-21 07:16:12,743] {logging_mixin.py:104} INFO - [2023-07-21 07:16:12,743] {dag.py:1833} INFO - Sync 1 DAGs
[2023-07-21 07:16:12,759] {logging_mixin.py:104} INFO - [2023-07-21 07:16:12,759] {dag.py:2306} INFO - Setting next_dagrun for example_xcom to 2023-07-19 00:00:00+00:00
[2023-07-21 07:16:12,785] {scheduler_job.py:190} INFO - Processing /home/airflow/.local/lib/python3.6/site-packages/airflow/example_dags/example_xcom.py took 0.121 seconds
[2023-07-21 07:16:43,254] {scheduler_job.py:182} INFO - Started process (PID=74226) to work on /home/airflow/.local/lib/python3.6/site-packages/airflow/example_dags/example_xcom.py
[2023-07-21 07:16:43,263] {scheduler_job.py:633} INFO - Processing file /home/airflow/.local/lib/python3.6/site-packages/airflow/example_dags/example_xcom.py for tasks to queue
[2023-07-21 07:16:43,273] {logging_mixin.py:104} INFO - [2023-07-21 07:16:43,270] {dagbag.py:496} INFO - Filling up the DagBag from /home/airflow/.local/lib/python3.6/site-packages/airflow/example_dags/example_xcom.py
[2023-07-21 07:16:43,316] {scheduler_job.py:643} INFO - DAG(s) dict_keys(['example_xcom']) retrieved from /home/airflow/.local/lib/python3.6/site-packages/airflow/example_dags/example_xcom.py
[2023-07-21 07:16:43,352] {logging_mixin.py:104} INFO - [2023-07-21 07:16:43,352] {dag.py:1833} INFO - Sync 1 DAGs
[2023-07-21 07:16:43,371] {logging_mixin.py:104} INFO - [2023-07-21 07:16:43,371] {dag.py:2306} INFO - Setting next_dagrun for example_xcom to 2023-07-19 00:00:00+00:00
[2023-07-21 07:16:43,388] {scheduler_job.py:190} INFO - Processing /home/airflow/.local/lib/python3.6/site-packages/airflow/example_dags/example_xcom.py took 0.155 seconds
[2023-07-21 07:17:13,794] {scheduler_job.py:182} INFO - Started process (PID=74279) to work on /home/airflow/.local/lib/python3.6/site-packages/airflow/example_dags/example_xcom.py
[2023-07-21 07:17:13,796] {scheduler_job.py:633} INFO - Processing file /home/airflow/.local/lib/python3.6/site-packages/airflow/example_dags/example_xcom.py for tasks to queue
[2023-07-21 07:17:13,798] {logging_mixin.py:104} INFO - [2023-07-21 07:17:13,798] {dagbag.py:496} INFO - Filling up the DagBag from /home/airflow/.local/lib/python3.6/site-packages/airflow/example_dags/example_xcom.py
[2023-07-21 07:17:13,819] {scheduler_job.py:643} INFO - DAG(s) dict_keys(['example_xcom']) retrieved from /home/airflow/.local/lib/python3.6/site-packages/airflow/example_dags/example_xcom.py
[2023-07-21 07:17:13,851] {logging_mixin.py:104} INFO - [2023-07-21 07:17:13,850] {dag.py:1833} INFO - Sync 1 DAGs
[2023-07-21 07:17:13,866] {logging_mixin.py:104} INFO - [2023-07-21 07:17:13,866] {dag.py:2306} INFO - Setting next_dagrun for example_xcom to 2023-07-19 00:00:00+00:00
[2023-07-21 07:17:13,883] {scheduler_job.py:190} INFO - Processing /home/airflow/.local/lib/python3.6/site-packages/airflow/example_dags/example_xcom.py took 0.095 seconds
[2023-07-21 07:17:44,115] {scheduler_job.py:182} INFO - Started process (PID=74328) to work on /home/airflow/.local/lib/python3.6/site-packages/airflow/example_dags/example_xcom.py
[2023-07-21 07:17:44,117] {scheduler_job.py:633} INFO - Processing file /home/airflow/.local/lib/python3.6/site-packages/airflow/example_dags/example_xcom.py for tasks to queue
[2023-07-21 07:17:44,119] {logging_mixin.py:104} INFO - [2023-07-21 07:17:44,119] {dagbag.py:496} INFO - Filling up the DagBag from /home/airflow/.local/lib/python3.6/site-packages/airflow/example_dags/example_xcom.py
[2023-07-21 07:17:44,137] {scheduler_job.py:643} INFO - DAG(s) dict_keys(['example_xcom']) retrieved from /home/airflow/.local/lib/python3.6/site-packages/airflow/example_dags/example_xcom.py
[2023-07-21 07:17:44,168] {logging_mixin.py:104} INFO - [2023-07-21 07:17:44,167] {dag.py:1833} INFO - Sync 1 DAGs
[2023-07-21 07:17:44,183] {logging_mixin.py:104} INFO - [2023-07-21 07:17:44,183] {dag.py:2306} INFO - Setting next_dagrun for example_xcom to 2023-07-19 00:00:00+00:00
[2023-07-21 07:17:44,207] {scheduler_job.py:190} INFO - Processing /home/airflow/.local/lib/python3.6/site-packages/airflow/example_dags/example_xcom.py took 0.096 seconds
[2023-07-21 07:18:14,682] {scheduler_job.py:182} INFO - Started process (PID=74387) to work on /home/airflow/.local/lib/python3.6/site-packages/airflow/example_dags/example_xcom.py
[2023-07-21 07:18:14,691] {scheduler_job.py:633} INFO - Processing file /home/airflow/.local/lib/python3.6/site-packages/airflow/example_dags/example_xcom.py for tasks to queue
[2023-07-21 07:18:14,693] {logging_mixin.py:104} INFO - [2023-07-21 07:18:14,693] {dagbag.py:496} INFO - Filling up the DagBag from /home/airflow/.local/lib/python3.6/site-packages/airflow/example_dags/example_xcom.py
[2023-07-21 07:18:14,751] {scheduler_job.py:643} INFO - DAG(s) dict_keys(['example_xcom']) retrieved from /home/airflow/.local/lib/python3.6/site-packages/airflow/example_dags/example_xcom.py
[2023-07-21 07:18:14,827] {logging_mixin.py:104} INFO - [2023-07-21 07:18:14,827] {dag.py:1833} INFO - Sync 1 DAGs
[2023-07-21 07:18:14,866] {logging_mixin.py:104} INFO - [2023-07-21 07:18:14,866] {dag.py:2306} INFO - Setting next_dagrun for example_xcom to 2023-07-19 00:00:00+00:00
[2023-07-21 07:18:14,924] {scheduler_job.py:190} INFO - Processing /home/airflow/.local/lib/python3.6/site-packages/airflow/example_dags/example_xcom.py took 0.256 seconds
[2023-07-21 07:18:45,047] {scheduler_job.py:182} INFO - Started process (PID=74437) to work on /home/airflow/.local/lib/python3.6/site-packages/airflow/example_dags/example_xcom.py
[2023-07-21 07:18:45,050] {scheduler_job.py:633} INFO - Processing file /home/airflow/.local/lib/python3.6/site-packages/airflow/example_dags/example_xcom.py for tasks to queue
[2023-07-21 07:18:45,052] {logging_mixin.py:104} INFO - [2023-07-21 07:18:45,052] {dagbag.py:496} INFO - Filling up the DagBag from /home/airflow/.local/lib/python3.6/site-packages/airflow/example_dags/example_xcom.py
[2023-07-21 07:18:45,072] {scheduler_job.py:643} INFO - DAG(s) dict_keys(['example_xcom']) retrieved from /home/airflow/.local/lib/python3.6/site-packages/airflow/example_dags/example_xcom.py
[2023-07-21 07:18:45,102] {logging_mixin.py:104} INFO - [2023-07-21 07:18:45,102] {dag.py:1833} INFO - Sync 1 DAGs
[2023-07-21 07:18:45,117] {logging_mixin.py:104} INFO - [2023-07-21 07:18:45,117] {dag.py:2306} INFO - Setting next_dagrun for example_xcom to 2023-07-19 00:00:00+00:00
[2023-07-21 07:18:45,133] {scheduler_job.py:190} INFO - Processing /home/airflow/.local/lib/python3.6/site-packages/airflow/example_dags/example_xcom.py took 0.091 seconds
[2023-07-21 07:19:15,408] {scheduler_job.py:182} INFO - Started process (PID=74489) to work on /home/airflow/.local/lib/python3.6/site-packages/airflow/example_dags/example_xcom.py
[2023-07-21 07:19:15,412] {scheduler_job.py:633} INFO - Processing file /home/airflow/.local/lib/python3.6/site-packages/airflow/example_dags/example_xcom.py for tasks to queue
[2023-07-21 07:19:15,414] {logging_mixin.py:104} INFO - [2023-07-21 07:19:15,413] {dagbag.py:496} INFO - Filling up the DagBag from /home/airflow/.local/lib/python3.6/site-packages/airflow/example_dags/example_xcom.py
[2023-07-21 07:19:15,431] {scheduler_job.py:643} INFO - DAG(s) dict_keys(['example_xcom']) retrieved from /home/airflow/.local/lib/python3.6/site-packages/airflow/example_dags/example_xcom.py
[2023-07-21 07:19:15,461] {logging_mixin.py:104} INFO - [2023-07-21 07:19:15,461] {dag.py:1833} INFO - Sync 1 DAGs
[2023-07-21 07:19:15,477] {logging_mixin.py:104} INFO - [2023-07-21 07:19:15,477] {dag.py:2306} INFO - Setting next_dagrun for example_xcom to 2023-07-19 00:00:00+00:00
[2023-07-21 07:19:15,493] {scheduler_job.py:190} INFO - Processing /home/airflow/.local/lib/python3.6/site-packages/airflow/example_dags/example_xcom.py took 0.091 seconds
[2023-07-21 07:19:46,136] {scheduler_job.py:182} INFO - Started process (PID=74539) to work on /home/airflow/.local/lib/python3.6/site-packages/airflow/example_dags/example_xcom.py
[2023-07-21 07:19:46,165] {scheduler_job.py:633} INFO - Processing file /home/airflow/.local/lib/python3.6/site-packages/airflow/example_dags/example_xcom.py for tasks to queue
[2023-07-21 07:19:46,168] {logging_mixin.py:104} INFO - [2023-07-21 07:19:46,167] {dagbag.py:496} INFO - Filling up the DagBag from /home/airflow/.local/lib/python3.6/site-packages/airflow/example_dags/example_xcom.py
[2023-07-21 07:19:46,222] {scheduler_job.py:643} INFO - DAG(s) dict_keys(['example_xcom']) retrieved from /home/airflow/.local/lib/python3.6/site-packages/airflow/example_dags/example_xcom.py
[2023-07-21 07:19:46,303] {logging_mixin.py:104} INFO - [2023-07-21 07:19:46,302] {dag.py:1833} INFO - Sync 1 DAGs
[2023-07-21 07:19:46,380] {logging_mixin.py:104} INFO - [2023-07-21 07:19:46,380] {dag.py:2306} INFO - Setting next_dagrun for example_xcom to 2023-07-19 00:00:00+00:00
[2023-07-21 07:19:46,480] {scheduler_job.py:190} INFO - Processing /home/airflow/.local/lib/python3.6/site-packages/airflow/example_dags/example_xcom.py took 0.355 seconds
[2023-07-21 07:20:17,358] {scheduler_job.py:182} INFO - Started process (PID=74600) to work on /home/airflow/.local/lib/python3.6/site-packages/airflow/example_dags/example_xcom.py
[2023-07-21 07:20:17,364] {scheduler_job.py:633} INFO - Processing file /home/airflow/.local/lib/python3.6/site-packages/airflow/example_dags/example_xcom.py for tasks to queue
[2023-07-21 07:20:17,366] {logging_mixin.py:104} INFO - [2023-07-21 07:20:17,366] {dagbag.py:496} INFO - Filling up the DagBag from /home/airflow/.local/lib/python3.6/site-packages/airflow/example_dags/example_xcom.py
[2023-07-21 07:20:17,390] {scheduler_job.py:643} INFO - DAG(s) dict_keys(['example_xcom']) retrieved from /home/airflow/.local/lib/python3.6/site-packages/airflow/example_dags/example_xcom.py
[2023-07-21 07:20:17,422] {logging_mixin.py:104} INFO - [2023-07-21 07:20:17,422] {dag.py:1833} INFO - Sync 1 DAGs
[2023-07-21 07:20:17,445] {logging_mixin.py:104} INFO - [2023-07-21 07:20:17,445] {dag.py:2306} INFO - Setting next_dagrun for example_xcom to 2023-07-19 00:00:00+00:00
[2023-07-21 07:20:17,476] {scheduler_job.py:190} INFO - Processing /home/airflow/.local/lib/python3.6/site-packages/airflow/example_dags/example_xcom.py took 0.130 seconds
[2023-07-21 07:20:47,548] {scheduler_job.py:182} INFO - Started process (PID=74651) to work on /home/airflow/.local/lib/python3.6/site-packages/airflow/example_dags/example_xcom.py
[2023-07-21 07:20:47,551] {scheduler_job.py:633} INFO - Processing file /home/airflow/.local/lib/python3.6/site-packages/airflow/example_dags/example_xcom.py for tasks to queue
[2023-07-21 07:20:47,553] {logging_mixin.py:104} INFO - [2023-07-21 07:20:47,553] {dagbag.py:496} INFO - Filling up the DagBag from /home/airflow/.local/lib/python3.6/site-packages/airflow/example_dags/example_xcom.py
[2023-07-21 07:20:47,575] {scheduler_job.py:643} INFO - DAG(s) dict_keys(['example_xcom']) retrieved from /home/airflow/.local/lib/python3.6/site-packages/airflow/example_dags/example_xcom.py
[2023-07-21 07:20:47,603] {logging_mixin.py:104} INFO - [2023-07-21 07:20:47,603] {dag.py:1833} INFO - Sync 1 DAGs
[2023-07-21 07:20:47,622] {logging_mixin.py:104} INFO - [2023-07-21 07:20:47,622] {dag.py:2306} INFO - Setting next_dagrun for example_xcom to 2023-07-19 00:00:00+00:00
[2023-07-21 07:20:47,638] {scheduler_job.py:190} INFO - Processing /home/airflow/.local/lib/python3.6/site-packages/airflow/example_dags/example_xcom.py took 0.095 seconds
[2023-07-21 07:21:18,101] {scheduler_job.py:182} INFO - Started process (PID=74702) to work on /home/airflow/.local/lib/python3.6/site-packages/airflow/example_dags/example_xcom.py
[2023-07-21 07:21:18,104] {scheduler_job.py:633} INFO - Processing file /home/airflow/.local/lib/python3.6/site-packages/airflow/example_dags/example_xcom.py for tasks to queue
[2023-07-21 07:21:18,107] {logging_mixin.py:104} INFO - [2023-07-21 07:21:18,107] {dagbag.py:496} INFO - Filling up the DagBag from /home/airflow/.local/lib/python3.6/site-packages/airflow/example_dags/example_xcom.py
[2023-07-21 07:21:18,134] {scheduler_job.py:643} INFO - DAG(s) dict_keys(['example_xcom']) retrieved from /home/airflow/.local/lib/python3.6/site-packages/airflow/example_dags/example_xcom.py
[2023-07-21 07:21:18,183] {logging_mixin.py:104} INFO - [2023-07-21 07:21:18,183] {dag.py:1833} INFO - Sync 1 DAGs
[2023-07-21 07:21:18,212] {logging_mixin.py:104} INFO - [2023-07-21 07:21:18,212] {dag.py:2306} INFO - Setting next_dagrun for example_xcom to 2023-07-19 00:00:00+00:00
[2023-07-21 07:21:18,235] {scheduler_job.py:190} INFO - Processing /home/airflow/.local/lib/python3.6/site-packages/airflow/example_dags/example_xcom.py took 0.141 seconds
[2023-07-21 07:21:49,128] {scheduler_job.py:182} INFO - Started process (PID=74752) to work on /home/airflow/.local/lib/python3.6/site-packages/airflow/example_dags/example_xcom.py
[2023-07-21 07:21:49,136] {scheduler_job.py:633} INFO - Processing file /home/airflow/.local/lib/python3.6/site-packages/airflow/example_dags/example_xcom.py for tasks to queue
[2023-07-21 07:21:49,142] {logging_mixin.py:104} INFO - [2023-07-21 07:21:49,141] {dagbag.py:496} INFO - Filling up the DagBag from /home/airflow/.local/lib/python3.6/site-packages/airflow/example_dags/example_xcom.py
[2023-07-21 07:21:49,179] {scheduler_job.py:643} INFO - DAG(s) dict_keys(['example_xcom']) retrieved from /home/airflow/.local/lib/python3.6/site-packages/airflow/example_dags/example_xcom.py
[2023-07-21 07:21:49,214] {logging_mixin.py:104} INFO - [2023-07-21 07:21:49,214] {dag.py:1833} INFO - Sync 1 DAGs
[2023-07-21 07:21:49,237] {logging_mixin.py:104} INFO - [2023-07-21 07:21:49,237] {dag.py:2306} INFO - Setting next_dagrun for example_xcom to 2023-07-19 00:00:00+00:00
[2023-07-21 07:21:49,258] {scheduler_job.py:190} INFO - Processing /home/airflow/.local/lib/python3.6/site-packages/airflow/example_dags/example_xcom.py took 0.143 seconds
[2023-07-21 07:22:20,180] {scheduler_job.py:182} INFO - Started process (PID=74813) to work on /home/airflow/.local/lib/python3.6/site-packages/airflow/example_dags/example_xcom.py
[2023-07-21 07:22:20,182] {scheduler_job.py:633} INFO - Processing file /home/airflow/.local/lib/python3.6/site-packages/airflow/example_dags/example_xcom.py for tasks to queue
[2023-07-21 07:22:20,184] {logging_mixin.py:104} INFO - [2023-07-21 07:22:20,183] {dagbag.py:496} INFO - Filling up the DagBag from /home/airflow/.local/lib/python3.6/site-packages/airflow/example_dags/example_xcom.py
[2023-07-21 07:22:20,207] {scheduler_job.py:643} INFO - DAG(s) dict_keys(['example_xcom']) retrieved from /home/airflow/.local/lib/python3.6/site-packages/airflow/example_dags/example_xcom.py
[2023-07-21 07:22:20,245] {logging_mixin.py:104} INFO - [2023-07-21 07:22:20,244] {dag.py:1833} INFO - Sync 1 DAGs
[2023-07-21 07:22:20,266] {logging_mixin.py:104} INFO - [2023-07-21 07:22:20,265] {dag.py:2306} INFO - Setting next_dagrun for example_xcom to 2023-07-19 00:00:00+00:00
[2023-07-21 07:22:20,283] {scheduler_job.py:190} INFO - Processing /home/airflow/.local/lib/python3.6/site-packages/airflow/example_dags/example_xcom.py took 0.109 seconds
[2023-07-21 07:22:50,856] {scheduler_job.py:182} INFO - Started process (PID=74863) to work on /home/airflow/.local/lib/python3.6/site-packages/airflow/example_dags/example_xcom.py
[2023-07-21 07:22:50,861] {scheduler_job.py:633} INFO - Processing file /home/airflow/.local/lib/python3.6/site-packages/airflow/example_dags/example_xcom.py for tasks to queue
[2023-07-21 07:22:50,864] {logging_mixin.py:104} INFO - [2023-07-21 07:22:50,864] {dagbag.py:496} INFO - Filling up the DagBag from /home/airflow/.local/lib/python3.6/site-packages/airflow/example_dags/example_xcom.py
[2023-07-21 07:22:50,893] {scheduler_job.py:643} INFO - DAG(s) dict_keys(['example_xcom']) retrieved from /home/airflow/.local/lib/python3.6/site-packages/airflow/example_dags/example_xcom.py
[2023-07-21 07:22:50,934] {logging_mixin.py:104} INFO - [2023-07-21 07:22:50,934] {dag.py:1833} INFO - Sync 1 DAGs
[2023-07-21 07:22:50,959] {logging_mixin.py:104} INFO - [2023-07-21 07:22:50,959] {dag.py:2306} INFO - Setting next_dagrun for example_xcom to 2023-07-19 00:00:00+00:00
[2023-07-21 07:22:50,979] {scheduler_job.py:190} INFO - Processing /home/airflow/.local/lib/python3.6/site-packages/airflow/example_dags/example_xcom.py took 0.135 seconds
[2023-07-21 07:23:21,414] {scheduler_job.py:182} INFO - Started process (PID=74914) to work on /home/airflow/.local/lib/python3.6/site-packages/airflow/example_dags/example_xcom.py
[2023-07-21 07:23:21,418] {scheduler_job.py:633} INFO - Processing file /home/airflow/.local/lib/python3.6/site-packages/airflow/example_dags/example_xcom.py for tasks to queue
[2023-07-21 07:23:21,419] {logging_mixin.py:104} INFO - [2023-07-21 07:23:21,419] {dagbag.py:496} INFO - Filling up the DagBag from /home/airflow/.local/lib/python3.6/site-packages/airflow/example_dags/example_xcom.py
[2023-07-21 07:23:21,442] {scheduler_job.py:643} INFO - DAG(s) dict_keys(['example_xcom']) retrieved from /home/airflow/.local/lib/python3.6/site-packages/airflow/example_dags/example_xcom.py
[2023-07-21 07:23:21,476] {logging_mixin.py:104} INFO - [2023-07-21 07:23:21,476] {dag.py:1833} INFO - Sync 1 DAGs
[2023-07-21 07:23:21,494] {logging_mixin.py:104} INFO - [2023-07-21 07:23:21,494] {dag.py:2306} INFO - Setting next_dagrun for example_xcom to 2023-07-19 00:00:00+00:00
[2023-07-21 07:23:21,509] {scheduler_job.py:190} INFO - Processing /home/airflow/.local/lib/python3.6/site-packages/airflow/example_dags/example_xcom.py took 0.100 seconds
[2023-07-21 07:23:51,791] {scheduler_job.py:182} INFO - Started process (PID=74976) to work on /home/airflow/.local/lib/python3.6/site-packages/airflow/example_dags/example_xcom.py
[2023-07-21 07:23:51,796] {scheduler_job.py:633} INFO - Processing file /home/airflow/.local/lib/python3.6/site-packages/airflow/example_dags/example_xcom.py for tasks to queue
[2023-07-21 07:23:51,799] {logging_mixin.py:104} INFO - [2023-07-21 07:23:51,798] {dagbag.py:496} INFO - Filling up the DagBag from /home/airflow/.local/lib/python3.6/site-packages/airflow/example_dags/example_xcom.py
[2023-07-21 07:23:51,823] {scheduler_job.py:643} INFO - DAG(s) dict_keys(['example_xcom']) retrieved from /home/airflow/.local/lib/python3.6/site-packages/airflow/example_dags/example_xcom.py
[2023-07-21 07:23:51,860] {logging_mixin.py:104} INFO - [2023-07-21 07:23:51,860] {dag.py:1833} INFO - Sync 1 DAGs
[2023-07-21 07:23:51,882] {logging_mixin.py:104} INFO - [2023-07-21 07:23:51,882] {dag.py:2306} INFO - Setting next_dagrun for example_xcom to 2023-07-19 00:00:00+00:00
[2023-07-21 07:23:51,901] {scheduler_job.py:190} INFO - Processing /home/airflow/.local/lib/python3.6/site-packages/airflow/example_dags/example_xcom.py took 0.116 seconds
[2023-07-21 07:24:22,272] {scheduler_job.py:182} INFO - Started process (PID=75026) to work on /home/airflow/.local/lib/python3.6/site-packages/airflow/example_dags/example_xcom.py
[2023-07-21 07:24:22,280] {scheduler_job.py:633} INFO - Processing file /home/airflow/.local/lib/python3.6/site-packages/airflow/example_dags/example_xcom.py for tasks to queue
[2023-07-21 07:24:22,283] {logging_mixin.py:104} INFO - [2023-07-21 07:24:22,283] {dagbag.py:496} INFO - Filling up the DagBag from /home/airflow/.local/lib/python3.6/site-packages/airflow/example_dags/example_xcom.py
[2023-07-21 07:24:22,328] {scheduler_job.py:643} INFO - DAG(s) dict_keys(['example_xcom']) retrieved from /home/airflow/.local/lib/python3.6/site-packages/airflow/example_dags/example_xcom.py
[2023-07-21 07:24:22,402] {logging_mixin.py:104} INFO - [2023-07-21 07:24:22,401] {dag.py:1833} INFO - Sync 1 DAGs
[2023-07-21 07:24:22,459] {logging_mixin.py:104} INFO - [2023-07-21 07:24:22,458] {dag.py:2306} INFO - Setting next_dagrun for example_xcom to 2023-07-19 00:00:00+00:00
[2023-07-21 07:24:22,485] {scheduler_job.py:190} INFO - Processing /home/airflow/.local/lib/python3.6/site-packages/airflow/example_dags/example_xcom.py took 0.223 seconds
[2023-07-21 07:24:52,975] {scheduler_job.py:182} INFO - Started process (PID=75076) to work on /home/airflow/.local/lib/python3.6/site-packages/airflow/example_dags/example_xcom.py
[2023-07-21 07:24:52,978] {scheduler_job.py:633} INFO - Processing file /home/airflow/.local/lib/python3.6/site-packages/airflow/example_dags/example_xcom.py for tasks to queue
[2023-07-21 07:24:52,980] {logging_mixin.py:104} INFO - [2023-07-21 07:24:52,980] {dagbag.py:496} INFO - Filling up the DagBag from /home/airflow/.local/lib/python3.6/site-packages/airflow/example_dags/example_xcom.py
[2023-07-21 07:24:53,002] {scheduler_job.py:643} INFO - DAG(s) dict_keys(['example_xcom']) retrieved from /home/airflow/.local/lib/python3.6/site-packages/airflow/example_dags/example_xcom.py
[2023-07-21 07:24:53,041] {logging_mixin.py:104} INFO - [2023-07-21 07:24:53,041] {dag.py:1833} INFO - Sync 1 DAGs
[2023-07-21 07:24:53,063] {logging_mixin.py:104} INFO - [2023-07-21 07:24:53,063] {dag.py:2306} INFO - Setting next_dagrun for example_xcom to 2023-07-19 00:00:00+00:00
[2023-07-21 07:24:53,081] {scheduler_job.py:190} INFO - Processing /home/airflow/.local/lib/python3.6/site-packages/airflow/example_dags/example_xcom.py took 0.113 seconds
[2023-07-21 07:25:23,263] {scheduler_job.py:182} INFO - Started process (PID=75126) to work on /home/airflow/.local/lib/python3.6/site-packages/airflow/example_dags/example_xcom.py
[2023-07-21 07:25:23,266] {scheduler_job.py:633} INFO - Processing file /home/airflow/.local/lib/python3.6/site-packages/airflow/example_dags/example_xcom.py for tasks to queue
[2023-07-21 07:25:23,268] {logging_mixin.py:104} INFO - [2023-07-21 07:25:23,268] {dagbag.py:496} INFO - Filling up the DagBag from /home/airflow/.local/lib/python3.6/site-packages/airflow/example_dags/example_xcom.py
[2023-07-21 07:25:23,289] {scheduler_job.py:643} INFO - DAG(s) dict_keys(['example_xcom']) retrieved from /home/airflow/.local/lib/python3.6/site-packages/airflow/example_dags/example_xcom.py
[2023-07-21 07:25:23,319] {logging_mixin.py:104} INFO - [2023-07-21 07:25:23,319] {dag.py:1833} INFO - Sync 1 DAGs
[2023-07-21 07:25:23,335] {logging_mixin.py:104} INFO - [2023-07-21 07:25:23,334] {dag.py:2306} INFO - Setting next_dagrun for example_xcom to 2023-07-19 00:00:00+00:00
[2023-07-21 07:25:23,355] {scheduler_job.py:190} INFO - Processing /home/airflow/.local/lib/python3.6/site-packages/airflow/example_dags/example_xcom.py took 0.097 seconds
[2023-07-21 07:25:54,004] {scheduler_job.py:182} INFO - Started process (PID=75177) to work on /home/airflow/.local/lib/python3.6/site-packages/airflow/example_dags/example_xcom.py
[2023-07-21 07:25:54,011] {scheduler_job.py:633} INFO - Processing file /home/airflow/.local/lib/python3.6/site-packages/airflow/example_dags/example_xcom.py for tasks to queue
[2023-07-21 07:25:54,014] {logging_mixin.py:104} INFO - [2023-07-21 07:25:54,014] {dagbag.py:496} INFO - Filling up the DagBag from /home/airflow/.local/lib/python3.6/site-packages/airflow/example_dags/example_xcom.py
[2023-07-21 07:25:54,046] {scheduler_job.py:643} INFO - DAG(s) dict_keys(['example_xcom']) retrieved from /home/airflow/.local/lib/python3.6/site-packages/airflow/example_dags/example_xcom.py
[2023-07-21 07:25:54,097] {logging_mixin.py:104} INFO - [2023-07-21 07:25:54,097] {dag.py:1833} INFO - Sync 1 DAGs
[2023-07-21 07:25:54,122] {logging_mixin.py:104} INFO - [2023-07-21 07:25:54,122] {dag.py:2306} INFO - Setting next_dagrun for example_xcom to 2023-07-19 00:00:00+00:00
[2023-07-21 07:25:54,144] {scheduler_job.py:190} INFO - Processing /home/airflow/.local/lib/python3.6/site-packages/airflow/example_dags/example_xcom.py took 0.150 seconds
[2023-07-21 07:26:24,461] {scheduler_job.py:182} INFO - Started process (PID=75228) to work on /home/airflow/.local/lib/python3.6/site-packages/airflow/example_dags/example_xcom.py
[2023-07-21 07:26:24,464] {scheduler_job.py:633} INFO - Processing file /home/airflow/.local/lib/python3.6/site-packages/airflow/example_dags/example_xcom.py for tasks to queue
[2023-07-21 07:26:24,466] {logging_mixin.py:104} INFO - [2023-07-21 07:26:24,466] {dagbag.py:496} INFO - Filling up the DagBag from /home/airflow/.local/lib/python3.6/site-packages/airflow/example_dags/example_xcom.py
[2023-07-21 07:26:24,493] {scheduler_job.py:643} INFO - DAG(s) dict_keys(['example_xcom']) retrieved from /home/airflow/.local/lib/python3.6/site-packages/airflow/example_dags/example_xcom.py
[2023-07-21 07:26:24,529] {logging_mixin.py:104} INFO - [2023-07-21 07:26:24,528] {dag.py:1833} INFO - Sync 1 DAGs
[2023-07-21 07:26:24,551] {logging_mixin.py:104} INFO - [2023-07-21 07:26:24,550] {dag.py:2306} INFO - Setting next_dagrun for example_xcom to 2023-07-19 00:00:00+00:00
[2023-07-21 07:26:24,574] {scheduler_job.py:190} INFO - Processing /home/airflow/.local/lib/python3.6/site-packages/airflow/example_dags/example_xcom.py took 0.120 seconds
[2023-07-21 07:26:55,162] {scheduler_job.py:182} INFO - Started process (PID=75289) to work on /home/airflow/.local/lib/python3.6/site-packages/airflow/example_dags/example_xcom.py
[2023-07-21 07:26:55,166] {scheduler_job.py:633} INFO - Processing file /home/airflow/.local/lib/python3.6/site-packages/airflow/example_dags/example_xcom.py for tasks to queue
[2023-07-21 07:26:55,169] {logging_mixin.py:104} INFO - [2023-07-21 07:26:55,169] {dagbag.py:496} INFO - Filling up the DagBag from /home/airflow/.local/lib/python3.6/site-packages/airflow/example_dags/example_xcom.py
[2023-07-21 07:26:55,193] {scheduler_job.py:643} INFO - DAG(s) dict_keys(['example_xcom']) retrieved from /home/airflow/.local/lib/python3.6/site-packages/airflow/example_dags/example_xcom.py
[2023-07-21 07:26:55,249] {logging_mixin.py:104} INFO - [2023-07-21 07:26:55,248] {dag.py:1833} INFO - Sync 1 DAGs
[2023-07-21 07:26:55,285] {logging_mixin.py:104} INFO - [2023-07-21 07:26:55,285] {dag.py:2306} INFO - Setting next_dagrun for example_xcom to 2023-07-19 00:00:00+00:00
[2023-07-21 07:26:55,318] {scheduler_job.py:190} INFO - Processing /home/airflow/.local/lib/python3.6/site-packages/airflow/example_dags/example_xcom.py took 0.165 seconds
[2023-07-21 07:27:25,679] {scheduler_job.py:182} INFO - Started process (PID=75340) to work on /home/airflow/.local/lib/python3.6/site-packages/airflow/example_dags/example_xcom.py
[2023-07-21 07:27:25,682] {scheduler_job.py:633} INFO - Processing file /home/airflow/.local/lib/python3.6/site-packages/airflow/example_dags/example_xcom.py for tasks to queue
[2023-07-21 07:27:25,684] {logging_mixin.py:104} INFO - [2023-07-21 07:27:25,684] {dagbag.py:496} INFO - Filling up the DagBag from /home/airflow/.local/lib/python3.6/site-packages/airflow/example_dags/example_xcom.py
[2023-07-21 07:27:25,702] {scheduler_job.py:643} INFO - DAG(s) dict_keys(['example_xcom']) retrieved from /home/airflow/.local/lib/python3.6/site-packages/airflow/example_dags/example_xcom.py
[2023-07-21 07:27:25,736] {logging_mixin.py:104} INFO - [2023-07-21 07:27:25,736] {dag.py:1833} INFO - Sync 1 DAGs
[2023-07-21 07:27:25,752] {logging_mixin.py:104} INFO - [2023-07-21 07:27:25,752] {dag.py:2306} INFO - Setting next_dagrun for example_xcom to 2023-07-19 00:00:00+00:00
[2023-07-21 07:27:25,770] {scheduler_job.py:190} INFO - Processing /home/airflow/.local/lib/python3.6/site-packages/airflow/example_dags/example_xcom.py took 0.100 seconds
