[2023-07-21 07:14:00,637] {scheduler_job.py:182} INFO - Started process (PID=73946) to work on /home/airflow/.local/lib/python3.6/site-packages/airflow/example_dags/example_python_operator.py
[2023-07-21 07:14:00,648] {scheduler_job.py:633} INFO - Processing file /home/airflow/.local/lib/python3.6/site-packages/airflow/example_dags/example_python_operator.py for tasks to queue
[2023-07-21 07:14:00,653] {logging_mixin.py:104} INFO - [2023-07-21 07:14:00,652] {dagbag.py:496} INFO - Filling up the DagBag from /home/airflow/.local/lib/python3.6/site-packages/airflow/example_dags/example_python_operator.py
[2023-07-21 07:14:00,722] {scheduler_job.py:643} INFO - DAG(s) dict_keys(['example_python_operator']) retrieved from /home/airflow/.local/lib/python3.6/site-packages/airflow/example_dags/example_python_operator.py
[2023-07-21 07:14:01,177] {logging_mixin.py:104} INFO - [2023-07-21 07:14:01,176] {dag.py:1833} INFO - Sync 1 DAGs
[2023-07-21 07:14:01,218] {logging_mixin.py:104} INFO - [2023-07-21 07:14:01,218] {dag.py:2306} INFO - Setting next_dagrun for example_python_operator to None
[2023-07-21 07:14:01,262] {scheduler_job.py:190} INFO - Processing /home/airflow/.local/lib/python3.6/site-packages/airflow/example_dags/example_python_operator.py took 0.978 seconds
[2023-07-21 07:14:31,891] {scheduler_job.py:182} INFO - Started process (PID=73995) to work on /home/airflow/.local/lib/python3.6/site-packages/airflow/example_dags/example_python_operator.py
[2023-07-21 07:14:31,916] {scheduler_job.py:633} INFO - Processing file /home/airflow/.local/lib/python3.6/site-packages/airflow/example_dags/example_python_operator.py for tasks to queue
[2023-07-21 07:14:31,926] {logging_mixin.py:104} INFO - [2023-07-21 07:14:31,925] {dagbag.py:496} INFO - Filling up the DagBag from /home/airflow/.local/lib/python3.6/site-packages/airflow/example_dags/example_python_operator.py
[2023-07-21 07:14:32,031] {scheduler_job.py:643} INFO - DAG(s) dict_keys(['example_python_operator']) retrieved from /home/airflow/.local/lib/python3.6/site-packages/airflow/example_dags/example_python_operator.py
[2023-07-21 07:14:32,087] {logging_mixin.py:104} INFO - [2023-07-21 07:14:32,087] {dag.py:1833} INFO - Sync 1 DAGs
[2023-07-21 07:14:32,196] {logging_mixin.py:104} INFO - [2023-07-21 07:14:32,196] {dag.py:2306} INFO - Setting next_dagrun for example_python_operator to None
[2023-07-21 07:14:32,254] {scheduler_job.py:190} INFO - Processing /home/airflow/.local/lib/python3.6/site-packages/airflow/example_dags/example_python_operator.py took 0.395 seconds
[2023-07-21 07:15:02,962] {scheduler_job.py:182} INFO - Started process (PID=74045) to work on /home/airflow/.local/lib/python3.6/site-packages/airflow/example_dags/example_python_operator.py
[2023-07-21 07:15:02,969] {scheduler_job.py:633} INFO - Processing file /home/airflow/.local/lib/python3.6/site-packages/airflow/example_dags/example_python_operator.py for tasks to queue
[2023-07-21 07:15:02,974] {logging_mixin.py:104} INFO - [2023-07-21 07:15:02,973] {dagbag.py:496} INFO - Filling up the DagBag from /home/airflow/.local/lib/python3.6/site-packages/airflow/example_dags/example_python_operator.py
[2023-07-21 07:15:03,006] {scheduler_job.py:643} INFO - DAG(s) dict_keys(['example_python_operator']) retrieved from /home/airflow/.local/lib/python3.6/site-packages/airflow/example_dags/example_python_operator.py
[2023-07-21 07:15:03,057] {logging_mixin.py:104} INFO - [2023-07-21 07:15:03,056] {dag.py:1833} INFO - Sync 1 DAGs
[2023-07-21 07:15:03,080] {logging_mixin.py:104} INFO - [2023-07-21 07:15:03,080] {dag.py:2306} INFO - Setting next_dagrun for example_python_operator to None
[2023-07-21 07:15:03,107] {scheduler_job.py:190} INFO - Processing /home/airflow/.local/lib/python3.6/site-packages/airflow/example_dags/example_python_operator.py took 0.161 seconds
[2023-07-21 07:15:33,490] {scheduler_job.py:182} INFO - Started process (PID=74107) to work on /home/airflow/.local/lib/python3.6/site-packages/airflow/example_dags/example_python_operator.py
[2023-07-21 07:15:33,496] {scheduler_job.py:633} INFO - Processing file /home/airflow/.local/lib/python3.6/site-packages/airflow/example_dags/example_python_operator.py for tasks to queue
[2023-07-21 07:15:33,500] {logging_mixin.py:104} INFO - [2023-07-21 07:15:33,500] {dagbag.py:496} INFO - Filling up the DagBag from /home/airflow/.local/lib/python3.6/site-packages/airflow/example_dags/example_python_operator.py
[2023-07-21 07:15:33,556] {scheduler_job.py:643} INFO - DAG(s) dict_keys(['example_python_operator']) retrieved from /home/airflow/.local/lib/python3.6/site-packages/airflow/example_dags/example_python_operator.py
[2023-07-21 07:15:33,632] {logging_mixin.py:104} INFO - [2023-07-21 07:15:33,632] {dag.py:1833} INFO - Sync 1 DAGs
[2023-07-21 07:15:33,663] {logging_mixin.py:104} INFO - [2023-07-21 07:15:33,663] {dag.py:2306} INFO - Setting next_dagrun for example_python_operator to None
[2023-07-21 07:15:33,687] {scheduler_job.py:190} INFO - Processing /home/airflow/.local/lib/python3.6/site-packages/airflow/example_dags/example_python_operator.py took 0.203 seconds
[2023-07-21 07:16:03,934] {scheduler_job.py:182} INFO - Started process (PID=74158) to work on /home/airflow/.local/lib/python3.6/site-packages/airflow/example_dags/example_python_operator.py
[2023-07-21 07:16:03,940] {scheduler_job.py:633} INFO - Processing file /home/airflow/.local/lib/python3.6/site-packages/airflow/example_dags/example_python_operator.py for tasks to queue
[2023-07-21 07:16:03,943] {logging_mixin.py:104} INFO - [2023-07-21 07:16:03,942] {dagbag.py:496} INFO - Filling up the DagBag from /home/airflow/.local/lib/python3.6/site-packages/airflow/example_dags/example_python_operator.py
[2023-07-21 07:16:03,995] {scheduler_job.py:643} INFO - DAG(s) dict_keys(['example_python_operator']) retrieved from /home/airflow/.local/lib/python3.6/site-packages/airflow/example_dags/example_python_operator.py
[2023-07-21 07:16:04,079] {logging_mixin.py:104} INFO - [2023-07-21 07:16:04,079] {dag.py:1833} INFO - Sync 1 DAGs
[2023-07-21 07:16:04,120] {logging_mixin.py:104} INFO - [2023-07-21 07:16:04,120] {dag.py:2306} INFO - Setting next_dagrun for example_python_operator to None
[2023-07-21 07:16:04,143] {scheduler_job.py:190} INFO - Processing /home/airflow/.local/lib/python3.6/site-packages/airflow/example_dags/example_python_operator.py took 0.223 seconds
[2023-07-21 07:16:34,422] {scheduler_job.py:182} INFO - Started process (PID=74209) to work on /home/airflow/.local/lib/python3.6/site-packages/airflow/example_dags/example_python_operator.py
[2023-07-21 07:16:34,427] {scheduler_job.py:633} INFO - Processing file /home/airflow/.local/lib/python3.6/site-packages/airflow/example_dags/example_python_operator.py for tasks to queue
[2023-07-21 07:16:34,431] {logging_mixin.py:104} INFO - [2023-07-21 07:16:34,431] {dagbag.py:496} INFO - Filling up the DagBag from /home/airflow/.local/lib/python3.6/site-packages/airflow/example_dags/example_python_operator.py
[2023-07-21 07:16:34,508] {scheduler_job.py:643} INFO - DAG(s) dict_keys(['example_python_operator']) retrieved from /home/airflow/.local/lib/python3.6/site-packages/airflow/example_dags/example_python_operator.py
[2023-07-21 07:16:34,591] {logging_mixin.py:104} INFO - [2023-07-21 07:16:34,591] {dag.py:1833} INFO - Sync 1 DAGs
[2023-07-21 07:16:34,667] {logging_mixin.py:104} INFO - [2023-07-21 07:16:34,667] {dag.py:2306} INFO - Setting next_dagrun for example_python_operator to None
[2023-07-21 07:16:34,707] {scheduler_job.py:190} INFO - Processing /home/airflow/.local/lib/python3.6/site-packages/airflow/example_dags/example_python_operator.py took 0.304 seconds
[2023-07-21 07:17:05,028] {scheduler_job.py:182} INFO - Started process (PID=74271) to work on /home/airflow/.local/lib/python3.6/site-packages/airflow/example_dags/example_python_operator.py
[2023-07-21 07:17:05,042] {scheduler_job.py:633} INFO - Processing file /home/airflow/.local/lib/python3.6/site-packages/airflow/example_dags/example_python_operator.py for tasks to queue
[2023-07-21 07:17:05,046] {logging_mixin.py:104} INFO - [2023-07-21 07:17:05,046] {dagbag.py:496} INFO - Filling up the DagBag from /home/airflow/.local/lib/python3.6/site-packages/airflow/example_dags/example_python_operator.py
[2023-07-21 07:17:05,154] {scheduler_job.py:643} INFO - DAG(s) dict_keys(['example_python_operator']) retrieved from /home/airflow/.local/lib/python3.6/site-packages/airflow/example_dags/example_python_operator.py
[2023-07-21 07:17:05,259] {logging_mixin.py:104} INFO - [2023-07-21 07:17:05,259] {dag.py:1833} INFO - Sync 1 DAGs
[2023-07-21 07:17:05,324] {logging_mixin.py:104} INFO - [2023-07-21 07:17:05,324] {dag.py:2306} INFO - Setting next_dagrun for example_python_operator to None
[2023-07-21 07:17:05,379] {scheduler_job.py:190} INFO - Processing /home/airflow/.local/lib/python3.6/site-packages/airflow/example_dags/example_python_operator.py took 0.357 seconds
[2023-07-21 07:17:35,512] {scheduler_job.py:182} INFO - Started process (PID=74321) to work on /home/airflow/.local/lib/python3.6/site-packages/airflow/example_dags/example_python_operator.py
[2023-07-21 07:17:35,518] {scheduler_job.py:633} INFO - Processing file /home/airflow/.local/lib/python3.6/site-packages/airflow/example_dags/example_python_operator.py for tasks to queue
[2023-07-21 07:17:35,521] {logging_mixin.py:104} INFO - [2023-07-21 07:17:35,521] {dagbag.py:496} INFO - Filling up the DagBag from /home/airflow/.local/lib/python3.6/site-packages/airflow/example_dags/example_python_operator.py
[2023-07-21 07:17:35,581] {scheduler_job.py:643} INFO - DAG(s) dict_keys(['example_python_operator']) retrieved from /home/airflow/.local/lib/python3.6/site-packages/airflow/example_dags/example_python_operator.py
[2023-07-21 07:17:35,625] {logging_mixin.py:104} INFO - [2023-07-21 07:17:35,625] {dag.py:1833} INFO - Sync 1 DAGs
[2023-07-21 07:17:35,660] {logging_mixin.py:104} INFO - [2023-07-21 07:17:35,660] {dag.py:2306} INFO - Setting next_dagrun for example_python_operator to None
[2023-07-21 07:17:35,696] {scheduler_job.py:190} INFO - Processing /home/airflow/.local/lib/python3.6/site-packages/airflow/example_dags/example_python_operator.py took 0.189 seconds
[2023-07-21 07:18:05,982] {scheduler_job.py:182} INFO - Started process (PID=74370) to work on /home/airflow/.local/lib/python3.6/site-packages/airflow/example_dags/example_python_operator.py
[2023-07-21 07:18:05,987] {scheduler_job.py:633} INFO - Processing file /home/airflow/.local/lib/python3.6/site-packages/airflow/example_dags/example_python_operator.py for tasks to queue
[2023-07-21 07:18:05,989] {logging_mixin.py:104} INFO - [2023-07-21 07:18:05,988] {dagbag.py:496} INFO - Filling up the DagBag from /home/airflow/.local/lib/python3.6/site-packages/airflow/example_dags/example_python_operator.py
[2023-07-21 07:18:06,030] {scheduler_job.py:643} INFO - DAG(s) dict_keys(['example_python_operator']) retrieved from /home/airflow/.local/lib/python3.6/site-packages/airflow/example_dags/example_python_operator.py
[2023-07-21 07:18:06,072] {logging_mixin.py:104} INFO - [2023-07-21 07:18:06,072] {dag.py:1833} INFO - Sync 1 DAGs
[2023-07-21 07:18:06,097] {logging_mixin.py:104} INFO - [2023-07-21 07:18:06,093] {dag.py:2306} INFO - Setting next_dagrun for example_python_operator to None
[2023-07-21 07:18:06,113] {scheduler_job.py:190} INFO - Processing /home/airflow/.local/lib/python3.6/site-packages/airflow/example_dags/example_python_operator.py took 0.140 seconds
[2023-07-21 07:18:36,302] {scheduler_job.py:182} INFO - Started process (PID=74421) to work on /home/airflow/.local/lib/python3.6/site-packages/airflow/example_dags/example_python_operator.py
[2023-07-21 07:18:36,305] {scheduler_job.py:633} INFO - Processing file /home/airflow/.local/lib/python3.6/site-packages/airflow/example_dags/example_python_operator.py for tasks to queue
[2023-07-21 07:18:36,307] {logging_mixin.py:104} INFO - [2023-07-21 07:18:36,306] {dagbag.py:496} INFO - Filling up the DagBag from /home/airflow/.local/lib/python3.6/site-packages/airflow/example_dags/example_python_operator.py
[2023-07-21 07:18:36,326] {scheduler_job.py:643} INFO - DAG(s) dict_keys(['example_python_operator']) retrieved from /home/airflow/.local/lib/python3.6/site-packages/airflow/example_dags/example_python_operator.py
[2023-07-21 07:18:36,355] {logging_mixin.py:104} INFO - [2023-07-21 07:18:36,354] {dag.py:1833} INFO - Sync 1 DAGs
[2023-07-21 07:18:36,371] {logging_mixin.py:104} INFO - [2023-07-21 07:18:36,371] {dag.py:2306} INFO - Setting next_dagrun for example_python_operator to None
[2023-07-21 07:18:36,386] {scheduler_job.py:190} INFO - Processing /home/airflow/.local/lib/python3.6/site-packages/airflow/example_dags/example_python_operator.py took 0.088 seconds
[2023-07-21 07:19:06,967] {scheduler_job.py:182} INFO - Started process (PID=74473) to work on /home/airflow/.local/lib/python3.6/site-packages/airflow/example_dags/example_python_operator.py
[2023-07-21 07:19:06,970] {scheduler_job.py:633} INFO - Processing file /home/airflow/.local/lib/python3.6/site-packages/airflow/example_dags/example_python_operator.py for tasks to queue
[2023-07-21 07:19:06,972] {logging_mixin.py:104} INFO - [2023-07-21 07:19:06,972] {dagbag.py:496} INFO - Filling up the DagBag from /home/airflow/.local/lib/python3.6/site-packages/airflow/example_dags/example_python_operator.py
[2023-07-21 07:19:06,995] {scheduler_job.py:643} INFO - DAG(s) dict_keys(['example_python_operator']) retrieved from /home/airflow/.local/lib/python3.6/site-packages/airflow/example_dags/example_python_operator.py
[2023-07-21 07:19:07,033] {logging_mixin.py:104} INFO - [2023-07-21 07:19:07,033] {dag.py:1833} INFO - Sync 1 DAGs
[2023-07-21 07:19:07,049] {logging_mixin.py:104} INFO - [2023-07-21 07:19:07,049] {dag.py:2306} INFO - Setting next_dagrun for example_python_operator to None
[2023-07-21 07:19:07,075] {scheduler_job.py:190} INFO - Processing /home/airflow/.local/lib/python3.6/site-packages/airflow/example_dags/example_python_operator.py took 0.115 seconds
[2023-07-21 07:19:37,794] {scheduler_job.py:182} INFO - Started process (PID=74533) to work on /home/airflow/.local/lib/python3.6/site-packages/airflow/example_dags/example_python_operator.py
[2023-07-21 07:19:37,799] {scheduler_job.py:633} INFO - Processing file /home/airflow/.local/lib/python3.6/site-packages/airflow/example_dags/example_python_operator.py for tasks to queue
[2023-07-21 07:19:37,815] {logging_mixin.py:104} INFO - [2023-07-21 07:19:37,808] {dagbag.py:496} INFO - Filling up the DagBag from /home/airflow/.local/lib/python3.6/site-packages/airflow/example_dags/example_python_operator.py
[2023-07-21 07:19:37,941] {scheduler_job.py:643} INFO - DAG(s) dict_keys(['example_python_operator']) retrieved from /home/airflow/.local/lib/python3.6/site-packages/airflow/example_dags/example_python_operator.py
[2023-07-21 07:19:38,050] {logging_mixin.py:104} INFO - [2023-07-21 07:19:38,049] {dag.py:1833} INFO - Sync 1 DAGs
[2023-07-21 07:19:38,129] {logging_mixin.py:104} INFO - [2023-07-21 07:19:38,129] {dag.py:2306} INFO - Setting next_dagrun for example_python_operator to None
[2023-07-21 07:19:38,206] {scheduler_job.py:190} INFO - Processing /home/airflow/.local/lib/python3.6/site-packages/airflow/example_dags/example_python_operator.py took 0.447 seconds
[2023-07-21 07:20:08,977] {scheduler_job.py:182} INFO - Started process (PID=74583) to work on /home/airflow/.local/lib/python3.6/site-packages/airflow/example_dags/example_python_operator.py
[2023-07-21 07:20:09,000] {scheduler_job.py:633} INFO - Processing file /home/airflow/.local/lib/python3.6/site-packages/airflow/example_dags/example_python_operator.py for tasks to queue
[2023-07-21 07:20:09,010] {logging_mixin.py:104} INFO - [2023-07-21 07:20:09,009] {dagbag.py:496} INFO - Filling up the DagBag from /home/airflow/.local/lib/python3.6/site-packages/airflow/example_dags/example_python_operator.py
[2023-07-21 07:20:09,059] {scheduler_job.py:643} INFO - DAG(s) dict_keys(['example_python_operator']) retrieved from /home/airflow/.local/lib/python3.6/site-packages/airflow/example_dags/example_python_operator.py
[2023-07-21 07:20:09,107] {logging_mixin.py:104} INFO - [2023-07-21 07:20:09,107] {dag.py:1833} INFO - Sync 1 DAGs
[2023-07-21 07:20:09,138] {logging_mixin.py:104} INFO - [2023-07-21 07:20:09,137] {dag.py:2306} INFO - Setting next_dagrun for example_python_operator to None
[2023-07-21 07:20:09,197] {scheduler_job.py:190} INFO - Processing /home/airflow/.local/lib/python3.6/site-packages/airflow/example_dags/example_python_operator.py took 0.249 seconds
[2023-07-21 07:20:39,920] {scheduler_job.py:182} INFO - Started process (PID=74633) to work on /home/airflow/.local/lib/python3.6/site-packages/airflow/example_dags/example_python_operator.py
[2023-07-21 07:20:39,961] {scheduler_job.py:633} INFO - Processing file /home/airflow/.local/lib/python3.6/site-packages/airflow/example_dags/example_python_operator.py for tasks to queue
[2023-07-21 07:20:39,976] {logging_mixin.py:104} INFO - [2023-07-21 07:20:39,976] {dagbag.py:496} INFO - Filling up the DagBag from /home/airflow/.local/lib/python3.6/site-packages/airflow/example_dags/example_python_operator.py
[2023-07-21 07:20:40,112] {scheduler_job.py:643} INFO - DAG(s) dict_keys(['example_python_operator']) retrieved from /home/airflow/.local/lib/python3.6/site-packages/airflow/example_dags/example_python_operator.py
[2023-07-21 07:20:40,258] {logging_mixin.py:104} INFO - [2023-07-21 07:20:40,257] {dag.py:1833} INFO - Sync 1 DAGs
[2023-07-21 07:20:40,293] {logging_mixin.py:104} INFO - [2023-07-21 07:20:40,293] {dag.py:2306} INFO - Setting next_dagrun for example_python_operator to None
[2023-07-21 07:20:40,328] {scheduler_job.py:190} INFO - Processing /home/airflow/.local/lib/python3.6/site-packages/airflow/example_dags/example_python_operator.py took 0.434 seconds
[2023-07-21 07:21:10,629] {scheduler_job.py:182} INFO - Started process (PID=74694) to work on /home/airflow/.local/lib/python3.6/site-packages/airflow/example_dags/example_python_operator.py
[2023-07-21 07:21:10,640] {scheduler_job.py:633} INFO - Processing file /home/airflow/.local/lib/python3.6/site-packages/airflow/example_dags/example_python_operator.py for tasks to queue
[2023-07-21 07:21:10,660] {logging_mixin.py:104} INFO - [2023-07-21 07:21:10,659] {dagbag.py:496} INFO - Filling up the DagBag from /home/airflow/.local/lib/python3.6/site-packages/airflow/example_dags/example_python_operator.py
[2023-07-21 07:21:10,752] {scheduler_job.py:643} INFO - DAG(s) dict_keys(['example_python_operator']) retrieved from /home/airflow/.local/lib/python3.6/site-packages/airflow/example_dags/example_python_operator.py
[2023-07-21 07:21:10,956] {logging_mixin.py:104} INFO - [2023-07-21 07:21:10,956] {dag.py:1833} INFO - Sync 1 DAGs
[2023-07-21 07:21:11,016] {logging_mixin.py:104} INFO - [2023-07-21 07:21:11,016] {dag.py:2306} INFO - Setting next_dagrun for example_python_operator to None
[2023-07-21 07:21:11,051] {scheduler_job.py:190} INFO - Processing /home/airflow/.local/lib/python3.6/site-packages/airflow/example_dags/example_python_operator.py took 0.438 seconds
[2023-07-21 07:21:42,117] {scheduler_job.py:182} INFO - Started process (PID=74745) to work on /home/airflow/.local/lib/python3.6/site-packages/airflow/example_dags/example_python_operator.py
[2023-07-21 07:21:42,123] {scheduler_job.py:633} INFO - Processing file /home/airflow/.local/lib/python3.6/site-packages/airflow/example_dags/example_python_operator.py for tasks to queue
[2023-07-21 07:21:42,126] {logging_mixin.py:104} INFO - [2023-07-21 07:21:42,126] {dagbag.py:496} INFO - Filling up the DagBag from /home/airflow/.local/lib/python3.6/site-packages/airflow/example_dags/example_python_operator.py
[2023-07-21 07:21:42,173] {scheduler_job.py:643} INFO - DAG(s) dict_keys(['example_python_operator']) retrieved from /home/airflow/.local/lib/python3.6/site-packages/airflow/example_dags/example_python_operator.py
[2023-07-21 07:21:42,228] {logging_mixin.py:104} INFO - [2023-07-21 07:21:42,227] {dag.py:1833} INFO - Sync 1 DAGs
[2023-07-21 07:21:42,259] {logging_mixin.py:104} INFO - [2023-07-21 07:21:42,259] {dag.py:2306} INFO - Setting next_dagrun for example_python_operator to None
[2023-07-21 07:21:42,288] {scheduler_job.py:190} INFO - Processing /home/airflow/.local/lib/python3.6/site-packages/airflow/example_dags/example_python_operator.py took 0.177 seconds
[2023-07-21 07:22:13,243] {scheduler_job.py:182} INFO - Started process (PID=74796) to work on /home/airflow/.local/lib/python3.6/site-packages/airflow/example_dags/example_python_operator.py
[2023-07-21 07:22:13,246] {scheduler_job.py:633} INFO - Processing file /home/airflow/.local/lib/python3.6/site-packages/airflow/example_dags/example_python_operator.py for tasks to queue
[2023-07-21 07:22:13,247] {logging_mixin.py:104} INFO - [2023-07-21 07:22:13,247] {dagbag.py:496} INFO - Filling up the DagBag from /home/airflow/.local/lib/python3.6/site-packages/airflow/example_dags/example_python_operator.py
[2023-07-21 07:22:13,269] {scheduler_job.py:643} INFO - DAG(s) dict_keys(['example_python_operator']) retrieved from /home/airflow/.local/lib/python3.6/site-packages/airflow/example_dags/example_python_operator.py
[2023-07-21 07:22:13,303] {logging_mixin.py:104} INFO - [2023-07-21 07:22:13,303] {dag.py:1833} INFO - Sync 1 DAGs
[2023-07-21 07:22:13,321] {logging_mixin.py:104} INFO - [2023-07-21 07:22:13,321] {dag.py:2306} INFO - Setting next_dagrun for example_python_operator to None
[2023-07-21 07:22:13,340] {scheduler_job.py:190} INFO - Processing /home/airflow/.local/lib/python3.6/site-packages/airflow/example_dags/example_python_operator.py took 0.103 seconds
[2023-07-21 07:22:43,777] {scheduler_job.py:182} INFO - Started process (PID=74847) to work on /home/airflow/.local/lib/python3.6/site-packages/airflow/example_dags/example_python_operator.py
[2023-07-21 07:22:43,780] {scheduler_job.py:633} INFO - Processing file /home/airflow/.local/lib/python3.6/site-packages/airflow/example_dags/example_python_operator.py for tasks to queue
[2023-07-21 07:22:43,783] {logging_mixin.py:104} INFO - [2023-07-21 07:22:43,782] {dagbag.py:496} INFO - Filling up the DagBag from /home/airflow/.local/lib/python3.6/site-packages/airflow/example_dags/example_python_operator.py
[2023-07-21 07:22:43,808] {scheduler_job.py:643} INFO - DAG(s) dict_keys(['example_python_operator']) retrieved from /home/airflow/.local/lib/python3.6/site-packages/airflow/example_dags/example_python_operator.py
[2023-07-21 07:22:43,841] {logging_mixin.py:104} INFO - [2023-07-21 07:22:43,841] {dag.py:1833} INFO - Sync 1 DAGs
[2023-07-21 07:22:43,864] {logging_mixin.py:104} INFO - [2023-07-21 07:22:43,864] {dag.py:2306} INFO - Setting next_dagrun for example_python_operator to None
[2023-07-21 07:22:43,883] {scheduler_job.py:190} INFO - Processing /home/airflow/.local/lib/python3.6/site-packages/airflow/example_dags/example_python_operator.py took 0.113 seconds
[2023-07-21 07:23:14,156] {scheduler_job.py:182} INFO - Started process (PID=74907) to work on /home/airflow/.local/lib/python3.6/site-packages/airflow/example_dags/example_python_operator.py
[2023-07-21 07:23:14,170] {scheduler_job.py:633} INFO - Processing file /home/airflow/.local/lib/python3.6/site-packages/airflow/example_dags/example_python_operator.py for tasks to queue
[2023-07-21 07:23:14,179] {logging_mixin.py:104} INFO - [2023-07-21 07:23:14,179] {dagbag.py:496} INFO - Filling up the DagBag from /home/airflow/.local/lib/python3.6/site-packages/airflow/example_dags/example_python_operator.py
[2023-07-21 07:23:14,217] {scheduler_job.py:643} INFO - DAG(s) dict_keys(['example_python_operator']) retrieved from /home/airflow/.local/lib/python3.6/site-packages/airflow/example_dags/example_python_operator.py
[2023-07-21 07:23:14,257] {logging_mixin.py:104} INFO - [2023-07-21 07:23:14,257] {dag.py:1833} INFO - Sync 1 DAGs
[2023-07-21 07:23:14,278] {logging_mixin.py:104} INFO - [2023-07-21 07:23:14,278] {dag.py:2306} INFO - Setting next_dagrun for example_python_operator to None
[2023-07-21 07:23:14,306] {scheduler_job.py:190} INFO - Processing /home/airflow/.local/lib/python3.6/site-packages/airflow/example_dags/example_python_operator.py took 0.154 seconds
[2023-07-21 07:23:44,747] {scheduler_job.py:182} INFO - Started process (PID=74958) to work on /home/airflow/.local/lib/python3.6/site-packages/airflow/example_dags/example_python_operator.py
[2023-07-21 07:23:44,752] {scheduler_job.py:633} INFO - Processing file /home/airflow/.local/lib/python3.6/site-packages/airflow/example_dags/example_python_operator.py for tasks to queue
[2023-07-21 07:23:44,758] {logging_mixin.py:104} INFO - [2023-07-21 07:23:44,757] {dagbag.py:496} INFO - Filling up the DagBag from /home/airflow/.local/lib/python3.6/site-packages/airflow/example_dags/example_python_operator.py
[2023-07-21 07:23:44,790] {scheduler_job.py:643} INFO - DAG(s) dict_keys(['example_python_operator']) retrieved from /home/airflow/.local/lib/python3.6/site-packages/airflow/example_dags/example_python_operator.py
[2023-07-21 07:23:44,829] {logging_mixin.py:104} INFO - [2023-07-21 07:23:44,828] {dag.py:1833} INFO - Sync 1 DAGs
[2023-07-21 07:23:44,850] {logging_mixin.py:104} INFO - [2023-07-21 07:23:44,849] {dag.py:2306} INFO - Setting next_dagrun for example_python_operator to None
[2023-07-21 07:23:44,876] {scheduler_job.py:190} INFO - Processing /home/airflow/.local/lib/python3.6/site-packages/airflow/example_dags/example_python_operator.py took 0.134 seconds
[2023-07-21 07:24:15,444] {scheduler_job.py:182} INFO - Started process (PID=75010) to work on /home/airflow/.local/lib/python3.6/site-packages/airflow/example_dags/example_python_operator.py
[2023-07-21 07:24:15,449] {scheduler_job.py:633} INFO - Processing file /home/airflow/.local/lib/python3.6/site-packages/airflow/example_dags/example_python_operator.py for tasks to queue
[2023-07-21 07:24:15,452] {logging_mixin.py:104} INFO - [2023-07-21 07:24:15,452] {dagbag.py:496} INFO - Filling up the DagBag from /home/airflow/.local/lib/python3.6/site-packages/airflow/example_dags/example_python_operator.py
[2023-07-21 07:24:15,494] {scheduler_job.py:643} INFO - DAG(s) dict_keys(['example_python_operator']) retrieved from /home/airflow/.local/lib/python3.6/site-packages/airflow/example_dags/example_python_operator.py
[2023-07-21 07:24:15,530] {logging_mixin.py:104} INFO - [2023-07-21 07:24:15,530] {dag.py:1833} INFO - Sync 1 DAGs
[2023-07-21 07:24:15,562] {logging_mixin.py:104} INFO - [2023-07-21 07:24:15,562] {dag.py:2306} INFO - Setting next_dagrun for example_python_operator to None
[2023-07-21 07:24:15,608] {scheduler_job.py:190} INFO - Processing /home/airflow/.local/lib/python3.6/site-packages/airflow/example_dags/example_python_operator.py took 0.181 seconds
[2023-07-21 07:24:45,851] {scheduler_job.py:182} INFO - Started process (PID=75069) to work on /home/airflow/.local/lib/python3.6/site-packages/airflow/example_dags/example_python_operator.py
[2023-07-21 07:24:45,856] {scheduler_job.py:633} INFO - Processing file /home/airflow/.local/lib/python3.6/site-packages/airflow/example_dags/example_python_operator.py for tasks to queue
[2023-07-21 07:24:45,865] {logging_mixin.py:104} INFO - [2023-07-21 07:24:45,865] {dagbag.py:496} INFO - Filling up the DagBag from /home/airflow/.local/lib/python3.6/site-packages/airflow/example_dags/example_python_operator.py
[2023-07-21 07:24:45,962] {scheduler_job.py:643} INFO - DAG(s) dict_keys(['example_python_operator']) retrieved from /home/airflow/.local/lib/python3.6/site-packages/airflow/example_dags/example_python_operator.py
[2023-07-21 07:24:46,107] {logging_mixin.py:104} INFO - [2023-07-21 07:24:46,107] {dag.py:1833} INFO - Sync 1 DAGs
[2023-07-21 07:24:46,160] {logging_mixin.py:104} INFO - [2023-07-21 07:24:46,159] {dag.py:2306} INFO - Setting next_dagrun for example_python_operator to None
[2023-07-21 07:24:46,206] {scheduler_job.py:190} INFO - Processing /home/airflow/.local/lib/python3.6/site-packages/airflow/example_dags/example_python_operator.py took 0.391 seconds
[2023-07-21 07:25:16,384] {scheduler_job.py:182} INFO - Started process (PID=75119) to work on /home/airflow/.local/lib/python3.6/site-packages/airflow/example_dags/example_python_operator.py
[2023-07-21 07:25:16,389] {scheduler_job.py:633} INFO - Processing file /home/airflow/.local/lib/python3.6/site-packages/airflow/example_dags/example_python_operator.py for tasks to queue
[2023-07-21 07:25:16,394] {logging_mixin.py:104} INFO - [2023-07-21 07:25:16,394] {dagbag.py:496} INFO - Filling up the DagBag from /home/airflow/.local/lib/python3.6/site-packages/airflow/example_dags/example_python_operator.py
[2023-07-21 07:25:16,433] {scheduler_job.py:643} INFO - DAG(s) dict_keys(['example_python_operator']) retrieved from /home/airflow/.local/lib/python3.6/site-packages/airflow/example_dags/example_python_operator.py
[2023-07-21 07:25:16,489] {logging_mixin.py:104} INFO - [2023-07-21 07:25:16,488] {dag.py:1833} INFO - Sync 1 DAGs
[2023-07-21 07:25:16,521] {logging_mixin.py:104} INFO - [2023-07-21 07:25:16,521] {dag.py:2306} INFO - Setting next_dagrun for example_python_operator to None
[2023-07-21 07:25:16,556] {scheduler_job.py:190} INFO - Processing /home/airflow/.local/lib/python3.6/site-packages/airflow/example_dags/example_python_operator.py took 0.182 seconds
[2023-07-21 07:25:47,354] {scheduler_job.py:182} INFO - Started process (PID=75170) to work on /home/airflow/.local/lib/python3.6/site-packages/airflow/example_dags/example_python_operator.py
[2023-07-21 07:25:47,356] {scheduler_job.py:633} INFO - Processing file /home/airflow/.local/lib/python3.6/site-packages/airflow/example_dags/example_python_operator.py for tasks to queue
[2023-07-21 07:25:47,358] {logging_mixin.py:104} INFO - [2023-07-21 07:25:47,358] {dagbag.py:496} INFO - Filling up the DagBag from /home/airflow/.local/lib/python3.6/site-packages/airflow/example_dags/example_python_operator.py
[2023-07-21 07:25:47,385] {scheduler_job.py:643} INFO - DAG(s) dict_keys(['example_python_operator']) retrieved from /home/airflow/.local/lib/python3.6/site-packages/airflow/example_dags/example_python_operator.py
[2023-07-21 07:25:47,427] {logging_mixin.py:104} INFO - [2023-07-21 07:25:47,427] {dag.py:1833} INFO - Sync 1 DAGs
[2023-07-21 07:25:47,447] {logging_mixin.py:104} INFO - [2023-07-21 07:25:47,446] {dag.py:2306} INFO - Setting next_dagrun for example_python_operator to None
[2023-07-21 07:25:47,465] {scheduler_job.py:190} INFO - Processing /home/airflow/.local/lib/python3.6/site-packages/airflow/example_dags/example_python_operator.py took 0.118 seconds
[2023-07-21 07:26:17,670] {scheduler_job.py:182} INFO - Started process (PID=75221) to work on /home/airflow/.local/lib/python3.6/site-packages/airflow/example_dags/example_python_operator.py
[2023-07-21 07:26:17,678] {scheduler_job.py:633} INFO - Processing file /home/airflow/.local/lib/python3.6/site-packages/airflow/example_dags/example_python_operator.py for tasks to queue
[2023-07-21 07:26:17,682] {logging_mixin.py:104} INFO - [2023-07-21 07:26:17,682] {dagbag.py:496} INFO - Filling up the DagBag from /home/airflow/.local/lib/python3.6/site-packages/airflow/example_dags/example_python_operator.py
[2023-07-21 07:26:17,774] {scheduler_job.py:643} INFO - DAG(s) dict_keys(['example_python_operator']) retrieved from /home/airflow/.local/lib/python3.6/site-packages/airflow/example_dags/example_python_operator.py
[2023-07-21 07:26:17,873] {logging_mixin.py:104} INFO - [2023-07-21 07:26:17,873] {dag.py:1833} INFO - Sync 1 DAGs
[2023-07-21 07:26:17,960] {logging_mixin.py:104} INFO - [2023-07-21 07:26:17,952] {dag.py:2306} INFO - Setting next_dagrun for example_python_operator to None
[2023-07-21 07:26:17,991] {scheduler_job.py:190} INFO - Processing /home/airflow/.local/lib/python3.6/site-packages/airflow/example_dags/example_python_operator.py took 0.337 seconds
[2023-07-21 07:26:48,288] {scheduler_job.py:182} INFO - Started process (PID=75272) to work on /home/airflow/.local/lib/python3.6/site-packages/airflow/example_dags/example_python_operator.py
[2023-07-21 07:26:48,292] {scheduler_job.py:633} INFO - Processing file /home/airflow/.local/lib/python3.6/site-packages/airflow/example_dags/example_python_operator.py for tasks to queue
[2023-07-21 07:26:48,296] {logging_mixin.py:104} INFO - [2023-07-21 07:26:48,296] {dagbag.py:496} INFO - Filling up the DagBag from /home/airflow/.local/lib/python3.6/site-packages/airflow/example_dags/example_python_operator.py
[2023-07-21 07:26:48,349] {scheduler_job.py:643} INFO - DAG(s) dict_keys(['example_python_operator']) retrieved from /home/airflow/.local/lib/python3.6/site-packages/airflow/example_dags/example_python_operator.py
[2023-07-21 07:26:48,441] {logging_mixin.py:104} INFO - [2023-07-21 07:26:48,441] {dag.py:1833} INFO - Sync 1 DAGs
[2023-07-21 07:26:48,497] {logging_mixin.py:104} INFO - [2023-07-21 07:26:48,497] {dag.py:2306} INFO - Setting next_dagrun for example_python_operator to None
[2023-07-21 07:26:48,538] {scheduler_job.py:190} INFO - Processing /home/airflow/.local/lib/python3.6/site-packages/airflow/example_dags/example_python_operator.py took 0.266 seconds
[2023-07-21 07:27:18,998] {scheduler_job.py:182} INFO - Started process (PID=75330) to work on /home/airflow/.local/lib/python3.6/site-packages/airflow/example_dags/example_python_operator.py
[2023-07-21 07:27:19,011] {scheduler_job.py:633} INFO - Processing file /home/airflow/.local/lib/python3.6/site-packages/airflow/example_dags/example_python_operator.py for tasks to queue
[2023-07-21 07:27:19,013] {logging_mixin.py:104} INFO - [2023-07-21 07:27:19,013] {dagbag.py:496} INFO - Filling up the DagBag from /home/airflow/.local/lib/python3.6/site-packages/airflow/example_dags/example_python_operator.py
[2023-07-21 07:27:19,094] {scheduler_job.py:643} INFO - DAG(s) dict_keys(['example_python_operator']) retrieved from /home/airflow/.local/lib/python3.6/site-packages/airflow/example_dags/example_python_operator.py
[2023-07-21 07:27:19,182] {logging_mixin.py:104} INFO - [2023-07-21 07:27:19,182] {dag.py:1833} INFO - Sync 1 DAGs
[2023-07-21 07:27:19,250] {logging_mixin.py:104} INFO - [2023-07-21 07:27:19,250] {dag.py:2306} INFO - Setting next_dagrun for example_python_operator to None
[2023-07-21 07:27:19,273] {scheduler_job.py:190} INFO - Processing /home/airflow/.local/lib/python3.6/site-packages/airflow/example_dags/example_python_operator.py took 0.288 seconds
[2023-07-21 07:27:49,632] {scheduler_job.py:182} INFO - Started process (PID=75382) to work on /home/airflow/.local/lib/python3.6/site-packages/airflow/example_dags/example_python_operator.py
[2023-07-21 07:27:49,636] {scheduler_job.py:633} INFO - Processing file /home/airflow/.local/lib/python3.6/site-packages/airflow/example_dags/example_python_operator.py for tasks to queue
[2023-07-21 07:27:49,639] {logging_mixin.py:104} INFO - [2023-07-21 07:27:49,639] {dagbag.py:496} INFO - Filling up the DagBag from /home/airflow/.local/lib/python3.6/site-packages/airflow/example_dags/example_python_operator.py
[2023-07-21 07:27:49,684] {scheduler_job.py:643} INFO - DAG(s) dict_keys(['example_python_operator']) retrieved from /home/airflow/.local/lib/python3.6/site-packages/airflow/example_dags/example_python_operator.py
[2023-07-21 07:27:49,733] {logging_mixin.py:104} INFO - [2023-07-21 07:27:49,733] {dag.py:1833} INFO - Sync 1 DAGs
[2023-07-21 07:27:49,760] {logging_mixin.py:104} INFO - [2023-07-21 07:27:49,760] {dag.py:2306} INFO - Setting next_dagrun for example_python_operator to None
[2023-07-21 07:27:49,790] {scheduler_job.py:190} INFO - Processing /home/airflow/.local/lib/python3.6/site-packages/airflow/example_dags/example_python_operator.py took 0.164 seconds
