[2023-07-21 07:13:50,138] {scheduler_job.py:182} INFO - Started process (PID=73935) to work on /home/airflow/.local/lib/python3.6/site-packages/airflow/example_dags/example_dag_decorator.py
[2023-07-21 07:13:50,157] {scheduler_job.py:633} INFO - Processing file /home/airflow/.local/lib/python3.6/site-packages/airflow/example_dags/example_dag_decorator.py for tasks to queue
[2023-07-21 07:13:50,163] {logging_mixin.py:104} INFO - [2023-07-21 07:13:50,162] {dagbag.py:496} INFO - Filling up the DagBag from /home/airflow/.local/lib/python3.6/site-packages/airflow/example_dags/example_dag_decorator.py
[2023-07-21 07:13:50,390] {scheduler_job.py:643} INFO - DAG(s) dict_keys(['example_dag_decorator']) retrieved from /home/airflow/.local/lib/python3.6/site-packages/airflow/example_dags/example_dag_decorator.py
[2023-07-21 07:13:53,577] {logging_mixin.py:104} INFO - [2023-07-21 07:13:53,576] {dag.py:1833} INFO - Sync 1 DAGs
[2023-07-21 07:13:53,730] {logging_mixin.py:104} INFO - [2023-07-21 07:13:53,729] {dag.py:2306} INFO - Setting next_dagrun for example_dag_decorator to None
[2023-07-21 07:13:53,872] {scheduler_job.py:190} INFO - Processing /home/airflow/.local/lib/python3.6/site-packages/airflow/example_dags/example_dag_decorator.py took 3.759 seconds
[2023-07-21 07:14:24,479] {scheduler_job.py:182} INFO - Started process (PID=73986) to work on /home/airflow/.local/lib/python3.6/site-packages/airflow/example_dags/example_dag_decorator.py
[2023-07-21 07:14:24,502] {scheduler_job.py:633} INFO - Processing file /home/airflow/.local/lib/python3.6/site-packages/airflow/example_dags/example_dag_decorator.py for tasks to queue
[2023-07-21 07:14:24,504] {logging_mixin.py:104} INFO - [2023-07-21 07:14:24,504] {dagbag.py:496} INFO - Filling up the DagBag from /home/airflow/.local/lib/python3.6/site-packages/airflow/example_dags/example_dag_decorator.py
[2023-07-21 07:14:24,615] {scheduler_job.py:643} INFO - DAG(s) dict_keys(['example_dag_decorator']) retrieved from /home/airflow/.local/lib/python3.6/site-packages/airflow/example_dags/example_dag_decorator.py
[2023-07-21 07:14:24,681] {logging_mixin.py:104} INFO - [2023-07-21 07:14:24,681] {dag.py:1833} INFO - Sync 1 DAGs
[2023-07-21 07:14:24,718] {logging_mixin.py:104} INFO - [2023-07-21 07:14:24,718] {dag.py:2306} INFO - Setting next_dagrun for example_dag_decorator to None
[2023-07-21 07:14:24,751] {scheduler_job.py:190} INFO - Processing /home/airflow/.local/lib/python3.6/site-packages/airflow/example_dags/example_dag_decorator.py took 0.286 seconds
[2023-07-21 07:14:55,035] {scheduler_job.py:182} INFO - Started process (PID=74037) to work on /home/airflow/.local/lib/python3.6/site-packages/airflow/example_dags/example_dag_decorator.py
[2023-07-21 07:14:55,052] {scheduler_job.py:633} INFO - Processing file /home/airflow/.local/lib/python3.6/site-packages/airflow/example_dags/example_dag_decorator.py for tasks to queue
[2023-07-21 07:14:55,065] {logging_mixin.py:104} INFO - [2023-07-21 07:14:55,060] {dagbag.py:496} INFO - Filling up the DagBag from /home/airflow/.local/lib/python3.6/site-packages/airflow/example_dags/example_dag_decorator.py
[2023-07-21 07:14:55,165] {scheduler_job.py:643} INFO - DAG(s) dict_keys(['example_dag_decorator']) retrieved from /home/airflow/.local/lib/python3.6/site-packages/airflow/example_dags/example_dag_decorator.py
[2023-07-21 07:14:55,254] {logging_mixin.py:104} INFO - [2023-07-21 07:14:55,254] {dag.py:1833} INFO - Sync 1 DAGs
[2023-07-21 07:14:55,305] {logging_mixin.py:104} INFO - [2023-07-21 07:14:55,291] {dag.py:2306} INFO - Setting next_dagrun for example_dag_decorator to None
[2023-07-21 07:14:55,347] {scheduler_job.py:190} INFO - Processing /home/airflow/.local/lib/python3.6/site-packages/airflow/example_dags/example_dag_decorator.py took 0.322 seconds
[2023-07-21 07:15:25,534] {scheduler_job.py:182} INFO - Started process (PID=74088) to work on /home/airflow/.local/lib/python3.6/site-packages/airflow/example_dags/example_dag_decorator.py
[2023-07-21 07:15:25,536] {scheduler_job.py:633} INFO - Processing file /home/airflow/.local/lib/python3.6/site-packages/airflow/example_dags/example_dag_decorator.py for tasks to queue
[2023-07-21 07:15:25,538] {logging_mixin.py:104} INFO - [2023-07-21 07:15:25,538] {dagbag.py:496} INFO - Filling up the DagBag from /home/airflow/.local/lib/python3.6/site-packages/airflow/example_dags/example_dag_decorator.py
[2023-07-21 07:15:25,572] {scheduler_job.py:643} INFO - DAG(s) dict_keys(['example_dag_decorator']) retrieved from /home/airflow/.local/lib/python3.6/site-packages/airflow/example_dags/example_dag_decorator.py
[2023-07-21 07:15:25,847] {logging_mixin.py:104} INFO - [2023-07-21 07:15:25,847] {dag.py:1833} INFO - Sync 1 DAGs
[2023-07-21 07:15:25,861] {logging_mixin.py:104} INFO - [2023-07-21 07:15:25,861] {dag.py:2306} INFO - Setting next_dagrun for example_dag_decorator to None
[2023-07-21 07:15:25,877] {scheduler_job.py:190} INFO - Processing /home/airflow/.local/lib/python3.6/site-packages/airflow/example_dags/example_dag_decorator.py took 0.351 seconds
[2023-07-21 07:15:56,327] {scheduler_job.py:182} INFO - Started process (PID=74140) to work on /home/airflow/.local/lib/python3.6/site-packages/airflow/example_dags/example_dag_decorator.py
[2023-07-21 07:15:56,330] {scheduler_job.py:633} INFO - Processing file /home/airflow/.local/lib/python3.6/site-packages/airflow/example_dags/example_dag_decorator.py for tasks to queue
[2023-07-21 07:15:56,332] {logging_mixin.py:104} INFO - [2023-07-21 07:15:56,331] {dagbag.py:496} INFO - Filling up the DagBag from /home/airflow/.local/lib/python3.6/site-packages/airflow/example_dags/example_dag_decorator.py
[2023-07-21 07:15:56,368] {scheduler_job.py:643} INFO - DAG(s) dict_keys(['example_dag_decorator']) retrieved from /home/airflow/.local/lib/python3.6/site-packages/airflow/example_dags/example_dag_decorator.py
[2023-07-21 07:15:56,399] {logging_mixin.py:104} INFO - [2023-07-21 07:15:56,399] {dag.py:1833} INFO - Sync 1 DAGs
[2023-07-21 07:15:56,422] {logging_mixin.py:104} INFO - [2023-07-21 07:15:56,422] {dag.py:2306} INFO - Setting next_dagrun for example_dag_decorator to None
[2023-07-21 07:15:56,438] {scheduler_job.py:190} INFO - Processing /home/airflow/.local/lib/python3.6/site-packages/airflow/example_dags/example_dag_decorator.py took 0.119 seconds
[2023-07-21 07:16:26,580] {scheduler_job.py:182} INFO - Started process (PID=74200) to work on /home/airflow/.local/lib/python3.6/site-packages/airflow/example_dags/example_dag_decorator.py
[2023-07-21 07:16:26,587] {scheduler_job.py:633} INFO - Processing file /home/airflow/.local/lib/python3.6/site-packages/airflow/example_dags/example_dag_decorator.py for tasks to queue
[2023-07-21 07:16:26,596] {logging_mixin.py:104} INFO - [2023-07-21 07:16:26,596] {dagbag.py:496} INFO - Filling up the DagBag from /home/airflow/.local/lib/python3.6/site-packages/airflow/example_dags/example_dag_decorator.py
[2023-07-21 07:16:26,646] {scheduler_job.py:643} INFO - DAG(s) dict_keys(['example_dag_decorator']) retrieved from /home/airflow/.local/lib/python3.6/site-packages/airflow/example_dags/example_dag_decorator.py
[2023-07-21 07:16:26,956] {logging_mixin.py:104} INFO - [2023-07-21 07:16:26,956] {dag.py:1833} INFO - Sync 1 DAGs
[2023-07-21 07:16:26,970] {logging_mixin.py:104} INFO - [2023-07-21 07:16:26,970] {dag.py:2306} INFO - Setting next_dagrun for example_dag_decorator to None
[2023-07-21 07:16:26,986] {scheduler_job.py:190} INFO - Processing /home/airflow/.local/lib/python3.6/site-packages/airflow/example_dags/example_dag_decorator.py took 0.411 seconds
[2023-07-21 07:16:57,234] {scheduler_job.py:182} INFO - Started process (PID=74253) to work on /home/airflow/.local/lib/python3.6/site-packages/airflow/example_dags/example_dag_decorator.py
[2023-07-21 07:16:57,236] {scheduler_job.py:633} INFO - Processing file /home/airflow/.local/lib/python3.6/site-packages/airflow/example_dags/example_dag_decorator.py for tasks to queue
[2023-07-21 07:16:57,239] {logging_mixin.py:104} INFO - [2023-07-21 07:16:57,239] {dagbag.py:496} INFO - Filling up the DagBag from /home/airflow/.local/lib/python3.6/site-packages/airflow/example_dags/example_dag_decorator.py
[2023-07-21 07:16:57,272] {scheduler_job.py:643} INFO - DAG(s) dict_keys(['example_dag_decorator']) retrieved from /home/airflow/.local/lib/python3.6/site-packages/airflow/example_dags/example_dag_decorator.py
[2023-07-21 07:16:57,541] {logging_mixin.py:104} INFO - [2023-07-21 07:16:57,541] {dag.py:1833} INFO - Sync 1 DAGs
[2023-07-21 07:16:57,556] {logging_mixin.py:104} INFO - [2023-07-21 07:16:57,556] {dag.py:2306} INFO - Setting next_dagrun for example_dag_decorator to None
[2023-07-21 07:16:57,571] {scheduler_job.py:190} INFO - Processing /home/airflow/.local/lib/python3.6/site-packages/airflow/example_dags/example_dag_decorator.py took 0.345 seconds
[2023-07-21 07:17:28,136] {scheduler_job.py:182} INFO - Started process (PID=74304) to work on /home/airflow/.local/lib/python3.6/site-packages/airflow/example_dags/example_dag_decorator.py
[2023-07-21 07:17:28,139] {scheduler_job.py:633} INFO - Processing file /home/airflow/.local/lib/python3.6/site-packages/airflow/example_dags/example_dag_decorator.py for tasks to queue
[2023-07-21 07:17:28,140] {logging_mixin.py:104} INFO - [2023-07-21 07:17:28,140] {dagbag.py:496} INFO - Filling up the DagBag from /home/airflow/.local/lib/python3.6/site-packages/airflow/example_dags/example_dag_decorator.py
[2023-07-21 07:17:28,181] {scheduler_job.py:643} INFO - DAG(s) dict_keys(['example_dag_decorator']) retrieved from /home/airflow/.local/lib/python3.6/site-packages/airflow/example_dags/example_dag_decorator.py
[2023-07-21 07:17:28,454] {logging_mixin.py:104} INFO - [2023-07-21 07:17:28,454] {dag.py:1833} INFO - Sync 1 DAGs
[2023-07-21 07:17:28,470] {logging_mixin.py:104} INFO - [2023-07-21 07:17:28,470] {dag.py:2306} INFO - Setting next_dagrun for example_dag_decorator to None
[2023-07-21 07:17:28,490] {scheduler_job.py:190} INFO - Processing /home/airflow/.local/lib/python3.6/site-packages/airflow/example_dags/example_dag_decorator.py took 0.359 seconds
[2023-07-21 07:17:58,882] {scheduler_job.py:182} INFO - Started process (PID=74353) to work on /home/airflow/.local/lib/python3.6/site-packages/airflow/example_dags/example_dag_decorator.py
[2023-07-21 07:17:58,887] {scheduler_job.py:633} INFO - Processing file /home/airflow/.local/lib/python3.6/site-packages/airflow/example_dags/example_dag_decorator.py for tasks to queue
[2023-07-21 07:17:58,891] {logging_mixin.py:104} INFO - [2023-07-21 07:17:58,890] {dagbag.py:496} INFO - Filling up the DagBag from /home/airflow/.local/lib/python3.6/site-packages/airflow/example_dags/example_dag_decorator.py
[2023-07-21 07:17:58,954] {scheduler_job.py:643} INFO - DAG(s) dict_keys(['example_dag_decorator']) retrieved from /home/airflow/.local/lib/python3.6/site-packages/airflow/example_dags/example_dag_decorator.py
[2023-07-21 07:17:59,331] {logging_mixin.py:104} INFO - [2023-07-21 07:17:59,331] {dag.py:1833} INFO - Sync 1 DAGs
[2023-07-21 07:17:59,349] {logging_mixin.py:104} INFO - [2023-07-21 07:17:59,349] {dag.py:2306} INFO - Setting next_dagrun for example_dag_decorator to None
[2023-07-21 07:17:59,368] {scheduler_job.py:190} INFO - Processing /home/airflow/.local/lib/python3.6/site-packages/airflow/example_dags/example_dag_decorator.py took 0.494 seconds
[2023-07-21 07:18:29,619] {scheduler_job.py:182} INFO - Started process (PID=74413) to work on /home/airflow/.local/lib/python3.6/site-packages/airflow/example_dags/example_dag_decorator.py
[2023-07-21 07:18:29,630] {scheduler_job.py:633} INFO - Processing file /home/airflow/.local/lib/python3.6/site-packages/airflow/example_dags/example_dag_decorator.py for tasks to queue
[2023-07-21 07:18:29,640] {logging_mixin.py:104} INFO - [2023-07-21 07:18:29,637] {dagbag.py:496} INFO - Filling up the DagBag from /home/airflow/.local/lib/python3.6/site-packages/airflow/example_dags/example_dag_decorator.py
[2023-07-21 07:18:29,729] {scheduler_job.py:643} INFO - DAG(s) dict_keys(['example_dag_decorator']) retrieved from /home/airflow/.local/lib/python3.6/site-packages/airflow/example_dags/example_dag_decorator.py
[2023-07-21 07:18:30,376] {logging_mixin.py:104} INFO - [2023-07-21 07:18:30,376] {dag.py:1833} INFO - Sync 1 DAGs
[2023-07-21 07:18:30,407] {logging_mixin.py:104} INFO - [2023-07-21 07:18:30,407] {dag.py:2306} INFO - Setting next_dagrun for example_dag_decorator to None
[2023-07-21 07:18:30,450] {scheduler_job.py:190} INFO - Processing /home/airflow/.local/lib/python3.6/site-packages/airflow/example_dags/example_dag_decorator.py took 0.838 seconds
[2023-07-21 07:19:01,171] {scheduler_job.py:182} INFO - Started process (PID=74465) to work on /home/airflow/.local/lib/python3.6/site-packages/airflow/example_dags/example_dag_decorator.py
[2023-07-21 07:19:01,175] {scheduler_job.py:633} INFO - Processing file /home/airflow/.local/lib/python3.6/site-packages/airflow/example_dags/example_dag_decorator.py for tasks to queue
[2023-07-21 07:19:01,177] {logging_mixin.py:104} INFO - [2023-07-21 07:19:01,176] {dagbag.py:496} INFO - Filling up the DagBag from /home/airflow/.local/lib/python3.6/site-packages/airflow/example_dags/example_dag_decorator.py
[2023-07-21 07:19:01,204] {scheduler_job.py:643} INFO - DAG(s) dict_keys(['example_dag_decorator']) retrieved from /home/airflow/.local/lib/python3.6/site-packages/airflow/example_dags/example_dag_decorator.py
[2023-07-21 07:19:01,509] {logging_mixin.py:104} INFO - [2023-07-21 07:19:01,509] {dag.py:1833} INFO - Sync 1 DAGs
[2023-07-21 07:19:01,530] {logging_mixin.py:104} INFO - [2023-07-21 07:19:01,530] {dag.py:2306} INFO - Setting next_dagrun for example_dag_decorator to None
[2023-07-21 07:19:01,550] {scheduler_job.py:190} INFO - Processing /home/airflow/.local/lib/python3.6/site-packages/airflow/example_dags/example_dag_decorator.py took 0.389 seconds
[2023-07-21 07:19:32,401] {scheduler_job.py:182} INFO - Started process (PID=74516) to work on /home/airflow/.local/lib/python3.6/site-packages/airflow/example_dags/example_dag_decorator.py
[2023-07-21 07:19:32,410] {scheduler_job.py:633} INFO - Processing file /home/airflow/.local/lib/python3.6/site-packages/airflow/example_dags/example_dag_decorator.py for tasks to queue
[2023-07-21 07:19:32,415] {logging_mixin.py:104} INFO - [2023-07-21 07:19:32,414] {dagbag.py:496} INFO - Filling up the DagBag from /home/airflow/.local/lib/python3.6/site-packages/airflow/example_dags/example_dag_decorator.py
[2023-07-21 07:19:32,484] {scheduler_job.py:643} INFO - DAG(s) dict_keys(['example_dag_decorator']) retrieved from /home/airflow/.local/lib/python3.6/site-packages/airflow/example_dags/example_dag_decorator.py
[2023-07-21 07:19:32,878] {logging_mixin.py:104} INFO - [2023-07-21 07:19:32,878] {dag.py:1833} INFO - Sync 1 DAGs
[2023-07-21 07:19:32,898] {logging_mixin.py:104} INFO - [2023-07-21 07:19:32,898] {dag.py:2306} INFO - Setting next_dagrun for example_dag_decorator to None
[2023-07-21 07:19:32,919] {scheduler_job.py:190} INFO - Processing /home/airflow/.local/lib/python3.6/site-packages/airflow/example_dags/example_dag_decorator.py took 0.533 seconds
[2023-07-21 07:20:03,163] {scheduler_job.py:182} INFO - Started process (PID=74577) to work on /home/airflow/.local/lib/python3.6/site-packages/airflow/example_dags/example_dag_decorator.py
[2023-07-21 07:20:03,167] {scheduler_job.py:633} INFO - Processing file /home/airflow/.local/lib/python3.6/site-packages/airflow/example_dags/example_dag_decorator.py for tasks to queue
[2023-07-21 07:20:03,168] {logging_mixin.py:104} INFO - [2023-07-21 07:20:03,168] {dagbag.py:496} INFO - Filling up the DagBag from /home/airflow/.local/lib/python3.6/site-packages/airflow/example_dags/example_dag_decorator.py
[2023-07-21 07:20:03,195] {scheduler_job.py:643} INFO - DAG(s) dict_keys(['example_dag_decorator']) retrieved from /home/airflow/.local/lib/python3.6/site-packages/airflow/example_dags/example_dag_decorator.py
[2023-07-21 07:20:03,465] {logging_mixin.py:104} INFO - [2023-07-21 07:20:03,465] {dag.py:1833} INFO - Sync 1 DAGs
[2023-07-21 07:20:03,479] {logging_mixin.py:104} INFO - [2023-07-21 07:20:03,479] {dag.py:2306} INFO - Setting next_dagrun for example_dag_decorator to None
[2023-07-21 07:20:03,495] {scheduler_job.py:190} INFO - Processing /home/airflow/.local/lib/python3.6/site-packages/airflow/example_dags/example_dag_decorator.py took 0.337 seconds
[2023-07-21 07:20:34,410] {scheduler_job.py:182} INFO - Started process (PID=74629) to work on /home/airflow/.local/lib/python3.6/site-packages/airflow/example_dags/example_dag_decorator.py
[2023-07-21 07:20:34,418] {scheduler_job.py:633} INFO - Processing file /home/airflow/.local/lib/python3.6/site-packages/airflow/example_dags/example_dag_decorator.py for tasks to queue
[2023-07-21 07:20:34,421] {logging_mixin.py:104} INFO - [2023-07-21 07:20:34,421] {dagbag.py:496} INFO - Filling up the DagBag from /home/airflow/.local/lib/python3.6/site-packages/airflow/example_dags/example_dag_decorator.py
[2023-07-21 07:20:34,481] {scheduler_job.py:643} INFO - DAG(s) dict_keys(['example_dag_decorator']) retrieved from /home/airflow/.local/lib/python3.6/site-packages/airflow/example_dags/example_dag_decorator.py
[2023-07-21 07:20:35,148] {logging_mixin.py:104} INFO - [2023-07-21 07:20:35,148] {dag.py:1833} INFO - Sync 1 DAGs
[2023-07-21 07:20:35,174] {logging_mixin.py:104} INFO - [2023-07-21 07:20:35,173] {dag.py:2306} INFO - Setting next_dagrun for example_dag_decorator to None
[2023-07-21 07:20:35,203] {scheduler_job.py:190} INFO - Processing /home/airflow/.local/lib/python3.6/site-packages/airflow/example_dags/example_dag_decorator.py took 0.803 seconds
[2023-07-21 07:21:05,937] {scheduler_job.py:182} INFO - Started process (PID=74680) to work on /home/airflow/.local/lib/python3.6/site-packages/airflow/example_dags/example_dag_decorator.py
[2023-07-21 07:21:05,948] {scheduler_job.py:633} INFO - Processing file /home/airflow/.local/lib/python3.6/site-packages/airflow/example_dags/example_dag_decorator.py for tasks to queue
[2023-07-21 07:21:05,952] {logging_mixin.py:104} INFO - [2023-07-21 07:21:05,950] {dagbag.py:496} INFO - Filling up the DagBag from /home/airflow/.local/lib/python3.6/site-packages/airflow/example_dags/example_dag_decorator.py
[2023-07-21 07:21:06,004] {scheduler_job.py:643} INFO - DAG(s) dict_keys(['example_dag_decorator']) retrieved from /home/airflow/.local/lib/python3.6/site-packages/airflow/example_dags/example_dag_decorator.py
[2023-07-21 07:21:06,314] {logging_mixin.py:104} INFO - [2023-07-21 07:21:06,314] {dag.py:1833} INFO - Sync 1 DAGs
[2023-07-21 07:21:06,327] {logging_mixin.py:104} INFO - [2023-07-21 07:21:06,327] {dag.py:2306} INFO - Setting next_dagrun for example_dag_decorator to None
[2023-07-21 07:21:06,346] {scheduler_job.py:190} INFO - Processing /home/airflow/.local/lib/python3.6/site-packages/airflow/example_dags/example_dag_decorator.py took 0.447 seconds
[2023-07-21 07:21:36,531] {scheduler_job.py:182} INFO - Started process (PID=74731) to work on /home/airflow/.local/lib/python3.6/site-packages/airflow/example_dags/example_dag_decorator.py
[2023-07-21 07:21:36,541] {scheduler_job.py:633} INFO - Processing file /home/airflow/.local/lib/python3.6/site-packages/airflow/example_dags/example_dag_decorator.py for tasks to queue
[2023-07-21 07:21:36,546] {logging_mixin.py:104} INFO - [2023-07-21 07:21:36,545] {dagbag.py:496} INFO - Filling up the DagBag from /home/airflow/.local/lib/python3.6/site-packages/airflow/example_dags/example_dag_decorator.py
[2023-07-21 07:21:36,624] {scheduler_job.py:643} INFO - DAG(s) dict_keys(['example_dag_decorator']) retrieved from /home/airflow/.local/lib/python3.6/site-packages/airflow/example_dags/example_dag_decorator.py
[2023-07-21 07:21:36,976] {logging_mixin.py:104} INFO - [2023-07-21 07:21:36,976] {dag.py:1833} INFO - Sync 1 DAGs
[2023-07-21 07:21:36,992] {logging_mixin.py:104} INFO - [2023-07-21 07:21:36,992] {dag.py:2306} INFO - Setting next_dagrun for example_dag_decorator to None
[2023-07-21 07:21:37,011] {scheduler_job.py:190} INFO - Processing /home/airflow/.local/lib/python3.6/site-packages/airflow/example_dags/example_dag_decorator.py took 0.497 seconds
[2023-07-21 07:22:07,901] {scheduler_job.py:182} INFO - Started process (PID=74792) to work on /home/airflow/.local/lib/python3.6/site-packages/airflow/example_dags/example_dag_decorator.py
[2023-07-21 07:22:07,905] {scheduler_job.py:633} INFO - Processing file /home/airflow/.local/lib/python3.6/site-packages/airflow/example_dags/example_dag_decorator.py for tasks to queue
[2023-07-21 07:22:07,908] {logging_mixin.py:104} INFO - [2023-07-21 07:22:07,908] {dagbag.py:496} INFO - Filling up the DagBag from /home/airflow/.local/lib/python3.6/site-packages/airflow/example_dags/example_dag_decorator.py
[2023-07-21 07:22:07,952] {scheduler_job.py:643} INFO - DAG(s) dict_keys(['example_dag_decorator']) retrieved from /home/airflow/.local/lib/python3.6/site-packages/airflow/example_dags/example_dag_decorator.py
[2023-07-21 07:22:07,996] {logging_mixin.py:104} INFO - [2023-07-21 07:22:07,996] {dag.py:1833} INFO - Sync 1 DAGs
[2023-07-21 07:22:08,017] {logging_mixin.py:104} INFO - [2023-07-21 07:22:08,017] {dag.py:2306} INFO - Setting next_dagrun for example_dag_decorator to None
[2023-07-21 07:22:08,037] {scheduler_job.py:190} INFO - Processing /home/airflow/.local/lib/python3.6/site-packages/airflow/example_dags/example_dag_decorator.py took 0.144 seconds
[2023-07-21 07:22:38,395] {scheduler_job.py:182} INFO - Started process (PID=74843) to work on /home/airflow/.local/lib/python3.6/site-packages/airflow/example_dags/example_dag_decorator.py
[2023-07-21 07:22:38,399] {scheduler_job.py:633} INFO - Processing file /home/airflow/.local/lib/python3.6/site-packages/airflow/example_dags/example_dag_decorator.py for tasks to queue
[2023-07-21 07:22:38,402] {logging_mixin.py:104} INFO - [2023-07-21 07:22:38,402] {dagbag.py:496} INFO - Filling up the DagBag from /home/airflow/.local/lib/python3.6/site-packages/airflow/example_dags/example_dag_decorator.py
[2023-07-21 07:22:38,438] {scheduler_job.py:643} INFO - DAG(s) dict_keys(['example_dag_decorator']) retrieved from /home/airflow/.local/lib/python3.6/site-packages/airflow/example_dags/example_dag_decorator.py
[2023-07-21 07:22:38,850] {logging_mixin.py:104} INFO - [2023-07-21 07:22:38,850] {dag.py:1833} INFO - Sync 1 DAGs
[2023-07-21 07:22:38,874] {logging_mixin.py:104} INFO - [2023-07-21 07:22:38,874] {dag.py:2306} INFO - Setting next_dagrun for example_dag_decorator to None
[2023-07-21 07:22:38,900] {scheduler_job.py:190} INFO - Processing /home/airflow/.local/lib/python3.6/site-packages/airflow/example_dags/example_dag_decorator.py took 0.514 seconds
[2023-07-21 07:23:09,763] {scheduler_job.py:182} INFO - Started process (PID=74893) to work on /home/airflow/.local/lib/python3.6/site-packages/airflow/example_dags/example_dag_decorator.py
[2023-07-21 07:23:09,768] {scheduler_job.py:633} INFO - Processing file /home/airflow/.local/lib/python3.6/site-packages/airflow/example_dags/example_dag_decorator.py for tasks to queue
[2023-07-21 07:23:09,770] {logging_mixin.py:104} INFO - [2023-07-21 07:23:09,769] {dagbag.py:496} INFO - Filling up the DagBag from /home/airflow/.local/lib/python3.6/site-packages/airflow/example_dags/example_dag_decorator.py
[2023-07-21 07:23:09,800] {scheduler_job.py:643} INFO - DAG(s) dict_keys(['example_dag_decorator']) retrieved from /home/airflow/.local/lib/python3.6/site-packages/airflow/example_dags/example_dag_decorator.py
[2023-07-21 07:23:10,165] {logging_mixin.py:104} INFO - [2023-07-21 07:23:10,165] {dag.py:1833} INFO - Sync 1 DAGs
[2023-07-21 07:23:10,185] {logging_mixin.py:104} INFO - [2023-07-21 07:23:10,184] {dag.py:2306} INFO - Setting next_dagrun for example_dag_decorator to None
[2023-07-21 07:23:10,212] {scheduler_job.py:190} INFO - Processing /home/airflow/.local/lib/python3.6/site-packages/airflow/example_dags/example_dag_decorator.py took 0.454 seconds
[2023-07-21 07:23:40,260] {scheduler_job.py:182} INFO - Started process (PID=74954) to work on /home/airflow/.local/lib/python3.6/site-packages/airflow/example_dags/example_dag_decorator.py
[2023-07-21 07:23:40,263] {scheduler_job.py:633} INFO - Processing file /home/airflow/.local/lib/python3.6/site-packages/airflow/example_dags/example_dag_decorator.py for tasks to queue
[2023-07-21 07:23:40,264] {logging_mixin.py:104} INFO - [2023-07-21 07:23:40,264] {dagbag.py:496} INFO - Filling up the DagBag from /home/airflow/.local/lib/python3.6/site-packages/airflow/example_dags/example_dag_decorator.py
[2023-07-21 07:23:40,293] {scheduler_job.py:643} INFO - DAG(s) dict_keys(['example_dag_decorator']) retrieved from /home/airflow/.local/lib/python3.6/site-packages/airflow/example_dags/example_dag_decorator.py
[2023-07-21 07:23:40,633] {logging_mixin.py:104} INFO - [2023-07-21 07:23:40,633] {dag.py:1833} INFO - Sync 1 DAGs
[2023-07-21 07:23:40,649] {logging_mixin.py:104} INFO - [2023-07-21 07:23:40,649] {dag.py:2306} INFO - Setting next_dagrun for example_dag_decorator to None
[2023-07-21 07:23:40,675] {scheduler_job.py:190} INFO - Processing /home/airflow/.local/lib/python3.6/site-packages/airflow/example_dags/example_dag_decorator.py took 0.421 seconds
[2023-07-21 07:24:10,971] {scheduler_job.py:182} INFO - Started process (PID=75006) to work on /home/airflow/.local/lib/python3.6/site-packages/airflow/example_dags/example_dag_decorator.py
[2023-07-21 07:24:10,974] {scheduler_job.py:633} INFO - Processing file /home/airflow/.local/lib/python3.6/site-packages/airflow/example_dags/example_dag_decorator.py for tasks to queue
[2023-07-21 07:24:10,976] {logging_mixin.py:104} INFO - [2023-07-21 07:24:10,976] {dagbag.py:496} INFO - Filling up the DagBag from /home/airflow/.local/lib/python3.6/site-packages/airflow/example_dags/example_dag_decorator.py
[2023-07-21 07:24:11,004] {scheduler_job.py:643} INFO - DAG(s) dict_keys(['example_dag_decorator']) retrieved from /home/airflow/.local/lib/python3.6/site-packages/airflow/example_dags/example_dag_decorator.py
[2023-07-21 07:24:11,277] {logging_mixin.py:104} INFO - [2023-07-21 07:24:11,277] {dag.py:1833} INFO - Sync 1 DAGs
[2023-07-21 07:24:11,292] {logging_mixin.py:104} INFO - [2023-07-21 07:24:11,292] {dag.py:2306} INFO - Setting next_dagrun for example_dag_decorator to None
[2023-07-21 07:24:11,308] {scheduler_job.py:190} INFO - Processing /home/airflow/.local/lib/python3.6/site-packages/airflow/example_dags/example_dag_decorator.py took 0.344 seconds
[2023-07-21 07:24:41,338] {scheduler_job.py:182} INFO - Started process (PID=75056) to work on /home/airflow/.local/lib/python3.6/site-packages/airflow/example_dags/example_dag_decorator.py
[2023-07-21 07:24:41,343] {scheduler_job.py:633} INFO - Processing file /home/airflow/.local/lib/python3.6/site-packages/airflow/example_dags/example_dag_decorator.py for tasks to queue
[2023-07-21 07:24:41,345] {logging_mixin.py:104} INFO - [2023-07-21 07:24:41,345] {dagbag.py:496} INFO - Filling up the DagBag from /home/airflow/.local/lib/python3.6/site-packages/airflow/example_dags/example_dag_decorator.py
[2023-07-21 07:24:41,377] {scheduler_job.py:643} INFO - DAG(s) dict_keys(['example_dag_decorator']) retrieved from /home/airflow/.local/lib/python3.6/site-packages/airflow/example_dags/example_dag_decorator.py
[2023-07-21 07:24:41,628] {logging_mixin.py:104} INFO - [2023-07-21 07:24:41,628] {dag.py:1833} INFO - Sync 1 DAGs
[2023-07-21 07:24:41,643] {logging_mixin.py:104} INFO - [2023-07-21 07:24:41,642] {dag.py:2306} INFO - Setting next_dagrun for example_dag_decorator to None
[2023-07-21 07:24:41,666] {scheduler_job.py:190} INFO - Processing /home/airflow/.local/lib/python3.6/site-packages/airflow/example_dags/example_dag_decorator.py took 0.334 seconds
[2023-07-21 07:25:11,849] {scheduler_job.py:182} INFO - Started process (PID=75105) to work on /home/airflow/.local/lib/python3.6/site-packages/airflow/example_dags/example_dag_decorator.py
[2023-07-21 07:25:11,857] {scheduler_job.py:633} INFO - Processing file /home/airflow/.local/lib/python3.6/site-packages/airflow/example_dags/example_dag_decorator.py for tasks to queue
[2023-07-21 07:25:11,860] {logging_mixin.py:104} INFO - [2023-07-21 07:25:11,859] {dagbag.py:496} INFO - Filling up the DagBag from /home/airflow/.local/lib/python3.6/site-packages/airflow/example_dags/example_dag_decorator.py
[2023-07-21 07:25:11,907] {scheduler_job.py:643} INFO - DAG(s) dict_keys(['example_dag_decorator']) retrieved from /home/airflow/.local/lib/python3.6/site-packages/airflow/example_dags/example_dag_decorator.py
[2023-07-21 07:25:12,275] {logging_mixin.py:104} INFO - [2023-07-21 07:25:12,275] {dag.py:1833} INFO - Sync 1 DAGs
[2023-07-21 07:25:12,291] {logging_mixin.py:104} INFO - [2023-07-21 07:25:12,291] {dag.py:2306} INFO - Setting next_dagrun for example_dag_decorator to None
[2023-07-21 07:25:12,309] {scheduler_job.py:190} INFO - Processing /home/airflow/.local/lib/python3.6/site-packages/airflow/example_dags/example_dag_decorator.py took 0.482 seconds
[2023-07-21 07:25:43,096] {scheduler_job.py:182} INFO - Started process (PID=75165) to work on /home/airflow/.local/lib/python3.6/site-packages/airflow/example_dags/example_dag_decorator.py
[2023-07-21 07:25:43,100] {scheduler_job.py:633} INFO - Processing file /home/airflow/.local/lib/python3.6/site-packages/airflow/example_dags/example_dag_decorator.py for tasks to queue
[2023-07-21 07:25:43,113] {logging_mixin.py:104} INFO - [2023-07-21 07:25:43,113] {dagbag.py:496} INFO - Filling up the DagBag from /home/airflow/.local/lib/python3.6/site-packages/airflow/example_dags/example_dag_decorator.py
[2023-07-21 07:25:43,174] {scheduler_job.py:643} INFO - DAG(s) dict_keys(['example_dag_decorator']) retrieved from /home/airflow/.local/lib/python3.6/site-packages/airflow/example_dags/example_dag_decorator.py
[2023-07-21 07:25:43,951] {logging_mixin.py:104} INFO - [2023-07-21 07:25:43,951] {dag.py:1833} INFO - Sync 1 DAGs
[2023-07-21 07:25:43,971] {logging_mixin.py:104} INFO - [2023-07-21 07:25:43,971] {dag.py:2306} INFO - Setting next_dagrun for example_dag_decorator to None
[2023-07-21 07:25:44,000] {scheduler_job.py:190} INFO - Processing /home/airflow/.local/lib/python3.6/site-packages/airflow/example_dags/example_dag_decorator.py took 0.918 seconds
[2023-07-21 07:26:14,586] {scheduler_job.py:182} INFO - Started process (PID=75217) to work on /home/airflow/.local/lib/python3.6/site-packages/airflow/example_dags/example_dag_decorator.py
[2023-07-21 07:26:14,630] {scheduler_job.py:633} INFO - Processing file /home/airflow/.local/lib/python3.6/site-packages/airflow/example_dags/example_dag_decorator.py for tasks to queue
[2023-07-21 07:26:14,633] {logging_mixin.py:104} INFO - [2023-07-21 07:26:14,633] {dagbag.py:496} INFO - Filling up the DagBag from /home/airflow/.local/lib/python3.6/site-packages/airflow/example_dags/example_dag_decorator.py
[2023-07-21 07:26:14,750] {scheduler_job.py:643} INFO - DAG(s) dict_keys(['example_dag_decorator']) retrieved from /home/airflow/.local/lib/python3.6/site-packages/airflow/example_dags/example_dag_decorator.py
[2023-07-21 07:26:16,445] {logging_mixin.py:104} INFO - [2023-07-21 07:26:16,445] {dag.py:1833} INFO - Sync 1 DAGs
[2023-07-21 07:26:16,496] {logging_mixin.py:104} INFO - [2023-07-21 07:26:16,496] {dag.py:2306} INFO - Setting next_dagrun for example_dag_decorator to None
[2023-07-21 07:26:16,538] {scheduler_job.py:190} INFO - Processing /home/airflow/.local/lib/python3.6/site-packages/airflow/example_dags/example_dag_decorator.py took 1.978 seconds
[2023-07-21 07:26:46,868] {scheduler_job.py:182} INFO - Started process (PID=75268) to work on /home/airflow/.local/lib/python3.6/site-packages/airflow/example_dags/example_dag_decorator.py
[2023-07-21 07:26:46,873] {scheduler_job.py:633} INFO - Processing file /home/airflow/.local/lib/python3.6/site-packages/airflow/example_dags/example_dag_decorator.py for tasks to queue
[2023-07-21 07:26:46,879] {logging_mixin.py:104} INFO - [2023-07-21 07:26:46,879] {dagbag.py:496} INFO - Filling up the DagBag from /home/airflow/.local/lib/python3.6/site-packages/airflow/example_dags/example_dag_decorator.py
[2023-07-21 07:26:46,931] {scheduler_job.py:643} INFO - DAG(s) dict_keys(['example_dag_decorator']) retrieved from /home/airflow/.local/lib/python3.6/site-packages/airflow/example_dags/example_dag_decorator.py
[2023-07-21 07:26:47,322] {logging_mixin.py:104} INFO - [2023-07-21 07:26:47,322] {dag.py:1833} INFO - Sync 1 DAGs
[2023-07-21 07:26:47,337] {logging_mixin.py:104} INFO - [2023-07-21 07:26:47,336] {dag.py:2306} INFO - Setting next_dagrun for example_dag_decorator to None
[2023-07-21 07:26:47,418] {scheduler_job.py:190} INFO - Processing /home/airflow/.local/lib/python3.6/site-packages/airflow/example_dags/example_dag_decorator.py took 0.568 seconds
[2023-07-21 07:27:17,524] {scheduler_job.py:182} INFO - Started process (PID=75319) to work on /home/airflow/.local/lib/python3.6/site-packages/airflow/example_dags/example_dag_decorator.py
[2023-07-21 07:27:17,533] {scheduler_job.py:633} INFO - Processing file /home/airflow/.local/lib/python3.6/site-packages/airflow/example_dags/example_dag_decorator.py for tasks to queue
[2023-07-21 07:27:17,544] {logging_mixin.py:104} INFO - [2023-07-21 07:27:17,544] {dagbag.py:496} INFO - Filling up the DagBag from /home/airflow/.local/lib/python3.6/site-packages/airflow/example_dags/example_dag_decorator.py
[2023-07-21 07:27:17,643] {scheduler_job.py:643} INFO - DAG(s) dict_keys(['example_dag_decorator']) retrieved from /home/airflow/.local/lib/python3.6/site-packages/airflow/example_dags/example_dag_decorator.py
[2023-07-21 07:27:18,097] {logging_mixin.py:104} INFO - [2023-07-21 07:27:18,097] {dag.py:1833} INFO - Sync 1 DAGs
[2023-07-21 07:27:18,111] {logging_mixin.py:104} INFO - [2023-07-21 07:27:18,111] {dag.py:2306} INFO - Setting next_dagrun for example_dag_decorator to None
[2023-07-21 07:27:18,145] {scheduler_job.py:190} INFO - Processing /home/airflow/.local/lib/python3.6/site-packages/airflow/example_dags/example_dag_decorator.py took 0.626 seconds
[2023-07-21 07:27:48,336] {scheduler_job.py:182} INFO - Started process (PID=75380) to work on /home/airflow/.local/lib/python3.6/site-packages/airflow/example_dags/example_dag_decorator.py
[2023-07-21 07:27:48,346] {scheduler_job.py:633} INFO - Processing file /home/airflow/.local/lib/python3.6/site-packages/airflow/example_dags/example_dag_decorator.py for tasks to queue
[2023-07-21 07:27:48,348] {logging_mixin.py:104} INFO - [2023-07-21 07:27:48,347] {dagbag.py:496} INFO - Filling up the DagBag from /home/airflow/.local/lib/python3.6/site-packages/airflow/example_dags/example_dag_decorator.py
[2023-07-21 07:27:48,406] {scheduler_job.py:643} INFO - DAG(s) dict_keys(['example_dag_decorator']) retrieved from /home/airflow/.local/lib/python3.6/site-packages/airflow/example_dags/example_dag_decorator.py
[2023-07-21 07:27:48,781] {logging_mixin.py:104} INFO - [2023-07-21 07:27:48,780] {dag.py:1833} INFO - Sync 1 DAGs
[2023-07-21 07:27:48,795] {logging_mixin.py:104} INFO - [2023-07-21 07:27:48,795] {dag.py:2306} INFO - Setting next_dagrun for example_dag_decorator to None
[2023-07-21 07:27:48,812] {scheduler_job.py:190} INFO - Processing /home/airflow/.local/lib/python3.6/site-packages/airflow/example_dags/example_dag_decorator.py took 0.485 seconds
