[2023-07-21 07:13:40,470] {scheduler_job.py:182} INFO - Started process (PID=73916) to work on /home/airflow/.local/lib/python3.6/site-packages/airflow/example_dags/example_subdag_operator.py
[2023-07-21 07:13:40,474] {scheduler_job.py:633} INFO - Processing file /home/airflow/.local/lib/python3.6/site-packages/airflow/example_dags/example_subdag_operator.py for tasks to queue
[2023-07-21 07:13:40,477] {logging_mixin.py:104} INFO - [2023-07-21 07:13:40,477] {dagbag.py:496} INFO - Filling up the DagBag from /home/airflow/.local/lib/python3.6/site-packages/airflow/example_dags/example_subdag_operator.py
[2023-07-21 07:13:40,607] {scheduler_job.py:643} INFO - DAG(s) dict_keys(['example_subdag_operator.section-1', 'example_subdag_operator.section-2', 'example_subdag_operator']) retrieved from /home/airflow/.local/lib/python3.6/site-packages/airflow/example_dags/example_subdag_operator.py
[2023-07-21 07:13:41,375] {logging_mixin.py:104} INFO - [2023-07-21 07:13:41,375] {dag.py:1833} INFO - Sync 3 DAGs
[2023-07-21 07:13:41,443] {logging_mixin.py:104} INFO - [2023-07-21 07:13:41,443] {dag.py:2306} INFO - Setting next_dagrun for example_subdag_operator to 2023-07-19 00:00:00+00:00
[2023-07-21 07:13:41,446] {logging_mixin.py:104} INFO - [2023-07-21 07:13:41,446] {dag.py:2306} INFO - Setting next_dagrun for example_subdag_operator.section-1 to None
[2023-07-21 07:13:41,447] {logging_mixin.py:104} INFO - [2023-07-21 07:13:41,447] {dag.py:2306} INFO - Setting next_dagrun for example_subdag_operator.section-2 to None
[2023-07-21 07:13:41,477] {logging_mixin.py:104} INFO - [2023-07-21 07:13:41,477] {dag.py:1833} INFO - Sync 2 DAGs
[2023-07-21 07:13:41,497] {logging_mixin.py:104} INFO - [2023-07-21 07:13:41,497] {dag.py:2306} INFO - Setting next_dagrun for example_subdag_operator.section-1 to None
[2023-07-21 07:13:41,498] {logging_mixin.py:104} INFO - [2023-07-21 07:13:41,498] {dag.py:2306} INFO - Setting next_dagrun for example_subdag_operator.section-2 to None
[2023-07-21 07:13:41,522] {scheduler_job.py:190} INFO - Processing /home/airflow/.local/lib/python3.6/site-packages/airflow/example_dags/example_subdag_operator.py took 1.064 seconds
[2023-07-21 07:14:11,847] {scheduler_job.py:182} INFO - Started process (PID=73966) to work on /home/airflow/.local/lib/python3.6/site-packages/airflow/example_dags/example_subdag_operator.py
[2023-07-21 07:14:11,858] {scheduler_job.py:633} INFO - Processing file /home/airflow/.local/lib/python3.6/site-packages/airflow/example_dags/example_subdag_operator.py for tasks to queue
[2023-07-21 07:14:11,861] {logging_mixin.py:104} INFO - [2023-07-21 07:14:11,861] {dagbag.py:496} INFO - Filling up the DagBag from /home/airflow/.local/lib/python3.6/site-packages/airflow/example_dags/example_subdag_operator.py
[2023-07-21 07:14:11,941] {scheduler_job.py:643} INFO - DAG(s) dict_keys(['example_subdag_operator.section-1', 'example_subdag_operator.section-2', 'example_subdag_operator']) retrieved from /home/airflow/.local/lib/python3.6/site-packages/airflow/example_dags/example_subdag_operator.py
[2023-07-21 07:14:11,971] {logging_mixin.py:104} INFO - [2023-07-21 07:14:11,971] {dag.py:1833} INFO - Sync 3 DAGs
[2023-07-21 07:14:12,007] {logging_mixin.py:104} INFO - [2023-07-21 07:14:12,006] {dag.py:2306} INFO - Setting next_dagrun for example_subdag_operator to 2023-07-19 00:00:00+00:00
[2023-07-21 07:14:12,009] {logging_mixin.py:104} INFO - [2023-07-21 07:14:12,009] {dag.py:2306} INFO - Setting next_dagrun for example_subdag_operator.section-1 to None
[2023-07-21 07:14:12,011] {logging_mixin.py:104} INFO - [2023-07-21 07:14:12,010] {dag.py:2306} INFO - Setting next_dagrun for example_subdag_operator.section-2 to None
[2023-07-21 07:14:12,033] {logging_mixin.py:104} INFO - [2023-07-21 07:14:12,033] {dag.py:1833} INFO - Sync 2 DAGs
[2023-07-21 07:14:12,048] {logging_mixin.py:104} INFO - [2023-07-21 07:14:12,048] {dag.py:2306} INFO - Setting next_dagrun for example_subdag_operator.section-1 to None
[2023-07-21 07:14:12,049] {logging_mixin.py:104} INFO - [2023-07-21 07:14:12,049] {dag.py:2306} INFO - Setting next_dagrun for example_subdag_operator.section-2 to None
[2023-07-21 07:14:12,067] {scheduler_job.py:190} INFO - Processing /home/airflow/.local/lib/python3.6/site-packages/airflow/example_dags/example_subdag_operator.py took 0.241 seconds
[2023-07-21 07:14:42,300] {scheduler_job.py:182} INFO - Started process (PID=74015) to work on /home/airflow/.local/lib/python3.6/site-packages/airflow/example_dags/example_subdag_operator.py
[2023-07-21 07:14:42,305] {scheduler_job.py:633} INFO - Processing file /home/airflow/.local/lib/python3.6/site-packages/airflow/example_dags/example_subdag_operator.py for tasks to queue
[2023-07-21 07:14:42,308] {logging_mixin.py:104} INFO - [2023-07-21 07:14:42,308] {dagbag.py:496} INFO - Filling up the DagBag from /home/airflow/.local/lib/python3.6/site-packages/airflow/example_dags/example_subdag_operator.py
[2023-07-21 07:14:42,452] {scheduler_job.py:643} INFO - DAG(s) dict_keys(['example_subdag_operator.section-1', 'example_subdag_operator.section-2', 'example_subdag_operator']) retrieved from /home/airflow/.local/lib/python3.6/site-packages/airflow/example_dags/example_subdag_operator.py
[2023-07-21 07:14:42,485] {logging_mixin.py:104} INFO - [2023-07-21 07:14:42,484] {dag.py:1833} INFO - Sync 3 DAGs
[2023-07-21 07:14:42,510] {logging_mixin.py:104} INFO - [2023-07-21 07:14:42,510] {dag.py:2306} INFO - Setting next_dagrun for example_subdag_operator to 2023-07-19 00:00:00+00:00
[2023-07-21 07:14:42,515] {logging_mixin.py:104} INFO - [2023-07-21 07:14:42,515] {dag.py:2306} INFO - Setting next_dagrun for example_subdag_operator.section-1 to None
[2023-07-21 07:14:42,516] {logging_mixin.py:104} INFO - [2023-07-21 07:14:42,516] {dag.py:2306} INFO - Setting next_dagrun for example_subdag_operator.section-2 to None
[2023-07-21 07:14:42,546] {logging_mixin.py:104} INFO - [2023-07-21 07:14:42,546] {dag.py:1833} INFO - Sync 2 DAGs
[2023-07-21 07:14:42,567] {logging_mixin.py:104} INFO - [2023-07-21 07:14:42,567] {dag.py:2306} INFO - Setting next_dagrun for example_subdag_operator.section-1 to None
[2023-07-21 07:14:42,569] {logging_mixin.py:104} INFO - [2023-07-21 07:14:42,568] {dag.py:2306} INFO - Setting next_dagrun for example_subdag_operator.section-2 to None
[2023-07-21 07:14:42,596] {scheduler_job.py:190} INFO - Processing /home/airflow/.local/lib/python3.6/site-packages/airflow/example_dags/example_subdag_operator.py took 0.310 seconds
[2023-07-21 07:15:13,019] {scheduler_job.py:182} INFO - Started process (PID=74066) to work on /home/airflow/.local/lib/python3.6/site-packages/airflow/example_dags/example_subdag_operator.py
[2023-07-21 07:15:13,025] {scheduler_job.py:633} INFO - Processing file /home/airflow/.local/lib/python3.6/site-packages/airflow/example_dags/example_subdag_operator.py for tasks to queue
[2023-07-21 07:15:13,029] {logging_mixin.py:104} INFO - [2023-07-21 07:15:13,028] {dagbag.py:496} INFO - Filling up the DagBag from /home/airflow/.local/lib/python3.6/site-packages/airflow/example_dags/example_subdag_operator.py
[2023-07-21 07:15:13,120] {scheduler_job.py:643} INFO - DAG(s) dict_keys(['example_subdag_operator.section-1', 'example_subdag_operator.section-2', 'example_subdag_operator']) retrieved from /home/airflow/.local/lib/python3.6/site-packages/airflow/example_dags/example_subdag_operator.py
[2023-07-21 07:15:13,149] {logging_mixin.py:104} INFO - [2023-07-21 07:15:13,149] {dag.py:1833} INFO - Sync 3 DAGs
[2023-07-21 07:15:13,168] {logging_mixin.py:104} INFO - [2023-07-21 07:15:13,168] {dag.py:2306} INFO - Setting next_dagrun for example_subdag_operator to 2023-07-19 00:00:00+00:00
[2023-07-21 07:15:13,171] {logging_mixin.py:104} INFO - [2023-07-21 07:15:13,171] {dag.py:2306} INFO - Setting next_dagrun for example_subdag_operator.section-1 to None
[2023-07-21 07:15:13,172] {logging_mixin.py:104} INFO - [2023-07-21 07:15:13,172] {dag.py:2306} INFO - Setting next_dagrun for example_subdag_operator.section-2 to None
[2023-07-21 07:15:13,186] {logging_mixin.py:104} INFO - [2023-07-21 07:15:13,186] {dag.py:1833} INFO - Sync 2 DAGs
[2023-07-21 07:15:13,205] {logging_mixin.py:104} INFO - [2023-07-21 07:15:13,205] {dag.py:2306} INFO - Setting next_dagrun for example_subdag_operator.section-1 to None
[2023-07-21 07:15:13,206] {logging_mixin.py:104} INFO - [2023-07-21 07:15:13,206] {dag.py:2306} INFO - Setting next_dagrun for example_subdag_operator.section-2 to None
[2023-07-21 07:15:13,217] {scheduler_job.py:190} INFO - Processing /home/airflow/.local/lib/python3.6/site-packages/airflow/example_dags/example_subdag_operator.py took 0.208 seconds
[2023-07-21 07:15:43,535] {scheduler_job.py:182} INFO - Started process (PID=74118) to work on /home/airflow/.local/lib/python3.6/site-packages/airflow/example_dags/example_subdag_operator.py
[2023-07-21 07:15:43,539] {scheduler_job.py:633} INFO - Processing file /home/airflow/.local/lib/python3.6/site-packages/airflow/example_dags/example_subdag_operator.py for tasks to queue
[2023-07-21 07:15:43,549] {logging_mixin.py:104} INFO - [2023-07-21 07:15:43,548] {dagbag.py:496} INFO - Filling up the DagBag from /home/airflow/.local/lib/python3.6/site-packages/airflow/example_dags/example_subdag_operator.py
[2023-07-21 07:15:43,614] {scheduler_job.py:643} INFO - DAG(s) dict_keys(['example_subdag_operator.section-1', 'example_subdag_operator.section-2', 'example_subdag_operator']) retrieved from /home/airflow/.local/lib/python3.6/site-packages/airflow/example_dags/example_subdag_operator.py
[2023-07-21 07:15:43,636] {logging_mixin.py:104} INFO - [2023-07-21 07:15:43,636] {dag.py:1833} INFO - Sync 3 DAGs
[2023-07-21 07:15:43,655] {logging_mixin.py:104} INFO - [2023-07-21 07:15:43,654] {dag.py:2306} INFO - Setting next_dagrun for example_subdag_operator to 2023-07-19 00:00:00+00:00
[2023-07-21 07:15:43,657] {logging_mixin.py:104} INFO - [2023-07-21 07:15:43,657] {dag.py:2306} INFO - Setting next_dagrun for example_subdag_operator.section-1 to None
[2023-07-21 07:15:43,658] {logging_mixin.py:104} INFO - [2023-07-21 07:15:43,658] {dag.py:2306} INFO - Setting next_dagrun for example_subdag_operator.section-2 to None
[2023-07-21 07:15:43,671] {logging_mixin.py:104} INFO - [2023-07-21 07:15:43,670] {dag.py:1833} INFO - Sync 2 DAGs
[2023-07-21 07:15:43,683] {logging_mixin.py:104} INFO - [2023-07-21 07:15:43,683] {dag.py:2306} INFO - Setting next_dagrun for example_subdag_operator.section-1 to None
[2023-07-21 07:15:43,685] {logging_mixin.py:104} INFO - [2023-07-21 07:15:43,684] {dag.py:2306} INFO - Setting next_dagrun for example_subdag_operator.section-2 to None
[2023-07-21 07:15:43,696] {scheduler_job.py:190} INFO - Processing /home/airflow/.local/lib/python3.6/site-packages/airflow/example_dags/example_subdag_operator.py took 0.171 seconds
[2023-07-21 07:16:14,032] {scheduler_job.py:182} INFO - Started process (PID=74178) to work on /home/airflow/.local/lib/python3.6/site-packages/airflow/example_dags/example_subdag_operator.py
[2023-07-21 07:16:14,035] {scheduler_job.py:633} INFO - Processing file /home/airflow/.local/lib/python3.6/site-packages/airflow/example_dags/example_subdag_operator.py for tasks to queue
[2023-07-21 07:16:14,041] {logging_mixin.py:104} INFO - [2023-07-21 07:16:14,040] {dagbag.py:496} INFO - Filling up the DagBag from /home/airflow/.local/lib/python3.6/site-packages/airflow/example_dags/example_subdag_operator.py
[2023-07-21 07:16:14,104] {scheduler_job.py:643} INFO - DAG(s) dict_keys(['example_subdag_operator.section-1', 'example_subdag_operator.section-2', 'example_subdag_operator']) retrieved from /home/airflow/.local/lib/python3.6/site-packages/airflow/example_dags/example_subdag_operator.py
[2023-07-21 07:16:14,138] {logging_mixin.py:104} INFO - [2023-07-21 07:16:14,138] {dag.py:1833} INFO - Sync 3 DAGs
[2023-07-21 07:16:14,159] {logging_mixin.py:104} INFO - [2023-07-21 07:16:14,159] {dag.py:2306} INFO - Setting next_dagrun for example_subdag_operator to 2023-07-19 00:00:00+00:00
[2023-07-21 07:16:14,163] {logging_mixin.py:104} INFO - [2023-07-21 07:16:14,163] {dag.py:2306} INFO - Setting next_dagrun for example_subdag_operator.section-1 to None
[2023-07-21 07:16:14,170] {logging_mixin.py:104} INFO - [2023-07-21 07:16:14,169] {dag.py:2306} INFO - Setting next_dagrun for example_subdag_operator.section-2 to None
[2023-07-21 07:16:14,184] {logging_mixin.py:104} INFO - [2023-07-21 07:16:14,184] {dag.py:1833} INFO - Sync 2 DAGs
[2023-07-21 07:16:14,195] {logging_mixin.py:104} INFO - [2023-07-21 07:16:14,195] {dag.py:2306} INFO - Setting next_dagrun for example_subdag_operator.section-1 to None
[2023-07-21 07:16:14,197] {logging_mixin.py:104} INFO - [2023-07-21 07:16:14,197] {dag.py:2306} INFO - Setting next_dagrun for example_subdag_operator.section-2 to None
[2023-07-21 07:16:14,210] {scheduler_job.py:190} INFO - Processing /home/airflow/.local/lib/python3.6/site-packages/airflow/example_dags/example_subdag_operator.py took 0.183 seconds
[2023-07-21 07:16:44,615] {scheduler_job.py:182} INFO - Started process (PID=74230) to work on /home/airflow/.local/lib/python3.6/site-packages/airflow/example_dags/example_subdag_operator.py
[2023-07-21 07:16:44,618] {scheduler_job.py:633} INFO - Processing file /home/airflow/.local/lib/python3.6/site-packages/airflow/example_dags/example_subdag_operator.py for tasks to queue
[2023-07-21 07:16:44,620] {logging_mixin.py:104} INFO - [2023-07-21 07:16:44,620] {dagbag.py:496} INFO - Filling up the DagBag from /home/airflow/.local/lib/python3.6/site-packages/airflow/example_dags/example_subdag_operator.py
[2023-07-21 07:16:44,690] {scheduler_job.py:643} INFO - DAG(s) dict_keys(['example_subdag_operator.section-1', 'example_subdag_operator.section-2', 'example_subdag_operator']) retrieved from /home/airflow/.local/lib/python3.6/site-packages/airflow/example_dags/example_subdag_operator.py
[2023-07-21 07:16:44,718] {logging_mixin.py:104} INFO - [2023-07-21 07:16:44,717] {dag.py:1833} INFO - Sync 3 DAGs
[2023-07-21 07:16:44,745] {logging_mixin.py:104} INFO - [2023-07-21 07:16:44,745] {dag.py:2306} INFO - Setting next_dagrun for example_subdag_operator to 2023-07-19 00:00:00+00:00
[2023-07-21 07:16:44,749] {logging_mixin.py:104} INFO - [2023-07-21 07:16:44,749] {dag.py:2306} INFO - Setting next_dagrun for example_subdag_operator.section-1 to None
[2023-07-21 07:16:44,750] {logging_mixin.py:104} INFO - [2023-07-21 07:16:44,750] {dag.py:2306} INFO - Setting next_dagrun for example_subdag_operator.section-2 to None
[2023-07-21 07:16:44,775] {logging_mixin.py:104} INFO - [2023-07-21 07:16:44,774] {dag.py:1833} INFO - Sync 2 DAGs
[2023-07-21 07:16:44,817] {logging_mixin.py:104} INFO - [2023-07-21 07:16:44,816] {dag.py:2306} INFO - Setting next_dagrun for example_subdag_operator.section-1 to None
[2023-07-21 07:16:44,818] {logging_mixin.py:104} INFO - [2023-07-21 07:16:44,817] {dag.py:2306} INFO - Setting next_dagrun for example_subdag_operator.section-2 to None
[2023-07-21 07:16:44,834] {scheduler_job.py:190} INFO - Processing /home/airflow/.local/lib/python3.6/site-packages/airflow/example_dags/example_subdag_operator.py took 0.227 seconds
[2023-07-21 07:17:15,030] {scheduler_job.py:182} INFO - Started process (PID=74283) to work on /home/airflow/.local/lib/python3.6/site-packages/airflow/example_dags/example_subdag_operator.py
[2023-07-21 07:17:15,035] {scheduler_job.py:633} INFO - Processing file /home/airflow/.local/lib/python3.6/site-packages/airflow/example_dags/example_subdag_operator.py for tasks to queue
[2023-07-21 07:17:15,038] {logging_mixin.py:104} INFO - [2023-07-21 07:17:15,038] {dagbag.py:496} INFO - Filling up the DagBag from /home/airflow/.local/lib/python3.6/site-packages/airflow/example_dags/example_subdag_operator.py
[2023-07-21 07:17:15,096] {scheduler_job.py:643} INFO - DAG(s) dict_keys(['example_subdag_operator.section-1', 'example_subdag_operator.section-2', 'example_subdag_operator']) retrieved from /home/airflow/.local/lib/python3.6/site-packages/airflow/example_dags/example_subdag_operator.py
[2023-07-21 07:17:15,119] {logging_mixin.py:104} INFO - [2023-07-21 07:17:15,119] {dag.py:1833} INFO - Sync 3 DAGs
[2023-07-21 07:17:15,142] {logging_mixin.py:104} INFO - [2023-07-21 07:17:15,142] {dag.py:2306} INFO - Setting next_dagrun for example_subdag_operator to 2023-07-19 00:00:00+00:00
[2023-07-21 07:17:15,147] {logging_mixin.py:104} INFO - [2023-07-21 07:17:15,147] {dag.py:2306} INFO - Setting next_dagrun for example_subdag_operator.section-1 to None
[2023-07-21 07:17:15,151] {logging_mixin.py:104} INFO - [2023-07-21 07:17:15,151] {dag.py:2306} INFO - Setting next_dagrun for example_subdag_operator.section-2 to None
[2023-07-21 07:17:15,174] {logging_mixin.py:104} INFO - [2023-07-21 07:17:15,173] {dag.py:1833} INFO - Sync 2 DAGs
[2023-07-21 07:17:15,184] {logging_mixin.py:104} INFO - [2023-07-21 07:17:15,184] {dag.py:2306} INFO - Setting next_dagrun for example_subdag_operator.section-1 to None
[2023-07-21 07:17:15,185] {logging_mixin.py:104} INFO - [2023-07-21 07:17:15,185] {dag.py:2306} INFO - Setting next_dagrun for example_subdag_operator.section-2 to None
[2023-07-21 07:17:15,196] {scheduler_job.py:190} INFO - Processing /home/airflow/.local/lib/python3.6/site-packages/airflow/example_dags/example_subdag_operator.py took 0.172 seconds
[2023-07-21 07:17:45,593] {scheduler_job.py:182} INFO - Started process (PID=74332) to work on /home/airflow/.local/lib/python3.6/site-packages/airflow/example_dags/example_subdag_operator.py
[2023-07-21 07:17:45,598] {scheduler_job.py:633} INFO - Processing file /home/airflow/.local/lib/python3.6/site-packages/airflow/example_dags/example_subdag_operator.py for tasks to queue
[2023-07-21 07:17:45,602] {logging_mixin.py:104} INFO - [2023-07-21 07:17:45,601] {dagbag.py:496} INFO - Filling up the DagBag from /home/airflow/.local/lib/python3.6/site-packages/airflow/example_dags/example_subdag_operator.py
[2023-07-21 07:17:45,710] {scheduler_job.py:643} INFO - DAG(s) dict_keys(['example_subdag_operator.section-1', 'example_subdag_operator.section-2', 'example_subdag_operator']) retrieved from /home/airflow/.local/lib/python3.6/site-packages/airflow/example_dags/example_subdag_operator.py
[2023-07-21 07:17:45,769] {logging_mixin.py:104} INFO - [2023-07-21 07:17:45,769] {dag.py:1833} INFO - Sync 3 DAGs
[2023-07-21 07:17:45,812] {logging_mixin.py:104} INFO - [2023-07-21 07:17:45,811] {dag.py:2306} INFO - Setting next_dagrun for example_subdag_operator to 2023-07-19 00:00:00+00:00
[2023-07-21 07:17:45,815] {logging_mixin.py:104} INFO - [2023-07-21 07:17:45,815] {dag.py:2306} INFO - Setting next_dagrun for example_subdag_operator.section-1 to None
[2023-07-21 07:17:45,816] {logging_mixin.py:104} INFO - [2023-07-21 07:17:45,815] {dag.py:2306} INFO - Setting next_dagrun for example_subdag_operator.section-2 to None
[2023-07-21 07:17:45,853] {logging_mixin.py:104} INFO - [2023-07-21 07:17:45,853] {dag.py:1833} INFO - Sync 2 DAGs
[2023-07-21 07:17:45,874] {logging_mixin.py:104} INFO - [2023-07-21 07:17:45,874] {dag.py:2306} INFO - Setting next_dagrun for example_subdag_operator.section-1 to None
[2023-07-21 07:17:45,876] {logging_mixin.py:104} INFO - [2023-07-21 07:17:45,875] {dag.py:2306} INFO - Setting next_dagrun for example_subdag_operator.section-2 to None
[2023-07-21 07:17:45,892] {scheduler_job.py:190} INFO - Processing /home/airflow/.local/lib/python3.6/site-packages/airflow/example_dags/example_subdag_operator.py took 0.312 seconds
[2023-07-21 07:18:16,389] {scheduler_job.py:182} INFO - Started process (PID=74391) to work on /home/airflow/.local/lib/python3.6/site-packages/airflow/example_dags/example_subdag_operator.py
[2023-07-21 07:18:16,397] {scheduler_job.py:633} INFO - Processing file /home/airflow/.local/lib/python3.6/site-packages/airflow/example_dags/example_subdag_operator.py for tasks to queue
[2023-07-21 07:18:16,404] {logging_mixin.py:104} INFO - [2023-07-21 07:18:16,404] {dagbag.py:496} INFO - Filling up the DagBag from /home/airflow/.local/lib/python3.6/site-packages/airflow/example_dags/example_subdag_operator.py
[2023-07-21 07:18:16,547] {scheduler_job.py:643} INFO - DAG(s) dict_keys(['example_subdag_operator.section-1', 'example_subdag_operator.section-2', 'example_subdag_operator']) retrieved from /home/airflow/.local/lib/python3.6/site-packages/airflow/example_dags/example_subdag_operator.py
[2023-07-21 07:18:16,592] {logging_mixin.py:104} INFO - [2023-07-21 07:18:16,592] {dag.py:1833} INFO - Sync 3 DAGs
[2023-07-21 07:18:16,640] {logging_mixin.py:104} INFO - [2023-07-21 07:18:16,640] {dag.py:2306} INFO - Setting next_dagrun for example_subdag_operator to 2023-07-19 00:00:00+00:00
[2023-07-21 07:18:16,645] {logging_mixin.py:104} INFO - [2023-07-21 07:18:16,645] {dag.py:2306} INFO - Setting next_dagrun for example_subdag_operator.section-1 to None
[2023-07-21 07:18:16,650] {logging_mixin.py:104} INFO - [2023-07-21 07:18:16,649] {dag.py:2306} INFO - Setting next_dagrun for example_subdag_operator.section-2 to None
[2023-07-21 07:18:16,715] {logging_mixin.py:104} INFO - [2023-07-21 07:18:16,715] {dag.py:1833} INFO - Sync 2 DAGs
[2023-07-21 07:18:16,798] {logging_mixin.py:104} INFO - [2023-07-21 07:18:16,798] {dag.py:2306} INFO - Setting next_dagrun for example_subdag_operator.section-1 to None
[2023-07-21 07:18:16,800] {logging_mixin.py:104} INFO - [2023-07-21 07:18:16,798] {dag.py:2306} INFO - Setting next_dagrun for example_subdag_operator.section-2 to None
[2023-07-21 07:18:16,865] {scheduler_job.py:190} INFO - Processing /home/airflow/.local/lib/python3.6/site-packages/airflow/example_dags/example_subdag_operator.py took 0.494 seconds
[2023-07-21 07:18:47,619] {scheduler_job.py:182} INFO - Started process (PID=74442) to work on /home/airflow/.local/lib/python3.6/site-packages/airflow/example_dags/example_subdag_operator.py
[2023-07-21 07:18:47,621] {scheduler_job.py:633} INFO - Processing file /home/airflow/.local/lib/python3.6/site-packages/airflow/example_dags/example_subdag_operator.py for tasks to queue
[2023-07-21 07:18:47,624] {logging_mixin.py:104} INFO - [2023-07-21 07:18:47,624] {dagbag.py:496} INFO - Filling up the DagBag from /home/airflow/.local/lib/python3.6/site-packages/airflow/example_dags/example_subdag_operator.py
[2023-07-21 07:18:47,689] {scheduler_job.py:643} INFO - DAG(s) dict_keys(['example_subdag_operator.section-1', 'example_subdag_operator.section-2', 'example_subdag_operator']) retrieved from /home/airflow/.local/lib/python3.6/site-packages/airflow/example_dags/example_subdag_operator.py
[2023-07-21 07:18:47,715] {logging_mixin.py:104} INFO - [2023-07-21 07:18:47,715] {dag.py:1833} INFO - Sync 3 DAGs
[2023-07-21 07:18:47,739] {logging_mixin.py:104} INFO - [2023-07-21 07:18:47,738] {dag.py:2306} INFO - Setting next_dagrun for example_subdag_operator to 2023-07-19 00:00:00+00:00
[2023-07-21 07:18:47,741] {logging_mixin.py:104} INFO - [2023-07-21 07:18:47,741] {dag.py:2306} INFO - Setting next_dagrun for example_subdag_operator.section-1 to None
[2023-07-21 07:18:47,742] {logging_mixin.py:104} INFO - [2023-07-21 07:18:47,742] {dag.py:2306} INFO - Setting next_dagrun for example_subdag_operator.section-2 to None
[2023-07-21 07:18:47,756] {logging_mixin.py:104} INFO - [2023-07-21 07:18:47,756] {dag.py:1833} INFO - Sync 2 DAGs
[2023-07-21 07:18:47,776] {logging_mixin.py:104} INFO - [2023-07-21 07:18:47,776] {dag.py:2306} INFO - Setting next_dagrun for example_subdag_operator.section-1 to None
[2023-07-21 07:18:47,777] {logging_mixin.py:104} INFO - [2023-07-21 07:18:47,777] {dag.py:2306} INFO - Setting next_dagrun for example_subdag_operator.section-2 to None
[2023-07-21 07:18:47,789] {scheduler_job.py:190} INFO - Processing /home/airflow/.local/lib/python3.6/site-packages/airflow/example_dags/example_subdag_operator.py took 0.175 seconds
[2023-07-21 07:19:18,128] {scheduler_job.py:182} INFO - Started process (PID=74494) to work on /home/airflow/.local/lib/python3.6/site-packages/airflow/example_dags/example_subdag_operator.py
[2023-07-21 07:19:18,131] {scheduler_job.py:633} INFO - Processing file /home/airflow/.local/lib/python3.6/site-packages/airflow/example_dags/example_subdag_operator.py for tasks to queue
[2023-07-21 07:19:18,134] {logging_mixin.py:104} INFO - [2023-07-21 07:19:18,134] {dagbag.py:496} INFO - Filling up the DagBag from /home/airflow/.local/lib/python3.6/site-packages/airflow/example_dags/example_subdag_operator.py
[2023-07-21 07:19:18,191] {scheduler_job.py:643} INFO - DAG(s) dict_keys(['example_subdag_operator.section-1', 'example_subdag_operator.section-2', 'example_subdag_operator']) retrieved from /home/airflow/.local/lib/python3.6/site-packages/airflow/example_dags/example_subdag_operator.py
[2023-07-21 07:19:18,211] {logging_mixin.py:104} INFO - [2023-07-21 07:19:18,211] {dag.py:1833} INFO - Sync 3 DAGs
[2023-07-21 07:19:18,231] {logging_mixin.py:104} INFO - [2023-07-21 07:19:18,231] {dag.py:2306} INFO - Setting next_dagrun for example_subdag_operator to 2023-07-19 00:00:00+00:00
[2023-07-21 07:19:18,235] {logging_mixin.py:104} INFO - [2023-07-21 07:19:18,235] {dag.py:2306} INFO - Setting next_dagrun for example_subdag_operator.section-1 to None
[2023-07-21 07:19:18,236] {logging_mixin.py:104} INFO - [2023-07-21 07:19:18,236] {dag.py:2306} INFO - Setting next_dagrun for example_subdag_operator.section-2 to None
[2023-07-21 07:19:18,249] {logging_mixin.py:104} INFO - [2023-07-21 07:19:18,248] {dag.py:1833} INFO - Sync 2 DAGs
[2023-07-21 07:19:18,258] {logging_mixin.py:104} INFO - [2023-07-21 07:19:18,258] {dag.py:2306} INFO - Setting next_dagrun for example_subdag_operator.section-1 to None
[2023-07-21 07:19:18,259] {logging_mixin.py:104} INFO - [2023-07-21 07:19:18,259] {dag.py:2306} INFO - Setting next_dagrun for example_subdag_operator.section-2 to None
[2023-07-21 07:19:18,270] {scheduler_job.py:190} INFO - Processing /home/airflow/.local/lib/python3.6/site-packages/airflow/example_dags/example_subdag_operator.py took 0.149 seconds
[2023-07-21 07:19:48,665] {scheduler_job.py:182} INFO - Started process (PID=74544) to work on /home/airflow/.local/lib/python3.6/site-packages/airflow/example_dags/example_subdag_operator.py
[2023-07-21 07:19:48,672] {scheduler_job.py:633} INFO - Processing file /home/airflow/.local/lib/python3.6/site-packages/airflow/example_dags/example_subdag_operator.py for tasks to queue
[2023-07-21 07:19:48,677] {logging_mixin.py:104} INFO - [2023-07-21 07:19:48,677] {dagbag.py:496} INFO - Filling up the DagBag from /home/airflow/.local/lib/python3.6/site-packages/airflow/example_dags/example_subdag_operator.py
[2023-07-21 07:19:48,778] {scheduler_job.py:643} INFO - DAG(s) dict_keys(['example_subdag_operator.section-1', 'example_subdag_operator.section-2', 'example_subdag_operator']) retrieved from /home/airflow/.local/lib/python3.6/site-packages/airflow/example_dags/example_subdag_operator.py
[2023-07-21 07:19:48,818] {logging_mixin.py:104} INFO - [2023-07-21 07:19:48,818] {dag.py:1833} INFO - Sync 3 DAGs
[2023-07-21 07:19:48,839] {logging_mixin.py:104} INFO - [2023-07-21 07:19:48,838] {dag.py:2306} INFO - Setting next_dagrun for example_subdag_operator to 2023-07-19 00:00:00+00:00
[2023-07-21 07:19:48,841] {logging_mixin.py:104} INFO - [2023-07-21 07:19:48,841] {dag.py:2306} INFO - Setting next_dagrun for example_subdag_operator.section-1 to None
[2023-07-21 07:19:48,842] {logging_mixin.py:104} INFO - [2023-07-21 07:19:48,842] {dag.py:2306} INFO - Setting next_dagrun for example_subdag_operator.section-2 to None
[2023-07-21 07:19:48,856] {logging_mixin.py:104} INFO - [2023-07-21 07:19:48,855] {dag.py:1833} INFO - Sync 2 DAGs
[2023-07-21 07:19:48,866] {logging_mixin.py:104} INFO - [2023-07-21 07:19:48,866] {dag.py:2306} INFO - Setting next_dagrun for example_subdag_operator.section-1 to None
[2023-07-21 07:19:48,867] {logging_mixin.py:104} INFO - [2023-07-21 07:19:48,866] {dag.py:2306} INFO - Setting next_dagrun for example_subdag_operator.section-2 to None
[2023-07-21 07:19:48,878] {scheduler_job.py:190} INFO - Processing /home/airflow/.local/lib/python3.6/site-packages/airflow/example_dags/example_subdag_operator.py took 0.223 seconds
[2023-07-21 07:20:19,147] {scheduler_job.py:182} INFO - Started process (PID=74605) to work on /home/airflow/.local/lib/python3.6/site-packages/airflow/example_dags/example_subdag_operator.py
[2023-07-21 07:20:19,150] {scheduler_job.py:633} INFO - Processing file /home/airflow/.local/lib/python3.6/site-packages/airflow/example_dags/example_subdag_operator.py for tasks to queue
[2023-07-21 07:20:19,152] {logging_mixin.py:104} INFO - [2023-07-21 07:20:19,151] {dagbag.py:496} INFO - Filling up the DagBag from /home/airflow/.local/lib/python3.6/site-packages/airflow/example_dags/example_subdag_operator.py
[2023-07-21 07:20:19,201] {scheduler_job.py:643} INFO - DAG(s) dict_keys(['example_subdag_operator.section-1', 'example_subdag_operator.section-2', 'example_subdag_operator']) retrieved from /home/airflow/.local/lib/python3.6/site-packages/airflow/example_dags/example_subdag_operator.py
[2023-07-21 07:20:19,219] {logging_mixin.py:104} INFO - [2023-07-21 07:20:19,218] {dag.py:1833} INFO - Sync 3 DAGs
[2023-07-21 07:20:19,238] {logging_mixin.py:104} INFO - [2023-07-21 07:20:19,238] {dag.py:2306} INFO - Setting next_dagrun for example_subdag_operator to 2023-07-19 00:00:00+00:00
[2023-07-21 07:20:19,241] {logging_mixin.py:104} INFO - [2023-07-21 07:20:19,241] {dag.py:2306} INFO - Setting next_dagrun for example_subdag_operator.section-1 to None
[2023-07-21 07:20:19,243] {logging_mixin.py:104} INFO - [2023-07-21 07:20:19,243] {dag.py:2306} INFO - Setting next_dagrun for example_subdag_operator.section-2 to None
[2023-07-21 07:20:19,259] {logging_mixin.py:104} INFO - [2023-07-21 07:20:19,258] {dag.py:1833} INFO - Sync 2 DAGs
[2023-07-21 07:20:19,270] {logging_mixin.py:104} INFO - [2023-07-21 07:20:19,270] {dag.py:2306} INFO - Setting next_dagrun for example_subdag_operator.section-1 to None
[2023-07-21 07:20:19,272] {logging_mixin.py:104} INFO - [2023-07-21 07:20:19,271] {dag.py:2306} INFO - Setting next_dagrun for example_subdag_operator.section-2 to None
[2023-07-21 07:20:19,284] {scheduler_job.py:190} INFO - Processing /home/airflow/.local/lib/python3.6/site-packages/airflow/example_dags/example_subdag_operator.py took 0.143 seconds
[2023-07-21 07:20:50,017] {scheduler_job.py:182} INFO - Started process (PID=74656) to work on /home/airflow/.local/lib/python3.6/site-packages/airflow/example_dags/example_subdag_operator.py
[2023-07-21 07:20:50,021] {scheduler_job.py:633} INFO - Processing file /home/airflow/.local/lib/python3.6/site-packages/airflow/example_dags/example_subdag_operator.py for tasks to queue
[2023-07-21 07:20:50,024] {logging_mixin.py:104} INFO - [2023-07-21 07:20:50,023] {dagbag.py:496} INFO - Filling up the DagBag from /home/airflow/.local/lib/python3.6/site-packages/airflow/example_dags/example_subdag_operator.py
[2023-07-21 07:20:50,065] {scheduler_job.py:643} INFO - DAG(s) dict_keys(['example_subdag_operator.section-1', 'example_subdag_operator.section-2', 'example_subdag_operator']) retrieved from /home/airflow/.local/lib/python3.6/site-packages/airflow/example_dags/example_subdag_operator.py
[2023-07-21 07:20:50,080] {logging_mixin.py:104} INFO - [2023-07-21 07:20:50,080] {dag.py:1833} INFO - Sync 3 DAGs
[2023-07-21 07:20:50,096] {logging_mixin.py:104} INFO - [2023-07-21 07:20:50,095] {dag.py:2306} INFO - Setting next_dagrun for example_subdag_operator to 2023-07-19 00:00:00+00:00
[2023-07-21 07:20:50,097] {logging_mixin.py:104} INFO - [2023-07-21 07:20:50,097] {dag.py:2306} INFO - Setting next_dagrun for example_subdag_operator.section-1 to None
[2023-07-21 07:20:50,098] {logging_mixin.py:104} INFO - [2023-07-21 07:20:50,098] {dag.py:2306} INFO - Setting next_dagrun for example_subdag_operator.section-2 to None
[2023-07-21 07:20:50,110] {logging_mixin.py:104} INFO - [2023-07-21 07:20:50,109] {dag.py:1833} INFO - Sync 2 DAGs
[2023-07-21 07:20:50,119] {logging_mixin.py:104} INFO - [2023-07-21 07:20:50,118] {dag.py:2306} INFO - Setting next_dagrun for example_subdag_operator.section-1 to None
[2023-07-21 07:20:50,119] {logging_mixin.py:104} INFO - [2023-07-21 07:20:50,119] {dag.py:2306} INFO - Setting next_dagrun for example_subdag_operator.section-2 to None
[2023-07-21 07:20:50,130] {scheduler_job.py:190} INFO - Processing /home/airflow/.local/lib/python3.6/site-packages/airflow/example_dags/example_subdag_operator.py took 0.118 seconds
[2023-07-21 07:21:20,633] {scheduler_job.py:182} INFO - Started process (PID=74707) to work on /home/airflow/.local/lib/python3.6/site-packages/airflow/example_dags/example_subdag_operator.py
[2023-07-21 07:21:20,637] {scheduler_job.py:633} INFO - Processing file /home/airflow/.local/lib/python3.6/site-packages/airflow/example_dags/example_subdag_operator.py for tasks to queue
[2023-07-21 07:21:20,642] {logging_mixin.py:104} INFO - [2023-07-21 07:21:20,642] {dagbag.py:496} INFO - Filling up the DagBag from /home/airflow/.local/lib/python3.6/site-packages/airflow/example_dags/example_subdag_operator.py
[2023-07-21 07:21:20,713] {scheduler_job.py:643} INFO - DAG(s) dict_keys(['example_subdag_operator.section-1', 'example_subdag_operator.section-2', 'example_subdag_operator']) retrieved from /home/airflow/.local/lib/python3.6/site-packages/airflow/example_dags/example_subdag_operator.py
[2023-07-21 07:21:20,731] {logging_mixin.py:104} INFO - [2023-07-21 07:21:20,731] {dag.py:1833} INFO - Sync 3 DAGs
[2023-07-21 07:21:20,753] {logging_mixin.py:104} INFO - [2023-07-21 07:21:20,752] {dag.py:2306} INFO - Setting next_dagrun for example_subdag_operator to 2023-07-19 00:00:00+00:00
[2023-07-21 07:21:20,757] {logging_mixin.py:104} INFO - [2023-07-21 07:21:20,756] {dag.py:2306} INFO - Setting next_dagrun for example_subdag_operator.section-1 to None
[2023-07-21 07:21:20,759] {logging_mixin.py:104} INFO - [2023-07-21 07:21:20,759] {dag.py:2306} INFO - Setting next_dagrun for example_subdag_operator.section-2 to None
[2023-07-21 07:21:20,775] {logging_mixin.py:104} INFO - [2023-07-21 07:21:20,775] {dag.py:1833} INFO - Sync 2 DAGs
[2023-07-21 07:21:20,792] {logging_mixin.py:104} INFO - [2023-07-21 07:21:20,792] {dag.py:2306} INFO - Setting next_dagrun for example_subdag_operator.section-1 to None
[2023-07-21 07:21:20,793] {logging_mixin.py:104} INFO - [2023-07-21 07:21:20,792] {dag.py:2306} INFO - Setting next_dagrun for example_subdag_operator.section-2 to None
[2023-07-21 07:21:20,806] {scheduler_job.py:190} INFO - Processing /home/airflow/.local/lib/python3.6/site-packages/airflow/example_dags/example_subdag_operator.py took 0.181 seconds
[2023-07-21 07:21:51,748] {scheduler_job.py:182} INFO - Started process (PID=74757) to work on /home/airflow/.local/lib/python3.6/site-packages/airflow/example_dags/example_subdag_operator.py
[2023-07-21 07:21:51,753] {scheduler_job.py:633} INFO - Processing file /home/airflow/.local/lib/python3.6/site-packages/airflow/example_dags/example_subdag_operator.py for tasks to queue
[2023-07-21 07:21:51,757] {logging_mixin.py:104} INFO - [2023-07-21 07:21:51,756] {dagbag.py:496} INFO - Filling up the DagBag from /home/airflow/.local/lib/python3.6/site-packages/airflow/example_dags/example_subdag_operator.py
[2023-07-21 07:21:51,815] {scheduler_job.py:643} INFO - DAG(s) dict_keys(['example_subdag_operator.section-1', 'example_subdag_operator.section-2', 'example_subdag_operator']) retrieved from /home/airflow/.local/lib/python3.6/site-packages/airflow/example_dags/example_subdag_operator.py
[2023-07-21 07:21:51,837] {logging_mixin.py:104} INFO - [2023-07-21 07:21:51,837] {dag.py:1833} INFO - Sync 3 DAGs
[2023-07-21 07:21:51,866] {logging_mixin.py:104} INFO - [2023-07-21 07:21:51,866] {dag.py:2306} INFO - Setting next_dagrun for example_subdag_operator to 2023-07-19 00:00:00+00:00
[2023-07-21 07:21:51,872] {logging_mixin.py:104} INFO - [2023-07-21 07:21:51,871] {dag.py:2306} INFO - Setting next_dagrun for example_subdag_operator.section-1 to None
[2023-07-21 07:21:51,874] {logging_mixin.py:104} INFO - [2023-07-21 07:21:51,874] {dag.py:2306} INFO - Setting next_dagrun for example_subdag_operator.section-2 to None
[2023-07-21 07:21:51,889] {logging_mixin.py:104} INFO - [2023-07-21 07:21:51,889] {dag.py:1833} INFO - Sync 2 DAGs
[2023-07-21 07:21:51,903] {logging_mixin.py:104} INFO - [2023-07-21 07:21:51,903] {dag.py:2306} INFO - Setting next_dagrun for example_subdag_operator.section-1 to None
[2023-07-21 07:21:51,904] {logging_mixin.py:104} INFO - [2023-07-21 07:21:51,904] {dag.py:2306} INFO - Setting next_dagrun for example_subdag_operator.section-2 to None
[2023-07-21 07:21:51,925] {scheduler_job.py:190} INFO - Processing /home/airflow/.local/lib/python3.6/site-packages/airflow/example_dags/example_subdag_operator.py took 0.185 seconds
[2023-07-21 07:22:22,737] {scheduler_job.py:182} INFO - Started process (PID=74818) to work on /home/airflow/.local/lib/python3.6/site-packages/airflow/example_dags/example_subdag_operator.py
[2023-07-21 07:22:22,742] {scheduler_job.py:633} INFO - Processing file /home/airflow/.local/lib/python3.6/site-packages/airflow/example_dags/example_subdag_operator.py for tasks to queue
[2023-07-21 07:22:22,747] {logging_mixin.py:104} INFO - [2023-07-21 07:22:22,746] {dagbag.py:496} INFO - Filling up the DagBag from /home/airflow/.local/lib/python3.6/site-packages/airflow/example_dags/example_subdag_operator.py
[2023-07-21 07:22:22,825] {scheduler_job.py:643} INFO - DAG(s) dict_keys(['example_subdag_operator.section-1', 'example_subdag_operator.section-2', 'example_subdag_operator']) retrieved from /home/airflow/.local/lib/python3.6/site-packages/airflow/example_dags/example_subdag_operator.py
[2023-07-21 07:22:22,842] {logging_mixin.py:104} INFO - [2023-07-21 07:22:22,842] {dag.py:1833} INFO - Sync 3 DAGs
[2023-07-21 07:22:22,859] {logging_mixin.py:104} INFO - [2023-07-21 07:22:22,859] {dag.py:2306} INFO - Setting next_dagrun for example_subdag_operator to 2023-07-19 00:00:00+00:00
[2023-07-21 07:22:22,861] {logging_mixin.py:104} INFO - [2023-07-21 07:22:22,861] {dag.py:2306} INFO - Setting next_dagrun for example_subdag_operator.section-1 to None
[2023-07-21 07:22:22,862] {logging_mixin.py:104} INFO - [2023-07-21 07:22:22,861] {dag.py:2306} INFO - Setting next_dagrun for example_subdag_operator.section-2 to None
[2023-07-21 07:22:22,886] {logging_mixin.py:104} INFO - [2023-07-21 07:22:22,885] {dag.py:1833} INFO - Sync 2 DAGs
[2023-07-21 07:22:22,908] {logging_mixin.py:104} INFO - [2023-07-21 07:22:22,907] {dag.py:2306} INFO - Setting next_dagrun for example_subdag_operator.section-1 to None
[2023-07-21 07:22:22,910] {logging_mixin.py:104} INFO - [2023-07-21 07:22:22,909] {dag.py:2306} INFO - Setting next_dagrun for example_subdag_operator.section-2 to None
[2023-07-21 07:22:22,945] {scheduler_job.py:190} INFO - Processing /home/airflow/.local/lib/python3.6/site-packages/airflow/example_dags/example_subdag_operator.py took 0.216 seconds
[2023-07-21 07:22:53,185] {scheduler_job.py:182} INFO - Started process (PID=74867) to work on /home/airflow/.local/lib/python3.6/site-packages/airflow/example_dags/example_subdag_operator.py
[2023-07-21 07:22:53,192] {scheduler_job.py:633} INFO - Processing file /home/airflow/.local/lib/python3.6/site-packages/airflow/example_dags/example_subdag_operator.py for tasks to queue
[2023-07-21 07:22:53,194] {logging_mixin.py:104} INFO - [2023-07-21 07:22:53,194] {dagbag.py:496} INFO - Filling up the DagBag from /home/airflow/.local/lib/python3.6/site-packages/airflow/example_dags/example_subdag_operator.py
[2023-07-21 07:22:53,273] {scheduler_job.py:643} INFO - DAG(s) dict_keys(['example_subdag_operator.section-1', 'example_subdag_operator.section-2', 'example_subdag_operator']) retrieved from /home/airflow/.local/lib/python3.6/site-packages/airflow/example_dags/example_subdag_operator.py
[2023-07-21 07:22:53,297] {logging_mixin.py:104} INFO - [2023-07-21 07:22:53,297] {dag.py:1833} INFO - Sync 3 DAGs
[2023-07-21 07:22:53,364] {logging_mixin.py:104} INFO - [2023-07-21 07:22:53,364] {dag.py:2306} INFO - Setting next_dagrun for example_subdag_operator to 2023-07-19 00:00:00+00:00
[2023-07-21 07:22:53,367] {logging_mixin.py:104} INFO - [2023-07-21 07:22:53,367] {dag.py:2306} INFO - Setting next_dagrun for example_subdag_operator.section-1 to None
[2023-07-21 07:22:53,369] {logging_mixin.py:104} INFO - [2023-07-21 07:22:53,368] {dag.py:2306} INFO - Setting next_dagrun for example_subdag_operator.section-2 to None
[2023-07-21 07:22:53,392] {logging_mixin.py:104} INFO - [2023-07-21 07:22:53,392] {dag.py:1833} INFO - Sync 2 DAGs
[2023-07-21 07:22:53,423] {logging_mixin.py:104} INFO - [2023-07-21 07:22:53,423] {dag.py:2306} INFO - Setting next_dagrun for example_subdag_operator.section-1 to None
[2023-07-21 07:22:53,426] {logging_mixin.py:104} INFO - [2023-07-21 07:22:53,423] {dag.py:2306} INFO - Setting next_dagrun for example_subdag_operator.section-2 to None
[2023-07-21 07:22:53,449] {scheduler_job.py:190} INFO - Processing /home/airflow/.local/lib/python3.6/site-packages/airflow/example_dags/example_subdag_operator.py took 0.299 seconds
[2023-07-21 07:23:23,642] {scheduler_job.py:182} INFO - Started process (PID=74918) to work on /home/airflow/.local/lib/python3.6/site-packages/airflow/example_dags/example_subdag_operator.py
[2023-07-21 07:23:23,646] {scheduler_job.py:633} INFO - Processing file /home/airflow/.local/lib/python3.6/site-packages/airflow/example_dags/example_subdag_operator.py for tasks to queue
[2023-07-21 07:23:23,648] {logging_mixin.py:104} INFO - [2023-07-21 07:23:23,648] {dagbag.py:496} INFO - Filling up the DagBag from /home/airflow/.local/lib/python3.6/site-packages/airflow/example_dags/example_subdag_operator.py
[2023-07-21 07:23:23,704] {scheduler_job.py:643} INFO - DAG(s) dict_keys(['example_subdag_operator.section-1', 'example_subdag_operator.section-2', 'example_subdag_operator']) retrieved from /home/airflow/.local/lib/python3.6/site-packages/airflow/example_dags/example_subdag_operator.py
[2023-07-21 07:23:23,732] {logging_mixin.py:104} INFO - [2023-07-21 07:23:23,732] {dag.py:1833} INFO - Sync 3 DAGs
[2023-07-21 07:23:23,754] {logging_mixin.py:104} INFO - [2023-07-21 07:23:23,754] {dag.py:2306} INFO - Setting next_dagrun for example_subdag_operator to 2023-07-19 00:00:00+00:00
[2023-07-21 07:23:23,758] {logging_mixin.py:104} INFO - [2023-07-21 07:23:23,758] {dag.py:2306} INFO - Setting next_dagrun for example_subdag_operator.section-1 to None
[2023-07-21 07:23:23,762] {logging_mixin.py:104} INFO - [2023-07-21 07:23:23,761] {dag.py:2306} INFO - Setting next_dagrun for example_subdag_operator.section-2 to None
[2023-07-21 07:23:23,777] {logging_mixin.py:104} INFO - [2023-07-21 07:23:23,777] {dag.py:1833} INFO - Sync 2 DAGs
[2023-07-21 07:23:23,791] {logging_mixin.py:104} INFO - [2023-07-21 07:23:23,791] {dag.py:2306} INFO - Setting next_dagrun for example_subdag_operator.section-1 to None
[2023-07-21 07:23:23,793] {logging_mixin.py:104} INFO - [2023-07-21 07:23:23,793] {dag.py:2306} INFO - Setting next_dagrun for example_subdag_operator.section-2 to None
[2023-07-21 07:23:23,807] {scheduler_job.py:190} INFO - Processing /home/airflow/.local/lib/python3.6/site-packages/airflow/example_dags/example_subdag_operator.py took 0.171 seconds
[2023-07-21 07:23:54,211] {scheduler_job.py:182} INFO - Started process (PID=74980) to work on /home/airflow/.local/lib/python3.6/site-packages/airflow/example_dags/example_subdag_operator.py
[2023-07-21 07:23:54,224] {scheduler_job.py:633} INFO - Processing file /home/airflow/.local/lib/python3.6/site-packages/airflow/example_dags/example_subdag_operator.py for tasks to queue
[2023-07-21 07:23:54,227] {logging_mixin.py:104} INFO - [2023-07-21 07:23:54,226] {dagbag.py:496} INFO - Filling up the DagBag from /home/airflow/.local/lib/python3.6/site-packages/airflow/example_dags/example_subdag_operator.py
[2023-07-21 07:23:54,313] {scheduler_job.py:643} INFO - DAG(s) dict_keys(['example_subdag_operator.section-1', 'example_subdag_operator.section-2', 'example_subdag_operator']) retrieved from /home/airflow/.local/lib/python3.6/site-packages/airflow/example_dags/example_subdag_operator.py
[2023-07-21 07:23:54,334] {logging_mixin.py:104} INFO - [2023-07-21 07:23:54,334] {dag.py:1833} INFO - Sync 3 DAGs
[2023-07-21 07:23:54,363] {logging_mixin.py:104} INFO - [2023-07-21 07:23:54,363] {dag.py:2306} INFO - Setting next_dagrun for example_subdag_operator to 2023-07-19 00:00:00+00:00
[2023-07-21 07:23:54,366] {logging_mixin.py:104} INFO - [2023-07-21 07:23:54,366] {dag.py:2306} INFO - Setting next_dagrun for example_subdag_operator.section-1 to None
[2023-07-21 07:23:54,370] {logging_mixin.py:104} INFO - [2023-07-21 07:23:54,370] {dag.py:2306} INFO - Setting next_dagrun for example_subdag_operator.section-2 to None
[2023-07-21 07:23:54,389] {logging_mixin.py:104} INFO - [2023-07-21 07:23:54,389] {dag.py:1833} INFO - Sync 2 DAGs
[2023-07-21 07:23:54,404] {logging_mixin.py:104} INFO - [2023-07-21 07:23:54,404] {dag.py:2306} INFO - Setting next_dagrun for example_subdag_operator.section-1 to None
[2023-07-21 07:23:54,405] {logging_mixin.py:104} INFO - [2023-07-21 07:23:54,405] {dag.py:2306} INFO - Setting next_dagrun for example_subdag_operator.section-2 to None
[2023-07-21 07:23:54,425] {scheduler_job.py:190} INFO - Processing /home/airflow/.local/lib/python3.6/site-packages/airflow/example_dags/example_subdag_operator.py took 0.235 seconds
[2023-07-21 07:24:24,627] {scheduler_job.py:182} INFO - Started process (PID=75030) to work on /home/airflow/.local/lib/python3.6/site-packages/airflow/example_dags/example_subdag_operator.py
[2023-07-21 07:24:24,629] {scheduler_job.py:633} INFO - Processing file /home/airflow/.local/lib/python3.6/site-packages/airflow/example_dags/example_subdag_operator.py for tasks to queue
[2023-07-21 07:24:24,631] {logging_mixin.py:104} INFO - [2023-07-21 07:24:24,631] {dagbag.py:496} INFO - Filling up the DagBag from /home/airflow/.local/lib/python3.6/site-packages/airflow/example_dags/example_subdag_operator.py
[2023-07-21 07:24:24,686] {scheduler_job.py:643} INFO - DAG(s) dict_keys(['example_subdag_operator.section-1', 'example_subdag_operator.section-2', 'example_subdag_operator']) retrieved from /home/airflow/.local/lib/python3.6/site-packages/airflow/example_dags/example_subdag_operator.py
[2023-07-21 07:24:24,711] {logging_mixin.py:104} INFO - [2023-07-21 07:24:24,710] {dag.py:1833} INFO - Sync 3 DAGs
[2023-07-21 07:24:24,732] {logging_mixin.py:104} INFO - [2023-07-21 07:24:24,732] {dag.py:2306} INFO - Setting next_dagrun for example_subdag_operator to 2023-07-19 00:00:00+00:00
[2023-07-21 07:24:24,735] {logging_mixin.py:104} INFO - [2023-07-21 07:24:24,735] {dag.py:2306} INFO - Setting next_dagrun for example_subdag_operator.section-1 to None
[2023-07-21 07:24:24,738] {logging_mixin.py:104} INFO - [2023-07-21 07:24:24,737] {dag.py:2306} INFO - Setting next_dagrun for example_subdag_operator.section-2 to None
[2023-07-21 07:24:24,753] {logging_mixin.py:104} INFO - [2023-07-21 07:24:24,753] {dag.py:1833} INFO - Sync 2 DAGs
[2023-07-21 07:24:24,767] {logging_mixin.py:104} INFO - [2023-07-21 07:24:24,767] {dag.py:2306} INFO - Setting next_dagrun for example_subdag_operator.section-1 to None
[2023-07-21 07:24:24,767] {logging_mixin.py:104} INFO - [2023-07-21 07:24:24,767] {dag.py:2306} INFO - Setting next_dagrun for example_subdag_operator.section-2 to None
[2023-07-21 07:24:24,781] {scheduler_job.py:190} INFO - Processing /home/airflow/.local/lib/python3.6/site-packages/airflow/example_dags/example_subdag_operator.py took 0.164 seconds
[2023-07-21 07:24:55,319] {scheduler_job.py:182} INFO - Started process (PID=75080) to work on /home/airflow/.local/lib/python3.6/site-packages/airflow/example_dags/example_subdag_operator.py
[2023-07-21 07:24:55,322] {scheduler_job.py:633} INFO - Processing file /home/airflow/.local/lib/python3.6/site-packages/airflow/example_dags/example_subdag_operator.py for tasks to queue
[2023-07-21 07:24:55,324] {logging_mixin.py:104} INFO - [2023-07-21 07:24:55,324] {dagbag.py:496} INFO - Filling up the DagBag from /home/airflow/.local/lib/python3.6/site-packages/airflow/example_dags/example_subdag_operator.py
[2023-07-21 07:24:55,399] {scheduler_job.py:643} INFO - DAG(s) dict_keys(['example_subdag_operator.section-1', 'example_subdag_operator.section-2', 'example_subdag_operator']) retrieved from /home/airflow/.local/lib/python3.6/site-packages/airflow/example_dags/example_subdag_operator.py
[2023-07-21 07:24:55,434] {logging_mixin.py:104} INFO - [2023-07-21 07:24:55,433] {dag.py:1833} INFO - Sync 3 DAGs
[2023-07-21 07:24:55,464] {logging_mixin.py:104} INFO - [2023-07-21 07:24:55,463] {dag.py:2306} INFO - Setting next_dagrun for example_subdag_operator to 2023-07-19 00:00:00+00:00
[2023-07-21 07:24:55,468] {logging_mixin.py:104} INFO - [2023-07-21 07:24:55,467] {dag.py:2306} INFO - Setting next_dagrun for example_subdag_operator.section-1 to None
[2023-07-21 07:24:55,468] {logging_mixin.py:104} INFO - [2023-07-21 07:24:55,468] {dag.py:2306} INFO - Setting next_dagrun for example_subdag_operator.section-2 to None
[2023-07-21 07:24:55,492] {logging_mixin.py:104} INFO - [2023-07-21 07:24:55,491] {dag.py:1833} INFO - Sync 2 DAGs
[2023-07-21 07:24:55,508] {logging_mixin.py:104} INFO - [2023-07-21 07:24:55,508] {dag.py:2306} INFO - Setting next_dagrun for example_subdag_operator.section-1 to None
[2023-07-21 07:24:55,513] {logging_mixin.py:104} INFO - [2023-07-21 07:24:55,512] {dag.py:2306} INFO - Setting next_dagrun for example_subdag_operator.section-2 to None
[2023-07-21 07:24:55,534] {scheduler_job.py:190} INFO - Processing /home/airflow/.local/lib/python3.6/site-packages/airflow/example_dags/example_subdag_operator.py took 0.224 seconds
[2023-07-21 07:25:25,619] {scheduler_job.py:182} INFO - Started process (PID=75130) to work on /home/airflow/.local/lib/python3.6/site-packages/airflow/example_dags/example_subdag_operator.py
[2023-07-21 07:25:25,622] {scheduler_job.py:633} INFO - Processing file /home/airflow/.local/lib/python3.6/site-packages/airflow/example_dags/example_subdag_operator.py for tasks to queue
[2023-07-21 07:25:25,625] {logging_mixin.py:104} INFO - [2023-07-21 07:25:25,624] {dagbag.py:496} INFO - Filling up the DagBag from /home/airflow/.local/lib/python3.6/site-packages/airflow/example_dags/example_subdag_operator.py
[2023-07-21 07:25:25,685] {scheduler_job.py:643} INFO - DAG(s) dict_keys(['example_subdag_operator.section-1', 'example_subdag_operator.section-2', 'example_subdag_operator']) retrieved from /home/airflow/.local/lib/python3.6/site-packages/airflow/example_dags/example_subdag_operator.py
[2023-07-21 07:25:25,706] {logging_mixin.py:104} INFO - [2023-07-21 07:25:25,706] {dag.py:1833} INFO - Sync 3 DAGs
[2023-07-21 07:25:25,725] {logging_mixin.py:104} INFO - [2023-07-21 07:25:25,725] {dag.py:2306} INFO - Setting next_dagrun for example_subdag_operator to 2023-07-19 00:00:00+00:00
[2023-07-21 07:25:25,727] {logging_mixin.py:104} INFO - [2023-07-21 07:25:25,727] {dag.py:2306} INFO - Setting next_dagrun for example_subdag_operator.section-1 to None
[2023-07-21 07:25:25,728] {logging_mixin.py:104} INFO - [2023-07-21 07:25:25,728] {dag.py:2306} INFO - Setting next_dagrun for example_subdag_operator.section-2 to None
[2023-07-21 07:25:25,742] {logging_mixin.py:104} INFO - [2023-07-21 07:25:25,742] {dag.py:1833} INFO - Sync 2 DAGs
[2023-07-21 07:25:25,753] {logging_mixin.py:104} INFO - [2023-07-21 07:25:25,753] {dag.py:2306} INFO - Setting next_dagrun for example_subdag_operator.section-1 to None
[2023-07-21 07:25:25,754] {logging_mixin.py:104} INFO - [2023-07-21 07:25:25,754] {dag.py:2306} INFO - Setting next_dagrun for example_subdag_operator.section-2 to None
[2023-07-21 07:25:25,767] {scheduler_job.py:190} INFO - Processing /home/airflow/.local/lib/python3.6/site-packages/airflow/example_dags/example_subdag_operator.py took 0.153 seconds
[2023-07-21 07:25:56,408] {scheduler_job.py:182} INFO - Started process (PID=75190) to work on /home/airflow/.local/lib/python3.6/site-packages/airflow/example_dags/example_subdag_operator.py
[2023-07-21 07:25:56,420] {scheduler_job.py:633} INFO - Processing file /home/airflow/.local/lib/python3.6/site-packages/airflow/example_dags/example_subdag_operator.py for tasks to queue
[2023-07-21 07:25:56,426] {logging_mixin.py:104} INFO - [2023-07-21 07:25:56,425] {dagbag.py:496} INFO - Filling up the DagBag from /home/airflow/.local/lib/python3.6/site-packages/airflow/example_dags/example_subdag_operator.py
[2023-07-21 07:25:56,520] {scheduler_job.py:643} INFO - DAG(s) dict_keys(['example_subdag_operator.section-1', 'example_subdag_operator.section-2', 'example_subdag_operator']) retrieved from /home/airflow/.local/lib/python3.6/site-packages/airflow/example_dags/example_subdag_operator.py
[2023-07-21 07:25:56,545] {logging_mixin.py:104} INFO - [2023-07-21 07:25:56,545] {dag.py:1833} INFO - Sync 3 DAGs
[2023-07-21 07:25:56,566] {logging_mixin.py:104} INFO - [2023-07-21 07:25:56,566] {dag.py:2306} INFO - Setting next_dagrun for example_subdag_operator to 2023-07-19 00:00:00+00:00
[2023-07-21 07:25:56,569] {logging_mixin.py:104} INFO - [2023-07-21 07:25:56,569] {dag.py:2306} INFO - Setting next_dagrun for example_subdag_operator.section-1 to None
[2023-07-21 07:25:56,572] {logging_mixin.py:104} INFO - [2023-07-21 07:25:56,572] {dag.py:2306} INFO - Setting next_dagrun for example_subdag_operator.section-2 to None
[2023-07-21 07:25:57,158] {logging_mixin.py:104} INFO - [2023-07-21 07:25:57,158] {dag.py:1833} INFO - Sync 2 DAGs
[2023-07-21 07:25:57,195] {logging_mixin.py:104} INFO - [2023-07-21 07:25:57,194] {dag.py:2306} INFO - Setting next_dagrun for example_subdag_operator.section-1 to None
[2023-07-21 07:25:57,196] {logging_mixin.py:104} INFO - [2023-07-21 07:25:57,196] {dag.py:2306} INFO - Setting next_dagrun for example_subdag_operator.section-2 to None
[2023-07-21 07:25:57,220] {scheduler_job.py:190} INFO - Processing /home/airflow/.local/lib/python3.6/site-packages/airflow/example_dags/example_subdag_operator.py took 0.823 seconds
[2023-07-21 07:26:27,808] {scheduler_job.py:182} INFO - Started process (PID=75242) to work on /home/airflow/.local/lib/python3.6/site-packages/airflow/example_dags/example_subdag_operator.py
[2023-07-21 07:26:27,830] {scheduler_job.py:633} INFO - Processing file /home/airflow/.local/lib/python3.6/site-packages/airflow/example_dags/example_subdag_operator.py for tasks to queue
[2023-07-21 07:26:27,834] {logging_mixin.py:104} INFO - [2023-07-21 07:26:27,834] {dagbag.py:496} INFO - Filling up the DagBag from /home/airflow/.local/lib/python3.6/site-packages/airflow/example_dags/example_subdag_operator.py
[2023-07-21 07:26:27,993] {scheduler_job.py:643} INFO - DAG(s) dict_keys(['example_subdag_operator.section-1', 'example_subdag_operator.section-2', 'example_subdag_operator']) retrieved from /home/airflow/.local/lib/python3.6/site-packages/airflow/example_dags/example_subdag_operator.py
[2023-07-21 07:26:28,022] {logging_mixin.py:104} INFO - [2023-07-21 07:26:28,022] {dag.py:1833} INFO - Sync 3 DAGs
[2023-07-21 07:26:28,051] {logging_mixin.py:104} INFO - [2023-07-21 07:26:28,050] {dag.py:2306} INFO - Setting next_dagrun for example_subdag_operator to 2023-07-19 00:00:00+00:00
[2023-07-21 07:26:28,056] {logging_mixin.py:104} INFO - [2023-07-21 07:26:28,056] {dag.py:2306} INFO - Setting next_dagrun for example_subdag_operator.section-1 to None
[2023-07-21 07:26:28,061] {logging_mixin.py:104} INFO - [2023-07-21 07:26:28,061] {dag.py:2306} INFO - Setting next_dagrun for example_subdag_operator.section-2 to None
[2023-07-21 07:26:28,091] {logging_mixin.py:104} INFO - [2023-07-21 07:26:28,090] {dag.py:1833} INFO - Sync 2 DAGs
[2023-07-21 07:26:28,145] {logging_mixin.py:104} INFO - [2023-07-21 07:26:28,145] {dag.py:2306} INFO - Setting next_dagrun for example_subdag_operator.section-1 to None
[2023-07-21 07:26:28,155] {logging_mixin.py:104} INFO - [2023-07-21 07:26:28,147] {dag.py:2306} INFO - Setting next_dagrun for example_subdag_operator.section-2 to None
[2023-07-21 07:26:28,177] {scheduler_job.py:190} INFO - Processing /home/airflow/.local/lib/python3.6/site-packages/airflow/example_dags/example_subdag_operator.py took 0.387 seconds
[2023-07-21 07:26:58,418] {scheduler_job.py:182} INFO - Started process (PID=75293) to work on /home/airflow/.local/lib/python3.6/site-packages/airflow/example_dags/example_subdag_operator.py
[2023-07-21 07:26:58,421] {scheduler_job.py:633} INFO - Processing file /home/airflow/.local/lib/python3.6/site-packages/airflow/example_dags/example_subdag_operator.py for tasks to queue
[2023-07-21 07:26:58,423] {logging_mixin.py:104} INFO - [2023-07-21 07:26:58,423] {dagbag.py:496} INFO - Filling up the DagBag from /home/airflow/.local/lib/python3.6/site-packages/airflow/example_dags/example_subdag_operator.py
[2023-07-21 07:26:58,471] {scheduler_job.py:643} INFO - DAG(s) dict_keys(['example_subdag_operator.section-1', 'example_subdag_operator.section-2', 'example_subdag_operator']) retrieved from /home/airflow/.local/lib/python3.6/site-packages/airflow/example_dags/example_subdag_operator.py
[2023-07-21 07:26:58,490] {logging_mixin.py:104} INFO - [2023-07-21 07:26:58,490] {dag.py:1833} INFO - Sync 3 DAGs
[2023-07-21 07:26:58,509] {logging_mixin.py:104} INFO - [2023-07-21 07:26:58,509] {dag.py:2306} INFO - Setting next_dagrun for example_subdag_operator to 2023-07-19 00:00:00+00:00
[2023-07-21 07:26:58,513] {logging_mixin.py:104} INFO - [2023-07-21 07:26:58,513] {dag.py:2306} INFO - Setting next_dagrun for example_subdag_operator.section-1 to None
[2023-07-21 07:26:58,515] {logging_mixin.py:104} INFO - [2023-07-21 07:26:58,515] {dag.py:2306} INFO - Setting next_dagrun for example_subdag_operator.section-2 to None
[2023-07-21 07:26:58,530] {logging_mixin.py:104} INFO - [2023-07-21 07:26:58,530] {dag.py:1833} INFO - Sync 2 DAGs
[2023-07-21 07:26:58,542] {logging_mixin.py:104} INFO - [2023-07-21 07:26:58,541] {dag.py:2306} INFO - Setting next_dagrun for example_subdag_operator.section-1 to None
[2023-07-21 07:26:58,543] {logging_mixin.py:104} INFO - [2023-07-21 07:26:58,543] {dag.py:2306} INFO - Setting next_dagrun for example_subdag_operator.section-2 to None
[2023-07-21 07:26:58,555] {scheduler_job.py:190} INFO - Processing /home/airflow/.local/lib/python3.6/site-packages/airflow/example_dags/example_subdag_operator.py took 0.143 seconds
[2023-07-21 07:27:28,980] {scheduler_job.py:182} INFO - Started process (PID=75344) to work on /home/airflow/.local/lib/python3.6/site-packages/airflow/example_dags/example_subdag_operator.py
[2023-07-21 07:27:28,982] {scheduler_job.py:633} INFO - Processing file /home/airflow/.local/lib/python3.6/site-packages/airflow/example_dags/example_subdag_operator.py for tasks to queue
[2023-07-21 07:27:28,984] {logging_mixin.py:104} INFO - [2023-07-21 07:27:28,984] {dagbag.py:496} INFO - Filling up the DagBag from /home/airflow/.local/lib/python3.6/site-packages/airflow/example_dags/example_subdag_operator.py
[2023-07-21 07:27:29,031] {scheduler_job.py:643} INFO - DAG(s) dict_keys(['example_subdag_operator.section-1', 'example_subdag_operator.section-2', 'example_subdag_operator']) retrieved from /home/airflow/.local/lib/python3.6/site-packages/airflow/example_dags/example_subdag_operator.py
[2023-07-21 07:27:29,057] {logging_mixin.py:104} INFO - [2023-07-21 07:27:29,057] {dag.py:1833} INFO - Sync 3 DAGs
[2023-07-21 07:27:29,107] {logging_mixin.py:104} INFO - [2023-07-21 07:27:29,107] {dag.py:2306} INFO - Setting next_dagrun for example_subdag_operator to 2023-07-19 00:00:00+00:00
[2023-07-21 07:27:29,110] {logging_mixin.py:104} INFO - [2023-07-21 07:27:29,110] {dag.py:2306} INFO - Setting next_dagrun for example_subdag_operator.section-1 to None
[2023-07-21 07:27:29,111] {logging_mixin.py:104} INFO - [2023-07-21 07:27:29,111] {dag.py:2306} INFO - Setting next_dagrun for example_subdag_operator.section-2 to None
[2023-07-21 07:27:29,128] {logging_mixin.py:104} INFO - [2023-07-21 07:27:29,128] {dag.py:1833} INFO - Sync 2 DAGs
[2023-07-21 07:27:29,144] {logging_mixin.py:104} INFO - [2023-07-21 07:27:29,144] {dag.py:2306} INFO - Setting next_dagrun for example_subdag_operator.section-1 to None
[2023-07-21 07:27:29,146] {logging_mixin.py:104} INFO - [2023-07-21 07:27:29,146] {dag.py:2306} INFO - Setting next_dagrun for example_subdag_operator.section-2 to None
[2023-07-21 07:27:29,158] {scheduler_job.py:190} INFO - Processing /home/airflow/.local/lib/python3.6/site-packages/airflow/example_dags/example_subdag_operator.py took 0.185 seconds
