[2023-07-21 07:13:46,568] {scheduler_job.py:182} INFO - Started process (PID=73923) to work on /home/airflow/.local/lib/python3.6/site-packages/airflow/example_dags/example_task_group_decorator.py
[2023-07-21 07:13:46,574] {scheduler_job.py:633} INFO - Processing file /home/airflow/.local/lib/python3.6/site-packages/airflow/example_dags/example_task_group_decorator.py for tasks to queue
[2023-07-21 07:13:46,577] {logging_mixin.py:104} INFO - [2023-07-21 07:13:46,577] {dagbag.py:496} INFO - Filling up the DagBag from /home/airflow/.local/lib/python3.6/site-packages/airflow/example_dags/example_task_group_decorator.py
[2023-07-21 07:13:46,709] {scheduler_job.py:643} INFO - DAG(s) dict_keys(['example_task_group_decorator']) retrieved from /home/airflow/.local/lib/python3.6/site-packages/airflow/example_dags/example_task_group_decorator.py
[2023-07-21 07:13:47,856] {logging_mixin.py:104} INFO - [2023-07-21 07:13:47,856] {dag.py:1833} INFO - Sync 1 DAGs
[2023-07-21 07:13:47,887] {logging_mixin.py:104} INFO - [2023-07-21 07:13:47,887] {dag.py:2306} INFO - Setting next_dagrun for example_task_group_decorator to 2023-07-19 00:00:00+00:00
[2023-07-21 07:13:47,928] {scheduler_job.py:190} INFO - Processing /home/airflow/.local/lib/python3.6/site-packages/airflow/example_dags/example_task_group_decorator.py took 1.369 seconds
[2023-07-21 07:14:18,956] {scheduler_job.py:182} INFO - Started process (PID=73973) to work on /home/airflow/.local/lib/python3.6/site-packages/airflow/example_dags/example_task_group_decorator.py
[2023-07-21 07:14:18,967] {scheduler_job.py:633} INFO - Processing file /home/airflow/.local/lib/python3.6/site-packages/airflow/example_dags/example_task_group_decorator.py for tasks to queue
[2023-07-21 07:14:18,972] {logging_mixin.py:104} INFO - [2023-07-21 07:14:18,971] {dagbag.py:496} INFO - Filling up the DagBag from /home/airflow/.local/lib/python3.6/site-packages/airflow/example_dags/example_task_group_decorator.py
[2023-07-21 07:14:19,046] {scheduler_job.py:643} INFO - DAG(s) dict_keys(['example_task_group_decorator']) retrieved from /home/airflow/.local/lib/python3.6/site-packages/airflow/example_dags/example_task_group_decorator.py
[2023-07-21 07:14:19,458] {logging_mixin.py:104} INFO - [2023-07-21 07:14:19,458] {dag.py:1833} INFO - Sync 1 DAGs
[2023-07-21 07:14:19,477] {logging_mixin.py:104} INFO - [2023-07-21 07:14:19,477] {dag.py:2306} INFO - Setting next_dagrun for example_task_group_decorator to 2023-07-19 00:00:00+00:00
[2023-07-21 07:14:19,498] {scheduler_job.py:190} INFO - Processing /home/airflow/.local/lib/python3.6/site-packages/airflow/example_dags/example_task_group_decorator.py took 0.579 seconds
[2023-07-21 07:14:49,594] {scheduler_job.py:182} INFO - Started process (PID=74023) to work on /home/airflow/.local/lib/python3.6/site-packages/airflow/example_dags/example_task_group_decorator.py
[2023-07-21 07:14:49,597] {scheduler_job.py:633} INFO - Processing file /home/airflow/.local/lib/python3.6/site-packages/airflow/example_dags/example_task_group_decorator.py for tasks to queue
[2023-07-21 07:14:49,599] {logging_mixin.py:104} INFO - [2023-07-21 07:14:49,598] {dagbag.py:496} INFO - Filling up the DagBag from /home/airflow/.local/lib/python3.6/site-packages/airflow/example_dags/example_task_group_decorator.py
[2023-07-21 07:14:49,658] {scheduler_job.py:643} INFO - DAG(s) dict_keys(['example_task_group_decorator']) retrieved from /home/airflow/.local/lib/python3.6/site-packages/airflow/example_dags/example_task_group_decorator.py
[2023-07-21 07:14:49,695] {logging_mixin.py:104} INFO - [2023-07-21 07:14:49,695] {dag.py:1833} INFO - Sync 1 DAGs
[2023-07-21 07:14:49,711] {logging_mixin.py:104} INFO - [2023-07-21 07:14:49,711] {dag.py:2306} INFO - Setting next_dagrun for example_task_group_decorator to 2023-07-19 00:00:00+00:00
[2023-07-21 07:14:49,749] {scheduler_job.py:190} INFO - Processing /home/airflow/.local/lib/python3.6/site-packages/airflow/example_dags/example_task_group_decorator.py took 0.160 seconds
[2023-07-21 07:15:19,899] {scheduler_job.py:182} INFO - Started process (PID=74083) to work on /home/airflow/.local/lib/python3.6/site-packages/airflow/example_dags/example_task_group_decorator.py
[2023-07-21 07:15:19,905] {scheduler_job.py:633} INFO - Processing file /home/airflow/.local/lib/python3.6/site-packages/airflow/example_dags/example_task_group_decorator.py for tasks to queue
[2023-07-21 07:15:19,908] {logging_mixin.py:104} INFO - [2023-07-21 07:15:19,908] {dagbag.py:496} INFO - Filling up the DagBag from /home/airflow/.local/lib/python3.6/site-packages/airflow/example_dags/example_task_group_decorator.py
[2023-07-21 07:15:19,957] {scheduler_job.py:643} INFO - DAG(s) dict_keys(['example_task_group_decorator']) retrieved from /home/airflow/.local/lib/python3.6/site-packages/airflow/example_dags/example_task_group_decorator.py
[2023-07-21 07:15:20,001] {logging_mixin.py:104} INFO - [2023-07-21 07:15:20,000] {dag.py:1833} INFO - Sync 1 DAGs
[2023-07-21 07:15:20,018] {logging_mixin.py:104} INFO - [2023-07-21 07:15:20,018] {dag.py:2306} INFO - Setting next_dagrun for example_task_group_decorator to 2023-07-19 00:00:00+00:00
[2023-07-21 07:15:20,033] {scheduler_job.py:190} INFO - Processing /home/airflow/.local/lib/python3.6/site-packages/airflow/example_dags/example_task_group_decorator.py took 0.141 seconds
[2023-07-21 07:15:50,562] {scheduler_job.py:182} INFO - Started process (PID=74135) to work on /home/airflow/.local/lib/python3.6/site-packages/airflow/example_dags/example_task_group_decorator.py
[2023-07-21 07:15:50,566] {scheduler_job.py:633} INFO - Processing file /home/airflow/.local/lib/python3.6/site-packages/airflow/example_dags/example_task_group_decorator.py for tasks to queue
[2023-07-21 07:15:50,572] {logging_mixin.py:104} INFO - [2023-07-21 07:15:50,572] {dagbag.py:496} INFO - Filling up the DagBag from /home/airflow/.local/lib/python3.6/site-packages/airflow/example_dags/example_task_group_decorator.py
[2023-07-21 07:15:50,681] {scheduler_job.py:643} INFO - DAG(s) dict_keys(['example_task_group_decorator']) retrieved from /home/airflow/.local/lib/python3.6/site-packages/airflow/example_dags/example_task_group_decorator.py
[2023-07-21 07:15:51,091] {logging_mixin.py:104} INFO - [2023-07-21 07:15:51,091] {dag.py:1833} INFO - Sync 1 DAGs
[2023-07-21 07:15:51,108] {logging_mixin.py:104} INFO - [2023-07-21 07:15:51,108] {dag.py:2306} INFO - Setting next_dagrun for example_task_group_decorator to 2023-07-19 00:00:00+00:00
[2023-07-21 07:15:51,127] {scheduler_job.py:190} INFO - Processing /home/airflow/.local/lib/python3.6/site-packages/airflow/example_dags/example_task_group_decorator.py took 0.570 seconds
[2023-07-21 07:16:21,997] {scheduler_job.py:182} INFO - Started process (PID=74187) to work on /home/airflow/.local/lib/python3.6/site-packages/airflow/example_dags/example_task_group_decorator.py
[2023-07-21 07:16:22,000] {scheduler_job.py:633} INFO - Processing file /home/airflow/.local/lib/python3.6/site-packages/airflow/example_dags/example_task_group_decorator.py for tasks to queue
[2023-07-21 07:16:22,002] {logging_mixin.py:104} INFO - [2023-07-21 07:16:22,002] {dagbag.py:496} INFO - Filling up the DagBag from /home/airflow/.local/lib/python3.6/site-packages/airflow/example_dags/example_task_group_decorator.py
[2023-07-21 07:16:22,037] {scheduler_job.py:643} INFO - DAG(s) dict_keys(['example_task_group_decorator']) retrieved from /home/airflow/.local/lib/python3.6/site-packages/airflow/example_dags/example_task_group_decorator.py
[2023-07-21 07:16:22,316] {logging_mixin.py:104} INFO - [2023-07-21 07:16:22,316] {dag.py:1833} INFO - Sync 1 DAGs
[2023-07-21 07:16:22,329] {logging_mixin.py:104} INFO - [2023-07-21 07:16:22,329] {dag.py:2306} INFO - Setting next_dagrun for example_task_group_decorator to 2023-07-19 00:00:00+00:00
[2023-07-21 07:16:22,351] {scheduler_job.py:190} INFO - Processing /home/airflow/.local/lib/python3.6/site-packages/airflow/example_dags/example_task_group_decorator.py took 0.359 seconds
[2023-07-21 07:16:52,791] {scheduler_job.py:182} INFO - Started process (PID=74249) to work on /home/airflow/.local/lib/python3.6/site-packages/airflow/example_dags/example_task_group_decorator.py
[2023-07-21 07:16:52,797] {scheduler_job.py:633} INFO - Processing file /home/airflow/.local/lib/python3.6/site-packages/airflow/example_dags/example_task_group_decorator.py for tasks to queue
[2023-07-21 07:16:52,805] {logging_mixin.py:104} INFO - [2023-07-21 07:16:52,804] {dagbag.py:496} INFO - Filling up the DagBag from /home/airflow/.local/lib/python3.6/site-packages/airflow/example_dags/example_task_group_decorator.py
[2023-07-21 07:16:52,886] {scheduler_job.py:643} INFO - DAG(s) dict_keys(['example_task_group_decorator']) retrieved from /home/airflow/.local/lib/python3.6/site-packages/airflow/example_dags/example_task_group_decorator.py
[2023-07-21 07:16:53,287] {logging_mixin.py:104} INFO - [2023-07-21 07:16:53,287] {dag.py:1833} INFO - Sync 1 DAGs
[2023-07-21 07:16:53,303] {logging_mixin.py:104} INFO - [2023-07-21 07:16:53,303] {dag.py:2306} INFO - Setting next_dagrun for example_task_group_decorator to 2023-07-19 00:00:00+00:00
[2023-07-21 07:16:53,321] {scheduler_job.py:190} INFO - Processing /home/airflow/.local/lib/python3.6/site-packages/airflow/example_dags/example_task_group_decorator.py took 0.540 seconds
[2023-07-21 07:17:23,666] {scheduler_job.py:182} INFO - Started process (PID=74300) to work on /home/airflow/.local/lib/python3.6/site-packages/airflow/example_dags/example_task_group_decorator.py
[2023-07-21 07:17:23,672] {scheduler_job.py:633} INFO - Processing file /home/airflow/.local/lib/python3.6/site-packages/airflow/example_dags/example_task_group_decorator.py for tasks to queue
[2023-07-21 07:17:23,679] {logging_mixin.py:104} INFO - [2023-07-21 07:17:23,679] {dagbag.py:496} INFO - Filling up the DagBag from /home/airflow/.local/lib/python3.6/site-packages/airflow/example_dags/example_task_group_decorator.py
[2023-07-21 07:17:23,789] {scheduler_job.py:643} INFO - DAG(s) dict_keys(['example_task_group_decorator']) retrieved from /home/airflow/.local/lib/python3.6/site-packages/airflow/example_dags/example_task_group_decorator.py
[2023-07-21 07:17:24,216] {logging_mixin.py:104} INFO - [2023-07-21 07:17:24,216] {dag.py:1833} INFO - Sync 1 DAGs
[2023-07-21 07:17:24,232] {logging_mixin.py:104} INFO - [2023-07-21 07:17:24,232] {dag.py:2306} INFO - Setting next_dagrun for example_task_group_decorator to 2023-07-19 00:00:00+00:00
[2023-07-21 07:17:24,252] {scheduler_job.py:190} INFO - Processing /home/airflow/.local/lib/python3.6/site-packages/airflow/example_dags/example_task_group_decorator.py took 0.599 seconds
[2023-07-21 07:17:54,580] {scheduler_job.py:182} INFO - Started process (PID=74349) to work on /home/airflow/.local/lib/python3.6/site-packages/airflow/example_dags/example_task_group_decorator.py
[2023-07-21 07:17:54,584] {scheduler_job.py:633} INFO - Processing file /home/airflow/.local/lib/python3.6/site-packages/airflow/example_dags/example_task_group_decorator.py for tasks to queue
[2023-07-21 07:17:54,587] {logging_mixin.py:104} INFO - [2023-07-21 07:17:54,587] {dagbag.py:496} INFO - Filling up the DagBag from /home/airflow/.local/lib/python3.6/site-packages/airflow/example_dags/example_task_group_decorator.py
[2023-07-21 07:17:54,631] {scheduler_job.py:643} INFO - DAG(s) dict_keys(['example_task_group_decorator']) retrieved from /home/airflow/.local/lib/python3.6/site-packages/airflow/example_dags/example_task_group_decorator.py
[2023-07-21 07:17:54,939] {logging_mixin.py:104} INFO - [2023-07-21 07:17:54,939] {dag.py:1833} INFO - Sync 1 DAGs
[2023-07-21 07:17:54,954] {logging_mixin.py:104} INFO - [2023-07-21 07:17:54,954] {dag.py:2306} INFO - Setting next_dagrun for example_task_group_decorator to 2023-07-19 00:00:00+00:00
[2023-07-21 07:17:54,978] {scheduler_job.py:190} INFO - Processing /home/airflow/.local/lib/python3.6/site-packages/airflow/example_dags/example_task_group_decorator.py took 0.404 seconds
[2023-07-21 07:18:25,625] {scheduler_job.py:182} INFO - Started process (PID=74399) to work on /home/airflow/.local/lib/python3.6/site-packages/airflow/example_dags/example_task_group_decorator.py
[2023-07-21 07:18:25,637] {scheduler_job.py:633} INFO - Processing file /home/airflow/.local/lib/python3.6/site-packages/airflow/example_dags/example_task_group_decorator.py for tasks to queue
[2023-07-21 07:18:25,651] {logging_mixin.py:104} INFO - [2023-07-21 07:18:25,650] {dagbag.py:496} INFO - Filling up the DagBag from /home/airflow/.local/lib/python3.6/site-packages/airflow/example_dags/example_task_group_decorator.py
[2023-07-21 07:18:25,738] {scheduler_job.py:643} INFO - DAG(s) dict_keys(['example_task_group_decorator']) retrieved from /home/airflow/.local/lib/python3.6/site-packages/airflow/example_dags/example_task_group_decorator.py
[2023-07-21 07:18:26,218] {logging_mixin.py:104} INFO - [2023-07-21 07:18:26,218] {dag.py:1833} INFO - Sync 1 DAGs
[2023-07-21 07:18:26,241] {logging_mixin.py:104} INFO - [2023-07-21 07:18:26,241] {dag.py:2306} INFO - Setting next_dagrun for example_task_group_decorator to 2023-07-19 00:00:00+00:00
[2023-07-21 07:18:26,268] {scheduler_job.py:190} INFO - Processing /home/airflow/.local/lib/python3.6/site-packages/airflow/example_dags/example_task_group_decorator.py took 0.656 seconds
[2023-07-21 07:18:56,503] {scheduler_job.py:182} INFO - Started process (PID=74461) to work on /home/airflow/.local/lib/python3.6/site-packages/airflow/example_dags/example_task_group_decorator.py
[2023-07-21 07:18:56,518] {scheduler_job.py:633} INFO - Processing file /home/airflow/.local/lib/python3.6/site-packages/airflow/example_dags/example_task_group_decorator.py for tasks to queue
[2023-07-21 07:18:56,524] {logging_mixin.py:104} INFO - [2023-07-21 07:18:56,524] {dagbag.py:496} INFO - Filling up the DagBag from /home/airflow/.local/lib/python3.6/site-packages/airflow/example_dags/example_task_group_decorator.py
[2023-07-21 07:18:56,639] {scheduler_job.py:643} INFO - DAG(s) dict_keys(['example_task_group_decorator']) retrieved from /home/airflow/.local/lib/python3.6/site-packages/airflow/example_dags/example_task_group_decorator.py
[2023-07-21 07:18:57,397] {logging_mixin.py:104} INFO - [2023-07-21 07:18:57,397] {dag.py:1833} INFO - Sync 1 DAGs
[2023-07-21 07:18:57,432] {logging_mixin.py:104} INFO - [2023-07-21 07:18:57,432] {dag.py:2306} INFO - Setting next_dagrun for example_task_group_decorator to 2023-07-19 00:00:00+00:00
[2023-07-21 07:18:57,473] {scheduler_job.py:190} INFO - Processing /home/airflow/.local/lib/python3.6/site-packages/airflow/example_dags/example_task_group_decorator.py took 0.988 seconds
[2023-07-21 07:19:27,894] {scheduler_job.py:182} INFO - Started process (PID=74513) to work on /home/airflow/.local/lib/python3.6/site-packages/airflow/example_dags/example_task_group_decorator.py
[2023-07-21 07:19:27,904] {scheduler_job.py:633} INFO - Processing file /home/airflow/.local/lib/python3.6/site-packages/airflow/example_dags/example_task_group_decorator.py for tasks to queue
[2023-07-21 07:19:27,912] {logging_mixin.py:104} INFO - [2023-07-21 07:19:27,911] {dagbag.py:496} INFO - Filling up the DagBag from /home/airflow/.local/lib/python3.6/site-packages/airflow/example_dags/example_task_group_decorator.py
[2023-07-21 07:19:28,002] {scheduler_job.py:643} INFO - DAG(s) dict_keys(['example_task_group_decorator']) retrieved from /home/airflow/.local/lib/python3.6/site-packages/airflow/example_dags/example_task_group_decorator.py
[2023-07-21 07:19:28,292] {logging_mixin.py:104} INFO - [2023-07-21 07:19:28,291] {dag.py:1833} INFO - Sync 1 DAGs
[2023-07-21 07:19:28,308] {logging_mixin.py:104} INFO - [2023-07-21 07:19:28,308] {dag.py:2306} INFO - Setting next_dagrun for example_task_group_decorator to 2023-07-19 00:00:00+00:00
[2023-07-21 07:19:28,325] {scheduler_job.py:190} INFO - Processing /home/airflow/.local/lib/python3.6/site-packages/airflow/example_dags/example_task_group_decorator.py took 0.446 seconds
[2023-07-21 07:19:58,648] {scheduler_job.py:182} INFO - Started process (PID=74563) to work on /home/airflow/.local/lib/python3.6/site-packages/airflow/example_dags/example_task_group_decorator.py
[2023-07-21 07:19:58,658] {scheduler_job.py:633} INFO - Processing file /home/airflow/.local/lib/python3.6/site-packages/airflow/example_dags/example_task_group_decorator.py for tasks to queue
[2023-07-21 07:19:58,662] {logging_mixin.py:104} INFO - [2023-07-21 07:19:58,661] {dagbag.py:496} INFO - Filling up the DagBag from /home/airflow/.local/lib/python3.6/site-packages/airflow/example_dags/example_task_group_decorator.py
[2023-07-21 07:19:58,717] {scheduler_job.py:643} INFO - DAG(s) dict_keys(['example_task_group_decorator']) retrieved from /home/airflow/.local/lib/python3.6/site-packages/airflow/example_dags/example_task_group_decorator.py
[2023-07-21 07:19:59,139] {logging_mixin.py:104} INFO - [2023-07-21 07:19:59,138] {dag.py:1833} INFO - Sync 1 DAGs
[2023-07-21 07:19:59,156] {logging_mixin.py:104} INFO - [2023-07-21 07:19:59,156] {dag.py:2306} INFO - Setting next_dagrun for example_task_group_decorator to 2023-07-19 00:00:00+00:00
[2023-07-21 07:19:59,173] {scheduler_job.py:190} INFO - Processing /home/airflow/.local/lib/python3.6/site-packages/airflow/example_dags/example_task_group_decorator.py took 0.546 seconds
[2023-07-21 07:20:29,243] {scheduler_job.py:182} INFO - Started process (PID=74624) to work on /home/airflow/.local/lib/python3.6/site-packages/airflow/example_dags/example_task_group_decorator.py
[2023-07-21 07:20:29,245] {scheduler_job.py:633} INFO - Processing file /home/airflow/.local/lib/python3.6/site-packages/airflow/example_dags/example_task_group_decorator.py for tasks to queue
[2023-07-21 07:20:29,247] {logging_mixin.py:104} INFO - [2023-07-21 07:20:29,247] {dagbag.py:496} INFO - Filling up the DagBag from /home/airflow/.local/lib/python3.6/site-packages/airflow/example_dags/example_task_group_decorator.py
[2023-07-21 07:20:29,309] {scheduler_job.py:643} INFO - DAG(s) dict_keys(['example_task_group_decorator']) retrieved from /home/airflow/.local/lib/python3.6/site-packages/airflow/example_dags/example_task_group_decorator.py
[2023-07-21 07:20:29,731] {logging_mixin.py:104} INFO - [2023-07-21 07:20:29,731] {dag.py:1833} INFO - Sync 1 DAGs
[2023-07-21 07:20:29,750] {logging_mixin.py:104} INFO - [2023-07-21 07:20:29,750] {dag.py:2306} INFO - Setting next_dagrun for example_task_group_decorator to 2023-07-19 00:00:00+00:00
[2023-07-21 07:20:29,771] {scheduler_job.py:190} INFO - Processing /home/airflow/.local/lib/python3.6/site-packages/airflow/example_dags/example_task_group_decorator.py took 0.534 seconds
[2023-07-21 07:21:00,405] {scheduler_job.py:182} INFO - Started process (PID=74675) to work on /home/airflow/.local/lib/python3.6/site-packages/airflow/example_dags/example_task_group_decorator.py
[2023-07-21 07:21:00,409] {scheduler_job.py:633} INFO - Processing file /home/airflow/.local/lib/python3.6/site-packages/airflow/example_dags/example_task_group_decorator.py for tasks to queue
[2023-07-21 07:21:00,411] {logging_mixin.py:104} INFO - [2023-07-21 07:21:00,411] {dagbag.py:496} INFO - Filling up the DagBag from /home/airflow/.local/lib/python3.6/site-packages/airflow/example_dags/example_task_group_decorator.py
[2023-07-21 07:21:00,448] {scheduler_job.py:643} INFO - DAG(s) dict_keys(['example_task_group_decorator']) retrieved from /home/airflow/.local/lib/python3.6/site-packages/airflow/example_dags/example_task_group_decorator.py
[2023-07-21 07:21:00,741] {logging_mixin.py:104} INFO - [2023-07-21 07:21:00,741] {dag.py:1833} INFO - Sync 1 DAGs
[2023-07-21 07:21:00,756] {logging_mixin.py:104} INFO - [2023-07-21 07:21:00,756] {dag.py:2306} INFO - Setting next_dagrun for example_task_group_decorator to 2023-07-19 00:00:00+00:00
[2023-07-21 07:21:00,773] {scheduler_job.py:190} INFO - Processing /home/airflow/.local/lib/python3.6/site-packages/airflow/example_dags/example_task_group_decorator.py took 0.375 seconds
[2023-07-21 07:21:31,161] {scheduler_job.py:182} INFO - Started process (PID=74726) to work on /home/airflow/.local/lib/python3.6/site-packages/airflow/example_dags/example_task_group_decorator.py
[2023-07-21 07:21:31,166] {scheduler_job.py:633} INFO - Processing file /home/airflow/.local/lib/python3.6/site-packages/airflow/example_dags/example_task_group_decorator.py for tasks to queue
[2023-07-21 07:21:31,170] {logging_mixin.py:104} INFO - [2023-07-21 07:21:31,170] {dagbag.py:496} INFO - Filling up the DagBag from /home/airflow/.local/lib/python3.6/site-packages/airflow/example_dags/example_task_group_decorator.py
[2023-07-21 07:21:31,224] {scheduler_job.py:643} INFO - DAG(s) dict_keys(['example_task_group_decorator']) retrieved from /home/airflow/.local/lib/python3.6/site-packages/airflow/example_dags/example_task_group_decorator.py
[2023-07-21 07:21:31,541] {logging_mixin.py:104} INFO - [2023-07-21 07:21:31,541] {dag.py:1833} INFO - Sync 1 DAGs
[2023-07-21 07:21:31,559] {logging_mixin.py:104} INFO - [2023-07-21 07:21:31,559] {dag.py:2306} INFO - Setting next_dagrun for example_task_group_decorator to 2023-07-19 00:00:00+00:00
[2023-07-21 07:21:31,581] {scheduler_job.py:190} INFO - Processing /home/airflow/.local/lib/python3.6/site-packages/airflow/example_dags/example_task_group_decorator.py took 0.428 seconds
[2023-07-21 07:22:02,001] {scheduler_job.py:182} INFO - Started process (PID=74777) to work on /home/airflow/.local/lib/python3.6/site-packages/airflow/example_dags/example_task_group_decorator.py
[2023-07-21 07:22:02,005] {scheduler_job.py:633} INFO - Processing file /home/airflow/.local/lib/python3.6/site-packages/airflow/example_dags/example_task_group_decorator.py for tasks to queue
[2023-07-21 07:22:02,007] {logging_mixin.py:104} INFO - [2023-07-21 07:22:02,006] {dagbag.py:496} INFO - Filling up the DagBag from /home/airflow/.local/lib/python3.6/site-packages/airflow/example_dags/example_task_group_decorator.py
[2023-07-21 07:22:02,054] {scheduler_job.py:643} INFO - DAG(s) dict_keys(['example_task_group_decorator']) retrieved from /home/airflow/.local/lib/python3.6/site-packages/airflow/example_dags/example_task_group_decorator.py
[2023-07-21 07:22:02,375] {logging_mixin.py:104} INFO - [2023-07-21 07:22:02,375] {dag.py:1833} INFO - Sync 1 DAGs
[2023-07-21 07:22:02,393] {logging_mixin.py:104} INFO - [2023-07-21 07:22:02,392] {dag.py:2306} INFO - Setting next_dagrun for example_task_group_decorator to 2023-07-19 00:00:00+00:00
[2023-07-21 07:22:02,415] {scheduler_job.py:190} INFO - Processing /home/airflow/.local/lib/python3.6/site-packages/airflow/example_dags/example_task_group_decorator.py took 0.421 seconds
[2023-07-21 07:22:32,855] {scheduler_job.py:182} INFO - Started process (PID=74838) to work on /home/airflow/.local/lib/python3.6/site-packages/airflow/example_dags/example_task_group_decorator.py
[2023-07-21 07:22:32,860] {scheduler_job.py:633} INFO - Processing file /home/airflow/.local/lib/python3.6/site-packages/airflow/example_dags/example_task_group_decorator.py for tasks to queue
[2023-07-21 07:22:32,869] {logging_mixin.py:104} INFO - [2023-07-21 07:22:32,868] {dagbag.py:496} INFO - Filling up the DagBag from /home/airflow/.local/lib/python3.6/site-packages/airflow/example_dags/example_task_group_decorator.py
[2023-07-21 07:22:32,957] {scheduler_job.py:643} INFO - DAG(s) dict_keys(['example_task_group_decorator']) retrieved from /home/airflow/.local/lib/python3.6/site-packages/airflow/example_dags/example_task_group_decorator.py
[2023-07-21 07:22:33,407] {logging_mixin.py:104} INFO - [2023-07-21 07:22:33,406] {dag.py:1833} INFO - Sync 1 DAGs
[2023-07-21 07:22:33,425] {logging_mixin.py:104} INFO - [2023-07-21 07:22:33,425] {dag.py:2306} INFO - Setting next_dagrun for example_task_group_decorator to 2023-07-19 00:00:00+00:00
[2023-07-21 07:22:33,492] {scheduler_job.py:190} INFO - Processing /home/airflow/.local/lib/python3.6/site-packages/airflow/example_dags/example_task_group_decorator.py took 0.647 seconds
[2023-07-21 07:23:04,333] {scheduler_job.py:182} INFO - Started process (PID=74889) to work on /home/airflow/.local/lib/python3.6/site-packages/airflow/example_dags/example_task_group_decorator.py
[2023-07-21 07:23:04,337] {scheduler_job.py:633} INFO - Processing file /home/airflow/.local/lib/python3.6/site-packages/airflow/example_dags/example_task_group_decorator.py for tasks to queue
[2023-07-21 07:23:04,339] {logging_mixin.py:104} INFO - [2023-07-21 07:23:04,339] {dagbag.py:496} INFO - Filling up the DagBag from /home/airflow/.local/lib/python3.6/site-packages/airflow/example_dags/example_task_group_decorator.py
[2023-07-21 07:23:04,382] {scheduler_job.py:643} INFO - DAG(s) dict_keys(['example_task_group_decorator']) retrieved from /home/airflow/.local/lib/python3.6/site-packages/airflow/example_dags/example_task_group_decorator.py
[2023-07-21 07:23:04,786] {logging_mixin.py:104} INFO - [2023-07-21 07:23:04,786] {dag.py:1833} INFO - Sync 1 DAGs
[2023-07-21 07:23:04,802] {logging_mixin.py:104} INFO - [2023-07-21 07:23:04,802] {dag.py:2306} INFO - Setting next_dagrun for example_task_group_decorator to 2023-07-19 00:00:00+00:00
[2023-07-21 07:23:04,819] {scheduler_job.py:190} INFO - Processing /home/airflow/.local/lib/python3.6/site-packages/airflow/example_dags/example_task_group_decorator.py took 0.491 seconds
[2023-07-21 07:23:34,882] {scheduler_job.py:182} INFO - Started process (PID=74940) to work on /home/airflow/.local/lib/python3.6/site-packages/airflow/example_dags/example_task_group_decorator.py
[2023-07-21 07:23:34,886] {scheduler_job.py:633} INFO - Processing file /home/airflow/.local/lib/python3.6/site-packages/airflow/example_dags/example_task_group_decorator.py for tasks to queue
[2023-07-21 07:23:34,889] {logging_mixin.py:104} INFO - [2023-07-21 07:23:34,889] {dagbag.py:496} INFO - Filling up the DagBag from /home/airflow/.local/lib/python3.6/site-packages/airflow/example_dags/example_task_group_decorator.py
[2023-07-21 07:23:34,928] {scheduler_job.py:643} INFO - DAG(s) dict_keys(['example_task_group_decorator']) retrieved from /home/airflow/.local/lib/python3.6/site-packages/airflow/example_dags/example_task_group_decorator.py
[2023-07-21 07:23:35,231] {logging_mixin.py:104} INFO - [2023-07-21 07:23:35,231] {dag.py:1833} INFO - Sync 1 DAGs
[2023-07-21 07:23:35,246] {logging_mixin.py:104} INFO - [2023-07-21 07:23:35,246] {dag.py:2306} INFO - Setting next_dagrun for example_task_group_decorator to 2023-07-19 00:00:00+00:00
[2023-07-21 07:23:35,263] {scheduler_job.py:190} INFO - Processing /home/airflow/.local/lib/python3.6/site-packages/airflow/example_dags/example_task_group_decorator.py took 0.386 seconds
[2023-07-21 07:24:06,134] {scheduler_job.py:182} INFO - Started process (PID=75002) to work on /home/airflow/.local/lib/python3.6/site-packages/airflow/example_dags/example_task_group_decorator.py
[2023-07-21 07:24:06,143] {scheduler_job.py:633} INFO - Processing file /home/airflow/.local/lib/python3.6/site-packages/airflow/example_dags/example_task_group_decorator.py for tasks to queue
[2023-07-21 07:24:06,147] {logging_mixin.py:104} INFO - [2023-07-21 07:24:06,147] {dagbag.py:496} INFO - Filling up the DagBag from /home/airflow/.local/lib/python3.6/site-packages/airflow/example_dags/example_task_group_decorator.py
[2023-07-21 07:24:06,223] {scheduler_job.py:643} INFO - DAG(s) dict_keys(['example_task_group_decorator']) retrieved from /home/airflow/.local/lib/python3.6/site-packages/airflow/example_dags/example_task_group_decorator.py
[2023-07-21 07:24:06,678] {logging_mixin.py:104} INFO - [2023-07-21 07:24:06,678] {dag.py:1833} INFO - Sync 1 DAGs
[2023-07-21 07:24:06,697] {logging_mixin.py:104} INFO - [2023-07-21 07:24:06,697] {dag.py:2306} INFO - Setting next_dagrun for example_task_group_decorator to 2023-07-19 00:00:00+00:00
[2023-07-21 07:24:06,720] {scheduler_job.py:190} INFO - Processing /home/airflow/.local/lib/python3.6/site-packages/airflow/example_dags/example_task_group_decorator.py took 0.595 seconds
[2023-07-21 07:24:37,016] {scheduler_job.py:182} INFO - Started process (PID=75052) to work on /home/airflow/.local/lib/python3.6/site-packages/airflow/example_dags/example_task_group_decorator.py
[2023-07-21 07:24:37,020] {scheduler_job.py:633} INFO - Processing file /home/airflow/.local/lib/python3.6/site-packages/airflow/example_dags/example_task_group_decorator.py for tasks to queue
[2023-07-21 07:24:37,022] {logging_mixin.py:104} INFO - [2023-07-21 07:24:37,022] {dagbag.py:496} INFO - Filling up the DagBag from /home/airflow/.local/lib/python3.6/site-packages/airflow/example_dags/example_task_group_decorator.py
[2023-07-21 07:24:37,067] {scheduler_job.py:643} INFO - DAG(s) dict_keys(['example_task_group_decorator']) retrieved from /home/airflow/.local/lib/python3.6/site-packages/airflow/example_dags/example_task_group_decorator.py
[2023-07-21 07:24:37,408] {logging_mixin.py:104} INFO - [2023-07-21 07:24:37,408] {dag.py:1833} INFO - Sync 1 DAGs
[2023-07-21 07:24:37,423] {logging_mixin.py:104} INFO - [2023-07-21 07:24:37,423] {dag.py:2306} INFO - Setting next_dagrun for example_task_group_decorator to 2023-07-19 00:00:00+00:00
[2023-07-21 07:24:37,440] {scheduler_job.py:190} INFO - Processing /home/airflow/.local/lib/python3.6/site-packages/airflow/example_dags/example_task_group_decorator.py took 0.428 seconds
[2023-07-21 07:25:07,522] {scheduler_job.py:182} INFO - Started process (PID=75103) to work on /home/airflow/.local/lib/python3.6/site-packages/airflow/example_dags/example_task_group_decorator.py
[2023-07-21 07:25:07,526] {scheduler_job.py:633} INFO - Processing file /home/airflow/.local/lib/python3.6/site-packages/airflow/example_dags/example_task_group_decorator.py for tasks to queue
[2023-07-21 07:25:07,527] {logging_mixin.py:104} INFO - [2023-07-21 07:25:07,527] {dagbag.py:496} INFO - Filling up the DagBag from /home/airflow/.local/lib/python3.6/site-packages/airflow/example_dags/example_task_group_decorator.py
[2023-07-21 07:25:07,560] {scheduler_job.py:643} INFO - DAG(s) dict_keys(['example_task_group_decorator']) retrieved from /home/airflow/.local/lib/python3.6/site-packages/airflow/example_dags/example_task_group_decorator.py
[2023-07-21 07:25:07,898] {logging_mixin.py:104} INFO - [2023-07-21 07:25:07,898] {dag.py:1833} INFO - Sync 1 DAGs
[2023-07-21 07:25:07,921] {logging_mixin.py:104} INFO - [2023-07-21 07:25:07,921] {dag.py:2306} INFO - Setting next_dagrun for example_task_group_decorator to 2023-07-19 00:00:00+00:00
[2023-07-21 07:25:07,946] {scheduler_job.py:190} INFO - Processing /home/airflow/.local/lib/python3.6/site-packages/airflow/example_dags/example_task_group_decorator.py took 0.429 seconds
[2023-07-21 07:25:37,998] {scheduler_job.py:182} INFO - Started process (PID=75154) to work on /home/airflow/.local/lib/python3.6/site-packages/airflow/example_dags/example_task_group_decorator.py
[2023-07-21 07:25:38,002] {scheduler_job.py:633} INFO - Processing file /home/airflow/.local/lib/python3.6/site-packages/airflow/example_dags/example_task_group_decorator.py for tasks to queue
[2023-07-21 07:25:38,005] {logging_mixin.py:104} INFO - [2023-07-21 07:25:38,005] {dagbag.py:496} INFO - Filling up the DagBag from /home/airflow/.local/lib/python3.6/site-packages/airflow/example_dags/example_task_group_decorator.py
[2023-07-21 07:25:38,041] {scheduler_job.py:643} INFO - DAG(s) dict_keys(['example_task_group_decorator']) retrieved from /home/airflow/.local/lib/python3.6/site-packages/airflow/example_dags/example_task_group_decorator.py
[2023-07-21 07:25:38,304] {logging_mixin.py:104} INFO - [2023-07-21 07:25:38,304] {dag.py:1833} INFO - Sync 1 DAGs
[2023-07-21 07:25:38,321] {logging_mixin.py:104} INFO - [2023-07-21 07:25:38,321] {dag.py:2306} INFO - Setting next_dagrun for example_task_group_decorator to 2023-07-19 00:00:00+00:00
[2023-07-21 07:25:38,340] {scheduler_job.py:190} INFO - Processing /home/airflow/.local/lib/python3.6/site-packages/airflow/example_dags/example_task_group_decorator.py took 0.346 seconds
[2023-07-21 07:26:08,430] {scheduler_job.py:182} INFO - Started process (PID=75205) to work on /home/airflow/.local/lib/python3.6/site-packages/airflow/example_dags/example_task_group_decorator.py
[2023-07-21 07:26:08,443] {scheduler_job.py:633} INFO - Processing file /home/airflow/.local/lib/python3.6/site-packages/airflow/example_dags/example_task_group_decorator.py for tasks to queue
[2023-07-21 07:26:08,445] {logging_mixin.py:104} INFO - [2023-07-21 07:26:08,444] {dagbag.py:496} INFO - Filling up the DagBag from /home/airflow/.local/lib/python3.6/site-packages/airflow/example_dags/example_task_group_decorator.py
[2023-07-21 07:26:08,507] {scheduler_job.py:643} INFO - DAG(s) dict_keys(['example_task_group_decorator']) retrieved from /home/airflow/.local/lib/python3.6/site-packages/airflow/example_dags/example_task_group_decorator.py
[2023-07-21 07:26:09,082] {logging_mixin.py:104} INFO - [2023-07-21 07:26:09,081] {dag.py:1833} INFO - Sync 1 DAGs
[2023-07-21 07:26:09,116] {logging_mixin.py:104} INFO - [2023-07-21 07:26:09,115] {dag.py:2306} INFO - Setting next_dagrun for example_task_group_decorator to 2023-07-19 00:00:00+00:00
[2023-07-21 07:26:09,141] {scheduler_job.py:190} INFO - Processing /home/airflow/.local/lib/python3.6/site-packages/airflow/example_dags/example_task_group_decorator.py took 0.721 seconds
[2023-07-21 07:26:39,324] {scheduler_job.py:182} INFO - Started process (PID=75265) to work on /home/airflow/.local/lib/python3.6/site-packages/airflow/example_dags/example_task_group_decorator.py
[2023-07-21 07:26:39,327] {scheduler_job.py:633} INFO - Processing file /home/airflow/.local/lib/python3.6/site-packages/airflow/example_dags/example_task_group_decorator.py for tasks to queue
[2023-07-21 07:26:39,329] {logging_mixin.py:104} INFO - [2023-07-21 07:26:39,328] {dagbag.py:496} INFO - Filling up the DagBag from /home/airflow/.local/lib/python3.6/site-packages/airflow/example_dags/example_task_group_decorator.py
[2023-07-21 07:26:39,378] {scheduler_job.py:643} INFO - DAG(s) dict_keys(['example_task_group_decorator']) retrieved from /home/airflow/.local/lib/python3.6/site-packages/airflow/example_dags/example_task_group_decorator.py
[2023-07-21 07:26:39,704] {logging_mixin.py:104} INFO - [2023-07-21 07:26:39,704] {dag.py:1833} INFO - Sync 1 DAGs
[2023-07-21 07:26:39,722] {logging_mixin.py:104} INFO - [2023-07-21 07:26:39,722] {dag.py:2306} INFO - Setting next_dagrun for example_task_group_decorator to 2023-07-19 00:00:00+00:00
[2023-07-21 07:26:39,741] {scheduler_job.py:190} INFO - Processing /home/airflow/.local/lib/python3.6/site-packages/airflow/example_dags/example_task_group_decorator.py took 0.422 seconds
[2023-07-21 07:27:09,977] {scheduler_job.py:182} INFO - Started process (PID=75315) to work on /home/airflow/.local/lib/python3.6/site-packages/airflow/example_dags/example_task_group_decorator.py
[2023-07-21 07:27:09,982] {scheduler_job.py:633} INFO - Processing file /home/airflow/.local/lib/python3.6/site-packages/airflow/example_dags/example_task_group_decorator.py for tasks to queue
[2023-07-21 07:27:09,985] {logging_mixin.py:104} INFO - [2023-07-21 07:27:09,984] {dagbag.py:496} INFO - Filling up the DagBag from /home/airflow/.local/lib/python3.6/site-packages/airflow/example_dags/example_task_group_decorator.py
[2023-07-21 07:27:10,049] {scheduler_job.py:643} INFO - DAG(s) dict_keys(['example_task_group_decorator']) retrieved from /home/airflow/.local/lib/python3.6/site-packages/airflow/example_dags/example_task_group_decorator.py
[2023-07-21 07:27:10,448] {logging_mixin.py:104} INFO - [2023-07-21 07:27:10,448] {dag.py:1833} INFO - Sync 1 DAGs
[2023-07-21 07:27:10,469] {logging_mixin.py:104} INFO - [2023-07-21 07:27:10,469] {dag.py:2306} INFO - Setting next_dagrun for example_task_group_decorator to 2023-07-19 00:00:00+00:00
[2023-07-21 07:27:10,488] {scheduler_job.py:190} INFO - Processing /home/airflow/.local/lib/python3.6/site-packages/airflow/example_dags/example_task_group_decorator.py took 0.520 seconds
[2023-07-21 07:27:40,662] {scheduler_job.py:182} INFO - Started process (PID=75365) to work on /home/airflow/.local/lib/python3.6/site-packages/airflow/example_dags/example_task_group_decorator.py
[2023-07-21 07:27:40,666] {scheduler_job.py:633} INFO - Processing file /home/airflow/.local/lib/python3.6/site-packages/airflow/example_dags/example_task_group_decorator.py for tasks to queue
[2023-07-21 07:27:40,669] {logging_mixin.py:104} INFO - [2023-07-21 07:27:40,668] {dagbag.py:496} INFO - Filling up the DagBag from /home/airflow/.local/lib/python3.6/site-packages/airflow/example_dags/example_task_group_decorator.py
[2023-07-21 07:27:40,712] {scheduler_job.py:643} INFO - DAG(s) dict_keys(['example_task_group_decorator']) retrieved from /home/airflow/.local/lib/python3.6/site-packages/airflow/example_dags/example_task_group_decorator.py
[2023-07-21 07:27:40,751] {logging_mixin.py:104} INFO - [2023-07-21 07:27:40,751] {dag.py:1833} INFO - Sync 1 DAGs
[2023-07-21 07:27:40,770] {logging_mixin.py:104} INFO - [2023-07-21 07:27:40,770] {dag.py:2306} INFO - Setting next_dagrun for example_task_group_decorator to 2023-07-19 00:00:00+00:00
[2023-07-21 07:27:40,797] {scheduler_job.py:190} INFO - Processing /home/airflow/.local/lib/python3.6/site-packages/airflow/example_dags/example_task_group_decorator.py took 0.142 seconds
