[2023-07-21 07:13:39,639] {scheduler_job.py:182} INFO - Started process (PID=73913) to work on /home/airflow/.local/lib/python3.6/site-packages/airflow/example_dags/example_branch_operator.py
[2023-07-21 07:13:39,642] {scheduler_job.py:633} INFO - Processing file /home/airflow/.local/lib/python3.6/site-packages/airflow/example_dags/example_branch_operator.py for tasks to queue
[2023-07-21 07:13:39,647] {logging_mixin.py:104} INFO - [2023-07-21 07:13:39,647] {dagbag.py:496} INFO - Filling up the DagBag from /home/airflow/.local/lib/python3.6/site-packages/airflow/example_dags/example_branch_operator.py
[2023-07-21 07:13:39,699] {scheduler_job.py:643} INFO - DAG(s) dict_keys(['example_branch_operator']) retrieved from /home/airflow/.local/lib/python3.6/site-packages/airflow/example_dags/example_branch_operator.py
[2023-07-21 07:13:40,309] {logging_mixin.py:104} INFO - [2023-07-21 07:13:40,309] {dag.py:1833} INFO - Sync 1 DAGs
[2023-07-21 07:13:40,342] {logging_mixin.py:104} INFO - [2023-07-21 07:13:40,342] {dag.py:2306} INFO - Setting next_dagrun for example_branch_operator to 2023-07-19 00:00:00+00:00
[2023-07-21 07:13:40,375] {scheduler_job.py:190} INFO - Processing /home/airflow/.local/lib/python3.6/site-packages/airflow/example_dags/example_branch_operator.py took 0.744 seconds
[2023-07-21 07:14:11,201] {scheduler_job.py:182} INFO - Started process (PID=73963) to work on /home/airflow/.local/lib/python3.6/site-packages/airflow/example_dags/example_branch_operator.py
[2023-07-21 07:14:11,209] {scheduler_job.py:633} INFO - Processing file /home/airflow/.local/lib/python3.6/site-packages/airflow/example_dags/example_branch_operator.py for tasks to queue
[2023-07-21 07:14:11,213] {logging_mixin.py:104} INFO - [2023-07-21 07:14:11,212] {dagbag.py:496} INFO - Filling up the DagBag from /home/airflow/.local/lib/python3.6/site-packages/airflow/example_dags/example_branch_operator.py
[2023-07-21 07:14:11,292] {scheduler_job.py:643} INFO - DAG(s) dict_keys(['example_branch_operator']) retrieved from /home/airflow/.local/lib/python3.6/site-packages/airflow/example_dags/example_branch_operator.py
[2023-07-21 07:14:11,389] {logging_mixin.py:104} INFO - [2023-07-21 07:14:11,389] {dag.py:1833} INFO - Sync 1 DAGs
[2023-07-21 07:14:11,451] {logging_mixin.py:104} INFO - [2023-07-21 07:14:11,451] {dag.py:2306} INFO - Setting next_dagrun for example_branch_operator to 2023-07-19 00:00:00+00:00
[2023-07-21 07:14:11,493] {scheduler_job.py:190} INFO - Processing /home/airflow/.local/lib/python3.6/site-packages/airflow/example_dags/example_branch_operator.py took 0.317 seconds
[2023-07-21 07:14:41,576] {scheduler_job.py:182} INFO - Started process (PID=74012) to work on /home/airflow/.local/lib/python3.6/site-packages/airflow/example_dags/example_branch_operator.py
[2023-07-21 07:14:41,584] {scheduler_job.py:633} INFO - Processing file /home/airflow/.local/lib/python3.6/site-packages/airflow/example_dags/example_branch_operator.py for tasks to queue
[2023-07-21 07:14:41,588] {logging_mixin.py:104} INFO - [2023-07-21 07:14:41,588] {dagbag.py:496} INFO - Filling up the DagBag from /home/airflow/.local/lib/python3.6/site-packages/airflow/example_dags/example_branch_operator.py
[2023-07-21 07:14:41,662] {scheduler_job.py:643} INFO - DAG(s) dict_keys(['example_branch_operator']) retrieved from /home/airflow/.local/lib/python3.6/site-packages/airflow/example_dags/example_branch_operator.py
[2023-07-21 07:14:41,773] {logging_mixin.py:104} INFO - [2023-07-21 07:14:41,773] {dag.py:1833} INFO - Sync 1 DAGs
[2023-07-21 07:14:41,806] {logging_mixin.py:104} INFO - [2023-07-21 07:14:41,806] {dag.py:2306} INFO - Setting next_dagrun for example_branch_operator to 2023-07-19 00:00:00+00:00
[2023-07-21 07:14:41,839] {scheduler_job.py:190} INFO - Processing /home/airflow/.local/lib/python3.6/site-packages/airflow/example_dags/example_branch_operator.py took 0.273 seconds
[2023-07-21 07:15:12,806] {scheduler_job.py:182} INFO - Started process (PID=74063) to work on /home/airflow/.local/lib/python3.6/site-packages/airflow/example_dags/example_branch_operator.py
[2023-07-21 07:15:12,811] {scheduler_job.py:633} INFO - Processing file /home/airflow/.local/lib/python3.6/site-packages/airflow/example_dags/example_branch_operator.py for tasks to queue
[2023-07-21 07:15:12,813] {logging_mixin.py:104} INFO - [2023-07-21 07:15:12,813] {dagbag.py:496} INFO - Filling up the DagBag from /home/airflow/.local/lib/python3.6/site-packages/airflow/example_dags/example_branch_operator.py
[2023-07-21 07:15:12,847] {scheduler_job.py:643} INFO - DAG(s) dict_keys(['example_branch_operator']) retrieved from /home/airflow/.local/lib/python3.6/site-packages/airflow/example_dags/example_branch_operator.py
[2023-07-21 07:15:12,880] {logging_mixin.py:104} INFO - [2023-07-21 07:15:12,880] {dag.py:1833} INFO - Sync 1 DAGs
[2023-07-21 07:15:12,915] {logging_mixin.py:104} INFO - [2023-07-21 07:15:12,914] {dag.py:2306} INFO - Setting next_dagrun for example_branch_operator to 2023-07-19 00:00:00+00:00
[2023-07-21 07:15:12,945] {scheduler_job.py:190} INFO - Processing /home/airflow/.local/lib/python3.6/site-packages/airflow/example_dags/example_branch_operator.py took 0.149 seconds
[2023-07-21 07:15:43,323] {scheduler_job.py:182} INFO - Started process (PID=74115) to work on /home/airflow/.local/lib/python3.6/site-packages/airflow/example_dags/example_branch_operator.py
[2023-07-21 07:15:43,328] {scheduler_job.py:633} INFO - Processing file /home/airflow/.local/lib/python3.6/site-packages/airflow/example_dags/example_branch_operator.py for tasks to queue
[2023-07-21 07:15:43,332] {logging_mixin.py:104} INFO - [2023-07-21 07:15:43,331] {dagbag.py:496} INFO - Filling up the DagBag from /home/airflow/.local/lib/python3.6/site-packages/airflow/example_dags/example_branch_operator.py
[2023-07-21 07:15:43,382] {scheduler_job.py:643} INFO - DAG(s) dict_keys(['example_branch_operator']) retrieved from /home/airflow/.local/lib/python3.6/site-packages/airflow/example_dags/example_branch_operator.py
[2023-07-21 07:15:43,427] {logging_mixin.py:104} INFO - [2023-07-21 07:15:43,426] {dag.py:1833} INFO - Sync 1 DAGs
[2023-07-21 07:15:43,456] {logging_mixin.py:104} INFO - [2023-07-21 07:15:43,455] {dag.py:2306} INFO - Setting next_dagrun for example_branch_operator to 2023-07-19 00:00:00+00:00
[2023-07-21 07:15:43,488] {scheduler_job.py:190} INFO - Processing /home/airflow/.local/lib/python3.6/site-packages/airflow/example_dags/example_branch_operator.py took 0.172 seconds
[2023-07-21 07:16:13,714] {scheduler_job.py:182} INFO - Started process (PID=74175) to work on /home/airflow/.local/lib/python3.6/site-packages/airflow/example_dags/example_branch_operator.py
[2023-07-21 07:16:13,718] {scheduler_job.py:633} INFO - Processing file /home/airflow/.local/lib/python3.6/site-packages/airflow/example_dags/example_branch_operator.py for tasks to queue
[2023-07-21 07:16:13,725] {logging_mixin.py:104} INFO - [2023-07-21 07:16:13,724] {dagbag.py:496} INFO - Filling up the DagBag from /home/airflow/.local/lib/python3.6/site-packages/airflow/example_dags/example_branch_operator.py
[2023-07-21 07:16:13,801] {scheduler_job.py:643} INFO - DAG(s) dict_keys(['example_branch_operator']) retrieved from /home/airflow/.local/lib/python3.6/site-packages/airflow/example_dags/example_branch_operator.py
[2023-07-21 07:16:13,872] {logging_mixin.py:104} INFO - [2023-07-21 07:16:13,872] {dag.py:1833} INFO - Sync 1 DAGs
[2023-07-21 07:16:13,942] {logging_mixin.py:104} INFO - [2023-07-21 07:16:13,942] {dag.py:2306} INFO - Setting next_dagrun for example_branch_operator to 2023-07-19 00:00:00+00:00
[2023-07-21 07:16:13,978] {scheduler_job.py:190} INFO - Processing /home/airflow/.local/lib/python3.6/site-packages/airflow/example_dags/example_branch_operator.py took 0.292 seconds
[2023-07-21 07:16:44,288] {scheduler_job.py:182} INFO - Started process (PID=74227) to work on /home/airflow/.local/lib/python3.6/site-packages/airflow/example_dags/example_branch_operator.py
[2023-07-21 07:16:44,295] {scheduler_job.py:633} INFO - Processing file /home/airflow/.local/lib/python3.6/site-packages/airflow/example_dags/example_branch_operator.py for tasks to queue
[2023-07-21 07:16:44,298] {logging_mixin.py:104} INFO - [2023-07-21 07:16:44,298] {dagbag.py:496} INFO - Filling up the DagBag from /home/airflow/.local/lib/python3.6/site-packages/airflow/example_dags/example_branch_operator.py
[2023-07-21 07:16:44,346] {scheduler_job.py:643} INFO - DAG(s) dict_keys(['example_branch_operator']) retrieved from /home/airflow/.local/lib/python3.6/site-packages/airflow/example_dags/example_branch_operator.py
[2023-07-21 07:16:44,413] {logging_mixin.py:104} INFO - [2023-07-21 07:16:44,413] {dag.py:1833} INFO - Sync 1 DAGs
[2023-07-21 07:16:44,451] {logging_mixin.py:104} INFO - [2023-07-21 07:16:44,451] {dag.py:2306} INFO - Setting next_dagrun for example_branch_operator to 2023-07-19 00:00:00+00:00
[2023-07-21 07:16:44,538] {scheduler_job.py:190} INFO - Processing /home/airflow/.local/lib/python3.6/site-packages/airflow/example_dags/example_branch_operator.py took 0.255 seconds
[2023-07-21 07:17:14,862] {scheduler_job.py:182} INFO - Started process (PID=74280) to work on /home/airflow/.local/lib/python3.6/site-packages/airflow/example_dags/example_branch_operator.py
[2023-07-21 07:17:14,873] {scheduler_job.py:633} INFO - Processing file /home/airflow/.local/lib/python3.6/site-packages/airflow/example_dags/example_branch_operator.py for tasks to queue
[2023-07-21 07:17:14,875] {logging_mixin.py:104} INFO - [2023-07-21 07:17:14,874] {dagbag.py:496} INFO - Filling up the DagBag from /home/airflow/.local/lib/python3.6/site-packages/airflow/example_dags/example_branch_operator.py
[2023-07-21 07:17:14,909] {scheduler_job.py:643} INFO - DAG(s) dict_keys(['example_branch_operator']) retrieved from /home/airflow/.local/lib/python3.6/site-packages/airflow/example_dags/example_branch_operator.py
[2023-07-21 07:17:14,945] {logging_mixin.py:104} INFO - [2023-07-21 07:17:14,945] {dag.py:1833} INFO - Sync 1 DAGs
[2023-07-21 07:17:14,965] {logging_mixin.py:104} INFO - [2023-07-21 07:17:14,964] {dag.py:2306} INFO - Setting next_dagrun for example_branch_operator to 2023-07-19 00:00:00+00:00
[2023-07-21 07:17:14,988] {scheduler_job.py:190} INFO - Processing /home/airflow/.local/lib/python3.6/site-packages/airflow/example_dags/example_branch_operator.py took 0.145 seconds
[2023-07-21 07:17:45,284] {scheduler_job.py:182} INFO - Started process (PID=74329) to work on /home/airflow/.local/lib/python3.6/site-packages/airflow/example_dags/example_branch_operator.py
[2023-07-21 07:17:45,299] {scheduler_job.py:633} INFO - Processing file /home/airflow/.local/lib/python3.6/site-packages/airflow/example_dags/example_branch_operator.py for tasks to queue
[2023-07-21 07:17:45,302] {logging_mixin.py:104} INFO - [2023-07-21 07:17:45,302] {dagbag.py:496} INFO - Filling up the DagBag from /home/airflow/.local/lib/python3.6/site-packages/airflow/example_dags/example_branch_operator.py
[2023-07-21 07:17:45,369] {scheduler_job.py:643} INFO - DAG(s) dict_keys(['example_branch_operator']) retrieved from /home/airflow/.local/lib/python3.6/site-packages/airflow/example_dags/example_branch_operator.py
[2023-07-21 07:17:45,433] {logging_mixin.py:104} INFO - [2023-07-21 07:17:45,433] {dag.py:1833} INFO - Sync 1 DAGs
[2023-07-21 07:17:45,475] {logging_mixin.py:104} INFO - [2023-07-21 07:17:45,475] {dag.py:2306} INFO - Setting next_dagrun for example_branch_operator to 2023-07-19 00:00:00+00:00
[2023-07-21 07:17:45,515] {scheduler_job.py:190} INFO - Processing /home/airflow/.local/lib/python3.6/site-packages/airflow/example_dags/example_branch_operator.py took 0.235 seconds
[2023-07-21 07:18:16,020] {scheduler_job.py:182} INFO - Started process (PID=74388) to work on /home/airflow/.local/lib/python3.6/site-packages/airflow/example_dags/example_branch_operator.py
[2023-07-21 07:18:16,033] {scheduler_job.py:633} INFO - Processing file /home/airflow/.local/lib/python3.6/site-packages/airflow/example_dags/example_branch_operator.py for tasks to queue
[2023-07-21 07:18:16,038] {logging_mixin.py:104} INFO - [2023-07-21 07:18:16,038] {dagbag.py:496} INFO - Filling up the DagBag from /home/airflow/.local/lib/python3.6/site-packages/airflow/example_dags/example_branch_operator.py
[2023-07-21 07:18:16,110] {scheduler_job.py:643} INFO - DAG(s) dict_keys(['example_branch_operator']) retrieved from /home/airflow/.local/lib/python3.6/site-packages/airflow/example_dags/example_branch_operator.py
[2023-07-21 07:18:16,180] {logging_mixin.py:104} INFO - [2023-07-21 07:18:16,180] {dag.py:1833} INFO - Sync 1 DAGs
[2023-07-21 07:18:16,264] {logging_mixin.py:104} INFO - [2023-07-21 07:18:16,264] {dag.py:2306} INFO - Setting next_dagrun for example_branch_operator to 2023-07-19 00:00:00+00:00
[2023-07-21 07:18:16,302] {scheduler_job.py:190} INFO - Processing /home/airflow/.local/lib/python3.6/site-packages/airflow/example_dags/example_branch_operator.py took 0.290 seconds
[2023-07-21 07:18:46,425] {scheduler_job.py:182} INFO - Started process (PID=74439) to work on /home/airflow/.local/lib/python3.6/site-packages/airflow/example_dags/example_branch_operator.py
[2023-07-21 07:18:46,436] {scheduler_job.py:633} INFO - Processing file /home/airflow/.local/lib/python3.6/site-packages/airflow/example_dags/example_branch_operator.py for tasks to queue
[2023-07-21 07:18:46,439] {logging_mixin.py:104} INFO - [2023-07-21 07:18:46,439] {dagbag.py:496} INFO - Filling up the DagBag from /home/airflow/.local/lib/python3.6/site-packages/airflow/example_dags/example_branch_operator.py
[2023-07-21 07:18:46,466] {scheduler_job.py:643} INFO - DAG(s) dict_keys(['example_branch_operator']) retrieved from /home/airflow/.local/lib/python3.6/site-packages/airflow/example_dags/example_branch_operator.py
[2023-07-21 07:18:46,502] {logging_mixin.py:104} INFO - [2023-07-21 07:18:46,502] {dag.py:1833} INFO - Sync 1 DAGs
[2023-07-21 07:18:46,529] {logging_mixin.py:104} INFO - [2023-07-21 07:18:46,529] {dag.py:2306} INFO - Setting next_dagrun for example_branch_operator to 2023-07-19 00:00:00+00:00
[2023-07-21 07:18:46,550] {scheduler_job.py:190} INFO - Processing /home/airflow/.local/lib/python3.6/site-packages/airflow/example_dags/example_branch_operator.py took 0.130 seconds
[2023-07-21 07:19:16,912] {scheduler_job.py:182} INFO - Started process (PID=74491) to work on /home/airflow/.local/lib/python3.6/site-packages/airflow/example_dags/example_branch_operator.py
[2023-07-21 07:19:16,922] {scheduler_job.py:633} INFO - Processing file /home/airflow/.local/lib/python3.6/site-packages/airflow/example_dags/example_branch_operator.py for tasks to queue
[2023-07-21 07:19:16,927] {logging_mixin.py:104} INFO - [2023-07-21 07:19:16,926] {dagbag.py:496} INFO - Filling up the DagBag from /home/airflow/.local/lib/python3.6/site-packages/airflow/example_dags/example_branch_operator.py
[2023-07-21 07:19:16,984] {scheduler_job.py:643} INFO - DAG(s) dict_keys(['example_branch_operator']) retrieved from /home/airflow/.local/lib/python3.6/site-packages/airflow/example_dags/example_branch_operator.py
[2023-07-21 07:19:17,022] {logging_mixin.py:104} INFO - [2023-07-21 07:19:17,022] {dag.py:1833} INFO - Sync 1 DAGs
[2023-07-21 07:19:17,046] {logging_mixin.py:104} INFO - [2023-07-21 07:19:17,046] {dag.py:2306} INFO - Setting next_dagrun for example_branch_operator to 2023-07-19 00:00:00+00:00
[2023-07-21 07:19:17,064] {scheduler_job.py:190} INFO - Processing /home/airflow/.local/lib/python3.6/site-packages/airflow/example_dags/example_branch_operator.py took 0.159 seconds
[2023-07-21 07:19:47,677] {scheduler_job.py:182} INFO - Started process (PID=74541) to work on /home/airflow/.local/lib/python3.6/site-packages/airflow/example_dags/example_branch_operator.py
[2023-07-21 07:19:47,681] {scheduler_job.py:633} INFO - Processing file /home/airflow/.local/lib/python3.6/site-packages/airflow/example_dags/example_branch_operator.py for tasks to queue
[2023-07-21 07:19:47,688] {logging_mixin.py:104} INFO - [2023-07-21 07:19:47,687] {dagbag.py:496} INFO - Filling up the DagBag from /home/airflow/.local/lib/python3.6/site-packages/airflow/example_dags/example_branch_operator.py
[2023-07-21 07:19:47,801] {scheduler_job.py:643} INFO - DAG(s) dict_keys(['example_branch_operator']) retrieved from /home/airflow/.local/lib/python3.6/site-packages/airflow/example_dags/example_branch_operator.py
[2023-07-21 07:19:47,958] {logging_mixin.py:104} INFO - [2023-07-21 07:19:47,958] {dag.py:1833} INFO - Sync 1 DAGs
[2023-07-21 07:19:48,107] {logging_mixin.py:104} INFO - [2023-07-21 07:19:48,106] {dag.py:2306} INFO - Setting next_dagrun for example_branch_operator to 2023-07-19 00:00:00+00:00
[2023-07-21 07:19:48,153] {scheduler_job.py:190} INFO - Processing /home/airflow/.local/lib/python3.6/site-packages/airflow/example_dags/example_branch_operator.py took 0.532 seconds
[2023-07-21 07:20:18,439] {scheduler_job.py:182} INFO - Started process (PID=74601) to work on /home/airflow/.local/lib/python3.6/site-packages/airflow/example_dags/example_branch_operator.py
[2023-07-21 07:20:18,444] {scheduler_job.py:633} INFO - Processing file /home/airflow/.local/lib/python3.6/site-packages/airflow/example_dags/example_branch_operator.py for tasks to queue
[2023-07-21 07:20:18,447] {logging_mixin.py:104} INFO - [2023-07-21 07:20:18,446] {dagbag.py:496} INFO - Filling up the DagBag from /home/airflow/.local/lib/python3.6/site-packages/airflow/example_dags/example_branch_operator.py
[2023-07-21 07:20:18,473] {scheduler_job.py:643} INFO - DAG(s) dict_keys(['example_branch_operator']) retrieved from /home/airflow/.local/lib/python3.6/site-packages/airflow/example_dags/example_branch_operator.py
[2023-07-21 07:20:18,519] {logging_mixin.py:104} INFO - [2023-07-21 07:20:18,519] {dag.py:1833} INFO - Sync 1 DAGs
[2023-07-21 07:20:18,548] {logging_mixin.py:104} INFO - [2023-07-21 07:20:18,547] {dag.py:2306} INFO - Setting next_dagrun for example_branch_operator to 2023-07-19 00:00:00+00:00
[2023-07-21 07:20:18,569] {scheduler_job.py:190} INFO - Processing /home/airflow/.local/lib/python3.6/site-packages/airflow/example_dags/example_branch_operator.py took 0.149 seconds
[2023-07-21 07:20:48,692] {scheduler_job.py:182} INFO - Started process (PID=74652) to work on /home/airflow/.local/lib/python3.6/site-packages/airflow/example_dags/example_branch_operator.py
[2023-07-21 07:20:48,697] {scheduler_job.py:633} INFO - Processing file /home/airflow/.local/lib/python3.6/site-packages/airflow/example_dags/example_branch_operator.py for tasks to queue
[2023-07-21 07:20:48,699] {logging_mixin.py:104} INFO - [2023-07-21 07:20:48,699] {dagbag.py:496} INFO - Filling up the DagBag from /home/airflow/.local/lib/python3.6/site-packages/airflow/example_dags/example_branch_operator.py
[2023-07-21 07:20:48,722] {scheduler_job.py:643} INFO - DAG(s) dict_keys(['example_branch_operator']) retrieved from /home/airflow/.local/lib/python3.6/site-packages/airflow/example_dags/example_branch_operator.py
[2023-07-21 07:20:48,751] {logging_mixin.py:104} INFO - [2023-07-21 07:20:48,751] {dag.py:1833} INFO - Sync 1 DAGs
[2023-07-21 07:20:48,769] {logging_mixin.py:104} INFO - [2023-07-21 07:20:48,769] {dag.py:2306} INFO - Setting next_dagrun for example_branch_operator to 2023-07-19 00:00:00+00:00
[2023-07-21 07:20:48,785] {scheduler_job.py:190} INFO - Processing /home/airflow/.local/lib/python3.6/site-packages/airflow/example_dags/example_branch_operator.py took 0.108 seconds
[2023-07-21 07:21:19,119] {scheduler_job.py:182} INFO - Started process (PID=74703) to work on /home/airflow/.local/lib/python3.6/site-packages/airflow/example_dags/example_branch_operator.py
[2023-07-21 07:21:19,123] {scheduler_job.py:633} INFO - Processing file /home/airflow/.local/lib/python3.6/site-packages/airflow/example_dags/example_branch_operator.py for tasks to queue
[2023-07-21 07:21:19,125] {logging_mixin.py:104} INFO - [2023-07-21 07:21:19,125] {dagbag.py:496} INFO - Filling up the DagBag from /home/airflow/.local/lib/python3.6/site-packages/airflow/example_dags/example_branch_operator.py
[2023-07-21 07:21:19,174] {scheduler_job.py:643} INFO - DAG(s) dict_keys(['example_branch_operator']) retrieved from /home/airflow/.local/lib/python3.6/site-packages/airflow/example_dags/example_branch_operator.py
[2023-07-21 07:21:19,226] {logging_mixin.py:104} INFO - [2023-07-21 07:21:19,225] {dag.py:1833} INFO - Sync 1 DAGs
[2023-07-21 07:21:19,262] {logging_mixin.py:104} INFO - [2023-07-21 07:21:19,261] {dag.py:2306} INFO - Setting next_dagrun for example_branch_operator to 2023-07-19 00:00:00+00:00
[2023-07-21 07:21:19,283] {scheduler_job.py:190} INFO - Processing /home/airflow/.local/lib/python3.6/site-packages/airflow/example_dags/example_branch_operator.py took 0.172 seconds
[2023-07-21 07:21:50,207] {scheduler_job.py:182} INFO - Started process (PID=74753) to work on /home/airflow/.local/lib/python3.6/site-packages/airflow/example_dags/example_branch_operator.py
[2023-07-21 07:21:50,227] {scheduler_job.py:633} INFO - Processing file /home/airflow/.local/lib/python3.6/site-packages/airflow/example_dags/example_branch_operator.py for tasks to queue
[2023-07-21 07:21:50,243] {logging_mixin.py:104} INFO - [2023-07-21 07:21:50,242] {dagbag.py:496} INFO - Filling up the DagBag from /home/airflow/.local/lib/python3.6/site-packages/airflow/example_dags/example_branch_operator.py
[2023-07-21 07:21:50,298] {scheduler_job.py:643} INFO - DAG(s) dict_keys(['example_branch_operator']) retrieved from /home/airflow/.local/lib/python3.6/site-packages/airflow/example_dags/example_branch_operator.py
[2023-07-21 07:21:50,392] {logging_mixin.py:104} INFO - [2023-07-21 07:21:50,392] {dag.py:1833} INFO - Sync 1 DAGs
[2023-07-21 07:21:50,473] {logging_mixin.py:104} INFO - [2023-07-21 07:21:50,473] {dag.py:2306} INFO - Setting next_dagrun for example_branch_operator to 2023-07-19 00:00:00+00:00
[2023-07-21 07:21:50,493] {scheduler_job.py:190} INFO - Processing /home/airflow/.local/lib/python3.6/site-packages/airflow/example_dags/example_branch_operator.py took 0.305 seconds
[2023-07-21 07:22:21,245] {scheduler_job.py:182} INFO - Started process (PID=74814) to work on /home/airflow/.local/lib/python3.6/site-packages/airflow/example_dags/example_branch_operator.py
[2023-07-21 07:22:21,249] {scheduler_job.py:633} INFO - Processing file /home/airflow/.local/lib/python3.6/site-packages/airflow/example_dags/example_branch_operator.py for tasks to queue
[2023-07-21 07:22:21,257] {logging_mixin.py:104} INFO - [2023-07-21 07:22:21,257] {dagbag.py:496} INFO - Filling up the DagBag from /home/airflow/.local/lib/python3.6/site-packages/airflow/example_dags/example_branch_operator.py
[2023-07-21 07:22:21,353] {scheduler_job.py:643} INFO - DAG(s) dict_keys(['example_branch_operator']) retrieved from /home/airflow/.local/lib/python3.6/site-packages/airflow/example_dags/example_branch_operator.py
[2023-07-21 07:22:21,423] {logging_mixin.py:104} INFO - [2023-07-21 07:22:21,423] {dag.py:1833} INFO - Sync 1 DAGs
[2023-07-21 07:22:21,451] {logging_mixin.py:104} INFO - [2023-07-21 07:22:21,451] {dag.py:2306} INFO - Setting next_dagrun for example_branch_operator to 2023-07-19 00:00:00+00:00
[2023-07-21 07:22:21,468] {scheduler_job.py:190} INFO - Processing /home/airflow/.local/lib/python3.6/site-packages/airflow/example_dags/example_branch_operator.py took 0.232 seconds
[2023-07-21 07:22:51,918] {scheduler_job.py:182} INFO - Started process (PID=74864) to work on /home/airflow/.local/lib/python3.6/site-packages/airflow/example_dags/example_branch_operator.py
[2023-07-21 07:22:51,926] {scheduler_job.py:633} INFO - Processing file /home/airflow/.local/lib/python3.6/site-packages/airflow/example_dags/example_branch_operator.py for tasks to queue
[2023-07-21 07:22:51,928] {logging_mixin.py:104} INFO - [2023-07-21 07:22:51,928] {dagbag.py:496} INFO - Filling up the DagBag from /home/airflow/.local/lib/python3.6/site-packages/airflow/example_dags/example_branch_operator.py
[2023-07-21 07:22:52,022] {scheduler_job.py:643} INFO - DAG(s) dict_keys(['example_branch_operator']) retrieved from /home/airflow/.local/lib/python3.6/site-packages/airflow/example_dags/example_branch_operator.py
[2023-07-21 07:22:52,113] {logging_mixin.py:104} INFO - [2023-07-21 07:22:52,112] {dag.py:1833} INFO - Sync 1 DAGs
[2023-07-21 07:22:52,164] {logging_mixin.py:104} INFO - [2023-07-21 07:22:52,164] {dag.py:2306} INFO - Setting next_dagrun for example_branch_operator to 2023-07-19 00:00:00+00:00
[2023-07-21 07:22:52,180] {scheduler_job.py:190} INFO - Processing /home/airflow/.local/lib/python3.6/site-packages/airflow/example_dags/example_branch_operator.py took 0.286 seconds
[2023-07-21 07:23:22,446] {scheduler_job.py:182} INFO - Started process (PID=74915) to work on /home/airflow/.local/lib/python3.6/site-packages/airflow/example_dags/example_branch_operator.py
[2023-07-21 07:23:22,452] {scheduler_job.py:633} INFO - Processing file /home/airflow/.local/lib/python3.6/site-packages/airflow/example_dags/example_branch_operator.py for tasks to queue
[2023-07-21 07:23:22,454] {logging_mixin.py:104} INFO - [2023-07-21 07:23:22,454] {dagbag.py:496} INFO - Filling up the DagBag from /home/airflow/.local/lib/python3.6/site-packages/airflow/example_dags/example_branch_operator.py
[2023-07-21 07:23:22,487] {scheduler_job.py:643} INFO - DAG(s) dict_keys(['example_branch_operator']) retrieved from /home/airflow/.local/lib/python3.6/site-packages/airflow/example_dags/example_branch_operator.py
[2023-07-21 07:23:22,529] {logging_mixin.py:104} INFO - [2023-07-21 07:23:22,529] {dag.py:1833} INFO - Sync 1 DAGs
[2023-07-21 07:23:22,557] {logging_mixin.py:104} INFO - [2023-07-21 07:23:22,557] {dag.py:2306} INFO - Setting next_dagrun for example_branch_operator to 2023-07-19 00:00:00+00:00
[2023-07-21 07:23:22,574] {scheduler_job.py:190} INFO - Processing /home/airflow/.local/lib/python3.6/site-packages/airflow/example_dags/example_branch_operator.py took 0.137 seconds
[2023-07-21 07:23:52,858] {scheduler_job.py:182} INFO - Started process (PID=74977) to work on /home/airflow/.local/lib/python3.6/site-packages/airflow/example_dags/example_branch_operator.py
[2023-07-21 07:23:52,866] {scheduler_job.py:633} INFO - Processing file /home/airflow/.local/lib/python3.6/site-packages/airflow/example_dags/example_branch_operator.py for tasks to queue
[2023-07-21 07:23:52,882] {logging_mixin.py:104} INFO - [2023-07-21 07:23:52,881] {dagbag.py:496} INFO - Filling up the DagBag from /home/airflow/.local/lib/python3.6/site-packages/airflow/example_dags/example_branch_operator.py
[2023-07-21 07:23:52,932] {scheduler_job.py:643} INFO - DAG(s) dict_keys(['example_branch_operator']) retrieved from /home/airflow/.local/lib/python3.6/site-packages/airflow/example_dags/example_branch_operator.py
[2023-07-21 07:23:53,026] {logging_mixin.py:104} INFO - [2023-07-21 07:23:53,025] {dag.py:1833} INFO - Sync 1 DAGs
[2023-07-21 07:23:53,077] {logging_mixin.py:104} INFO - [2023-07-21 07:23:53,075] {dag.py:2306} INFO - Setting next_dagrun for example_branch_operator to 2023-07-19 00:00:00+00:00
[2023-07-21 07:23:53,121] {scheduler_job.py:190} INFO - Processing /home/airflow/.local/lib/python3.6/site-packages/airflow/example_dags/example_branch_operator.py took 0.300 seconds
[2023-07-21 07:24:23,320] {scheduler_job.py:182} INFO - Started process (PID=75027) to work on /home/airflow/.local/lib/python3.6/site-packages/airflow/example_dags/example_branch_operator.py
[2023-07-21 07:24:23,327] {scheduler_job.py:633} INFO - Processing file /home/airflow/.local/lib/python3.6/site-packages/airflow/example_dags/example_branch_operator.py for tasks to queue
[2023-07-21 07:24:23,331] {logging_mixin.py:104} INFO - [2023-07-21 07:24:23,331] {dagbag.py:496} INFO - Filling up the DagBag from /home/airflow/.local/lib/python3.6/site-packages/airflow/example_dags/example_branch_operator.py
[2023-07-21 07:24:23,398] {scheduler_job.py:643} INFO - DAG(s) dict_keys(['example_branch_operator']) retrieved from /home/airflow/.local/lib/python3.6/site-packages/airflow/example_dags/example_branch_operator.py
[2023-07-21 07:24:23,469] {logging_mixin.py:104} INFO - [2023-07-21 07:24:23,469] {dag.py:1833} INFO - Sync 1 DAGs
[2023-07-21 07:24:23,489] {logging_mixin.py:104} INFO - [2023-07-21 07:24:23,489] {dag.py:2306} INFO - Setting next_dagrun for example_branch_operator to 2023-07-19 00:00:00+00:00
[2023-07-21 07:24:23,513] {scheduler_job.py:190} INFO - Processing /home/airflow/.local/lib/python3.6/site-packages/airflow/example_dags/example_branch_operator.py took 0.201 seconds
[2023-07-21 07:24:54,042] {scheduler_job.py:182} INFO - Started process (PID=75077) to work on /home/airflow/.local/lib/python3.6/site-packages/airflow/example_dags/example_branch_operator.py
[2023-07-21 07:24:54,047] {scheduler_job.py:633} INFO - Processing file /home/airflow/.local/lib/python3.6/site-packages/airflow/example_dags/example_branch_operator.py for tasks to queue
[2023-07-21 07:24:54,050] {logging_mixin.py:104} INFO - [2023-07-21 07:24:54,049] {dagbag.py:496} INFO - Filling up the DagBag from /home/airflow/.local/lib/python3.6/site-packages/airflow/example_dags/example_branch_operator.py
[2023-07-21 07:24:54,140] {scheduler_job.py:643} INFO - DAG(s) dict_keys(['example_branch_operator']) retrieved from /home/airflow/.local/lib/python3.6/site-packages/airflow/example_dags/example_branch_operator.py
[2023-07-21 07:24:54,208] {logging_mixin.py:104} INFO - [2023-07-21 07:24:54,208] {dag.py:1833} INFO - Sync 1 DAGs
[2023-07-21 07:24:54,239] {logging_mixin.py:104} INFO - [2023-07-21 07:24:54,239] {dag.py:2306} INFO - Setting next_dagrun for example_branch_operator to 2023-07-19 00:00:00+00:00
[2023-07-21 07:24:54,261] {scheduler_job.py:190} INFO - Processing /home/airflow/.local/lib/python3.6/site-packages/airflow/example_dags/example_branch_operator.py took 0.240 seconds
[2023-07-21 07:25:24,417] {scheduler_job.py:182} INFO - Started process (PID=75127) to work on /home/airflow/.local/lib/python3.6/site-packages/airflow/example_dags/example_branch_operator.py
[2023-07-21 07:25:24,422] {scheduler_job.py:633} INFO - Processing file /home/airflow/.local/lib/python3.6/site-packages/airflow/example_dags/example_branch_operator.py for tasks to queue
[2023-07-21 07:25:24,425] {logging_mixin.py:104} INFO - [2023-07-21 07:25:24,425] {dagbag.py:496} INFO - Filling up the DagBag from /home/airflow/.local/lib/python3.6/site-packages/airflow/example_dags/example_branch_operator.py
[2023-07-21 07:25:24,456] {scheduler_job.py:643} INFO - DAG(s) dict_keys(['example_branch_operator']) retrieved from /home/airflow/.local/lib/python3.6/site-packages/airflow/example_dags/example_branch_operator.py
[2023-07-21 07:25:24,507] {logging_mixin.py:104} INFO - [2023-07-21 07:25:24,507] {dag.py:1833} INFO - Sync 1 DAGs
[2023-07-21 07:25:24,540] {logging_mixin.py:104} INFO - [2023-07-21 07:25:24,540] {dag.py:2306} INFO - Setting next_dagrun for example_branch_operator to 2023-07-19 00:00:00+00:00
[2023-07-21 07:25:24,568] {scheduler_job.py:190} INFO - Processing /home/airflow/.local/lib/python3.6/site-packages/airflow/example_dags/example_branch_operator.py took 0.162 seconds
[2023-07-21 07:25:55,060] {scheduler_job.py:182} INFO - Started process (PID=75178) to work on /home/airflow/.local/lib/python3.6/site-packages/airflow/example_dags/example_branch_operator.py
[2023-07-21 07:25:55,065] {scheduler_job.py:633} INFO - Processing file /home/airflow/.local/lib/python3.6/site-packages/airflow/example_dags/example_branch_operator.py for tasks to queue
[2023-07-21 07:25:55,076] {logging_mixin.py:104} INFO - [2023-07-21 07:25:55,075] {dagbag.py:496} INFO - Filling up the DagBag from /home/airflow/.local/lib/python3.6/site-packages/airflow/example_dags/example_branch_operator.py
[2023-07-21 07:25:55,194] {scheduler_job.py:643} INFO - DAG(s) dict_keys(['example_branch_operator']) retrieved from /home/airflow/.local/lib/python3.6/site-packages/airflow/example_dags/example_branch_operator.py
[2023-07-21 07:25:55,267] {logging_mixin.py:104} INFO - [2023-07-21 07:25:55,267] {dag.py:1833} INFO - Sync 1 DAGs
[2023-07-21 07:25:55,301] {logging_mixin.py:104} INFO - [2023-07-21 07:25:55,301] {dag.py:2306} INFO - Setting next_dagrun for example_branch_operator to 2023-07-19 00:00:00+00:00
[2023-07-21 07:25:55,325] {scheduler_job.py:190} INFO - Processing /home/airflow/.local/lib/python3.6/site-packages/airflow/example_dags/example_branch_operator.py took 0.273 seconds
[2023-07-21 07:26:25,498] {scheduler_job.py:182} INFO - Started process (PID=75238) to work on /home/airflow/.local/lib/python3.6/site-packages/airflow/example_dags/example_branch_operator.py
[2023-07-21 07:26:25,514] {scheduler_job.py:633} INFO - Processing file /home/airflow/.local/lib/python3.6/site-packages/airflow/example_dags/example_branch_operator.py for tasks to queue
[2023-07-21 07:26:25,516] {logging_mixin.py:104} INFO - [2023-07-21 07:26:25,516] {dagbag.py:496} INFO - Filling up the DagBag from /home/airflow/.local/lib/python3.6/site-packages/airflow/example_dags/example_branch_operator.py
[2023-07-21 07:26:25,594] {scheduler_job.py:643} INFO - DAG(s) dict_keys(['example_branch_operator']) retrieved from /home/airflow/.local/lib/python3.6/site-packages/airflow/example_dags/example_branch_operator.py
[2023-07-21 07:26:25,652] {logging_mixin.py:104} INFO - [2023-07-21 07:26:25,652] {dag.py:1833} INFO - Sync 1 DAGs
[2023-07-21 07:26:25,709] {logging_mixin.py:104} INFO - [2023-07-21 07:26:25,709] {dag.py:2306} INFO - Setting next_dagrun for example_branch_operator to 2023-07-19 00:00:00+00:00
[2023-07-21 07:26:25,754] {scheduler_job.py:190} INFO - Processing /home/airflow/.local/lib/python3.6/site-packages/airflow/example_dags/example_branch_operator.py took 0.269 seconds
[2023-07-21 07:26:56,199] {scheduler_job.py:182} INFO - Started process (PID=75290) to work on /home/airflow/.local/lib/python3.6/site-packages/airflow/example_dags/example_branch_operator.py
[2023-07-21 07:26:56,204] {scheduler_job.py:633} INFO - Processing file /home/airflow/.local/lib/python3.6/site-packages/airflow/example_dags/example_branch_operator.py for tasks to queue
[2023-07-21 07:26:56,207] {logging_mixin.py:104} INFO - [2023-07-21 07:26:56,207] {dagbag.py:496} INFO - Filling up the DagBag from /home/airflow/.local/lib/python3.6/site-packages/airflow/example_dags/example_branch_operator.py
[2023-07-21 07:26:56,237] {scheduler_job.py:643} INFO - DAG(s) dict_keys(['example_branch_operator']) retrieved from /home/airflow/.local/lib/python3.6/site-packages/airflow/example_dags/example_branch_operator.py
[2023-07-21 07:26:56,276] {logging_mixin.py:104} INFO - [2023-07-21 07:26:56,276] {dag.py:1833} INFO - Sync 1 DAGs
[2023-07-21 07:26:56,315] {logging_mixin.py:104} INFO - [2023-07-21 07:26:56,315] {dag.py:2306} INFO - Setting next_dagrun for example_branch_operator to 2023-07-19 00:00:00+00:00
[2023-07-21 07:26:56,357] {scheduler_job.py:190} INFO - Processing /home/airflow/.local/lib/python3.6/site-packages/airflow/example_dags/example_branch_operator.py took 0.167 seconds
[2023-07-21 07:27:26,802] {scheduler_job.py:182} INFO - Started process (PID=75341) to work on /home/airflow/.local/lib/python3.6/site-packages/airflow/example_dags/example_branch_operator.py
[2023-07-21 07:27:26,805] {scheduler_job.py:633} INFO - Processing file /home/airflow/.local/lib/python3.6/site-packages/airflow/example_dags/example_branch_operator.py for tasks to queue
[2023-07-21 07:27:26,808] {logging_mixin.py:104} INFO - [2023-07-21 07:27:26,808] {dagbag.py:496} INFO - Filling up the DagBag from /home/airflow/.local/lib/python3.6/site-packages/airflow/example_dags/example_branch_operator.py
[2023-07-21 07:27:26,839] {scheduler_job.py:643} INFO - DAG(s) dict_keys(['example_branch_operator']) retrieved from /home/airflow/.local/lib/python3.6/site-packages/airflow/example_dags/example_branch_operator.py
[2023-07-21 07:27:26,873] {logging_mixin.py:104} INFO - [2023-07-21 07:27:26,873] {dag.py:1833} INFO - Sync 1 DAGs
[2023-07-21 07:27:26,898] {logging_mixin.py:104} INFO - [2023-07-21 07:27:26,897] {dag.py:2306} INFO - Setting next_dagrun for example_branch_operator to 2023-07-19 00:00:00+00:00
[2023-07-21 07:27:26,915] {scheduler_job.py:190} INFO - Processing /home/airflow/.local/lib/python3.6/site-packages/airflow/example_dags/example_branch_operator.py took 0.120 seconds
