[2023-07-21 07:13:50,027] {scheduler_job.py:182} INFO - Started process (PID=73934) to work on /home/airflow/.local/lib/python3.6/site-packages/airflow/example_dags/example_branch_labels.py
[2023-07-21 07:13:50,034] {scheduler_job.py:633} INFO - Processing file /home/airflow/.local/lib/python3.6/site-packages/airflow/example_dags/example_branch_labels.py for tasks to queue
[2023-07-21 07:13:50,040] {logging_mixin.py:104} INFO - [2023-07-21 07:13:50,040] {dagbag.py:496} INFO - Filling up the DagBag from /home/airflow/.local/lib/python3.6/site-packages/airflow/example_dags/example_branch_labels.py
[2023-07-21 07:13:50,166] {scheduler_job.py:643} INFO - DAG(s) dict_keys(['example_branch_labels']) retrieved from /home/airflow/.local/lib/python3.6/site-packages/airflow/example_dags/example_branch_labels.py
[2023-07-21 07:13:53,396] {logging_mixin.py:104} INFO - [2023-07-21 07:13:53,396] {dag.py:1833} INFO - Sync 1 DAGs
[2023-07-21 07:13:53,513] {logging_mixin.py:104} INFO - [2023-07-21 07:13:53,512] {dag.py:2306} INFO - Setting next_dagrun for example_branch_labels to 2023-07-19 00:00:00+00:00
[2023-07-21 07:13:53,593] {scheduler_job.py:190} INFO - Processing /home/airflow/.local/lib/python3.6/site-packages/airflow/example_dags/example_branch_labels.py took 3.584 seconds
[2023-07-21 07:14:24,461] {scheduler_job.py:182} INFO - Started process (PID=73985) to work on /home/airflow/.local/lib/python3.6/site-packages/airflow/example_dags/example_branch_labels.py
[2023-07-21 07:14:24,475] {scheduler_job.py:633} INFO - Processing file /home/airflow/.local/lib/python3.6/site-packages/airflow/example_dags/example_branch_labels.py for tasks to queue
[2023-07-21 07:14:24,479] {logging_mixin.py:104} INFO - [2023-07-21 07:14:24,479] {dagbag.py:496} INFO - Filling up the DagBag from /home/airflow/.local/lib/python3.6/site-packages/airflow/example_dags/example_branch_labels.py
[2023-07-21 07:14:24,560] {scheduler_job.py:643} INFO - DAG(s) dict_keys(['example_branch_labels']) retrieved from /home/airflow/.local/lib/python3.6/site-packages/airflow/example_dags/example_branch_labels.py
[2023-07-21 07:14:24,647] {logging_mixin.py:104} INFO - [2023-07-21 07:14:24,646] {dag.py:1833} INFO - Sync 1 DAGs
[2023-07-21 07:14:24,737] {logging_mixin.py:104} INFO - [2023-07-21 07:14:24,737] {dag.py:2306} INFO - Setting next_dagrun for example_branch_labels to 2023-07-19 00:00:00+00:00
[2023-07-21 07:14:24,783] {scheduler_job.py:190} INFO - Processing /home/airflow/.local/lib/python3.6/site-packages/airflow/example_dags/example_branch_labels.py took 0.338 seconds
[2023-07-21 07:14:55,040] {scheduler_job.py:182} INFO - Started process (PID=74036) to work on /home/airflow/.local/lib/python3.6/site-packages/airflow/example_dags/example_branch_labels.py
[2023-07-21 07:14:55,051] {scheduler_job.py:633} INFO - Processing file /home/airflow/.local/lib/python3.6/site-packages/airflow/example_dags/example_branch_labels.py for tasks to queue
[2023-07-21 07:14:55,057] {logging_mixin.py:104} INFO - [2023-07-21 07:14:55,057] {dagbag.py:496} INFO - Filling up the DagBag from /home/airflow/.local/lib/python3.6/site-packages/airflow/example_dags/example_branch_labels.py
[2023-07-21 07:14:55,153] {scheduler_job.py:643} INFO - DAG(s) dict_keys(['example_branch_labels']) retrieved from /home/airflow/.local/lib/python3.6/site-packages/airflow/example_dags/example_branch_labels.py
[2023-07-21 07:14:55,266] {logging_mixin.py:104} INFO - [2023-07-21 07:14:55,266] {dag.py:1833} INFO - Sync 1 DAGs
[2023-07-21 07:14:55,332] {logging_mixin.py:104} INFO - [2023-07-21 07:14:55,332] {dag.py:2306} INFO - Setting next_dagrun for example_branch_labels to 2023-07-19 00:00:00+00:00
[2023-07-21 07:14:55,375] {scheduler_job.py:190} INFO - Processing /home/airflow/.local/lib/python3.6/site-packages/airflow/example_dags/example_branch_labels.py took 0.350 seconds
[2023-07-21 07:15:25,522] {scheduler_job.py:182} INFO - Started process (PID=74087) to work on /home/airflow/.local/lib/python3.6/site-packages/airflow/example_dags/example_branch_labels.py
[2023-07-21 07:15:25,526] {scheduler_job.py:633} INFO - Processing file /home/airflow/.local/lib/python3.6/site-packages/airflow/example_dags/example_branch_labels.py for tasks to queue
[2023-07-21 07:15:25,530] {logging_mixin.py:104} INFO - [2023-07-21 07:15:25,530] {dagbag.py:496} INFO - Filling up the DagBag from /home/airflow/.local/lib/python3.6/site-packages/airflow/example_dags/example_branch_labels.py
[2023-07-21 07:15:25,558] {scheduler_job.py:643} INFO - DAG(s) dict_keys(['example_branch_labels']) retrieved from /home/airflow/.local/lib/python3.6/site-packages/airflow/example_dags/example_branch_labels.py
[2023-07-21 07:15:25,601] {logging_mixin.py:104} INFO - [2023-07-21 07:15:25,601] {dag.py:1833} INFO - Sync 1 DAGs
[2023-07-21 07:15:25,620] {logging_mixin.py:104} INFO - [2023-07-21 07:15:25,620] {dag.py:2306} INFO - Setting next_dagrun for example_branch_labels to 2023-07-19 00:00:00+00:00
[2023-07-21 07:15:25,652] {scheduler_job.py:190} INFO - Processing /home/airflow/.local/lib/python3.6/site-packages/airflow/example_dags/example_branch_labels.py took 0.139 seconds
[2023-07-21 07:15:56,316] {scheduler_job.py:182} INFO - Started process (PID=74139) to work on /home/airflow/.local/lib/python3.6/site-packages/airflow/example_dags/example_branch_labels.py
[2023-07-21 07:15:56,321] {scheduler_job.py:633} INFO - Processing file /home/airflow/.local/lib/python3.6/site-packages/airflow/example_dags/example_branch_labels.py for tasks to queue
[2023-07-21 07:15:56,324] {logging_mixin.py:104} INFO - [2023-07-21 07:15:56,324] {dagbag.py:496} INFO - Filling up the DagBag from /home/airflow/.local/lib/python3.6/site-packages/airflow/example_dags/example_branch_labels.py
[2023-07-21 07:15:56,349] {scheduler_job.py:643} INFO - DAG(s) dict_keys(['example_branch_labels']) retrieved from /home/airflow/.local/lib/python3.6/site-packages/airflow/example_dags/example_branch_labels.py
[2023-07-21 07:15:56,381] {logging_mixin.py:104} INFO - [2023-07-21 07:15:56,381] {dag.py:1833} INFO - Sync 1 DAGs
[2023-07-21 07:15:56,406] {logging_mixin.py:104} INFO - [2023-07-21 07:15:56,405] {dag.py:2306} INFO - Setting next_dagrun for example_branch_labels to 2023-07-19 00:00:00+00:00
[2023-07-21 07:15:56,426] {scheduler_job.py:190} INFO - Processing /home/airflow/.local/lib/python3.6/site-packages/airflow/example_dags/example_branch_labels.py took 0.121 seconds
[2023-07-21 07:16:26,573] {scheduler_job.py:182} INFO - Started process (PID=74199) to work on /home/airflow/.local/lib/python3.6/site-packages/airflow/example_dags/example_branch_labels.py
[2023-07-21 07:16:26,582] {scheduler_job.py:633} INFO - Processing file /home/airflow/.local/lib/python3.6/site-packages/airflow/example_dags/example_branch_labels.py for tasks to queue
[2023-07-21 07:16:26,584] {logging_mixin.py:104} INFO - [2023-07-21 07:16:26,583] {dagbag.py:496} INFO - Filling up the DagBag from /home/airflow/.local/lib/python3.6/site-packages/airflow/example_dags/example_branch_labels.py
[2023-07-21 07:16:26,621] {scheduler_job.py:643} INFO - DAG(s) dict_keys(['example_branch_labels']) retrieved from /home/airflow/.local/lib/python3.6/site-packages/airflow/example_dags/example_branch_labels.py
[2023-07-21 07:16:26,665] {logging_mixin.py:104} INFO - [2023-07-21 07:16:26,665] {dag.py:1833} INFO - Sync 1 DAGs
[2023-07-21 07:16:26,700] {logging_mixin.py:104} INFO - [2023-07-21 07:16:26,700] {dag.py:2306} INFO - Setting next_dagrun for example_branch_labels to 2023-07-19 00:00:00+00:00
[2023-07-21 07:16:26,714] {scheduler_job.py:190} INFO - Processing /home/airflow/.local/lib/python3.6/site-packages/airflow/example_dags/example_branch_labels.py took 0.147 seconds
[2023-07-21 07:16:57,215] {scheduler_job.py:182} INFO - Started process (PID=74252) to work on /home/airflow/.local/lib/python3.6/site-packages/airflow/example_dags/example_branch_labels.py
[2023-07-21 07:16:57,223] {scheduler_job.py:633} INFO - Processing file /home/airflow/.local/lib/python3.6/site-packages/airflow/example_dags/example_branch_labels.py for tasks to queue
[2023-07-21 07:16:57,226] {logging_mixin.py:104} INFO - [2023-07-21 07:16:57,226] {dagbag.py:496} INFO - Filling up the DagBag from /home/airflow/.local/lib/python3.6/site-packages/airflow/example_dags/example_branch_labels.py
[2023-07-21 07:16:57,251] {scheduler_job.py:643} INFO - DAG(s) dict_keys(['example_branch_labels']) retrieved from /home/airflow/.local/lib/python3.6/site-packages/airflow/example_dags/example_branch_labels.py
[2023-07-21 07:16:57,285] {logging_mixin.py:104} INFO - [2023-07-21 07:16:57,285] {dag.py:1833} INFO - Sync 1 DAGs
[2023-07-21 07:16:57,306] {logging_mixin.py:104} INFO - [2023-07-21 07:16:57,306] {dag.py:2306} INFO - Setting next_dagrun for example_branch_labels to 2023-07-19 00:00:00+00:00
[2023-07-21 07:16:57,320] {scheduler_job.py:190} INFO - Processing /home/airflow/.local/lib/python3.6/site-packages/airflow/example_dags/example_branch_labels.py took 0.116 seconds
[2023-07-21 07:17:28,120] {scheduler_job.py:182} INFO - Started process (PID=74303) to work on /home/airflow/.local/lib/python3.6/site-packages/airflow/example_dags/example_branch_labels.py
[2023-07-21 07:17:28,127] {scheduler_job.py:633} INFO - Processing file /home/airflow/.local/lib/python3.6/site-packages/airflow/example_dags/example_branch_labels.py for tasks to queue
[2023-07-21 07:17:28,129] {logging_mixin.py:104} INFO - [2023-07-21 07:17:28,129] {dagbag.py:496} INFO - Filling up the DagBag from /home/airflow/.local/lib/python3.6/site-packages/airflow/example_dags/example_branch_labels.py
[2023-07-21 07:17:28,162] {scheduler_job.py:643} INFO - DAG(s) dict_keys(['example_branch_labels']) retrieved from /home/airflow/.local/lib/python3.6/site-packages/airflow/example_dags/example_branch_labels.py
[2023-07-21 07:17:28,199] {logging_mixin.py:104} INFO - [2023-07-21 07:17:28,199] {dag.py:1833} INFO - Sync 1 DAGs
[2023-07-21 07:17:28,220] {logging_mixin.py:104} INFO - [2023-07-21 07:17:28,219] {dag.py:2306} INFO - Setting next_dagrun for example_branch_labels to 2023-07-19 00:00:00+00:00
[2023-07-21 07:17:28,237] {scheduler_job.py:190} INFO - Processing /home/airflow/.local/lib/python3.6/site-packages/airflow/example_dags/example_branch_labels.py took 0.125 seconds
[2023-07-21 07:17:58,883] {scheduler_job.py:182} INFO - Started process (PID=74352) to work on /home/airflow/.local/lib/python3.6/site-packages/airflow/example_dags/example_branch_labels.py
[2023-07-21 07:17:58,889] {scheduler_job.py:633} INFO - Processing file /home/airflow/.local/lib/python3.6/site-packages/airflow/example_dags/example_branch_labels.py for tasks to queue
[2023-07-21 07:17:58,893] {logging_mixin.py:104} INFO - [2023-07-21 07:17:58,892] {dagbag.py:496} INFO - Filling up the DagBag from /home/airflow/.local/lib/python3.6/site-packages/airflow/example_dags/example_branch_labels.py
[2023-07-21 07:17:58,935] {scheduler_job.py:643} INFO - DAG(s) dict_keys(['example_branch_labels']) retrieved from /home/airflow/.local/lib/python3.6/site-packages/airflow/example_dags/example_branch_labels.py
[2023-07-21 07:17:58,982] {logging_mixin.py:104} INFO - [2023-07-21 07:17:58,981] {dag.py:1833} INFO - Sync 1 DAGs
[2023-07-21 07:17:59,024] {logging_mixin.py:104} INFO - [2023-07-21 07:17:59,024] {dag.py:2306} INFO - Setting next_dagrun for example_branch_labels to 2023-07-19 00:00:00+00:00
[2023-07-21 07:17:59,045] {scheduler_job.py:190} INFO - Processing /home/airflow/.local/lib/python3.6/site-packages/airflow/example_dags/example_branch_labels.py took 0.173 seconds
[2023-07-21 07:18:29,326] {scheduler_job.py:182} INFO - Started process (PID=74412) to work on /home/airflow/.local/lib/python3.6/site-packages/airflow/example_dags/example_branch_labels.py
[2023-07-21 07:18:29,329] {scheduler_job.py:633} INFO - Processing file /home/airflow/.local/lib/python3.6/site-packages/airflow/example_dags/example_branch_labels.py for tasks to queue
[2023-07-21 07:18:29,333] {logging_mixin.py:104} INFO - [2023-07-21 07:18:29,333] {dagbag.py:496} INFO - Filling up the DagBag from /home/airflow/.local/lib/python3.6/site-packages/airflow/example_dags/example_branch_labels.py
[2023-07-21 07:18:29,394] {scheduler_job.py:643} INFO - DAG(s) dict_keys(['example_branch_labels']) retrieved from /home/airflow/.local/lib/python3.6/site-packages/airflow/example_dags/example_branch_labels.py
[2023-07-21 07:18:29,462] {logging_mixin.py:104} INFO - [2023-07-21 07:18:29,461] {dag.py:1833} INFO - Sync 1 DAGs
[2023-07-21 07:18:29,518] {logging_mixin.py:104} INFO - [2023-07-21 07:18:29,518] {dag.py:2306} INFO - Setting next_dagrun for example_branch_labels to 2023-07-19 00:00:00+00:00
[2023-07-21 07:18:29,556] {scheduler_job.py:190} INFO - Processing /home/airflow/.local/lib/python3.6/site-packages/airflow/example_dags/example_branch_labels.py took 0.239 seconds
[2023-07-21 07:19:00,158] {scheduler_job.py:182} INFO - Started process (PID=74464) to work on /home/airflow/.local/lib/python3.6/site-packages/airflow/example_dags/example_branch_labels.py
[2023-07-21 07:19:00,164] {scheduler_job.py:633} INFO - Processing file /home/airflow/.local/lib/python3.6/site-packages/airflow/example_dags/example_branch_labels.py for tasks to queue
[2023-07-21 07:19:00,166] {logging_mixin.py:104} INFO - [2023-07-21 07:19:00,166] {dagbag.py:496} INFO - Filling up the DagBag from /home/airflow/.local/lib/python3.6/site-packages/airflow/example_dags/example_branch_labels.py
[2023-07-21 07:19:00,188] {scheduler_job.py:643} INFO - DAG(s) dict_keys(['example_branch_labels']) retrieved from /home/airflow/.local/lib/python3.6/site-packages/airflow/example_dags/example_branch_labels.py
[2023-07-21 07:19:00,217] {logging_mixin.py:104} INFO - [2023-07-21 07:19:00,217] {dag.py:1833} INFO - Sync 1 DAGs
[2023-07-21 07:19:00,237] {logging_mixin.py:104} INFO - [2023-07-21 07:19:00,237] {dag.py:2306} INFO - Setting next_dagrun for example_branch_labels to 2023-07-19 00:00:00+00:00
[2023-07-21 07:19:00,250] {scheduler_job.py:190} INFO - Processing /home/airflow/.local/lib/python3.6/site-packages/airflow/example_dags/example_branch_labels.py took 0.106 seconds
[2023-07-21 07:19:30,365] {scheduler_job.py:182} INFO - Started process (PID=74515) to work on /home/airflow/.local/lib/python3.6/site-packages/airflow/example_dags/example_branch_labels.py
[2023-07-21 07:19:30,375] {scheduler_job.py:633} INFO - Processing file /home/airflow/.local/lib/python3.6/site-packages/airflow/example_dags/example_branch_labels.py for tasks to queue
[2023-07-21 07:19:30,378] {logging_mixin.py:104} INFO - [2023-07-21 07:19:30,378] {dagbag.py:496} INFO - Filling up the DagBag from /home/airflow/.local/lib/python3.6/site-packages/airflow/example_dags/example_branch_labels.py
[2023-07-21 07:19:30,434] {scheduler_job.py:643} INFO - DAG(s) dict_keys(['example_branch_labels']) retrieved from /home/airflow/.local/lib/python3.6/site-packages/airflow/example_dags/example_branch_labels.py
[2023-07-21 07:19:30,490] {logging_mixin.py:104} INFO - [2023-07-21 07:19:30,490] {dag.py:1833} INFO - Sync 1 DAGs
[2023-07-21 07:19:30,515] {logging_mixin.py:104} INFO - [2023-07-21 07:19:30,515] {dag.py:2306} INFO - Setting next_dagrun for example_branch_labels to 2023-07-19 00:00:00+00:00
[2023-07-21 07:19:30,533] {scheduler_job.py:190} INFO - Processing /home/airflow/.local/lib/python3.6/site-packages/airflow/example_dags/example_branch_labels.py took 0.176 seconds
[2023-07-21 07:20:00,927] {scheduler_job.py:182} INFO - Started process (PID=74565) to work on /home/airflow/.local/lib/python3.6/site-packages/airflow/example_dags/example_branch_labels.py
[2023-07-21 07:20:00,937] {scheduler_job.py:633} INFO - Processing file /home/airflow/.local/lib/python3.6/site-packages/airflow/example_dags/example_branch_labels.py for tasks to queue
[2023-07-21 07:20:00,941] {logging_mixin.py:104} INFO - [2023-07-21 07:20:00,940] {dagbag.py:496} INFO - Filling up the DagBag from /home/airflow/.local/lib/python3.6/site-packages/airflow/example_dags/example_branch_labels.py
[2023-07-21 07:20:00,978] {scheduler_job.py:643} INFO - DAG(s) dict_keys(['example_branch_labels']) retrieved from /home/airflow/.local/lib/python3.6/site-packages/airflow/example_dags/example_branch_labels.py
[2023-07-21 07:20:01,008] {logging_mixin.py:104} INFO - [2023-07-21 07:20:01,008] {dag.py:1833} INFO - Sync 1 DAGs
[2023-07-21 07:20:01,026] {logging_mixin.py:104} INFO - [2023-07-21 07:20:01,026] {dag.py:2306} INFO - Setting next_dagrun for example_branch_labels to 2023-07-19 00:00:00+00:00
[2023-07-21 07:20:01,041] {scheduler_job.py:190} INFO - Processing /home/airflow/.local/lib/python3.6/site-packages/airflow/example_dags/example_branch_labels.py took 0.128 seconds
[2023-07-21 07:20:31,247] {scheduler_job.py:182} INFO - Started process (PID=74626) to work on /home/airflow/.local/lib/python3.6/site-packages/airflow/example_dags/example_branch_labels.py
[2023-07-21 07:20:31,250] {scheduler_job.py:633} INFO - Processing file /home/airflow/.local/lib/python3.6/site-packages/airflow/example_dags/example_branch_labels.py for tasks to queue
[2023-07-21 07:20:31,252] {logging_mixin.py:104} INFO - [2023-07-21 07:20:31,252] {dagbag.py:496} INFO - Filling up the DagBag from /home/airflow/.local/lib/python3.6/site-packages/airflow/example_dags/example_branch_labels.py
[2023-07-21 07:20:31,277] {scheduler_job.py:643} INFO - DAG(s) dict_keys(['example_branch_labels']) retrieved from /home/airflow/.local/lib/python3.6/site-packages/airflow/example_dags/example_branch_labels.py
[2023-07-21 07:20:31,308] {logging_mixin.py:104} INFO - [2023-07-21 07:20:31,308] {dag.py:1833} INFO - Sync 1 DAGs
[2023-07-21 07:20:31,329] {logging_mixin.py:104} INFO - [2023-07-21 07:20:31,329] {dag.py:2306} INFO - Setting next_dagrun for example_branch_labels to 2023-07-19 00:00:00+00:00
[2023-07-21 07:20:31,356] {scheduler_job.py:190} INFO - Processing /home/airflow/.local/lib/python3.6/site-packages/airflow/example_dags/example_branch_labels.py took 0.114 seconds
[2023-07-21 07:21:01,561] {scheduler_job.py:182} INFO - Started process (PID=74676) to work on /home/airflow/.local/lib/python3.6/site-packages/airflow/example_dags/example_branch_labels.py
[2023-07-21 07:21:01,564] {scheduler_job.py:633} INFO - Processing file /home/airflow/.local/lib/python3.6/site-packages/airflow/example_dags/example_branch_labels.py for tasks to queue
[2023-07-21 07:21:01,566] {logging_mixin.py:104} INFO - [2023-07-21 07:21:01,566] {dagbag.py:496} INFO - Filling up the DagBag from /home/airflow/.local/lib/python3.6/site-packages/airflow/example_dags/example_branch_labels.py
[2023-07-21 07:21:01,587] {scheduler_job.py:643} INFO - DAG(s) dict_keys(['example_branch_labels']) retrieved from /home/airflow/.local/lib/python3.6/site-packages/airflow/example_dags/example_branch_labels.py
[2023-07-21 07:21:01,618] {logging_mixin.py:104} INFO - [2023-07-21 07:21:01,618] {dag.py:1833} INFO - Sync 1 DAGs
[2023-07-21 07:21:01,641] {logging_mixin.py:104} INFO - [2023-07-21 07:21:01,641] {dag.py:2306} INFO - Setting next_dagrun for example_branch_labels to 2023-07-19 00:00:00+00:00
[2023-07-21 07:21:01,658] {scheduler_job.py:190} INFO - Processing /home/airflow/.local/lib/python3.6/site-packages/airflow/example_dags/example_branch_labels.py took 0.105 seconds
[2023-07-21 07:21:32,331] {scheduler_job.py:182} INFO - Started process (PID=74727) to work on /home/airflow/.local/lib/python3.6/site-packages/airflow/example_dags/example_branch_labels.py
[2023-07-21 07:21:32,335] {scheduler_job.py:633} INFO - Processing file /home/airflow/.local/lib/python3.6/site-packages/airflow/example_dags/example_branch_labels.py for tasks to queue
[2023-07-21 07:21:32,337] {logging_mixin.py:104} INFO - [2023-07-21 07:21:32,337] {dagbag.py:496} INFO - Filling up the DagBag from /home/airflow/.local/lib/python3.6/site-packages/airflow/example_dags/example_branch_labels.py
[2023-07-21 07:21:32,358] {scheduler_job.py:643} INFO - DAG(s) dict_keys(['example_branch_labels']) retrieved from /home/airflow/.local/lib/python3.6/site-packages/airflow/example_dags/example_branch_labels.py
[2023-07-21 07:21:32,389] {logging_mixin.py:104} INFO - [2023-07-21 07:21:32,389] {dag.py:1833} INFO - Sync 1 DAGs
[2023-07-21 07:21:32,413] {logging_mixin.py:104} INFO - [2023-07-21 07:21:32,413] {dag.py:2306} INFO - Setting next_dagrun for example_branch_labels to 2023-07-19 00:00:00+00:00
[2023-07-21 07:21:32,427] {scheduler_job.py:190} INFO - Processing /home/airflow/.local/lib/python3.6/site-packages/airflow/example_dags/example_branch_labels.py took 0.104 seconds
[2023-07-21 07:22:02,461] {scheduler_job.py:182} INFO - Started process (PID=74778) to work on /home/airflow/.local/lib/python3.6/site-packages/airflow/example_dags/example_branch_labels.py
[2023-07-21 07:22:02,463] {scheduler_job.py:633} INFO - Processing file /home/airflow/.local/lib/python3.6/site-packages/airflow/example_dags/example_branch_labels.py for tasks to queue
[2023-07-21 07:22:02,467] {logging_mixin.py:104} INFO - [2023-07-21 07:22:02,465] {dagbag.py:496} INFO - Filling up the DagBag from /home/airflow/.local/lib/python3.6/site-packages/airflow/example_dags/example_branch_labels.py
[2023-07-21 07:22:02,488] {scheduler_job.py:643} INFO - DAG(s) dict_keys(['example_branch_labels']) retrieved from /home/airflow/.local/lib/python3.6/site-packages/airflow/example_dags/example_branch_labels.py
[2023-07-21 07:22:02,524] {logging_mixin.py:104} INFO - [2023-07-21 07:22:02,524] {dag.py:1833} INFO - Sync 1 DAGs
[2023-07-21 07:22:02,547] {logging_mixin.py:104} INFO - [2023-07-21 07:22:02,547] {dag.py:2306} INFO - Setting next_dagrun for example_branch_labels to 2023-07-19 00:00:00+00:00
[2023-07-21 07:22:02,564] {scheduler_job.py:190} INFO - Processing /home/airflow/.local/lib/python3.6/site-packages/airflow/example_dags/example_branch_labels.py took 0.108 seconds
[2023-07-21 07:22:32,867] {scheduler_job.py:182} INFO - Started process (PID=74839) to work on /home/airflow/.local/lib/python3.6/site-packages/airflow/example_dags/example_branch_labels.py
[2023-07-21 07:22:32,874] {scheduler_job.py:633} INFO - Processing file /home/airflow/.local/lib/python3.6/site-packages/airflow/example_dags/example_branch_labels.py for tasks to queue
[2023-07-21 07:22:32,877] {logging_mixin.py:104} INFO - [2023-07-21 07:22:32,877] {dagbag.py:496} INFO - Filling up the DagBag from /home/airflow/.local/lib/python3.6/site-packages/airflow/example_dags/example_branch_labels.py
[2023-07-21 07:22:32,926] {scheduler_job.py:643} INFO - DAG(s) dict_keys(['example_branch_labels']) retrieved from /home/airflow/.local/lib/python3.6/site-packages/airflow/example_dags/example_branch_labels.py
[2023-07-21 07:22:32,994] {logging_mixin.py:104} INFO - [2023-07-21 07:22:32,994] {dag.py:1833} INFO - Sync 1 DAGs
[2023-07-21 07:22:33,032] {logging_mixin.py:104} INFO - [2023-07-21 07:22:33,032] {dag.py:2306} INFO - Setting next_dagrun for example_branch_labels to 2023-07-19 00:00:00+00:00
[2023-07-21 07:22:33,065] {scheduler_job.py:190} INFO - Processing /home/airflow/.local/lib/python3.6/site-packages/airflow/example_dags/example_branch_labels.py took 0.213 seconds
[2023-07-21 07:23:03,251] {scheduler_job.py:182} INFO - Started process (PID=74888) to work on /home/airflow/.local/lib/python3.6/site-packages/airflow/example_dags/example_branch_labels.py
[2023-07-21 07:23:03,255] {scheduler_job.py:633} INFO - Processing file /home/airflow/.local/lib/python3.6/site-packages/airflow/example_dags/example_branch_labels.py for tasks to queue
[2023-07-21 07:23:03,257] {logging_mixin.py:104} INFO - [2023-07-21 07:23:03,257] {dagbag.py:496} INFO - Filling up the DagBag from /home/airflow/.local/lib/python3.6/site-packages/airflow/example_dags/example_branch_labels.py
[2023-07-21 07:23:03,277] {scheduler_job.py:643} INFO - DAG(s) dict_keys(['example_branch_labels']) retrieved from /home/airflow/.local/lib/python3.6/site-packages/airflow/example_dags/example_branch_labels.py
[2023-07-21 07:23:03,309] {logging_mixin.py:104} INFO - [2023-07-21 07:23:03,308] {dag.py:1833} INFO - Sync 1 DAGs
[2023-07-21 07:23:03,346] {logging_mixin.py:104} INFO - [2023-07-21 07:23:03,346] {dag.py:2306} INFO - Setting next_dagrun for example_branch_labels to 2023-07-19 00:00:00+00:00
[2023-07-21 07:23:03,368] {scheduler_job.py:190} INFO - Processing /home/airflow/.local/lib/python3.6/site-packages/airflow/example_dags/example_branch_labels.py took 0.126 seconds
[2023-07-21 07:23:33,707] {scheduler_job.py:182} INFO - Started process (PID=74939) to work on /home/airflow/.local/lib/python3.6/site-packages/airflow/example_dags/example_branch_labels.py
[2023-07-21 07:23:33,712] {scheduler_job.py:633} INFO - Processing file /home/airflow/.local/lib/python3.6/site-packages/airflow/example_dags/example_branch_labels.py for tasks to queue
[2023-07-21 07:23:33,716] {logging_mixin.py:104} INFO - [2023-07-21 07:23:33,716] {dagbag.py:496} INFO - Filling up the DagBag from /home/airflow/.local/lib/python3.6/site-packages/airflow/example_dags/example_branch_labels.py
[2023-07-21 07:23:33,743] {scheduler_job.py:643} INFO - DAG(s) dict_keys(['example_branch_labels']) retrieved from /home/airflow/.local/lib/python3.6/site-packages/airflow/example_dags/example_branch_labels.py
[2023-07-21 07:23:33,787] {logging_mixin.py:104} INFO - [2023-07-21 07:23:33,786] {dag.py:1833} INFO - Sync 1 DAGs
[2023-07-21 07:23:33,808] {logging_mixin.py:104} INFO - [2023-07-21 07:23:33,808] {dag.py:2306} INFO - Setting next_dagrun for example_branch_labels to 2023-07-19 00:00:00+00:00
[2023-07-21 07:23:33,826] {scheduler_job.py:190} INFO - Processing /home/airflow/.local/lib/python3.6/site-packages/airflow/example_dags/example_branch_labels.py took 0.126 seconds
[2023-07-21 07:24:04,013] {scheduler_job.py:182} INFO - Started process (PID=74998) to work on /home/airflow/.local/lib/python3.6/site-packages/airflow/example_dags/example_branch_labels.py
[2023-07-21 07:24:04,015] {scheduler_job.py:633} INFO - Processing file /home/airflow/.local/lib/python3.6/site-packages/airflow/example_dags/example_branch_labels.py for tasks to queue
[2023-07-21 07:24:04,017] {logging_mixin.py:104} INFO - [2023-07-21 07:24:04,017] {dagbag.py:496} INFO - Filling up the DagBag from /home/airflow/.local/lib/python3.6/site-packages/airflow/example_dags/example_branch_labels.py
[2023-07-21 07:24:04,037] {scheduler_job.py:643} INFO - DAG(s) dict_keys(['example_branch_labels']) retrieved from /home/airflow/.local/lib/python3.6/site-packages/airflow/example_dags/example_branch_labels.py
[2023-07-21 07:24:04,086] {logging_mixin.py:104} INFO - [2023-07-21 07:24:04,086] {dag.py:1833} INFO - Sync 1 DAGs
[2023-07-21 07:24:04,104] {logging_mixin.py:104} INFO - [2023-07-21 07:24:04,104] {dag.py:2306} INFO - Setting next_dagrun for example_branch_labels to 2023-07-19 00:00:00+00:00
[2023-07-21 07:24:04,117] {scheduler_job.py:190} INFO - Processing /home/airflow/.local/lib/python3.6/site-packages/airflow/example_dags/example_branch_labels.py took 0.110 seconds
[2023-07-21 07:24:34,873] {scheduler_job.py:182} INFO - Started process (PID=75051) to work on /home/airflow/.local/lib/python3.6/site-packages/airflow/example_dags/example_branch_labels.py
[2023-07-21 07:24:34,877] {scheduler_job.py:633} INFO - Processing file /home/airflow/.local/lib/python3.6/site-packages/airflow/example_dags/example_branch_labels.py for tasks to queue
[2023-07-21 07:24:34,880] {logging_mixin.py:104} INFO - [2023-07-21 07:24:34,880] {dagbag.py:496} INFO - Filling up the DagBag from /home/airflow/.local/lib/python3.6/site-packages/airflow/example_dags/example_branch_labels.py
[2023-07-21 07:24:34,905] {scheduler_job.py:643} INFO - DAG(s) dict_keys(['example_branch_labels']) retrieved from /home/airflow/.local/lib/python3.6/site-packages/airflow/example_dags/example_branch_labels.py
[2023-07-21 07:24:34,941] {logging_mixin.py:104} INFO - [2023-07-21 07:24:34,941] {dag.py:1833} INFO - Sync 1 DAGs
[2023-07-21 07:24:34,959] {logging_mixin.py:104} INFO - [2023-07-21 07:24:34,959] {dag.py:2306} INFO - Setting next_dagrun for example_branch_labels to 2023-07-19 00:00:00+00:00
[2023-07-21 07:24:34,973] {scheduler_job.py:190} INFO - Processing /home/airflow/.local/lib/python3.6/site-packages/airflow/example_dags/example_branch_labels.py took 0.110 seconds
[2023-07-21 07:25:05,198] {scheduler_job.py:182} INFO - Started process (PID=75100) to work on /home/airflow/.local/lib/python3.6/site-packages/airflow/example_dags/example_branch_labels.py
[2023-07-21 07:25:05,208] {scheduler_job.py:633} INFO - Processing file /home/airflow/.local/lib/python3.6/site-packages/airflow/example_dags/example_branch_labels.py for tasks to queue
[2023-07-21 07:25:05,212] {logging_mixin.py:104} INFO - [2023-07-21 07:25:05,212] {dagbag.py:496} INFO - Filling up the DagBag from /home/airflow/.local/lib/python3.6/site-packages/airflow/example_dags/example_branch_labels.py
[2023-07-21 07:25:05,237] {scheduler_job.py:643} INFO - DAG(s) dict_keys(['example_branch_labels']) retrieved from /home/airflow/.local/lib/python3.6/site-packages/airflow/example_dags/example_branch_labels.py
[2023-07-21 07:25:05,269] {logging_mixin.py:104} INFO - [2023-07-21 07:25:05,269] {dag.py:1833} INFO - Sync 1 DAGs
[2023-07-21 07:25:05,290] {logging_mixin.py:104} INFO - [2023-07-21 07:25:05,289] {dag.py:2306} INFO - Setting next_dagrun for example_branch_labels to 2023-07-19 00:00:00+00:00
[2023-07-21 07:25:05,304] {scheduler_job.py:190} INFO - Processing /home/airflow/.local/lib/python3.6/site-packages/airflow/example_dags/example_branch_labels.py took 0.114 seconds
[2023-07-21 07:25:35,706] {scheduler_job.py:182} INFO - Started process (PID=75150) to work on /home/airflow/.local/lib/python3.6/site-packages/airflow/example_dags/example_branch_labels.py
[2023-07-21 07:25:35,709] {scheduler_job.py:633} INFO - Processing file /home/airflow/.local/lib/python3.6/site-packages/airflow/example_dags/example_branch_labels.py for tasks to queue
[2023-07-21 07:25:35,712] {logging_mixin.py:104} INFO - [2023-07-21 07:25:35,712] {dagbag.py:496} INFO - Filling up the DagBag from /home/airflow/.local/lib/python3.6/site-packages/airflow/example_dags/example_branch_labels.py
[2023-07-21 07:25:35,739] {scheduler_job.py:643} INFO - DAG(s) dict_keys(['example_branch_labels']) retrieved from /home/airflow/.local/lib/python3.6/site-packages/airflow/example_dags/example_branch_labels.py
[2023-07-21 07:25:35,772] {logging_mixin.py:104} INFO - [2023-07-21 07:25:35,772] {dag.py:1833} INFO - Sync 1 DAGs
[2023-07-21 07:25:35,795] {logging_mixin.py:104} INFO - [2023-07-21 07:25:35,794] {dag.py:2306} INFO - Setting next_dagrun for example_branch_labels to 2023-07-19 00:00:00+00:00
[2023-07-21 07:25:35,811] {scheduler_job.py:190} INFO - Processing /home/airflow/.local/lib/python3.6/site-packages/airflow/example_dags/example_branch_labels.py took 0.111 seconds
[2023-07-21 07:26:06,320] {scheduler_job.py:182} INFO - Started process (PID=75201) to work on /home/airflow/.local/lib/python3.6/site-packages/airflow/example_dags/example_branch_labels.py
[2023-07-21 07:26:06,328] {scheduler_job.py:633} INFO - Processing file /home/airflow/.local/lib/python3.6/site-packages/airflow/example_dags/example_branch_labels.py for tasks to queue
[2023-07-21 07:26:06,333] {logging_mixin.py:104} INFO - [2023-07-21 07:26:06,333] {dagbag.py:496} INFO - Filling up the DagBag from /home/airflow/.local/lib/python3.6/site-packages/airflow/example_dags/example_branch_labels.py
[2023-07-21 07:26:06,392] {scheduler_job.py:643} INFO - DAG(s) dict_keys(['example_branch_labels']) retrieved from /home/airflow/.local/lib/python3.6/site-packages/airflow/example_dags/example_branch_labels.py
[2023-07-21 07:26:06,464] {logging_mixin.py:104} INFO - [2023-07-21 07:26:06,458] {dag.py:1833} INFO - Sync 1 DAGs
[2023-07-21 07:26:06,509] {logging_mixin.py:104} INFO - [2023-07-21 07:26:06,509] {dag.py:2306} INFO - Setting next_dagrun for example_branch_labels to 2023-07-19 00:00:00+00:00
[2023-07-21 07:26:06,559] {scheduler_job.py:190} INFO - Processing /home/airflow/.local/lib/python3.6/site-packages/airflow/example_dags/example_branch_labels.py took 0.247 seconds
[2023-07-21 07:26:36,930] {scheduler_job.py:182} INFO - Started process (PID=75252) to work on /home/airflow/.local/lib/python3.6/site-packages/airflow/example_dags/example_branch_labels.py
[2023-07-21 07:26:36,933] {scheduler_job.py:633} INFO - Processing file /home/airflow/.local/lib/python3.6/site-packages/airflow/example_dags/example_branch_labels.py for tasks to queue
[2023-07-21 07:26:36,935] {logging_mixin.py:104} INFO - [2023-07-21 07:26:36,934] {dagbag.py:496} INFO - Filling up the DagBag from /home/airflow/.local/lib/python3.6/site-packages/airflow/example_dags/example_branch_labels.py
[2023-07-21 07:26:36,963] {scheduler_job.py:643} INFO - DAG(s) dict_keys(['example_branch_labels']) retrieved from /home/airflow/.local/lib/python3.6/site-packages/airflow/example_dags/example_branch_labels.py
[2023-07-21 07:26:37,003] {logging_mixin.py:104} INFO - [2023-07-21 07:26:37,003] {dag.py:1833} INFO - Sync 1 DAGs
[2023-07-21 07:26:37,031] {logging_mixin.py:104} INFO - [2023-07-21 07:26:37,030] {dag.py:2306} INFO - Setting next_dagrun for example_branch_labels to 2023-07-19 00:00:00+00:00
[2023-07-21 07:26:37,045] {scheduler_job.py:190} INFO - Processing /home/airflow/.local/lib/python3.6/site-packages/airflow/example_dags/example_branch_labels.py took 0.119 seconds
[2023-07-21 07:27:07,828] {scheduler_job.py:182} INFO - Started process (PID=75313) to work on /home/airflow/.local/lib/python3.6/site-packages/airflow/example_dags/example_branch_labels.py
[2023-07-21 07:27:07,831] {scheduler_job.py:633} INFO - Processing file /home/airflow/.local/lib/python3.6/site-packages/airflow/example_dags/example_branch_labels.py for tasks to queue
[2023-07-21 07:27:07,833] {logging_mixin.py:104} INFO - [2023-07-21 07:27:07,832] {dagbag.py:496} INFO - Filling up the DagBag from /home/airflow/.local/lib/python3.6/site-packages/airflow/example_dags/example_branch_labels.py
[2023-07-21 07:27:07,854] {scheduler_job.py:643} INFO - DAG(s) dict_keys(['example_branch_labels']) retrieved from /home/airflow/.local/lib/python3.6/site-packages/airflow/example_dags/example_branch_labels.py
[2023-07-21 07:27:07,886] {logging_mixin.py:104} INFO - [2023-07-21 07:27:07,885] {dag.py:1833} INFO - Sync 1 DAGs
[2023-07-21 07:27:07,908] {logging_mixin.py:104} INFO - [2023-07-21 07:27:07,908] {dag.py:2306} INFO - Setting next_dagrun for example_branch_labels to 2023-07-19 00:00:00+00:00
[2023-07-21 07:27:07,923] {scheduler_job.py:190} INFO - Processing /home/airflow/.local/lib/python3.6/site-packages/airflow/example_dags/example_branch_labels.py took 0.100 seconds
[2023-07-21 07:27:38,545] {scheduler_job.py:182} INFO - Started process (PID=75363) to work on /home/airflow/.local/lib/python3.6/site-packages/airflow/example_dags/example_branch_labels.py
[2023-07-21 07:27:38,547] {scheduler_job.py:633} INFO - Processing file /home/airflow/.local/lib/python3.6/site-packages/airflow/example_dags/example_branch_labels.py for tasks to queue
[2023-07-21 07:27:38,549] {logging_mixin.py:104} INFO - [2023-07-21 07:27:38,549] {dagbag.py:496} INFO - Filling up the DagBag from /home/airflow/.local/lib/python3.6/site-packages/airflow/example_dags/example_branch_labels.py
[2023-07-21 07:27:38,568] {scheduler_job.py:643} INFO - DAG(s) dict_keys(['example_branch_labels']) retrieved from /home/airflow/.local/lib/python3.6/site-packages/airflow/example_dags/example_branch_labels.py
[2023-07-21 07:27:38,597] {logging_mixin.py:104} INFO - [2023-07-21 07:27:38,597] {dag.py:1833} INFO - Sync 1 DAGs
[2023-07-21 07:27:38,615] {logging_mixin.py:104} INFO - [2023-07-21 07:27:38,615] {dag.py:2306} INFO - Setting next_dagrun for example_branch_labels to 2023-07-19 00:00:00+00:00
[2023-07-21 07:27:38,629] {scheduler_job.py:190} INFO - Processing /home/airflow/.local/lib/python3.6/site-packages/airflow/example_dags/example_branch_labels.py took 0.096 seconds
