[2023-07-21 07:13:36,579] {scheduler_job.py:182} INFO - Started process (PID=73909) to work on /home/airflow/.local/lib/python3.6/site-packages/airflow/example_dags/tutorial_taskflow_api_etl.py
[2023-07-21 07:13:36,582] {scheduler_job.py:633} INFO - Processing file /home/airflow/.local/lib/python3.6/site-packages/airflow/example_dags/tutorial_taskflow_api_etl.py for tasks to queue
[2023-07-21 07:13:36,607] {logging_mixin.py:104} INFO - [2023-07-21 07:13:36,597] {dagbag.py:496} INFO - Filling up the DagBag from /home/airflow/.local/lib/python3.6/site-packages/airflow/example_dags/tutorial_taskflow_api_etl.py
[2023-07-21 07:13:36,782] {scheduler_job.py:643} INFO - DAG(s) dict_keys(['tutorial_taskflow_api_etl']) retrieved from /home/airflow/.local/lib/python3.6/site-packages/airflow/example_dags/tutorial_taskflow_api_etl.py
[2023-07-21 07:13:38,221] {logging_mixin.py:104} INFO - [2023-07-21 07:13:38,221] {dag.py:1833} INFO - Sync 1 DAGs
[2023-07-21 07:13:38,262] {logging_mixin.py:104} INFO - [2023-07-21 07:13:38,262] {dag.py:2306} INFO - Setting next_dagrun for tutorial_taskflow_api_etl to None
[2023-07-21 07:13:38,307] {scheduler_job.py:190} INFO - Processing /home/airflow/.local/lib/python3.6/site-packages/airflow/example_dags/tutorial_taskflow_api_etl.py took 1.743 seconds
[2023-07-21 07:14:08,771] {scheduler_job.py:182} INFO - Started process (PID=73950) to work on /home/airflow/.local/lib/python3.6/site-packages/airflow/example_dags/tutorial_taskflow_api_etl.py
[2023-07-21 07:14:08,775] {scheduler_job.py:633} INFO - Processing file /home/airflow/.local/lib/python3.6/site-packages/airflow/example_dags/tutorial_taskflow_api_etl.py for tasks to queue
[2023-07-21 07:14:08,781] {logging_mixin.py:104} INFO - [2023-07-21 07:14:08,781] {dagbag.py:496} INFO - Filling up the DagBag from /home/airflow/.local/lib/python3.6/site-packages/airflow/example_dags/tutorial_taskflow_api_etl.py
[2023-07-21 07:14:08,846] {scheduler_job.py:643} INFO - DAG(s) dict_keys(['tutorial_taskflow_api_etl']) retrieved from /home/airflow/.local/lib/python3.6/site-packages/airflow/example_dags/tutorial_taskflow_api_etl.py
[2023-07-21 07:14:09,614] {logging_mixin.py:104} INFO - [2023-07-21 07:14:09,613] {dag.py:1833} INFO - Sync 1 DAGs
[2023-07-21 07:14:09,658] {logging_mixin.py:104} INFO - [2023-07-21 07:14:09,658] {dag.py:2306} INFO - Setting next_dagrun for tutorial_taskflow_api_etl to None
[2023-07-21 07:14:09,682] {scheduler_job.py:190} INFO - Processing /home/airflow/.local/lib/python3.6/site-packages/airflow/example_dags/tutorial_taskflow_api_etl.py took 0.917 seconds
[2023-07-21 07:14:39,911] {scheduler_job.py:182} INFO - Started process (PID=74009) to work on /home/airflow/.local/lib/python3.6/site-packages/airflow/example_dags/tutorial_taskflow_api_etl.py
[2023-07-21 07:14:39,917] {scheduler_job.py:633} INFO - Processing file /home/airflow/.local/lib/python3.6/site-packages/airflow/example_dags/tutorial_taskflow_api_etl.py for tasks to queue
[2023-07-21 07:14:39,921] {logging_mixin.py:104} INFO - [2023-07-21 07:14:39,921] {dagbag.py:496} INFO - Filling up the DagBag from /home/airflow/.local/lib/python3.6/site-packages/airflow/example_dags/tutorial_taskflow_api_etl.py
[2023-07-21 07:14:39,992] {scheduler_job.py:643} INFO - DAG(s) dict_keys(['tutorial_taskflow_api_etl']) retrieved from /home/airflow/.local/lib/python3.6/site-packages/airflow/example_dags/tutorial_taskflow_api_etl.py
[2023-07-21 07:14:40,066] {logging_mixin.py:104} INFO - [2023-07-21 07:14:40,066] {dag.py:1833} INFO - Sync 1 DAGs
[2023-07-21 07:14:40,103] {logging_mixin.py:104} INFO - [2023-07-21 07:14:40,103] {dag.py:2306} INFO - Setting next_dagrun for tutorial_taskflow_api_etl to None
[2023-07-21 07:14:40,134] {scheduler_job.py:190} INFO - Processing /home/airflow/.local/lib/python3.6/site-packages/airflow/example_dags/tutorial_taskflow_api_etl.py took 0.236 seconds
[2023-07-21 07:15:10,335] {scheduler_job.py:182} INFO - Started process (PID=74059) to work on /home/airflow/.local/lib/python3.6/site-packages/airflow/example_dags/tutorial_taskflow_api_etl.py
[2023-07-21 07:15:10,339] {scheduler_job.py:633} INFO - Processing file /home/airflow/.local/lib/python3.6/site-packages/airflow/example_dags/tutorial_taskflow_api_etl.py for tasks to queue
[2023-07-21 07:15:10,350] {logging_mixin.py:104} INFO - [2023-07-21 07:15:10,350] {dagbag.py:496} INFO - Filling up the DagBag from /home/airflow/.local/lib/python3.6/site-packages/airflow/example_dags/tutorial_taskflow_api_etl.py
[2023-07-21 07:15:10,413] {scheduler_job.py:643} INFO - DAG(s) dict_keys(['tutorial_taskflow_api_etl']) retrieved from /home/airflow/.local/lib/python3.6/site-packages/airflow/example_dags/tutorial_taskflow_api_etl.py
[2023-07-21 07:15:10,468] {logging_mixin.py:104} INFO - [2023-07-21 07:15:10,468] {dag.py:1833} INFO - Sync 1 DAGs
[2023-07-21 07:15:10,532] {logging_mixin.py:104} INFO - [2023-07-21 07:15:10,532] {dag.py:2306} INFO - Setting next_dagrun for tutorial_taskflow_api_etl to None
[2023-07-21 07:15:10,572] {scheduler_job.py:190} INFO - Processing /home/airflow/.local/lib/python3.6/site-packages/airflow/example_dags/tutorial_taskflow_api_etl.py took 0.241 seconds
[2023-07-21 07:15:40,969] {scheduler_job.py:182} INFO - Started process (PID=74111) to work on /home/airflow/.local/lib/python3.6/site-packages/airflow/example_dags/tutorial_taskflow_api_etl.py
[2023-07-21 07:15:40,973] {scheduler_job.py:633} INFO - Processing file /home/airflow/.local/lib/python3.6/site-packages/airflow/example_dags/tutorial_taskflow_api_etl.py for tasks to queue
[2023-07-21 07:15:40,977] {logging_mixin.py:104} INFO - [2023-07-21 07:15:40,975] {dagbag.py:496} INFO - Filling up the DagBag from /home/airflow/.local/lib/python3.6/site-packages/airflow/example_dags/tutorial_taskflow_api_etl.py
[2023-07-21 07:15:41,019] {scheduler_job.py:643} INFO - DAG(s) dict_keys(['tutorial_taskflow_api_etl']) retrieved from /home/airflow/.local/lib/python3.6/site-packages/airflow/example_dags/tutorial_taskflow_api_etl.py
[2023-07-21 07:15:41,394] {logging_mixin.py:104} INFO - [2023-07-21 07:15:41,394] {dag.py:1833} INFO - Sync 1 DAGs
[2023-07-21 07:15:41,413] {logging_mixin.py:104} INFO - [2023-07-21 07:15:41,413] {dag.py:2306} INFO - Setting next_dagrun for tutorial_taskflow_api_etl to None
[2023-07-21 07:15:41,438] {scheduler_job.py:190} INFO - Processing /home/airflow/.local/lib/python3.6/site-packages/airflow/example_dags/tutorial_taskflow_api_etl.py took 0.475 seconds
[2023-07-21 07:16:11,657] {scheduler_job.py:182} INFO - Started process (PID=74164) to work on /home/airflow/.local/lib/python3.6/site-packages/airflow/example_dags/tutorial_taskflow_api_etl.py
[2023-07-21 07:16:11,660] {scheduler_job.py:633} INFO - Processing file /home/airflow/.local/lib/python3.6/site-packages/airflow/example_dags/tutorial_taskflow_api_etl.py for tasks to queue
[2023-07-21 07:16:11,662] {logging_mixin.py:104} INFO - [2023-07-21 07:16:11,662] {dagbag.py:496} INFO - Filling up the DagBag from /home/airflow/.local/lib/python3.6/site-packages/airflow/example_dags/tutorial_taskflow_api_etl.py
[2023-07-21 07:16:11,691] {scheduler_job.py:643} INFO - DAG(s) dict_keys(['tutorial_taskflow_api_etl']) retrieved from /home/airflow/.local/lib/python3.6/site-packages/airflow/example_dags/tutorial_taskflow_api_etl.py
[2023-07-21 07:16:11,961] {logging_mixin.py:104} INFO - [2023-07-21 07:16:11,961] {dag.py:1833} INFO - Sync 1 DAGs
[2023-07-21 07:16:11,975] {logging_mixin.py:104} INFO - [2023-07-21 07:16:11,975] {dag.py:2306} INFO - Setting next_dagrun for tutorial_taskflow_api_etl to None
[2023-07-21 07:16:11,991] {scheduler_job.py:190} INFO - Processing /home/airflow/.local/lib/python3.6/site-packages/airflow/example_dags/tutorial_taskflow_api_etl.py took 0.339 seconds
[2023-07-21 07:16:42,202] {scheduler_job.py:182} INFO - Started process (PID=74225) to work on /home/airflow/.local/lib/python3.6/site-packages/airflow/example_dags/tutorial_taskflow_api_etl.py
[2023-07-21 07:16:42,205] {scheduler_job.py:633} INFO - Processing file /home/airflow/.local/lib/python3.6/site-packages/airflow/example_dags/tutorial_taskflow_api_etl.py for tasks to queue
[2023-07-21 07:16:42,207] {logging_mixin.py:104} INFO - [2023-07-21 07:16:42,207] {dagbag.py:496} INFO - Filling up the DagBag from /home/airflow/.local/lib/python3.6/site-packages/airflow/example_dags/tutorial_taskflow_api_etl.py
[2023-07-21 07:16:42,242] {scheduler_job.py:643} INFO - DAG(s) dict_keys(['tutorial_taskflow_api_etl']) retrieved from /home/airflow/.local/lib/python3.6/site-packages/airflow/example_dags/tutorial_taskflow_api_etl.py
[2023-07-21 07:16:42,593] {logging_mixin.py:104} INFO - [2023-07-21 07:16:42,593] {dag.py:1833} INFO - Sync 1 DAGs
[2023-07-21 07:16:42,615] {logging_mixin.py:104} INFO - [2023-07-21 07:16:42,615] {dag.py:2306} INFO - Setting next_dagrun for tutorial_taskflow_api_etl to None
[2023-07-21 07:16:42,634] {scheduler_job.py:190} INFO - Processing /home/airflow/.local/lib/python3.6/site-packages/airflow/example_dags/tutorial_taskflow_api_etl.py took 0.437 seconds
[2023-07-21 07:17:12,785] {scheduler_job.py:182} INFO - Started process (PID=74278) to work on /home/airflow/.local/lib/python3.6/site-packages/airflow/example_dags/tutorial_taskflow_api_etl.py
[2023-07-21 07:17:12,788] {scheduler_job.py:633} INFO - Processing file /home/airflow/.local/lib/python3.6/site-packages/airflow/example_dags/tutorial_taskflow_api_etl.py for tasks to queue
[2023-07-21 07:17:12,789] {logging_mixin.py:104} INFO - [2023-07-21 07:17:12,789] {dagbag.py:496} INFO - Filling up the DagBag from /home/airflow/.local/lib/python3.6/site-packages/airflow/example_dags/tutorial_taskflow_api_etl.py
[2023-07-21 07:17:12,821] {scheduler_job.py:643} INFO - DAG(s) dict_keys(['tutorial_taskflow_api_etl']) retrieved from /home/airflow/.local/lib/python3.6/site-packages/airflow/example_dags/tutorial_taskflow_api_etl.py
[2023-07-21 07:17:13,093] {logging_mixin.py:104} INFO - [2023-07-21 07:17:13,093] {dag.py:1833} INFO - Sync 1 DAGs
[2023-07-21 07:17:13,111] {logging_mixin.py:104} INFO - [2023-07-21 07:17:13,111] {dag.py:2306} INFO - Setting next_dagrun for tutorial_taskflow_api_etl to None
[2023-07-21 07:17:13,143] {scheduler_job.py:190} INFO - Processing /home/airflow/.local/lib/python3.6/site-packages/airflow/example_dags/tutorial_taskflow_api_etl.py took 0.364 seconds
[2023-07-21 07:17:44,103] {scheduler_job.py:182} INFO - Started process (PID=74327) to work on /home/airflow/.local/lib/python3.6/site-packages/airflow/example_dags/tutorial_taskflow_api_etl.py
[2023-07-21 07:17:44,107] {scheduler_job.py:633} INFO - Processing file /home/airflow/.local/lib/python3.6/site-packages/airflow/example_dags/tutorial_taskflow_api_etl.py for tasks to queue
[2023-07-21 07:17:44,110] {logging_mixin.py:104} INFO - [2023-07-21 07:17:44,110] {dagbag.py:496} INFO - Filling up the DagBag from /home/airflow/.local/lib/python3.6/site-packages/airflow/example_dags/tutorial_taskflow_api_etl.py
[2023-07-21 07:17:44,142] {scheduler_job.py:643} INFO - DAG(s) dict_keys(['tutorial_taskflow_api_etl']) retrieved from /home/airflow/.local/lib/python3.6/site-packages/airflow/example_dags/tutorial_taskflow_api_etl.py
[2023-07-21 07:17:44,462] {logging_mixin.py:104} INFO - [2023-07-21 07:17:44,462] {dag.py:1833} INFO - Sync 1 DAGs
[2023-07-21 07:17:44,476] {logging_mixin.py:104} INFO - [2023-07-21 07:17:44,476] {dag.py:2306} INFO - Setting next_dagrun for tutorial_taskflow_api_etl to None
[2023-07-21 07:17:44,493] {scheduler_job.py:190} INFO - Processing /home/airflow/.local/lib/python3.6/site-packages/airflow/example_dags/tutorial_taskflow_api_etl.py took 0.395 seconds
[2023-07-21 07:18:14,633] {scheduler_job.py:182} INFO - Started process (PID=74386) to work on /home/airflow/.local/lib/python3.6/site-packages/airflow/example_dags/tutorial_taskflow_api_etl.py
[2023-07-21 07:18:14,644] {scheduler_job.py:633} INFO - Processing file /home/airflow/.local/lib/python3.6/site-packages/airflow/example_dags/tutorial_taskflow_api_etl.py for tasks to queue
[2023-07-21 07:18:14,648] {logging_mixin.py:104} INFO - [2023-07-21 07:18:14,648] {dagbag.py:496} INFO - Filling up the DagBag from /home/airflow/.local/lib/python3.6/site-packages/airflow/example_dags/tutorial_taskflow_api_etl.py
[2023-07-21 07:18:14,724] {scheduler_job.py:643} INFO - DAG(s) dict_keys(['tutorial_taskflow_api_etl']) retrieved from /home/airflow/.local/lib/python3.6/site-packages/airflow/example_dags/tutorial_taskflow_api_etl.py
[2023-07-21 07:18:15,340] {logging_mixin.py:104} INFO - [2023-07-21 07:18:15,340] {dag.py:1833} INFO - Sync 1 DAGs
[2023-07-21 07:18:15,357] {logging_mixin.py:104} INFO - [2023-07-21 07:18:15,357] {dag.py:2306} INFO - Setting next_dagrun for tutorial_taskflow_api_etl to None
[2023-07-21 07:18:15,378] {scheduler_job.py:190} INFO - Processing /home/airflow/.local/lib/python3.6/site-packages/airflow/example_dags/tutorial_taskflow_api_etl.py took 0.754 seconds
[2023-07-21 07:18:46,083] {scheduler_job.py:182} INFO - Started process (PID=74438) to work on /home/airflow/.local/lib/python3.6/site-packages/airflow/example_dags/tutorial_taskflow_api_etl.py
[2023-07-21 07:18:46,085] {scheduler_job.py:633} INFO - Processing file /home/airflow/.local/lib/python3.6/site-packages/airflow/example_dags/tutorial_taskflow_api_etl.py for tasks to queue
[2023-07-21 07:18:46,087] {logging_mixin.py:104} INFO - [2023-07-21 07:18:46,087] {dagbag.py:496} INFO - Filling up the DagBag from /home/airflow/.local/lib/python3.6/site-packages/airflow/example_dags/tutorial_taskflow_api_etl.py
[2023-07-21 07:18:46,111] {scheduler_job.py:643} INFO - DAG(s) dict_keys(['tutorial_taskflow_api_etl']) retrieved from /home/airflow/.local/lib/python3.6/site-packages/airflow/example_dags/tutorial_taskflow_api_etl.py
[2023-07-21 07:18:46,364] {logging_mixin.py:104} INFO - [2023-07-21 07:18:46,364] {dag.py:1833} INFO - Sync 1 DAGs
[2023-07-21 07:18:46,378] {logging_mixin.py:104} INFO - [2023-07-21 07:18:46,378] {dag.py:2306} INFO - Setting next_dagrun for tutorial_taskflow_api_etl to None
[2023-07-21 07:18:46,396] {scheduler_job.py:190} INFO - Processing /home/airflow/.local/lib/python3.6/site-packages/airflow/example_dags/tutorial_taskflow_api_etl.py took 0.318 seconds
[2023-07-21 07:19:16,547] {scheduler_job.py:182} INFO - Started process (PID=74490) to work on /home/airflow/.local/lib/python3.6/site-packages/airflow/example_dags/tutorial_taskflow_api_etl.py
[2023-07-21 07:19:16,552] {scheduler_job.py:633} INFO - Processing file /home/airflow/.local/lib/python3.6/site-packages/airflow/example_dags/tutorial_taskflow_api_etl.py for tasks to queue
[2023-07-21 07:19:16,556] {logging_mixin.py:104} INFO - [2023-07-21 07:19:16,556] {dagbag.py:496} INFO - Filling up the DagBag from /home/airflow/.local/lib/python3.6/site-packages/airflow/example_dags/tutorial_taskflow_api_etl.py
[2023-07-21 07:19:16,581] {scheduler_job.py:643} INFO - DAG(s) dict_keys(['tutorial_taskflow_api_etl']) retrieved from /home/airflow/.local/lib/python3.6/site-packages/airflow/example_dags/tutorial_taskflow_api_etl.py
[2023-07-21 07:19:16,837] {logging_mixin.py:104} INFO - [2023-07-21 07:19:16,837] {dag.py:1833} INFO - Sync 1 DAGs
[2023-07-21 07:19:16,852] {logging_mixin.py:104} INFO - [2023-07-21 07:19:16,852] {dag.py:2306} INFO - Setting next_dagrun for tutorial_taskflow_api_etl to None
[2023-07-21 07:19:16,873] {scheduler_job.py:190} INFO - Processing /home/airflow/.local/lib/python3.6/site-packages/airflow/example_dags/tutorial_taskflow_api_etl.py took 0.340 seconds
[2023-07-21 07:19:47,635] {scheduler_job.py:182} INFO - Started process (PID=74540) to work on /home/airflow/.local/lib/python3.6/site-packages/airflow/example_dags/tutorial_taskflow_api_etl.py
[2023-07-21 07:19:47,682] {scheduler_job.py:633} INFO - Processing file /home/airflow/.local/lib/python3.6/site-packages/airflow/example_dags/tutorial_taskflow_api_etl.py for tasks to queue
[2023-07-21 07:19:47,691] {logging_mixin.py:104} INFO - [2023-07-21 07:19:47,691] {dagbag.py:496} INFO - Filling up the DagBag from /home/airflow/.local/lib/python3.6/site-packages/airflow/example_dags/tutorial_taskflow_api_etl.py
[2023-07-21 07:19:47,828] {scheduler_job.py:643} INFO - DAG(s) dict_keys(['tutorial_taskflow_api_etl']) retrieved from /home/airflow/.local/lib/python3.6/site-packages/airflow/example_dags/tutorial_taskflow_api_etl.py
[2023-07-21 07:19:48,711] {logging_mixin.py:104} INFO - [2023-07-21 07:19:48,710] {dag.py:1833} INFO - Sync 1 DAGs
[2023-07-21 07:19:48,745] {logging_mixin.py:104} INFO - [2023-07-21 07:19:48,745] {dag.py:2306} INFO - Setting next_dagrun for tutorial_taskflow_api_etl to None
[2023-07-21 07:19:48,789] {scheduler_job.py:190} INFO - Processing /home/airflow/.local/lib/python3.6/site-packages/airflow/example_dags/tutorial_taskflow_api_etl.py took 1.192 seconds
[2023-07-21 07:20:19,135] {scheduler_job.py:182} INFO - Started process (PID=74604) to work on /home/airflow/.local/lib/python3.6/site-packages/airflow/example_dags/tutorial_taskflow_api_etl.py
[2023-07-21 07:20:19,138] {scheduler_job.py:633} INFO - Processing file /home/airflow/.local/lib/python3.6/site-packages/airflow/example_dags/tutorial_taskflow_api_etl.py for tasks to queue
[2023-07-21 07:20:19,141] {logging_mixin.py:104} INFO - [2023-07-21 07:20:19,141] {dagbag.py:496} INFO - Filling up the DagBag from /home/airflow/.local/lib/python3.6/site-packages/airflow/example_dags/tutorial_taskflow_api_etl.py
[2023-07-21 07:20:19,174] {scheduler_job.py:643} INFO - DAG(s) dict_keys(['tutorial_taskflow_api_etl']) retrieved from /home/airflow/.local/lib/python3.6/site-packages/airflow/example_dags/tutorial_taskflow_api_etl.py
[2023-07-21 07:20:19,477] {logging_mixin.py:104} INFO - [2023-07-21 07:20:19,476] {dag.py:1833} INFO - Sync 1 DAGs
[2023-07-21 07:20:19,493] {logging_mixin.py:104} INFO - [2023-07-21 07:20:19,493] {dag.py:2306} INFO - Setting next_dagrun for tutorial_taskflow_api_etl to None
[2023-07-21 07:20:19,513] {scheduler_job.py:190} INFO - Processing /home/airflow/.local/lib/python3.6/site-packages/airflow/example_dags/tutorial_taskflow_api_etl.py took 0.383 seconds
[2023-07-21 07:20:49,852] {scheduler_job.py:182} INFO - Started process (PID=74654) to work on /home/airflow/.local/lib/python3.6/site-packages/airflow/example_dags/tutorial_taskflow_api_etl.py
[2023-07-21 07:20:49,856] {scheduler_job.py:633} INFO - Processing file /home/airflow/.local/lib/python3.6/site-packages/airflow/example_dags/tutorial_taskflow_api_etl.py for tasks to queue
[2023-07-21 07:20:49,859] {logging_mixin.py:104} INFO - [2023-07-21 07:20:49,859] {dagbag.py:496} INFO - Filling up the DagBag from /home/airflow/.local/lib/python3.6/site-packages/airflow/example_dags/tutorial_taskflow_api_etl.py
[2023-07-21 07:20:49,889] {scheduler_job.py:643} INFO - DAG(s) dict_keys(['tutorial_taskflow_api_etl']) retrieved from /home/airflow/.local/lib/python3.6/site-packages/airflow/example_dags/tutorial_taskflow_api_etl.py
[2023-07-21 07:20:50,209] {logging_mixin.py:104} INFO - [2023-07-21 07:20:50,209] {dag.py:1833} INFO - Sync 1 DAGs
[2023-07-21 07:20:50,225] {logging_mixin.py:104} INFO - [2023-07-21 07:20:50,225] {dag.py:2306} INFO - Setting next_dagrun for tutorial_taskflow_api_etl to None
[2023-07-21 07:20:50,242] {scheduler_job.py:190} INFO - Processing /home/airflow/.local/lib/python3.6/site-packages/airflow/example_dags/tutorial_taskflow_api_etl.py took 0.394 seconds
[2023-07-21 07:21:20,323] {scheduler_job.py:182} INFO - Started process (PID=74705) to work on /home/airflow/.local/lib/python3.6/site-packages/airflow/example_dags/tutorial_taskflow_api_etl.py
[2023-07-21 07:21:20,331] {scheduler_job.py:633} INFO - Processing file /home/airflow/.local/lib/python3.6/site-packages/airflow/example_dags/tutorial_taskflow_api_etl.py for tasks to queue
[2023-07-21 07:21:20,334] {logging_mixin.py:104} INFO - [2023-07-21 07:21:20,334] {dagbag.py:496} INFO - Filling up the DagBag from /home/airflow/.local/lib/python3.6/site-packages/airflow/example_dags/tutorial_taskflow_api_etl.py
[2023-07-21 07:21:20,377] {scheduler_job.py:643} INFO - DAG(s) dict_keys(['tutorial_taskflow_api_etl']) retrieved from /home/airflow/.local/lib/python3.6/site-packages/airflow/example_dags/tutorial_taskflow_api_etl.py
[2023-07-21 07:21:20,924] {logging_mixin.py:104} INFO - [2023-07-21 07:21:20,924] {dag.py:1833} INFO - Sync 1 DAGs
[2023-07-21 07:21:20,945] {logging_mixin.py:104} INFO - [2023-07-21 07:21:20,945] {dag.py:2306} INFO - Setting next_dagrun for tutorial_taskflow_api_etl to None
[2023-07-21 07:21:20,965] {scheduler_job.py:190} INFO - Processing /home/airflow/.local/lib/python3.6/site-packages/airflow/example_dags/tutorial_taskflow_api_etl.py took 0.662 seconds
[2023-07-21 07:21:51,564] {scheduler_job.py:182} INFO - Started process (PID=74755) to work on /home/airflow/.local/lib/python3.6/site-packages/airflow/example_dags/tutorial_taskflow_api_etl.py
[2023-07-21 07:21:51,576] {scheduler_job.py:633} INFO - Processing file /home/airflow/.local/lib/python3.6/site-packages/airflow/example_dags/tutorial_taskflow_api_etl.py for tasks to queue
[2023-07-21 07:21:51,581] {logging_mixin.py:104} INFO - [2023-07-21 07:21:51,580] {dagbag.py:496} INFO - Filling up the DagBag from /home/airflow/.local/lib/python3.6/site-packages/airflow/example_dags/tutorial_taskflow_api_etl.py
[2023-07-21 07:21:51,635] {scheduler_job.py:643} INFO - DAG(s) dict_keys(['tutorial_taskflow_api_etl']) retrieved from /home/airflow/.local/lib/python3.6/site-packages/airflow/example_dags/tutorial_taskflow_api_etl.py
[2023-07-21 07:21:52,075] {logging_mixin.py:104} INFO - [2023-07-21 07:21:52,075] {dag.py:1833} INFO - Sync 1 DAGs
[2023-07-21 07:21:52,092] {logging_mixin.py:104} INFO - [2023-07-21 07:21:52,092] {dag.py:2306} INFO - Setting next_dagrun for tutorial_taskflow_api_etl to None
[2023-07-21 07:21:52,113] {scheduler_job.py:190} INFO - Processing /home/airflow/.local/lib/python3.6/site-packages/airflow/example_dags/tutorial_taskflow_api_etl.py took 0.556 seconds
[2023-07-21 07:22:22,489] {scheduler_job.py:182} INFO - Started process (PID=74816) to work on /home/airflow/.local/lib/python3.6/site-packages/airflow/example_dags/tutorial_taskflow_api_etl.py
[2023-07-21 07:22:22,497] {scheduler_job.py:633} INFO - Processing file /home/airflow/.local/lib/python3.6/site-packages/airflow/example_dags/tutorial_taskflow_api_etl.py for tasks to queue
[2023-07-21 07:22:22,500] {logging_mixin.py:104} INFO - [2023-07-21 07:22:22,500] {dagbag.py:496} INFO - Filling up the DagBag from /home/airflow/.local/lib/python3.6/site-packages/airflow/example_dags/tutorial_taskflow_api_etl.py
[2023-07-21 07:22:22,561] {scheduler_job.py:643} INFO - DAG(s) dict_keys(['tutorial_taskflow_api_etl']) retrieved from /home/airflow/.local/lib/python3.6/site-packages/airflow/example_dags/tutorial_taskflow_api_etl.py
[2023-07-21 07:22:23,309] {logging_mixin.py:104} INFO - [2023-07-21 07:22:23,309] {dag.py:1833} INFO - Sync 1 DAGs
[2023-07-21 07:22:23,325] {logging_mixin.py:104} INFO - [2023-07-21 07:22:23,325] {dag.py:2306} INFO - Setting next_dagrun for tutorial_taskflow_api_etl to None
[2023-07-21 07:22:23,345] {scheduler_job.py:190} INFO - Processing /home/airflow/.local/lib/python3.6/site-packages/airflow/example_dags/tutorial_taskflow_api_etl.py took 0.863 seconds
[2023-07-21 07:22:53,496] {scheduler_job.py:182} INFO - Started process (PID=74868) to work on /home/airflow/.local/lib/python3.6/site-packages/airflow/example_dags/tutorial_taskflow_api_etl.py
[2023-07-21 07:22:53,498] {scheduler_job.py:633} INFO - Processing file /home/airflow/.local/lib/python3.6/site-packages/airflow/example_dags/tutorial_taskflow_api_etl.py for tasks to queue
[2023-07-21 07:22:53,500] {logging_mixin.py:104} INFO - [2023-07-21 07:22:53,500] {dagbag.py:496} INFO - Filling up the DagBag from /home/airflow/.local/lib/python3.6/site-packages/airflow/example_dags/tutorial_taskflow_api_etl.py
[2023-07-21 07:22:53,546] {scheduler_job.py:643} INFO - DAG(s) dict_keys(['tutorial_taskflow_api_etl']) retrieved from /home/airflow/.local/lib/python3.6/site-packages/airflow/example_dags/tutorial_taskflow_api_etl.py
[2023-07-21 07:22:53,973] {logging_mixin.py:104} INFO - [2023-07-21 07:22:53,973] {dag.py:1833} INFO - Sync 1 DAGs
[2023-07-21 07:22:53,995] {logging_mixin.py:104} INFO - [2023-07-21 07:22:53,995] {dag.py:2306} INFO - Setting next_dagrun for tutorial_taskflow_api_etl to None
[2023-07-21 07:22:54,015] {scheduler_job.py:190} INFO - Processing /home/airflow/.local/lib/python3.6/site-packages/airflow/example_dags/tutorial_taskflow_api_etl.py took 0.524 seconds
[2023-07-21 07:23:24,858] {scheduler_job.py:182} INFO - Started process (PID=74929) to work on /home/airflow/.local/lib/python3.6/site-packages/airflow/example_dags/tutorial_taskflow_api_etl.py
[2023-07-21 07:23:24,861] {scheduler_job.py:633} INFO - Processing file /home/airflow/.local/lib/python3.6/site-packages/airflow/example_dags/tutorial_taskflow_api_etl.py for tasks to queue
[2023-07-21 07:23:24,864] {logging_mixin.py:104} INFO - [2023-07-21 07:23:24,864] {dagbag.py:496} INFO - Filling up the DagBag from /home/airflow/.local/lib/python3.6/site-packages/airflow/example_dags/tutorial_taskflow_api_etl.py
[2023-07-21 07:23:24,893] {scheduler_job.py:643} INFO - DAG(s) dict_keys(['tutorial_taskflow_api_etl']) retrieved from /home/airflow/.local/lib/python3.6/site-packages/airflow/example_dags/tutorial_taskflow_api_etl.py
[2023-07-21 07:23:25,205] {logging_mixin.py:104} INFO - [2023-07-21 07:23:25,204] {dag.py:1833} INFO - Sync 1 DAGs
[2023-07-21 07:23:25,222] {logging_mixin.py:104} INFO - [2023-07-21 07:23:25,222] {dag.py:2306} INFO - Setting next_dagrun for tutorial_taskflow_api_etl to None
[2023-07-21 07:23:25,243] {scheduler_job.py:190} INFO - Processing /home/airflow/.local/lib/python3.6/site-packages/airflow/example_dags/tutorial_taskflow_api_etl.py took 0.391 seconds
[2023-07-21 07:23:55,561] {scheduler_job.py:182} INFO - Started process (PID=74982) to work on /home/airflow/.local/lib/python3.6/site-packages/airflow/example_dags/tutorial_taskflow_api_etl.py
[2023-07-21 07:23:55,570] {scheduler_job.py:633} INFO - Processing file /home/airflow/.local/lib/python3.6/site-packages/airflow/example_dags/tutorial_taskflow_api_etl.py for tasks to queue
[2023-07-21 07:23:55,572] {logging_mixin.py:104} INFO - [2023-07-21 07:23:55,572] {dagbag.py:496} INFO - Filling up the DagBag from /home/airflow/.local/lib/python3.6/site-packages/airflow/example_dags/tutorial_taskflow_api_etl.py
[2023-07-21 07:23:55,614] {scheduler_job.py:643} INFO - DAG(s) dict_keys(['tutorial_taskflow_api_etl']) retrieved from /home/airflow/.local/lib/python3.6/site-packages/airflow/example_dags/tutorial_taskflow_api_etl.py
[2023-07-21 07:23:55,912] {logging_mixin.py:104} INFO - [2023-07-21 07:23:55,912] {dag.py:1833} INFO - Sync 1 DAGs
[2023-07-21 07:23:55,925] {logging_mixin.py:104} INFO - [2023-07-21 07:23:55,925] {dag.py:2306} INFO - Setting next_dagrun for tutorial_taskflow_api_etl to None
[2023-07-21 07:23:55,943] {scheduler_job.py:190} INFO - Processing /home/airflow/.local/lib/python3.6/site-packages/airflow/example_dags/tutorial_taskflow_api_etl.py took 0.409 seconds
[2023-07-21 07:24:26,903] {scheduler_job.py:182} INFO - Started process (PID=75032) to work on /home/airflow/.local/lib/python3.6/site-packages/airflow/example_dags/tutorial_taskflow_api_etl.py
[2023-07-21 07:24:26,907] {scheduler_job.py:633} INFO - Processing file /home/airflow/.local/lib/python3.6/site-packages/airflow/example_dags/tutorial_taskflow_api_etl.py for tasks to queue
[2023-07-21 07:24:26,910] {logging_mixin.py:104} INFO - [2023-07-21 07:24:26,909] {dagbag.py:496} INFO - Filling up the DagBag from /home/airflow/.local/lib/python3.6/site-packages/airflow/example_dags/tutorial_taskflow_api_etl.py
[2023-07-21 07:24:26,954] {scheduler_job.py:643} INFO - DAG(s) dict_keys(['tutorial_taskflow_api_etl']) retrieved from /home/airflow/.local/lib/python3.6/site-packages/airflow/example_dags/tutorial_taskflow_api_etl.py
[2023-07-21 07:24:27,266] {logging_mixin.py:104} INFO - [2023-07-21 07:24:27,266] {dag.py:1833} INFO - Sync 1 DAGs
[2023-07-21 07:24:27,284] {logging_mixin.py:104} INFO - [2023-07-21 07:24:27,284] {dag.py:2306} INFO - Setting next_dagrun for tutorial_taskflow_api_etl to None
[2023-07-21 07:24:27,305] {scheduler_job.py:190} INFO - Processing /home/airflow/.local/lib/python3.6/site-packages/airflow/example_dags/tutorial_taskflow_api_etl.py took 0.416 seconds
[2023-07-21 07:24:57,695] {scheduler_job.py:182} INFO - Started process (PID=75082) to work on /home/airflow/.local/lib/python3.6/site-packages/airflow/example_dags/tutorial_taskflow_api_etl.py
[2023-07-21 07:24:57,702] {scheduler_job.py:633} INFO - Processing file /home/airflow/.local/lib/python3.6/site-packages/airflow/example_dags/tutorial_taskflow_api_etl.py for tasks to queue
[2023-07-21 07:24:57,705] {logging_mixin.py:104} INFO - [2023-07-21 07:24:57,704] {dagbag.py:496} INFO - Filling up the DagBag from /home/airflow/.local/lib/python3.6/site-packages/airflow/example_dags/tutorial_taskflow_api_etl.py
[2023-07-21 07:24:57,745] {scheduler_job.py:643} INFO - DAG(s) dict_keys(['tutorial_taskflow_api_etl']) retrieved from /home/airflow/.local/lib/python3.6/site-packages/airflow/example_dags/tutorial_taskflow_api_etl.py
[2023-07-21 07:24:58,073] {logging_mixin.py:104} INFO - [2023-07-21 07:24:58,073] {dag.py:1833} INFO - Sync 1 DAGs
[2023-07-21 07:24:58,089] {logging_mixin.py:104} INFO - [2023-07-21 07:24:58,089] {dag.py:2306} INFO - Setting next_dagrun for tutorial_taskflow_api_etl to None
[2023-07-21 07:24:58,111] {scheduler_job.py:190} INFO - Processing /home/airflow/.local/lib/python3.6/site-packages/airflow/example_dags/tutorial_taskflow_api_etl.py took 0.423 seconds
[2023-07-21 07:25:28,855] {scheduler_job.py:182} INFO - Started process (PID=75142) to work on /home/airflow/.local/lib/python3.6/site-packages/airflow/example_dags/tutorial_taskflow_api_etl.py
[2023-07-21 07:25:28,864] {scheduler_job.py:633} INFO - Processing file /home/airflow/.local/lib/python3.6/site-packages/airflow/example_dags/tutorial_taskflow_api_etl.py for tasks to queue
[2023-07-21 07:25:28,872] {logging_mixin.py:104} INFO - [2023-07-21 07:25:28,871] {dagbag.py:496} INFO - Filling up the DagBag from /home/airflow/.local/lib/python3.6/site-packages/airflow/example_dags/tutorial_taskflow_api_etl.py
[2023-07-21 07:25:28,967] {scheduler_job.py:643} INFO - DAG(s) dict_keys(['tutorial_taskflow_api_etl']) retrieved from /home/airflow/.local/lib/python3.6/site-packages/airflow/example_dags/tutorial_taskflow_api_etl.py
[2023-07-21 07:25:29,629] {logging_mixin.py:104} INFO - [2023-07-21 07:25:29,629] {dag.py:1833} INFO - Sync 1 DAGs
[2023-07-21 07:25:29,661] {logging_mixin.py:104} INFO - [2023-07-21 07:25:29,661] {dag.py:2306} INFO - Setting next_dagrun for tutorial_taskflow_api_etl to None
[2023-07-21 07:25:29,696] {scheduler_job.py:190} INFO - Processing /home/airflow/.local/lib/python3.6/site-packages/airflow/example_dags/tutorial_taskflow_api_etl.py took 0.853 seconds
[2023-07-21 07:26:00,335] {scheduler_job.py:182} INFO - Started process (PID=75193) to work on /home/airflow/.local/lib/python3.6/site-packages/airflow/example_dags/tutorial_taskflow_api_etl.py
[2023-07-21 07:26:00,339] {scheduler_job.py:633} INFO - Processing file /home/airflow/.local/lib/python3.6/site-packages/airflow/example_dags/tutorial_taskflow_api_etl.py for tasks to queue
[2023-07-21 07:26:00,341] {logging_mixin.py:104} INFO - [2023-07-21 07:26:00,340] {dagbag.py:496} INFO - Filling up the DagBag from /home/airflow/.local/lib/python3.6/site-packages/airflow/example_dags/tutorial_taskflow_api_etl.py
[2023-07-21 07:26:00,370] {scheduler_job.py:643} INFO - DAG(s) dict_keys(['tutorial_taskflow_api_etl']) retrieved from /home/airflow/.local/lib/python3.6/site-packages/airflow/example_dags/tutorial_taskflow_api_etl.py
[2023-07-21 07:26:00,818] {logging_mixin.py:104} INFO - [2023-07-21 07:26:00,817] {dag.py:1833} INFO - Sync 1 DAGs
[2023-07-21 07:26:00,841] {logging_mixin.py:104} INFO - [2023-07-21 07:26:00,841] {dag.py:2306} INFO - Setting next_dagrun for tutorial_taskflow_api_etl to None
[2023-07-21 07:26:00,868] {scheduler_job.py:190} INFO - Processing /home/airflow/.local/lib/python3.6/site-packages/airflow/example_dags/tutorial_taskflow_api_etl.py took 0.537 seconds
[2023-07-21 07:26:31,242] {scheduler_job.py:182} INFO - Started process (PID=75244) to work on /home/airflow/.local/lib/python3.6/site-packages/airflow/example_dags/tutorial_taskflow_api_etl.py
[2023-07-21 07:26:31,246] {scheduler_job.py:633} INFO - Processing file /home/airflow/.local/lib/python3.6/site-packages/airflow/example_dags/tutorial_taskflow_api_etl.py for tasks to queue
[2023-07-21 07:26:31,249] {logging_mixin.py:104} INFO - [2023-07-21 07:26:31,248] {dagbag.py:496} INFO - Filling up the DagBag from /home/airflow/.local/lib/python3.6/site-packages/airflow/example_dags/tutorial_taskflow_api_etl.py
[2023-07-21 07:26:31,338] {scheduler_job.py:643} INFO - DAG(s) dict_keys(['tutorial_taskflow_api_etl']) retrieved from /home/airflow/.local/lib/python3.6/site-packages/airflow/example_dags/tutorial_taskflow_api_etl.py
[2023-07-21 07:26:31,986] {logging_mixin.py:104} INFO - [2023-07-21 07:26:31,986] {dag.py:1833} INFO - Sync 1 DAGs
[2023-07-21 07:26:32,006] {logging_mixin.py:104} INFO - [2023-07-21 07:26:32,006] {dag.py:2306} INFO - Setting next_dagrun for tutorial_taskflow_api_etl to None
[2023-07-21 07:26:32,028] {scheduler_job.py:190} INFO - Processing /home/airflow/.local/lib/python3.6/site-packages/airflow/example_dags/tutorial_taskflow_api_etl.py took 0.793 seconds
[2023-07-21 07:27:02,640] {scheduler_job.py:182} INFO - Started process (PID=75295) to work on /home/airflow/.local/lib/python3.6/site-packages/airflow/example_dags/tutorial_taskflow_api_etl.py
[2023-07-21 07:27:02,644] {scheduler_job.py:633} INFO - Processing file /home/airflow/.local/lib/python3.6/site-packages/airflow/example_dags/tutorial_taskflow_api_etl.py for tasks to queue
[2023-07-21 07:27:02,647] {logging_mixin.py:104} INFO - [2023-07-21 07:27:02,646] {dagbag.py:496} INFO - Filling up the DagBag from /home/airflow/.local/lib/python3.6/site-packages/airflow/example_dags/tutorial_taskflow_api_etl.py
[2023-07-21 07:27:02,690] {scheduler_job.py:643} INFO - DAG(s) dict_keys(['tutorial_taskflow_api_etl']) retrieved from /home/airflow/.local/lib/python3.6/site-packages/airflow/example_dags/tutorial_taskflow_api_etl.py
[2023-07-21 07:27:03,049] {logging_mixin.py:104} INFO - [2023-07-21 07:27:03,049] {dag.py:1833} INFO - Sync 1 DAGs
[2023-07-21 07:27:03,069] {logging_mixin.py:104} INFO - [2023-07-21 07:27:03,068] {dag.py:2306} INFO - Setting next_dagrun for tutorial_taskflow_api_etl to None
[2023-07-21 07:27:03,097] {scheduler_job.py:190} INFO - Processing /home/airflow/.local/lib/python3.6/site-packages/airflow/example_dags/tutorial_taskflow_api_etl.py took 0.463 seconds
[2023-07-21 07:27:33,213] {scheduler_job.py:182} INFO - Started process (PID=75355) to work on /home/airflow/.local/lib/python3.6/site-packages/airflow/example_dags/tutorial_taskflow_api_etl.py
[2023-07-21 07:27:33,221] {scheduler_job.py:633} INFO - Processing file /home/airflow/.local/lib/python3.6/site-packages/airflow/example_dags/tutorial_taskflow_api_etl.py for tasks to queue
[2023-07-21 07:27:33,223] {logging_mixin.py:104} INFO - [2023-07-21 07:27:33,223] {dagbag.py:496} INFO - Filling up the DagBag from /home/airflow/.local/lib/python3.6/site-packages/airflow/example_dags/tutorial_taskflow_api_etl.py
[2023-07-21 07:27:33,299] {scheduler_job.py:643} INFO - DAG(s) dict_keys(['tutorial_taskflow_api_etl']) retrieved from /home/airflow/.local/lib/python3.6/site-packages/airflow/example_dags/tutorial_taskflow_api_etl.py
[2023-07-21 07:27:33,856] {logging_mixin.py:104} INFO - [2023-07-21 07:27:33,856] {dag.py:1833} INFO - Sync 1 DAGs
[2023-07-21 07:27:33,870] {logging_mixin.py:104} INFO - [2023-07-21 07:27:33,870] {dag.py:2306} INFO - Setting next_dagrun for tutorial_taskflow_api_etl to None
[2023-07-21 07:27:33,887] {scheduler_job.py:190} INFO - Processing /home/airflow/.local/lib/python3.6/site-packages/airflow/example_dags/tutorial_taskflow_api_etl.py took 0.679 seconds
