[2023-07-18 18:58:33,877] {scheduler_job.py:182} INFO - Started process (PID=199) to work on /home/airflow/.local/lib/python3.6/site-packages/airflow/example_dags/example_xcomargs.py
[2023-07-18 18:58:33,880] {scheduler_job.py:633} INFO - Processing file /home/airflow/.local/lib/python3.6/site-packages/airflow/example_dags/example_xcomargs.py for tasks to queue
[2023-07-18 18:58:33,882] {logging_mixin.py:104} INFO - [2023-07-18 18:58:33,882] {dagbag.py:496} INFO - Filling up the DagBag from /home/airflow/.local/lib/python3.6/site-packages/airflow/example_dags/example_xcomargs.py
[2023-07-18 18:58:33,921] {scheduler_job.py:643} INFO - DAG(s) dict_keys(['example_xcom_args', 'example_xcom_args_with_operators']) retrieved from /home/airflow/.local/lib/python3.6/site-packages/airflow/example_dags/example_xcomargs.py
[2023-07-18 18:58:42,560] {logging_mixin.py:104} INFO - [2023-07-18 18:58:42,559] {dag.py:1833} INFO - Sync 2 DAGs
[2023-07-18 18:58:42,581] {logging_mixin.py:104} INFO - [2023-07-18 18:58:42,580] {dag.py:1852} INFO - Creating ORM DAG for example_xcom_args_with_operators
[2023-07-18 18:58:42,585] {logging_mixin.py:104} INFO - [2023-07-18 18:58:42,584] {dag.py:1852} INFO - Creating ORM DAG for example_xcom_args
[2023-07-18 18:58:42,603] {logging_mixin.py:104} INFO - [2023-07-18 18:58:42,603] {dag.py:2306} INFO - Setting next_dagrun for example_xcom_args to None
[2023-07-18 18:58:42,608] {logging_mixin.py:104} INFO - [2023-07-18 18:58:42,607] {dag.py:2306} INFO - Setting next_dagrun for example_xcom_args_with_operators to None
[2023-07-18 18:58:42,645] {scheduler_job.py:190} INFO - Processing /home/airflow/.local/lib/python3.6/site-packages/airflow/example_dags/example_xcomargs.py took 8.775 seconds
[2023-07-18 18:59:12,947] {scheduler_job.py:182} INFO - Started process (PID=274) to work on /home/airflow/.local/lib/python3.6/site-packages/airflow/example_dags/example_xcomargs.py
[2023-07-18 18:59:12,956] {scheduler_job.py:633} INFO - Processing file /home/airflow/.local/lib/python3.6/site-packages/airflow/example_dags/example_xcomargs.py for tasks to queue
[2023-07-18 18:59:12,961] {logging_mixin.py:104} INFO - [2023-07-18 18:59:12,961] {dagbag.py:496} INFO - Filling up the DagBag from /home/airflow/.local/lib/python3.6/site-packages/airflow/example_dags/example_xcomargs.py
[2023-07-18 18:59:13,019] {scheduler_job.py:643} INFO - DAG(s) dict_keys(['example_xcom_args', 'example_xcom_args_with_operators']) retrieved from /home/airflow/.local/lib/python3.6/site-packages/airflow/example_dags/example_xcomargs.py
[2023-07-18 18:59:13,312] {logging_mixin.py:104} INFO - [2023-07-18 18:59:13,312] {dag.py:1833} INFO - Sync 2 DAGs
[2023-07-18 18:59:13,331] {logging_mixin.py:104} INFO - [2023-07-18 18:59:13,331] {dag.py:2306} INFO - Setting next_dagrun for example_xcom_args to None
[2023-07-18 18:59:13,334] {logging_mixin.py:104} INFO - [2023-07-18 18:59:13,334] {dag.py:2306} INFO - Setting next_dagrun for example_xcom_args_with_operators to None
[2023-07-18 18:59:13,350] {scheduler_job.py:190} INFO - Processing /home/airflow/.local/lib/python3.6/site-packages/airflow/example_dags/example_xcomargs.py took 0.410 seconds
[2023-07-18 18:59:43,460] {scheduler_job.py:182} INFO - Started process (PID=326) to work on /home/airflow/.local/lib/python3.6/site-packages/airflow/example_dags/example_xcomargs.py
[2023-07-18 18:59:43,463] {scheduler_job.py:633} INFO - Processing file /home/airflow/.local/lib/python3.6/site-packages/airflow/example_dags/example_xcomargs.py for tasks to queue
[2023-07-18 18:59:43,465] {logging_mixin.py:104} INFO - [2023-07-18 18:59:43,465] {dagbag.py:496} INFO - Filling up the DagBag from /home/airflow/.local/lib/python3.6/site-packages/airflow/example_dags/example_xcomargs.py
[2023-07-18 18:59:43,520] {scheduler_job.py:643} INFO - DAG(s) dict_keys(['example_xcom_args', 'example_xcom_args_with_operators']) retrieved from /home/airflow/.local/lib/python3.6/site-packages/airflow/example_dags/example_xcomargs.py
[2023-07-18 18:59:43,800] {logging_mixin.py:104} INFO - [2023-07-18 18:59:43,800] {dag.py:1833} INFO - Sync 2 DAGs
[2023-07-18 18:59:43,821] {logging_mixin.py:104} INFO - [2023-07-18 18:59:43,821] {dag.py:2306} INFO - Setting next_dagrun for example_xcom_args to None
[2023-07-18 18:59:43,824] {logging_mixin.py:104} INFO - [2023-07-18 18:59:43,824] {dag.py:2306} INFO - Setting next_dagrun for example_xcom_args_with_operators to None
[2023-07-18 18:59:43,843] {scheduler_job.py:190} INFO - Processing /home/airflow/.local/lib/python3.6/site-packages/airflow/example_dags/example_xcomargs.py took 0.388 seconds
[2023-07-18 19:00:14,282] {scheduler_job.py:182} INFO - Started process (PID=376) to work on /home/airflow/.local/lib/python3.6/site-packages/airflow/example_dags/example_xcomargs.py
[2023-07-18 19:00:14,291] {scheduler_job.py:633} INFO - Processing file /home/airflow/.local/lib/python3.6/site-packages/airflow/example_dags/example_xcomargs.py for tasks to queue
[2023-07-18 19:00:14,296] {logging_mixin.py:104} INFO - [2023-07-18 19:00:14,296] {dagbag.py:496} INFO - Filling up the DagBag from /home/airflow/.local/lib/python3.6/site-packages/airflow/example_dags/example_xcomargs.py
[2023-07-18 19:00:14,366] {scheduler_job.py:643} INFO - DAG(s) dict_keys(['example_xcom_args', 'example_xcom_args_with_operators']) retrieved from /home/airflow/.local/lib/python3.6/site-packages/airflow/example_dags/example_xcomargs.py
[2023-07-18 19:00:14,691] {logging_mixin.py:104} INFO - [2023-07-18 19:00:14,690] {dag.py:1833} INFO - Sync 2 DAGs
[2023-07-18 19:00:14,712] {logging_mixin.py:104} INFO - [2023-07-18 19:00:14,712] {dag.py:2306} INFO - Setting next_dagrun for example_xcom_args to None
[2023-07-18 19:00:14,714] {logging_mixin.py:104} INFO - [2023-07-18 19:00:14,713] {dag.py:2306} INFO - Setting next_dagrun for example_xcom_args_with_operators to None
[2023-07-18 19:00:14,730] {scheduler_job.py:190} INFO - Processing /home/airflow/.local/lib/python3.6/site-packages/airflow/example_dags/example_xcomargs.py took 0.472 seconds
[2023-07-18 19:00:45,121] {scheduler_job.py:182} INFO - Started process (PID=434) to work on /home/airflow/.local/lib/python3.6/site-packages/airflow/example_dags/example_xcomargs.py
[2023-07-18 19:00:45,126] {scheduler_job.py:633} INFO - Processing file /home/airflow/.local/lib/python3.6/site-packages/airflow/example_dags/example_xcomargs.py for tasks to queue
[2023-07-18 19:00:45,139] {logging_mixin.py:104} INFO - [2023-07-18 19:00:45,138] {dagbag.py:496} INFO - Filling up the DagBag from /home/airflow/.local/lib/python3.6/site-packages/airflow/example_dags/example_xcomargs.py
[2023-07-18 19:00:45,232] {scheduler_job.py:643} INFO - DAG(s) dict_keys(['example_xcom_args', 'example_xcom_args_with_operators']) retrieved from /home/airflow/.local/lib/python3.6/site-packages/airflow/example_dags/example_xcomargs.py
[2023-07-18 19:00:46,145] {logging_mixin.py:104} INFO - [2023-07-18 19:00:46,145] {dag.py:1833} INFO - Sync 2 DAGs
[2023-07-18 19:00:46,194] {logging_mixin.py:104} INFO - [2023-07-18 19:00:46,194] {dag.py:2306} INFO - Setting next_dagrun for example_xcom_args to None
[2023-07-18 19:00:46,198] {logging_mixin.py:104} INFO - [2023-07-18 19:00:46,198] {dag.py:2306} INFO - Setting next_dagrun for example_xcom_args_with_operators to None
[2023-07-18 19:00:46,251] {scheduler_job.py:190} INFO - Processing /home/airflow/.local/lib/python3.6/site-packages/airflow/example_dags/example_xcomargs.py took 1.155 seconds
[2023-07-18 19:01:16,785] {scheduler_job.py:182} INFO - Started process (PID=487) to work on /home/airflow/.local/lib/python3.6/site-packages/airflow/example_dags/example_xcomargs.py
[2023-07-18 19:01:16,795] {scheduler_job.py:633} INFO - Processing file /home/airflow/.local/lib/python3.6/site-packages/airflow/example_dags/example_xcomargs.py for tasks to queue
[2023-07-18 19:01:16,798] {logging_mixin.py:104} INFO - [2023-07-18 19:01:16,798] {dagbag.py:496} INFO - Filling up the DagBag from /home/airflow/.local/lib/python3.6/site-packages/airflow/example_dags/example_xcomargs.py
[2023-07-18 19:01:16,841] {scheduler_job.py:643} INFO - DAG(s) dict_keys(['example_xcom_args', 'example_xcom_args_with_operators']) retrieved from /home/airflow/.local/lib/python3.6/site-packages/airflow/example_dags/example_xcomargs.py
[2023-07-18 19:01:17,344] {logging_mixin.py:104} INFO - [2023-07-18 19:01:17,344] {dag.py:1833} INFO - Sync 2 DAGs
[2023-07-18 19:01:17,382] {logging_mixin.py:104} INFO - [2023-07-18 19:01:17,382] {dag.py:2306} INFO - Setting next_dagrun for example_xcom_args to None
[2023-07-18 19:01:17,385] {logging_mixin.py:104} INFO - [2023-07-18 19:01:17,385] {dag.py:2306} INFO - Setting next_dagrun for example_xcom_args_with_operators to None
[2023-07-18 19:01:17,410] {scheduler_job.py:190} INFO - Processing /home/airflow/.local/lib/python3.6/site-packages/airflow/example_dags/example_xcomargs.py took 0.631 seconds
[2023-07-18 19:01:48,218] {scheduler_job.py:182} INFO - Started process (PID=538) to work on /home/airflow/.local/lib/python3.6/site-packages/airflow/example_dags/example_xcomargs.py
[2023-07-18 19:01:48,222] {scheduler_job.py:633} INFO - Processing file /home/airflow/.local/lib/python3.6/site-packages/airflow/example_dags/example_xcomargs.py for tasks to queue
[2023-07-18 19:01:48,232] {logging_mixin.py:104} INFO - [2023-07-18 19:01:48,231] {dagbag.py:496} INFO - Filling up the DagBag from /home/airflow/.local/lib/python3.6/site-packages/airflow/example_dags/example_xcomargs.py
[2023-07-18 19:01:48,272] {scheduler_job.py:643} INFO - DAG(s) dict_keys(['example_xcom_args', 'example_xcom_args_with_operators']) retrieved from /home/airflow/.local/lib/python3.6/site-packages/airflow/example_dags/example_xcomargs.py
[2023-07-18 19:01:48,541] {logging_mixin.py:104} INFO - [2023-07-18 19:01:48,541] {dag.py:1833} INFO - Sync 2 DAGs
[2023-07-18 19:01:48,563] {logging_mixin.py:104} INFO - [2023-07-18 19:01:48,563] {dag.py:2306} INFO - Setting next_dagrun for example_xcom_args to None
[2023-07-18 19:01:48,564] {logging_mixin.py:104} INFO - [2023-07-18 19:01:48,564] {dag.py:2306} INFO - Setting next_dagrun for example_xcom_args_with_operators to None
[2023-07-18 19:01:48,582] {scheduler_job.py:190} INFO - Processing /home/airflow/.local/lib/python3.6/site-packages/airflow/example_dags/example_xcomargs.py took 0.372 seconds
[2023-07-18 19:02:18,880] {scheduler_job.py:182} INFO - Started process (PID=589) to work on /home/airflow/.local/lib/python3.6/site-packages/airflow/example_dags/example_xcomargs.py
[2023-07-18 19:02:18,886] {scheduler_job.py:633} INFO - Processing file /home/airflow/.local/lib/python3.6/site-packages/airflow/example_dags/example_xcomargs.py for tasks to queue
[2023-07-18 19:02:18,898] {logging_mixin.py:104} INFO - [2023-07-18 19:02:18,894] {dagbag.py:496} INFO - Filling up the DagBag from /home/airflow/.local/lib/python3.6/site-packages/airflow/example_dags/example_xcomargs.py
[2023-07-18 19:02:18,971] {scheduler_job.py:643} INFO - DAG(s) dict_keys(['example_xcom_args', 'example_xcom_args_with_operators']) retrieved from /home/airflow/.local/lib/python3.6/site-packages/airflow/example_dags/example_xcomargs.py
[2023-07-18 19:02:19,869] {logging_mixin.py:104} INFO - [2023-07-18 19:02:19,869] {dag.py:1833} INFO - Sync 2 DAGs
[2023-07-18 19:02:19,902] {logging_mixin.py:104} INFO - [2023-07-18 19:02:19,902] {dag.py:2306} INFO - Setting next_dagrun for example_xcom_args to None
[2023-07-18 19:02:19,905] {logging_mixin.py:104} INFO - [2023-07-18 19:02:19,905] {dag.py:2306} INFO - Setting next_dagrun for example_xcom_args_with_operators to None
[2023-07-18 19:02:19,927] {scheduler_job.py:190} INFO - Processing /home/airflow/.local/lib/python3.6/site-packages/airflow/example_dags/example_xcomargs.py took 1.055 seconds
[2023-07-18 19:02:50,353] {scheduler_job.py:182} INFO - Started process (PID=650) to work on /home/airflow/.local/lib/python3.6/site-packages/airflow/example_dags/example_xcomargs.py
[2023-07-18 19:02:50,359] {scheduler_job.py:633} INFO - Processing file /home/airflow/.local/lib/python3.6/site-packages/airflow/example_dags/example_xcomargs.py for tasks to queue
[2023-07-18 19:02:50,365] {logging_mixin.py:104} INFO - [2023-07-18 19:02:50,365] {dagbag.py:496} INFO - Filling up the DagBag from /home/airflow/.local/lib/python3.6/site-packages/airflow/example_dags/example_xcomargs.py
[2023-07-18 19:02:50,455] {scheduler_job.py:643} INFO - DAG(s) dict_keys(['example_xcom_args', 'example_xcom_args_with_operators']) retrieved from /home/airflow/.local/lib/python3.6/site-packages/airflow/example_dags/example_xcomargs.py
[2023-07-18 19:02:51,288] {logging_mixin.py:104} INFO - [2023-07-18 19:02:51,287] {dag.py:1833} INFO - Sync 2 DAGs
[2023-07-18 19:02:51,331] {logging_mixin.py:104} INFO - [2023-07-18 19:02:51,331] {dag.py:2306} INFO - Setting next_dagrun for example_xcom_args to None
[2023-07-18 19:02:51,335] {logging_mixin.py:104} INFO - [2023-07-18 19:02:51,335] {dag.py:2306} INFO - Setting next_dagrun for example_xcom_args_with_operators to None
[2023-07-18 19:02:51,435] {scheduler_job.py:190} INFO - Processing /home/airflow/.local/lib/python3.6/site-packages/airflow/example_dags/example_xcomargs.py took 1.112 seconds
[2023-07-18 19:03:21,519] {scheduler_job.py:182} INFO - Started process (PID=703) to work on /home/airflow/.local/lib/python3.6/site-packages/airflow/example_dags/example_xcomargs.py
[2023-07-18 19:03:21,525] {scheduler_job.py:633} INFO - Processing file /home/airflow/.local/lib/python3.6/site-packages/airflow/example_dags/example_xcomargs.py for tasks to queue
[2023-07-18 19:03:21,531] {logging_mixin.py:104} INFO - [2023-07-18 19:03:21,530] {dagbag.py:496} INFO - Filling up the DagBag from /home/airflow/.local/lib/python3.6/site-packages/airflow/example_dags/example_xcomargs.py
[2023-07-18 19:03:21,600] {scheduler_job.py:643} INFO - DAG(s) dict_keys(['example_xcom_args', 'example_xcom_args_with_operators']) retrieved from /home/airflow/.local/lib/python3.6/site-packages/airflow/example_dags/example_xcomargs.py
[2023-07-18 19:03:21,913] {logging_mixin.py:104} INFO - [2023-07-18 19:03:21,912] {dag.py:1833} INFO - Sync 2 DAGs
[2023-07-18 19:03:21,931] {logging_mixin.py:104} INFO - [2023-07-18 19:03:21,931] {dag.py:2306} INFO - Setting next_dagrun for example_xcom_args to None
[2023-07-18 19:03:21,933] {logging_mixin.py:104} INFO - [2023-07-18 19:03:21,933] {dag.py:2306} INFO - Setting next_dagrun for example_xcom_args_with_operators to None
[2023-07-18 19:03:21,953] {scheduler_job.py:190} INFO - Processing /home/airflow/.local/lib/python3.6/site-packages/airflow/example_dags/example_xcomargs.py took 0.442 seconds
[2023-07-18 19:03:52,924] {scheduler_job.py:182} INFO - Started process (PID=753) to work on /home/airflow/.local/lib/python3.6/site-packages/airflow/example_dags/example_xcomargs.py
[2023-07-18 19:03:52,927] {scheduler_job.py:633} INFO - Processing file /home/airflow/.local/lib/python3.6/site-packages/airflow/example_dags/example_xcomargs.py for tasks to queue
[2023-07-18 19:03:52,928] {logging_mixin.py:104} INFO - [2023-07-18 19:03:52,928] {dagbag.py:496} INFO - Filling up the DagBag from /home/airflow/.local/lib/python3.6/site-packages/airflow/example_dags/example_xcomargs.py
[2023-07-18 19:03:52,955] {scheduler_job.py:643} INFO - DAG(s) dict_keys(['example_xcom_args', 'example_xcom_args_with_operators']) retrieved from /home/airflow/.local/lib/python3.6/site-packages/airflow/example_dags/example_xcomargs.py
[2023-07-18 19:03:53,206] {logging_mixin.py:104} INFO - [2023-07-18 19:03:53,206] {dag.py:1833} INFO - Sync 2 DAGs
[2023-07-18 19:03:53,225] {logging_mixin.py:104} INFO - [2023-07-18 19:03:53,225] {dag.py:2306} INFO - Setting next_dagrun for example_xcom_args to None
[2023-07-18 19:03:53,226] {logging_mixin.py:104} INFO - [2023-07-18 19:03:53,226] {dag.py:2306} INFO - Setting next_dagrun for example_xcom_args_with_operators to None
[2023-07-18 19:03:53,254] {scheduler_job.py:190} INFO - Processing /home/airflow/.local/lib/python3.6/site-packages/airflow/example_dags/example_xcomargs.py took 0.335 seconds
[2023-07-18 19:04:23,497] {scheduler_job.py:182} INFO - Started process (PID=803) to work on /home/airflow/.local/lib/python3.6/site-packages/airflow/example_dags/example_xcomargs.py
[2023-07-18 19:04:23,524] {scheduler_job.py:633} INFO - Processing file /home/airflow/.local/lib/python3.6/site-packages/airflow/example_dags/example_xcomargs.py for tasks to queue
[2023-07-18 19:04:23,527] {logging_mixin.py:104} INFO - [2023-07-18 19:04:23,527] {dagbag.py:496} INFO - Filling up the DagBag from /home/airflow/.local/lib/python3.6/site-packages/airflow/example_dags/example_xcomargs.py
[2023-07-18 19:04:23,623] {scheduler_job.py:643} INFO - DAG(s) dict_keys(['example_xcom_args', 'example_xcom_args_with_operators']) retrieved from /home/airflow/.local/lib/python3.6/site-packages/airflow/example_dags/example_xcomargs.py
[2023-07-18 19:04:24,085] {logging_mixin.py:104} INFO - [2023-07-18 19:04:24,085] {dag.py:1833} INFO - Sync 2 DAGs
[2023-07-18 19:04:24,129] {logging_mixin.py:104} INFO - [2023-07-18 19:04:24,129] {dag.py:2306} INFO - Setting next_dagrun for example_xcom_args to None
[2023-07-18 19:04:24,131] {logging_mixin.py:104} INFO - [2023-07-18 19:04:24,131] {dag.py:2306} INFO - Setting next_dagrun for example_xcom_args_with_operators to None
[2023-07-18 19:04:24,166] {scheduler_job.py:190} INFO - Processing /home/airflow/.local/lib/python3.6/site-packages/airflow/example_dags/example_xcomargs.py took 0.690 seconds
[2023-07-18 19:04:55,197] {scheduler_job.py:182} INFO - Started process (PID=854) to work on /home/airflow/.local/lib/python3.6/site-packages/airflow/example_dags/example_xcomargs.py
[2023-07-18 19:04:55,199] {scheduler_job.py:633} INFO - Processing file /home/airflow/.local/lib/python3.6/site-packages/airflow/example_dags/example_xcomargs.py for tasks to queue
[2023-07-18 19:04:55,201] {logging_mixin.py:104} INFO - [2023-07-18 19:04:55,200] {dagbag.py:496} INFO - Filling up the DagBag from /home/airflow/.local/lib/python3.6/site-packages/airflow/example_dags/example_xcomargs.py
[2023-07-18 19:04:55,228] {scheduler_job.py:643} INFO - DAG(s) dict_keys(['example_xcom_args', 'example_xcom_args_with_operators']) retrieved from /home/airflow/.local/lib/python3.6/site-packages/airflow/example_dags/example_xcomargs.py
[2023-07-18 19:04:55,263] {logging_mixin.py:104} INFO - [2023-07-18 19:04:55,263] {dag.py:1833} INFO - Sync 2 DAGs
[2023-07-18 19:04:55,286] {logging_mixin.py:104} INFO - [2023-07-18 19:04:55,286] {dag.py:2306} INFO - Setting next_dagrun for example_xcom_args to None
[2023-07-18 19:04:55,288] {logging_mixin.py:104} INFO - [2023-07-18 19:04:55,288] {dag.py:2306} INFO - Setting next_dagrun for example_xcom_args_with_operators to None
[2023-07-18 19:04:55,303] {scheduler_job.py:190} INFO - Processing /home/airflow/.local/lib/python3.6/site-packages/airflow/example_dags/example_xcomargs.py took 0.112 seconds
[2023-07-18 19:05:25,604] {scheduler_job.py:182} INFO - Started process (PID=905) to work on /home/airflow/.local/lib/python3.6/site-packages/airflow/example_dags/example_xcomargs.py
[2023-07-18 19:05:25,608] {scheduler_job.py:633} INFO - Processing file /home/airflow/.local/lib/python3.6/site-packages/airflow/example_dags/example_xcomargs.py for tasks to queue
[2023-07-18 19:05:25,611] {logging_mixin.py:104} INFO - [2023-07-18 19:05:25,611] {dagbag.py:496} INFO - Filling up the DagBag from /home/airflow/.local/lib/python3.6/site-packages/airflow/example_dags/example_xcomargs.py
[2023-07-18 19:05:25,640] {scheduler_job.py:643} INFO - DAG(s) dict_keys(['example_xcom_args', 'example_xcom_args_with_operators']) retrieved from /home/airflow/.local/lib/python3.6/site-packages/airflow/example_dags/example_xcomargs.py
[2023-07-18 19:05:26,138] {logging_mixin.py:104} INFO - [2023-07-18 19:05:26,138] {dag.py:1833} INFO - Sync 2 DAGs
[2023-07-18 19:05:26,172] {logging_mixin.py:104} INFO - [2023-07-18 19:05:26,172] {dag.py:2306} INFO - Setting next_dagrun for example_xcom_args to None
[2023-07-18 19:05:26,174] {logging_mixin.py:104} INFO - [2023-07-18 19:05:26,174] {dag.py:2306} INFO - Setting next_dagrun for example_xcom_args_with_operators to None
[2023-07-18 19:05:26,203] {scheduler_job.py:190} INFO - Processing /home/airflow/.local/lib/python3.6/site-packages/airflow/example_dags/example_xcomargs.py took 0.607 seconds
[2023-07-18 19:05:57,053] {scheduler_job.py:182} INFO - Started process (PID=956) to work on /home/airflow/.local/lib/python3.6/site-packages/airflow/example_dags/example_xcomargs.py
[2023-07-18 19:05:57,060] {scheduler_job.py:633} INFO - Processing file /home/airflow/.local/lib/python3.6/site-packages/airflow/example_dags/example_xcomargs.py for tasks to queue
[2023-07-18 19:05:57,062] {logging_mixin.py:104} INFO - [2023-07-18 19:05:57,062] {dagbag.py:496} INFO - Filling up the DagBag from /home/airflow/.local/lib/python3.6/site-packages/airflow/example_dags/example_xcomargs.py
[2023-07-18 19:05:57,133] {scheduler_job.py:643} INFO - DAG(s) dict_keys(['example_xcom_args', 'example_xcom_args_with_operators']) retrieved from /home/airflow/.local/lib/python3.6/site-packages/airflow/example_dags/example_xcomargs.py
[2023-07-18 19:05:59,024] {logging_mixin.py:104} INFO - [2023-07-18 19:05:59,024] {dag.py:1833} INFO - Sync 2 DAGs
[2023-07-18 19:05:59,093] {logging_mixin.py:104} INFO - [2023-07-18 19:05:59,093] {dag.py:2306} INFO - Setting next_dagrun for example_xcom_args to None
[2023-07-18 19:05:59,104] {logging_mixin.py:104} INFO - [2023-07-18 19:05:59,104] {dag.py:2306} INFO - Setting next_dagrun for example_xcom_args_with_operators to None
[2023-07-18 19:05:59,167] {scheduler_job.py:190} INFO - Processing /home/airflow/.local/lib/python3.6/site-packages/airflow/example_dags/example_xcomargs.py took 2.133 seconds
[2023-07-18 19:06:29,398] {scheduler_job.py:182} INFO - Started process (PID=1007) to work on /home/airflow/.local/lib/python3.6/site-packages/airflow/example_dags/example_xcomargs.py
[2023-07-18 19:06:29,407] {scheduler_job.py:633} INFO - Processing file /home/airflow/.local/lib/python3.6/site-packages/airflow/example_dags/example_xcomargs.py for tasks to queue
[2023-07-18 19:06:29,409] {logging_mixin.py:104} INFO - [2023-07-18 19:06:29,408] {dagbag.py:496} INFO - Filling up the DagBag from /home/airflow/.local/lib/python3.6/site-packages/airflow/example_dags/example_xcomargs.py
[2023-07-18 19:06:29,515] {scheduler_job.py:643} INFO - DAG(s) dict_keys(['example_xcom_args', 'example_xcom_args_with_operators']) retrieved from /home/airflow/.local/lib/python3.6/site-packages/airflow/example_dags/example_xcomargs.py
[2023-07-18 19:06:29,577] {logging_mixin.py:104} INFO - [2023-07-18 19:06:29,577] {dag.py:1833} INFO - Sync 2 DAGs
[2023-07-18 19:06:29,655] {logging_mixin.py:104} INFO - [2023-07-18 19:06:29,655] {dag.py:2306} INFO - Setting next_dagrun for example_xcom_args to None
[2023-07-18 19:06:29,658] {logging_mixin.py:104} INFO - [2023-07-18 19:06:29,658] {dag.py:2306} INFO - Setting next_dagrun for example_xcom_args_with_operators to None
[2023-07-18 19:06:29,680] {scheduler_job.py:190} INFO - Processing /home/airflow/.local/lib/python3.6/site-packages/airflow/example_dags/example_xcomargs.py took 0.297 seconds
[2023-07-18 19:07:00,389] {scheduler_job.py:182} INFO - Started process (PID=1058) to work on /home/airflow/.local/lib/python3.6/site-packages/airflow/example_dags/example_xcomargs.py
[2023-07-18 19:07:00,392] {scheduler_job.py:633} INFO - Processing file /home/airflow/.local/lib/python3.6/site-packages/airflow/example_dags/example_xcomargs.py for tasks to queue
[2023-07-18 19:07:00,395] {logging_mixin.py:104} INFO - [2023-07-18 19:07:00,394] {dagbag.py:496} INFO - Filling up the DagBag from /home/airflow/.local/lib/python3.6/site-packages/airflow/example_dags/example_xcomargs.py
[2023-07-18 19:07:00,443] {scheduler_job.py:643} INFO - DAG(s) dict_keys(['example_xcom_args', 'example_xcom_args_with_operators']) retrieved from /home/airflow/.local/lib/python3.6/site-packages/airflow/example_dags/example_xcomargs.py
[2023-07-18 19:07:00,789] {logging_mixin.py:104} INFO - [2023-07-18 19:07:00,788] {dag.py:1833} INFO - Sync 2 DAGs
[2023-07-18 19:07:00,808] {logging_mixin.py:104} INFO - [2023-07-18 19:07:00,808] {dag.py:2306} INFO - Setting next_dagrun for example_xcom_args to None
[2023-07-18 19:07:00,810] {logging_mixin.py:104} INFO - [2023-07-18 19:07:00,810] {dag.py:2306} INFO - Setting next_dagrun for example_xcom_args_with_operators to None
[2023-07-18 19:07:00,829] {scheduler_job.py:190} INFO - Processing /home/airflow/.local/lib/python3.6/site-packages/airflow/example_dags/example_xcomargs.py took 0.448 seconds
[2023-07-18 19:07:31,033] {scheduler_job.py:182} INFO - Started process (PID=1108) to work on /home/airflow/.local/lib/python3.6/site-packages/airflow/example_dags/example_xcomargs.py
[2023-07-18 19:07:31,045] {scheduler_job.py:633} INFO - Processing file /home/airflow/.local/lib/python3.6/site-packages/airflow/example_dags/example_xcomargs.py for tasks to queue
[2023-07-18 19:07:31,051] {logging_mixin.py:104} INFO - [2023-07-18 19:07:31,051] {dagbag.py:496} INFO - Filling up the DagBag from /home/airflow/.local/lib/python3.6/site-packages/airflow/example_dags/example_xcomargs.py
[2023-07-18 19:07:31,107] {scheduler_job.py:643} INFO - DAG(s) dict_keys(['example_xcom_args', 'example_xcom_args_with_operators']) retrieved from /home/airflow/.local/lib/python3.6/site-packages/airflow/example_dags/example_xcomargs.py
[2023-07-18 19:07:31,387] {logging_mixin.py:104} INFO - [2023-07-18 19:07:31,387] {dag.py:1833} INFO - Sync 2 DAGs
[2023-07-18 19:07:31,413] {logging_mixin.py:104} INFO - [2023-07-18 19:07:31,413] {dag.py:2306} INFO - Setting next_dagrun for example_xcom_args to None
[2023-07-18 19:07:31,415] {logging_mixin.py:104} INFO - [2023-07-18 19:07:31,415] {dag.py:2306} INFO - Setting next_dagrun for example_xcom_args_with_operators to None
[2023-07-18 19:07:31,435] {scheduler_job.py:190} INFO - Processing /home/airflow/.local/lib/python3.6/site-packages/airflow/example_dags/example_xcomargs.py took 0.412 seconds
[2023-07-18 19:08:02,171] {scheduler_job.py:182} INFO - Started process (PID=1169) to work on /home/airflow/.local/lib/python3.6/site-packages/airflow/example_dags/example_xcomargs.py
[2023-07-18 19:08:02,177] {scheduler_job.py:633} INFO - Processing file /home/airflow/.local/lib/python3.6/site-packages/airflow/example_dags/example_xcomargs.py for tasks to queue
[2023-07-18 19:08:02,181] {logging_mixin.py:104} INFO - [2023-07-18 19:08:02,179] {dagbag.py:496} INFO - Filling up the DagBag from /home/airflow/.local/lib/python3.6/site-packages/airflow/example_dags/example_xcomargs.py
[2023-07-18 19:08:02,251] {scheduler_job.py:643} INFO - DAG(s) dict_keys(['example_xcom_args', 'example_xcom_args_with_operators']) retrieved from /home/airflow/.local/lib/python3.6/site-packages/airflow/example_dags/example_xcomargs.py
[2023-07-18 19:08:02,558] {logging_mixin.py:104} INFO - [2023-07-18 19:08:02,558] {dag.py:1833} INFO - Sync 2 DAGs
[2023-07-18 19:08:02,585] {logging_mixin.py:104} INFO - [2023-07-18 19:08:02,585] {dag.py:2306} INFO - Setting next_dagrun for example_xcom_args to None
[2023-07-18 19:08:02,587] {logging_mixin.py:104} INFO - [2023-07-18 19:08:02,587] {dag.py:2306} INFO - Setting next_dagrun for example_xcom_args_with_operators to None
[2023-07-18 19:08:02,603] {scheduler_job.py:190} INFO - Processing /home/airflow/.local/lib/python3.6/site-packages/airflow/example_dags/example_xcomargs.py took 0.443 seconds
[2023-07-18 19:08:33,009] {scheduler_job.py:182} INFO - Started process (PID=1219) to work on /home/airflow/.local/lib/python3.6/site-packages/airflow/example_dags/example_xcomargs.py
[2023-07-18 19:08:33,012] {scheduler_job.py:633} INFO - Processing file /home/airflow/.local/lib/python3.6/site-packages/airflow/example_dags/example_xcomargs.py for tasks to queue
[2023-07-18 19:08:33,013] {logging_mixin.py:104} INFO - [2023-07-18 19:08:33,013] {dagbag.py:496} INFO - Filling up the DagBag from /home/airflow/.local/lib/python3.6/site-packages/airflow/example_dags/example_xcomargs.py
[2023-07-18 19:08:33,060] {scheduler_job.py:643} INFO - DAG(s) dict_keys(['example_xcom_args', 'example_xcom_args_with_operators']) retrieved from /home/airflow/.local/lib/python3.6/site-packages/airflow/example_dags/example_xcomargs.py
[2023-07-18 19:08:33,096] {logging_mixin.py:104} INFO - [2023-07-18 19:08:33,096] {dag.py:1833} INFO - Sync 2 DAGs
[2023-07-18 19:08:33,121] {logging_mixin.py:104} INFO - [2023-07-18 19:08:33,121] {dag.py:2306} INFO - Setting next_dagrun for example_xcom_args to None
[2023-07-18 19:08:33,123] {logging_mixin.py:104} INFO - [2023-07-18 19:08:33,123] {dag.py:2306} INFO - Setting next_dagrun for example_xcom_args_with_operators to None
[2023-07-18 19:08:33,146] {scheduler_job.py:190} INFO - Processing /home/airflow/.local/lib/python3.6/site-packages/airflow/example_dags/example_xcomargs.py took 0.143 seconds
