[2023-07-18 18:58:50,781] {scheduler_job.py:182} INFO - Started process (PID=226) to work on /home/airflow/.local/lib/python3.6/site-packages/airflow/example_dags/example_task_group.py
[2023-07-18 18:58:50,784] {scheduler_job.py:633} INFO - Processing file /home/airflow/.local/lib/python3.6/site-packages/airflow/example_dags/example_task_group.py for tasks to queue
[2023-07-18 18:58:50,786] {logging_mixin.py:104} INFO - [2023-07-18 18:58:50,786] {dagbag.py:496} INFO - Filling up the DagBag from /home/airflow/.local/lib/python3.6/site-packages/airflow/example_dags/example_task_group.py
[2023-07-18 18:58:50,816] {scheduler_job.py:643} INFO - DAG(s) dict_keys(['example_task_group']) retrieved from /home/airflow/.local/lib/python3.6/site-packages/airflow/example_dags/example_task_group.py
[2023-07-18 18:58:58,718] {logging_mixin.py:104} INFO - [2023-07-18 18:58:58,708] {dag.py:1833} INFO - Sync 1 DAGs
[2023-07-18 18:58:58,767] {logging_mixin.py:104} INFO - [2023-07-18 18:58:58,764] {dag.py:1852} INFO - Creating ORM DAG for example_task_group
[2023-07-18 18:58:58,798] {logging_mixin.py:104} INFO - [2023-07-18 18:58:58,798] {dag.py:2306} INFO - Setting next_dagrun for example_task_group to 2023-07-16 00:00:00+00:00
[2023-07-18 18:58:58,847] {scheduler_job.py:190} INFO - Processing /home/airflow/.local/lib/python3.6/site-packages/airflow/example_dags/example_task_group.py took 8.071 seconds
[2023-07-18 18:59:29,047] {scheduler_job.py:182} INFO - Started process (PID=293) to work on /home/airflow/.local/lib/python3.6/site-packages/airflow/example_dags/example_task_group.py
[2023-07-18 18:59:29,050] {scheduler_job.py:633} INFO - Processing file /home/airflow/.local/lib/python3.6/site-packages/airflow/example_dags/example_task_group.py for tasks to queue
[2023-07-18 18:59:29,053] {logging_mixin.py:104} INFO - [2023-07-18 18:59:29,053] {dagbag.py:496} INFO - Filling up the DagBag from /home/airflow/.local/lib/python3.6/site-packages/airflow/example_dags/example_task_group.py
[2023-07-18 18:59:29,088] {scheduler_job.py:643} INFO - DAG(s) dict_keys(['example_task_group']) retrieved from /home/airflow/.local/lib/python3.6/site-packages/airflow/example_dags/example_task_group.py
[2023-07-18 18:59:29,126] {logging_mixin.py:104} INFO - [2023-07-18 18:59:29,126] {dag.py:1833} INFO - Sync 1 DAGs
[2023-07-18 18:59:29,159] {logging_mixin.py:104} INFO - [2023-07-18 18:59:29,159] {dag.py:2306} INFO - Setting next_dagrun for example_task_group to 2023-07-16 00:00:00+00:00
[2023-07-18 18:59:29,181] {scheduler_job.py:190} INFO - Processing /home/airflow/.local/lib/python3.6/site-packages/airflow/example_dags/example_task_group.py took 0.150 seconds
[2023-07-18 19:00:00,142] {scheduler_job.py:182} INFO - Started process (PID=343) to work on /home/airflow/.local/lib/python3.6/site-packages/airflow/example_dags/example_task_group.py
[2023-07-18 19:00:00,144] {scheduler_job.py:633} INFO - Processing file /home/airflow/.local/lib/python3.6/site-packages/airflow/example_dags/example_task_group.py for tasks to queue
[2023-07-18 19:00:00,145] {logging_mixin.py:104} INFO - [2023-07-18 19:00:00,145] {dagbag.py:496} INFO - Filling up the DagBag from /home/airflow/.local/lib/python3.6/site-packages/airflow/example_dags/example_task_group.py
[2023-07-18 19:00:00,180] {scheduler_job.py:643} INFO - DAG(s) dict_keys(['example_task_group']) retrieved from /home/airflow/.local/lib/python3.6/site-packages/airflow/example_dags/example_task_group.py
[2023-07-18 19:00:00,222] {logging_mixin.py:104} INFO - [2023-07-18 19:00:00,221] {dag.py:1833} INFO - Sync 1 DAGs
[2023-07-18 19:00:00,250] {logging_mixin.py:104} INFO - [2023-07-18 19:00:00,250] {dag.py:2306} INFO - Setting next_dagrun for example_task_group to 2023-07-16 00:00:00+00:00
[2023-07-18 19:00:00,271] {scheduler_job.py:190} INFO - Processing /home/airflow/.local/lib/python3.6/site-packages/airflow/example_dags/example_task_group.py took 0.135 seconds
[2023-07-18 19:00:30,374] {scheduler_job.py:182} INFO - Started process (PID=401) to work on /home/airflow/.local/lib/python3.6/site-packages/airflow/example_dags/example_task_group.py
[2023-07-18 19:00:30,386] {scheduler_job.py:633} INFO - Processing file /home/airflow/.local/lib/python3.6/site-packages/airflow/example_dags/example_task_group.py for tasks to queue
[2023-07-18 19:00:30,389] {logging_mixin.py:104} INFO - [2023-07-18 19:00:30,388] {dagbag.py:496} INFO - Filling up the DagBag from /home/airflow/.local/lib/python3.6/site-packages/airflow/example_dags/example_task_group.py
[2023-07-18 19:00:30,455] {scheduler_job.py:643} INFO - DAG(s) dict_keys(['example_task_group']) retrieved from /home/airflow/.local/lib/python3.6/site-packages/airflow/example_dags/example_task_group.py
[2023-07-18 19:00:30,523] {logging_mixin.py:104} INFO - [2023-07-18 19:00:30,523] {dag.py:1833} INFO - Sync 1 DAGs
[2023-07-18 19:00:30,582] {logging_mixin.py:104} INFO - [2023-07-18 19:00:30,582] {dag.py:2306} INFO - Setting next_dagrun for example_task_group to 2023-07-16 00:00:00+00:00
[2023-07-18 19:00:30,619] {scheduler_job.py:190} INFO - Processing /home/airflow/.local/lib/python3.6/site-packages/airflow/example_dags/example_task_group.py took 0.250 seconds
[2023-07-18 19:01:00,887] {scheduler_job.py:182} INFO - Started process (PID=454) to work on /home/airflow/.local/lib/python3.6/site-packages/airflow/example_dags/example_task_group.py
[2023-07-18 19:01:00,902] {scheduler_job.py:633} INFO - Processing file /home/airflow/.local/lib/python3.6/site-packages/airflow/example_dags/example_task_group.py for tasks to queue
[2023-07-18 19:01:00,919] {logging_mixin.py:104} INFO - [2023-07-18 19:01:00,918] {dagbag.py:496} INFO - Filling up the DagBag from /home/airflow/.local/lib/python3.6/site-packages/airflow/example_dags/example_task_group.py
[2023-07-18 19:01:01,028] {scheduler_job.py:643} INFO - DAG(s) dict_keys(['example_task_group']) retrieved from /home/airflow/.local/lib/python3.6/site-packages/airflow/example_dags/example_task_group.py
[2023-07-18 19:01:01,059] {logging_mixin.py:104} INFO - [2023-07-18 19:01:01,059] {dag.py:1833} INFO - Sync 1 DAGs
[2023-07-18 19:01:01,082] {logging_mixin.py:104} INFO - [2023-07-18 19:01:01,082] {dag.py:2306} INFO - Setting next_dagrun for example_task_group to 2023-07-16 00:00:00+00:00
[2023-07-18 19:01:01,096] {scheduler_job.py:190} INFO - Processing /home/airflow/.local/lib/python3.6/site-packages/airflow/example_dags/example_task_group.py took 0.237 seconds
[2023-07-18 19:01:31,942] {scheduler_job.py:182} INFO - Started process (PID=505) to work on /home/airflow/.local/lib/python3.6/site-packages/airflow/example_dags/example_task_group.py
[2023-07-18 19:01:31,945] {scheduler_job.py:633} INFO - Processing file /home/airflow/.local/lib/python3.6/site-packages/airflow/example_dags/example_task_group.py for tasks to queue
[2023-07-18 19:01:31,947] {logging_mixin.py:104} INFO - [2023-07-18 19:01:31,946] {dagbag.py:496} INFO - Filling up the DagBag from /home/airflow/.local/lib/python3.6/site-packages/airflow/example_dags/example_task_group.py
[2023-07-18 19:01:31,976] {scheduler_job.py:643} INFO - DAG(s) dict_keys(['example_task_group']) retrieved from /home/airflow/.local/lib/python3.6/site-packages/airflow/example_dags/example_task_group.py
[2023-07-18 19:01:32,014] {logging_mixin.py:104} INFO - [2023-07-18 19:01:32,014] {dag.py:1833} INFO - Sync 1 DAGs
[2023-07-18 19:01:32,044] {logging_mixin.py:104} INFO - [2023-07-18 19:01:32,044] {dag.py:2306} INFO - Setting next_dagrun for example_task_group to 2023-07-16 00:00:00+00:00
[2023-07-18 19:01:32,065] {scheduler_job.py:190} INFO - Processing /home/airflow/.local/lib/python3.6/site-packages/airflow/example_dags/example_task_group.py took 0.130 seconds
[2023-07-18 19:02:02,733] {scheduler_job.py:182} INFO - Started process (PID=556) to work on /home/airflow/.local/lib/python3.6/site-packages/airflow/example_dags/example_task_group.py
[2023-07-18 19:02:02,736] {scheduler_job.py:633} INFO - Processing file /home/airflow/.local/lib/python3.6/site-packages/airflow/example_dags/example_task_group.py for tasks to queue
[2023-07-18 19:02:02,740] {logging_mixin.py:104} INFO - [2023-07-18 19:02:02,740] {dagbag.py:496} INFO - Filling up the DagBag from /home/airflow/.local/lib/python3.6/site-packages/airflow/example_dags/example_task_group.py
[2023-07-18 19:02:02,790] {scheduler_job.py:643} INFO - DAG(s) dict_keys(['example_task_group']) retrieved from /home/airflow/.local/lib/python3.6/site-packages/airflow/example_dags/example_task_group.py
[2023-07-18 19:02:02,847] {logging_mixin.py:104} INFO - [2023-07-18 19:02:02,847] {dag.py:1833} INFO - Sync 1 DAGs
[2023-07-18 19:02:02,878] {logging_mixin.py:104} INFO - [2023-07-18 19:02:02,878] {dag.py:2306} INFO - Setting next_dagrun for example_task_group to 2023-07-16 00:00:00+00:00
[2023-07-18 19:02:02,897] {scheduler_job.py:190} INFO - Processing /home/airflow/.local/lib/python3.6/site-packages/airflow/example_dags/example_task_group.py took 0.174 seconds
[2023-07-18 19:02:33,514] {scheduler_job.py:182} INFO - Started process (PID=607) to work on /home/airflow/.local/lib/python3.6/site-packages/airflow/example_dags/example_task_group.py
[2023-07-18 19:02:33,517] {scheduler_job.py:633} INFO - Processing file /home/airflow/.local/lib/python3.6/site-packages/airflow/example_dags/example_task_group.py for tasks to queue
[2023-07-18 19:02:33,520] {logging_mixin.py:104} INFO - [2023-07-18 19:02:33,520] {dagbag.py:496} INFO - Filling up the DagBag from /home/airflow/.local/lib/python3.6/site-packages/airflow/example_dags/example_task_group.py
[2023-07-18 19:02:33,551] {scheduler_job.py:643} INFO - DAG(s) dict_keys(['example_task_group']) retrieved from /home/airflow/.local/lib/python3.6/site-packages/airflow/example_dags/example_task_group.py
[2023-07-18 19:02:33,596] {logging_mixin.py:104} INFO - [2023-07-18 19:02:33,595] {dag.py:1833} INFO - Sync 1 DAGs
[2023-07-18 19:02:33,624] {logging_mixin.py:104} INFO - [2023-07-18 19:02:33,624] {dag.py:2306} INFO - Setting next_dagrun for example_task_group to 2023-07-16 00:00:00+00:00
[2023-07-18 19:02:33,644] {scheduler_job.py:190} INFO - Processing /home/airflow/.local/lib/python3.6/site-packages/airflow/example_dags/example_task_group.py took 0.136 seconds
[2023-07-18 19:03:03,867] {scheduler_job.py:182} INFO - Started process (PID=668) to work on /home/airflow/.local/lib/python3.6/site-packages/airflow/example_dags/example_task_group.py
[2023-07-18 19:03:03,873] {scheduler_job.py:633} INFO - Processing file /home/airflow/.local/lib/python3.6/site-packages/airflow/example_dags/example_task_group.py for tasks to queue
[2023-07-18 19:03:03,877] {logging_mixin.py:104} INFO - [2023-07-18 19:03:03,876] {dagbag.py:496} INFO - Filling up the DagBag from /home/airflow/.local/lib/python3.6/site-packages/airflow/example_dags/example_task_group.py
[2023-07-18 19:03:03,929] {scheduler_job.py:643} INFO - DAG(s) dict_keys(['example_task_group']) retrieved from /home/airflow/.local/lib/python3.6/site-packages/airflow/example_dags/example_task_group.py
[2023-07-18 19:03:03,995] {logging_mixin.py:104} INFO - [2023-07-18 19:03:03,995] {dag.py:1833} INFO - Sync 1 DAGs
[2023-07-18 19:03:04,040] {logging_mixin.py:104} INFO - [2023-07-18 19:03:04,040] {dag.py:2306} INFO - Setting next_dagrun for example_task_group to 2023-07-16 00:00:00+00:00
[2023-07-18 19:03:04,068] {scheduler_job.py:190} INFO - Processing /home/airflow/.local/lib/python3.6/site-packages/airflow/example_dags/example_task_group.py took 0.209 seconds
[2023-07-18 19:03:34,336] {scheduler_job.py:182} INFO - Started process (PID=719) to work on /home/airflow/.local/lib/python3.6/site-packages/airflow/example_dags/example_task_group.py
[2023-07-18 19:03:34,340] {scheduler_job.py:633} INFO - Processing file /home/airflow/.local/lib/python3.6/site-packages/airflow/example_dags/example_task_group.py for tasks to queue
[2023-07-18 19:03:34,342] {logging_mixin.py:104} INFO - [2023-07-18 19:03:34,342] {dagbag.py:496} INFO - Filling up the DagBag from /home/airflow/.local/lib/python3.6/site-packages/airflow/example_dags/example_task_group.py
[2023-07-18 19:03:34,376] {scheduler_job.py:643} INFO - DAG(s) dict_keys(['example_task_group']) retrieved from /home/airflow/.local/lib/python3.6/site-packages/airflow/example_dags/example_task_group.py
[2023-07-18 19:03:34,429] {logging_mixin.py:104} INFO - [2023-07-18 19:03:34,428] {dag.py:1833} INFO - Sync 1 DAGs
[2023-07-18 19:03:34,455] {logging_mixin.py:104} INFO - [2023-07-18 19:03:34,455] {dag.py:2306} INFO - Setting next_dagrun for example_task_group to 2023-07-16 00:00:00+00:00
[2023-07-18 19:03:34,561] {scheduler_job.py:190} INFO - Processing /home/airflow/.local/lib/python3.6/site-packages/airflow/example_dags/example_task_group.py took 0.240 seconds
[2023-07-18 19:04:05,571] {scheduler_job.py:182} INFO - Started process (PID=768) to work on /home/airflow/.local/lib/python3.6/site-packages/airflow/example_dags/example_task_group.py
[2023-07-18 19:04:05,583] {scheduler_job.py:633} INFO - Processing file /home/airflow/.local/lib/python3.6/site-packages/airflow/example_dags/example_task_group.py for tasks to queue
[2023-07-18 19:04:05,594] {logging_mixin.py:104} INFO - [2023-07-18 19:04:05,594] {dagbag.py:496} INFO - Filling up the DagBag from /home/airflow/.local/lib/python3.6/site-packages/airflow/example_dags/example_task_group.py
[2023-07-18 19:04:05,642] {scheduler_job.py:643} INFO - DAG(s) dict_keys(['example_task_group']) retrieved from /home/airflow/.local/lib/python3.6/site-packages/airflow/example_dags/example_task_group.py
[2023-07-18 19:04:05,685] {logging_mixin.py:104} INFO - [2023-07-18 19:04:05,685] {dag.py:1833} INFO - Sync 1 DAGs
[2023-07-18 19:04:05,712] {logging_mixin.py:104} INFO - [2023-07-18 19:04:05,712] {dag.py:2306} INFO - Setting next_dagrun for example_task_group to 2023-07-16 00:00:00+00:00
[2023-07-18 19:04:05,732] {scheduler_job.py:190} INFO - Processing /home/airflow/.local/lib/python3.6/site-packages/airflow/example_dags/example_task_group.py took 0.196 seconds
[2023-07-18 19:04:36,513] {scheduler_job.py:182} INFO - Started process (PID=819) to work on /home/airflow/.local/lib/python3.6/site-packages/airflow/example_dags/example_task_group.py
[2023-07-18 19:04:36,520] {scheduler_job.py:633} INFO - Processing file /home/airflow/.local/lib/python3.6/site-packages/airflow/example_dags/example_task_group.py for tasks to queue
[2023-07-18 19:04:36,522] {logging_mixin.py:104} INFO - [2023-07-18 19:04:36,522] {dagbag.py:496} INFO - Filling up the DagBag from /home/airflow/.local/lib/python3.6/site-packages/airflow/example_dags/example_task_group.py
[2023-07-18 19:04:36,584] {scheduler_job.py:643} INFO - DAG(s) dict_keys(['example_task_group']) retrieved from /home/airflow/.local/lib/python3.6/site-packages/airflow/example_dags/example_task_group.py
[2023-07-18 19:04:36,677] {logging_mixin.py:104} INFO - [2023-07-18 19:04:36,677] {dag.py:1833} INFO - Sync 1 DAGs
[2023-07-18 19:04:36,750] {logging_mixin.py:104} INFO - [2023-07-18 19:04:36,750] {dag.py:2306} INFO - Setting next_dagrun for example_task_group to 2023-07-16 00:00:00+00:00
[2023-07-18 19:04:36,805] {scheduler_job.py:190} INFO - Processing /home/airflow/.local/lib/python3.6/site-packages/airflow/example_dags/example_task_group.py took 0.303 seconds
[2023-07-18 19:05:07,775] {scheduler_job.py:182} INFO - Started process (PID=870) to work on /home/airflow/.local/lib/python3.6/site-packages/airflow/example_dags/example_task_group.py
[2023-07-18 19:05:07,784] {scheduler_job.py:633} INFO - Processing file /home/airflow/.local/lib/python3.6/site-packages/airflow/example_dags/example_task_group.py for tasks to queue
[2023-07-18 19:05:07,788] {logging_mixin.py:104} INFO - [2023-07-18 19:05:07,788] {dagbag.py:496} INFO - Filling up the DagBag from /home/airflow/.local/lib/python3.6/site-packages/airflow/example_dags/example_task_group.py
[2023-07-18 19:05:07,828] {scheduler_job.py:643} INFO - DAG(s) dict_keys(['example_task_group']) retrieved from /home/airflow/.local/lib/python3.6/site-packages/airflow/example_dags/example_task_group.py
[2023-07-18 19:05:07,867] {logging_mixin.py:104} INFO - [2023-07-18 19:05:07,867] {dag.py:1833} INFO - Sync 1 DAGs
[2023-07-18 19:05:07,903] {logging_mixin.py:104} INFO - [2023-07-18 19:05:07,903] {dag.py:2306} INFO - Setting next_dagrun for example_task_group to 2023-07-16 00:00:00+00:00
[2023-07-18 19:05:07,935] {scheduler_job.py:190} INFO - Processing /home/airflow/.local/lib/python3.6/site-packages/airflow/example_dags/example_task_group.py took 0.168 seconds
[2023-07-18 19:05:38,098] {scheduler_job.py:182} INFO - Started process (PID=922) to work on /home/airflow/.local/lib/python3.6/site-packages/airflow/example_dags/example_task_group.py
[2023-07-18 19:05:38,101] {scheduler_job.py:633} INFO - Processing file /home/airflow/.local/lib/python3.6/site-packages/airflow/example_dags/example_task_group.py for tasks to queue
[2023-07-18 19:05:38,103] {logging_mixin.py:104} INFO - [2023-07-18 19:05:38,102] {dagbag.py:496} INFO - Filling up the DagBag from /home/airflow/.local/lib/python3.6/site-packages/airflow/example_dags/example_task_group.py
[2023-07-18 19:05:38,131] {scheduler_job.py:643} INFO - DAG(s) dict_keys(['example_task_group']) retrieved from /home/airflow/.local/lib/python3.6/site-packages/airflow/example_dags/example_task_group.py
[2023-07-18 19:05:38,178] {logging_mixin.py:104} INFO - [2023-07-18 19:05:38,178] {dag.py:1833} INFO - Sync 1 DAGs
[2023-07-18 19:05:38,210] {logging_mixin.py:104} INFO - [2023-07-18 19:05:38,210] {dag.py:2306} INFO - Setting next_dagrun for example_task_group to 2023-07-16 00:00:00+00:00
[2023-07-18 19:05:38,232] {scheduler_job.py:190} INFO - Processing /home/airflow/.local/lib/python3.6/site-packages/airflow/example_dags/example_task_group.py took 0.140 seconds
[2023-07-18 19:06:08,641] {scheduler_job.py:182} INFO - Started process (PID=972) to work on /home/airflow/.local/lib/python3.6/site-packages/airflow/example_dags/example_task_group.py
[2023-07-18 19:06:08,648] {scheduler_job.py:633} INFO - Processing file /home/airflow/.local/lib/python3.6/site-packages/airflow/example_dags/example_task_group.py for tasks to queue
[2023-07-18 19:06:08,651] {logging_mixin.py:104} INFO - [2023-07-18 19:06:08,650] {dagbag.py:496} INFO - Filling up the DagBag from /home/airflow/.local/lib/python3.6/site-packages/airflow/example_dags/example_task_group.py
[2023-07-18 19:06:08,687] {scheduler_job.py:643} INFO - DAG(s) dict_keys(['example_task_group']) retrieved from /home/airflow/.local/lib/python3.6/site-packages/airflow/example_dags/example_task_group.py
[2023-07-18 19:06:08,745] {logging_mixin.py:104} INFO - [2023-07-18 19:06:08,745] {dag.py:1833} INFO - Sync 1 DAGs
[2023-07-18 19:06:08,803] {logging_mixin.py:104} INFO - [2023-07-18 19:06:08,802] {dag.py:2306} INFO - Setting next_dagrun for example_task_group to 2023-07-16 00:00:00+00:00
[2023-07-18 19:06:08,878] {scheduler_job.py:190} INFO - Processing /home/airflow/.local/lib/python3.6/site-packages/airflow/example_dags/example_task_group.py took 0.274 seconds
[2023-07-18 19:06:39,302] {scheduler_job.py:182} INFO - Started process (PID=1023) to work on /home/airflow/.local/lib/python3.6/site-packages/airflow/example_dags/example_task_group.py
[2023-07-18 19:06:39,306] {scheduler_job.py:633} INFO - Processing file /home/airflow/.local/lib/python3.6/site-packages/airflow/example_dags/example_task_group.py for tasks to queue
[2023-07-18 19:06:39,307] {logging_mixin.py:104} INFO - [2023-07-18 19:06:39,307] {dagbag.py:496} INFO - Filling up the DagBag from /home/airflow/.local/lib/python3.6/site-packages/airflow/example_dags/example_task_group.py
[2023-07-18 19:06:39,335] {scheduler_job.py:643} INFO - DAG(s) dict_keys(['example_task_group']) retrieved from /home/airflow/.local/lib/python3.6/site-packages/airflow/example_dags/example_task_group.py
[2023-07-18 19:06:39,381] {logging_mixin.py:104} INFO - [2023-07-18 19:06:39,380] {dag.py:1833} INFO - Sync 1 DAGs
[2023-07-18 19:06:39,411] {logging_mixin.py:104} INFO - [2023-07-18 19:06:39,411] {dag.py:2306} INFO - Setting next_dagrun for example_task_group to 2023-07-16 00:00:00+00:00
[2023-07-18 19:06:39,436] {scheduler_job.py:190} INFO - Processing /home/airflow/.local/lib/python3.6/site-packages/airflow/example_dags/example_task_group.py took 0.142 seconds
[2023-07-18 19:07:09,721] {scheduler_job.py:182} INFO - Started process (PID=1073) to work on /home/airflow/.local/lib/python3.6/site-packages/airflow/example_dags/example_task_group.py
[2023-07-18 19:07:09,725] {scheduler_job.py:633} INFO - Processing file /home/airflow/.local/lib/python3.6/site-packages/airflow/example_dags/example_task_group.py for tasks to queue
[2023-07-18 19:07:09,728] {logging_mixin.py:104} INFO - [2023-07-18 19:07:09,727] {dagbag.py:496} INFO - Filling up the DagBag from /home/airflow/.local/lib/python3.6/site-packages/airflow/example_dags/example_task_group.py
[2023-07-18 19:07:09,758] {scheduler_job.py:643} INFO - DAG(s) dict_keys(['example_task_group']) retrieved from /home/airflow/.local/lib/python3.6/site-packages/airflow/example_dags/example_task_group.py
[2023-07-18 19:07:09,800] {logging_mixin.py:104} INFO - [2023-07-18 19:07:09,799] {dag.py:1833} INFO - Sync 1 DAGs
[2023-07-18 19:07:09,832] {logging_mixin.py:104} INFO - [2023-07-18 19:07:09,832] {dag.py:2306} INFO - Setting next_dagrun for example_task_group to 2023-07-16 00:00:00+00:00
[2023-07-18 19:07:09,848] {scheduler_job.py:190} INFO - Processing /home/airflow/.local/lib/python3.6/site-packages/airflow/example_dags/example_task_group.py took 0.135 seconds
[2023-07-18 19:07:40,106] {scheduler_job.py:182} INFO - Started process (PID=1124) to work on /home/airflow/.local/lib/python3.6/site-packages/airflow/example_dags/example_task_group.py
[2023-07-18 19:07:40,109] {scheduler_job.py:633} INFO - Processing file /home/airflow/.local/lib/python3.6/site-packages/airflow/example_dags/example_task_group.py for tasks to queue
[2023-07-18 19:07:40,111] {logging_mixin.py:104} INFO - [2023-07-18 19:07:40,110] {dagbag.py:496} INFO - Filling up the DagBag from /home/airflow/.local/lib/python3.6/site-packages/airflow/example_dags/example_task_group.py
[2023-07-18 19:07:40,140] {scheduler_job.py:643} INFO - DAG(s) dict_keys(['example_task_group']) retrieved from /home/airflow/.local/lib/python3.6/site-packages/airflow/example_dags/example_task_group.py
[2023-07-18 19:07:40,203] {logging_mixin.py:104} INFO - [2023-07-18 19:07:40,203] {dag.py:1833} INFO - Sync 1 DAGs
[2023-07-18 19:07:40,234] {logging_mixin.py:104} INFO - [2023-07-18 19:07:40,233] {dag.py:2306} INFO - Setting next_dagrun for example_task_group to 2023-07-16 00:00:00+00:00
[2023-07-18 19:07:40,253] {scheduler_job.py:190} INFO - Processing /home/airflow/.local/lib/python3.6/site-packages/airflow/example_dags/example_task_group.py took 0.155 seconds
[2023-07-18 19:08:10,687] {scheduler_job.py:182} INFO - Started process (PID=1175) to work on /home/airflow/.local/lib/python3.6/site-packages/airflow/example_dags/example_task_group.py
[2023-07-18 19:08:10,691] {scheduler_job.py:633} INFO - Processing file /home/airflow/.local/lib/python3.6/site-packages/airflow/example_dags/example_task_group.py for tasks to queue
[2023-07-18 19:08:10,694] {logging_mixin.py:104} INFO - [2023-07-18 19:08:10,694] {dagbag.py:496} INFO - Filling up the DagBag from /home/airflow/.local/lib/python3.6/site-packages/airflow/example_dags/example_task_group.py
[2023-07-18 19:08:10,732] {scheduler_job.py:643} INFO - DAG(s) dict_keys(['example_task_group']) retrieved from /home/airflow/.local/lib/python3.6/site-packages/airflow/example_dags/example_task_group.py
[2023-07-18 19:08:10,773] {logging_mixin.py:104} INFO - [2023-07-18 19:08:10,772] {dag.py:1833} INFO - Sync 1 DAGs
[2023-07-18 19:08:10,800] {logging_mixin.py:104} INFO - [2023-07-18 19:08:10,799] {dag.py:2306} INFO - Setting next_dagrun for example_task_group to 2023-07-16 00:00:00+00:00
[2023-07-18 19:08:10,821] {scheduler_job.py:190} INFO - Processing /home/airflow/.local/lib/python3.6/site-packages/airflow/example_dags/example_task_group.py took 0.148 seconds
[2023-07-18 19:08:41,493] {scheduler_job.py:182} INFO - Started process (PID=1235) to work on /home/airflow/.local/lib/python3.6/site-packages/airflow/example_dags/example_task_group.py
[2023-07-18 19:08:41,501] {scheduler_job.py:633} INFO - Processing file /home/airflow/.local/lib/python3.6/site-packages/airflow/example_dags/example_task_group.py for tasks to queue
[2023-07-18 19:08:41,504] {logging_mixin.py:104} INFO - [2023-07-18 19:08:41,504] {dagbag.py:496} INFO - Filling up the DagBag from /home/airflow/.local/lib/python3.6/site-packages/airflow/example_dags/example_task_group.py
[2023-07-18 19:08:41,587] {scheduler_job.py:643} INFO - DAG(s) dict_keys(['example_task_group']) retrieved from /home/airflow/.local/lib/python3.6/site-packages/airflow/example_dags/example_task_group.py
[2023-07-18 19:08:41,698] {logging_mixin.py:104} INFO - [2023-07-18 19:08:41,698] {dag.py:1833} INFO - Sync 1 DAGs
[2023-07-18 19:08:41,841] {logging_mixin.py:104} INFO - [2023-07-18 19:08:41,841] {dag.py:2306} INFO - Setting next_dagrun for example_task_group to 2023-07-16 00:00:00+00:00
[2023-07-18 19:08:41,880] {scheduler_job.py:190} INFO - Processing /home/airflow/.local/lib/python3.6/site-packages/airflow/example_dags/example_task_group.py took 0.410 seconds
