[2023-07-18 18:57:47,506] {scheduler_job.py:182} INFO - Started process (PID=143) to work on /home/airflow/.local/lib/python3.6/site-packages/airflow/example_dags/example_branch_day_of_week_operator.py
[2023-07-18 18:57:47,522] {scheduler_job.py:633} INFO - Processing file /home/airflow/.local/lib/python3.6/site-packages/airflow/example_dags/example_branch_day_of_week_operator.py for tasks to queue
[2023-07-18 18:57:47,526] {logging_mixin.py:104} INFO - [2023-07-18 18:57:47,526] {dagbag.py:496} INFO - Filling up the DagBag from /home/airflow/.local/lib/python3.6/site-packages/airflow/example_dags/example_branch_day_of_week_operator.py
[2023-07-18 18:57:47,635] {scheduler_job.py:643} INFO - DAG(s) dict_keys(['example_weekday_branch_operator']) retrieved from /home/airflow/.local/lib/python3.6/site-packages/airflow/example_dags/example_branch_day_of_week_operator.py
[2023-07-18 18:57:52,996] {logging_mixin.py:104} INFO - [2023-07-18 18:57:52,994] {dag.py:1833} INFO - Sync 1 DAGs
[2023-07-18 18:57:53,014] {logging_mixin.py:104} INFO - [2023-07-18 18:57:53,013] {dag.py:1852} INFO - Creating ORM DAG for example_weekday_branch_operator
[2023-07-18 18:57:53,033] {logging_mixin.py:104} INFO - [2023-07-18 18:57:53,033] {dag.py:2306} INFO - Setting next_dagrun for example_weekday_branch_operator to 2023-07-16 00:00:00+00:00
[2023-07-18 18:57:53,055] {scheduler_job.py:190} INFO - Processing /home/airflow/.local/lib/python3.6/site-packages/airflow/example_dags/example_branch_day_of_week_operator.py took 5.559 seconds
[2023-07-18 18:59:00,901] {scheduler_job.py:182} INFO - Started process (PID=252) to work on /home/airflow/.local/lib/python3.6/site-packages/airflow/example_dags/example_branch_day_of_week_operator.py
[2023-07-18 18:59:00,905] {scheduler_job.py:633} INFO - Processing file /home/airflow/.local/lib/python3.6/site-packages/airflow/example_dags/example_branch_day_of_week_operator.py for tasks to queue
[2023-07-18 18:59:00,913] {logging_mixin.py:104} INFO - [2023-07-18 18:59:00,913] {dagbag.py:496} INFO - Filling up the DagBag from /home/airflow/.local/lib/python3.6/site-packages/airflow/example_dags/example_branch_day_of_week_operator.py
[2023-07-18 18:59:00,943] {scheduler_job.py:643} INFO - DAG(s) dict_keys(['example_weekday_branch_operator']) retrieved from /home/airflow/.local/lib/python3.6/site-packages/airflow/example_dags/example_branch_day_of_week_operator.py
[2023-07-18 18:59:01,002] {logging_mixin.py:104} INFO - [2023-07-18 18:59:01,002] {dag.py:1833} INFO - Sync 1 DAGs
[2023-07-18 18:59:01,065] {logging_mixin.py:104} INFO - [2023-07-18 18:59:01,065] {dag.py:2306} INFO - Setting next_dagrun for example_weekday_branch_operator to 2023-07-16 00:00:00+00:00
[2023-07-18 18:59:01,093] {scheduler_job.py:190} INFO - Processing /home/airflow/.local/lib/python3.6/site-packages/airflow/example_dags/example_branch_day_of_week_operator.py took 0.199 seconds
[2023-07-18 18:59:31,972] {scheduler_job.py:182} INFO - Started process (PID=303) to work on /home/airflow/.local/lib/python3.6/site-packages/airflow/example_dags/example_branch_day_of_week_operator.py
[2023-07-18 18:59:31,975] {scheduler_job.py:633} INFO - Processing file /home/airflow/.local/lib/python3.6/site-packages/airflow/example_dags/example_branch_day_of_week_operator.py for tasks to queue
[2023-07-18 18:59:31,978] {logging_mixin.py:104} INFO - [2023-07-18 18:59:31,978] {dagbag.py:496} INFO - Filling up the DagBag from /home/airflow/.local/lib/python3.6/site-packages/airflow/example_dags/example_branch_day_of_week_operator.py
[2023-07-18 18:59:32,002] {scheduler_job.py:643} INFO - DAG(s) dict_keys(['example_weekday_branch_operator']) retrieved from /home/airflow/.local/lib/python3.6/site-packages/airflow/example_dags/example_branch_day_of_week_operator.py
[2023-07-18 18:59:32,039] {logging_mixin.py:104} INFO - [2023-07-18 18:59:32,038] {dag.py:1833} INFO - Sync 1 DAGs
[2023-07-18 18:59:32,073] {logging_mixin.py:104} INFO - [2023-07-18 18:59:32,073] {dag.py:2306} INFO - Setting next_dagrun for example_weekday_branch_operator to 2023-07-16 00:00:00+00:00
[2023-07-18 18:59:32,095] {scheduler_job.py:190} INFO - Processing /home/airflow/.local/lib/python3.6/site-packages/airflow/example_dags/example_branch_day_of_week_operator.py took 0.134 seconds
[2023-07-18 19:00:02,859] {scheduler_job.py:182} INFO - Started process (PID=360) to work on /home/airflow/.local/lib/python3.6/site-packages/airflow/example_dags/example_branch_day_of_week_operator.py
[2023-07-18 19:00:02,869] {scheduler_job.py:633} INFO - Processing file /home/airflow/.local/lib/python3.6/site-packages/airflow/example_dags/example_branch_day_of_week_operator.py for tasks to queue
[2023-07-18 19:00:02,871] {logging_mixin.py:104} INFO - [2023-07-18 19:00:02,871] {dagbag.py:496} INFO - Filling up the DagBag from /home/airflow/.local/lib/python3.6/site-packages/airflow/example_dags/example_branch_day_of_week_operator.py
[2023-07-18 19:00:02,922] {scheduler_job.py:643} INFO - DAG(s) dict_keys(['example_weekday_branch_operator']) retrieved from /home/airflow/.local/lib/python3.6/site-packages/airflow/example_dags/example_branch_day_of_week_operator.py
[2023-07-18 19:00:02,997] {logging_mixin.py:104} INFO - [2023-07-18 19:00:02,997] {dag.py:1833} INFO - Sync 1 DAGs
[2023-07-18 19:00:03,066] {logging_mixin.py:104} INFO - [2023-07-18 19:00:03,066] {dag.py:2306} INFO - Setting next_dagrun for example_weekday_branch_operator to 2023-07-16 00:00:00+00:00
[2023-07-18 19:00:03,105] {scheduler_job.py:190} INFO - Processing /home/airflow/.local/lib/python3.6/site-packages/airflow/example_dags/example_branch_day_of_week_operator.py took 0.252 seconds
[2023-07-18 19:00:33,163] {scheduler_job.py:182} INFO - Started process (PID=411) to work on /home/airflow/.local/lib/python3.6/site-packages/airflow/example_dags/example_branch_day_of_week_operator.py
[2023-07-18 19:00:33,167] {scheduler_job.py:633} INFO - Processing file /home/airflow/.local/lib/python3.6/site-packages/airflow/example_dags/example_branch_day_of_week_operator.py for tasks to queue
[2023-07-18 19:00:33,169] {logging_mixin.py:104} INFO - [2023-07-18 19:00:33,169] {dagbag.py:496} INFO - Filling up the DagBag from /home/airflow/.local/lib/python3.6/site-packages/airflow/example_dags/example_branch_day_of_week_operator.py
[2023-07-18 19:00:33,235] {scheduler_job.py:643} INFO - DAG(s) dict_keys(['example_weekday_branch_operator']) retrieved from /home/airflow/.local/lib/python3.6/site-packages/airflow/example_dags/example_branch_day_of_week_operator.py
[2023-07-18 19:00:33,296] {logging_mixin.py:104} INFO - [2023-07-18 19:00:33,296] {dag.py:1833} INFO - Sync 1 DAGs
[2023-07-18 19:00:33,329] {logging_mixin.py:104} INFO - [2023-07-18 19:00:33,329] {dag.py:2306} INFO - Setting next_dagrun for example_weekday_branch_operator to 2023-07-16 00:00:00+00:00
[2023-07-18 19:00:33,346] {scheduler_job.py:190} INFO - Processing /home/airflow/.local/lib/python3.6/site-packages/airflow/example_dags/example_branch_day_of_week_operator.py took 0.190 seconds
[2023-07-18 19:01:04,165] {scheduler_job.py:182} INFO - Started process (PID=463) to work on /home/airflow/.local/lib/python3.6/site-packages/airflow/example_dags/example_branch_day_of_week_operator.py
[2023-07-18 19:01:04,170] {scheduler_job.py:633} INFO - Processing file /home/airflow/.local/lib/python3.6/site-packages/airflow/example_dags/example_branch_day_of_week_operator.py for tasks to queue
[2023-07-18 19:01:04,171] {logging_mixin.py:104} INFO - [2023-07-18 19:01:04,171] {dagbag.py:496} INFO - Filling up the DagBag from /home/airflow/.local/lib/python3.6/site-packages/airflow/example_dags/example_branch_day_of_week_operator.py
[2023-07-18 19:01:04,194] {scheduler_job.py:643} INFO - DAG(s) dict_keys(['example_weekday_branch_operator']) retrieved from /home/airflow/.local/lib/python3.6/site-packages/airflow/example_dags/example_branch_day_of_week_operator.py
[2023-07-18 19:01:04,225] {logging_mixin.py:104} INFO - [2023-07-18 19:01:04,224] {dag.py:1833} INFO - Sync 1 DAGs
[2023-07-18 19:01:04,251] {logging_mixin.py:104} INFO - [2023-07-18 19:01:04,251] {dag.py:2306} INFO - Setting next_dagrun for example_weekday_branch_operator to 2023-07-16 00:00:00+00:00
[2023-07-18 19:01:04,267] {scheduler_job.py:190} INFO - Processing /home/airflow/.local/lib/python3.6/site-packages/airflow/example_dags/example_branch_day_of_week_operator.py took 0.107 seconds
[2023-07-18 19:01:35,466] {scheduler_job.py:182} INFO - Started process (PID=514) to work on /home/airflow/.local/lib/python3.6/site-packages/airflow/example_dags/example_branch_day_of_week_operator.py
[2023-07-18 19:01:35,471] {scheduler_job.py:633} INFO - Processing file /home/airflow/.local/lib/python3.6/site-packages/airflow/example_dags/example_branch_day_of_week_operator.py for tasks to queue
[2023-07-18 19:01:35,473] {logging_mixin.py:104} INFO - [2023-07-18 19:01:35,472] {dagbag.py:496} INFO - Filling up the DagBag from /home/airflow/.local/lib/python3.6/site-packages/airflow/example_dags/example_branch_day_of_week_operator.py
[2023-07-18 19:01:35,511] {scheduler_job.py:643} INFO - DAG(s) dict_keys(['example_weekday_branch_operator']) retrieved from /home/airflow/.local/lib/python3.6/site-packages/airflow/example_dags/example_branch_day_of_week_operator.py
[2023-07-18 19:01:35,610] {logging_mixin.py:104} INFO - [2023-07-18 19:01:35,609] {dag.py:1833} INFO - Sync 1 DAGs
[2023-07-18 19:01:35,698] {logging_mixin.py:104} INFO - [2023-07-18 19:01:35,697] {dag.py:2306} INFO - Setting next_dagrun for example_weekday_branch_operator to 2023-07-16 00:00:00+00:00
[2023-07-18 19:01:35,737] {scheduler_job.py:190} INFO - Processing /home/airflow/.local/lib/python3.6/site-packages/airflow/example_dags/example_branch_day_of_week_operator.py took 0.279 seconds
[2023-07-18 19:02:05,910] {scheduler_job.py:182} INFO - Started process (PID=574) to work on /home/airflow/.local/lib/python3.6/site-packages/airflow/example_dags/example_branch_day_of_week_operator.py
[2023-07-18 19:02:05,923] {scheduler_job.py:633} INFO - Processing file /home/airflow/.local/lib/python3.6/site-packages/airflow/example_dags/example_branch_day_of_week_operator.py for tasks to queue
[2023-07-18 19:02:05,924] {logging_mixin.py:104} INFO - [2023-07-18 19:02:05,924] {dagbag.py:496} INFO - Filling up the DagBag from /home/airflow/.local/lib/python3.6/site-packages/airflow/example_dags/example_branch_day_of_week_operator.py
[2023-07-18 19:02:05,953] {scheduler_job.py:643} INFO - DAG(s) dict_keys(['example_weekday_branch_operator']) retrieved from /home/airflow/.local/lib/python3.6/site-packages/airflow/example_dags/example_branch_day_of_week_operator.py
[2023-07-18 19:02:06,013] {logging_mixin.py:104} INFO - [2023-07-18 19:02:06,013] {dag.py:1833} INFO - Sync 1 DAGs
[2023-07-18 19:02:06,058] {logging_mixin.py:104} INFO - [2023-07-18 19:02:06,058] {dag.py:2306} INFO - Setting next_dagrun for example_weekday_branch_operator to 2023-07-16 00:00:00+00:00
[2023-07-18 19:02:06,088] {scheduler_job.py:190} INFO - Processing /home/airflow/.local/lib/python3.6/site-packages/airflow/example_dags/example_branch_day_of_week_operator.py took 0.185 seconds
[2023-07-18 19:02:36,840] {scheduler_job.py:182} INFO - Started process (PID=626) to work on /home/airflow/.local/lib/python3.6/site-packages/airflow/example_dags/example_branch_day_of_week_operator.py
[2023-07-18 19:02:36,848] {scheduler_job.py:633} INFO - Processing file /home/airflow/.local/lib/python3.6/site-packages/airflow/example_dags/example_branch_day_of_week_operator.py for tasks to queue
[2023-07-18 19:02:36,851] {logging_mixin.py:104} INFO - [2023-07-18 19:02:36,850] {dagbag.py:496} INFO - Filling up the DagBag from /home/airflow/.local/lib/python3.6/site-packages/airflow/example_dags/example_branch_day_of_week_operator.py
[2023-07-18 19:02:36,892] {scheduler_job.py:643} INFO - DAG(s) dict_keys(['example_weekday_branch_operator']) retrieved from /home/airflow/.local/lib/python3.6/site-packages/airflow/example_dags/example_branch_day_of_week_operator.py
[2023-07-18 19:02:36,951] {logging_mixin.py:104} INFO - [2023-07-18 19:02:36,951] {dag.py:1833} INFO - Sync 1 DAGs
[2023-07-18 19:02:36,994] {logging_mixin.py:104} INFO - [2023-07-18 19:02:36,993] {dag.py:2306} INFO - Setting next_dagrun for example_weekday_branch_operator to 2023-07-16 00:00:00+00:00
[2023-07-18 19:02:37,020] {scheduler_job.py:190} INFO - Processing /home/airflow/.local/lib/python3.6/site-packages/airflow/example_dags/example_branch_day_of_week_operator.py took 0.188 seconds
[2023-07-18 19:03:07,230] {scheduler_job.py:182} INFO - Started process (PID=677) to work on /home/airflow/.local/lib/python3.6/site-packages/airflow/example_dags/example_branch_day_of_week_operator.py
[2023-07-18 19:03:07,232] {scheduler_job.py:633} INFO - Processing file /home/airflow/.local/lib/python3.6/site-packages/airflow/example_dags/example_branch_day_of_week_operator.py for tasks to queue
[2023-07-18 19:03:07,235] {logging_mixin.py:104} INFO - [2023-07-18 19:03:07,235] {dagbag.py:496} INFO - Filling up the DagBag from /home/airflow/.local/lib/python3.6/site-packages/airflow/example_dags/example_branch_day_of_week_operator.py
[2023-07-18 19:03:07,257] {scheduler_job.py:643} INFO - DAG(s) dict_keys(['example_weekday_branch_operator']) retrieved from /home/airflow/.local/lib/python3.6/site-packages/airflow/example_dags/example_branch_day_of_week_operator.py
[2023-07-18 19:03:07,294] {logging_mixin.py:104} INFO - [2023-07-18 19:03:07,294] {dag.py:1833} INFO - Sync 1 DAGs
[2023-07-18 19:03:07,336] {logging_mixin.py:104} INFO - [2023-07-18 19:03:07,336] {dag.py:2306} INFO - Setting next_dagrun for example_weekday_branch_operator to 2023-07-16 00:00:00+00:00
[2023-07-18 19:03:07,360] {scheduler_job.py:190} INFO - Processing /home/airflow/.local/lib/python3.6/site-packages/airflow/example_dags/example_branch_day_of_week_operator.py took 0.139 seconds
[2023-07-18 19:03:38,466] {scheduler_job.py:182} INFO - Started process (PID=728) to work on /home/airflow/.local/lib/python3.6/site-packages/airflow/example_dags/example_branch_day_of_week_operator.py
[2023-07-18 19:03:38,472] {scheduler_job.py:633} INFO - Processing file /home/airflow/.local/lib/python3.6/site-packages/airflow/example_dags/example_branch_day_of_week_operator.py for tasks to queue
[2023-07-18 19:03:38,474] {logging_mixin.py:104} INFO - [2023-07-18 19:03:38,474] {dagbag.py:496} INFO - Filling up the DagBag from /home/airflow/.local/lib/python3.6/site-packages/airflow/example_dags/example_branch_day_of_week_operator.py
[2023-07-18 19:03:38,501] {scheduler_job.py:643} INFO - DAG(s) dict_keys(['example_weekday_branch_operator']) retrieved from /home/airflow/.local/lib/python3.6/site-packages/airflow/example_dags/example_branch_day_of_week_operator.py
[2023-07-18 19:03:38,539] {logging_mixin.py:104} INFO - [2023-07-18 19:03:38,539] {dag.py:1833} INFO - Sync 1 DAGs
[2023-07-18 19:03:38,574] {logging_mixin.py:104} INFO - [2023-07-18 19:03:38,573] {dag.py:2306} INFO - Setting next_dagrun for example_weekday_branch_operator to 2023-07-16 00:00:00+00:00
[2023-07-18 19:03:38,592] {scheduler_job.py:190} INFO - Processing /home/airflow/.local/lib/python3.6/site-packages/airflow/example_dags/example_branch_day_of_week_operator.py took 0.132 seconds
[2023-07-18 19:04:09,458] {scheduler_job.py:182} INFO - Started process (PID=786) to work on /home/airflow/.local/lib/python3.6/site-packages/airflow/example_dags/example_branch_day_of_week_operator.py
[2023-07-18 19:04:09,466] {scheduler_job.py:633} INFO - Processing file /home/airflow/.local/lib/python3.6/site-packages/airflow/example_dags/example_branch_day_of_week_operator.py for tasks to queue
[2023-07-18 19:04:09,469] {logging_mixin.py:104} INFO - [2023-07-18 19:04:09,468] {dagbag.py:496} INFO - Filling up the DagBag from /home/airflow/.local/lib/python3.6/site-packages/airflow/example_dags/example_branch_day_of_week_operator.py
[2023-07-18 19:04:09,522] {scheduler_job.py:643} INFO - DAG(s) dict_keys(['example_weekday_branch_operator']) retrieved from /home/airflow/.local/lib/python3.6/site-packages/airflow/example_dags/example_branch_day_of_week_operator.py
[2023-07-18 19:04:09,655] {logging_mixin.py:104} INFO - [2023-07-18 19:04:09,655] {dag.py:1833} INFO - Sync 1 DAGs
[2023-07-18 19:04:09,758] {logging_mixin.py:104} INFO - [2023-07-18 19:04:09,752] {dag.py:2306} INFO - Setting next_dagrun for example_weekday_branch_operator to 2023-07-16 00:00:00+00:00
[2023-07-18 19:04:09,816] {scheduler_job.py:190} INFO - Processing /home/airflow/.local/lib/python3.6/site-packages/airflow/example_dags/example_branch_day_of_week_operator.py took 0.368 seconds
[2023-07-18 19:04:40,093] {scheduler_job.py:182} INFO - Started process (PID=836) to work on /home/airflow/.local/lib/python3.6/site-packages/airflow/example_dags/example_branch_day_of_week_operator.py
[2023-07-18 19:04:40,096] {scheduler_job.py:633} INFO - Processing file /home/airflow/.local/lib/python3.6/site-packages/airflow/example_dags/example_branch_day_of_week_operator.py for tasks to queue
[2023-07-18 19:04:40,110] {logging_mixin.py:104} INFO - [2023-07-18 19:04:40,109] {dagbag.py:496} INFO - Filling up the DagBag from /home/airflow/.local/lib/python3.6/site-packages/airflow/example_dags/example_branch_day_of_week_operator.py
[2023-07-18 19:04:40,219] {scheduler_job.py:643} INFO - DAG(s) dict_keys(['example_weekday_branch_operator']) retrieved from /home/airflow/.local/lib/python3.6/site-packages/airflow/example_dags/example_branch_day_of_week_operator.py
[2023-07-18 19:04:40,331] {logging_mixin.py:104} INFO - [2023-07-18 19:04:40,309] {dag.py:1833} INFO - Sync 1 DAGs
[2023-07-18 19:04:40,491] {logging_mixin.py:104} INFO - [2023-07-18 19:04:40,491] {dag.py:2306} INFO - Setting next_dagrun for example_weekday_branch_operator to 2023-07-16 00:00:00+00:00
[2023-07-18 19:04:40,568] {scheduler_job.py:190} INFO - Processing /home/airflow/.local/lib/python3.6/site-packages/airflow/example_dags/example_branch_day_of_week_operator.py took 0.531 seconds
[2023-07-18 19:05:10,937] {scheduler_job.py:182} INFO - Started process (PID=878) to work on /home/airflow/.local/lib/python3.6/site-packages/airflow/example_dags/example_branch_day_of_week_operator.py
[2023-07-18 19:05:10,940] {scheduler_job.py:633} INFO - Processing file /home/airflow/.local/lib/python3.6/site-packages/airflow/example_dags/example_branch_day_of_week_operator.py for tasks to queue
[2023-07-18 19:05:10,945] {logging_mixin.py:104} INFO - [2023-07-18 19:05:10,944] {dagbag.py:496} INFO - Filling up the DagBag from /home/airflow/.local/lib/python3.6/site-packages/airflow/example_dags/example_branch_day_of_week_operator.py
[2023-07-18 19:05:11,003] {scheduler_job.py:643} INFO - DAG(s) dict_keys(['example_weekday_branch_operator']) retrieved from /home/airflow/.local/lib/python3.6/site-packages/airflow/example_dags/example_branch_day_of_week_operator.py
[2023-07-18 19:05:11,058] {logging_mixin.py:104} INFO - [2023-07-18 19:05:11,058] {dag.py:1833} INFO - Sync 1 DAGs
[2023-07-18 19:05:11,105] {logging_mixin.py:104} INFO - [2023-07-18 19:05:11,105] {dag.py:2306} INFO - Setting next_dagrun for example_weekday_branch_operator to 2023-07-16 00:00:00+00:00
[2023-07-18 19:05:11,131] {scheduler_job.py:190} INFO - Processing /home/airflow/.local/lib/python3.6/site-packages/airflow/example_dags/example_branch_day_of_week_operator.py took 0.207 seconds
[2023-07-18 19:05:42,012] {scheduler_job.py:182} INFO - Started process (PID=936) to work on /home/airflow/.local/lib/python3.6/site-packages/airflow/example_dags/example_branch_day_of_week_operator.py
[2023-07-18 19:05:42,016] {scheduler_job.py:633} INFO - Processing file /home/airflow/.local/lib/python3.6/site-packages/airflow/example_dags/example_branch_day_of_week_operator.py for tasks to queue
[2023-07-18 19:05:42,023] {logging_mixin.py:104} INFO - [2023-07-18 19:05:42,022] {dagbag.py:496} INFO - Filling up the DagBag from /home/airflow/.local/lib/python3.6/site-packages/airflow/example_dags/example_branch_day_of_week_operator.py
[2023-07-18 19:05:42,068] {scheduler_job.py:643} INFO - DAG(s) dict_keys(['example_weekday_branch_operator']) retrieved from /home/airflow/.local/lib/python3.6/site-packages/airflow/example_dags/example_branch_day_of_week_operator.py
[2023-07-18 19:05:42,190] {logging_mixin.py:104} INFO - [2023-07-18 19:05:42,189] {dag.py:1833} INFO - Sync 1 DAGs
[2023-07-18 19:05:42,234] {logging_mixin.py:104} INFO - [2023-07-18 19:05:42,234] {dag.py:2306} INFO - Setting next_dagrun for example_weekday_branch_operator to 2023-07-16 00:00:00+00:00
[2023-07-18 19:05:42,307] {scheduler_job.py:190} INFO - Processing /home/airflow/.local/lib/python3.6/site-packages/airflow/example_dags/example_branch_day_of_week_operator.py took 0.307 seconds
[2023-07-18 19:06:12,700] {scheduler_job.py:182} INFO - Started process (PID=980) to work on /home/airflow/.local/lib/python3.6/site-packages/airflow/example_dags/example_branch_day_of_week_operator.py
[2023-07-18 19:06:12,710] {scheduler_job.py:633} INFO - Processing file /home/airflow/.local/lib/python3.6/site-packages/airflow/example_dags/example_branch_day_of_week_operator.py for tasks to queue
[2023-07-18 19:06:12,713] {logging_mixin.py:104} INFO - [2023-07-18 19:06:12,712] {dagbag.py:496} INFO - Filling up the DagBag from /home/airflow/.local/lib/python3.6/site-packages/airflow/example_dags/example_branch_day_of_week_operator.py
[2023-07-18 19:06:12,742] {scheduler_job.py:643} INFO - DAG(s) dict_keys(['example_weekday_branch_operator']) retrieved from /home/airflow/.local/lib/python3.6/site-packages/airflow/example_dags/example_branch_day_of_week_operator.py
[2023-07-18 19:06:12,780] {logging_mixin.py:104} INFO - [2023-07-18 19:06:12,780] {dag.py:1833} INFO - Sync 1 DAGs
[2023-07-18 19:06:12,812] {logging_mixin.py:104} INFO - [2023-07-18 19:06:12,811] {dag.py:2306} INFO - Setting next_dagrun for example_weekday_branch_operator to 2023-07-16 00:00:00+00:00
[2023-07-18 19:06:12,826] {scheduler_job.py:190} INFO - Processing /home/airflow/.local/lib/python3.6/site-packages/airflow/example_dags/example_branch_day_of_week_operator.py took 0.139 seconds
[2023-07-18 19:06:43,561] {scheduler_job.py:182} INFO - Started process (PID=1031) to work on /home/airflow/.local/lib/python3.6/site-packages/airflow/example_dags/example_branch_day_of_week_operator.py
[2023-07-18 19:06:43,564] {scheduler_job.py:633} INFO - Processing file /home/airflow/.local/lib/python3.6/site-packages/airflow/example_dags/example_branch_day_of_week_operator.py for tasks to queue
[2023-07-18 19:06:43,567] {logging_mixin.py:104} INFO - [2023-07-18 19:06:43,566] {dagbag.py:496} INFO - Filling up the DagBag from /home/airflow/.local/lib/python3.6/site-packages/airflow/example_dags/example_branch_day_of_week_operator.py
[2023-07-18 19:06:43,593] {scheduler_job.py:643} INFO - DAG(s) dict_keys(['example_weekday_branch_operator']) retrieved from /home/airflow/.local/lib/python3.6/site-packages/airflow/example_dags/example_branch_day_of_week_operator.py
[2023-07-18 19:06:43,628] {logging_mixin.py:104} INFO - [2023-07-18 19:06:43,627] {dag.py:1833} INFO - Sync 1 DAGs
[2023-07-18 19:06:43,659] {logging_mixin.py:104} INFO - [2023-07-18 19:06:43,659] {dag.py:2306} INFO - Setting next_dagrun for example_weekday_branch_operator to 2023-07-16 00:00:00+00:00
[2023-07-18 19:06:43,680] {scheduler_job.py:190} INFO - Processing /home/airflow/.local/lib/python3.6/site-packages/airflow/example_dags/example_branch_day_of_week_operator.py took 0.126 seconds
[2023-07-18 19:07:14,527] {scheduler_job.py:182} INFO - Started process (PID=1081) to work on /home/airflow/.local/lib/python3.6/site-packages/airflow/example_dags/example_branch_day_of_week_operator.py
[2023-07-18 19:07:14,531] {scheduler_job.py:633} INFO - Processing file /home/airflow/.local/lib/python3.6/site-packages/airflow/example_dags/example_branch_day_of_week_operator.py for tasks to queue
[2023-07-18 19:07:14,533] {logging_mixin.py:104} INFO - [2023-07-18 19:07:14,533] {dagbag.py:496} INFO - Filling up the DagBag from /home/airflow/.local/lib/python3.6/site-packages/airflow/example_dags/example_branch_day_of_week_operator.py
[2023-07-18 19:07:14,551] {scheduler_job.py:643} INFO - DAG(s) dict_keys(['example_weekday_branch_operator']) retrieved from /home/airflow/.local/lib/python3.6/site-packages/airflow/example_dags/example_branch_day_of_week_operator.py
[2023-07-18 19:07:14,579] {logging_mixin.py:104} INFO - [2023-07-18 19:07:14,579] {dag.py:1833} INFO - Sync 1 DAGs
[2023-07-18 19:07:14,607] {logging_mixin.py:104} INFO - [2023-07-18 19:07:14,607] {dag.py:2306} INFO - Setting next_dagrun for example_weekday_branch_operator to 2023-07-16 00:00:00+00:00
[2023-07-18 19:07:14,623] {scheduler_job.py:190} INFO - Processing /home/airflow/.local/lib/python3.6/site-packages/airflow/example_dags/example_branch_day_of_week_operator.py took 0.102 seconds
[2023-07-18 19:07:45,016] {scheduler_job.py:182} INFO - Started process (PID=1132) to work on /home/airflow/.local/lib/python3.6/site-packages/airflow/example_dags/example_branch_day_of_week_operator.py
[2023-07-18 19:07:45,020] {scheduler_job.py:633} INFO - Processing file /home/airflow/.local/lib/python3.6/site-packages/airflow/example_dags/example_branch_day_of_week_operator.py for tasks to queue
[2023-07-18 19:07:45,023] {logging_mixin.py:104} INFO - [2023-07-18 19:07:45,023] {dagbag.py:496} INFO - Filling up the DagBag from /home/airflow/.local/lib/python3.6/site-packages/airflow/example_dags/example_branch_day_of_week_operator.py
[2023-07-18 19:07:45,046] {scheduler_job.py:643} INFO - DAG(s) dict_keys(['example_weekday_branch_operator']) retrieved from /home/airflow/.local/lib/python3.6/site-packages/airflow/example_dags/example_branch_day_of_week_operator.py
[2023-07-18 19:07:45,075] {logging_mixin.py:104} INFO - [2023-07-18 19:07:45,075] {dag.py:1833} INFO - Sync 1 DAGs
[2023-07-18 19:07:45,100] {logging_mixin.py:104} INFO - [2023-07-18 19:07:45,100] {dag.py:2306} INFO - Setting next_dagrun for example_weekday_branch_operator to 2023-07-16 00:00:00+00:00
[2023-07-18 19:07:45,116] {scheduler_job.py:190} INFO - Processing /home/airflow/.local/lib/python3.6/site-packages/airflow/example_dags/example_branch_day_of_week_operator.py took 0.106 seconds
[2023-07-18 19:08:16,204] {scheduler_job.py:182} INFO - Started process (PID=1193) to work on /home/airflow/.local/lib/python3.6/site-packages/airflow/example_dags/example_branch_day_of_week_operator.py
[2023-07-18 19:08:16,212] {scheduler_job.py:633} INFO - Processing file /home/airflow/.local/lib/python3.6/site-packages/airflow/example_dags/example_branch_day_of_week_operator.py for tasks to queue
[2023-07-18 19:08:16,220] {logging_mixin.py:104} INFO - [2023-07-18 19:08:16,220] {dagbag.py:496} INFO - Filling up the DagBag from /home/airflow/.local/lib/python3.6/site-packages/airflow/example_dags/example_branch_day_of_week_operator.py
[2023-07-18 19:08:16,255] {scheduler_job.py:643} INFO - DAG(s) dict_keys(['example_weekday_branch_operator']) retrieved from /home/airflow/.local/lib/python3.6/site-packages/airflow/example_dags/example_branch_day_of_week_operator.py
[2023-07-18 19:08:16,302] {logging_mixin.py:104} INFO - [2023-07-18 19:08:16,302] {dag.py:1833} INFO - Sync 1 DAGs
[2023-07-18 19:08:16,493] {logging_mixin.py:104} INFO - [2023-07-18 19:08:16,493] {dag.py:2306} INFO - Setting next_dagrun for example_weekday_branch_operator to 2023-07-16 00:00:00+00:00
[2023-07-18 19:08:16,524] {scheduler_job.py:190} INFO - Processing /home/airflow/.local/lib/python3.6/site-packages/airflow/example_dags/example_branch_day_of_week_operator.py took 0.326 seconds
