[2023-07-18 18:57:53,132] {scheduler_job.py:182} INFO - Started process (PID=149) to work on /home/airflow/.local/lib/python3.6/site-packages/airflow/example_dags/example_complex.py
[2023-07-18 18:57:53,135] {scheduler_job.py:633} INFO - Processing file /home/airflow/.local/lib/python3.6/site-packages/airflow/example_dags/example_complex.py for tasks to queue
[2023-07-18 18:57:53,138] {logging_mixin.py:104} INFO - [2023-07-18 18:57:53,138] {dagbag.py:496} INFO - Filling up the DagBag from /home/airflow/.local/lib/python3.6/site-packages/airflow/example_dags/example_complex.py
[2023-07-18 18:57:53,196] {scheduler_job.py:643} INFO - DAG(s) dict_keys(['example_complex']) retrieved from /home/airflow/.local/lib/python3.6/site-packages/airflow/example_dags/example_complex.py
[2023-07-18 18:58:00,836] {logging_mixin.py:104} INFO - [2023-07-18 18:58:00,835] {dag.py:1833} INFO - Sync 1 DAGs
[2023-07-18 18:58:00,870] {logging_mixin.py:104} INFO - [2023-07-18 18:58:00,869] {dag.py:1852} INFO - Creating ORM DAG for example_complex
[2023-07-18 18:58:00,889] {logging_mixin.py:104} INFO - [2023-07-18 18:58:00,889] {dag.py:2306} INFO - Setting next_dagrun for example_complex to None
[2023-07-18 18:58:00,940] {scheduler_job.py:190} INFO - Processing /home/airflow/.local/lib/python3.6/site-packages/airflow/example_dags/example_complex.py took 7.813 seconds
[2023-07-18 18:59:01,428] {scheduler_job.py:182} INFO - Started process (PID=254) to work on /home/airflow/.local/lib/python3.6/site-packages/airflow/example_dags/example_complex.py
[2023-07-18 18:59:01,430] {scheduler_job.py:633} INFO - Processing file /home/airflow/.local/lib/python3.6/site-packages/airflow/example_dags/example_complex.py for tasks to queue
[2023-07-18 18:59:01,432] {logging_mixin.py:104} INFO - [2023-07-18 18:59:01,432] {dagbag.py:496} INFO - Filling up the DagBag from /home/airflow/.local/lib/python3.6/site-packages/airflow/example_dags/example_complex.py
[2023-07-18 18:59:01,476] {scheduler_job.py:643} INFO - DAG(s) dict_keys(['example_complex']) retrieved from /home/airflow/.local/lib/python3.6/site-packages/airflow/example_dags/example_complex.py
[2023-07-18 18:59:01,528] {logging_mixin.py:104} INFO - [2023-07-18 18:59:01,528] {dag.py:1833} INFO - Sync 1 DAGs
[2023-07-18 18:59:01,564] {logging_mixin.py:104} INFO - [2023-07-18 18:59:01,564] {dag.py:2306} INFO - Setting next_dagrun for example_complex to None
[2023-07-18 18:59:01,585] {scheduler_job.py:190} INFO - Processing /home/airflow/.local/lib/python3.6/site-packages/airflow/example_dags/example_complex.py took 0.165 seconds
[2023-07-18 18:59:32,270] {scheduler_job.py:182} INFO - Started process (PID=305) to work on /home/airflow/.local/lib/python3.6/site-packages/airflow/example_dags/example_complex.py
[2023-07-18 18:59:32,272] {scheduler_job.py:633} INFO - Processing file /home/airflow/.local/lib/python3.6/site-packages/airflow/example_dags/example_complex.py for tasks to queue
[2023-07-18 18:59:32,274] {logging_mixin.py:104} INFO - [2023-07-18 18:59:32,274] {dagbag.py:496} INFO - Filling up the DagBag from /home/airflow/.local/lib/python3.6/site-packages/airflow/example_dags/example_complex.py
[2023-07-18 18:59:32,302] {scheduler_job.py:643} INFO - DAG(s) dict_keys(['example_complex']) retrieved from /home/airflow/.local/lib/python3.6/site-packages/airflow/example_dags/example_complex.py
[2023-07-18 18:59:32,335] {logging_mixin.py:104} INFO - [2023-07-18 18:59:32,335] {dag.py:1833} INFO - Sync 1 DAGs
[2023-07-18 18:59:32,359] {logging_mixin.py:104} INFO - [2023-07-18 18:59:32,359] {dag.py:2306} INFO - Setting next_dagrun for example_complex to None
[2023-07-18 18:59:32,383] {scheduler_job.py:190} INFO - Processing /home/airflow/.local/lib/python3.6/site-packages/airflow/example_dags/example_complex.py took 0.118 seconds
[2023-07-18 19:00:03,555] {scheduler_job.py:182} INFO - Started process (PID=364) to work on /home/airflow/.local/lib/python3.6/site-packages/airflow/example_dags/example_complex.py
[2023-07-18 19:00:03,559] {scheduler_job.py:633} INFO - Processing file /home/airflow/.local/lib/python3.6/site-packages/airflow/example_dags/example_complex.py for tasks to queue
[2023-07-18 19:00:03,562] {logging_mixin.py:104} INFO - [2023-07-18 19:00:03,562] {dagbag.py:496} INFO - Filling up the DagBag from /home/airflow/.local/lib/python3.6/site-packages/airflow/example_dags/example_complex.py
[2023-07-18 19:00:03,649] {scheduler_job.py:643} INFO - DAG(s) dict_keys(['example_complex']) retrieved from /home/airflow/.local/lib/python3.6/site-packages/airflow/example_dags/example_complex.py
[2023-07-18 19:00:03,728] {logging_mixin.py:104} INFO - [2023-07-18 19:00:03,728] {dag.py:1833} INFO - Sync 1 DAGs
[2023-07-18 19:00:03,768] {logging_mixin.py:104} INFO - [2023-07-18 19:00:03,768] {dag.py:2306} INFO - Setting next_dagrun for example_complex to None
[2023-07-18 19:00:03,803] {scheduler_job.py:190} INFO - Processing /home/airflow/.local/lib/python3.6/site-packages/airflow/example_dags/example_complex.py took 0.259 seconds
[2023-07-18 19:00:34,323] {scheduler_job.py:182} INFO - Started process (PID=414) to work on /home/airflow/.local/lib/python3.6/site-packages/airflow/example_dags/example_complex.py
[2023-07-18 19:00:34,325] {scheduler_job.py:633} INFO - Processing file /home/airflow/.local/lib/python3.6/site-packages/airflow/example_dags/example_complex.py for tasks to queue
[2023-07-18 19:00:34,326] {logging_mixin.py:104} INFO - [2023-07-18 19:00:34,326] {dagbag.py:496} INFO - Filling up the DagBag from /home/airflow/.local/lib/python3.6/site-packages/airflow/example_dags/example_complex.py
[2023-07-18 19:00:34,353] {scheduler_job.py:643} INFO - DAG(s) dict_keys(['example_complex']) retrieved from /home/airflow/.local/lib/python3.6/site-packages/airflow/example_dags/example_complex.py
[2023-07-18 19:00:34,384] {logging_mixin.py:104} INFO - [2023-07-18 19:00:34,384] {dag.py:1833} INFO - Sync 1 DAGs
[2023-07-18 19:00:34,429] {logging_mixin.py:104} INFO - [2023-07-18 19:00:34,429] {dag.py:2306} INFO - Setting next_dagrun for example_complex to None
[2023-07-18 19:00:34,454] {scheduler_job.py:190} INFO - Processing /home/airflow/.local/lib/python3.6/site-packages/airflow/example_dags/example_complex.py took 0.136 seconds
[2023-07-18 19:01:05,431] {scheduler_job.py:182} INFO - Started process (PID=466) to work on /home/airflow/.local/lib/python3.6/site-packages/airflow/example_dags/example_complex.py
[2023-07-18 19:01:05,434] {scheduler_job.py:633} INFO - Processing file /home/airflow/.local/lib/python3.6/site-packages/airflow/example_dags/example_complex.py for tasks to queue
[2023-07-18 19:01:05,437] {logging_mixin.py:104} INFO - [2023-07-18 19:01:05,436] {dagbag.py:496} INFO - Filling up the DagBag from /home/airflow/.local/lib/python3.6/site-packages/airflow/example_dags/example_complex.py
[2023-07-18 19:01:05,465] {scheduler_job.py:643} INFO - DAG(s) dict_keys(['example_complex']) retrieved from /home/airflow/.local/lib/python3.6/site-packages/airflow/example_dags/example_complex.py
[2023-07-18 19:01:05,502] {logging_mixin.py:104} INFO - [2023-07-18 19:01:05,502] {dag.py:1833} INFO - Sync 1 DAGs
[2023-07-18 19:01:05,523] {logging_mixin.py:104} INFO - [2023-07-18 19:01:05,523] {dag.py:2306} INFO - Setting next_dagrun for example_complex to None
[2023-07-18 19:01:05,547] {scheduler_job.py:190} INFO - Processing /home/airflow/.local/lib/python3.6/site-packages/airflow/example_dags/example_complex.py took 0.122 seconds
[2023-07-18 19:01:35,802] {scheduler_job.py:182} INFO - Started process (PID=517) to work on /home/airflow/.local/lib/python3.6/site-packages/airflow/example_dags/example_complex.py
[2023-07-18 19:01:35,806] {scheduler_job.py:633} INFO - Processing file /home/airflow/.local/lib/python3.6/site-packages/airflow/example_dags/example_complex.py for tasks to queue
[2023-07-18 19:01:35,809] {logging_mixin.py:104} INFO - [2023-07-18 19:01:35,808] {dagbag.py:496} INFO - Filling up the DagBag from /home/airflow/.local/lib/python3.6/site-packages/airflow/example_dags/example_complex.py
[2023-07-18 19:01:35,854] {scheduler_job.py:643} INFO - DAG(s) dict_keys(['example_complex']) retrieved from /home/airflow/.local/lib/python3.6/site-packages/airflow/example_dags/example_complex.py
[2023-07-18 19:01:35,901] {logging_mixin.py:104} INFO - [2023-07-18 19:01:35,901] {dag.py:1833} INFO - Sync 1 DAGs
[2023-07-18 19:01:35,937] {logging_mixin.py:104} INFO - [2023-07-18 19:01:35,937] {dag.py:2306} INFO - Setting next_dagrun for example_complex to None
[2023-07-18 19:01:35,959] {scheduler_job.py:190} INFO - Processing /home/airflow/.local/lib/python3.6/site-packages/airflow/example_dags/example_complex.py took 0.168 seconds
[2023-07-18 19:02:06,196] {scheduler_job.py:182} INFO - Started process (PID=577) to work on /home/airflow/.local/lib/python3.6/site-packages/airflow/example_dags/example_complex.py
[2023-07-18 19:02:06,200] {scheduler_job.py:633} INFO - Processing file /home/airflow/.local/lib/python3.6/site-packages/airflow/example_dags/example_complex.py for tasks to queue
[2023-07-18 19:02:06,207] {logging_mixin.py:104} INFO - [2023-07-18 19:02:06,207] {dagbag.py:496} INFO - Filling up the DagBag from /home/airflow/.local/lib/python3.6/site-packages/airflow/example_dags/example_complex.py
[2023-07-18 19:02:06,288] {scheduler_job.py:643} INFO - DAG(s) dict_keys(['example_complex']) retrieved from /home/airflow/.local/lib/python3.6/site-packages/airflow/example_dags/example_complex.py
[2023-07-18 19:02:06,332] {logging_mixin.py:104} INFO - [2023-07-18 19:02:06,331] {dag.py:1833} INFO - Sync 1 DAGs
[2023-07-18 19:02:06,380] {logging_mixin.py:104} INFO - [2023-07-18 19:02:06,380] {dag.py:2306} INFO - Setting next_dagrun for example_complex to None
[2023-07-18 19:02:06,420] {scheduler_job.py:190} INFO - Processing /home/airflow/.local/lib/python3.6/site-packages/airflow/example_dags/example_complex.py took 0.238 seconds
[2023-07-18 19:02:37,047] {scheduler_job.py:182} INFO - Started process (PID=628) to work on /home/airflow/.local/lib/python3.6/site-packages/airflow/example_dags/example_complex.py
[2023-07-18 19:02:37,049] {scheduler_job.py:633} INFO - Processing file /home/airflow/.local/lib/python3.6/site-packages/airflow/example_dags/example_complex.py for tasks to queue
[2023-07-18 19:02:37,053] {logging_mixin.py:104} INFO - [2023-07-18 19:02:37,053] {dagbag.py:496} INFO - Filling up the DagBag from /home/airflow/.local/lib/python3.6/site-packages/airflow/example_dags/example_complex.py
[2023-07-18 19:02:37,089] {scheduler_job.py:643} INFO - DAG(s) dict_keys(['example_complex']) retrieved from /home/airflow/.local/lib/python3.6/site-packages/airflow/example_dags/example_complex.py
[2023-07-18 19:02:37,127] {logging_mixin.py:104} INFO - [2023-07-18 19:02:37,127] {dag.py:1833} INFO - Sync 1 DAGs
[2023-07-18 19:02:37,149] {logging_mixin.py:104} INFO - [2023-07-18 19:02:37,149] {dag.py:2306} INFO - Setting next_dagrun for example_complex to None
[2023-07-18 19:02:37,180] {scheduler_job.py:190} INFO - Processing /home/airflow/.local/lib/python3.6/site-packages/airflow/example_dags/example_complex.py took 0.137 seconds
[2023-07-18 19:03:07,486] {scheduler_job.py:182} INFO - Started process (PID=679) to work on /home/airflow/.local/lib/python3.6/site-packages/airflow/example_dags/example_complex.py
[2023-07-18 19:03:07,488] {scheduler_job.py:633} INFO - Processing file /home/airflow/.local/lib/python3.6/site-packages/airflow/example_dags/example_complex.py for tasks to queue
[2023-07-18 19:03:07,490] {logging_mixin.py:104} INFO - [2023-07-18 19:03:07,490] {dagbag.py:496} INFO - Filling up the DagBag from /home/airflow/.local/lib/python3.6/site-packages/airflow/example_dags/example_complex.py
[2023-07-18 19:03:07,526] {scheduler_job.py:643} INFO - DAG(s) dict_keys(['example_complex']) retrieved from /home/airflow/.local/lib/python3.6/site-packages/airflow/example_dags/example_complex.py
[2023-07-18 19:03:07,577] {logging_mixin.py:104} INFO - [2023-07-18 19:03:07,577] {dag.py:1833} INFO - Sync 1 DAGs
[2023-07-18 19:03:07,615] {logging_mixin.py:104} INFO - [2023-07-18 19:03:07,615] {dag.py:2306} INFO - Setting next_dagrun for example_complex to None
[2023-07-18 19:03:07,634] {scheduler_job.py:190} INFO - Processing /home/airflow/.local/lib/python3.6/site-packages/airflow/example_dags/example_complex.py took 0.156 seconds
[2023-07-18 19:03:38,803] {scheduler_job.py:182} INFO - Started process (PID=730) to work on /home/airflow/.local/lib/python3.6/site-packages/airflow/example_dags/example_complex.py
[2023-07-18 19:03:38,816] {scheduler_job.py:633} INFO - Processing file /home/airflow/.local/lib/python3.6/site-packages/airflow/example_dags/example_complex.py for tasks to queue
[2023-07-18 19:03:38,818] {logging_mixin.py:104} INFO - [2023-07-18 19:03:38,817] {dagbag.py:496} INFO - Filling up the DagBag from /home/airflow/.local/lib/python3.6/site-packages/airflow/example_dags/example_complex.py
[2023-07-18 19:03:38,875] {scheduler_job.py:643} INFO - DAG(s) dict_keys(['example_complex']) retrieved from /home/airflow/.local/lib/python3.6/site-packages/airflow/example_dags/example_complex.py
[2023-07-18 19:03:38,943] {logging_mixin.py:104} INFO - [2023-07-18 19:03:38,943] {dag.py:1833} INFO - Sync 1 DAGs
[2023-07-18 19:03:38,982] {logging_mixin.py:104} INFO - [2023-07-18 19:03:38,982] {dag.py:2306} INFO - Setting next_dagrun for example_complex to None
[2023-07-18 19:03:39,011] {scheduler_job.py:190} INFO - Processing /home/airflow/.local/lib/python3.6/site-packages/airflow/example_dags/example_complex.py took 0.216 seconds
[2023-07-18 19:04:10,227] {scheduler_job.py:182} INFO - Started process (PID=788) to work on /home/airflow/.local/lib/python3.6/site-packages/airflow/example_dags/example_complex.py
[2023-07-18 19:04:10,236] {scheduler_job.py:633} INFO - Processing file /home/airflow/.local/lib/python3.6/site-packages/airflow/example_dags/example_complex.py for tasks to queue
[2023-07-18 19:04:10,240] {logging_mixin.py:104} INFO - [2023-07-18 19:04:10,240] {dagbag.py:496} INFO - Filling up the DagBag from /home/airflow/.local/lib/python3.6/site-packages/airflow/example_dags/example_complex.py
[2023-07-18 19:04:10,305] {scheduler_job.py:643} INFO - DAG(s) dict_keys(['example_complex']) retrieved from /home/airflow/.local/lib/python3.6/site-packages/airflow/example_dags/example_complex.py
[2023-07-18 19:04:10,464] {logging_mixin.py:104} INFO - [2023-07-18 19:04:10,464] {dag.py:1833} INFO - Sync 1 DAGs
[2023-07-18 19:04:10,570] {logging_mixin.py:104} INFO - [2023-07-18 19:04:10,570] {dag.py:2306} INFO - Setting next_dagrun for example_complex to None
[2023-07-18 19:04:10,611] {scheduler_job.py:190} INFO - Processing /home/airflow/.local/lib/python3.6/site-packages/airflow/example_dags/example_complex.py took 0.396 seconds
[2023-07-18 19:04:41,834] {scheduler_job.py:182} INFO - Started process (PID=839) to work on /home/airflow/.local/lib/python3.6/site-packages/airflow/example_dags/example_complex.py
[2023-07-18 19:04:41,845] {scheduler_job.py:633} INFO - Processing file /home/airflow/.local/lib/python3.6/site-packages/airflow/example_dags/example_complex.py for tasks to queue
[2023-07-18 19:04:41,848] {logging_mixin.py:104} INFO - [2023-07-18 19:04:41,847] {dagbag.py:496} INFO - Filling up the DagBag from /home/airflow/.local/lib/python3.6/site-packages/airflow/example_dags/example_complex.py
[2023-07-18 19:04:42,131] {scheduler_job.py:643} INFO - DAG(s) dict_keys(['example_complex']) retrieved from /home/airflow/.local/lib/python3.6/site-packages/airflow/example_dags/example_complex.py
[2023-07-18 19:04:42,602] {logging_mixin.py:104} INFO - [2023-07-18 19:04:42,601] {dag.py:1833} INFO - Sync 1 DAGs
[2023-07-18 19:04:42,667] {logging_mixin.py:104} INFO - [2023-07-18 19:04:42,667] {dag.py:2306} INFO - Setting next_dagrun for example_complex to None
[2023-07-18 19:04:42,722] {scheduler_job.py:190} INFO - Processing /home/airflow/.local/lib/python3.6/site-packages/airflow/example_dags/example_complex.py took 0.902 seconds
[2023-07-18 19:05:13,179] {scheduler_job.py:182} INFO - Started process (PID=889) to work on /home/airflow/.local/lib/python3.6/site-packages/airflow/example_dags/example_complex.py
[2023-07-18 19:05:13,184] {scheduler_job.py:633} INFO - Processing file /home/airflow/.local/lib/python3.6/site-packages/airflow/example_dags/example_complex.py for tasks to queue
[2023-07-18 19:05:13,189] {logging_mixin.py:104} INFO - [2023-07-18 19:05:13,189] {dagbag.py:496} INFO - Filling up the DagBag from /home/airflow/.local/lib/python3.6/site-packages/airflow/example_dags/example_complex.py
[2023-07-18 19:05:13,277] {scheduler_job.py:643} INFO - DAG(s) dict_keys(['example_complex']) retrieved from /home/airflow/.local/lib/python3.6/site-packages/airflow/example_dags/example_complex.py
[2023-07-18 19:05:13,413] {logging_mixin.py:104} INFO - [2023-07-18 19:05:13,412] {dag.py:1833} INFO - Sync 1 DAGs
[2023-07-18 19:05:13,469] {logging_mixin.py:104} INFO - [2023-07-18 19:05:13,469] {dag.py:2306} INFO - Setting next_dagrun for example_complex to None
[2023-07-18 19:05:13,517] {scheduler_job.py:190} INFO - Processing /home/airflow/.local/lib/python3.6/site-packages/airflow/example_dags/example_complex.py took 0.344 seconds
[2023-07-18 19:05:44,385] {scheduler_job.py:182} INFO - Started process (PID=941) to work on /home/airflow/.local/lib/python3.6/site-packages/airflow/example_dags/example_complex.py
[2023-07-18 19:05:44,391] {scheduler_job.py:633} INFO - Processing file /home/airflow/.local/lib/python3.6/site-packages/airflow/example_dags/example_complex.py for tasks to queue
[2023-07-18 19:05:44,398] {logging_mixin.py:104} INFO - [2023-07-18 19:05:44,398] {dagbag.py:496} INFO - Filling up the DagBag from /home/airflow/.local/lib/python3.6/site-packages/airflow/example_dags/example_complex.py
[2023-07-18 19:05:44,487] {scheduler_job.py:643} INFO - DAG(s) dict_keys(['example_complex']) retrieved from /home/airflow/.local/lib/python3.6/site-packages/airflow/example_dags/example_complex.py
[2023-07-18 19:05:44,617] {logging_mixin.py:104} INFO - [2023-07-18 19:05:44,617] {dag.py:1833} INFO - Sync 1 DAGs
[2023-07-18 19:05:44,731] {logging_mixin.py:104} INFO - [2023-07-18 19:05:44,731] {dag.py:2306} INFO - Setting next_dagrun for example_complex to None
[2023-07-18 19:05:44,778] {scheduler_job.py:190} INFO - Processing /home/airflow/.local/lib/python3.6/site-packages/airflow/example_dags/example_complex.py took 0.400 seconds
[2023-07-18 19:06:14,924] {scheduler_job.py:182} INFO - Started process (PID=982) to work on /home/airflow/.local/lib/python3.6/site-packages/airflow/example_dags/example_complex.py
[2023-07-18 19:06:14,927] {scheduler_job.py:633} INFO - Processing file /home/airflow/.local/lib/python3.6/site-packages/airflow/example_dags/example_complex.py for tasks to queue
[2023-07-18 19:06:14,928] {logging_mixin.py:104} INFO - [2023-07-18 19:06:14,928] {dagbag.py:496} INFO - Filling up the DagBag from /home/airflow/.local/lib/python3.6/site-packages/airflow/example_dags/example_complex.py
[2023-07-18 19:06:14,974] {scheduler_job.py:643} INFO - DAG(s) dict_keys(['example_complex']) retrieved from /home/airflow/.local/lib/python3.6/site-packages/airflow/example_dags/example_complex.py
[2023-07-18 19:06:15,029] {logging_mixin.py:104} INFO - [2023-07-18 19:06:15,028] {dag.py:1833} INFO - Sync 1 DAGs
[2023-07-18 19:06:15,058] {logging_mixin.py:104} INFO - [2023-07-18 19:06:15,057] {dag.py:2306} INFO - Setting next_dagrun for example_complex to None
[2023-07-18 19:06:15,085] {scheduler_job.py:190} INFO - Processing /home/airflow/.local/lib/python3.6/site-packages/airflow/example_dags/example_complex.py took 0.167 seconds
[2023-07-18 19:06:45,787] {scheduler_job.py:182} INFO - Started process (PID=1033) to work on /home/airflow/.local/lib/python3.6/site-packages/airflow/example_dags/example_complex.py
[2023-07-18 19:06:45,798] {scheduler_job.py:633} INFO - Processing file /home/airflow/.local/lib/python3.6/site-packages/airflow/example_dags/example_complex.py for tasks to queue
[2023-07-18 19:06:45,803] {logging_mixin.py:104} INFO - [2023-07-18 19:06:45,802] {dagbag.py:496} INFO - Filling up the DagBag from /home/airflow/.local/lib/python3.6/site-packages/airflow/example_dags/example_complex.py
[2023-07-18 19:06:45,904] {scheduler_job.py:643} INFO - DAG(s) dict_keys(['example_complex']) retrieved from /home/airflow/.local/lib/python3.6/site-packages/airflow/example_dags/example_complex.py
[2023-07-18 19:06:46,036] {logging_mixin.py:104} INFO - [2023-07-18 19:06:46,036] {dag.py:1833} INFO - Sync 1 DAGs
[2023-07-18 19:06:46,115] {logging_mixin.py:104} INFO - [2023-07-18 19:06:46,114] {dag.py:2306} INFO - Setting next_dagrun for example_complex to None
[2023-07-18 19:06:46,187] {scheduler_job.py:190} INFO - Processing /home/airflow/.local/lib/python3.6/site-packages/airflow/example_dags/example_complex.py took 0.414 seconds
[2023-07-18 19:07:16,698] {scheduler_job.py:182} INFO - Started process (PID=1083) to work on /home/airflow/.local/lib/python3.6/site-packages/airflow/example_dags/example_complex.py
[2023-07-18 19:07:16,704] {scheduler_job.py:633} INFO - Processing file /home/airflow/.local/lib/python3.6/site-packages/airflow/example_dags/example_complex.py for tasks to queue
[2023-07-18 19:07:16,705] {logging_mixin.py:104} INFO - [2023-07-18 19:07:16,705] {dagbag.py:496} INFO - Filling up the DagBag from /home/airflow/.local/lib/python3.6/site-packages/airflow/example_dags/example_complex.py
[2023-07-18 19:07:16,759] {scheduler_job.py:643} INFO - DAG(s) dict_keys(['example_complex']) retrieved from /home/airflow/.local/lib/python3.6/site-packages/airflow/example_dags/example_complex.py
[2023-07-18 19:07:16,798] {logging_mixin.py:104} INFO - [2023-07-18 19:07:16,798] {dag.py:1833} INFO - Sync 1 DAGs
[2023-07-18 19:07:16,838] {logging_mixin.py:104} INFO - [2023-07-18 19:07:16,838] {dag.py:2306} INFO - Setting next_dagrun for example_complex to None
[2023-07-18 19:07:16,863] {scheduler_job.py:190} INFO - Processing /home/airflow/.local/lib/python3.6/site-packages/airflow/example_dags/example_complex.py took 0.178 seconds
[2023-07-18 19:07:47,161] {scheduler_job.py:182} INFO - Started process (PID=1144) to work on /home/airflow/.local/lib/python3.6/site-packages/airflow/example_dags/example_complex.py
[2023-07-18 19:07:47,169] {scheduler_job.py:633} INFO - Processing file /home/airflow/.local/lib/python3.6/site-packages/airflow/example_dags/example_complex.py for tasks to queue
[2023-07-18 19:07:47,172] {logging_mixin.py:104} INFO - [2023-07-18 19:07:47,172] {dagbag.py:496} INFO - Filling up the DagBag from /home/airflow/.local/lib/python3.6/site-packages/airflow/example_dags/example_complex.py
[2023-07-18 19:07:47,252] {scheduler_job.py:643} INFO - DAG(s) dict_keys(['example_complex']) retrieved from /home/airflow/.local/lib/python3.6/site-packages/airflow/example_dags/example_complex.py
[2023-07-18 19:07:47,346] {logging_mixin.py:104} INFO - [2023-07-18 19:07:47,346] {dag.py:1833} INFO - Sync 1 DAGs
[2023-07-18 19:07:47,393] {logging_mixin.py:104} INFO - [2023-07-18 19:07:47,393] {dag.py:2306} INFO - Setting next_dagrun for example_complex to None
[2023-07-18 19:07:47,452] {scheduler_job.py:190} INFO - Processing /home/airflow/.local/lib/python3.6/site-packages/airflow/example_dags/example_complex.py took 0.278 seconds
[2023-07-18 19:08:17,581] {scheduler_job.py:182} INFO - Started process (PID=1195) to work on /home/airflow/.local/lib/python3.6/site-packages/airflow/example_dags/example_complex.py
[2023-07-18 19:08:17,590] {scheduler_job.py:633} INFO - Processing file /home/airflow/.local/lib/python3.6/site-packages/airflow/example_dags/example_complex.py for tasks to queue
[2023-07-18 19:08:17,591] {logging_mixin.py:104} INFO - [2023-07-18 19:08:17,591] {dagbag.py:496} INFO - Filling up the DagBag from /home/airflow/.local/lib/python3.6/site-packages/airflow/example_dags/example_complex.py
[2023-07-18 19:08:17,678] {scheduler_job.py:643} INFO - DAG(s) dict_keys(['example_complex']) retrieved from /home/airflow/.local/lib/python3.6/site-packages/airflow/example_dags/example_complex.py
[2023-07-18 19:08:17,763] {logging_mixin.py:104} INFO - [2023-07-18 19:08:17,763] {dag.py:1833} INFO - Sync 1 DAGs
[2023-07-18 19:08:17,793] {logging_mixin.py:104} INFO - [2023-07-18 19:08:17,793] {dag.py:2306} INFO - Setting next_dagrun for example_complex to None
[2023-07-18 19:08:17,820] {scheduler_job.py:190} INFO - Processing /home/airflow/.local/lib/python3.6/site-packages/airflow/example_dags/example_complex.py took 0.244 seconds
