[2023-07-18 18:58:25,269] {scheduler_job.py:182} INFO - Started process (PID=186) to work on /home/airflow/.local/lib/python3.6/site-packages/airflow/example_dags/example_latest_only.py
[2023-07-18 18:58:25,273] {scheduler_job.py:633} INFO - Processing file /home/airflow/.local/lib/python3.6/site-packages/airflow/example_dags/example_latest_only.py for tasks to queue
[2023-07-18 18:58:25,276] {logging_mixin.py:104} INFO - [2023-07-18 18:58:25,275] {dagbag.py:496} INFO - Filling up the DagBag from /home/airflow/.local/lib/python3.6/site-packages/airflow/example_dags/example_latest_only.py
[2023-07-18 18:58:25,318] {scheduler_job.py:643} INFO - DAG(s) dict_keys(['latest_only']) retrieved from /home/airflow/.local/lib/python3.6/site-packages/airflow/example_dags/example_latest_only.py
[2023-07-18 18:58:30,689] {logging_mixin.py:104} INFO - [2023-07-18 18:58:30,686] {dag.py:1833} INFO - Sync 1 DAGs
[2023-07-18 18:58:30,709] {logging_mixin.py:104} INFO - [2023-07-18 18:58:30,706] {dag.py:1852} INFO - Creating ORM DAG for latest_only
[2023-07-18 18:58:30,721] {logging_mixin.py:104} INFO - [2023-07-18 18:58:30,721] {dag.py:2306} INFO - Setting next_dagrun for latest_only to 2023-07-16 00:00:00+00:00
[2023-07-18 18:58:30,744] {scheduler_job.py:190} INFO - Processing /home/airflow/.local/lib/python3.6/site-packages/airflow/example_dags/example_latest_only.py took 5.486 seconds
[2023-07-18 18:59:02,315] {scheduler_job.py:182} INFO - Started process (PID=260) to work on /home/airflow/.local/lib/python3.6/site-packages/airflow/example_dags/example_latest_only.py
[2023-07-18 18:59:02,319] {scheduler_job.py:633} INFO - Processing file /home/airflow/.local/lib/python3.6/site-packages/airflow/example_dags/example_latest_only.py for tasks to queue
[2023-07-18 18:59:02,321] {logging_mixin.py:104} INFO - [2023-07-18 18:59:02,320] {dagbag.py:496} INFO - Filling up the DagBag from /home/airflow/.local/lib/python3.6/site-packages/airflow/example_dags/example_latest_only.py
[2023-07-18 18:59:02,356] {scheduler_job.py:643} INFO - DAG(s) dict_keys(['latest_only']) retrieved from /home/airflow/.local/lib/python3.6/site-packages/airflow/example_dags/example_latest_only.py
[2023-07-18 18:59:02,401] {logging_mixin.py:104} INFO - [2023-07-18 18:59:02,401] {dag.py:1833} INFO - Sync 1 DAGs
[2023-07-18 18:59:02,439] {logging_mixin.py:104} INFO - [2023-07-18 18:59:02,439] {dag.py:2306} INFO - Setting next_dagrun for latest_only to 2023-07-16 00:00:00+00:00
[2023-07-18 18:59:02,463] {scheduler_job.py:190} INFO - Processing /home/airflow/.local/lib/python3.6/site-packages/airflow/example_dags/example_latest_only.py took 0.154 seconds
[2023-07-18 18:59:32,698] {scheduler_job.py:182} INFO - Started process (PID=310) to work on /home/airflow/.local/lib/python3.6/site-packages/airflow/example_dags/example_latest_only.py
[2023-07-18 18:59:32,701] {scheduler_job.py:633} INFO - Processing file /home/airflow/.local/lib/python3.6/site-packages/airflow/example_dags/example_latest_only.py for tasks to queue
[2023-07-18 18:59:32,703] {logging_mixin.py:104} INFO - [2023-07-18 18:59:32,703] {dagbag.py:496} INFO - Filling up the DagBag from /home/airflow/.local/lib/python3.6/site-packages/airflow/example_dags/example_latest_only.py
[2023-07-18 18:59:32,725] {scheduler_job.py:643} INFO - DAG(s) dict_keys(['latest_only']) retrieved from /home/airflow/.local/lib/python3.6/site-packages/airflow/example_dags/example_latest_only.py
[2023-07-18 18:59:32,760] {logging_mixin.py:104} INFO - [2023-07-18 18:59:32,760] {dag.py:1833} INFO - Sync 1 DAGs
[2023-07-18 18:59:32,785] {logging_mixin.py:104} INFO - [2023-07-18 18:59:32,785] {dag.py:2306} INFO - Setting next_dagrun for latest_only to 2023-07-16 00:00:00+00:00
[2023-07-18 18:59:32,802] {scheduler_job.py:190} INFO - Processing /home/airflow/.local/lib/python3.6/site-packages/airflow/example_dags/example_latest_only.py took 0.113 seconds
[2023-07-18 19:00:04,746] {scheduler_job.py:182} INFO - Started process (PID=370) to work on /home/airflow/.local/lib/python3.6/site-packages/airflow/example_dags/example_latest_only.py
[2023-07-18 19:00:04,748] {scheduler_job.py:633} INFO - Processing file /home/airflow/.local/lib/python3.6/site-packages/airflow/example_dags/example_latest_only.py for tasks to queue
[2023-07-18 19:00:04,752] {logging_mixin.py:104} INFO - [2023-07-18 19:00:04,752] {dagbag.py:496} INFO - Filling up the DagBag from /home/airflow/.local/lib/python3.6/site-packages/airflow/example_dags/example_latest_only.py
[2023-07-18 19:00:04,769] {scheduler_job.py:643} INFO - DAG(s) dict_keys(['latest_only']) retrieved from /home/airflow/.local/lib/python3.6/site-packages/airflow/example_dags/example_latest_only.py
[2023-07-18 19:00:04,837] {logging_mixin.py:104} INFO - [2023-07-18 19:00:04,837] {dag.py:1833} INFO - Sync 1 DAGs
[2023-07-18 19:00:04,865] {logging_mixin.py:104} INFO - [2023-07-18 19:00:04,865] {dag.py:2306} INFO - Setting next_dagrun for latest_only to 2023-07-16 00:00:00+00:00
[2023-07-18 19:00:04,896] {scheduler_job.py:190} INFO - Processing /home/airflow/.local/lib/python3.6/site-packages/airflow/example_dags/example_latest_only.py took 0.156 seconds
[2023-07-18 19:00:35,776] {scheduler_job.py:182} INFO - Started process (PID=420) to work on /home/airflow/.local/lib/python3.6/site-packages/airflow/example_dags/example_latest_only.py
[2023-07-18 19:00:35,779] {scheduler_job.py:633} INFO - Processing file /home/airflow/.local/lib/python3.6/site-packages/airflow/example_dags/example_latest_only.py for tasks to queue
[2023-07-18 19:00:35,780] {logging_mixin.py:104} INFO - [2023-07-18 19:00:35,780] {dagbag.py:496} INFO - Filling up the DagBag from /home/airflow/.local/lib/python3.6/site-packages/airflow/example_dags/example_latest_only.py
[2023-07-18 19:00:35,798] {scheduler_job.py:643} INFO - DAG(s) dict_keys(['latest_only']) retrieved from /home/airflow/.local/lib/python3.6/site-packages/airflow/example_dags/example_latest_only.py
[2023-07-18 19:00:35,825] {logging_mixin.py:104} INFO - [2023-07-18 19:00:35,825] {dag.py:1833} INFO - Sync 1 DAGs
[2023-07-18 19:00:35,848] {logging_mixin.py:104} INFO - [2023-07-18 19:00:35,848] {dag.py:2306} INFO - Setting next_dagrun for latest_only to 2023-07-16 00:00:00+00:00
[2023-07-18 19:00:35,864] {scheduler_job.py:190} INFO - Processing /home/airflow/.local/lib/python3.6/site-packages/airflow/example_dags/example_latest_only.py took 0.097 seconds
[2023-07-18 19:01:05,917] {scheduler_job.py:182} INFO - Started process (PID=471) to work on /home/airflow/.local/lib/python3.6/site-packages/airflow/example_dags/example_latest_only.py
[2023-07-18 19:01:05,920] {scheduler_job.py:633} INFO - Processing file /home/airflow/.local/lib/python3.6/site-packages/airflow/example_dags/example_latest_only.py for tasks to queue
[2023-07-18 19:01:05,923] {logging_mixin.py:104} INFO - [2023-07-18 19:01:05,923] {dagbag.py:496} INFO - Filling up the DagBag from /home/airflow/.local/lib/python3.6/site-packages/airflow/example_dags/example_latest_only.py
[2023-07-18 19:01:05,951] {scheduler_job.py:643} INFO - DAG(s) dict_keys(['latest_only']) retrieved from /home/airflow/.local/lib/python3.6/site-packages/airflow/example_dags/example_latest_only.py
[2023-07-18 19:01:05,996] {logging_mixin.py:104} INFO - [2023-07-18 19:01:05,995] {dag.py:1833} INFO - Sync 1 DAGs
[2023-07-18 19:01:06,017] {logging_mixin.py:104} INFO - [2023-07-18 19:01:06,016] {dag.py:2306} INFO - Setting next_dagrun for latest_only to 2023-07-16 00:00:00+00:00
[2023-07-18 19:01:06,037] {scheduler_job.py:190} INFO - Processing /home/airflow/.local/lib/python3.6/site-packages/airflow/example_dags/example_latest_only.py took 0.127 seconds
[2023-07-18 19:01:36,503] {scheduler_job.py:182} INFO - Started process (PID=522) to work on /home/airflow/.local/lib/python3.6/site-packages/airflow/example_dags/example_latest_only.py
[2023-07-18 19:01:36,507] {scheduler_job.py:633} INFO - Processing file /home/airflow/.local/lib/python3.6/site-packages/airflow/example_dags/example_latest_only.py for tasks to queue
[2023-07-18 19:01:36,509] {logging_mixin.py:104} INFO - [2023-07-18 19:01:36,509] {dagbag.py:496} INFO - Filling up the DagBag from /home/airflow/.local/lib/python3.6/site-packages/airflow/example_dags/example_latest_only.py
[2023-07-18 19:01:36,540] {scheduler_job.py:643} INFO - DAG(s) dict_keys(['latest_only']) retrieved from /home/airflow/.local/lib/python3.6/site-packages/airflow/example_dags/example_latest_only.py
[2023-07-18 19:01:36,578] {logging_mixin.py:104} INFO - [2023-07-18 19:01:36,578] {dag.py:1833} INFO - Sync 1 DAGs
[2023-07-18 19:01:36,608] {logging_mixin.py:104} INFO - [2023-07-18 19:01:36,606] {dag.py:2306} INFO - Setting next_dagrun for latest_only to 2023-07-16 00:00:00+00:00
[2023-07-18 19:01:36,632] {scheduler_job.py:190} INFO - Processing /home/airflow/.local/lib/python3.6/site-packages/airflow/example_dags/example_latest_only.py took 0.136 seconds
[2023-07-18 19:02:07,578] {scheduler_job.py:182} INFO - Started process (PID=583) to work on /home/airflow/.local/lib/python3.6/site-packages/airflow/example_dags/example_latest_only.py
[2023-07-18 19:02:07,583] {scheduler_job.py:633} INFO - Processing file /home/airflow/.local/lib/python3.6/site-packages/airflow/example_dags/example_latest_only.py for tasks to queue
[2023-07-18 19:02:07,587] {logging_mixin.py:104} INFO - [2023-07-18 19:02:07,587] {dagbag.py:496} INFO - Filling up the DagBag from /home/airflow/.local/lib/python3.6/site-packages/airflow/example_dags/example_latest_only.py
[2023-07-18 19:02:07,672] {scheduler_job.py:643} INFO - DAG(s) dict_keys(['latest_only']) retrieved from /home/airflow/.local/lib/python3.6/site-packages/airflow/example_dags/example_latest_only.py
[2023-07-18 19:02:07,726] {logging_mixin.py:104} INFO - [2023-07-18 19:02:07,726] {dag.py:1833} INFO - Sync 1 DAGs
[2023-07-18 19:02:07,774] {logging_mixin.py:104} INFO - [2023-07-18 19:02:07,774] {dag.py:2306} INFO - Setting next_dagrun for latest_only to 2023-07-16 00:00:00+00:00
[2023-07-18 19:02:07,814] {scheduler_job.py:190} INFO - Processing /home/airflow/.local/lib/python3.6/site-packages/airflow/example_dags/example_latest_only.py took 0.241 seconds
[2023-07-18 19:02:38,539] {scheduler_job.py:182} INFO - Started process (PID=634) to work on /home/airflow/.local/lib/python3.6/site-packages/airflow/example_dags/example_latest_only.py
[2023-07-18 19:02:38,541] {scheduler_job.py:633} INFO - Processing file /home/airflow/.local/lib/python3.6/site-packages/airflow/example_dags/example_latest_only.py for tasks to queue
[2023-07-18 19:02:38,543] {logging_mixin.py:104} INFO - [2023-07-18 19:02:38,542] {dagbag.py:496} INFO - Filling up the DagBag from /home/airflow/.local/lib/python3.6/site-packages/airflow/example_dags/example_latest_only.py
[2023-07-18 19:02:38,560] {scheduler_job.py:643} INFO - DAG(s) dict_keys(['latest_only']) retrieved from /home/airflow/.local/lib/python3.6/site-packages/airflow/example_dags/example_latest_only.py
[2023-07-18 19:02:38,596] {logging_mixin.py:104} INFO - [2023-07-18 19:02:38,596] {dag.py:1833} INFO - Sync 1 DAGs
[2023-07-18 19:02:38,618] {logging_mixin.py:104} INFO - [2023-07-18 19:02:38,618] {dag.py:2306} INFO - Setting next_dagrun for latest_only to 2023-07-16 00:00:00+00:00
[2023-07-18 19:02:38,633] {scheduler_job.py:190} INFO - Processing /home/airflow/.local/lib/python3.6/site-packages/airflow/example_dags/example_latest_only.py took 0.099 seconds
[2023-07-18 19:03:09,055] {scheduler_job.py:182} INFO - Started process (PID=685) to work on /home/airflow/.local/lib/python3.6/site-packages/airflow/example_dags/example_latest_only.py
[2023-07-18 19:03:09,058] {scheduler_job.py:633} INFO - Processing file /home/airflow/.local/lib/python3.6/site-packages/airflow/example_dags/example_latest_only.py for tasks to queue
[2023-07-18 19:03:09,060] {logging_mixin.py:104} INFO - [2023-07-18 19:03:09,060] {dagbag.py:496} INFO - Filling up the DagBag from /home/airflow/.local/lib/python3.6/site-packages/airflow/example_dags/example_latest_only.py
[2023-07-18 19:03:09,078] {scheduler_job.py:643} INFO - DAG(s) dict_keys(['latest_only']) retrieved from /home/airflow/.local/lib/python3.6/site-packages/airflow/example_dags/example_latest_only.py
[2023-07-18 19:03:09,119] {logging_mixin.py:104} INFO - [2023-07-18 19:03:09,119] {dag.py:1833} INFO - Sync 1 DAGs
[2023-07-18 19:03:09,144] {logging_mixin.py:104} INFO - [2023-07-18 19:03:09,144] {dag.py:2306} INFO - Setting next_dagrun for latest_only to 2023-07-16 00:00:00+00:00
[2023-07-18 19:03:09,160] {scheduler_job.py:190} INFO - Processing /home/airflow/.local/lib/python3.6/site-packages/airflow/example_dags/example_latest_only.py took 0.110 seconds
[2023-07-18 19:03:39,317] {scheduler_job.py:182} INFO - Started process (PID=735) to work on /home/airflow/.local/lib/python3.6/site-packages/airflow/example_dags/example_latest_only.py
[2023-07-18 19:03:39,325] {scheduler_job.py:633} INFO - Processing file /home/airflow/.local/lib/python3.6/site-packages/airflow/example_dags/example_latest_only.py for tasks to queue
[2023-07-18 19:03:39,328] {logging_mixin.py:104} INFO - [2023-07-18 19:03:39,327] {dagbag.py:496} INFO - Filling up the DagBag from /home/airflow/.local/lib/python3.6/site-packages/airflow/example_dags/example_latest_only.py
[2023-07-18 19:03:39,372] {scheduler_job.py:643} INFO - DAG(s) dict_keys(['latest_only']) retrieved from /home/airflow/.local/lib/python3.6/site-packages/airflow/example_dags/example_latest_only.py
[2023-07-18 19:03:39,488] {logging_mixin.py:104} INFO - [2023-07-18 19:03:39,488] {dag.py:1833} INFO - Sync 1 DAGs
[2023-07-18 19:03:39,532] {logging_mixin.py:104} INFO - [2023-07-18 19:03:39,531] {dag.py:2306} INFO - Setting next_dagrun for latest_only to 2023-07-16 00:00:00+00:00
[2023-07-18 19:03:39,570] {scheduler_job.py:190} INFO - Processing /home/airflow/.local/lib/python3.6/site-packages/airflow/example_dags/example_latest_only.py took 0.262 seconds
[2023-07-18 19:04:11,040] {scheduler_job.py:182} INFO - Started process (PID=794) to work on /home/airflow/.local/lib/python3.6/site-packages/airflow/example_dags/example_latest_only.py
[2023-07-18 19:04:11,046] {scheduler_job.py:633} INFO - Processing file /home/airflow/.local/lib/python3.6/site-packages/airflow/example_dags/example_latest_only.py for tasks to queue
[2023-07-18 19:04:11,051] {logging_mixin.py:104} INFO - [2023-07-18 19:04:11,051] {dagbag.py:496} INFO - Filling up the DagBag from /home/airflow/.local/lib/python3.6/site-packages/airflow/example_dags/example_latest_only.py
[2023-07-18 19:04:11,102] {scheduler_job.py:643} INFO - DAG(s) dict_keys(['latest_only']) retrieved from /home/airflow/.local/lib/python3.6/site-packages/airflow/example_dags/example_latest_only.py
[2023-07-18 19:04:11,169] {logging_mixin.py:104} INFO - [2023-07-18 19:04:11,169] {dag.py:1833} INFO - Sync 1 DAGs
[2023-07-18 19:04:11,263] {logging_mixin.py:104} INFO - [2023-07-18 19:04:11,263] {dag.py:2306} INFO - Setting next_dagrun for latest_only to 2023-07-16 00:00:00+00:00
[2023-07-18 19:04:11,322] {scheduler_job.py:190} INFO - Processing /home/airflow/.local/lib/python3.6/site-packages/airflow/example_dags/example_latest_only.py took 0.287 seconds
[2023-07-18 19:04:44,128] {scheduler_job.py:182} INFO - Started process (PID=845) to work on /home/airflow/.local/lib/python3.6/site-packages/airflow/example_dags/example_latest_only.py
[2023-07-18 19:04:44,138] {scheduler_job.py:633} INFO - Processing file /home/airflow/.local/lib/python3.6/site-packages/airflow/example_dags/example_latest_only.py for tasks to queue
[2023-07-18 19:04:44,143] {logging_mixin.py:104} INFO - [2023-07-18 19:04:44,141] {dagbag.py:496} INFO - Filling up the DagBag from /home/airflow/.local/lib/python3.6/site-packages/airflow/example_dags/example_latest_only.py
[2023-07-18 19:04:44,193] {scheduler_job.py:643} INFO - DAG(s) dict_keys(['latest_only']) retrieved from /home/airflow/.local/lib/python3.6/site-packages/airflow/example_dags/example_latest_only.py
[2023-07-18 19:04:44,269] {logging_mixin.py:104} INFO - [2023-07-18 19:04:44,269] {dag.py:1833} INFO - Sync 1 DAGs
[2023-07-18 19:04:44,369] {logging_mixin.py:104} INFO - [2023-07-18 19:04:44,359] {dag.py:2306} INFO - Setting next_dagrun for latest_only to 2023-07-16 00:00:00+00:00
[2023-07-18 19:04:44,444] {scheduler_job.py:190} INFO - Processing /home/airflow/.local/lib/python3.6/site-packages/airflow/example_dags/example_latest_only.py took 0.329 seconds
[2023-07-18 19:05:15,342] {scheduler_job.py:182} INFO - Started process (PID=896) to work on /home/airflow/.local/lib/python3.6/site-packages/airflow/example_dags/example_latest_only.py
[2023-07-18 19:05:15,355] {scheduler_job.py:633} INFO - Processing file /home/airflow/.local/lib/python3.6/site-packages/airflow/example_dags/example_latest_only.py for tasks to queue
[2023-07-18 19:05:15,356] {logging_mixin.py:104} INFO - [2023-07-18 19:05:15,356] {dagbag.py:496} INFO - Filling up the DagBag from /home/airflow/.local/lib/python3.6/site-packages/airflow/example_dags/example_latest_only.py
[2023-07-18 19:05:15,422] {scheduler_job.py:643} INFO - DAG(s) dict_keys(['latest_only']) retrieved from /home/airflow/.local/lib/python3.6/site-packages/airflow/example_dags/example_latest_only.py
[2023-07-18 19:05:15,518] {logging_mixin.py:104} INFO - [2023-07-18 19:05:15,518] {dag.py:1833} INFO - Sync 1 DAGs
[2023-07-18 19:05:15,622] {logging_mixin.py:104} INFO - [2023-07-18 19:05:15,621] {dag.py:2306} INFO - Setting next_dagrun for latest_only to 2023-07-16 00:00:00+00:00
[2023-07-18 19:05:15,707] {scheduler_job.py:190} INFO - Processing /home/airflow/.local/lib/python3.6/site-packages/airflow/example_dags/example_latest_only.py took 0.380 seconds
[2023-07-18 19:05:45,883] {scheduler_job.py:182} INFO - Started process (PID=947) to work on /home/airflow/.local/lib/python3.6/site-packages/airflow/example_dags/example_latest_only.py
[2023-07-18 19:05:45,897] {scheduler_job.py:633} INFO - Processing file /home/airflow/.local/lib/python3.6/site-packages/airflow/example_dags/example_latest_only.py for tasks to queue
[2023-07-18 19:05:45,905] {logging_mixin.py:104} INFO - [2023-07-18 19:05:45,905] {dagbag.py:496} INFO - Filling up the DagBag from /home/airflow/.local/lib/python3.6/site-packages/airflow/example_dags/example_latest_only.py
[2023-07-18 19:05:46,000] {scheduler_job.py:643} INFO - DAG(s) dict_keys(['latest_only']) retrieved from /home/airflow/.local/lib/python3.6/site-packages/airflow/example_dags/example_latest_only.py
[2023-07-18 19:05:46,081] {logging_mixin.py:104} INFO - [2023-07-18 19:05:46,081] {dag.py:1833} INFO - Sync 1 DAGs
[2023-07-18 19:05:46,141] {logging_mixin.py:104} INFO - [2023-07-18 19:05:46,141] {dag.py:2306} INFO - Setting next_dagrun for latest_only to 2023-07-16 00:00:00+00:00
[2023-07-18 19:05:46,189] {scheduler_job.py:190} INFO - Processing /home/airflow/.local/lib/python3.6/site-packages/airflow/example_dags/example_latest_only.py took 0.322 seconds
[2023-07-18 19:06:16,790] {scheduler_job.py:182} INFO - Started process (PID=996) to work on /home/airflow/.local/lib/python3.6/site-packages/airflow/example_dags/example_latest_only.py
[2023-07-18 19:06:16,794] {scheduler_job.py:633} INFO - Processing file /home/airflow/.local/lib/python3.6/site-packages/airflow/example_dags/example_latest_only.py for tasks to queue
[2023-07-18 19:06:16,824] {logging_mixin.py:104} INFO - [2023-07-18 19:06:16,824] {dagbag.py:496} INFO - Filling up the DagBag from /home/airflow/.local/lib/python3.6/site-packages/airflow/example_dags/example_latest_only.py
[2023-07-18 19:06:16,930] {scheduler_job.py:643} INFO - DAG(s) dict_keys(['latest_only']) retrieved from /home/airflow/.local/lib/python3.6/site-packages/airflow/example_dags/example_latest_only.py
[2023-07-18 19:06:17,055] {logging_mixin.py:104} INFO - [2023-07-18 19:06:17,055] {dag.py:1833} INFO - Sync 1 DAGs
[2023-07-18 19:06:17,159] {logging_mixin.py:104} INFO - [2023-07-18 19:06:17,159] {dag.py:2306} INFO - Setting next_dagrun for latest_only to 2023-07-16 00:00:00+00:00
[2023-07-18 19:06:17,222] {scheduler_job.py:190} INFO - Processing /home/airflow/.local/lib/python3.6/site-packages/airflow/example_dags/example_latest_only.py took 0.460 seconds
[2023-07-18 19:06:47,513] {scheduler_job.py:182} INFO - Started process (PID=1047) to work on /home/airflow/.local/lib/python3.6/site-packages/airflow/example_dags/example_latest_only.py
[2023-07-18 19:06:47,525] {scheduler_job.py:633} INFO - Processing file /home/airflow/.local/lib/python3.6/site-packages/airflow/example_dags/example_latest_only.py for tasks to queue
[2023-07-18 19:06:47,538] {logging_mixin.py:104} INFO - [2023-07-18 19:06:47,538] {dagbag.py:496} INFO - Filling up the DagBag from /home/airflow/.local/lib/python3.6/site-packages/airflow/example_dags/example_latest_only.py
[2023-07-18 19:06:47,660] {scheduler_job.py:643} INFO - DAG(s) dict_keys(['latest_only']) retrieved from /home/airflow/.local/lib/python3.6/site-packages/airflow/example_dags/example_latest_only.py
[2023-07-18 19:06:47,803] {logging_mixin.py:104} INFO - [2023-07-18 19:06:47,802] {dag.py:1833} INFO - Sync 1 DAGs
[2023-07-18 19:06:47,896] {logging_mixin.py:104} INFO - [2023-07-18 19:06:47,896] {dag.py:2306} INFO - Setting next_dagrun for latest_only to 2023-07-16 00:00:00+00:00
[2023-07-18 19:06:47,953] {scheduler_job.py:190} INFO - Processing /home/airflow/.local/lib/python3.6/site-packages/airflow/example_dags/example_latest_only.py took 0.450 seconds
[2023-07-18 19:07:18,316] {scheduler_job.py:182} INFO - Started process (PID=1095) to work on /home/airflow/.local/lib/python3.6/site-packages/airflow/example_dags/example_latest_only.py
[2023-07-18 19:07:18,321] {scheduler_job.py:633} INFO - Processing file /home/airflow/.local/lib/python3.6/site-packages/airflow/example_dags/example_latest_only.py for tasks to queue
[2023-07-18 19:07:18,323] {logging_mixin.py:104} INFO - [2023-07-18 19:07:18,323] {dagbag.py:496} INFO - Filling up the DagBag from /home/airflow/.local/lib/python3.6/site-packages/airflow/example_dags/example_latest_only.py
[2023-07-18 19:07:18,360] {scheduler_job.py:643} INFO - DAG(s) dict_keys(['latest_only']) retrieved from /home/airflow/.local/lib/python3.6/site-packages/airflow/example_dags/example_latest_only.py
[2023-07-18 19:07:18,407] {logging_mixin.py:104} INFO - [2023-07-18 19:07:18,407] {dag.py:1833} INFO - Sync 1 DAGs
[2023-07-18 19:07:18,459] {logging_mixin.py:104} INFO - [2023-07-18 19:07:18,458] {dag.py:2306} INFO - Setting next_dagrun for latest_only to 2023-07-16 00:00:00+00:00
[2023-07-18 19:07:18,485] {scheduler_job.py:190} INFO - Processing /home/airflow/.local/lib/python3.6/site-packages/airflow/example_dags/example_latest_only.py took 0.179 seconds
[2023-07-18 19:07:48,806] {scheduler_job.py:182} INFO - Started process (PID=1149) to work on /home/airflow/.local/lib/python3.6/site-packages/airflow/example_dags/example_latest_only.py
[2023-07-18 19:07:48,807] {scheduler_job.py:633} INFO - Processing file /home/airflow/.local/lib/python3.6/site-packages/airflow/example_dags/example_latest_only.py for tasks to queue
[2023-07-18 19:07:48,810] {logging_mixin.py:104} INFO - [2023-07-18 19:07:48,810] {dagbag.py:496} INFO - Filling up the DagBag from /home/airflow/.local/lib/python3.6/site-packages/airflow/example_dags/example_latest_only.py
[2023-07-18 19:07:48,828] {scheduler_job.py:643} INFO - DAG(s) dict_keys(['latest_only']) retrieved from /home/airflow/.local/lib/python3.6/site-packages/airflow/example_dags/example_latest_only.py
[2023-07-18 19:07:48,855] {logging_mixin.py:104} INFO - [2023-07-18 19:07:48,855] {dag.py:1833} INFO - Sync 1 DAGs
[2023-07-18 19:07:48,879] {logging_mixin.py:104} INFO - [2023-07-18 19:07:48,879] {dag.py:2306} INFO - Setting next_dagrun for latest_only to 2023-07-16 00:00:00+00:00
[2023-07-18 19:07:48,894] {scheduler_job.py:190} INFO - Processing /home/airflow/.local/lib/python3.6/site-packages/airflow/example_dags/example_latest_only.py took 0.095 seconds
[2023-07-18 19:08:19,249] {scheduler_job.py:182} INFO - Started process (PID=1200) to work on /home/airflow/.local/lib/python3.6/site-packages/airflow/example_dags/example_latest_only.py
[2023-07-18 19:08:19,253] {scheduler_job.py:633} INFO - Processing file /home/airflow/.local/lib/python3.6/site-packages/airflow/example_dags/example_latest_only.py for tasks to queue
[2023-07-18 19:08:19,255] {logging_mixin.py:104} INFO - [2023-07-18 19:08:19,255] {dagbag.py:496} INFO - Filling up the DagBag from /home/airflow/.local/lib/python3.6/site-packages/airflow/example_dags/example_latest_only.py
[2023-07-18 19:08:19,276] {scheduler_job.py:643} INFO - DAG(s) dict_keys(['latest_only']) retrieved from /home/airflow/.local/lib/python3.6/site-packages/airflow/example_dags/example_latest_only.py
[2023-07-18 19:08:19,312] {logging_mixin.py:104} INFO - [2023-07-18 19:08:19,312] {dag.py:1833} INFO - Sync 1 DAGs
[2023-07-18 19:08:19,340] {logging_mixin.py:104} INFO - [2023-07-18 19:08:19,340] {dag.py:2306} INFO - Setting next_dagrun for latest_only to 2023-07-16 00:00:00+00:00
[2023-07-18 19:08:19,372] {scheduler_job.py:190} INFO - Processing /home/airflow/.local/lib/python3.6/site-packages/airflow/example_dags/example_latest_only.py took 0.143 seconds
