[2023-07-18 18:45:29,171] {scheduler_job.py:182} INFO - Started process (PID=98) to work on /home/airflow/.local/lib/python3.6/site-packages/airflow/example_dags/example_kubernetes_executor.py
[2023-07-18 18:45:29,180] {scheduler_job.py:633} INFO - Processing file /home/airflow/.local/lib/python3.6/site-packages/airflow/example_dags/example_kubernetes_executor.py for tasks to queue
[2023-07-18 18:45:29,185] {logging_mixin.py:104} INFO - [2023-07-18 18:45:29,184] {dagbag.py:496} INFO - Filling up the DagBag from /home/airflow/.local/lib/python3.6/site-packages/airflow/example_dags/example_kubernetes_executor.py
[2023-07-18 18:45:29,349] {scheduler_job.py:643} INFO - DAG(s) dict_keys(['example_kubernetes_executor']) retrieved from /home/airflow/.local/lib/python3.6/site-packages/airflow/example_dags/example_kubernetes_executor.py
[2023-07-18 18:45:59,170] {logging_mixin.py:104} INFO - [2023-07-18 18:45:59,163] {dag.py:1833} INFO - Sync 1 DAGs
[2023-07-18 18:45:59,337] {logging_mixin.py:104} INFO - [2023-07-18 18:45:59,315] {dag.py:1852} INFO - Creating ORM DAG for example_kubernetes_executor
[2023-07-18 18:45:59,391] {logging_mixin.py:104} INFO - [2023-07-18 18:45:59,390] {dag.py:2306} INFO - Setting next_dagrun for example_kubernetes_executor to None
[2023-07-18 18:45:59,586] {scheduler_job.py:190} INFO - Processing /home/airflow/.local/lib/python3.6/site-packages/airflow/example_dags/example_kubernetes_executor.py took 30.426 seconds
[2023-07-18 18:56:43,116] {scheduler_job.py:182} INFO - Started process (PID=88) to work on /home/airflow/.local/lib/python3.6/site-packages/airflow/example_dags/example_kubernetes_executor.py
[2023-07-18 18:56:43,135] {scheduler_job.py:633} INFO - Processing file /home/airflow/.local/lib/python3.6/site-packages/airflow/example_dags/example_kubernetes_executor.py for tasks to queue
[2023-07-18 18:56:43,155] {logging_mixin.py:104} INFO - [2023-07-18 18:56:43,155] {dagbag.py:496} INFO - Filling up the DagBag from /home/airflow/.local/lib/python3.6/site-packages/airflow/example_dags/example_kubernetes_executor.py
[2023-07-18 18:56:43,456] {scheduler_job.py:643} INFO - DAG(s) dict_keys(['example_kubernetes_executor']) retrieved from /home/airflow/.local/lib/python3.6/site-packages/airflow/example_dags/example_kubernetes_executor.py
[2023-07-18 18:56:43,754] {logging_mixin.py:104} INFO - [2023-07-18 18:56:43,754] {dag.py:1833} INFO - Sync 1 DAGs
[2023-07-18 18:56:43,879] {logging_mixin.py:104} INFO - [2023-07-18 18:56:43,879] {dag.py:2306} INFO - Setting next_dagrun for example_kubernetes_executor to None
[2023-07-18 18:56:43,958] {scheduler_job.py:190} INFO - Processing /home/airflow/.local/lib/python3.6/site-packages/airflow/example_dags/example_kubernetes_executor.py took 0.934 seconds
[2023-07-18 18:58:58,558] {scheduler_job.py:182} INFO - Started process (PID=242) to work on /home/airflow/.local/lib/python3.6/site-packages/airflow/example_dags/example_kubernetes_executor.py
[2023-07-18 18:58:58,565] {scheduler_job.py:633} INFO - Processing file /home/airflow/.local/lib/python3.6/site-packages/airflow/example_dags/example_kubernetes_executor.py for tasks to queue
[2023-07-18 18:58:58,570] {logging_mixin.py:104} INFO - [2023-07-18 18:58:58,570] {dagbag.py:496} INFO - Filling up the DagBag from /home/airflow/.local/lib/python3.6/site-packages/airflow/example_dags/example_kubernetes_executor.py
[2023-07-18 18:58:58,647] {scheduler_job.py:643} INFO - DAG(s) dict_keys(['example_kubernetes_executor']) retrieved from /home/airflow/.local/lib/python3.6/site-packages/airflow/example_dags/example_kubernetes_executor.py
[2023-07-18 18:58:58,768] {logging_mixin.py:104} INFO - [2023-07-18 18:58:58,768] {dag.py:1833} INFO - Sync 1 DAGs
[2023-07-18 18:58:58,851] {logging_mixin.py:104} INFO - [2023-07-18 18:58:58,851] {dag.py:2306} INFO - Setting next_dagrun for example_kubernetes_executor to None
[2023-07-18 18:58:58,888] {scheduler_job.py:190} INFO - Processing /home/airflow/.local/lib/python3.6/site-packages/airflow/example_dags/example_kubernetes_executor.py took 0.357 seconds
[2023-07-18 18:59:28,984] {scheduler_job.py:182} INFO - Started process (PID=292) to work on /home/airflow/.local/lib/python3.6/site-packages/airflow/example_dags/example_kubernetes_executor.py
[2023-07-18 18:59:28,994] {scheduler_job.py:633} INFO - Processing file /home/airflow/.local/lib/python3.6/site-packages/airflow/example_dags/example_kubernetes_executor.py for tasks to queue
[2023-07-18 18:59:29,002] {logging_mixin.py:104} INFO - [2023-07-18 18:59:29,001] {dagbag.py:496} INFO - Filling up the DagBag from /home/airflow/.local/lib/python3.6/site-packages/airflow/example_dags/example_kubernetes_executor.py
[2023-07-18 18:59:29,071] {scheduler_job.py:643} INFO - DAG(s) dict_keys(['example_kubernetes_executor']) retrieved from /home/airflow/.local/lib/python3.6/site-packages/airflow/example_dags/example_kubernetes_executor.py
[2023-07-18 18:59:29,111] {logging_mixin.py:104} INFO - [2023-07-18 18:59:29,111] {dag.py:1833} INFO - Sync 1 DAGs
[2023-07-18 18:59:29,153] {logging_mixin.py:104} INFO - [2023-07-18 18:59:29,153] {dag.py:2306} INFO - Setting next_dagrun for example_kubernetes_executor to None
[2023-07-18 18:59:29,173] {scheduler_job.py:190} INFO - Processing /home/airflow/.local/lib/python3.6/site-packages/airflow/example_dags/example_kubernetes_executor.py took 0.209 seconds
[2023-07-18 19:00:00,133] {scheduler_job.py:182} INFO - Started process (PID=342) to work on /home/airflow/.local/lib/python3.6/site-packages/airflow/example_dags/example_kubernetes_executor.py
[2023-07-18 19:00:00,136] {scheduler_job.py:633} INFO - Processing file /home/airflow/.local/lib/python3.6/site-packages/airflow/example_dags/example_kubernetes_executor.py for tasks to queue
[2023-07-18 19:00:00,139] {logging_mixin.py:104} INFO - [2023-07-18 19:00:00,138] {dagbag.py:496} INFO - Filling up the DagBag from /home/airflow/.local/lib/python3.6/site-packages/airflow/example_dags/example_kubernetes_executor.py
[2023-07-18 19:00:00,186] {scheduler_job.py:643} INFO - DAG(s) dict_keys(['example_kubernetes_executor']) retrieved from /home/airflow/.local/lib/python3.6/site-packages/airflow/example_dags/example_kubernetes_executor.py
[2023-07-18 19:00:00,223] {logging_mixin.py:104} INFO - [2023-07-18 19:00:00,222] {dag.py:1833} INFO - Sync 1 DAGs
[2023-07-18 19:00:00,258] {logging_mixin.py:104} INFO - [2023-07-18 19:00:00,258] {dag.py:2306} INFO - Setting next_dagrun for example_kubernetes_executor to None
[2023-07-18 19:00:00,278] {scheduler_job.py:190} INFO - Processing /home/airflow/.local/lib/python3.6/site-packages/airflow/example_dags/example_kubernetes_executor.py took 0.150 seconds
[2023-07-18 19:00:30,375] {scheduler_job.py:182} INFO - Started process (PID=400) to work on /home/airflow/.local/lib/python3.6/site-packages/airflow/example_dags/example_kubernetes_executor.py
[2023-07-18 19:00:30,378] {scheduler_job.py:633} INFO - Processing file /home/airflow/.local/lib/python3.6/site-packages/airflow/example_dags/example_kubernetes_executor.py for tasks to queue
[2023-07-18 19:00:30,386] {logging_mixin.py:104} INFO - [2023-07-18 19:00:30,386] {dagbag.py:496} INFO - Filling up the DagBag from /home/airflow/.local/lib/python3.6/site-packages/airflow/example_dags/example_kubernetes_executor.py
[2023-07-18 19:00:30,440] {scheduler_job.py:643} INFO - DAG(s) dict_keys(['example_kubernetes_executor']) retrieved from /home/airflow/.local/lib/python3.6/site-packages/airflow/example_dags/example_kubernetes_executor.py
[2023-07-18 19:00:30,511] {logging_mixin.py:104} INFO - [2023-07-18 19:00:30,511] {dag.py:1833} INFO - Sync 1 DAGs
[2023-07-18 19:00:30,570] {logging_mixin.py:104} INFO - [2023-07-18 19:00:30,570] {dag.py:2306} INFO - Setting next_dagrun for example_kubernetes_executor to None
[2023-07-18 19:00:30,608] {scheduler_job.py:190} INFO - Processing /home/airflow/.local/lib/python3.6/site-packages/airflow/example_dags/example_kubernetes_executor.py took 0.254 seconds
[2023-07-18 19:01:00,846] {scheduler_job.py:182} INFO - Started process (PID=453) to work on /home/airflow/.local/lib/python3.6/site-packages/airflow/example_dags/example_kubernetes_executor.py
[2023-07-18 19:01:00,864] {scheduler_job.py:633} INFO - Processing file /home/airflow/.local/lib/python3.6/site-packages/airflow/example_dags/example_kubernetes_executor.py for tasks to queue
[2023-07-18 19:01:00,873] {logging_mixin.py:104} INFO - [2023-07-18 19:01:00,873] {dagbag.py:496} INFO - Filling up the DagBag from /home/airflow/.local/lib/python3.6/site-packages/airflow/example_dags/example_kubernetes_executor.py
[2023-07-18 19:01:00,994] {scheduler_job.py:643} INFO - DAG(s) dict_keys(['example_kubernetes_executor']) retrieved from /home/airflow/.local/lib/python3.6/site-packages/airflow/example_dags/example_kubernetes_executor.py
[2023-07-18 19:01:01,113] {logging_mixin.py:104} INFO - [2023-07-18 19:01:01,113] {dag.py:1833} INFO - Sync 1 DAGs
[2023-07-18 19:01:01,143] {logging_mixin.py:104} INFO - [2023-07-18 19:01:01,142] {dag.py:2306} INFO - Setting next_dagrun for example_kubernetes_executor to None
[2023-07-18 19:01:01,164] {scheduler_job.py:190} INFO - Processing /home/airflow/.local/lib/python3.6/site-packages/airflow/example_dags/example_kubernetes_executor.py took 0.346 seconds
[2023-07-18 19:01:31,936] {scheduler_job.py:182} INFO - Started process (PID=504) to work on /home/airflow/.local/lib/python3.6/site-packages/airflow/example_dags/example_kubernetes_executor.py
[2023-07-18 19:01:31,939] {scheduler_job.py:633} INFO - Processing file /home/airflow/.local/lib/python3.6/site-packages/airflow/example_dags/example_kubernetes_executor.py for tasks to queue
[2023-07-18 19:01:31,942] {logging_mixin.py:104} INFO - [2023-07-18 19:01:31,942] {dagbag.py:496} INFO - Filling up the DagBag from /home/airflow/.local/lib/python3.6/site-packages/airflow/example_dags/example_kubernetes_executor.py
[2023-07-18 19:01:31,971] {scheduler_job.py:643} INFO - DAG(s) dict_keys(['example_kubernetes_executor']) retrieved from /home/airflow/.local/lib/python3.6/site-packages/airflow/example_dags/example_kubernetes_executor.py
[2023-07-18 19:01:32,010] {logging_mixin.py:104} INFO - [2023-07-18 19:01:32,010] {dag.py:1833} INFO - Sync 1 DAGs
[2023-07-18 19:01:32,038] {logging_mixin.py:104} INFO - [2023-07-18 19:01:32,038] {dag.py:2306} INFO - Setting next_dagrun for example_kubernetes_executor to None
[2023-07-18 19:01:32,057] {scheduler_job.py:190} INFO - Processing /home/airflow/.local/lib/python3.6/site-packages/airflow/example_dags/example_kubernetes_executor.py took 0.128 seconds
[2023-07-18 19:02:02,708] {scheduler_job.py:182} INFO - Started process (PID=555) to work on /home/airflow/.local/lib/python3.6/site-packages/airflow/example_dags/example_kubernetes_executor.py
[2023-07-18 19:02:02,710] {scheduler_job.py:633} INFO - Processing file /home/airflow/.local/lib/python3.6/site-packages/airflow/example_dags/example_kubernetes_executor.py for tasks to queue
[2023-07-18 19:02:02,716] {logging_mixin.py:104} INFO - [2023-07-18 19:02:02,715] {dagbag.py:496} INFO - Filling up the DagBag from /home/airflow/.local/lib/python3.6/site-packages/airflow/example_dags/example_kubernetes_executor.py
[2023-07-18 19:02:02,774] {scheduler_job.py:643} INFO - DAG(s) dict_keys(['example_kubernetes_executor']) retrieved from /home/airflow/.local/lib/python3.6/site-packages/airflow/example_dags/example_kubernetes_executor.py
[2023-07-18 19:02:02,828] {logging_mixin.py:104} INFO - [2023-07-18 19:02:02,828] {dag.py:1833} INFO - Sync 1 DAGs
[2023-07-18 19:02:02,859] {logging_mixin.py:104} INFO - [2023-07-18 19:02:02,859] {dag.py:2306} INFO - Setting next_dagrun for example_kubernetes_executor to None
[2023-07-18 19:02:02,879] {scheduler_job.py:190} INFO - Processing /home/airflow/.local/lib/python3.6/site-packages/airflow/example_dags/example_kubernetes_executor.py took 0.182 seconds
[2023-07-18 19:02:33,501] {scheduler_job.py:182} INFO - Started process (PID=606) to work on /home/airflow/.local/lib/python3.6/site-packages/airflow/example_dags/example_kubernetes_executor.py
[2023-07-18 19:02:33,503] {scheduler_job.py:633} INFO - Processing file /home/airflow/.local/lib/python3.6/site-packages/airflow/example_dags/example_kubernetes_executor.py for tasks to queue
[2023-07-18 19:02:33,505] {logging_mixin.py:104} INFO - [2023-07-18 19:02:33,504] {dagbag.py:496} INFO - Filling up the DagBag from /home/airflow/.local/lib/python3.6/site-packages/airflow/example_dags/example_kubernetes_executor.py
[2023-07-18 19:02:33,533] {scheduler_job.py:643} INFO - DAG(s) dict_keys(['example_kubernetes_executor']) retrieved from /home/airflow/.local/lib/python3.6/site-packages/airflow/example_dags/example_kubernetes_executor.py
[2023-07-18 19:02:33,575] {logging_mixin.py:104} INFO - [2023-07-18 19:02:33,575] {dag.py:1833} INFO - Sync 1 DAGs
[2023-07-18 19:02:33,631] {logging_mixin.py:104} INFO - [2023-07-18 19:02:33,631] {dag.py:2306} INFO - Setting next_dagrun for example_kubernetes_executor to None
[2023-07-18 19:02:33,651] {scheduler_job.py:190} INFO - Processing /home/airflow/.local/lib/python3.6/site-packages/airflow/example_dags/example_kubernetes_executor.py took 0.157 seconds
[2023-07-18 19:03:03,865] {scheduler_job.py:182} INFO - Started process (PID=667) to work on /home/airflow/.local/lib/python3.6/site-packages/airflow/example_dags/example_kubernetes_executor.py
[2023-07-18 19:03:03,872] {scheduler_job.py:633} INFO - Processing file /home/airflow/.local/lib/python3.6/site-packages/airflow/example_dags/example_kubernetes_executor.py for tasks to queue
[2023-07-18 19:03:03,875] {logging_mixin.py:104} INFO - [2023-07-18 19:03:03,875] {dagbag.py:496} INFO - Filling up the DagBag from /home/airflow/.local/lib/python3.6/site-packages/airflow/example_dags/example_kubernetes_executor.py
[2023-07-18 19:03:03,912] {scheduler_job.py:643} INFO - DAG(s) dict_keys(['example_kubernetes_executor']) retrieved from /home/airflow/.local/lib/python3.6/site-packages/airflow/example_dags/example_kubernetes_executor.py
[2023-07-18 19:03:03,991] {logging_mixin.py:104} INFO - [2023-07-18 19:03:03,990] {dag.py:1833} INFO - Sync 1 DAGs
[2023-07-18 19:03:04,034] {logging_mixin.py:104} INFO - [2023-07-18 19:03:04,033] {dag.py:2306} INFO - Setting next_dagrun for example_kubernetes_executor to None
[2023-07-18 19:03:04,070] {scheduler_job.py:190} INFO - Processing /home/airflow/.local/lib/python3.6/site-packages/airflow/example_dags/example_kubernetes_executor.py took 0.214 seconds
[2023-07-18 19:03:34,326] {scheduler_job.py:182} INFO - Started process (PID=718) to work on /home/airflow/.local/lib/python3.6/site-packages/airflow/example_dags/example_kubernetes_executor.py
[2023-07-18 19:03:34,329] {scheduler_job.py:633} INFO - Processing file /home/airflow/.local/lib/python3.6/site-packages/airflow/example_dags/example_kubernetes_executor.py for tasks to queue
[2023-07-18 19:03:34,331] {logging_mixin.py:104} INFO - [2023-07-18 19:03:34,331] {dagbag.py:496} INFO - Filling up the DagBag from /home/airflow/.local/lib/python3.6/site-packages/airflow/example_dags/example_kubernetes_executor.py
[2023-07-18 19:03:34,355] {scheduler_job.py:643} INFO - DAG(s) dict_keys(['example_kubernetes_executor']) retrieved from /home/airflow/.local/lib/python3.6/site-packages/airflow/example_dags/example_kubernetes_executor.py
[2023-07-18 19:03:34,391] {logging_mixin.py:104} INFO - [2023-07-18 19:03:34,390] {dag.py:1833} INFO - Sync 1 DAGs
[2023-07-18 19:03:34,422] {logging_mixin.py:104} INFO - [2023-07-18 19:03:34,422] {dag.py:2306} INFO - Setting next_dagrun for example_kubernetes_executor to None
[2023-07-18 19:03:34,578] {scheduler_job.py:190} INFO - Processing /home/airflow/.local/lib/python3.6/site-packages/airflow/example_dags/example_kubernetes_executor.py took 0.264 seconds
[2023-07-18 19:04:05,528] {scheduler_job.py:182} INFO - Started process (PID=767) to work on /home/airflow/.local/lib/python3.6/site-packages/airflow/example_dags/example_kubernetes_executor.py
[2023-07-18 19:04:05,538] {scheduler_job.py:633} INFO - Processing file /home/airflow/.local/lib/python3.6/site-packages/airflow/example_dags/example_kubernetes_executor.py for tasks to queue
[2023-07-18 19:04:05,546] {logging_mixin.py:104} INFO - [2023-07-18 19:04:05,545] {dagbag.py:496} INFO - Filling up the DagBag from /home/airflow/.local/lib/python3.6/site-packages/airflow/example_dags/example_kubernetes_executor.py
[2023-07-18 19:04:05,623] {scheduler_job.py:643} INFO - DAG(s) dict_keys(['example_kubernetes_executor']) retrieved from /home/airflow/.local/lib/python3.6/site-packages/airflow/example_dags/example_kubernetes_executor.py
[2023-07-18 19:04:05,667] {logging_mixin.py:104} INFO - [2023-07-18 19:04:05,666] {dag.py:1833} INFO - Sync 1 DAGs
[2023-07-18 19:04:05,697] {logging_mixin.py:104} INFO - [2023-07-18 19:04:05,697] {dag.py:2306} INFO - Setting next_dagrun for example_kubernetes_executor to None
[2023-07-18 19:04:05,718] {scheduler_job.py:190} INFO - Processing /home/airflow/.local/lib/python3.6/site-packages/airflow/example_dags/example_kubernetes_executor.py took 0.210 seconds
[2023-07-18 19:04:36,508] {scheduler_job.py:182} INFO - Started process (PID=818) to work on /home/airflow/.local/lib/python3.6/site-packages/airflow/example_dags/example_kubernetes_executor.py
[2023-07-18 19:04:36,512] {scheduler_job.py:633} INFO - Processing file /home/airflow/.local/lib/python3.6/site-packages/airflow/example_dags/example_kubernetes_executor.py for tasks to queue
[2023-07-18 19:04:36,527] {logging_mixin.py:104} INFO - [2023-07-18 19:04:36,527] {dagbag.py:496} INFO - Filling up the DagBag from /home/airflow/.local/lib/python3.6/site-packages/airflow/example_dags/example_kubernetes_executor.py
[2023-07-18 19:04:36,607] {scheduler_job.py:643} INFO - DAG(s) dict_keys(['example_kubernetes_executor']) retrieved from /home/airflow/.local/lib/python3.6/site-packages/airflow/example_dags/example_kubernetes_executor.py
[2023-07-18 19:04:36,714] {logging_mixin.py:104} INFO - [2023-07-18 19:04:36,714] {dag.py:1833} INFO - Sync 1 DAGs
[2023-07-18 19:04:36,767] {logging_mixin.py:104} INFO - [2023-07-18 19:04:36,767] {dag.py:2306} INFO - Setting next_dagrun for example_kubernetes_executor to None
[2023-07-18 19:04:36,824] {scheduler_job.py:190} INFO - Processing /home/airflow/.local/lib/python3.6/site-packages/airflow/example_dags/example_kubernetes_executor.py took 0.327 seconds
[2023-07-18 19:05:07,758] {scheduler_job.py:182} INFO - Started process (PID=869) to work on /home/airflow/.local/lib/python3.6/site-packages/airflow/example_dags/example_kubernetes_executor.py
[2023-07-18 19:05:07,765] {scheduler_job.py:633} INFO - Processing file /home/airflow/.local/lib/python3.6/site-packages/airflow/example_dags/example_kubernetes_executor.py for tasks to queue
[2023-07-18 19:05:07,767] {logging_mixin.py:104} INFO - [2023-07-18 19:05:07,767] {dagbag.py:496} INFO - Filling up the DagBag from /home/airflow/.local/lib/python3.6/site-packages/airflow/example_dags/example_kubernetes_executor.py
[2023-07-18 19:05:07,800] {scheduler_job.py:643} INFO - DAG(s) dict_keys(['example_kubernetes_executor']) retrieved from /home/airflow/.local/lib/python3.6/site-packages/airflow/example_dags/example_kubernetes_executor.py
[2023-07-18 19:05:07,844] {logging_mixin.py:104} INFO - [2023-07-18 19:05:07,844] {dag.py:1833} INFO - Sync 1 DAGs
[2023-07-18 19:05:07,881] {logging_mixin.py:104} INFO - [2023-07-18 19:05:07,881] {dag.py:2306} INFO - Setting next_dagrun for example_kubernetes_executor to None
[2023-07-18 19:05:07,907] {scheduler_job.py:190} INFO - Processing /home/airflow/.local/lib/python3.6/site-packages/airflow/example_dags/example_kubernetes_executor.py took 0.169 seconds
[2023-07-18 19:05:37,960] {scheduler_job.py:182} INFO - Started process (PID=921) to work on /home/airflow/.local/lib/python3.6/site-packages/airflow/example_dags/example_kubernetes_executor.py
[2023-07-18 19:05:37,964] {scheduler_job.py:633} INFO - Processing file /home/airflow/.local/lib/python3.6/site-packages/airflow/example_dags/example_kubernetes_executor.py for tasks to queue
[2023-07-18 19:05:37,967] {logging_mixin.py:104} INFO - [2023-07-18 19:05:37,967] {dagbag.py:496} INFO - Filling up the DagBag from /home/airflow/.local/lib/python3.6/site-packages/airflow/example_dags/example_kubernetes_executor.py
[2023-07-18 19:05:38,012] {scheduler_job.py:643} INFO - DAG(s) dict_keys(['example_kubernetes_executor']) retrieved from /home/airflow/.local/lib/python3.6/site-packages/airflow/example_dags/example_kubernetes_executor.py
[2023-07-18 19:05:38,112] {logging_mixin.py:104} INFO - [2023-07-18 19:05:38,111] {dag.py:1833} INFO - Sync 1 DAGs
[2023-07-18 19:05:38,149] {logging_mixin.py:104} INFO - [2023-07-18 19:05:38,149] {dag.py:2306} INFO - Setting next_dagrun for example_kubernetes_executor to None
[2023-07-18 19:05:38,167] {scheduler_job.py:190} INFO - Processing /home/airflow/.local/lib/python3.6/site-packages/airflow/example_dags/example_kubernetes_executor.py took 0.215 seconds
[2023-07-18 19:06:08,594] {scheduler_job.py:182} INFO - Started process (PID=971) to work on /home/airflow/.local/lib/python3.6/site-packages/airflow/example_dags/example_kubernetes_executor.py
[2023-07-18 19:06:08,607] {scheduler_job.py:633} INFO - Processing file /home/airflow/.local/lib/python3.6/site-packages/airflow/example_dags/example_kubernetes_executor.py for tasks to queue
[2023-07-18 19:06:08,624] {logging_mixin.py:104} INFO - [2023-07-18 19:06:08,623] {dagbag.py:496} INFO - Filling up the DagBag from /home/airflow/.local/lib/python3.6/site-packages/airflow/example_dags/example_kubernetes_executor.py
[2023-07-18 19:06:08,716] {scheduler_job.py:643} INFO - DAG(s) dict_keys(['example_kubernetes_executor']) retrieved from /home/airflow/.local/lib/python3.6/site-packages/airflow/example_dags/example_kubernetes_executor.py
[2023-07-18 19:06:08,861] {logging_mixin.py:104} INFO - [2023-07-18 19:06:08,861] {dag.py:1833} INFO - Sync 1 DAGs
[2023-07-18 19:06:08,916] {logging_mixin.py:104} INFO - [2023-07-18 19:06:08,916] {dag.py:2306} INFO - Setting next_dagrun for example_kubernetes_executor to None
[2023-07-18 19:06:08,967] {scheduler_job.py:190} INFO - Processing /home/airflow/.local/lib/python3.6/site-packages/airflow/example_dags/example_kubernetes_executor.py took 0.404 seconds
[2023-07-18 19:06:39,291] {scheduler_job.py:182} INFO - Started process (PID=1022) to work on /home/airflow/.local/lib/python3.6/site-packages/airflow/example_dags/example_kubernetes_executor.py
[2023-07-18 19:06:39,297] {scheduler_job.py:633} INFO - Processing file /home/airflow/.local/lib/python3.6/site-packages/airflow/example_dags/example_kubernetes_executor.py for tasks to queue
[2023-07-18 19:06:39,299] {logging_mixin.py:104} INFO - [2023-07-18 19:06:39,299] {dagbag.py:496} INFO - Filling up the DagBag from /home/airflow/.local/lib/python3.6/site-packages/airflow/example_dags/example_kubernetes_executor.py
[2023-07-18 19:06:39,327] {scheduler_job.py:643} INFO - DAG(s) dict_keys(['example_kubernetes_executor']) retrieved from /home/airflow/.local/lib/python3.6/site-packages/airflow/example_dags/example_kubernetes_executor.py
[2023-07-18 19:06:39,370] {logging_mixin.py:104} INFO - [2023-07-18 19:06:39,369] {dag.py:1833} INFO - Sync 1 DAGs
[2023-07-18 19:06:39,408] {logging_mixin.py:104} INFO - [2023-07-18 19:06:39,408] {dag.py:2306} INFO - Setting next_dagrun for example_kubernetes_executor to None
[2023-07-18 19:06:39,427] {scheduler_job.py:190} INFO - Processing /home/airflow/.local/lib/python3.6/site-packages/airflow/example_dags/example_kubernetes_executor.py took 0.145 seconds
[2023-07-18 19:07:09,709] {scheduler_job.py:182} INFO - Started process (PID=1072) to work on /home/airflow/.local/lib/python3.6/site-packages/airflow/example_dags/example_kubernetes_executor.py
[2023-07-18 19:07:09,712] {scheduler_job.py:633} INFO - Processing file /home/airflow/.local/lib/python3.6/site-packages/airflow/example_dags/example_kubernetes_executor.py for tasks to queue
[2023-07-18 19:07:09,714] {logging_mixin.py:104} INFO - [2023-07-18 19:07:09,713] {dagbag.py:496} INFO - Filling up the DagBag from /home/airflow/.local/lib/python3.6/site-packages/airflow/example_dags/example_kubernetes_executor.py
[2023-07-18 19:07:09,736] {scheduler_job.py:643} INFO - DAG(s) dict_keys(['example_kubernetes_executor']) retrieved from /home/airflow/.local/lib/python3.6/site-packages/airflow/example_dags/example_kubernetes_executor.py
[2023-07-18 19:07:09,770] {logging_mixin.py:104} INFO - [2023-07-18 19:07:09,769] {dag.py:1833} INFO - Sync 1 DAGs
[2023-07-18 19:07:09,806] {logging_mixin.py:104} INFO - [2023-07-18 19:07:09,806] {dag.py:2306} INFO - Setting next_dagrun for example_kubernetes_executor to None
[2023-07-18 19:07:09,822] {scheduler_job.py:190} INFO - Processing /home/airflow/.local/lib/python3.6/site-packages/airflow/example_dags/example_kubernetes_executor.py took 0.120 seconds
[2023-07-18 19:07:40,098] {scheduler_job.py:182} INFO - Started process (PID=1123) to work on /home/airflow/.local/lib/python3.6/site-packages/airflow/example_dags/example_kubernetes_executor.py
[2023-07-18 19:07:40,102] {scheduler_job.py:633} INFO - Processing file /home/airflow/.local/lib/python3.6/site-packages/airflow/example_dags/example_kubernetes_executor.py for tasks to queue
[2023-07-18 19:07:40,104] {logging_mixin.py:104} INFO - [2023-07-18 19:07:40,104] {dagbag.py:496} INFO - Filling up the DagBag from /home/airflow/.local/lib/python3.6/site-packages/airflow/example_dags/example_kubernetes_executor.py
[2023-07-18 19:07:40,138] {scheduler_job.py:643} INFO - DAG(s) dict_keys(['example_kubernetes_executor']) retrieved from /home/airflow/.local/lib/python3.6/site-packages/airflow/example_dags/example_kubernetes_executor.py
[2023-07-18 19:07:40,201] {logging_mixin.py:104} INFO - [2023-07-18 19:07:40,200] {dag.py:1833} INFO - Sync 1 DAGs
[2023-07-18 19:07:40,239] {logging_mixin.py:104} INFO - [2023-07-18 19:07:40,239] {dag.py:2306} INFO - Setting next_dagrun for example_kubernetes_executor to None
[2023-07-18 19:07:40,262] {scheduler_job.py:190} INFO - Processing /home/airflow/.local/lib/python3.6/site-packages/airflow/example_dags/example_kubernetes_executor.py took 0.172 seconds
[2023-07-18 19:08:10,656] {scheduler_job.py:182} INFO - Started process (PID=1174) to work on /home/airflow/.local/lib/python3.6/site-packages/airflow/example_dags/example_kubernetes_executor.py
[2023-07-18 19:08:10,669] {scheduler_job.py:633} INFO - Processing file /home/airflow/.local/lib/python3.6/site-packages/airflow/example_dags/example_kubernetes_executor.py for tasks to queue
[2023-07-18 19:08:10,674] {logging_mixin.py:104} INFO - [2023-07-18 19:08:10,674] {dagbag.py:496} INFO - Filling up the DagBag from /home/airflow/.local/lib/python3.6/site-packages/airflow/example_dags/example_kubernetes_executor.py
[2023-07-18 19:08:10,711] {scheduler_job.py:643} INFO - DAG(s) dict_keys(['example_kubernetes_executor']) retrieved from /home/airflow/.local/lib/python3.6/site-packages/airflow/example_dags/example_kubernetes_executor.py
[2023-07-18 19:08:10,763] {logging_mixin.py:104} INFO - [2023-07-18 19:08:10,763] {dag.py:1833} INFO - Sync 1 DAGs
[2023-07-18 19:08:10,791] {logging_mixin.py:104} INFO - [2023-07-18 19:08:10,791] {dag.py:2306} INFO - Setting next_dagrun for example_kubernetes_executor to None
[2023-07-18 19:08:10,808] {scheduler_job.py:190} INFO - Processing /home/airflow/.local/lib/python3.6/site-packages/airflow/example_dags/example_kubernetes_executor.py took 0.177 seconds
[2023-07-18 19:08:41,473] {scheduler_job.py:182} INFO - Started process (PID=1234) to work on /home/airflow/.local/lib/python3.6/site-packages/airflow/example_dags/example_kubernetes_executor.py
[2023-07-18 19:08:41,486] {scheduler_job.py:633} INFO - Processing file /home/airflow/.local/lib/python3.6/site-packages/airflow/example_dags/example_kubernetes_executor.py for tasks to queue
[2023-07-18 19:08:41,491] {logging_mixin.py:104} INFO - [2023-07-18 19:08:41,490] {dagbag.py:496} INFO - Filling up the DagBag from /home/airflow/.local/lib/python3.6/site-packages/airflow/example_dags/example_kubernetes_executor.py
[2023-07-18 19:08:41,570] {scheduler_job.py:643} INFO - DAG(s) dict_keys(['example_kubernetes_executor']) retrieved from /home/airflow/.local/lib/python3.6/site-packages/airflow/example_dags/example_kubernetes_executor.py
[2023-07-18 19:08:41,641] {logging_mixin.py:104} INFO - [2023-07-18 19:08:41,640] {dag.py:1833} INFO - Sync 1 DAGs
[2023-07-18 19:08:41,730] {logging_mixin.py:104} INFO - [2023-07-18 19:08:41,729] {dag.py:2306} INFO - Setting next_dagrun for example_kubernetes_executor to None
[2023-07-18 19:08:41,813] {scheduler_job.py:190} INFO - Processing /home/airflow/.local/lib/python3.6/site-packages/airflow/example_dags/example_kubernetes_executor.py took 0.356 seconds
