[2023-07-18 18:57:38,267] {scheduler_job.py:182} INFO - Started process (PID=136) to work on /home/airflow/.local/lib/python3.6/site-packages/airflow/example_dags/example_subdag_operator.py
[2023-07-18 18:57:38,271] {scheduler_job.py:633} INFO - Processing file /home/airflow/.local/lib/python3.6/site-packages/airflow/example_dags/example_subdag_operator.py for tasks to queue
[2023-07-18 18:57:38,279] {logging_mixin.py:104} INFO - [2023-07-18 18:57:38,279] {dagbag.py:496} INFO - Filling up the DagBag from /home/airflow/.local/lib/python3.6/site-packages/airflow/example_dags/example_subdag_operator.py
[2023-07-18 18:57:38,409] {scheduler_job.py:643} INFO - DAG(s) dict_keys(['example_subdag_operator.section-1', 'example_subdag_operator.section-2', 'example_subdag_operator']) retrieved from /home/airflow/.local/lib/python3.6/site-packages/airflow/example_dags/example_subdag_operator.py
[2023-07-18 18:57:47,297] {logging_mixin.py:104} INFO - [2023-07-18 18:57:47,296] {dag.py:1833} INFO - Sync 3 DAGs
[2023-07-18 18:57:47,324] {logging_mixin.py:104} INFO - [2023-07-18 18:57:47,320] {dag.py:1852} INFO - Creating ORM DAG for example_subdag_operator.section-2
[2023-07-18 18:57:47,327] {logging_mixin.py:104} INFO - [2023-07-18 18:57:47,327] {dag.py:1852} INFO - Creating ORM DAG for example_subdag_operator.section-1
[2023-07-18 18:57:47,331] {logging_mixin.py:104} INFO - [2023-07-18 18:57:47,331] {dag.py:1852} INFO - Creating ORM DAG for example_subdag_operator
[2023-07-18 18:57:47,340] {logging_mixin.py:104} INFO - [2023-07-18 18:57:47,340] {dag.py:2306} INFO - Setting next_dagrun for example_subdag_operator to 2023-07-16 00:00:00+00:00
[2023-07-18 18:57:47,344] {logging_mixin.py:104} INFO - [2023-07-18 18:57:47,342] {dag.py:2306} INFO - Setting next_dagrun for example_subdag_operator.section-1 to None
[2023-07-18 18:57:47,348] {logging_mixin.py:104} INFO - [2023-07-18 18:57:47,347] {dag.py:2306} INFO - Setting next_dagrun for example_subdag_operator.section-2 to None
[2023-07-18 18:57:47,378] {logging_mixin.py:104} INFO - [2023-07-18 18:57:47,378] {dag.py:1833} INFO - Sync 2 DAGs
[2023-07-18 18:57:47,399] {logging_mixin.py:104} INFO - [2023-07-18 18:57:47,398] {dag.py:2306} INFO - Setting next_dagrun for example_subdag_operator.section-1 to None
[2023-07-18 18:57:47,400] {logging_mixin.py:104} INFO - [2023-07-18 18:57:47,400] {dag.py:2306} INFO - Setting next_dagrun for example_subdag_operator.section-2 to None
[2023-07-18 18:57:47,417] {scheduler_job.py:190} INFO - Processing /home/airflow/.local/lib/python3.6/site-packages/airflow/example_dags/example_subdag_operator.py took 9.175 seconds
[2023-07-18 18:59:00,598] {scheduler_job.py:182} INFO - Started process (PID=250) to work on /home/airflow/.local/lib/python3.6/site-packages/airflow/example_dags/example_subdag_operator.py
[2023-07-18 18:59:00,602] {scheduler_job.py:633} INFO - Processing file /home/airflow/.local/lib/python3.6/site-packages/airflow/example_dags/example_subdag_operator.py for tasks to queue
[2023-07-18 18:59:00,609] {logging_mixin.py:104} INFO - [2023-07-18 18:59:00,607] {dagbag.py:496} INFO - Filling up the DagBag from /home/airflow/.local/lib/python3.6/site-packages/airflow/example_dags/example_subdag_operator.py
[2023-07-18 18:59:00,700] {scheduler_job.py:643} INFO - DAG(s) dict_keys(['example_subdag_operator.section-1', 'example_subdag_operator.section-2', 'example_subdag_operator']) retrieved from /home/airflow/.local/lib/python3.6/site-packages/airflow/example_dags/example_subdag_operator.py
[2023-07-18 18:59:00,726] {logging_mixin.py:104} INFO - [2023-07-18 18:59:00,726] {dag.py:1833} INFO - Sync 3 DAGs
[2023-07-18 18:59:00,767] {logging_mixin.py:104} INFO - [2023-07-18 18:59:00,767] {dag.py:2306} INFO - Setting next_dagrun for example_subdag_operator to 2023-07-16 00:00:00+00:00
[2023-07-18 18:59:00,772] {logging_mixin.py:104} INFO - [2023-07-18 18:59:00,771] {dag.py:2306} INFO - Setting next_dagrun for example_subdag_operator.section-1 to None
[2023-07-18 18:59:00,776] {logging_mixin.py:104} INFO - [2023-07-18 18:59:00,775] {dag.py:2306} INFO - Setting next_dagrun for example_subdag_operator.section-2 to None
[2023-07-18 18:59:00,817] {logging_mixin.py:104} INFO - [2023-07-18 18:59:00,817] {dag.py:1833} INFO - Sync 2 DAGs
[2023-07-18 18:59:00,835] {logging_mixin.py:104} INFO - [2023-07-18 18:59:00,835] {dag.py:2306} INFO - Setting next_dagrun for example_subdag_operator.section-1 to None
[2023-07-18 18:59:00,836] {logging_mixin.py:104} INFO - [2023-07-18 18:59:00,836] {dag.py:2306} INFO - Setting next_dagrun for example_subdag_operator.section-2 to None
[2023-07-18 18:59:00,849] {scheduler_job.py:190} INFO - Processing /home/airflow/.local/lib/python3.6/site-packages/airflow/example_dags/example_subdag_operator.py took 0.266 seconds
[2023-07-18 18:59:30,932] {scheduler_job.py:182} INFO - Started process (PID=301) to work on /home/airflow/.local/lib/python3.6/site-packages/airflow/example_dags/example_subdag_operator.py
[2023-07-18 18:59:30,934] {scheduler_job.py:633} INFO - Processing file /home/airflow/.local/lib/python3.6/site-packages/airflow/example_dags/example_subdag_operator.py for tasks to queue
[2023-07-18 18:59:30,936] {logging_mixin.py:104} INFO - [2023-07-18 18:59:30,935] {dagbag.py:496} INFO - Filling up the DagBag from /home/airflow/.local/lib/python3.6/site-packages/airflow/example_dags/example_subdag_operator.py
[2023-07-18 18:59:30,978] {scheduler_job.py:643} INFO - DAG(s) dict_keys(['example_subdag_operator.section-1', 'example_subdag_operator.section-2', 'example_subdag_operator']) retrieved from /home/airflow/.local/lib/python3.6/site-packages/airflow/example_dags/example_subdag_operator.py
[2023-07-18 18:59:30,994] {logging_mixin.py:104} INFO - [2023-07-18 18:59:30,994] {dag.py:1833} INFO - Sync 3 DAGs
[2023-07-18 18:59:31,020] {logging_mixin.py:104} INFO - [2023-07-18 18:59:31,020] {dag.py:2306} INFO - Setting next_dagrun for example_subdag_operator to 2023-07-16 00:00:00+00:00
[2023-07-18 18:59:31,023] {logging_mixin.py:104} INFO - [2023-07-18 18:59:31,023] {dag.py:2306} INFO - Setting next_dagrun for example_subdag_operator.section-1 to None
[2023-07-18 18:59:31,024] {logging_mixin.py:104} INFO - [2023-07-18 18:59:31,024] {dag.py:2306} INFO - Setting next_dagrun for example_subdag_operator.section-2 to None
[2023-07-18 18:59:31,044] {logging_mixin.py:104} INFO - [2023-07-18 18:59:31,043] {dag.py:1833} INFO - Sync 2 DAGs
[2023-07-18 18:59:31,067] {logging_mixin.py:104} INFO - [2023-07-18 18:59:31,067] {dag.py:2306} INFO - Setting next_dagrun for example_subdag_operator.section-1 to None
[2023-07-18 18:59:31,068] {logging_mixin.py:104} INFO - [2023-07-18 18:59:31,068] {dag.py:2306} INFO - Setting next_dagrun for example_subdag_operator.section-2 to None
[2023-07-18 18:59:31,080] {scheduler_job.py:190} INFO - Processing /home/airflow/.local/lib/python3.6/site-packages/airflow/example_dags/example_subdag_operator.py took 0.154 seconds
[2023-07-18 19:00:02,469] {scheduler_job.py:182} INFO - Started process (PID=358) to work on /home/airflow/.local/lib/python3.6/site-packages/airflow/example_dags/example_subdag_operator.py
[2023-07-18 19:00:02,472] {scheduler_job.py:633} INFO - Processing file /home/airflow/.local/lib/python3.6/site-packages/airflow/example_dags/example_subdag_operator.py for tasks to queue
[2023-07-18 19:00:02,478] {logging_mixin.py:104} INFO - [2023-07-18 19:00:02,478] {dagbag.py:496} INFO - Filling up the DagBag from /home/airflow/.local/lib/python3.6/site-packages/airflow/example_dags/example_subdag_operator.py
[2023-07-18 19:00:02,603] {scheduler_job.py:643} INFO - DAG(s) dict_keys(['example_subdag_operator.section-1', 'example_subdag_operator.section-2', 'example_subdag_operator']) retrieved from /home/airflow/.local/lib/python3.6/site-packages/airflow/example_dags/example_subdag_operator.py
[2023-07-18 19:00:02,656] {logging_mixin.py:104} INFO - [2023-07-18 19:00:02,656] {dag.py:1833} INFO - Sync 3 DAGs
[2023-07-18 19:00:02,715] {logging_mixin.py:104} INFO - [2023-07-18 19:00:02,715] {dag.py:2306} INFO - Setting next_dagrun for example_subdag_operator to 2023-07-16 00:00:00+00:00
[2023-07-18 19:00:02,718] {logging_mixin.py:104} INFO - [2023-07-18 19:00:02,717] {dag.py:2306} INFO - Setting next_dagrun for example_subdag_operator.section-1 to None
[2023-07-18 19:00:02,719] {logging_mixin.py:104} INFO - [2023-07-18 19:00:02,719] {dag.py:2306} INFO - Setting next_dagrun for example_subdag_operator.section-2 to None
[2023-07-18 19:00:02,756] {logging_mixin.py:104} INFO - [2023-07-18 19:00:02,756] {dag.py:1833} INFO - Sync 2 DAGs
[2023-07-18 19:00:02,776] {logging_mixin.py:104} INFO - [2023-07-18 19:00:02,776] {dag.py:2306} INFO - Setting next_dagrun for example_subdag_operator.section-1 to None
[2023-07-18 19:00:02,777] {logging_mixin.py:104} INFO - [2023-07-18 19:00:02,777] {dag.py:2306} INFO - Setting next_dagrun for example_subdag_operator.section-2 to None
[2023-07-18 19:00:02,799] {scheduler_job.py:190} INFO - Processing /home/airflow/.local/lib/python3.6/site-packages/airflow/example_dags/example_subdag_operator.py took 0.339 seconds
[2023-07-18 19:00:32,954] {scheduler_job.py:182} INFO - Started process (PID=410) to work on /home/airflow/.local/lib/python3.6/site-packages/airflow/example_dags/example_subdag_operator.py
[2023-07-18 19:00:32,961] {scheduler_job.py:633} INFO - Processing file /home/airflow/.local/lib/python3.6/site-packages/airflow/example_dags/example_subdag_operator.py for tasks to queue
[2023-07-18 19:00:32,966] {logging_mixin.py:104} INFO - [2023-07-18 19:00:32,966] {dagbag.py:496} INFO - Filling up the DagBag from /home/airflow/.local/lib/python3.6/site-packages/airflow/example_dags/example_subdag_operator.py
[2023-07-18 19:00:33,025] {scheduler_job.py:643} INFO - DAG(s) dict_keys(['example_subdag_operator.section-1', 'example_subdag_operator.section-2', 'example_subdag_operator']) retrieved from /home/airflow/.local/lib/python3.6/site-packages/airflow/example_dags/example_subdag_operator.py
[2023-07-18 19:00:33,044] {logging_mixin.py:104} INFO - [2023-07-18 19:00:33,044] {dag.py:1833} INFO - Sync 3 DAGs
[2023-07-18 19:00:33,070] {logging_mixin.py:104} INFO - [2023-07-18 19:00:33,070] {dag.py:2306} INFO - Setting next_dagrun for example_subdag_operator to 2023-07-16 00:00:00+00:00
[2023-07-18 19:00:33,072] {logging_mixin.py:104} INFO - [2023-07-18 19:00:33,072] {dag.py:2306} INFO - Setting next_dagrun for example_subdag_operator.section-1 to None
[2023-07-18 19:00:33,073] {logging_mixin.py:104} INFO - [2023-07-18 19:00:33,073] {dag.py:2306} INFO - Setting next_dagrun for example_subdag_operator.section-2 to None
[2023-07-18 19:00:33,085] {logging_mixin.py:104} INFO - [2023-07-18 19:00:33,085] {dag.py:1833} INFO - Sync 2 DAGs
[2023-07-18 19:00:33,097] {logging_mixin.py:104} INFO - [2023-07-18 19:00:33,097] {dag.py:2306} INFO - Setting next_dagrun for example_subdag_operator.section-1 to None
[2023-07-18 19:00:33,098] {logging_mixin.py:104} INFO - [2023-07-18 19:00:33,098] {dag.py:2306} INFO - Setting next_dagrun for example_subdag_operator.section-2 to None
[2023-07-18 19:00:33,109] {scheduler_job.py:190} INFO - Processing /home/airflow/.local/lib/python3.6/site-packages/airflow/example_dags/example_subdag_operator.py took 0.159 seconds
[2023-07-18 19:01:04,006] {scheduler_job.py:182} INFO - Started process (PID=462) to work on /home/airflow/.local/lib/python3.6/site-packages/airflow/example_dags/example_subdag_operator.py
[2023-07-18 19:01:04,009] {scheduler_job.py:633} INFO - Processing file /home/airflow/.local/lib/python3.6/site-packages/airflow/example_dags/example_subdag_operator.py for tasks to queue
[2023-07-18 19:01:04,011] {logging_mixin.py:104} INFO - [2023-07-18 19:01:04,011] {dagbag.py:496} INFO - Filling up the DagBag from /home/airflow/.local/lib/python3.6/site-packages/airflow/example_dags/example_subdag_operator.py
[2023-07-18 19:01:04,050] {scheduler_job.py:643} INFO - DAG(s) dict_keys(['example_subdag_operator.section-1', 'example_subdag_operator.section-2', 'example_subdag_operator']) retrieved from /home/airflow/.local/lib/python3.6/site-packages/airflow/example_dags/example_subdag_operator.py
[2023-07-18 19:01:04,066] {logging_mixin.py:104} INFO - [2023-07-18 19:01:04,066] {dag.py:1833} INFO - Sync 3 DAGs
[2023-07-18 19:01:04,095] {logging_mixin.py:104} INFO - [2023-07-18 19:01:04,095] {dag.py:2306} INFO - Setting next_dagrun for example_subdag_operator to 2023-07-16 00:00:00+00:00
[2023-07-18 19:01:04,098] {logging_mixin.py:104} INFO - [2023-07-18 19:01:04,098] {dag.py:2306} INFO - Setting next_dagrun for example_subdag_operator.section-1 to None
[2023-07-18 19:01:04,099] {logging_mixin.py:104} INFO - [2023-07-18 19:01:04,098] {dag.py:2306} INFO - Setting next_dagrun for example_subdag_operator.section-2 to None
[2023-07-18 19:01:04,113] {logging_mixin.py:104} INFO - [2023-07-18 19:01:04,112] {dag.py:1833} INFO - Sync 2 DAGs
[2023-07-18 19:01:04,122] {logging_mixin.py:104} INFO - [2023-07-18 19:01:04,122] {dag.py:2306} INFO - Setting next_dagrun for example_subdag_operator.section-1 to None
[2023-07-18 19:01:04,124] {logging_mixin.py:104} INFO - [2023-07-18 19:01:04,124] {dag.py:2306} INFO - Setting next_dagrun for example_subdag_operator.section-2 to None
[2023-07-18 19:01:04,135] {scheduler_job.py:190} INFO - Processing /home/airflow/.local/lib/python3.6/site-packages/airflow/example_dags/example_subdag_operator.py took 0.136 seconds
[2023-07-18 19:01:35,224] {scheduler_job.py:182} INFO - Started process (PID=513) to work on /home/airflow/.local/lib/python3.6/site-packages/airflow/example_dags/example_subdag_operator.py
[2023-07-18 19:01:35,228] {scheduler_job.py:633} INFO - Processing file /home/airflow/.local/lib/python3.6/site-packages/airflow/example_dags/example_subdag_operator.py for tasks to queue
[2023-07-18 19:01:35,233] {logging_mixin.py:104} INFO - [2023-07-18 19:01:35,233] {dagbag.py:496} INFO - Filling up the DagBag from /home/airflow/.local/lib/python3.6/site-packages/airflow/example_dags/example_subdag_operator.py
[2023-07-18 19:01:35,309] {scheduler_job.py:643} INFO - DAG(s) dict_keys(['example_subdag_operator.section-1', 'example_subdag_operator.section-2', 'example_subdag_operator']) retrieved from /home/airflow/.local/lib/python3.6/site-packages/airflow/example_dags/example_subdag_operator.py
[2023-07-18 19:01:35,340] {logging_mixin.py:104} INFO - [2023-07-18 19:01:35,339] {dag.py:1833} INFO - Sync 3 DAGs
[2023-07-18 19:01:35,384] {logging_mixin.py:104} INFO - [2023-07-18 19:01:35,384] {dag.py:2306} INFO - Setting next_dagrun for example_subdag_operator to 2023-07-16 00:00:00+00:00
[2023-07-18 19:01:35,388] {logging_mixin.py:104} INFO - [2023-07-18 19:01:35,388] {dag.py:2306} INFO - Setting next_dagrun for example_subdag_operator.section-1 to None
[2023-07-18 19:01:35,390] {logging_mixin.py:104} INFO - [2023-07-18 19:01:35,389] {dag.py:2306} INFO - Setting next_dagrun for example_subdag_operator.section-2 to None
[2023-07-18 19:01:35,410] {logging_mixin.py:104} INFO - [2023-07-18 19:01:35,410] {dag.py:1833} INFO - Sync 2 DAGs
[2023-07-18 19:01:35,428] {logging_mixin.py:104} INFO - [2023-07-18 19:01:35,427] {dag.py:2306} INFO - Setting next_dagrun for example_subdag_operator.section-1 to None
[2023-07-18 19:01:35,431] {logging_mixin.py:104} INFO - [2023-07-18 19:01:35,430] {dag.py:2306} INFO - Setting next_dagrun for example_subdag_operator.section-2 to None
[2023-07-18 19:01:35,451] {scheduler_job.py:190} INFO - Processing /home/airflow/.local/lib/python3.6/site-packages/airflow/example_dags/example_subdag_operator.py took 0.236 seconds
[2023-07-18 19:02:05,903] {scheduler_job.py:182} INFO - Started process (PID=573) to work on /home/airflow/.local/lib/python3.6/site-packages/airflow/example_dags/example_subdag_operator.py
[2023-07-18 19:02:05,912] {scheduler_job.py:633} INFO - Processing file /home/airflow/.local/lib/python3.6/site-packages/airflow/example_dags/example_subdag_operator.py for tasks to queue
[2023-07-18 19:02:05,914] {logging_mixin.py:104} INFO - [2023-07-18 19:02:05,914] {dagbag.py:496} INFO - Filling up the DagBag from /home/airflow/.local/lib/python3.6/site-packages/airflow/example_dags/example_subdag_operator.py
[2023-07-18 19:02:05,988] {scheduler_job.py:643} INFO - DAG(s) dict_keys(['example_subdag_operator.section-1', 'example_subdag_operator.section-2', 'example_subdag_operator']) retrieved from /home/airflow/.local/lib/python3.6/site-packages/airflow/example_dags/example_subdag_operator.py
[2023-07-18 19:02:06,025] {logging_mixin.py:104} INFO - [2023-07-18 19:02:06,025] {dag.py:1833} INFO - Sync 3 DAGs
[2023-07-18 19:02:06,066] {logging_mixin.py:104} INFO - [2023-07-18 19:02:06,066] {dag.py:2306} INFO - Setting next_dagrun for example_subdag_operator to 2023-07-16 00:00:00+00:00
[2023-07-18 19:02:06,072] {logging_mixin.py:104} INFO - [2023-07-18 19:02:06,072] {dag.py:2306} INFO - Setting next_dagrun for example_subdag_operator.section-1 to None
[2023-07-18 19:02:06,073] {logging_mixin.py:104} INFO - [2023-07-18 19:02:06,073] {dag.py:2306} INFO - Setting next_dagrun for example_subdag_operator.section-2 to None
[2023-07-18 19:02:06,094] {logging_mixin.py:104} INFO - [2023-07-18 19:02:06,094] {dag.py:1833} INFO - Sync 2 DAGs
[2023-07-18 19:02:06,118] {logging_mixin.py:104} INFO - [2023-07-18 19:02:06,118] {dag.py:2306} INFO - Setting next_dagrun for example_subdag_operator.section-1 to None
[2023-07-18 19:02:06,118] {logging_mixin.py:104} INFO - [2023-07-18 19:02:06,118] {dag.py:2306} INFO - Setting next_dagrun for example_subdag_operator.section-2 to None
[2023-07-18 19:02:06,135] {scheduler_job.py:190} INFO - Processing /home/airflow/.local/lib/python3.6/site-packages/airflow/example_dags/example_subdag_operator.py took 0.236 seconds
[2023-07-18 19:02:36,619] {scheduler_job.py:182} INFO - Started process (PID=625) to work on /home/airflow/.local/lib/python3.6/site-packages/airflow/example_dags/example_subdag_operator.py
[2023-07-18 19:02:36,623] {scheduler_job.py:633} INFO - Processing file /home/airflow/.local/lib/python3.6/site-packages/airflow/example_dags/example_subdag_operator.py for tasks to queue
[2023-07-18 19:02:36,627] {logging_mixin.py:104} INFO - [2023-07-18 19:02:36,627] {dagbag.py:496} INFO - Filling up the DagBag from /home/airflow/.local/lib/python3.6/site-packages/airflow/example_dags/example_subdag_operator.py
[2023-07-18 19:02:36,722] {scheduler_job.py:643} INFO - DAG(s) dict_keys(['example_subdag_operator.section-1', 'example_subdag_operator.section-2', 'example_subdag_operator']) retrieved from /home/airflow/.local/lib/python3.6/site-packages/airflow/example_dags/example_subdag_operator.py
[2023-07-18 19:02:36,760] {logging_mixin.py:104} INFO - [2023-07-18 19:02:36,759] {dag.py:1833} INFO - Sync 3 DAGs
[2023-07-18 19:02:36,815] {logging_mixin.py:104} INFO - [2023-07-18 19:02:36,815] {dag.py:2306} INFO - Setting next_dagrun for example_subdag_operator to 2023-07-16 00:00:00+00:00
[2023-07-18 19:02:36,818] {logging_mixin.py:104} INFO - [2023-07-18 19:02:36,818] {dag.py:2306} INFO - Setting next_dagrun for example_subdag_operator.section-1 to None
[2023-07-18 19:02:36,819] {logging_mixin.py:104} INFO - [2023-07-18 19:02:36,819] {dag.py:2306} INFO - Setting next_dagrun for example_subdag_operator.section-2 to None
[2023-07-18 19:02:36,834] {logging_mixin.py:104} INFO - [2023-07-18 19:02:36,834] {dag.py:1833} INFO - Sync 2 DAGs
[2023-07-18 19:02:36,854] {logging_mixin.py:104} INFO - [2023-07-18 19:02:36,853] {dag.py:2306} INFO - Setting next_dagrun for example_subdag_operator.section-1 to None
[2023-07-18 19:02:36,854] {logging_mixin.py:104} INFO - [2023-07-18 19:02:36,854] {dag.py:2306} INFO - Setting next_dagrun for example_subdag_operator.section-2 to None
[2023-07-18 19:02:36,871] {scheduler_job.py:190} INFO - Processing /home/airflow/.local/lib/python3.6/site-packages/airflow/example_dags/example_subdag_operator.py took 0.262 seconds
[2023-07-18 19:03:07,218] {scheduler_job.py:182} INFO - Started process (PID=676) to work on /home/airflow/.local/lib/python3.6/site-packages/airflow/example_dags/example_subdag_operator.py
[2023-07-18 19:03:07,221] {scheduler_job.py:633} INFO - Processing file /home/airflow/.local/lib/python3.6/site-packages/airflow/example_dags/example_subdag_operator.py for tasks to queue
[2023-07-18 19:03:07,223] {logging_mixin.py:104} INFO - [2023-07-18 19:03:07,222] {dagbag.py:496} INFO - Filling up the DagBag from /home/airflow/.local/lib/python3.6/site-packages/airflow/example_dags/example_subdag_operator.py
[2023-07-18 19:03:07,268] {scheduler_job.py:643} INFO - DAG(s) dict_keys(['example_subdag_operator.section-1', 'example_subdag_operator.section-2', 'example_subdag_operator']) retrieved from /home/airflow/.local/lib/python3.6/site-packages/airflow/example_dags/example_subdag_operator.py
[2023-07-18 19:03:07,302] {logging_mixin.py:104} INFO - [2023-07-18 19:03:07,302] {dag.py:1833} INFO - Sync 3 DAGs
[2023-07-18 19:03:07,358] {logging_mixin.py:104} INFO - [2023-07-18 19:03:07,358] {dag.py:2306} INFO - Setting next_dagrun for example_subdag_operator to 2023-07-16 00:00:00+00:00
[2023-07-18 19:03:07,366] {logging_mixin.py:104} INFO - [2023-07-18 19:03:07,366] {dag.py:2306} INFO - Setting next_dagrun for example_subdag_operator.section-1 to None
[2023-07-18 19:03:07,368] {logging_mixin.py:104} INFO - [2023-07-18 19:03:07,368] {dag.py:2306} INFO - Setting next_dagrun for example_subdag_operator.section-2 to None
[2023-07-18 19:03:07,408] {logging_mixin.py:104} INFO - [2023-07-18 19:03:07,406] {dag.py:1833} INFO - Sync 2 DAGs
[2023-07-18 19:03:07,430] {logging_mixin.py:104} INFO - [2023-07-18 19:03:07,430] {dag.py:2306} INFO - Setting next_dagrun for example_subdag_operator.section-1 to None
[2023-07-18 19:03:07,432] {logging_mixin.py:104} INFO - [2023-07-18 19:03:07,432] {dag.py:2306} INFO - Setting next_dagrun for example_subdag_operator.section-2 to None
[2023-07-18 19:03:07,445] {scheduler_job.py:190} INFO - Processing /home/airflow/.local/lib/python3.6/site-packages/airflow/example_dags/example_subdag_operator.py took 0.231 seconds
[2023-07-18 19:03:38,207] {scheduler_job.py:182} INFO - Started process (PID=727) to work on /home/airflow/.local/lib/python3.6/site-packages/airflow/example_dags/example_subdag_operator.py
[2023-07-18 19:03:38,210] {scheduler_job.py:633} INFO - Processing file /home/airflow/.local/lib/python3.6/site-packages/airflow/example_dags/example_subdag_operator.py for tasks to queue
[2023-07-18 19:03:38,219] {logging_mixin.py:104} INFO - [2023-07-18 19:03:38,219] {dagbag.py:496} INFO - Filling up the DagBag from /home/airflow/.local/lib/python3.6/site-packages/airflow/example_dags/example_subdag_operator.py
[2023-07-18 19:03:38,288] {scheduler_job.py:643} INFO - DAG(s) dict_keys(['example_subdag_operator.section-1', 'example_subdag_operator.section-2', 'example_subdag_operator']) retrieved from /home/airflow/.local/lib/python3.6/site-packages/airflow/example_dags/example_subdag_operator.py
[2023-07-18 19:03:38,311] {logging_mixin.py:104} INFO - [2023-07-18 19:03:38,310] {dag.py:1833} INFO - Sync 3 DAGs
[2023-07-18 19:03:38,353] {logging_mixin.py:104} INFO - [2023-07-18 19:03:38,353] {dag.py:2306} INFO - Setting next_dagrun for example_subdag_operator to 2023-07-16 00:00:00+00:00
[2023-07-18 19:03:38,358] {logging_mixin.py:104} INFO - [2023-07-18 19:03:38,358] {dag.py:2306} INFO - Setting next_dagrun for example_subdag_operator.section-1 to None
[2023-07-18 19:03:38,362] {logging_mixin.py:104} INFO - [2023-07-18 19:03:38,362] {dag.py:2306} INFO - Setting next_dagrun for example_subdag_operator.section-2 to None
[2023-07-18 19:03:38,400] {logging_mixin.py:104} INFO - [2023-07-18 19:03:38,400] {dag.py:1833} INFO - Sync 2 DAGs
[2023-07-18 19:03:38,414] {logging_mixin.py:104} INFO - [2023-07-18 19:03:38,414] {dag.py:2306} INFO - Setting next_dagrun for example_subdag_operator.section-1 to None
[2023-07-18 19:03:38,416] {logging_mixin.py:104} INFO - [2023-07-18 19:03:38,416] {dag.py:2306} INFO - Setting next_dagrun for example_subdag_operator.section-2 to None
[2023-07-18 19:03:38,429] {scheduler_job.py:190} INFO - Processing /home/airflow/.local/lib/python3.6/site-packages/airflow/example_dags/example_subdag_operator.py took 0.230 seconds
[2023-07-18 19:04:08,914] {scheduler_job.py:182} INFO - Started process (PID=785) to work on /home/airflow/.local/lib/python3.6/site-packages/airflow/example_dags/example_subdag_operator.py
[2023-07-18 19:04:08,926] {scheduler_job.py:633} INFO - Processing file /home/airflow/.local/lib/python3.6/site-packages/airflow/example_dags/example_subdag_operator.py for tasks to queue
[2023-07-18 19:04:08,929] {logging_mixin.py:104} INFO - [2023-07-18 19:04:08,928] {dagbag.py:496} INFO - Filling up the DagBag from /home/airflow/.local/lib/python3.6/site-packages/airflow/example_dags/example_subdag_operator.py
[2023-07-18 19:04:09,079] {scheduler_job.py:643} INFO - DAG(s) dict_keys(['example_subdag_operator.section-1', 'example_subdag_operator.section-2', 'example_subdag_operator']) retrieved from /home/airflow/.local/lib/python3.6/site-packages/airflow/example_dags/example_subdag_operator.py
[2023-07-18 19:04:09,143] {logging_mixin.py:104} INFO - [2023-07-18 19:04:09,143] {dag.py:1833} INFO - Sync 3 DAGs
[2023-07-18 19:04:09,251] {logging_mixin.py:104} INFO - [2023-07-18 19:04:09,250] {dag.py:2306} INFO - Setting next_dagrun for example_subdag_operator to 2023-07-16 00:00:00+00:00
[2023-07-18 19:04:09,259] {logging_mixin.py:104} INFO - [2023-07-18 19:04:09,259] {dag.py:2306} INFO - Setting next_dagrun for example_subdag_operator.section-1 to None
[2023-07-18 19:04:09,268] {logging_mixin.py:104} INFO - [2023-07-18 19:04:09,265] {dag.py:2306} INFO - Setting next_dagrun for example_subdag_operator.section-2 to None
[2023-07-18 19:04:09,309] {logging_mixin.py:104} INFO - [2023-07-18 19:04:09,308] {dag.py:1833} INFO - Sync 2 DAGs
[2023-07-18 19:04:09,331] {logging_mixin.py:104} INFO - [2023-07-18 19:04:09,331] {dag.py:2306} INFO - Setting next_dagrun for example_subdag_operator.section-1 to None
[2023-07-18 19:04:09,333] {logging_mixin.py:104} INFO - [2023-07-18 19:04:09,333] {dag.py:2306} INFO - Setting next_dagrun for example_subdag_operator.section-2 to None
[2023-07-18 19:04:09,357] {scheduler_job.py:190} INFO - Processing /home/airflow/.local/lib/python3.6/site-packages/airflow/example_dags/example_subdag_operator.py took 0.465 seconds
[2023-07-18 19:04:39,568] {scheduler_job.py:182} INFO - Started process (PID=835) to work on /home/airflow/.local/lib/python3.6/site-packages/airflow/example_dags/example_subdag_operator.py
[2023-07-18 19:04:39,582] {scheduler_job.py:633} INFO - Processing file /home/airflow/.local/lib/python3.6/site-packages/airflow/example_dags/example_subdag_operator.py for tasks to queue
[2023-07-18 19:04:39,589] {logging_mixin.py:104} INFO - [2023-07-18 19:04:39,586] {dagbag.py:496} INFO - Filling up the DagBag from /home/airflow/.local/lib/python3.6/site-packages/airflow/example_dags/example_subdag_operator.py
[2023-07-18 19:04:39,870] {scheduler_job.py:643} INFO - DAG(s) dict_keys(['example_subdag_operator.section-1', 'example_subdag_operator.section-2', 'example_subdag_operator']) retrieved from /home/airflow/.local/lib/python3.6/site-packages/airflow/example_dags/example_subdag_operator.py
[2023-07-18 19:04:40,021] {logging_mixin.py:104} INFO - [2023-07-18 19:04:40,018] {dag.py:1833} INFO - Sync 3 DAGs
[2023-07-18 19:04:40,148] {logging_mixin.py:104} INFO - [2023-07-18 19:04:40,147] {dag.py:2306} INFO - Setting next_dagrun for example_subdag_operator to 2023-07-16 00:00:00+00:00
[2023-07-18 19:04:40,156] {logging_mixin.py:104} INFO - [2023-07-18 19:04:40,156] {dag.py:2306} INFO - Setting next_dagrun for example_subdag_operator.section-1 to None
[2023-07-18 19:04:40,158] {logging_mixin.py:104} INFO - [2023-07-18 19:04:40,158] {dag.py:2306} INFO - Setting next_dagrun for example_subdag_operator.section-2 to None
[2023-07-18 19:04:40,211] {logging_mixin.py:104} INFO - [2023-07-18 19:04:40,211] {dag.py:1833} INFO - Sync 2 DAGs
[2023-07-18 19:04:40,258] {logging_mixin.py:104} INFO - [2023-07-18 19:04:40,257] {dag.py:2306} INFO - Setting next_dagrun for example_subdag_operator.section-1 to None
[2023-07-18 19:04:40,300] {logging_mixin.py:104} INFO - [2023-07-18 19:04:40,300] {dag.py:2306} INFO - Setting next_dagrun for example_subdag_operator.section-2 to None
[2023-07-18 19:04:40,381] {scheduler_job.py:190} INFO - Processing /home/airflow/.local/lib/python3.6/site-packages/airflow/example_dags/example_subdag_operator.py took 0.831 seconds
[2023-07-18 19:05:10,698] {scheduler_job.py:182} INFO - Started process (PID=877) to work on /home/airflow/.local/lib/python3.6/site-packages/airflow/example_dags/example_subdag_operator.py
[2023-07-18 19:05:10,701] {scheduler_job.py:633} INFO - Processing file /home/airflow/.local/lib/python3.6/site-packages/airflow/example_dags/example_subdag_operator.py for tasks to queue
[2023-07-18 19:05:10,705] {logging_mixin.py:104} INFO - [2023-07-18 19:05:10,705] {dagbag.py:496} INFO - Filling up the DagBag from /home/airflow/.local/lib/python3.6/site-packages/airflow/example_dags/example_subdag_operator.py
[2023-07-18 19:05:10,782] {scheduler_job.py:643} INFO - DAG(s) dict_keys(['example_subdag_operator.section-1', 'example_subdag_operator.section-2', 'example_subdag_operator']) retrieved from /home/airflow/.local/lib/python3.6/site-packages/airflow/example_dags/example_subdag_operator.py
[2023-07-18 19:05:10,811] {logging_mixin.py:104} INFO - [2023-07-18 19:05:10,811] {dag.py:1833} INFO - Sync 3 DAGs
[2023-07-18 19:05:10,867] {logging_mixin.py:104} INFO - [2023-07-18 19:05:10,867] {dag.py:2306} INFO - Setting next_dagrun for example_subdag_operator to 2023-07-16 00:00:00+00:00
[2023-07-18 19:05:10,871] {logging_mixin.py:104} INFO - [2023-07-18 19:05:10,871] {dag.py:2306} INFO - Setting next_dagrun for example_subdag_operator.section-1 to None
[2023-07-18 19:05:10,873] {logging_mixin.py:104} INFO - [2023-07-18 19:05:10,872] {dag.py:2306} INFO - Setting next_dagrun for example_subdag_operator.section-2 to None
[2023-07-18 19:05:10,920] {logging_mixin.py:104} INFO - [2023-07-18 19:05:10,920] {dag.py:1833} INFO - Sync 2 DAGs
[2023-07-18 19:05:10,945] {logging_mixin.py:104} INFO - [2023-07-18 19:05:10,945] {dag.py:2306} INFO - Setting next_dagrun for example_subdag_operator.section-1 to None
[2023-07-18 19:05:10,946] {logging_mixin.py:104} INFO - [2023-07-18 19:05:10,946] {dag.py:2306} INFO - Setting next_dagrun for example_subdag_operator.section-2 to None
[2023-07-18 19:05:10,972] {scheduler_job.py:190} INFO - Processing /home/airflow/.local/lib/python3.6/site-packages/airflow/example_dags/example_subdag_operator.py took 0.286 seconds
[2023-07-18 19:05:41,680] {scheduler_job.py:182} INFO - Started process (PID=929) to work on /home/airflow/.local/lib/python3.6/site-packages/airflow/example_dags/example_subdag_operator.py
[2023-07-18 19:05:41,689] {scheduler_job.py:633} INFO - Processing file /home/airflow/.local/lib/python3.6/site-packages/airflow/example_dags/example_subdag_operator.py for tasks to queue
[2023-07-18 19:05:41,693] {logging_mixin.py:104} INFO - [2023-07-18 19:05:41,692] {dagbag.py:496} INFO - Filling up the DagBag from /home/airflow/.local/lib/python3.6/site-packages/airflow/example_dags/example_subdag_operator.py
[2023-07-18 19:05:41,822] {scheduler_job.py:643} INFO - DAG(s) dict_keys(['example_subdag_operator.section-1', 'example_subdag_operator.section-2', 'example_subdag_operator']) retrieved from /home/airflow/.local/lib/python3.6/site-packages/airflow/example_dags/example_subdag_operator.py
[2023-07-18 19:05:41,871] {logging_mixin.py:104} INFO - [2023-07-18 19:05:41,870] {dag.py:1833} INFO - Sync 3 DAGs
[2023-07-18 19:05:41,972] {logging_mixin.py:104} INFO - [2023-07-18 19:05:41,972] {dag.py:2306} INFO - Setting next_dagrun for example_subdag_operator to 2023-07-16 00:00:00+00:00
[2023-07-18 19:05:41,974] {logging_mixin.py:104} INFO - [2023-07-18 19:05:41,974] {dag.py:2306} INFO - Setting next_dagrun for example_subdag_operator.section-1 to None
[2023-07-18 19:05:41,985] {logging_mixin.py:104} INFO - [2023-07-18 19:05:41,985] {dag.py:2306} INFO - Setting next_dagrun for example_subdag_operator.section-2 to None
[2023-07-18 19:05:42,021] {logging_mixin.py:104} INFO - [2023-07-18 19:05:42,020] {dag.py:1833} INFO - Sync 2 DAGs
[2023-07-18 19:05:42,063] {logging_mixin.py:104} INFO - [2023-07-18 19:05:42,063] {dag.py:2306} INFO - Setting next_dagrun for example_subdag_operator.section-1 to None
[2023-07-18 19:05:42,065] {logging_mixin.py:104} INFO - [2023-07-18 19:05:42,065] {dag.py:2306} INFO - Setting next_dagrun for example_subdag_operator.section-2 to None
[2023-07-18 19:05:42,094] {scheduler_job.py:190} INFO - Processing /home/airflow/.local/lib/python3.6/site-packages/airflow/example_dags/example_subdag_operator.py took 0.429 seconds
[2023-07-18 19:06:12,440] {scheduler_job.py:182} INFO - Started process (PID=979) to work on /home/airflow/.local/lib/python3.6/site-packages/airflow/example_dags/example_subdag_operator.py
[2023-07-18 19:06:12,449] {scheduler_job.py:633} INFO - Processing file /home/airflow/.local/lib/python3.6/site-packages/airflow/example_dags/example_subdag_operator.py for tasks to queue
[2023-07-18 19:06:12,459] {logging_mixin.py:104} INFO - [2023-07-18 19:06:12,458] {dagbag.py:496} INFO - Filling up the DagBag from /home/airflow/.local/lib/python3.6/site-packages/airflow/example_dags/example_subdag_operator.py
[2023-07-18 19:06:12,543] {scheduler_job.py:643} INFO - DAG(s) dict_keys(['example_subdag_operator.section-1', 'example_subdag_operator.section-2', 'example_subdag_operator']) retrieved from /home/airflow/.local/lib/python3.6/site-packages/airflow/example_dags/example_subdag_operator.py
[2023-07-18 19:06:12,566] {logging_mixin.py:104} INFO - [2023-07-18 19:06:12,566] {dag.py:1833} INFO - Sync 3 DAGs
[2023-07-18 19:06:12,616] {logging_mixin.py:104} INFO - [2023-07-18 19:06:12,616] {dag.py:2306} INFO - Setting next_dagrun for example_subdag_operator to 2023-07-16 00:00:00+00:00
[2023-07-18 19:06:12,622] {logging_mixin.py:104} INFO - [2023-07-18 19:06:12,622] {dag.py:2306} INFO - Setting next_dagrun for example_subdag_operator.section-1 to None
[2023-07-18 19:06:12,625] {logging_mixin.py:104} INFO - [2023-07-18 19:06:12,624] {dag.py:2306} INFO - Setting next_dagrun for example_subdag_operator.section-2 to None
[2023-07-18 19:06:12,648] {logging_mixin.py:104} INFO - [2023-07-18 19:06:12,647] {dag.py:1833} INFO - Sync 2 DAGs
[2023-07-18 19:06:12,673] {logging_mixin.py:104} INFO - [2023-07-18 19:06:12,672] {dag.py:2306} INFO - Setting next_dagrun for example_subdag_operator.section-1 to None
[2023-07-18 19:06:12,678] {logging_mixin.py:104} INFO - [2023-07-18 19:06:12,678] {dag.py:2306} INFO - Setting next_dagrun for example_subdag_operator.section-2 to None
[2023-07-18 19:06:12,701] {scheduler_job.py:190} INFO - Processing /home/airflow/.local/lib/python3.6/site-packages/airflow/example_dags/example_subdag_operator.py took 0.304 seconds
[2023-07-18 19:06:43,351] {scheduler_job.py:182} INFO - Started process (PID=1030) to work on /home/airflow/.local/lib/python3.6/site-packages/airflow/example_dags/example_subdag_operator.py
[2023-07-18 19:06:43,354] {scheduler_job.py:633} INFO - Processing file /home/airflow/.local/lib/python3.6/site-packages/airflow/example_dags/example_subdag_operator.py for tasks to queue
[2023-07-18 19:06:43,358] {logging_mixin.py:104} INFO - [2023-07-18 19:06:43,358] {dagbag.py:496} INFO - Filling up the DagBag from /home/airflow/.local/lib/python3.6/site-packages/airflow/example_dags/example_subdag_operator.py
[2023-07-18 19:06:43,430] {scheduler_job.py:643} INFO - DAG(s) dict_keys(['example_subdag_operator.section-1', 'example_subdag_operator.section-2', 'example_subdag_operator']) retrieved from /home/airflow/.local/lib/python3.6/site-packages/airflow/example_dags/example_subdag_operator.py
[2023-07-18 19:06:43,460] {logging_mixin.py:104} INFO - [2023-07-18 19:06:43,460] {dag.py:1833} INFO - Sync 3 DAGs
[2023-07-18 19:06:43,500] {logging_mixin.py:104} INFO - [2023-07-18 19:06:43,500] {dag.py:2306} INFO - Setting next_dagrun for example_subdag_operator to 2023-07-16 00:00:00+00:00
[2023-07-18 19:06:43,503] {logging_mixin.py:104} INFO - [2023-07-18 19:06:43,503] {dag.py:2306} INFO - Setting next_dagrun for example_subdag_operator.section-1 to None
[2023-07-18 19:06:43,505] {logging_mixin.py:104} INFO - [2023-07-18 19:06:43,505] {dag.py:2306} INFO - Setting next_dagrun for example_subdag_operator.section-2 to None
[2023-07-18 19:06:43,524] {logging_mixin.py:104} INFO - [2023-07-18 19:06:43,524] {dag.py:1833} INFO - Sync 2 DAGs
[2023-07-18 19:06:43,544] {logging_mixin.py:104} INFO - [2023-07-18 19:06:43,544] {dag.py:2306} INFO - Setting next_dagrun for example_subdag_operator.section-1 to None
[2023-07-18 19:06:43,547] {logging_mixin.py:104} INFO - [2023-07-18 19:06:43,547] {dag.py:2306} INFO - Setting next_dagrun for example_subdag_operator.section-2 to None
[2023-07-18 19:06:43,563] {scheduler_job.py:190} INFO - Processing /home/airflow/.local/lib/python3.6/site-packages/airflow/example_dags/example_subdag_operator.py took 0.220 seconds
[2023-07-18 19:07:14,368] {scheduler_job.py:182} INFO - Started process (PID=1080) to work on /home/airflow/.local/lib/python3.6/site-packages/airflow/example_dags/example_subdag_operator.py
[2023-07-18 19:07:14,370] {scheduler_job.py:633} INFO - Processing file /home/airflow/.local/lib/python3.6/site-packages/airflow/example_dags/example_subdag_operator.py for tasks to queue
[2023-07-18 19:07:14,375] {logging_mixin.py:104} INFO - [2023-07-18 19:07:14,373] {dagbag.py:496} INFO - Filling up the DagBag from /home/airflow/.local/lib/python3.6/site-packages/airflow/example_dags/example_subdag_operator.py
[2023-07-18 19:07:14,447] {scheduler_job.py:643} INFO - DAG(s) dict_keys(['example_subdag_operator.section-1', 'example_subdag_operator.section-2', 'example_subdag_operator']) retrieved from /home/airflow/.local/lib/python3.6/site-packages/airflow/example_dags/example_subdag_operator.py
[2023-07-18 19:07:14,463] {logging_mixin.py:104} INFO - [2023-07-18 19:07:14,462] {dag.py:1833} INFO - Sync 3 DAGs
[2023-07-18 19:07:14,487] {logging_mixin.py:104} INFO - [2023-07-18 19:07:14,487] {dag.py:2306} INFO - Setting next_dagrun for example_subdag_operator to 2023-07-16 00:00:00+00:00
[2023-07-18 19:07:14,490] {logging_mixin.py:104} INFO - [2023-07-18 19:07:14,490] {dag.py:2306} INFO - Setting next_dagrun for example_subdag_operator.section-1 to None
[2023-07-18 19:07:14,491] {logging_mixin.py:104} INFO - [2023-07-18 19:07:14,490] {dag.py:2306} INFO - Setting next_dagrun for example_subdag_operator.section-2 to None
[2023-07-18 19:07:14,506] {logging_mixin.py:104} INFO - [2023-07-18 19:07:14,506] {dag.py:1833} INFO - Sync 2 DAGs
[2023-07-18 19:07:14,516] {logging_mixin.py:104} INFO - [2023-07-18 19:07:14,516] {dag.py:2306} INFO - Setting next_dagrun for example_subdag_operator.section-1 to None
[2023-07-18 19:07:14,517] {logging_mixin.py:104} INFO - [2023-07-18 19:07:14,517] {dag.py:2306} INFO - Setting next_dagrun for example_subdag_operator.section-2 to None
[2023-07-18 19:07:14,526] {scheduler_job.py:190} INFO - Processing /home/airflow/.local/lib/python3.6/site-packages/airflow/example_dags/example_subdag_operator.py took 0.173 seconds
[2023-07-18 19:07:44,878] {scheduler_job.py:182} INFO - Started process (PID=1131) to work on /home/airflow/.local/lib/python3.6/site-packages/airflow/example_dags/example_subdag_operator.py
[2023-07-18 19:07:44,880] {scheduler_job.py:633} INFO - Processing file /home/airflow/.local/lib/python3.6/site-packages/airflow/example_dags/example_subdag_operator.py for tasks to queue
[2023-07-18 19:07:44,882] {logging_mixin.py:104} INFO - [2023-07-18 19:07:44,881] {dagbag.py:496} INFO - Filling up the DagBag from /home/airflow/.local/lib/python3.6/site-packages/airflow/example_dags/example_subdag_operator.py
[2023-07-18 19:07:44,948] {scheduler_job.py:643} INFO - DAG(s) dict_keys(['example_subdag_operator.section-1', 'example_subdag_operator.section-2', 'example_subdag_operator']) retrieved from /home/airflow/.local/lib/python3.6/site-packages/airflow/example_dags/example_subdag_operator.py
[2023-07-18 19:07:44,964] {logging_mixin.py:104} INFO - [2023-07-18 19:07:44,964] {dag.py:1833} INFO - Sync 3 DAGs
[2023-07-18 19:07:44,990] {logging_mixin.py:104} INFO - [2023-07-18 19:07:44,990] {dag.py:2306} INFO - Setting next_dagrun for example_subdag_operator to 2023-07-16 00:00:00+00:00
[2023-07-18 19:07:44,994] {logging_mixin.py:104} INFO - [2023-07-18 19:07:44,993] {dag.py:2306} INFO - Setting next_dagrun for example_subdag_operator.section-1 to None
[2023-07-18 19:07:44,994] {logging_mixin.py:104} INFO - [2023-07-18 19:07:44,994] {dag.py:2306} INFO - Setting next_dagrun for example_subdag_operator.section-2 to None
[2023-07-18 19:07:45,005] {logging_mixin.py:104} INFO - [2023-07-18 19:07:45,005] {dag.py:1833} INFO - Sync 2 DAGs
[2023-07-18 19:07:45,019] {logging_mixin.py:104} INFO - [2023-07-18 19:07:45,018] {dag.py:2306} INFO - Setting next_dagrun for example_subdag_operator.section-1 to None
[2023-07-18 19:07:45,019] {logging_mixin.py:104} INFO - [2023-07-18 19:07:45,019] {dag.py:2306} INFO - Setting next_dagrun for example_subdag_operator.section-2 to None
[2023-07-18 19:07:45,030] {scheduler_job.py:190} INFO - Processing /home/airflow/.local/lib/python3.6/site-packages/airflow/example_dags/example_subdag_operator.py took 0.159 seconds
[2023-07-18 19:08:15,946] {scheduler_job.py:182} INFO - Started process (PID=1192) to work on /home/airflow/.local/lib/python3.6/site-packages/airflow/example_dags/example_subdag_operator.py
[2023-07-18 19:08:15,951] {scheduler_job.py:633} INFO - Processing file /home/airflow/.local/lib/python3.6/site-packages/airflow/example_dags/example_subdag_operator.py for tasks to queue
[2023-07-18 19:08:15,960] {logging_mixin.py:104} INFO - [2023-07-18 19:08:15,960] {dagbag.py:496} INFO - Filling up the DagBag from /home/airflow/.local/lib/python3.6/site-packages/airflow/example_dags/example_subdag_operator.py
[2023-07-18 19:08:16,073] {scheduler_job.py:643} INFO - DAG(s) dict_keys(['example_subdag_operator.section-1', 'example_subdag_operator.section-2', 'example_subdag_operator']) retrieved from /home/airflow/.local/lib/python3.6/site-packages/airflow/example_dags/example_subdag_operator.py
[2023-07-18 19:08:16,109] {logging_mixin.py:104} INFO - [2023-07-18 19:08:16,109] {dag.py:1833} INFO - Sync 3 DAGs
[2023-07-18 19:08:16,155] {logging_mixin.py:104} INFO - [2023-07-18 19:08:16,155] {dag.py:2306} INFO - Setting next_dagrun for example_subdag_operator to 2023-07-16 00:00:00+00:00
[2023-07-18 19:08:16,165] {logging_mixin.py:104} INFO - [2023-07-18 19:08:16,165] {dag.py:2306} INFO - Setting next_dagrun for example_subdag_operator.section-1 to None
[2023-07-18 19:08:16,167] {logging_mixin.py:104} INFO - [2023-07-18 19:08:16,167] {dag.py:2306} INFO - Setting next_dagrun for example_subdag_operator.section-2 to None
[2023-07-18 19:08:16,186] {logging_mixin.py:104} INFO - [2023-07-18 19:08:16,186] {dag.py:1833} INFO - Sync 2 DAGs
[2023-07-18 19:08:16,200] {logging_mixin.py:104} INFO - [2023-07-18 19:08:16,200] {dag.py:2306} INFO - Setting next_dagrun for example_subdag_operator.section-1 to None
[2023-07-18 19:08:16,214] {logging_mixin.py:104} INFO - [2023-07-18 19:08:16,212] {dag.py:2306} INFO - Setting next_dagrun for example_subdag_operator.section-2 to None
[2023-07-18 19:08:16,247] {scheduler_job.py:190} INFO - Processing /home/airflow/.local/lib/python3.6/site-packages/airflow/example_dags/example_subdag_operator.py took 0.316 seconds
