[2023-07-18 18:57:03,164] {scheduler_job.py:182} INFO - Started process (PID=105) to work on /home/airflow/.local/lib/python3.6/site-packages/airflow/example_dags/example_branch_operator.py
[2023-07-18 18:57:03,185] {scheduler_job.py:633} INFO - Processing file /home/airflow/.local/lib/python3.6/site-packages/airflow/example_dags/example_branch_operator.py for tasks to queue
[2023-07-18 18:57:03,189] {logging_mixin.py:104} INFO - [2023-07-18 18:57:03,187] {dagbag.py:496} INFO - Filling up the DagBag from /home/airflow/.local/lib/python3.6/site-packages/airflow/example_dags/example_branch_operator.py
[2023-07-18 18:57:03,397] {scheduler_job.py:643} INFO - DAG(s) dict_keys(['example_branch_operator']) retrieved from /home/airflow/.local/lib/python3.6/site-packages/airflow/example_dags/example_branch_operator.py
[2023-07-18 18:57:18,981] {logging_mixin.py:104} INFO - [2023-07-18 18:57:18,972] {dag.py:1833} INFO - Sync 1 DAGs
[2023-07-18 18:57:19,033] {logging_mixin.py:104} INFO - [2023-07-18 18:57:19,029] {dag.py:1852} INFO - Creating ORM DAG for example_branch_operator
[2023-07-18 18:57:19,075] {logging_mixin.py:104} INFO - [2023-07-18 18:57:19,075] {dag.py:2306} INFO - Setting next_dagrun for example_branch_operator to 2023-07-16 00:00:00+00:00
[2023-07-18 18:57:19,119] {scheduler_job.py:190} INFO - Processing /home/airflow/.local/lib/python3.6/site-packages/airflow/example_dags/example_branch_operator.py took 15.994 seconds
[2023-07-18 18:58:59,996] {scheduler_job.py:182} INFO - Started process (PID=247) to work on /home/airflow/.local/lib/python3.6/site-packages/airflow/example_dags/example_branch_operator.py
[2023-07-18 18:59:00,004] {scheduler_job.py:633} INFO - Processing file /home/airflow/.local/lib/python3.6/site-packages/airflow/example_dags/example_branch_operator.py for tasks to queue
[2023-07-18 18:59:00,011] {logging_mixin.py:104} INFO - [2023-07-18 18:59:00,010] {dagbag.py:496} INFO - Filling up the DagBag from /home/airflow/.local/lib/python3.6/site-packages/airflow/example_dags/example_branch_operator.py
[2023-07-18 18:59:00,059] {scheduler_job.py:643} INFO - DAG(s) dict_keys(['example_branch_operator']) retrieved from /home/airflow/.local/lib/python3.6/site-packages/airflow/example_dags/example_branch_operator.py
[2023-07-18 18:59:00,142] {logging_mixin.py:104} INFO - [2023-07-18 18:59:00,142] {dag.py:1833} INFO - Sync 1 DAGs
[2023-07-18 18:59:00,208] {logging_mixin.py:104} INFO - [2023-07-18 18:59:00,208] {dag.py:2306} INFO - Setting next_dagrun for example_branch_operator to 2023-07-16 00:00:00+00:00
[2023-07-18 18:59:00,249] {scheduler_job.py:190} INFO - Processing /home/airflow/.local/lib/python3.6/site-packages/airflow/example_dags/example_branch_operator.py took 0.300 seconds
[2023-07-18 18:59:30,618] {scheduler_job.py:182} INFO - Started process (PID=298) to work on /home/airflow/.local/lib/python3.6/site-packages/airflow/example_dags/example_branch_operator.py
[2023-07-18 18:59:30,621] {scheduler_job.py:633} INFO - Processing file /home/airflow/.local/lib/python3.6/site-packages/airflow/example_dags/example_branch_operator.py for tasks to queue
[2023-07-18 18:59:30,624] {logging_mixin.py:104} INFO - [2023-07-18 18:59:30,623] {dagbag.py:496} INFO - Filling up the DagBag from /home/airflow/.local/lib/python3.6/site-packages/airflow/example_dags/example_branch_operator.py
[2023-07-18 18:59:30,653] {scheduler_job.py:643} INFO - DAG(s) dict_keys(['example_branch_operator']) retrieved from /home/airflow/.local/lib/python3.6/site-packages/airflow/example_dags/example_branch_operator.py
[2023-07-18 18:59:30,708] {logging_mixin.py:104} INFO - [2023-07-18 18:59:30,708] {dag.py:1833} INFO - Sync 1 DAGs
[2023-07-18 18:59:30,748] {logging_mixin.py:104} INFO - [2023-07-18 18:59:30,748] {dag.py:2306} INFO - Setting next_dagrun for example_branch_operator to 2023-07-16 00:00:00+00:00
[2023-07-18 18:59:30,781] {scheduler_job.py:190} INFO - Processing /home/airflow/.local/lib/python3.6/site-packages/airflow/example_dags/example_branch_operator.py took 0.168 seconds
[2023-07-18 19:00:01,950] {scheduler_job.py:182} INFO - Started process (PID=348) to work on /home/airflow/.local/lib/python3.6/site-packages/airflow/example_dags/example_branch_operator.py
[2023-07-18 19:00:01,960] {scheduler_job.py:633} INFO - Processing file /home/airflow/.local/lib/python3.6/site-packages/airflow/example_dags/example_branch_operator.py for tasks to queue
[2023-07-18 19:00:01,967] {logging_mixin.py:104} INFO - [2023-07-18 19:00:01,965] {dagbag.py:496} INFO - Filling up the DagBag from /home/airflow/.local/lib/python3.6/site-packages/airflow/example_dags/example_branch_operator.py
[2023-07-18 19:00:02,053] {scheduler_job.py:643} INFO - DAG(s) dict_keys(['example_branch_operator']) retrieved from /home/airflow/.local/lib/python3.6/site-packages/airflow/example_dags/example_branch_operator.py
[2023-07-18 19:00:02,110] {logging_mixin.py:104} INFO - [2023-07-18 19:00:02,110] {dag.py:1833} INFO - Sync 1 DAGs
[2023-07-18 19:00:02,163] {logging_mixin.py:104} INFO - [2023-07-18 19:00:02,163] {dag.py:2306} INFO - Setting next_dagrun for example_branch_operator to 2023-07-16 00:00:00+00:00
[2023-07-18 19:00:02,207] {scheduler_job.py:190} INFO - Processing /home/airflow/.local/lib/python3.6/site-packages/airflow/example_dags/example_branch_operator.py took 0.268 seconds
[2023-07-18 19:00:32,435] {scheduler_job.py:182} INFO - Started process (PID=407) to work on /home/airflow/.local/lib/python3.6/site-packages/airflow/example_dags/example_branch_operator.py
[2023-07-18 19:00:32,439] {scheduler_job.py:633} INFO - Processing file /home/airflow/.local/lib/python3.6/site-packages/airflow/example_dags/example_branch_operator.py for tasks to queue
[2023-07-18 19:00:32,442] {logging_mixin.py:104} INFO - [2023-07-18 19:00:32,441] {dagbag.py:496} INFO - Filling up the DagBag from /home/airflow/.local/lib/python3.6/site-packages/airflow/example_dags/example_branch_operator.py
[2023-07-18 19:00:32,464] {scheduler_job.py:643} INFO - DAG(s) dict_keys(['example_branch_operator']) retrieved from /home/airflow/.local/lib/python3.6/site-packages/airflow/example_dags/example_branch_operator.py
[2023-07-18 19:00:32,492] {logging_mixin.py:104} INFO - [2023-07-18 19:00:32,492] {dag.py:1833} INFO - Sync 1 DAGs
[2023-07-18 19:00:32,517] {logging_mixin.py:104} INFO - [2023-07-18 19:00:32,517] {dag.py:2306} INFO - Setting next_dagrun for example_branch_operator to 2023-07-16 00:00:00+00:00
[2023-07-18 19:00:32,533] {scheduler_job.py:190} INFO - Processing /home/airflow/.local/lib/python3.6/site-packages/airflow/example_dags/example_branch_operator.py took 0.105 seconds
[2023-07-18 19:01:02,614] {scheduler_job.py:182} INFO - Started process (PID=458) to work on /home/airflow/.local/lib/python3.6/site-packages/airflow/example_dags/example_branch_operator.py
[2023-07-18 19:01:02,619] {scheduler_job.py:633} INFO - Processing file /home/airflow/.local/lib/python3.6/site-packages/airflow/example_dags/example_branch_operator.py for tasks to queue
[2023-07-18 19:01:02,622] {logging_mixin.py:104} INFO - [2023-07-18 19:01:02,621] {dagbag.py:496} INFO - Filling up the DagBag from /home/airflow/.local/lib/python3.6/site-packages/airflow/example_dags/example_branch_operator.py
[2023-07-18 19:01:02,655] {scheduler_job.py:643} INFO - DAG(s) dict_keys(['example_branch_operator']) retrieved from /home/airflow/.local/lib/python3.6/site-packages/airflow/example_dags/example_branch_operator.py
[2023-07-18 19:01:02,687] {logging_mixin.py:104} INFO - [2023-07-18 19:01:02,686] {dag.py:1833} INFO - Sync 1 DAGs
[2023-07-18 19:01:02,712] {logging_mixin.py:104} INFO - [2023-07-18 19:01:02,712] {dag.py:2306} INFO - Setting next_dagrun for example_branch_operator to 2023-07-16 00:00:00+00:00
[2023-07-18 19:01:02,729] {scheduler_job.py:190} INFO - Processing /home/airflow/.local/lib/python3.6/site-packages/airflow/example_dags/example_branch_operator.py took 0.129 seconds
[2023-07-18 19:01:33,387] {scheduler_job.py:182} INFO - Started process (PID=509) to work on /home/airflow/.local/lib/python3.6/site-packages/airflow/example_dags/example_branch_operator.py
[2023-07-18 19:01:33,389] {scheduler_job.py:633} INFO - Processing file /home/airflow/.local/lib/python3.6/site-packages/airflow/example_dags/example_branch_operator.py for tasks to queue
[2023-07-18 19:01:33,400] {logging_mixin.py:104} INFO - [2023-07-18 19:01:33,400] {dagbag.py:496} INFO - Filling up the DagBag from /home/airflow/.local/lib/python3.6/site-packages/airflow/example_dags/example_branch_operator.py
[2023-07-18 19:01:33,432] {scheduler_job.py:643} INFO - DAG(s) dict_keys(['example_branch_operator']) retrieved from /home/airflow/.local/lib/python3.6/site-packages/airflow/example_dags/example_branch_operator.py
[2023-07-18 19:01:33,470] {logging_mixin.py:104} INFO - [2023-07-18 19:01:33,470] {dag.py:1833} INFO - Sync 1 DAGs
[2023-07-18 19:01:33,513] {logging_mixin.py:104} INFO - [2023-07-18 19:01:33,513] {dag.py:2306} INFO - Setting next_dagrun for example_branch_operator to 2023-07-16 00:00:00+00:00
[2023-07-18 19:01:33,538] {scheduler_job.py:190} INFO - Processing /home/airflow/.local/lib/python3.6/site-packages/airflow/example_dags/example_branch_operator.py took 0.156 seconds
[2023-07-18 19:02:04,112] {scheduler_job.py:182} INFO - Started process (PID=560) to work on /home/airflow/.local/lib/python3.6/site-packages/airflow/example_dags/example_branch_operator.py
[2023-07-18 19:02:04,121] {scheduler_job.py:633} INFO - Processing file /home/airflow/.local/lib/python3.6/site-packages/airflow/example_dags/example_branch_operator.py for tasks to queue
[2023-07-18 19:02:04,124] {logging_mixin.py:104} INFO - [2023-07-18 19:02:04,124] {dagbag.py:496} INFO - Filling up the DagBag from /home/airflow/.local/lib/python3.6/site-packages/airflow/example_dags/example_branch_operator.py
[2023-07-18 19:02:04,150] {scheduler_job.py:643} INFO - DAG(s) dict_keys(['example_branch_operator']) retrieved from /home/airflow/.local/lib/python3.6/site-packages/airflow/example_dags/example_branch_operator.py
[2023-07-18 19:02:04,193] {logging_mixin.py:104} INFO - [2023-07-18 19:02:04,193] {dag.py:1833} INFO - Sync 1 DAGs
[2023-07-18 19:02:04,233] {logging_mixin.py:104} INFO - [2023-07-18 19:02:04,233] {dag.py:2306} INFO - Setting next_dagrun for example_branch_operator to 2023-07-16 00:00:00+00:00
[2023-07-18 19:02:04,248] {scheduler_job.py:190} INFO - Processing /home/airflow/.local/lib/python3.6/site-packages/airflow/example_dags/example_branch_operator.py took 0.141 seconds
[2023-07-18 19:02:35,024] {scheduler_job.py:182} INFO - Started process (PID=620) to work on /home/airflow/.local/lib/python3.6/site-packages/airflow/example_dags/example_branch_operator.py
[2023-07-18 19:02:35,027] {scheduler_job.py:633} INFO - Processing file /home/airflow/.local/lib/python3.6/site-packages/airflow/example_dags/example_branch_operator.py for tasks to queue
[2023-07-18 19:02:35,028] {logging_mixin.py:104} INFO - [2023-07-18 19:02:35,028] {dagbag.py:496} INFO - Filling up the DagBag from /home/airflow/.local/lib/python3.6/site-packages/airflow/example_dags/example_branch_operator.py
[2023-07-18 19:02:35,051] {scheduler_job.py:643} INFO - DAG(s) dict_keys(['example_branch_operator']) retrieved from /home/airflow/.local/lib/python3.6/site-packages/airflow/example_dags/example_branch_operator.py
[2023-07-18 19:02:35,080] {logging_mixin.py:104} INFO - [2023-07-18 19:02:35,079] {dag.py:1833} INFO - Sync 1 DAGs
[2023-07-18 19:02:35,103] {logging_mixin.py:104} INFO - [2023-07-18 19:02:35,103] {dag.py:2306} INFO - Setting next_dagrun for example_branch_operator to 2023-07-16 00:00:00+00:00
[2023-07-18 19:02:35,118] {scheduler_job.py:190} INFO - Processing /home/airflow/.local/lib/python3.6/site-packages/airflow/example_dags/example_branch_operator.py took 0.098 seconds
[2023-07-18 19:03:05,558] {scheduler_job.py:182} INFO - Started process (PID=672) to work on /home/airflow/.local/lib/python3.6/site-packages/airflow/example_dags/example_branch_operator.py
[2023-07-18 19:03:05,560] {scheduler_job.py:633} INFO - Processing file /home/airflow/.local/lib/python3.6/site-packages/airflow/example_dags/example_branch_operator.py for tasks to queue
[2023-07-18 19:03:05,562] {logging_mixin.py:104} INFO - [2023-07-18 19:03:05,562] {dagbag.py:496} INFO - Filling up the DagBag from /home/airflow/.local/lib/python3.6/site-packages/airflow/example_dags/example_branch_operator.py
[2023-07-18 19:03:05,589] {scheduler_job.py:643} INFO - DAG(s) dict_keys(['example_branch_operator']) retrieved from /home/airflow/.local/lib/python3.6/site-packages/airflow/example_dags/example_branch_operator.py
[2023-07-18 19:03:05,629] {logging_mixin.py:104} INFO - [2023-07-18 19:03:05,628] {dag.py:1833} INFO - Sync 1 DAGs
[2023-07-18 19:03:05,669] {logging_mixin.py:104} INFO - [2023-07-18 19:03:05,669] {dag.py:2306} INFO - Setting next_dagrun for example_branch_operator to 2023-07-16 00:00:00+00:00
[2023-07-18 19:03:05,690] {scheduler_job.py:190} INFO - Processing /home/airflow/.local/lib/python3.6/site-packages/airflow/example_dags/example_branch_operator.py took 0.137 seconds
[2023-07-18 19:03:35,807] {scheduler_job.py:182} INFO - Started process (PID=723) to work on /home/airflow/.local/lib/python3.6/site-packages/airflow/example_dags/example_branch_operator.py
[2023-07-18 19:03:35,811] {scheduler_job.py:633} INFO - Processing file /home/airflow/.local/lib/python3.6/site-packages/airflow/example_dags/example_branch_operator.py for tasks to queue
[2023-07-18 19:03:35,813] {logging_mixin.py:104} INFO - [2023-07-18 19:03:35,813] {dagbag.py:496} INFO - Filling up the DagBag from /home/airflow/.local/lib/python3.6/site-packages/airflow/example_dags/example_branch_operator.py
[2023-07-18 19:03:35,848] {scheduler_job.py:643} INFO - DAG(s) dict_keys(['example_branch_operator']) retrieved from /home/airflow/.local/lib/python3.6/site-packages/airflow/example_dags/example_branch_operator.py
[2023-07-18 19:03:35,894] {logging_mixin.py:104} INFO - [2023-07-18 19:03:35,894] {dag.py:1833} INFO - Sync 1 DAGs
[2023-07-18 19:03:35,931] {logging_mixin.py:104} INFO - [2023-07-18 19:03:35,931] {dag.py:2306} INFO - Setting next_dagrun for example_branch_operator to 2023-07-16 00:00:00+00:00
[2023-07-18 19:03:35,952] {scheduler_job.py:190} INFO - Processing /home/airflow/.local/lib/python3.6/site-packages/airflow/example_dags/example_branch_operator.py took 0.153 seconds
[2023-07-18 19:04:07,212] {scheduler_job.py:182} INFO - Started process (PID=772) to work on /home/airflow/.local/lib/python3.6/site-packages/airflow/example_dags/example_branch_operator.py
[2023-07-18 19:04:07,216] {scheduler_job.py:633} INFO - Processing file /home/airflow/.local/lib/python3.6/site-packages/airflow/example_dags/example_branch_operator.py for tasks to queue
[2023-07-18 19:04:07,222] {logging_mixin.py:104} INFO - [2023-07-18 19:04:07,222] {dagbag.py:496} INFO - Filling up the DagBag from /home/airflow/.local/lib/python3.6/site-packages/airflow/example_dags/example_branch_operator.py
[2023-07-18 19:04:07,305] {scheduler_job.py:643} INFO - DAG(s) dict_keys(['example_branch_operator']) retrieved from /home/airflow/.local/lib/python3.6/site-packages/airflow/example_dags/example_branch_operator.py
[2023-07-18 19:04:07,420] {logging_mixin.py:104} INFO - [2023-07-18 19:04:07,420] {dag.py:1833} INFO - Sync 1 DAGs
[2023-07-18 19:04:07,547] {logging_mixin.py:104} INFO - [2023-07-18 19:04:07,546] {dag.py:2306} INFO - Setting next_dagrun for example_branch_operator to 2023-07-16 00:00:00+00:00
[2023-07-18 19:04:07,590] {scheduler_job.py:190} INFO - Processing /home/airflow/.local/lib/python3.6/site-packages/airflow/example_dags/example_branch_operator.py took 0.411 seconds
[2023-07-18 19:04:38,616] {scheduler_job.py:182} INFO - Started process (PID=832) to work on /home/airflow/.local/lib/python3.6/site-packages/airflow/example_dags/example_branch_operator.py
[2023-07-18 19:04:38,624] {scheduler_job.py:633} INFO - Processing file /home/airflow/.local/lib/python3.6/site-packages/airflow/example_dags/example_branch_operator.py for tasks to queue
[2023-07-18 19:04:38,634] {logging_mixin.py:104} INFO - [2023-07-18 19:04:38,633] {dagbag.py:496} INFO - Filling up the DagBag from /home/airflow/.local/lib/python3.6/site-packages/airflow/example_dags/example_branch_operator.py
[2023-07-18 19:04:38,753] {scheduler_job.py:643} INFO - DAG(s) dict_keys(['example_branch_operator']) retrieved from /home/airflow/.local/lib/python3.6/site-packages/airflow/example_dags/example_branch_operator.py
[2023-07-18 19:04:38,893] {logging_mixin.py:104} INFO - [2023-07-18 19:04:38,887] {dag.py:1833} INFO - Sync 1 DAGs
[2023-07-18 19:04:39,018] {logging_mixin.py:104} INFO - [2023-07-18 19:04:39,018] {dag.py:2306} INFO - Setting next_dagrun for example_branch_operator to 2023-07-16 00:00:00+00:00
[2023-07-18 19:04:39,066] {scheduler_job.py:190} INFO - Processing /home/airflow/.local/lib/python3.6/site-packages/airflow/example_dags/example_branch_operator.py took 0.480 seconds
[2023-07-18 19:05:09,427] {scheduler_job.py:182} INFO - Started process (PID=874) to work on /home/airflow/.local/lib/python3.6/site-packages/airflow/example_dags/example_branch_operator.py
[2023-07-18 19:05:09,432] {scheduler_job.py:633} INFO - Processing file /home/airflow/.local/lib/python3.6/site-packages/airflow/example_dags/example_branch_operator.py for tasks to queue
[2023-07-18 19:05:09,434] {logging_mixin.py:104} INFO - [2023-07-18 19:05:09,434] {dagbag.py:496} INFO - Filling up the DagBag from /home/airflow/.local/lib/python3.6/site-packages/airflow/example_dags/example_branch_operator.py
[2023-07-18 19:05:09,463] {scheduler_job.py:643} INFO - DAG(s) dict_keys(['example_branch_operator']) retrieved from /home/airflow/.local/lib/python3.6/site-packages/airflow/example_dags/example_branch_operator.py
[2023-07-18 19:05:09,534] {logging_mixin.py:104} INFO - [2023-07-18 19:05:09,534] {dag.py:1833} INFO - Sync 1 DAGs
[2023-07-18 19:05:09,577] {logging_mixin.py:104} INFO - [2023-07-18 19:05:09,576] {dag.py:2306} INFO - Setting next_dagrun for example_branch_operator to 2023-07-16 00:00:00+00:00
[2023-07-18 19:05:09,602] {scheduler_job.py:190} INFO - Processing /home/airflow/.local/lib/python3.6/site-packages/airflow/example_dags/example_branch_operator.py took 0.187 seconds
[2023-07-18 19:05:40,459] {scheduler_job.py:182} INFO - Started process (PID=926) to work on /home/airflow/.local/lib/python3.6/site-packages/airflow/example_dags/example_branch_operator.py
[2023-07-18 19:05:40,461] {scheduler_job.py:633} INFO - Processing file /home/airflow/.local/lib/python3.6/site-packages/airflow/example_dags/example_branch_operator.py for tasks to queue
[2023-07-18 19:05:40,463] {logging_mixin.py:104} INFO - [2023-07-18 19:05:40,462] {dagbag.py:496} INFO - Filling up the DagBag from /home/airflow/.local/lib/python3.6/site-packages/airflow/example_dags/example_branch_operator.py
[2023-07-18 19:05:40,496] {scheduler_job.py:643} INFO - DAG(s) dict_keys(['example_branch_operator']) retrieved from /home/airflow/.local/lib/python3.6/site-packages/airflow/example_dags/example_branch_operator.py
[2023-07-18 19:05:40,540] {logging_mixin.py:104} INFO - [2023-07-18 19:05:40,540] {dag.py:1833} INFO - Sync 1 DAGs
[2023-07-18 19:05:40,606] {logging_mixin.py:104} INFO - [2023-07-18 19:05:40,606] {dag.py:2306} INFO - Setting next_dagrun for example_branch_operator to 2023-07-16 00:00:00+00:00
[2023-07-18 19:05:40,625] {scheduler_job.py:190} INFO - Processing /home/airflow/.local/lib/python3.6/site-packages/airflow/example_dags/example_branch_operator.py took 0.173 seconds
[2023-07-18 19:06:11,151] {scheduler_job.py:182} INFO - Started process (PID=976) to work on /home/airflow/.local/lib/python3.6/site-packages/airflow/example_dags/example_branch_operator.py
[2023-07-18 19:06:11,153] {scheduler_job.py:633} INFO - Processing file /home/airflow/.local/lib/python3.6/site-packages/airflow/example_dags/example_branch_operator.py for tasks to queue
[2023-07-18 19:06:11,155] {logging_mixin.py:104} INFO - [2023-07-18 19:06:11,155] {dagbag.py:496} INFO - Filling up the DagBag from /home/airflow/.local/lib/python3.6/site-packages/airflow/example_dags/example_branch_operator.py
[2023-07-18 19:06:11,187] {scheduler_job.py:643} INFO - DAG(s) dict_keys(['example_branch_operator']) retrieved from /home/airflow/.local/lib/python3.6/site-packages/airflow/example_dags/example_branch_operator.py
[2023-07-18 19:06:11,226] {logging_mixin.py:104} INFO - [2023-07-18 19:06:11,226] {dag.py:1833} INFO - Sync 1 DAGs
[2023-07-18 19:06:11,265] {logging_mixin.py:104} INFO - [2023-07-18 19:06:11,265] {dag.py:2306} INFO - Setting next_dagrun for example_branch_operator to 2023-07-16 00:00:00+00:00
[2023-07-18 19:06:11,286] {scheduler_job.py:190} INFO - Processing /home/airflow/.local/lib/python3.6/site-packages/airflow/example_dags/example_branch_operator.py took 0.143 seconds
[2023-07-18 19:06:41,946] {scheduler_job.py:182} INFO - Started process (PID=1027) to work on /home/airflow/.local/lib/python3.6/site-packages/airflow/example_dags/example_branch_operator.py
[2023-07-18 19:06:41,952] {scheduler_job.py:633} INFO - Processing file /home/airflow/.local/lib/python3.6/site-packages/airflow/example_dags/example_branch_operator.py for tasks to queue
[2023-07-18 19:06:41,956] {logging_mixin.py:104} INFO - [2023-07-18 19:06:41,955] {dagbag.py:496} INFO - Filling up the DagBag from /home/airflow/.local/lib/python3.6/site-packages/airflow/example_dags/example_branch_operator.py
[2023-07-18 19:06:42,025] {scheduler_job.py:643} INFO - DAG(s) dict_keys(['example_branch_operator']) retrieved from /home/airflow/.local/lib/python3.6/site-packages/airflow/example_dags/example_branch_operator.py
[2023-07-18 19:06:42,082] {logging_mixin.py:104} INFO - [2023-07-18 19:06:42,075] {dag.py:1833} INFO - Sync 1 DAGs
[2023-07-18 19:06:42,160] {logging_mixin.py:104} INFO - [2023-07-18 19:06:42,160] {dag.py:2306} INFO - Setting next_dagrun for example_branch_operator to 2023-07-16 00:00:00+00:00
[2023-07-18 19:06:42,207] {scheduler_job.py:190} INFO - Processing /home/airflow/.local/lib/python3.6/site-packages/airflow/example_dags/example_branch_operator.py took 0.268 seconds
[2023-07-18 19:07:13,055] {scheduler_job.py:182} INFO - Started process (PID=1077) to work on /home/airflow/.local/lib/python3.6/site-packages/airflow/example_dags/example_branch_operator.py
[2023-07-18 19:07:13,060] {scheduler_job.py:633} INFO - Processing file /home/airflow/.local/lib/python3.6/site-packages/airflow/example_dags/example_branch_operator.py for tasks to queue
[2023-07-18 19:07:13,062] {logging_mixin.py:104} INFO - [2023-07-18 19:07:13,062] {dagbag.py:496} INFO - Filling up the DagBag from /home/airflow/.local/lib/python3.6/site-packages/airflow/example_dags/example_branch_operator.py
[2023-07-18 19:07:13,099] {scheduler_job.py:643} INFO - DAG(s) dict_keys(['example_branch_operator']) retrieved from /home/airflow/.local/lib/python3.6/site-packages/airflow/example_dags/example_branch_operator.py
[2023-07-18 19:07:13,143] {logging_mixin.py:104} INFO - [2023-07-18 19:07:13,143] {dag.py:1833} INFO - Sync 1 DAGs
[2023-07-18 19:07:13,173] {logging_mixin.py:104} INFO - [2023-07-18 19:07:13,173] {dag.py:2306} INFO - Setting next_dagrun for example_branch_operator to 2023-07-16 00:00:00+00:00
[2023-07-18 19:07:13,210] {scheduler_job.py:190} INFO - Processing /home/airflow/.local/lib/python3.6/site-packages/airflow/example_dags/example_branch_operator.py took 0.169 seconds
[2023-07-18 19:07:43,544] {scheduler_job.py:182} INFO - Started process (PID=1128) to work on /home/airflow/.local/lib/python3.6/site-packages/airflow/example_dags/example_branch_operator.py
[2023-07-18 19:07:43,550] {scheduler_job.py:633} INFO - Processing file /home/airflow/.local/lib/python3.6/site-packages/airflow/example_dags/example_branch_operator.py for tasks to queue
[2023-07-18 19:07:43,553] {logging_mixin.py:104} INFO - [2023-07-18 19:07:43,553] {dagbag.py:496} INFO - Filling up the DagBag from /home/airflow/.local/lib/python3.6/site-packages/airflow/example_dags/example_branch_operator.py
[2023-07-18 19:07:43,591] {scheduler_job.py:643} INFO - DAG(s) dict_keys(['example_branch_operator']) retrieved from /home/airflow/.local/lib/python3.6/site-packages/airflow/example_dags/example_branch_operator.py
[2023-07-18 19:07:43,677] {logging_mixin.py:104} INFO - [2023-07-18 19:07:43,676] {dag.py:1833} INFO - Sync 1 DAGs
[2023-07-18 19:07:43,770] {logging_mixin.py:104} INFO - [2023-07-18 19:07:43,764] {dag.py:2306} INFO - Setting next_dagrun for example_branch_operator to 2023-07-16 00:00:00+00:00
[2023-07-18 19:07:43,824] {scheduler_job.py:190} INFO - Processing /home/airflow/.local/lib/python3.6/site-packages/airflow/example_dags/example_branch_operator.py took 0.298 seconds
[2023-07-18 19:08:14,430] {scheduler_job.py:182} INFO - Started process (PID=1189) to work on /home/airflow/.local/lib/python3.6/site-packages/airflow/example_dags/example_branch_operator.py
[2023-07-18 19:08:14,433] {scheduler_job.py:633} INFO - Processing file /home/airflow/.local/lib/python3.6/site-packages/airflow/example_dags/example_branch_operator.py for tasks to queue
[2023-07-18 19:08:14,440] {logging_mixin.py:104} INFO - [2023-07-18 19:08:14,440] {dagbag.py:496} INFO - Filling up the DagBag from /home/airflow/.local/lib/python3.6/site-packages/airflow/example_dags/example_branch_operator.py
[2023-07-18 19:08:14,509] {scheduler_job.py:643} INFO - DAG(s) dict_keys(['example_branch_operator']) retrieved from /home/airflow/.local/lib/python3.6/site-packages/airflow/example_dags/example_branch_operator.py
[2023-07-18 19:08:14,611] {logging_mixin.py:104} INFO - [2023-07-18 19:08:14,611] {dag.py:1833} INFO - Sync 1 DAGs
[2023-07-18 19:08:14,822] {logging_mixin.py:104} INFO - [2023-07-18 19:08:14,822] {dag.py:2306} INFO - Setting next_dagrun for example_branch_operator to 2023-07-16 00:00:00+00:00
[2023-07-18 19:08:14,879] {scheduler_job.py:190} INFO - Processing /home/airflow/.local/lib/python3.6/site-packages/airflow/example_dags/example_branch_operator.py took 0.463 seconds
