[2023-07-18 18:57:19,401] {scheduler_job.py:182} INFO - Started process (PID=119) to work on /home/airflow/.local/lib/python3.6/site-packages/airflow/example_dags/example_branch_python_dop_operator_3.py
[2023-07-18 18:57:19,408] {scheduler_job.py:633} INFO - Processing file /home/airflow/.local/lib/python3.6/site-packages/airflow/example_dags/example_branch_python_dop_operator_3.py for tasks to queue
[2023-07-18 18:57:19,417] {logging_mixin.py:104} INFO - [2023-07-18 18:57:19,416] {dagbag.py:496} INFO - Filling up the DagBag from /home/airflow/.local/lib/python3.6/site-packages/airflow/example_dags/example_branch_python_dop_operator_3.py
[2023-07-18 18:57:19,618] {scheduler_job.py:643} INFO - DAG(s) dict_keys(['example_branch_dop_operator_v3']) retrieved from /home/airflow/.local/lib/python3.6/site-packages/airflow/example_dags/example_branch_python_dop_operator_3.py
[2023-07-18 18:57:38,172] {logging_mixin.py:104} INFO - [2023-07-18 18:57:38,171] {dag.py:1833} INFO - Sync 1 DAGs
[2023-07-18 18:57:38,197] {logging_mixin.py:104} INFO - [2023-07-18 18:57:38,196] {dag.py:1852} INFO - Creating ORM DAG for example_branch_dop_operator_v3
[2023-07-18 18:57:38,250] {logging_mixin.py:104} INFO - [2023-07-18 18:57:38,250] {dag.py:2306} INFO - Setting next_dagrun for example_branch_dop_operator_v3 to 2023-07-16 00:00:00+00:00
[2023-07-18 18:57:38,304] {scheduler_job.py:190} INFO - Processing /home/airflow/.local/lib/python3.6/site-packages/airflow/example_dags/example_branch_python_dop_operator_3.py took 18.916 seconds
[2023-07-18 18:59:00,310] {scheduler_job.py:182} INFO - Started process (PID=249) to work on /home/airflow/.local/lib/python3.6/site-packages/airflow/example_dags/example_branch_python_dop_operator_3.py
[2023-07-18 18:59:00,324] {scheduler_job.py:633} INFO - Processing file /home/airflow/.local/lib/python3.6/site-packages/airflow/example_dags/example_branch_python_dop_operator_3.py for tasks to queue
[2023-07-18 18:59:00,327] {logging_mixin.py:104} INFO - [2023-07-18 18:59:00,327] {dagbag.py:496} INFO - Filling up the DagBag from /home/airflow/.local/lib/python3.6/site-packages/airflow/example_dags/example_branch_python_dop_operator_3.py
[2023-07-18 18:59:00,447] {scheduler_job.py:643} INFO - DAG(s) dict_keys(['example_branch_dop_operator_v3']) retrieved from /home/airflow/.local/lib/python3.6/site-packages/airflow/example_dags/example_branch_python_dop_operator_3.py
[2023-07-18 18:59:00,514] {logging_mixin.py:104} INFO - [2023-07-18 18:59:00,513] {dag.py:1833} INFO - Sync 1 DAGs
[2023-07-18 18:59:00,619] {logging_mixin.py:104} INFO - [2023-07-18 18:59:00,619] {dag.py:2306} INFO - Setting next_dagrun for example_branch_dop_operator_v3 to 2023-07-16 00:00:00+00:00
[2023-07-18 18:59:00,643] {scheduler_job.py:190} INFO - Processing /home/airflow/.local/lib/python3.6/site-packages/airflow/example_dags/example_branch_python_dop_operator_3.py took 0.336 seconds
[2023-07-18 18:59:30,813] {scheduler_job.py:182} INFO - Started process (PID=300) to work on /home/airflow/.local/lib/python3.6/site-packages/airflow/example_dags/example_branch_python_dop_operator_3.py
[2023-07-18 18:59:30,815] {scheduler_job.py:633} INFO - Processing file /home/airflow/.local/lib/python3.6/site-packages/airflow/example_dags/example_branch_python_dop_operator_3.py for tasks to queue
[2023-07-18 18:59:30,816] {logging_mixin.py:104} INFO - [2023-07-18 18:59:30,816] {dagbag.py:496} INFO - Filling up the DagBag from /home/airflow/.local/lib/python3.6/site-packages/airflow/example_dags/example_branch_python_dop_operator_3.py
[2023-07-18 18:59:30,835] {scheduler_job.py:643} INFO - DAG(s) dict_keys(['example_branch_dop_operator_v3']) retrieved from /home/airflow/.local/lib/python3.6/site-packages/airflow/example_dags/example_branch_python_dop_operator_3.py
[2023-07-18 18:59:30,864] {logging_mixin.py:104} INFO - [2023-07-18 18:59:30,864] {dag.py:1833} INFO - Sync 1 DAGs
[2023-07-18 18:59:30,894] {logging_mixin.py:104} INFO - [2023-07-18 18:59:30,893] {dag.py:2306} INFO - Setting next_dagrun for example_branch_dop_operator_v3 to 2023-07-16 00:00:00+00:00
[2023-07-18 18:59:30,908] {scheduler_job.py:190} INFO - Processing /home/airflow/.local/lib/python3.6/site-packages/airflow/example_dags/example_branch_python_dop_operator_3.py took 0.101 seconds
[2023-07-18 19:00:02,316] {scheduler_job.py:182} INFO - Started process (PID=357) to work on /home/airflow/.local/lib/python3.6/site-packages/airflow/example_dags/example_branch_python_dop_operator_3.py
[2023-07-18 19:00:02,321] {scheduler_job.py:633} INFO - Processing file /home/airflow/.local/lib/python3.6/site-packages/airflow/example_dags/example_branch_python_dop_operator_3.py for tasks to queue
[2023-07-18 19:00:02,330] {logging_mixin.py:104} INFO - [2023-07-18 19:00:02,323] {dagbag.py:496} INFO - Filling up the DagBag from /home/airflow/.local/lib/python3.6/site-packages/airflow/example_dags/example_branch_python_dop_operator_3.py
[2023-07-18 19:00:02,386] {scheduler_job.py:643} INFO - DAG(s) dict_keys(['example_branch_dop_operator_v3']) retrieved from /home/airflow/.local/lib/python3.6/site-packages/airflow/example_dags/example_branch_python_dop_operator_3.py
[2023-07-18 19:00:02,477] {logging_mixin.py:104} INFO - [2023-07-18 19:00:02,477] {dag.py:1833} INFO - Sync 1 DAGs
[2023-07-18 19:00:02,571] {logging_mixin.py:104} INFO - [2023-07-18 19:00:02,571] {dag.py:2306} INFO - Setting next_dagrun for example_branch_dop_operator_v3 to 2023-07-16 00:00:00+00:00
[2023-07-18 19:00:02,611] {scheduler_job.py:190} INFO - Processing /home/airflow/.local/lib/python3.6/site-packages/airflow/example_dags/example_branch_python_dop_operator_3.py took 0.319 seconds
[2023-07-18 19:00:32,791] {scheduler_job.py:182} INFO - Started process (PID=409) to work on /home/airflow/.local/lib/python3.6/site-packages/airflow/example_dags/example_branch_python_dop_operator_3.py
[2023-07-18 19:00:32,798] {scheduler_job.py:633} INFO - Processing file /home/airflow/.local/lib/python3.6/site-packages/airflow/example_dags/example_branch_python_dop_operator_3.py for tasks to queue
[2023-07-18 19:00:32,800] {logging_mixin.py:104} INFO - [2023-07-18 19:00:32,800] {dagbag.py:496} INFO - Filling up the DagBag from /home/airflow/.local/lib/python3.6/site-packages/airflow/example_dags/example_branch_python_dop_operator_3.py
[2023-07-18 19:00:32,859] {scheduler_job.py:643} INFO - DAG(s) dict_keys(['example_branch_dop_operator_v3']) retrieved from /home/airflow/.local/lib/python3.6/site-packages/airflow/example_dags/example_branch_python_dop_operator_3.py
[2023-07-18 19:00:32,917] {logging_mixin.py:104} INFO - [2023-07-18 19:00:32,916] {dag.py:1833} INFO - Sync 1 DAGs
[2023-07-18 19:00:32,959] {logging_mixin.py:104} INFO - [2023-07-18 19:00:32,959] {dag.py:2306} INFO - Setting next_dagrun for example_branch_dop_operator_v3 to 2023-07-16 00:00:00+00:00
[2023-07-18 19:00:32,986] {scheduler_job.py:190} INFO - Processing /home/airflow/.local/lib/python3.6/site-packages/airflow/example_dags/example_branch_python_dop_operator_3.py took 0.200 seconds
[2023-07-18 19:01:03,821] {scheduler_job.py:182} INFO - Started process (PID=461) to work on /home/airflow/.local/lib/python3.6/site-packages/airflow/example_dags/example_branch_python_dop_operator_3.py
[2023-07-18 19:01:03,824] {scheduler_job.py:633} INFO - Processing file /home/airflow/.local/lib/python3.6/site-packages/airflow/example_dags/example_branch_python_dop_operator_3.py for tasks to queue
[2023-07-18 19:01:03,826] {logging_mixin.py:104} INFO - [2023-07-18 19:01:03,826] {dagbag.py:496} INFO - Filling up the DagBag from /home/airflow/.local/lib/python3.6/site-packages/airflow/example_dags/example_branch_python_dop_operator_3.py
[2023-07-18 19:01:03,856] {scheduler_job.py:643} INFO - DAG(s) dict_keys(['example_branch_dop_operator_v3']) retrieved from /home/airflow/.local/lib/python3.6/site-packages/airflow/example_dags/example_branch_python_dop_operator_3.py
[2023-07-18 19:01:03,894] {logging_mixin.py:104} INFO - [2023-07-18 19:01:03,893] {dag.py:1833} INFO - Sync 1 DAGs
[2023-07-18 19:01:03,944] {logging_mixin.py:104} INFO - [2023-07-18 19:01:03,944] {dag.py:2306} INFO - Setting next_dagrun for example_branch_dop_operator_v3 to 2023-07-16 00:00:00+00:00
[2023-07-18 19:01:03,964] {scheduler_job.py:190} INFO - Processing /home/airflow/.local/lib/python3.6/site-packages/airflow/example_dags/example_branch_python_dop_operator_3.py took 0.151 seconds
[2023-07-18 19:01:34,922] {scheduler_job.py:182} INFO - Started process (PID=512) to work on /home/airflow/.local/lib/python3.6/site-packages/airflow/example_dags/example_branch_python_dop_operator_3.py
[2023-07-18 19:01:34,927] {scheduler_job.py:633} INFO - Processing file /home/airflow/.local/lib/python3.6/site-packages/airflow/example_dags/example_branch_python_dop_operator_3.py for tasks to queue
[2023-07-18 19:01:34,934] {logging_mixin.py:104} INFO - [2023-07-18 19:01:34,934] {dagbag.py:496} INFO - Filling up the DagBag from /home/airflow/.local/lib/python3.6/site-packages/airflow/example_dags/example_branch_python_dop_operator_3.py
[2023-07-18 19:01:34,983] {scheduler_job.py:643} INFO - DAG(s) dict_keys(['example_branch_dop_operator_v3']) retrieved from /home/airflow/.local/lib/python3.6/site-packages/airflow/example_dags/example_branch_python_dop_operator_3.py
[2023-07-18 19:01:35,066] {logging_mixin.py:104} INFO - [2023-07-18 19:01:35,066] {dag.py:1833} INFO - Sync 1 DAGs
[2023-07-18 19:01:35,150] {logging_mixin.py:104} INFO - [2023-07-18 19:01:35,149] {dag.py:2306} INFO - Setting next_dagrun for example_branch_dop_operator_v3 to 2023-07-16 00:00:00+00:00
[2023-07-18 19:01:35,177] {scheduler_job.py:190} INFO - Processing /home/airflow/.local/lib/python3.6/site-packages/airflow/example_dags/example_branch_python_dop_operator_3.py took 0.264 seconds
[2023-07-18 19:02:05,258] {scheduler_job.py:182} INFO - Started process (PID=571) to work on /home/airflow/.local/lib/python3.6/site-packages/airflow/example_dags/example_branch_python_dop_operator_3.py
[2023-07-18 19:02:05,263] {scheduler_job.py:633} INFO - Processing file /home/airflow/.local/lib/python3.6/site-packages/airflow/example_dags/example_branch_python_dop_operator_3.py for tasks to queue
[2023-07-18 19:02:05,267] {logging_mixin.py:104} INFO - [2023-07-18 19:02:05,266] {dagbag.py:496} INFO - Filling up the DagBag from /home/airflow/.local/lib/python3.6/site-packages/airflow/example_dags/example_branch_python_dop_operator_3.py
[2023-07-18 19:02:05,306] {scheduler_job.py:643} INFO - DAG(s) dict_keys(['example_branch_dop_operator_v3']) retrieved from /home/airflow/.local/lib/python3.6/site-packages/airflow/example_dags/example_branch_python_dop_operator_3.py
[2023-07-18 19:02:05,341] {logging_mixin.py:104} INFO - [2023-07-18 19:02:05,341] {dag.py:1833} INFO - Sync 1 DAGs
[2023-07-18 19:02:05,380] {logging_mixin.py:104} INFO - [2023-07-18 19:02:05,380] {dag.py:2306} INFO - Setting next_dagrun for example_branch_dop_operator_v3 to 2023-07-16 00:00:00+00:00
[2023-07-18 19:02:05,419] {scheduler_job.py:190} INFO - Processing /home/airflow/.local/lib/python3.6/site-packages/airflow/example_dags/example_branch_python_dop_operator_3.py took 0.171 seconds
[2023-07-18 19:02:36,353] {scheduler_job.py:182} INFO - Started process (PID=624) to work on /home/airflow/.local/lib/python3.6/site-packages/airflow/example_dags/example_branch_python_dop_operator_3.py
[2023-07-18 19:02:36,362] {scheduler_job.py:633} INFO - Processing file /home/airflow/.local/lib/python3.6/site-packages/airflow/example_dags/example_branch_python_dop_operator_3.py for tasks to queue
[2023-07-18 19:02:36,365] {logging_mixin.py:104} INFO - [2023-07-18 19:02:36,365] {dagbag.py:496} INFO - Filling up the DagBag from /home/airflow/.local/lib/python3.6/site-packages/airflow/example_dags/example_branch_python_dop_operator_3.py
[2023-07-18 19:02:36,417] {scheduler_job.py:643} INFO - DAG(s) dict_keys(['example_branch_dop_operator_v3']) retrieved from /home/airflow/.local/lib/python3.6/site-packages/airflow/example_dags/example_branch_python_dop_operator_3.py
[2023-07-18 19:02:36,473] {logging_mixin.py:104} INFO - [2023-07-18 19:02:36,473] {dag.py:1833} INFO - Sync 1 DAGs
[2023-07-18 19:02:36,526] {logging_mixin.py:104} INFO - [2023-07-18 19:02:36,525] {dag.py:2306} INFO - Setting next_dagrun for example_branch_dop_operator_v3 to 2023-07-16 00:00:00+00:00
[2023-07-18 19:02:36,567] {scheduler_job.py:190} INFO - Processing /home/airflow/.local/lib/python3.6/site-packages/airflow/example_dags/example_branch_python_dop_operator_3.py took 0.220 seconds
[2023-07-18 19:03:06,737] {scheduler_job.py:182} INFO - Started process (PID=674) to work on /home/airflow/.local/lib/python3.6/site-packages/airflow/example_dags/example_branch_python_dop_operator_3.py
[2023-07-18 19:03:06,741] {scheduler_job.py:633} INFO - Processing file /home/airflow/.local/lib/python3.6/site-packages/airflow/example_dags/example_branch_python_dop_operator_3.py for tasks to queue
[2023-07-18 19:03:06,742] {logging_mixin.py:104} INFO - [2023-07-18 19:03:06,742] {dagbag.py:496} INFO - Filling up the DagBag from /home/airflow/.local/lib/python3.6/site-packages/airflow/example_dags/example_branch_python_dop_operator_3.py
[2023-07-18 19:03:06,768] {scheduler_job.py:643} INFO - DAG(s) dict_keys(['example_branch_dop_operator_v3']) retrieved from /home/airflow/.local/lib/python3.6/site-packages/airflow/example_dags/example_branch_python_dop_operator_3.py
[2023-07-18 19:03:06,799] {logging_mixin.py:104} INFO - [2023-07-18 19:03:06,798] {dag.py:1833} INFO - Sync 1 DAGs
[2023-07-18 19:03:06,831] {logging_mixin.py:104} INFO - [2023-07-18 19:03:06,831] {dag.py:2306} INFO - Setting next_dagrun for example_branch_dop_operator_v3 to 2023-07-16 00:00:00+00:00
[2023-07-18 19:03:06,847] {scheduler_job.py:190} INFO - Processing /home/airflow/.local/lib/python3.6/site-packages/airflow/example_dags/example_branch_python_dop_operator_3.py took 0.116 seconds
[2023-07-18 19:03:36,990] {scheduler_job.py:182} INFO - Started process (PID=725) to work on /home/airflow/.local/lib/python3.6/site-packages/airflow/example_dags/example_branch_python_dop_operator_3.py
[2023-07-18 19:03:36,994] {scheduler_job.py:633} INFO - Processing file /home/airflow/.local/lib/python3.6/site-packages/airflow/example_dags/example_branch_python_dop_operator_3.py for tasks to queue
[2023-07-18 19:03:36,996] {logging_mixin.py:104} INFO - [2023-07-18 19:03:36,996] {dagbag.py:496} INFO - Filling up the DagBag from /home/airflow/.local/lib/python3.6/site-packages/airflow/example_dags/example_branch_python_dop_operator_3.py
[2023-07-18 19:03:37,025] {scheduler_job.py:643} INFO - DAG(s) dict_keys(['example_branch_dop_operator_v3']) retrieved from /home/airflow/.local/lib/python3.6/site-packages/airflow/example_dags/example_branch_python_dop_operator_3.py
[2023-07-18 19:03:37,072] {logging_mixin.py:104} INFO - [2023-07-18 19:03:37,072] {dag.py:1833} INFO - Sync 1 DAGs
[2023-07-18 19:03:37,110] {logging_mixin.py:104} INFO - [2023-07-18 19:03:37,110] {dag.py:2306} INFO - Setting next_dagrun for example_branch_dop_operator_v3 to 2023-07-16 00:00:00+00:00
[2023-07-18 19:03:37,125] {scheduler_job.py:190} INFO - Processing /home/airflow/.local/lib/python3.6/site-packages/airflow/example_dags/example_branch_python_dop_operator_3.py took 0.145 seconds
[2023-07-18 19:04:07,705] {scheduler_job.py:182} INFO - Started process (PID=781) to work on /home/airflow/.local/lib/python3.6/site-packages/airflow/example_dags/example_branch_python_dop_operator_3.py
[2023-07-18 19:04:07,719] {scheduler_job.py:633} INFO - Processing file /home/airflow/.local/lib/python3.6/site-packages/airflow/example_dags/example_branch_python_dop_operator_3.py for tasks to queue
[2023-07-18 19:04:07,753] {logging_mixin.py:104} INFO - [2023-07-18 19:04:07,753] {dagbag.py:496} INFO - Filling up the DagBag from /home/airflow/.local/lib/python3.6/site-packages/airflow/example_dags/example_branch_python_dop_operator_3.py
[2023-07-18 19:04:07,870] {scheduler_job.py:643} INFO - DAG(s) dict_keys(['example_branch_dop_operator_v3']) retrieved from /home/airflow/.local/lib/python3.6/site-packages/airflow/example_dags/example_branch_python_dop_operator_3.py
[2023-07-18 19:04:07,955] {logging_mixin.py:104} INFO - [2023-07-18 19:04:07,955] {dag.py:1833} INFO - Sync 1 DAGs
[2023-07-18 19:04:08,014] {logging_mixin.py:104} INFO - [2023-07-18 19:04:08,014] {dag.py:2306} INFO - Setting next_dagrun for example_branch_dop_operator_v3 to 2023-07-16 00:00:00+00:00
[2023-07-18 19:04:08,058] {scheduler_job.py:190} INFO - Processing /home/airflow/.local/lib/python3.6/site-packages/airflow/example_dags/example_branch_python_dop_operator_3.py took 0.388 seconds
[2023-07-18 19:04:39,154] {scheduler_job.py:182} INFO - Started process (PID=834) to work on /home/airflow/.local/lib/python3.6/site-packages/airflow/example_dags/example_branch_python_dop_operator_3.py
[2023-07-18 19:04:39,165] {scheduler_job.py:633} INFO - Processing file /home/airflow/.local/lib/python3.6/site-packages/airflow/example_dags/example_branch_python_dop_operator_3.py for tasks to queue
[2023-07-18 19:04:39,172] {logging_mixin.py:104} INFO - [2023-07-18 19:04:39,171] {dagbag.py:496} INFO - Filling up the DagBag from /home/airflow/.local/lib/python3.6/site-packages/airflow/example_dags/example_branch_python_dop_operator_3.py
[2023-07-18 19:04:39,293] {scheduler_job.py:643} INFO - DAG(s) dict_keys(['example_branch_dop_operator_v3']) retrieved from /home/airflow/.local/lib/python3.6/site-packages/airflow/example_dags/example_branch_python_dop_operator_3.py
[2023-07-18 19:04:39,496] {logging_mixin.py:104} INFO - [2023-07-18 19:04:39,496] {dag.py:1833} INFO - Sync 1 DAGs
[2023-07-18 19:04:39,822] {logging_mixin.py:104} INFO - [2023-07-18 19:04:39,702] {dag.py:2306} INFO - Setting next_dagrun for example_branch_dop_operator_v3 to 2023-07-16 00:00:00+00:00
[2023-07-18 19:04:39,933] {scheduler_job.py:190} INFO - Processing /home/airflow/.local/lib/python3.6/site-packages/airflow/example_dags/example_branch_python_dop_operator_3.py took 0.791 seconds
[2023-07-18 19:05:10,673] {scheduler_job.py:182} INFO - Started process (PID=876) to work on /home/airflow/.local/lib/python3.6/site-packages/airflow/example_dags/example_branch_python_dop_operator_3.py
[2023-07-18 19:05:10,676] {scheduler_job.py:633} INFO - Processing file /home/airflow/.local/lib/python3.6/site-packages/airflow/example_dags/example_branch_python_dop_operator_3.py for tasks to queue
[2023-07-18 19:05:10,680] {logging_mixin.py:104} INFO - [2023-07-18 19:05:10,680] {dagbag.py:496} INFO - Filling up the DagBag from /home/airflow/.local/lib/python3.6/site-packages/airflow/example_dags/example_branch_python_dop_operator_3.py
[2023-07-18 19:05:10,726] {scheduler_job.py:643} INFO - DAG(s) dict_keys(['example_branch_dop_operator_v3']) retrieved from /home/airflow/.local/lib/python3.6/site-packages/airflow/example_dags/example_branch_python_dop_operator_3.py
[2023-07-18 19:05:10,777] {logging_mixin.py:104} INFO - [2023-07-18 19:05:10,777] {dag.py:1833} INFO - Sync 1 DAGs
[2023-07-18 19:05:10,848] {logging_mixin.py:104} INFO - [2023-07-18 19:05:10,848] {dag.py:2306} INFO - Setting next_dagrun for example_branch_dop_operator_v3 to 2023-07-16 00:00:00+00:00
[2023-07-18 19:05:10,878] {scheduler_job.py:190} INFO - Processing /home/airflow/.local/lib/python3.6/site-packages/airflow/example_dags/example_branch_python_dop_operator_3.py took 0.214 seconds
[2023-07-18 19:05:41,678] {scheduler_job.py:182} INFO - Started process (PID=928) to work on /home/airflow/.local/lib/python3.6/site-packages/airflow/example_dags/example_branch_python_dop_operator_3.py
[2023-07-18 19:05:41,686] {scheduler_job.py:633} INFO - Processing file /home/airflow/.local/lib/python3.6/site-packages/airflow/example_dags/example_branch_python_dop_operator_3.py for tasks to queue
[2023-07-18 19:05:41,695] {logging_mixin.py:104} INFO - [2023-07-18 19:05:41,693] {dagbag.py:496} INFO - Filling up the DagBag from /home/airflow/.local/lib/python3.6/site-packages/airflow/example_dags/example_branch_python_dop_operator_3.py
[2023-07-18 19:05:41,757] {scheduler_job.py:643} INFO - DAG(s) dict_keys(['example_branch_dop_operator_v3']) retrieved from /home/airflow/.local/lib/python3.6/site-packages/airflow/example_dags/example_branch_python_dop_operator_3.py
[2023-07-18 19:05:41,835] {logging_mixin.py:104} INFO - [2023-07-18 19:05:41,834] {dag.py:1833} INFO - Sync 1 DAGs
[2023-07-18 19:05:41,915] {logging_mixin.py:104} INFO - [2023-07-18 19:05:41,915] {dag.py:2306} INFO - Setting next_dagrun for example_branch_dop_operator_v3 to 2023-07-16 00:00:00+00:00
[2023-07-18 19:05:41,943] {scheduler_job.py:190} INFO - Processing /home/airflow/.local/lib/python3.6/site-packages/airflow/example_dags/example_branch_python_dop_operator_3.py took 0.277 seconds
[2023-07-18 19:06:12,376] {scheduler_job.py:182} INFO - Started process (PID=978) to work on /home/airflow/.local/lib/python3.6/site-packages/airflow/example_dags/example_branch_python_dop_operator_3.py
[2023-07-18 19:06:12,390] {scheduler_job.py:633} INFO - Processing file /home/airflow/.local/lib/python3.6/site-packages/airflow/example_dags/example_branch_python_dop_operator_3.py for tasks to queue
[2023-07-18 19:06:12,408] {logging_mixin.py:104} INFO - [2023-07-18 19:06:12,408] {dagbag.py:496} INFO - Filling up the DagBag from /home/airflow/.local/lib/python3.6/site-packages/airflow/example_dags/example_branch_python_dop_operator_3.py
[2023-07-18 19:06:12,521] {scheduler_job.py:643} INFO - DAG(s) dict_keys(['example_branch_dop_operator_v3']) retrieved from /home/airflow/.local/lib/python3.6/site-packages/airflow/example_dags/example_branch_python_dop_operator_3.py
[2023-07-18 19:06:12,556] {logging_mixin.py:104} INFO - [2023-07-18 19:06:12,556] {dag.py:1833} INFO - Sync 1 DAGs
[2023-07-18 19:06:12,612] {logging_mixin.py:104} INFO - [2023-07-18 19:06:12,609] {dag.py:2306} INFO - Setting next_dagrun for example_branch_dop_operator_v3 to 2023-07-16 00:00:00+00:00
[2023-07-18 19:06:12,645] {scheduler_job.py:190} INFO - Processing /home/airflow/.local/lib/python3.6/site-packages/airflow/example_dags/example_branch_python_dop_operator_3.py took 0.304 seconds
[2023-07-18 19:06:43,331] {scheduler_job.py:182} INFO - Started process (PID=1029) to work on /home/airflow/.local/lib/python3.6/site-packages/airflow/example_dags/example_branch_python_dop_operator_3.py
[2023-07-18 19:06:43,334] {scheduler_job.py:633} INFO - Processing file /home/airflow/.local/lib/python3.6/site-packages/airflow/example_dags/example_branch_python_dop_operator_3.py for tasks to queue
[2023-07-18 19:06:43,339] {logging_mixin.py:104} INFO - [2023-07-18 19:06:43,337] {dagbag.py:496} INFO - Filling up the DagBag from /home/airflow/.local/lib/python3.6/site-packages/airflow/example_dags/example_branch_python_dop_operator_3.py
[2023-07-18 19:06:43,373] {scheduler_job.py:643} INFO - DAG(s) dict_keys(['example_branch_dop_operator_v3']) retrieved from /home/airflow/.local/lib/python3.6/site-packages/airflow/example_dags/example_branch_python_dop_operator_3.py
[2023-07-18 19:06:43,417] {logging_mixin.py:104} INFO - [2023-07-18 19:06:43,417] {dag.py:1833} INFO - Sync 1 DAGs
[2023-07-18 19:06:43,474] {logging_mixin.py:104} INFO - [2023-07-18 19:06:43,474] {dag.py:2306} INFO - Setting next_dagrun for example_branch_dop_operator_v3 to 2023-07-16 00:00:00+00:00
[2023-07-18 19:06:43,513] {scheduler_job.py:190} INFO - Processing /home/airflow/.local/lib/python3.6/site-packages/airflow/example_dags/example_branch_python_dop_operator_3.py took 0.187 seconds
[2023-07-18 19:07:14,354] {scheduler_job.py:182} INFO - Started process (PID=1079) to work on /home/airflow/.local/lib/python3.6/site-packages/airflow/example_dags/example_branch_python_dop_operator_3.py
[2023-07-18 19:07:14,360] {scheduler_job.py:633} INFO - Processing file /home/airflow/.local/lib/python3.6/site-packages/airflow/example_dags/example_branch_python_dop_operator_3.py for tasks to queue
[2023-07-18 19:07:14,364] {logging_mixin.py:104} INFO - [2023-07-18 19:07:14,364] {dagbag.py:496} INFO - Filling up the DagBag from /home/airflow/.local/lib/python3.6/site-packages/airflow/example_dags/example_branch_python_dop_operator_3.py
[2023-07-18 19:07:14,401] {scheduler_job.py:643} INFO - DAG(s) dict_keys(['example_branch_dop_operator_v3']) retrieved from /home/airflow/.local/lib/python3.6/site-packages/airflow/example_dags/example_branch_python_dop_operator_3.py
[2023-07-18 19:07:14,441] {logging_mixin.py:104} INFO - [2023-07-18 19:07:14,441] {dag.py:1833} INFO - Sync 1 DAGs
[2023-07-18 19:07:14,479] {logging_mixin.py:104} INFO - [2023-07-18 19:07:14,479] {dag.py:2306} INFO - Setting next_dagrun for example_branch_dop_operator_v3 to 2023-07-16 00:00:00+00:00
[2023-07-18 19:07:14,496] {scheduler_job.py:190} INFO - Processing /home/airflow/.local/lib/python3.6/site-packages/airflow/example_dags/example_branch_python_dop_operator_3.py took 0.166 seconds
[2023-07-18 19:07:44,845] {scheduler_job.py:182} INFO - Started process (PID=1130) to work on /home/airflow/.local/lib/python3.6/site-packages/airflow/example_dags/example_branch_python_dop_operator_3.py
[2023-07-18 19:07:44,857] {scheduler_job.py:633} INFO - Processing file /home/airflow/.local/lib/python3.6/site-packages/airflow/example_dags/example_branch_python_dop_operator_3.py for tasks to queue
[2023-07-18 19:07:44,860] {logging_mixin.py:104} INFO - [2023-07-18 19:07:44,859] {dagbag.py:496} INFO - Filling up the DagBag from /home/airflow/.local/lib/python3.6/site-packages/airflow/example_dags/example_branch_python_dop_operator_3.py
[2023-07-18 19:07:44,896] {scheduler_job.py:643} INFO - DAG(s) dict_keys(['example_branch_dop_operator_v3']) retrieved from /home/airflow/.local/lib/python3.6/site-packages/airflow/example_dags/example_branch_python_dop_operator_3.py
[2023-07-18 19:07:44,924] {logging_mixin.py:104} INFO - [2023-07-18 19:07:44,924] {dag.py:1833} INFO - Sync 1 DAGs
[2023-07-18 19:07:44,967] {logging_mixin.py:104} INFO - [2023-07-18 19:07:44,967] {dag.py:2306} INFO - Setting next_dagrun for example_branch_dop_operator_v3 to 2023-07-16 00:00:00+00:00
[2023-07-18 19:07:44,981] {scheduler_job.py:190} INFO - Processing /home/airflow/.local/lib/python3.6/site-packages/airflow/example_dags/example_branch_python_dop_operator_3.py took 0.154 seconds
[2023-07-18 19:08:15,881] {scheduler_job.py:182} INFO - Started process (PID=1191) to work on /home/airflow/.local/lib/python3.6/site-packages/airflow/example_dags/example_branch_python_dop_operator_3.py
[2023-07-18 19:08:15,890] {scheduler_job.py:633} INFO - Processing file /home/airflow/.local/lib/python3.6/site-packages/airflow/example_dags/example_branch_python_dop_operator_3.py for tasks to queue
[2023-07-18 19:08:15,893] {logging_mixin.py:104} INFO - [2023-07-18 19:08:15,893] {dagbag.py:496} INFO - Filling up the DagBag from /home/airflow/.local/lib/python3.6/site-packages/airflow/example_dags/example_branch_python_dop_operator_3.py
[2023-07-18 19:08:15,953] {scheduler_job.py:643} INFO - DAG(s) dict_keys(['example_branch_dop_operator_v3']) retrieved from /home/airflow/.local/lib/python3.6/site-packages/airflow/example_dags/example_branch_python_dop_operator_3.py
[2023-07-18 19:08:16,046] {logging_mixin.py:104} INFO - [2023-07-18 19:08:16,045] {dag.py:1833} INFO - Sync 1 DAGs
[2023-07-18 19:08:16,118] {logging_mixin.py:104} INFO - [2023-07-18 19:08:16,118] {dag.py:2306} INFO - Setting next_dagrun for example_branch_dop_operator_v3 to 2023-07-16 00:00:00+00:00
[2023-07-18 19:08:16,144] {scheduler_job.py:190} INFO - Processing /home/airflow/.local/lib/python3.6/site-packages/airflow/example_dags/example_branch_python_dop_operator_3.py took 0.271 seconds
