[2023-07-18 18:58:50,763] {scheduler_job.py:182} INFO - Started process (PID=225) to work on /home/airflow/.local/lib/python3.6/site-packages/airflow/example_dags/example_python_operator.py
[2023-07-18 18:58:50,765] {scheduler_job.py:633} INFO - Processing file /home/airflow/.local/lib/python3.6/site-packages/airflow/example_dags/example_python_operator.py for tasks to queue
[2023-07-18 18:58:50,767] {logging_mixin.py:104} INFO - [2023-07-18 18:58:50,767] {dagbag.py:496} INFO - Filling up the DagBag from /home/airflow/.local/lib/python3.6/site-packages/airflow/example_dags/example_python_operator.py
[2023-07-18 18:58:50,792] {scheduler_job.py:643} INFO - DAG(s) dict_keys(['example_python_operator']) retrieved from /home/airflow/.local/lib/python3.6/site-packages/airflow/example_dags/example_python_operator.py
[2023-07-18 18:58:57,041] {logging_mixin.py:104} INFO - [2023-07-18 18:58:57,040] {dag.py:1833} INFO - Sync 1 DAGs
[2023-07-18 18:58:57,077] {logging_mixin.py:104} INFO - [2023-07-18 18:58:57,075] {dag.py:1852} INFO - Creating ORM DAG for example_python_operator
[2023-07-18 18:58:57,102] {logging_mixin.py:104} INFO - [2023-07-18 18:58:57,102] {dag.py:2306} INFO - Setting next_dagrun for example_python_operator to None
[2023-07-18 18:58:57,171] {scheduler_job.py:190} INFO - Processing /home/airflow/.local/lib/python3.6/site-packages/airflow/example_dags/example_python_operator.py took 6.413 seconds
[2023-07-18 18:59:27,766] {scheduler_job.py:182} INFO - Started process (PID=290) to work on /home/airflow/.local/lib/python3.6/site-packages/airflow/example_dags/example_python_operator.py
[2023-07-18 18:59:27,769] {scheduler_job.py:633} INFO - Processing file /home/airflow/.local/lib/python3.6/site-packages/airflow/example_dags/example_python_operator.py for tasks to queue
[2023-07-18 18:59:27,771] {logging_mixin.py:104} INFO - [2023-07-18 18:59:27,771] {dagbag.py:496} INFO - Filling up the DagBag from /home/airflow/.local/lib/python3.6/site-packages/airflow/example_dags/example_python_operator.py
[2023-07-18 18:59:27,797] {scheduler_job.py:643} INFO - DAG(s) dict_keys(['example_python_operator']) retrieved from /home/airflow/.local/lib/python3.6/site-packages/airflow/example_dags/example_python_operator.py
[2023-07-18 18:59:27,847] {logging_mixin.py:104} INFO - [2023-07-18 18:59:27,847] {dag.py:1833} INFO - Sync 1 DAGs
[2023-07-18 18:59:27,875] {logging_mixin.py:104} INFO - [2023-07-18 18:59:27,875] {dag.py:2306} INFO - Setting next_dagrun for example_python_operator to None
[2023-07-18 18:59:27,891] {scheduler_job.py:190} INFO - Processing /home/airflow/.local/lib/python3.6/site-packages/airflow/example_dags/example_python_operator.py took 0.130 seconds
[2023-07-18 18:59:58,018] {scheduler_job.py:182} INFO - Started process (PID=340) to work on /home/airflow/.local/lib/python3.6/site-packages/airflow/example_dags/example_python_operator.py
[2023-07-18 18:59:58,022] {scheduler_job.py:633} INFO - Processing file /home/airflow/.local/lib/python3.6/site-packages/airflow/example_dags/example_python_operator.py for tasks to queue
[2023-07-18 18:59:58,024] {logging_mixin.py:104} INFO - [2023-07-18 18:59:58,024] {dagbag.py:496} INFO - Filling up the DagBag from /home/airflow/.local/lib/python3.6/site-packages/airflow/example_dags/example_python_operator.py
[2023-07-18 18:59:58,072] {scheduler_job.py:643} INFO - DAG(s) dict_keys(['example_python_operator']) retrieved from /home/airflow/.local/lib/python3.6/site-packages/airflow/example_dags/example_python_operator.py
[2023-07-18 18:59:58,101] {logging_mixin.py:104} INFO - [2023-07-18 18:59:58,101] {dag.py:1833} INFO - Sync 1 DAGs
[2023-07-18 18:59:58,123] {logging_mixin.py:104} INFO - [2023-07-18 18:59:58,123] {dag.py:2306} INFO - Setting next_dagrun for example_python_operator to None
[2023-07-18 18:59:58,139] {scheduler_job.py:190} INFO - Processing /home/airflow/.local/lib/python3.6/site-packages/airflow/example_dags/example_python_operator.py took 0.133 seconds
[2023-07-18 19:00:28,168] {scheduler_job.py:182} INFO - Started process (PID=390) to work on /home/airflow/.local/lib/python3.6/site-packages/airflow/example_dags/example_python_operator.py
[2023-07-18 19:00:28,172] {scheduler_job.py:633} INFO - Processing file /home/airflow/.local/lib/python3.6/site-packages/airflow/example_dags/example_python_operator.py for tasks to queue
[2023-07-18 19:00:28,175] {logging_mixin.py:104} INFO - [2023-07-18 19:00:28,175] {dagbag.py:496} INFO - Filling up the DagBag from /home/airflow/.local/lib/python3.6/site-packages/airflow/example_dags/example_python_operator.py
[2023-07-18 19:00:28,219] {scheduler_job.py:643} INFO - DAG(s) dict_keys(['example_python_operator']) retrieved from /home/airflow/.local/lib/python3.6/site-packages/airflow/example_dags/example_python_operator.py
[2023-07-18 19:00:28,252] {logging_mixin.py:104} INFO - [2023-07-18 19:00:28,251] {dag.py:1833} INFO - Sync 1 DAGs
[2023-07-18 19:00:28,276] {logging_mixin.py:104} INFO - [2023-07-18 19:00:28,276] {dag.py:2306} INFO - Setting next_dagrun for example_python_operator to None
[2023-07-18 19:00:28,292] {scheduler_job.py:190} INFO - Processing /home/airflow/.local/lib/python3.6/site-packages/airflow/example_dags/example_python_operator.py took 0.130 seconds
[2023-07-18 19:00:58,639] {scheduler_job.py:182} INFO - Started process (PID=448) to work on /home/airflow/.local/lib/python3.6/site-packages/airflow/example_dags/example_python_operator.py
[2023-07-18 19:00:58,645] {scheduler_job.py:633} INFO - Processing file /home/airflow/.local/lib/python3.6/site-packages/airflow/example_dags/example_python_operator.py for tasks to queue
[2023-07-18 19:00:58,649] {logging_mixin.py:104} INFO - [2023-07-18 19:00:58,649] {dagbag.py:496} INFO - Filling up the DagBag from /home/airflow/.local/lib/python3.6/site-packages/airflow/example_dags/example_python_operator.py
[2023-07-18 19:00:58,726] {scheduler_job.py:643} INFO - DAG(s) dict_keys(['example_python_operator']) retrieved from /home/airflow/.local/lib/python3.6/site-packages/airflow/example_dags/example_python_operator.py
[2023-07-18 19:00:58,806] {logging_mixin.py:104} INFO - [2023-07-18 19:00:58,803] {dag.py:1833} INFO - Sync 1 DAGs
[2023-07-18 19:00:58,868] {logging_mixin.py:104} INFO - [2023-07-18 19:00:58,868] {dag.py:2306} INFO - Setting next_dagrun for example_python_operator to None
[2023-07-18 19:00:58,908] {scheduler_job.py:190} INFO - Processing /home/airflow/.local/lib/python3.6/site-packages/airflow/example_dags/example_python_operator.py took 0.283 seconds
[2023-07-18 19:01:29,818] {scheduler_job.py:182} INFO - Started process (PID=503) to work on /home/airflow/.local/lib/python3.6/site-packages/airflow/example_dags/example_python_operator.py
[2023-07-18 19:01:29,822] {scheduler_job.py:633} INFO - Processing file /home/airflow/.local/lib/python3.6/site-packages/airflow/example_dags/example_python_operator.py for tasks to queue
[2023-07-18 19:01:29,824] {logging_mixin.py:104} INFO - [2023-07-18 19:01:29,823] {dagbag.py:496} INFO - Filling up the DagBag from /home/airflow/.local/lib/python3.6/site-packages/airflow/example_dags/example_python_operator.py
[2023-07-18 19:01:29,842] {scheduler_job.py:643} INFO - DAG(s) dict_keys(['example_python_operator']) retrieved from /home/airflow/.local/lib/python3.6/site-packages/airflow/example_dags/example_python_operator.py
[2023-07-18 19:01:29,869] {logging_mixin.py:104} INFO - [2023-07-18 19:01:29,869] {dag.py:1833} INFO - Sync 1 DAGs
[2023-07-18 19:01:29,892] {logging_mixin.py:104} INFO - [2023-07-18 19:01:29,892] {dag.py:2306} INFO - Setting next_dagrun for example_python_operator to None
[2023-07-18 19:01:29,908] {scheduler_job.py:190} INFO - Processing /home/airflow/.local/lib/python3.6/site-packages/airflow/example_dags/example_python_operator.py took 0.094 seconds
[2023-07-18 19:02:00,655] {scheduler_job.py:182} INFO - Started process (PID=554) to work on /home/airflow/.local/lib/python3.6/site-packages/airflow/example_dags/example_python_operator.py
[2023-07-18 19:02:00,661] {scheduler_job.py:633} INFO - Processing file /home/airflow/.local/lib/python3.6/site-packages/airflow/example_dags/example_python_operator.py for tasks to queue
[2023-07-18 19:02:00,663] {logging_mixin.py:104} INFO - [2023-07-18 19:02:00,663] {dagbag.py:496} INFO - Filling up the DagBag from /home/airflow/.local/lib/python3.6/site-packages/airflow/example_dags/example_python_operator.py
[2023-07-18 19:02:00,698] {scheduler_job.py:643} INFO - DAG(s) dict_keys(['example_python_operator']) retrieved from /home/airflow/.local/lib/python3.6/site-packages/airflow/example_dags/example_python_operator.py
[2023-07-18 19:02:00,766] {logging_mixin.py:104} INFO - [2023-07-18 19:02:00,766] {dag.py:1833} INFO - Sync 1 DAGs
[2023-07-18 19:02:00,886] {logging_mixin.py:104} INFO - [2023-07-18 19:02:00,886] {dag.py:2306} INFO - Setting next_dagrun for example_python_operator to None
[2023-07-18 19:02:00,914] {scheduler_job.py:190} INFO - Processing /home/airflow/.local/lib/python3.6/site-packages/airflow/example_dags/example_python_operator.py took 0.268 seconds
[2023-07-18 19:02:31,442] {scheduler_job.py:182} INFO - Started process (PID=605) to work on /home/airflow/.local/lib/python3.6/site-packages/airflow/example_dags/example_python_operator.py
[2023-07-18 19:02:31,446] {scheduler_job.py:633} INFO - Processing file /home/airflow/.local/lib/python3.6/site-packages/airflow/example_dags/example_python_operator.py for tasks to queue
[2023-07-18 19:02:31,448] {logging_mixin.py:104} INFO - [2023-07-18 19:02:31,448] {dagbag.py:496} INFO - Filling up the DagBag from /home/airflow/.local/lib/python3.6/site-packages/airflow/example_dags/example_python_operator.py
[2023-07-18 19:02:31,468] {scheduler_job.py:643} INFO - DAG(s) dict_keys(['example_python_operator']) retrieved from /home/airflow/.local/lib/python3.6/site-packages/airflow/example_dags/example_python_operator.py
[2023-07-18 19:02:31,495] {logging_mixin.py:104} INFO - [2023-07-18 19:02:31,495] {dag.py:1833} INFO - Sync 1 DAGs
[2023-07-18 19:02:31,515] {logging_mixin.py:104} INFO - [2023-07-18 19:02:31,515] {dag.py:2306} INFO - Setting next_dagrun for example_python_operator to None
[2023-07-18 19:02:31,534] {scheduler_job.py:190} INFO - Processing /home/airflow/.local/lib/python3.6/site-packages/airflow/example_dags/example_python_operator.py took 0.105 seconds
[2023-07-18 19:03:01,743] {scheduler_job.py:182} INFO - Started process (PID=656) to work on /home/airflow/.local/lib/python3.6/site-packages/airflow/example_dags/example_python_operator.py
[2023-07-18 19:03:01,746] {scheduler_job.py:633} INFO - Processing file /home/airflow/.local/lib/python3.6/site-packages/airflow/example_dags/example_python_operator.py for tasks to queue
[2023-07-18 19:03:01,749] {logging_mixin.py:104} INFO - [2023-07-18 19:03:01,748] {dagbag.py:496} INFO - Filling up the DagBag from /home/airflow/.local/lib/python3.6/site-packages/airflow/example_dags/example_python_operator.py
[2023-07-18 19:03:01,802] {scheduler_job.py:643} INFO - DAG(s) dict_keys(['example_python_operator']) retrieved from /home/airflow/.local/lib/python3.6/site-packages/airflow/example_dags/example_python_operator.py
[2023-07-18 19:03:01,879] {logging_mixin.py:104} INFO - [2023-07-18 19:03:01,878] {dag.py:1833} INFO - Sync 1 DAGs
[2023-07-18 19:03:01,917] {logging_mixin.py:104} INFO - [2023-07-18 19:03:01,917] {dag.py:2306} INFO - Setting next_dagrun for example_python_operator to None
[2023-07-18 19:03:01,952] {scheduler_job.py:190} INFO - Processing /home/airflow/.local/lib/python3.6/site-packages/airflow/example_dags/example_python_operator.py took 0.221 seconds
[2023-07-18 19:03:32,201] {scheduler_job.py:182} INFO - Started process (PID=717) to work on /home/airflow/.local/lib/python3.6/site-packages/airflow/example_dags/example_python_operator.py
[2023-07-18 19:03:32,205] {scheduler_job.py:633} INFO - Processing file /home/airflow/.local/lib/python3.6/site-packages/airflow/example_dags/example_python_operator.py for tasks to queue
[2023-07-18 19:03:32,206] {logging_mixin.py:104} INFO - [2023-07-18 19:03:32,206] {dagbag.py:496} INFO - Filling up the DagBag from /home/airflow/.local/lib/python3.6/site-packages/airflow/example_dags/example_python_operator.py
[2023-07-18 19:03:32,229] {scheduler_job.py:643} INFO - DAG(s) dict_keys(['example_python_operator']) retrieved from /home/airflow/.local/lib/python3.6/site-packages/airflow/example_dags/example_python_operator.py
[2023-07-18 19:03:32,266] {logging_mixin.py:104} INFO - [2023-07-18 19:03:32,266] {dag.py:1833} INFO - Sync 1 DAGs
[2023-07-18 19:03:32,290] {logging_mixin.py:104} INFO - [2023-07-18 19:03:32,290] {dag.py:2306} INFO - Setting next_dagrun for example_python_operator to None
[2023-07-18 19:03:32,307] {scheduler_job.py:190} INFO - Processing /home/airflow/.local/lib/python3.6/site-packages/airflow/example_dags/example_python_operator.py took 0.111 seconds
[2023-07-18 19:04:02,428] {scheduler_job.py:182} INFO - Started process (PID=766) to work on /home/airflow/.local/lib/python3.6/site-packages/airflow/example_dags/example_python_operator.py
[2023-07-18 19:04:02,432] {scheduler_job.py:633} INFO - Processing file /home/airflow/.local/lib/python3.6/site-packages/airflow/example_dags/example_python_operator.py for tasks to queue
[2023-07-18 19:04:02,434] {logging_mixin.py:104} INFO - [2023-07-18 19:04:02,433] {dagbag.py:496} INFO - Filling up the DagBag from /home/airflow/.local/lib/python3.6/site-packages/airflow/example_dags/example_python_operator.py
[2023-07-18 19:04:02,456] {scheduler_job.py:643} INFO - DAG(s) dict_keys(['example_python_operator']) retrieved from /home/airflow/.local/lib/python3.6/site-packages/airflow/example_dags/example_python_operator.py
[2023-07-18 19:04:02,484] {logging_mixin.py:104} INFO - [2023-07-18 19:04:02,484] {dag.py:1833} INFO - Sync 1 DAGs
[2023-07-18 19:04:02,505] {logging_mixin.py:104} INFO - [2023-07-18 19:04:02,505] {dag.py:2306} INFO - Setting next_dagrun for example_python_operator to None
[2023-07-18 19:04:02,523] {scheduler_job.py:190} INFO - Processing /home/airflow/.local/lib/python3.6/site-packages/airflow/example_dags/example_python_operator.py took 0.106 seconds
[2023-07-18 19:04:33,415] {scheduler_job.py:182} INFO - Started process (PID=817) to work on /home/airflow/.local/lib/python3.6/site-packages/airflow/example_dags/example_python_operator.py
[2023-07-18 19:04:33,417] {scheduler_job.py:633} INFO - Processing file /home/airflow/.local/lib/python3.6/site-packages/airflow/example_dags/example_python_operator.py for tasks to queue
[2023-07-18 19:04:33,419] {logging_mixin.py:104} INFO - [2023-07-18 19:04:33,419] {dagbag.py:496} INFO - Filling up the DagBag from /home/airflow/.local/lib/python3.6/site-packages/airflow/example_dags/example_python_operator.py
[2023-07-18 19:04:33,442] {scheduler_job.py:643} INFO - DAG(s) dict_keys(['example_python_operator']) retrieved from /home/airflow/.local/lib/python3.6/site-packages/airflow/example_dags/example_python_operator.py
[2023-07-18 19:04:33,474] {logging_mixin.py:104} INFO - [2023-07-18 19:04:33,474] {dag.py:1833} INFO - Sync 1 DAGs
[2023-07-18 19:04:33,512] {logging_mixin.py:104} INFO - [2023-07-18 19:04:33,512] {dag.py:2306} INFO - Setting next_dagrun for example_python_operator to None
[2023-07-18 19:04:33,536] {scheduler_job.py:190} INFO - Processing /home/airflow/.local/lib/python3.6/site-packages/airflow/example_dags/example_python_operator.py took 0.126 seconds
[2023-07-18 19:05:03,655] {scheduler_job.py:182} INFO - Started process (PID=868) to work on /home/airflow/.local/lib/python3.6/site-packages/airflow/example_dags/example_python_operator.py
[2023-07-18 19:05:03,658] {scheduler_job.py:633} INFO - Processing file /home/airflow/.local/lib/python3.6/site-packages/airflow/example_dags/example_python_operator.py for tasks to queue
[2023-07-18 19:05:03,660] {logging_mixin.py:104} INFO - [2023-07-18 19:05:03,660] {dagbag.py:496} INFO - Filling up the DagBag from /home/airflow/.local/lib/python3.6/site-packages/airflow/example_dags/example_python_operator.py
[2023-07-18 19:05:03,687] {scheduler_job.py:643} INFO - DAG(s) dict_keys(['example_python_operator']) retrieved from /home/airflow/.local/lib/python3.6/site-packages/airflow/example_dags/example_python_operator.py
[2023-07-18 19:05:03,725] {logging_mixin.py:104} INFO - [2023-07-18 19:05:03,725] {dag.py:1833} INFO - Sync 1 DAGs
[2023-07-18 19:05:03,775] {logging_mixin.py:104} INFO - [2023-07-18 19:05:03,775] {dag.py:2306} INFO - Setting next_dagrun for example_python_operator to None
[2023-07-18 19:05:03,808] {scheduler_job.py:190} INFO - Processing /home/airflow/.local/lib/python3.6/site-packages/airflow/example_dags/example_python_operator.py took 0.161 seconds
[2023-07-18 19:05:33,930] {scheduler_job.py:182} INFO - Started process (PID=920) to work on /home/airflow/.local/lib/python3.6/site-packages/airflow/example_dags/example_python_operator.py
[2023-07-18 19:05:33,933] {scheduler_job.py:633} INFO - Processing file /home/airflow/.local/lib/python3.6/site-packages/airflow/example_dags/example_python_operator.py for tasks to queue
[2023-07-18 19:05:33,934] {logging_mixin.py:104} INFO - [2023-07-18 19:05:33,934] {dagbag.py:496} INFO - Filling up the DagBag from /home/airflow/.local/lib/python3.6/site-packages/airflow/example_dags/example_python_operator.py
[2023-07-18 19:05:33,968] {scheduler_job.py:643} INFO - DAG(s) dict_keys(['example_python_operator']) retrieved from /home/airflow/.local/lib/python3.6/site-packages/airflow/example_dags/example_python_operator.py
[2023-07-18 19:05:34,004] {logging_mixin.py:104} INFO - [2023-07-18 19:05:34,004] {dag.py:1833} INFO - Sync 1 DAGs
[2023-07-18 19:05:34,035] {logging_mixin.py:104} INFO - [2023-07-18 19:05:34,035] {dag.py:2306} INFO - Setting next_dagrun for example_python_operator to None
[2023-07-18 19:05:34,050] {scheduler_job.py:190} INFO - Processing /home/airflow/.local/lib/python3.6/site-packages/airflow/example_dags/example_python_operator.py took 0.126 seconds
[2023-07-18 19:06:04,377] {scheduler_job.py:182} INFO - Started process (PID=970) to work on /home/airflow/.local/lib/python3.6/site-packages/airflow/example_dags/example_python_operator.py
[2023-07-18 19:06:04,393] {scheduler_job.py:633} INFO - Processing file /home/airflow/.local/lib/python3.6/site-packages/airflow/example_dags/example_python_operator.py for tasks to queue
[2023-07-18 19:06:04,403] {logging_mixin.py:104} INFO - [2023-07-18 19:06:04,403] {dagbag.py:496} INFO - Filling up the DagBag from /home/airflow/.local/lib/python3.6/site-packages/airflow/example_dags/example_python_operator.py
[2023-07-18 19:06:04,521] {scheduler_job.py:643} INFO - DAG(s) dict_keys(['example_python_operator']) retrieved from /home/airflow/.local/lib/python3.6/site-packages/airflow/example_dags/example_python_operator.py
[2023-07-18 19:06:04,666] {logging_mixin.py:104} INFO - [2023-07-18 19:06:04,666] {dag.py:1833} INFO - Sync 1 DAGs
[2023-07-18 19:06:04,757] {logging_mixin.py:104} INFO - [2023-07-18 19:06:04,757] {dag.py:2306} INFO - Setting next_dagrun for example_python_operator to None
[2023-07-18 19:06:04,803] {scheduler_job.py:190} INFO - Processing /home/airflow/.local/lib/python3.6/site-packages/airflow/example_dags/example_python_operator.py took 0.463 seconds
[2023-07-18 19:06:34,915] {scheduler_job.py:182} INFO - Started process (PID=1021) to work on /home/airflow/.local/lib/python3.6/site-packages/airflow/example_dags/example_python_operator.py
[2023-07-18 19:06:34,927] {scheduler_job.py:633} INFO - Processing file /home/airflow/.local/lib/python3.6/site-packages/airflow/example_dags/example_python_operator.py for tasks to queue
[2023-07-18 19:06:34,930] {logging_mixin.py:104} INFO - [2023-07-18 19:06:34,930] {dagbag.py:496} INFO - Filling up the DagBag from /home/airflow/.local/lib/python3.6/site-packages/airflow/example_dags/example_python_operator.py
[2023-07-18 19:06:34,971] {scheduler_job.py:643} INFO - DAG(s) dict_keys(['example_python_operator']) retrieved from /home/airflow/.local/lib/python3.6/site-packages/airflow/example_dags/example_python_operator.py
[2023-07-18 19:06:35,082] {logging_mixin.py:104} INFO - [2023-07-18 19:06:35,082] {dag.py:1833} INFO - Sync 1 DAGs
[2023-07-18 19:06:35,167] {logging_mixin.py:104} INFO - [2023-07-18 19:06:35,166] {dag.py:2306} INFO - Setting next_dagrun for example_python_operator to None
[2023-07-18 19:06:35,198] {scheduler_job.py:190} INFO - Processing /home/airflow/.local/lib/python3.6/site-packages/airflow/example_dags/example_python_operator.py took 0.294 seconds
[2023-07-18 19:07:05,636] {scheduler_job.py:182} INFO - Started process (PID=1070) to work on /home/airflow/.local/lib/python3.6/site-packages/airflow/example_dags/example_python_operator.py
[2023-07-18 19:07:05,640] {scheduler_job.py:633} INFO - Processing file /home/airflow/.local/lib/python3.6/site-packages/airflow/example_dags/example_python_operator.py for tasks to queue
[2023-07-18 19:07:05,648] {logging_mixin.py:104} INFO - [2023-07-18 19:07:05,648] {dagbag.py:496} INFO - Filling up the DagBag from /home/airflow/.local/lib/python3.6/site-packages/airflow/example_dags/example_python_operator.py
[2023-07-18 19:07:05,674] {scheduler_job.py:643} INFO - DAG(s) dict_keys(['example_python_operator']) retrieved from /home/airflow/.local/lib/python3.6/site-packages/airflow/example_dags/example_python_operator.py
[2023-07-18 19:07:05,732] {logging_mixin.py:104} INFO - [2023-07-18 19:07:05,732] {dag.py:1833} INFO - Sync 1 DAGs
[2023-07-18 19:07:05,781] {logging_mixin.py:104} INFO - [2023-07-18 19:07:05,781] {dag.py:2306} INFO - Setting next_dagrun for example_python_operator to None
[2023-07-18 19:07:05,804] {scheduler_job.py:190} INFO - Processing /home/airflow/.local/lib/python3.6/site-packages/airflow/example_dags/example_python_operator.py took 0.186 seconds
[2023-07-18 19:07:35,948] {scheduler_job.py:182} INFO - Started process (PID=1122) to work on /home/airflow/.local/lib/python3.6/site-packages/airflow/example_dags/example_python_operator.py
[2023-07-18 19:07:35,951] {scheduler_job.py:633} INFO - Processing file /home/airflow/.local/lib/python3.6/site-packages/airflow/example_dags/example_python_operator.py for tasks to queue
[2023-07-18 19:07:35,961] {logging_mixin.py:104} INFO - [2023-07-18 19:07:35,954] {dagbag.py:496} INFO - Filling up the DagBag from /home/airflow/.local/lib/python3.6/site-packages/airflow/example_dags/example_python_operator.py
[2023-07-18 19:07:35,999] {scheduler_job.py:643} INFO - DAG(s) dict_keys(['example_python_operator']) retrieved from /home/airflow/.local/lib/python3.6/site-packages/airflow/example_dags/example_python_operator.py
[2023-07-18 19:07:36,031] {logging_mixin.py:104} INFO - [2023-07-18 19:07:36,031] {dag.py:1833} INFO - Sync 1 DAGs
[2023-07-18 19:07:36,052] {logging_mixin.py:104} INFO - [2023-07-18 19:07:36,052] {dag.py:2306} INFO - Setting next_dagrun for example_python_operator to None
[2023-07-18 19:07:36,073] {scheduler_job.py:190} INFO - Processing /home/airflow/.local/lib/python3.6/site-packages/airflow/example_dags/example_python_operator.py took 0.132 seconds
[2023-07-18 19:08:06,506] {scheduler_job.py:182} INFO - Started process (PID=1173) to work on /home/airflow/.local/lib/python3.6/site-packages/airflow/example_dags/example_python_operator.py
[2023-07-18 19:08:06,512] {scheduler_job.py:633} INFO - Processing file /home/airflow/.local/lib/python3.6/site-packages/airflow/example_dags/example_python_operator.py for tasks to queue
[2023-07-18 19:08:06,518] {logging_mixin.py:104} INFO - [2023-07-18 19:08:06,517] {dagbag.py:496} INFO - Filling up the DagBag from /home/airflow/.local/lib/python3.6/site-packages/airflow/example_dags/example_python_operator.py
[2023-07-18 19:08:06,596] {scheduler_job.py:643} INFO - DAG(s) dict_keys(['example_python_operator']) retrieved from /home/airflow/.local/lib/python3.6/site-packages/airflow/example_dags/example_python_operator.py
[2023-07-18 19:08:06,647] {logging_mixin.py:104} INFO - [2023-07-18 19:08:06,647] {dag.py:1833} INFO - Sync 1 DAGs
[2023-07-18 19:08:06,675] {logging_mixin.py:104} INFO - [2023-07-18 19:08:06,675] {dag.py:2306} INFO - Setting next_dagrun for example_python_operator to None
[2023-07-18 19:08:06,690] {scheduler_job.py:190} INFO - Processing /home/airflow/.local/lib/python3.6/site-packages/airflow/example_dags/example_python_operator.py took 0.200 seconds
[2023-07-18 19:08:37,382] {scheduler_job.py:182} INFO - Started process (PID=1223) to work on /home/airflow/.local/lib/python3.6/site-packages/airflow/example_dags/example_python_operator.py
[2023-07-18 19:08:37,394] {scheduler_job.py:633} INFO - Processing file /home/airflow/.local/lib/python3.6/site-packages/airflow/example_dags/example_python_operator.py for tasks to queue
[2023-07-18 19:08:37,400] {logging_mixin.py:104} INFO - [2023-07-18 19:08:37,399] {dagbag.py:496} INFO - Filling up the DagBag from /home/airflow/.local/lib/python3.6/site-packages/airflow/example_dags/example_python_operator.py
[2023-07-18 19:08:37,450] {scheduler_job.py:643} INFO - DAG(s) dict_keys(['example_python_operator']) retrieved from /home/airflow/.local/lib/python3.6/site-packages/airflow/example_dags/example_python_operator.py
[2023-07-18 19:08:37,490] {logging_mixin.py:104} INFO - [2023-07-18 19:08:37,490] {dag.py:1833} INFO - Sync 1 DAGs
[2023-07-18 19:08:37,513] {logging_mixin.py:104} INFO - [2023-07-18 19:08:37,513] {dag.py:2306} INFO - Setting next_dagrun for example_python_operator to None
[2023-07-18 19:08:37,527] {scheduler_job.py:190} INFO - Processing /home/airflow/.local/lib/python3.6/site-packages/airflow/example_dags/example_python_operator.py took 0.169 seconds
