[2023-07-18 18:57:19,399] {scheduler_job.py:182} INFO - Started process (PID=118) to work on /home/airflow/.local/lib/python3.6/site-packages/airflow/example_dags/example_kubernetes_executor_config.py
[2023-07-18 18:57:19,413] {scheduler_job.py:633} INFO - Processing file /home/airflow/.local/lib/python3.6/site-packages/airflow/example_dags/example_kubernetes_executor_config.py for tasks to queue
[2023-07-18 18:57:19,423] {logging_mixin.py:104} INFO - [2023-07-18 18:57:19,422] {dagbag.py:496} INFO - Filling up the DagBag from /home/airflow/.local/lib/python3.6/site-packages/airflow/example_dags/example_kubernetes_executor_config.py
[2023-07-18 18:57:19,600] {scheduler_job.py:643} INFO - DAG(s) dict_keys(['example_kubernetes_executor_config']) retrieved from /home/airflow/.local/lib/python3.6/site-packages/airflow/example_dags/example_kubernetes_executor_config.py
[2023-07-18 18:57:38,010] {logging_mixin.py:104} INFO - [2023-07-18 18:57:38,009] {dag.py:1833} INFO - Sync 1 DAGs
[2023-07-18 18:57:38,054] {logging_mixin.py:104} INFO - [2023-07-18 18:57:38,052] {dag.py:1852} INFO - Creating ORM DAG for example_kubernetes_executor_config
[2023-07-18 18:57:38,079] {logging_mixin.py:104} INFO - [2023-07-18 18:57:38,079] {dag.py:2306} INFO - Setting next_dagrun for example_kubernetes_executor_config to None
[2023-07-18 18:57:38,110] {scheduler_job.py:190} INFO - Processing /home/airflow/.local/lib/python3.6/site-packages/airflow/example_dags/example_kubernetes_executor_config.py took 18.750 seconds
[2023-07-18 18:59:00,189] {scheduler_job.py:182} INFO - Started process (PID=248) to work on /home/airflow/.local/lib/python3.6/site-packages/airflow/example_dags/example_kubernetes_executor_config.py
[2023-07-18 18:59:00,204] {scheduler_job.py:633} INFO - Processing file /home/airflow/.local/lib/python3.6/site-packages/airflow/example_dags/example_kubernetes_executor_config.py for tasks to queue
[2023-07-18 18:59:00,212] {logging_mixin.py:104} INFO - [2023-07-18 18:59:00,209] {dagbag.py:496} INFO - Filling up the DagBag from /home/airflow/.local/lib/python3.6/site-packages/airflow/example_dags/example_kubernetes_executor_config.py
[2023-07-18 18:59:00,274] {scheduler_job.py:643} INFO - DAG(s) dict_keys(['example_kubernetes_executor_config']) retrieved from /home/airflow/.local/lib/python3.6/site-packages/airflow/example_dags/example_kubernetes_executor_config.py
[2023-07-18 18:59:00,329] {logging_mixin.py:104} INFO - [2023-07-18 18:59:00,328] {dag.py:1833} INFO - Sync 1 DAGs
[2023-07-18 18:59:00,457] {logging_mixin.py:104} INFO - [2023-07-18 18:59:00,457] {dag.py:2306} INFO - Setting next_dagrun for example_kubernetes_executor_config to None
[2023-07-18 18:59:00,517] {scheduler_job.py:190} INFO - Processing /home/airflow/.local/lib/python3.6/site-packages/airflow/example_dags/example_kubernetes_executor_config.py took 0.343 seconds
[2023-07-18 18:59:30,671] {scheduler_job.py:182} INFO - Started process (PID=299) to work on /home/airflow/.local/lib/python3.6/site-packages/airflow/example_dags/example_kubernetes_executor_config.py
[2023-07-18 18:59:30,674] {scheduler_job.py:633} INFO - Processing file /home/airflow/.local/lib/python3.6/site-packages/airflow/example_dags/example_kubernetes_executor_config.py for tasks to queue
[2023-07-18 18:59:30,677] {logging_mixin.py:104} INFO - [2023-07-18 18:59:30,677] {dagbag.py:496} INFO - Filling up the DagBag from /home/airflow/.local/lib/python3.6/site-packages/airflow/example_dags/example_kubernetes_executor_config.py
[2023-07-18 18:59:30,706] {scheduler_job.py:643} INFO - DAG(s) dict_keys(['example_kubernetes_executor_config']) retrieved from /home/airflow/.local/lib/python3.6/site-packages/airflow/example_dags/example_kubernetes_executor_config.py
[2023-07-18 18:59:30,752] {logging_mixin.py:104} INFO - [2023-07-18 18:59:30,752] {dag.py:1833} INFO - Sync 1 DAGs
[2023-07-18 18:59:30,774] {logging_mixin.py:104} INFO - [2023-07-18 18:59:30,774] {dag.py:2306} INFO - Setting next_dagrun for example_kubernetes_executor_config to None
[2023-07-18 18:59:30,790] {scheduler_job.py:190} INFO - Processing /home/airflow/.local/lib/python3.6/site-packages/airflow/example_dags/example_kubernetes_executor_config.py took 0.125 seconds
[2023-07-18 19:00:02,044] {scheduler_job.py:182} INFO - Started process (PID=355) to work on /home/airflow/.local/lib/python3.6/site-packages/airflow/example_dags/example_kubernetes_executor_config.py
[2023-07-18 19:00:02,055] {scheduler_job.py:633} INFO - Processing file /home/airflow/.local/lib/python3.6/site-packages/airflow/example_dags/example_kubernetes_executor_config.py for tasks to queue
[2023-07-18 19:00:02,063] {logging_mixin.py:104} INFO - [2023-07-18 19:00:02,063] {dagbag.py:496} INFO - Filling up the DagBag from /home/airflow/.local/lib/python3.6/site-packages/airflow/example_dags/example_kubernetes_executor_config.py
[2023-07-18 19:00:02,166] {scheduler_job.py:643} INFO - DAG(s) dict_keys(['example_kubernetes_executor_config']) retrieved from /home/airflow/.local/lib/python3.6/site-packages/airflow/example_dags/example_kubernetes_executor_config.py
[2023-07-18 19:00:02,304] {logging_mixin.py:104} INFO - [2023-07-18 19:00:02,304] {dag.py:1833} INFO - Sync 1 DAGs
[2023-07-18 19:00:02,360] {logging_mixin.py:104} INFO - [2023-07-18 19:00:02,360] {dag.py:2306} INFO - Setting next_dagrun for example_kubernetes_executor_config to None
[2023-07-18 19:00:02,397] {scheduler_job.py:190} INFO - Processing /home/airflow/.local/lib/python3.6/site-packages/airflow/example_dags/example_kubernetes_executor_config.py took 0.391 seconds
[2023-07-18 19:00:32,588] {scheduler_job.py:182} INFO - Started process (PID=408) to work on /home/airflow/.local/lib/python3.6/site-packages/airflow/example_dags/example_kubernetes_executor_config.py
[2023-07-18 19:00:32,591] {scheduler_job.py:633} INFO - Processing file /home/airflow/.local/lib/python3.6/site-packages/airflow/example_dags/example_kubernetes_executor_config.py for tasks to queue
[2023-07-18 19:00:32,594] {logging_mixin.py:104} INFO - [2023-07-18 19:00:32,594] {dagbag.py:496} INFO - Filling up the DagBag from /home/airflow/.local/lib/python3.6/site-packages/airflow/example_dags/example_kubernetes_executor_config.py
[2023-07-18 19:00:32,633] {scheduler_job.py:643} INFO - DAG(s) dict_keys(['example_kubernetes_executor_config']) retrieved from /home/airflow/.local/lib/python3.6/site-packages/airflow/example_dags/example_kubernetes_executor_config.py
[2023-07-18 19:00:32,684] {logging_mixin.py:104} INFO - [2023-07-18 19:00:32,684] {dag.py:1833} INFO - Sync 1 DAGs
[2023-07-18 19:00:32,724] {logging_mixin.py:104} INFO - [2023-07-18 19:00:32,724] {dag.py:2306} INFO - Setting next_dagrun for example_kubernetes_executor_config to None
[2023-07-18 19:00:32,747] {scheduler_job.py:190} INFO - Processing /home/airflow/.local/lib/python3.6/site-packages/airflow/example_dags/example_kubernetes_executor_config.py took 0.163 seconds
[2023-07-18 19:01:03,637] {scheduler_job.py:182} INFO - Started process (PID=460) to work on /home/airflow/.local/lib/python3.6/site-packages/airflow/example_dags/example_kubernetes_executor_config.py
[2023-07-18 19:01:03,641] {scheduler_job.py:633} INFO - Processing file /home/airflow/.local/lib/python3.6/site-packages/airflow/example_dags/example_kubernetes_executor_config.py for tasks to queue
[2023-07-18 19:01:03,643] {logging_mixin.py:104} INFO - [2023-07-18 19:01:03,643] {dagbag.py:496} INFO - Filling up the DagBag from /home/airflow/.local/lib/python3.6/site-packages/airflow/example_dags/example_kubernetes_executor_config.py
[2023-07-18 19:01:03,675] {scheduler_job.py:643} INFO - DAG(s) dict_keys(['example_kubernetes_executor_config']) retrieved from /home/airflow/.local/lib/python3.6/site-packages/airflow/example_dags/example_kubernetes_executor_config.py
[2023-07-18 19:01:03,719] {logging_mixin.py:104} INFO - [2023-07-18 19:01:03,719] {dag.py:1833} INFO - Sync 1 DAGs
[2023-07-18 19:01:03,750] {logging_mixin.py:104} INFO - [2023-07-18 19:01:03,750] {dag.py:2306} INFO - Setting next_dagrun for example_kubernetes_executor_config to None
[2023-07-18 19:01:03,770] {scheduler_job.py:190} INFO - Processing /home/airflow/.local/lib/python3.6/site-packages/airflow/example_dags/example_kubernetes_executor_config.py took 0.142 seconds
[2023-07-18 19:01:34,611] {scheduler_job.py:182} INFO - Started process (PID=511) to work on /home/airflow/.local/lib/python3.6/site-packages/airflow/example_dags/example_kubernetes_executor_config.py
[2023-07-18 19:01:34,617] {scheduler_job.py:633} INFO - Processing file /home/airflow/.local/lib/python3.6/site-packages/airflow/example_dags/example_kubernetes_executor_config.py for tasks to queue
[2023-07-18 19:01:34,621] {logging_mixin.py:104} INFO - [2023-07-18 19:01:34,621] {dagbag.py:496} INFO - Filling up the DagBag from /home/airflow/.local/lib/python3.6/site-packages/airflow/example_dags/example_kubernetes_executor_config.py
[2023-07-18 19:01:34,663] {scheduler_job.py:643} INFO - DAG(s) dict_keys(['example_kubernetes_executor_config']) retrieved from /home/airflow/.local/lib/python3.6/site-packages/airflow/example_dags/example_kubernetes_executor_config.py
[2023-07-18 19:01:34,736] {logging_mixin.py:104} INFO - [2023-07-18 19:01:34,736] {dag.py:1833} INFO - Sync 1 DAGs
[2023-07-18 19:01:34,814] {logging_mixin.py:104} INFO - [2023-07-18 19:01:34,814] {dag.py:2306} INFO - Setting next_dagrun for example_kubernetes_executor_config to None
[2023-07-18 19:01:34,880] {scheduler_job.py:190} INFO - Processing /home/airflow/.local/lib/python3.6/site-packages/airflow/example_dags/example_kubernetes_executor_config.py took 0.286 seconds
[2023-07-18 19:02:05,254] {scheduler_job.py:182} INFO - Started process (PID=570) to work on /home/airflow/.local/lib/python3.6/site-packages/airflow/example_dags/example_kubernetes_executor_config.py
[2023-07-18 19:02:05,264] {scheduler_job.py:633} INFO - Processing file /home/airflow/.local/lib/python3.6/site-packages/airflow/example_dags/example_kubernetes_executor_config.py for tasks to queue
[2023-07-18 19:02:05,265] {logging_mixin.py:104} INFO - [2023-07-18 19:02:05,265] {dagbag.py:496} INFO - Filling up the DagBag from /home/airflow/.local/lib/python3.6/site-packages/airflow/example_dags/example_kubernetes_executor_config.py
[2023-07-18 19:02:05,307] {scheduler_job.py:643} INFO - DAG(s) dict_keys(['example_kubernetes_executor_config']) retrieved from /home/airflow/.local/lib/python3.6/site-packages/airflow/example_dags/example_kubernetes_executor_config.py
[2023-07-18 19:02:05,365] {logging_mixin.py:104} INFO - [2023-07-18 19:02:05,365] {dag.py:1833} INFO - Sync 1 DAGs
[2023-07-18 19:02:05,410] {logging_mixin.py:104} INFO - [2023-07-18 19:02:05,410] {dag.py:2306} INFO - Setting next_dagrun for example_kubernetes_executor_config to None
[2023-07-18 19:02:05,440] {scheduler_job.py:190} INFO - Processing /home/airflow/.local/lib/python3.6/site-packages/airflow/example_dags/example_kubernetes_executor_config.py took 0.194 seconds
[2023-07-18 19:02:36,067] {scheduler_job.py:182} INFO - Started process (PID=623) to work on /home/airflow/.local/lib/python3.6/site-packages/airflow/example_dags/example_kubernetes_executor_config.py
[2023-07-18 19:02:36,069] {scheduler_job.py:633} INFO - Processing file /home/airflow/.local/lib/python3.6/site-packages/airflow/example_dags/example_kubernetes_executor_config.py for tasks to queue
[2023-07-18 19:02:36,071] {logging_mixin.py:104} INFO - [2023-07-18 19:02:36,071] {dagbag.py:496} INFO - Filling up the DagBag from /home/airflow/.local/lib/python3.6/site-packages/airflow/example_dags/example_kubernetes_executor_config.py
[2023-07-18 19:02:36,127] {scheduler_job.py:643} INFO - DAG(s) dict_keys(['example_kubernetes_executor_config']) retrieved from /home/airflow/.local/lib/python3.6/site-packages/airflow/example_dags/example_kubernetes_executor_config.py
[2023-07-18 19:02:36,198] {logging_mixin.py:104} INFO - [2023-07-18 19:02:36,198] {dag.py:1833} INFO - Sync 1 DAGs
[2023-07-18 19:02:36,252] {logging_mixin.py:104} INFO - [2023-07-18 19:02:36,252] {dag.py:2306} INFO - Setting next_dagrun for example_kubernetes_executor_config to None
[2023-07-18 19:02:36,297] {scheduler_job.py:190} INFO - Processing /home/airflow/.local/lib/python3.6/site-packages/airflow/example_dags/example_kubernetes_executor_config.py took 0.237 seconds
[2023-07-18 19:03:06,602] {scheduler_job.py:182} INFO - Started process (PID=673) to work on /home/airflow/.local/lib/python3.6/site-packages/airflow/example_dags/example_kubernetes_executor_config.py
[2023-07-18 19:03:06,612] {scheduler_job.py:633} INFO - Processing file /home/airflow/.local/lib/python3.6/site-packages/airflow/example_dags/example_kubernetes_executor_config.py for tasks to queue
[2023-07-18 19:03:06,620] {logging_mixin.py:104} INFO - [2023-07-18 19:03:06,620] {dagbag.py:496} INFO - Filling up the DagBag from /home/airflow/.local/lib/python3.6/site-packages/airflow/example_dags/example_kubernetes_executor_config.py
[2023-07-18 19:03:06,680] {scheduler_job.py:643} INFO - DAG(s) dict_keys(['example_kubernetes_executor_config']) retrieved from /home/airflow/.local/lib/python3.6/site-packages/airflow/example_dags/example_kubernetes_executor_config.py
[2023-07-18 19:03:06,719] {logging_mixin.py:104} INFO - [2023-07-18 19:03:06,718] {dag.py:1833} INFO - Sync 1 DAGs
[2023-07-18 19:03:06,740] {logging_mixin.py:104} INFO - [2023-07-18 19:03:06,740] {dag.py:2306} INFO - Setting next_dagrun for example_kubernetes_executor_config to None
[2023-07-18 19:03:06,759] {scheduler_job.py:190} INFO - Processing /home/airflow/.local/lib/python3.6/site-packages/airflow/example_dags/example_kubernetes_executor_config.py took 0.175 seconds
[2023-07-18 19:03:36,981] {scheduler_job.py:182} INFO - Started process (PID=724) to work on /home/airflow/.local/lib/python3.6/site-packages/airflow/example_dags/example_kubernetes_executor_config.py
[2023-07-18 19:03:36,985] {scheduler_job.py:633} INFO - Processing file /home/airflow/.local/lib/python3.6/site-packages/airflow/example_dags/example_kubernetes_executor_config.py for tasks to queue
[2023-07-18 19:03:36,988] {logging_mixin.py:104} INFO - [2023-07-18 19:03:36,988] {dagbag.py:496} INFO - Filling up the DagBag from /home/airflow/.local/lib/python3.6/site-packages/airflow/example_dags/example_kubernetes_executor_config.py
[2023-07-18 19:03:37,016] {scheduler_job.py:643} INFO - DAG(s) dict_keys(['example_kubernetes_executor_config']) retrieved from /home/airflow/.local/lib/python3.6/site-packages/airflow/example_dags/example_kubernetes_executor_config.py
[2023-07-18 19:03:37,055] {logging_mixin.py:104} INFO - [2023-07-18 19:03:37,055] {dag.py:1833} INFO - Sync 1 DAGs
[2023-07-18 19:03:37,084] {logging_mixin.py:104} INFO - [2023-07-18 19:03:37,084] {dag.py:2306} INFO - Setting next_dagrun for example_kubernetes_executor_config to None
[2023-07-18 19:03:37,101] {scheduler_job.py:190} INFO - Processing /home/airflow/.local/lib/python3.6/site-packages/airflow/example_dags/example_kubernetes_executor_config.py took 0.133 seconds
[2023-07-18 19:04:07,519] {scheduler_job.py:182} INFO - Started process (PID=779) to work on /home/airflow/.local/lib/python3.6/site-packages/airflow/example_dags/example_kubernetes_executor_config.py
[2023-07-18 19:04:07,536] {scheduler_job.py:633} INFO - Processing file /home/airflow/.local/lib/python3.6/site-packages/airflow/example_dags/example_kubernetes_executor_config.py for tasks to queue
[2023-07-18 19:04:07,542] {logging_mixin.py:104} INFO - [2023-07-18 19:04:07,541] {dagbag.py:496} INFO - Filling up the DagBag from /home/airflow/.local/lib/python3.6/site-packages/airflow/example_dags/example_kubernetes_executor_config.py
[2023-07-18 19:04:07,621] {scheduler_job.py:643} INFO - DAG(s) dict_keys(['example_kubernetes_executor_config']) retrieved from /home/airflow/.local/lib/python3.6/site-packages/airflow/example_dags/example_kubernetes_executor_config.py
[2023-07-18 19:04:07,688] {logging_mixin.py:104} INFO - [2023-07-18 19:04:07,688] {dag.py:1833} INFO - Sync 1 DAGs
[2023-07-18 19:04:07,759] {logging_mixin.py:104} INFO - [2023-07-18 19:04:07,759] {dag.py:2306} INFO - Setting next_dagrun for example_kubernetes_executor_config to None
[2023-07-18 19:04:07,819] {scheduler_job.py:190} INFO - Processing /home/airflow/.local/lib/python3.6/site-packages/airflow/example_dags/example_kubernetes_executor_config.py took 0.314 seconds
[2023-07-18 19:04:39,044] {scheduler_job.py:182} INFO - Started process (PID=833) to work on /home/airflow/.local/lib/python3.6/site-packages/airflow/example_dags/example_kubernetes_executor_config.py
[2023-07-18 19:04:39,057] {scheduler_job.py:633} INFO - Processing file /home/airflow/.local/lib/python3.6/site-packages/airflow/example_dags/example_kubernetes_executor_config.py for tasks to queue
[2023-07-18 19:04:39,078] {logging_mixin.py:104} INFO - [2023-07-18 19:04:39,078] {dagbag.py:496} INFO - Filling up the DagBag from /home/airflow/.local/lib/python3.6/site-packages/airflow/example_dags/example_kubernetes_executor_config.py
[2023-07-18 19:04:39,174] {scheduler_job.py:643} INFO - DAG(s) dict_keys(['example_kubernetes_executor_config']) retrieved from /home/airflow/.local/lib/python3.6/site-packages/airflow/example_dags/example_kubernetes_executor_config.py
[2023-07-18 19:04:39,344] {logging_mixin.py:104} INFO - [2023-07-18 19:04:39,344] {dag.py:1833} INFO - Sync 1 DAGs
[2023-07-18 19:04:39,446] {logging_mixin.py:104} INFO - [2023-07-18 19:04:39,446] {dag.py:2306} INFO - Setting next_dagrun for example_kubernetes_executor_config to None
[2023-07-18 19:04:39,480] {scheduler_job.py:190} INFO - Processing /home/airflow/.local/lib/python3.6/site-packages/airflow/example_dags/example_kubernetes_executor_config.py took 0.446 seconds
[2023-07-18 19:05:09,562] {scheduler_job.py:182} INFO - Started process (PID=875) to work on /home/airflow/.local/lib/python3.6/site-packages/airflow/example_dags/example_kubernetes_executor_config.py
[2023-07-18 19:05:09,567] {scheduler_job.py:633} INFO - Processing file /home/airflow/.local/lib/python3.6/site-packages/airflow/example_dags/example_kubernetes_executor_config.py for tasks to queue
[2023-07-18 19:05:09,572] {logging_mixin.py:104} INFO - [2023-07-18 19:05:09,571] {dagbag.py:496} INFO - Filling up the DagBag from /home/airflow/.local/lib/python3.6/site-packages/airflow/example_dags/example_kubernetes_executor_config.py
[2023-07-18 19:05:09,625] {scheduler_job.py:643} INFO - DAG(s) dict_keys(['example_kubernetes_executor_config']) retrieved from /home/airflow/.local/lib/python3.6/site-packages/airflow/example_dags/example_kubernetes_executor_config.py
[2023-07-18 19:05:09,694] {logging_mixin.py:104} INFO - [2023-07-18 19:05:09,694] {dag.py:1833} INFO - Sync 1 DAGs
[2023-07-18 19:05:09,734] {logging_mixin.py:104} INFO - [2023-07-18 19:05:09,734] {dag.py:2306} INFO - Setting next_dagrun for example_kubernetes_executor_config to None
[2023-07-18 19:05:09,754] {scheduler_job.py:190} INFO - Processing /home/airflow/.local/lib/python3.6/site-packages/airflow/example_dags/example_kubernetes_executor_config.py took 0.197 seconds
[2023-07-18 19:05:40,635] {scheduler_job.py:182} INFO - Started process (PID=927) to work on /home/airflow/.local/lib/python3.6/site-packages/airflow/example_dags/example_kubernetes_executor_config.py
[2023-07-18 19:05:40,639] {scheduler_job.py:633} INFO - Processing file /home/airflow/.local/lib/python3.6/site-packages/airflow/example_dags/example_kubernetes_executor_config.py for tasks to queue
[2023-07-18 19:05:40,644] {logging_mixin.py:104} INFO - [2023-07-18 19:05:40,644] {dagbag.py:496} INFO - Filling up the DagBag from /home/airflow/.local/lib/python3.6/site-packages/airflow/example_dags/example_kubernetes_executor_config.py
[2023-07-18 19:05:40,667] {scheduler_job.py:643} INFO - DAG(s) dict_keys(['example_kubernetes_executor_config']) retrieved from /home/airflow/.local/lib/python3.6/site-packages/airflow/example_dags/example_kubernetes_executor_config.py
[2023-07-18 19:05:40,699] {logging_mixin.py:104} INFO - [2023-07-18 19:05:40,699] {dag.py:1833} INFO - Sync 1 DAGs
[2023-07-18 19:05:40,737] {logging_mixin.py:104} INFO - [2023-07-18 19:05:40,737] {dag.py:2306} INFO - Setting next_dagrun for example_kubernetes_executor_config to None
[2023-07-18 19:05:40,758] {scheduler_job.py:190} INFO - Processing /home/airflow/.local/lib/python3.6/site-packages/airflow/example_dags/example_kubernetes_executor_config.py took 0.127 seconds
[2023-07-18 19:06:11,292] {scheduler_job.py:182} INFO - Started process (PID=977) to work on /home/airflow/.local/lib/python3.6/site-packages/airflow/example_dags/example_kubernetes_executor_config.py
[2023-07-18 19:06:11,295] {scheduler_job.py:633} INFO - Processing file /home/airflow/.local/lib/python3.6/site-packages/airflow/example_dags/example_kubernetes_executor_config.py for tasks to queue
[2023-07-18 19:06:11,298] {logging_mixin.py:104} INFO - [2023-07-18 19:06:11,298] {dagbag.py:496} INFO - Filling up the DagBag from /home/airflow/.local/lib/python3.6/site-packages/airflow/example_dags/example_kubernetes_executor_config.py
[2023-07-18 19:06:11,325] {scheduler_job.py:643} INFO - DAG(s) dict_keys(['example_kubernetes_executor_config']) retrieved from /home/airflow/.local/lib/python3.6/site-packages/airflow/example_dags/example_kubernetes_executor_config.py
[2023-07-18 19:06:11,362] {logging_mixin.py:104} INFO - [2023-07-18 19:06:11,361] {dag.py:1833} INFO - Sync 1 DAGs
[2023-07-18 19:06:11,389] {logging_mixin.py:104} INFO - [2023-07-18 19:06:11,389] {dag.py:2306} INFO - Setting next_dagrun for example_kubernetes_executor_config to None
[2023-07-18 19:06:11,406] {scheduler_job.py:190} INFO - Processing /home/airflow/.local/lib/python3.6/site-packages/airflow/example_dags/example_kubernetes_executor_config.py took 0.121 seconds
[2023-07-18 19:06:41,961] {scheduler_job.py:182} INFO - Started process (PID=1028) to work on /home/airflow/.local/lib/python3.6/site-packages/airflow/example_dags/example_kubernetes_executor_config.py
[2023-07-18 19:06:41,965] {scheduler_job.py:633} INFO - Processing file /home/airflow/.local/lib/python3.6/site-packages/airflow/example_dags/example_kubernetes_executor_config.py for tasks to queue
[2023-07-18 19:06:41,967] {logging_mixin.py:104} INFO - [2023-07-18 19:06:41,967] {dagbag.py:496} INFO - Filling up the DagBag from /home/airflow/.local/lib/python3.6/site-packages/airflow/example_dags/example_kubernetes_executor_config.py
[2023-07-18 19:06:42,004] {scheduler_job.py:643} INFO - DAG(s) dict_keys(['example_kubernetes_executor_config']) retrieved from /home/airflow/.local/lib/python3.6/site-packages/airflow/example_dags/example_kubernetes_executor_config.py
[2023-07-18 19:06:42,055] {logging_mixin.py:104} INFO - [2023-07-18 19:06:42,055] {dag.py:1833} INFO - Sync 1 DAGs
[2023-07-18 19:06:42,112] {logging_mixin.py:104} INFO - [2023-07-18 19:06:42,112] {dag.py:2306} INFO - Setting next_dagrun for example_kubernetes_executor_config to None
[2023-07-18 19:06:42,162] {scheduler_job.py:190} INFO - Processing /home/airflow/.local/lib/python3.6/site-packages/airflow/example_dags/example_kubernetes_executor_config.py took 0.211 seconds
[2023-07-18 19:07:13,074] {scheduler_job.py:182} INFO - Started process (PID=1078) to work on /home/airflow/.local/lib/python3.6/site-packages/airflow/example_dags/example_kubernetes_executor_config.py
[2023-07-18 19:07:13,077] {scheduler_job.py:633} INFO - Processing file /home/airflow/.local/lib/python3.6/site-packages/airflow/example_dags/example_kubernetes_executor_config.py for tasks to queue
[2023-07-18 19:07:13,080] {logging_mixin.py:104} INFO - [2023-07-18 19:07:13,079] {dagbag.py:496} INFO - Filling up the DagBag from /home/airflow/.local/lib/python3.6/site-packages/airflow/example_dags/example_kubernetes_executor_config.py
[2023-07-18 19:07:13,111] {scheduler_job.py:643} INFO - DAG(s) dict_keys(['example_kubernetes_executor_config']) retrieved from /home/airflow/.local/lib/python3.6/site-packages/airflow/example_dags/example_kubernetes_executor_config.py
[2023-07-18 19:07:13,151] {logging_mixin.py:104} INFO - [2023-07-18 19:07:13,151] {dag.py:1833} INFO - Sync 1 DAGs
[2023-07-18 19:07:13,179] {logging_mixin.py:104} INFO - [2023-07-18 19:07:13,178] {dag.py:2306} INFO - Setting next_dagrun for example_kubernetes_executor_config to None
[2023-07-18 19:07:13,217] {scheduler_job.py:190} INFO - Processing /home/airflow/.local/lib/python3.6/site-packages/airflow/example_dags/example_kubernetes_executor_config.py took 0.153 seconds
[2023-07-18 19:07:43,559] {scheduler_job.py:182} INFO - Started process (PID=1129) to work on /home/airflow/.local/lib/python3.6/site-packages/airflow/example_dags/example_kubernetes_executor_config.py
[2023-07-18 19:07:43,564] {scheduler_job.py:633} INFO - Processing file /home/airflow/.local/lib/python3.6/site-packages/airflow/example_dags/example_kubernetes_executor_config.py for tasks to queue
[2023-07-18 19:07:43,566] {logging_mixin.py:104} INFO - [2023-07-18 19:07:43,566] {dagbag.py:496} INFO - Filling up the DagBag from /home/airflow/.local/lib/python3.6/site-packages/airflow/example_dags/example_kubernetes_executor_config.py
[2023-07-18 19:07:43,631] {scheduler_job.py:643} INFO - DAG(s) dict_keys(['example_kubernetes_executor_config']) retrieved from /home/airflow/.local/lib/python3.6/site-packages/airflow/example_dags/example_kubernetes_executor_config.py
[2023-07-18 19:07:43,682] {logging_mixin.py:104} INFO - [2023-07-18 19:07:43,682] {dag.py:1833} INFO - Sync 1 DAGs
[2023-07-18 19:07:43,719] {logging_mixin.py:104} INFO - [2023-07-18 19:07:43,719] {dag.py:2306} INFO - Setting next_dagrun for example_kubernetes_executor_config to None
[2023-07-18 19:07:43,759] {scheduler_job.py:190} INFO - Processing /home/airflow/.local/lib/python3.6/site-packages/airflow/example_dags/example_kubernetes_executor_config.py took 0.208 seconds
[2023-07-18 19:08:14,458] {scheduler_job.py:182} INFO - Started process (PID=1190) to work on /home/airflow/.local/lib/python3.6/site-packages/airflow/example_dags/example_kubernetes_executor_config.py
[2023-07-18 19:08:14,461] {scheduler_job.py:633} INFO - Processing file /home/airflow/.local/lib/python3.6/site-packages/airflow/example_dags/example_kubernetes_executor_config.py for tasks to queue
[2023-07-18 19:08:14,468] {logging_mixin.py:104} INFO - [2023-07-18 19:08:14,468] {dagbag.py:496} INFO - Filling up the DagBag from /home/airflow/.local/lib/python3.6/site-packages/airflow/example_dags/example_kubernetes_executor_config.py
[2023-07-18 19:08:14,527] {scheduler_job.py:643} INFO - DAG(s) dict_keys(['example_kubernetes_executor_config']) retrieved from /home/airflow/.local/lib/python3.6/site-packages/airflow/example_dags/example_kubernetes_executor_config.py
[2023-07-18 19:08:14,648] {logging_mixin.py:104} INFO - [2023-07-18 19:08:14,648] {dag.py:1833} INFO - Sync 1 DAGs
[2023-07-18 19:08:14,769] {logging_mixin.py:104} INFO - [2023-07-18 19:08:14,769] {dag.py:2306} INFO - Setting next_dagrun for example_kubernetes_executor_config to None
[2023-07-18 19:08:14,806] {scheduler_job.py:190} INFO - Processing /home/airflow/.local/lib/python3.6/site-packages/airflow/example_dags/example_kubernetes_executor_config.py took 0.363 seconds
