[2023-07-18 18:45:59,915] {scheduler_job.py:182} INFO - Started process (PID=122) to work on /home/airflow/.local/lib/python3.6/site-packages/airflow/example_dags/example_trigger_target_dag.py
[2023-07-18 18:45:59,960] {scheduler_job.py:633} INFO - Processing file /home/airflow/.local/lib/python3.6/site-packages/airflow/example_dags/example_trigger_target_dag.py for tasks to queue
[2023-07-18 18:46:00,010] {logging_mixin.py:104} INFO - [2023-07-18 18:46:00,010] {dagbag.py:496} INFO - Filling up the DagBag from /home/airflow/.local/lib/python3.6/site-packages/airflow/example_dags/example_trigger_target_dag.py
[2023-07-18 18:46:00,332] {scheduler_job.py:643} INFO - DAG(s) dict_keys(['example_trigger_target_dag']) retrieved from /home/airflow/.local/lib/python3.6/site-packages/airflow/example_dags/example_trigger_target_dag.py
[2023-07-18 18:56:44,064] {scheduler_job.py:182} INFO - Started process (PID=90) to work on /home/airflow/.local/lib/python3.6/site-packages/airflow/example_dags/example_trigger_target_dag.py
[2023-07-18 18:56:44,077] {scheduler_job.py:633} INFO - Processing file /home/airflow/.local/lib/python3.6/site-packages/airflow/example_dags/example_trigger_target_dag.py for tasks to queue
[2023-07-18 18:56:44,083] {logging_mixin.py:104} INFO - [2023-07-18 18:56:44,083] {dagbag.py:496} INFO - Filling up the DagBag from /home/airflow/.local/lib/python3.6/site-packages/airflow/example_dags/example_trigger_target_dag.py
[2023-07-18 18:56:44,189] {scheduler_job.py:643} INFO - DAG(s) dict_keys(['example_trigger_target_dag']) retrieved from /home/airflow/.local/lib/python3.6/site-packages/airflow/example_dags/example_trigger_target_dag.py
[2023-07-18 18:57:02,267] {logging_mixin.py:104} INFO - [2023-07-18 18:57:02,265] {dag.py:1833} INFO - Sync 1 DAGs
[2023-07-18 18:57:02,339] {logging_mixin.py:104} INFO - [2023-07-18 18:57:02,330] {dag.py:1852} INFO - Creating ORM DAG for example_trigger_target_dag
[2023-07-18 18:57:02,376] {logging_mixin.py:104} INFO - [2023-07-18 18:57:02,376] {dag.py:2306} INFO - Setting next_dagrun for example_trigger_target_dag to None
[2023-07-18 18:57:02,453] {scheduler_job.py:190} INFO - Processing /home/airflow/.local/lib/python3.6/site-packages/airflow/example_dags/example_trigger_target_dag.py took 18.407 seconds
[2023-07-18 18:58:58,990] {scheduler_job.py:182} INFO - Started process (PID=244) to work on /home/airflow/.local/lib/python3.6/site-packages/airflow/example_dags/example_trigger_target_dag.py
[2023-07-18 18:58:58,995] {scheduler_job.py:633} INFO - Processing file /home/airflow/.local/lib/python3.6/site-packages/airflow/example_dags/example_trigger_target_dag.py for tasks to queue
[2023-07-18 18:58:59,002] {logging_mixin.py:104} INFO - [2023-07-18 18:58:59,001] {dagbag.py:496} INFO - Filling up the DagBag from /home/airflow/.local/lib/python3.6/site-packages/airflow/example_dags/example_trigger_target_dag.py
[2023-07-18 18:58:59,040] {scheduler_job.py:643} INFO - DAG(s) dict_keys(['example_trigger_target_dag']) retrieved from /home/airflow/.local/lib/python3.6/site-packages/airflow/example_dags/example_trigger_target_dag.py
[2023-07-18 18:58:59,116] {logging_mixin.py:104} INFO - [2023-07-18 18:58:59,116] {dag.py:1833} INFO - Sync 1 DAGs
[2023-07-18 18:58:59,185] {logging_mixin.py:104} INFO - [2023-07-18 18:58:59,184] {dag.py:2306} INFO - Setting next_dagrun for example_trigger_target_dag to None
[2023-07-18 18:58:59,223] {scheduler_job.py:190} INFO - Processing /home/airflow/.local/lib/python3.6/site-packages/airflow/example_dags/example_trigger_target_dag.py took 0.239 seconds
[2023-07-18 18:59:30,214] {scheduler_job.py:182} INFO - Started process (PID=295) to work on /home/airflow/.local/lib/python3.6/site-packages/airflow/example_dags/example_trigger_target_dag.py
[2023-07-18 18:59:30,216] {scheduler_job.py:633} INFO - Processing file /home/airflow/.local/lib/python3.6/site-packages/airflow/example_dags/example_trigger_target_dag.py for tasks to queue
[2023-07-18 18:59:30,218] {logging_mixin.py:104} INFO - [2023-07-18 18:59:30,218] {dagbag.py:496} INFO - Filling up the DagBag from /home/airflow/.local/lib/python3.6/site-packages/airflow/example_dags/example_trigger_target_dag.py
[2023-07-18 18:59:30,241] {scheduler_job.py:643} INFO - DAG(s) dict_keys(['example_trigger_target_dag']) retrieved from /home/airflow/.local/lib/python3.6/site-packages/airflow/example_dags/example_trigger_target_dag.py
[2023-07-18 18:59:30,273] {logging_mixin.py:104} INFO - [2023-07-18 18:59:30,272] {dag.py:1833} INFO - Sync 1 DAGs
[2023-07-18 18:59:30,300] {logging_mixin.py:104} INFO - [2023-07-18 18:59:30,300] {dag.py:2306} INFO - Setting next_dagrun for example_trigger_target_dag to None
[2023-07-18 18:59:30,318] {scheduler_job.py:190} INFO - Processing /home/airflow/.local/lib/python3.6/site-packages/airflow/example_dags/example_trigger_target_dag.py took 0.110 seconds
[2023-07-18 19:00:01,318] {scheduler_job.py:182} INFO - Started process (PID=345) to work on /home/airflow/.local/lib/python3.6/site-packages/airflow/example_dags/example_trigger_target_dag.py
[2023-07-18 19:00:01,321] {scheduler_job.py:633} INFO - Processing file /home/airflow/.local/lib/python3.6/site-packages/airflow/example_dags/example_trigger_target_dag.py for tasks to queue
[2023-07-18 19:00:01,326] {logging_mixin.py:104} INFO - [2023-07-18 19:00:01,324] {dagbag.py:496} INFO - Filling up the DagBag from /home/airflow/.local/lib/python3.6/site-packages/airflow/example_dags/example_trigger_target_dag.py
[2023-07-18 19:00:01,365] {scheduler_job.py:643} INFO - DAG(s) dict_keys(['example_trigger_target_dag']) retrieved from /home/airflow/.local/lib/python3.6/site-packages/airflow/example_dags/example_trigger_target_dag.py
[2023-07-18 19:00:01,417] {logging_mixin.py:104} INFO - [2023-07-18 19:00:01,417] {dag.py:1833} INFO - Sync 1 DAGs
[2023-07-18 19:00:01,455] {logging_mixin.py:104} INFO - [2023-07-18 19:00:01,455] {dag.py:2306} INFO - Setting next_dagrun for example_trigger_target_dag to None
[2023-07-18 19:00:01,501] {scheduler_job.py:190} INFO - Processing /home/airflow/.local/lib/python3.6/site-packages/airflow/example_dags/example_trigger_target_dag.py took 0.191 seconds
[2023-07-18 19:00:31,666] {scheduler_job.py:182} INFO - Started process (PID=403) to work on /home/airflow/.local/lib/python3.6/site-packages/airflow/example_dags/example_trigger_target_dag.py
[2023-07-18 19:00:31,669] {scheduler_job.py:633} INFO - Processing file /home/airflow/.local/lib/python3.6/site-packages/airflow/example_dags/example_trigger_target_dag.py for tasks to queue
[2023-07-18 19:00:31,673] {logging_mixin.py:104} INFO - [2023-07-18 19:00:31,673] {dagbag.py:496} INFO - Filling up the DagBag from /home/airflow/.local/lib/python3.6/site-packages/airflow/example_dags/example_trigger_target_dag.py
[2023-07-18 19:00:31,711] {scheduler_job.py:643} INFO - DAG(s) dict_keys(['example_trigger_target_dag']) retrieved from /home/airflow/.local/lib/python3.6/site-packages/airflow/example_dags/example_trigger_target_dag.py
[2023-07-18 19:00:31,757] {logging_mixin.py:104} INFO - [2023-07-18 19:00:31,757] {dag.py:1833} INFO - Sync 1 DAGs
[2023-07-18 19:00:31,796] {logging_mixin.py:104} INFO - [2023-07-18 19:00:31,796] {dag.py:2306} INFO - Setting next_dagrun for example_trigger_target_dag to None
[2023-07-18 19:00:31,819] {scheduler_job.py:190} INFO - Processing /home/airflow/.local/lib/python3.6/site-packages/airflow/example_dags/example_trigger_target_dag.py took 0.157 seconds
[2023-07-18 19:01:02,170] {scheduler_job.py:182} INFO - Started process (PID=455) to work on /home/airflow/.local/lib/python3.6/site-packages/airflow/example_dags/example_trigger_target_dag.py
[2023-07-18 19:01:02,174] {scheduler_job.py:633} INFO - Processing file /home/airflow/.local/lib/python3.6/site-packages/airflow/example_dags/example_trigger_target_dag.py for tasks to queue
[2023-07-18 19:01:02,176] {logging_mixin.py:104} INFO - [2023-07-18 19:01:02,176] {dagbag.py:496} INFO - Filling up the DagBag from /home/airflow/.local/lib/python3.6/site-packages/airflow/example_dags/example_trigger_target_dag.py
[2023-07-18 19:01:02,232] {scheduler_job.py:643} INFO - DAG(s) dict_keys(['example_trigger_target_dag']) retrieved from /home/airflow/.local/lib/python3.6/site-packages/airflow/example_dags/example_trigger_target_dag.py
[2023-07-18 19:01:02,291] {logging_mixin.py:104} INFO - [2023-07-18 19:01:02,291] {dag.py:1833} INFO - Sync 1 DAGs
[2023-07-18 19:01:02,346] {logging_mixin.py:104} INFO - [2023-07-18 19:01:02,346] {dag.py:2306} INFO - Setting next_dagrun for example_trigger_target_dag to None
[2023-07-18 19:01:02,371] {scheduler_job.py:190} INFO - Processing /home/airflow/.local/lib/python3.6/site-packages/airflow/example_dags/example_trigger_target_dag.py took 0.210 seconds
[2023-07-18 19:01:33,204] {scheduler_job.py:182} INFO - Started process (PID=506) to work on /home/airflow/.local/lib/python3.6/site-packages/airflow/example_dags/example_trigger_target_dag.py
[2023-07-18 19:01:33,208] {scheduler_job.py:633} INFO - Processing file /home/airflow/.local/lib/python3.6/site-packages/airflow/example_dags/example_trigger_target_dag.py for tasks to queue
[2023-07-18 19:01:33,218] {logging_mixin.py:104} INFO - [2023-07-18 19:01:33,217] {dagbag.py:496} INFO - Filling up the DagBag from /home/airflow/.local/lib/python3.6/site-packages/airflow/example_dags/example_trigger_target_dag.py
[2023-07-18 19:01:33,246] {scheduler_job.py:643} INFO - DAG(s) dict_keys(['example_trigger_target_dag']) retrieved from /home/airflow/.local/lib/python3.6/site-packages/airflow/example_dags/example_trigger_target_dag.py
[2023-07-18 19:01:33,288] {logging_mixin.py:104} INFO - [2023-07-18 19:01:33,288] {dag.py:1833} INFO - Sync 1 DAGs
[2023-07-18 19:01:33,317] {logging_mixin.py:104} INFO - [2023-07-18 19:01:33,316] {dag.py:2306} INFO - Setting next_dagrun for example_trigger_target_dag to None
[2023-07-18 19:01:33,340] {scheduler_job.py:190} INFO - Processing /home/airflow/.local/lib/python3.6/site-packages/airflow/example_dags/example_trigger_target_dag.py took 0.149 seconds
[2023-07-18 19:02:03,954] {scheduler_job.py:182} INFO - Started process (PID=557) to work on /home/airflow/.local/lib/python3.6/site-packages/airflow/example_dags/example_trigger_target_dag.py
[2023-07-18 19:02:03,958] {scheduler_job.py:633} INFO - Processing file /home/airflow/.local/lib/python3.6/site-packages/airflow/example_dags/example_trigger_target_dag.py for tasks to queue
[2023-07-18 19:02:03,960] {logging_mixin.py:104} INFO - [2023-07-18 19:02:03,960] {dagbag.py:496} INFO - Filling up the DagBag from /home/airflow/.local/lib/python3.6/site-packages/airflow/example_dags/example_trigger_target_dag.py
[2023-07-18 19:02:03,989] {scheduler_job.py:643} INFO - DAG(s) dict_keys(['example_trigger_target_dag']) retrieved from /home/airflow/.local/lib/python3.6/site-packages/airflow/example_dags/example_trigger_target_dag.py
[2023-07-18 19:02:04,031] {logging_mixin.py:104} INFO - [2023-07-18 19:02:04,030] {dag.py:1833} INFO - Sync 1 DAGs
[2023-07-18 19:02:04,055] {logging_mixin.py:104} INFO - [2023-07-18 19:02:04,055] {dag.py:2306} INFO - Setting next_dagrun for example_trigger_target_dag to None
[2023-07-18 19:02:04,073] {scheduler_job.py:190} INFO - Processing /home/airflow/.local/lib/python3.6/site-packages/airflow/example_dags/example_trigger_target_dag.py took 0.126 seconds
[2023-07-18 19:02:34,691] {scheduler_job.py:182} INFO - Started process (PID=615) to work on /home/airflow/.local/lib/python3.6/site-packages/airflow/example_dags/example_trigger_target_dag.py
[2023-07-18 19:02:34,697] {scheduler_job.py:633} INFO - Processing file /home/airflow/.local/lib/python3.6/site-packages/airflow/example_dags/example_trigger_target_dag.py for tasks to queue
[2023-07-18 19:02:34,701] {logging_mixin.py:104} INFO - [2023-07-18 19:02:34,701] {dagbag.py:496} INFO - Filling up the DagBag from /home/airflow/.local/lib/python3.6/site-packages/airflow/example_dags/example_trigger_target_dag.py
[2023-07-18 19:02:34,737] {scheduler_job.py:643} INFO - DAG(s) dict_keys(['example_trigger_target_dag']) retrieved from /home/airflow/.local/lib/python3.6/site-packages/airflow/example_dags/example_trigger_target_dag.py
[2023-07-18 19:02:34,792] {logging_mixin.py:104} INFO - [2023-07-18 19:02:34,792] {dag.py:1833} INFO - Sync 1 DAGs
[2023-07-18 19:02:34,838] {logging_mixin.py:104} INFO - [2023-07-18 19:02:34,838] {dag.py:2306} INFO - Setting next_dagrun for example_trigger_target_dag to None
[2023-07-18 19:02:34,867] {scheduler_job.py:190} INFO - Processing /home/airflow/.local/lib/python3.6/site-packages/airflow/example_dags/example_trigger_target_dag.py took 0.184 seconds
[2023-07-18 19:03:05,140] {scheduler_job.py:182} INFO - Started process (PID=669) to work on /home/airflow/.local/lib/python3.6/site-packages/airflow/example_dags/example_trigger_target_dag.py
[2023-07-18 19:03:05,145] {scheduler_job.py:633} INFO - Processing file /home/airflow/.local/lib/python3.6/site-packages/airflow/example_dags/example_trigger_target_dag.py for tasks to queue
[2023-07-18 19:03:05,149] {logging_mixin.py:104} INFO - [2023-07-18 19:03:05,148] {dagbag.py:496} INFO - Filling up the DagBag from /home/airflow/.local/lib/python3.6/site-packages/airflow/example_dags/example_trigger_target_dag.py
[2023-07-18 19:03:05,190] {scheduler_job.py:643} INFO - DAG(s) dict_keys(['example_trigger_target_dag']) retrieved from /home/airflow/.local/lib/python3.6/site-packages/airflow/example_dags/example_trigger_target_dag.py
[2023-07-18 19:03:05,233] {logging_mixin.py:104} INFO - [2023-07-18 19:03:05,233] {dag.py:1833} INFO - Sync 1 DAGs
[2023-07-18 19:03:05,305] {logging_mixin.py:104} INFO - [2023-07-18 19:03:05,304] {dag.py:2306} INFO - Setting next_dagrun for example_trigger_target_dag to None
[2023-07-18 19:03:05,353] {scheduler_job.py:190} INFO - Processing /home/airflow/.local/lib/python3.6/site-packages/airflow/example_dags/example_trigger_target_dag.py took 0.220 seconds
[2023-07-18 19:03:35,643] {scheduler_job.py:182} INFO - Started process (PID=720) to work on /home/airflow/.local/lib/python3.6/site-packages/airflow/example_dags/example_trigger_target_dag.py
[2023-07-18 19:03:35,646] {scheduler_job.py:633} INFO - Processing file /home/airflow/.local/lib/python3.6/site-packages/airflow/example_dags/example_trigger_target_dag.py for tasks to queue
[2023-07-18 19:03:35,653] {logging_mixin.py:104} INFO - [2023-07-18 19:03:35,650] {dagbag.py:496} INFO - Filling up the DagBag from /home/airflow/.local/lib/python3.6/site-packages/airflow/example_dags/example_trigger_target_dag.py
[2023-07-18 19:03:35,678] {scheduler_job.py:643} INFO - DAG(s) dict_keys(['example_trigger_target_dag']) retrieved from /home/airflow/.local/lib/python3.6/site-packages/airflow/example_dags/example_trigger_target_dag.py
[2023-07-18 19:03:35,717] {logging_mixin.py:104} INFO - [2023-07-18 19:03:35,717] {dag.py:1833} INFO - Sync 1 DAGs
[2023-07-18 19:03:35,745] {logging_mixin.py:104} INFO - [2023-07-18 19:03:35,745] {dag.py:2306} INFO - Setting next_dagrun for example_trigger_target_dag to None
[2023-07-18 19:03:35,769] {scheduler_job.py:190} INFO - Processing /home/airflow/.local/lib/python3.6/site-packages/airflow/example_dags/example_trigger_target_dag.py took 0.132 seconds
[2023-07-18 19:04:06,815] {scheduler_job.py:182} INFO - Started process (PID=769) to work on /home/airflow/.local/lib/python3.6/site-packages/airflow/example_dags/example_trigger_target_dag.py
[2023-07-18 19:04:06,836] {scheduler_job.py:633} INFO - Processing file /home/airflow/.local/lib/python3.6/site-packages/airflow/example_dags/example_trigger_target_dag.py for tasks to queue
[2023-07-18 19:04:06,839] {logging_mixin.py:104} INFO - [2023-07-18 19:04:06,839] {dagbag.py:496} INFO - Filling up the DagBag from /home/airflow/.local/lib/python3.6/site-packages/airflow/example_dags/example_trigger_target_dag.py
[2023-07-18 19:04:06,922] {scheduler_job.py:643} INFO - DAG(s) dict_keys(['example_trigger_target_dag']) retrieved from /home/airflow/.local/lib/python3.6/site-packages/airflow/example_dags/example_trigger_target_dag.py
[2023-07-18 19:04:06,997] {logging_mixin.py:104} INFO - [2023-07-18 19:04:06,997] {dag.py:1833} INFO - Sync 1 DAGs
[2023-07-18 19:04:07,062] {logging_mixin.py:104} INFO - [2023-07-18 19:04:07,062] {dag.py:2306} INFO - Setting next_dagrun for example_trigger_target_dag to None
[2023-07-18 19:04:07,118] {scheduler_job.py:190} INFO - Processing /home/airflow/.local/lib/python3.6/site-packages/airflow/example_dags/example_trigger_target_dag.py took 0.326 seconds
[2023-07-18 19:04:37,904] {scheduler_job.py:182} INFO - Started process (PID=829) to work on /home/airflow/.local/lib/python3.6/site-packages/airflow/example_dags/example_trigger_target_dag.py
[2023-07-18 19:04:37,908] {scheduler_job.py:633} INFO - Processing file /home/airflow/.local/lib/python3.6/site-packages/airflow/example_dags/example_trigger_target_dag.py for tasks to queue
[2023-07-18 19:04:37,915] {logging_mixin.py:104} INFO - [2023-07-18 19:04:37,914] {dagbag.py:496} INFO - Filling up the DagBag from /home/airflow/.local/lib/python3.6/site-packages/airflow/example_dags/example_trigger_target_dag.py
[2023-07-18 19:04:38,116] {scheduler_job.py:643} INFO - DAG(s) dict_keys(['example_trigger_target_dag']) retrieved from /home/airflow/.local/lib/python3.6/site-packages/airflow/example_dags/example_trigger_target_dag.py
[2023-07-18 19:04:38,213] {logging_mixin.py:104} INFO - [2023-07-18 19:04:38,213] {dag.py:1833} INFO - Sync 1 DAGs
[2023-07-18 19:04:38,336] {logging_mixin.py:104} INFO - [2023-07-18 19:04:38,335] {dag.py:2306} INFO - Setting next_dagrun for example_trigger_target_dag to None
[2023-07-18 19:04:38,405] {scheduler_job.py:190} INFO - Processing /home/airflow/.local/lib/python3.6/site-packages/airflow/example_dags/example_trigger_target_dag.py took 0.530 seconds
[2023-07-18 19:05:09,108] {scheduler_job.py:182} INFO - Started process (PID=871) to work on /home/airflow/.local/lib/python3.6/site-packages/airflow/example_dags/example_trigger_target_dag.py
[2023-07-18 19:05:09,133] {scheduler_job.py:633} INFO - Processing file /home/airflow/.local/lib/python3.6/site-packages/airflow/example_dags/example_trigger_target_dag.py for tasks to queue
[2023-07-18 19:05:09,135] {logging_mixin.py:104} INFO - [2023-07-18 19:05:09,135] {dagbag.py:496} INFO - Filling up the DagBag from /home/airflow/.local/lib/python3.6/site-packages/airflow/example_dags/example_trigger_target_dag.py
[2023-07-18 19:05:09,197] {scheduler_job.py:643} INFO - DAG(s) dict_keys(['example_trigger_target_dag']) retrieved from /home/airflow/.local/lib/python3.6/site-packages/airflow/example_dags/example_trigger_target_dag.py
[2023-07-18 19:05:09,247] {logging_mixin.py:104} INFO - [2023-07-18 19:05:09,246] {dag.py:1833} INFO - Sync 1 DAGs
[2023-07-18 19:05:09,294] {logging_mixin.py:104} INFO - [2023-07-18 19:05:09,294] {dag.py:2306} INFO - Setting next_dagrun for example_trigger_target_dag to None
[2023-07-18 19:05:09,321] {scheduler_job.py:190} INFO - Processing /home/airflow/.local/lib/python3.6/site-packages/airflow/example_dags/example_trigger_target_dag.py took 0.232 seconds
[2023-07-18 19:05:40,254] {scheduler_job.py:182} INFO - Started process (PID=923) to work on /home/airflow/.local/lib/python3.6/site-packages/airflow/example_dags/example_trigger_target_dag.py
[2023-07-18 19:05:40,259] {scheduler_job.py:633} INFO - Processing file /home/airflow/.local/lib/python3.6/site-packages/airflow/example_dags/example_trigger_target_dag.py for tasks to queue
[2023-07-18 19:05:40,263] {logging_mixin.py:104} INFO - [2023-07-18 19:05:40,262] {dagbag.py:496} INFO - Filling up the DagBag from /home/airflow/.local/lib/python3.6/site-packages/airflow/example_dags/example_trigger_target_dag.py
[2023-07-18 19:05:40,299] {scheduler_job.py:643} INFO - DAG(s) dict_keys(['example_trigger_target_dag']) retrieved from /home/airflow/.local/lib/python3.6/site-packages/airflow/example_dags/example_trigger_target_dag.py
[2023-07-18 19:05:40,365] {logging_mixin.py:104} INFO - [2023-07-18 19:05:40,365] {dag.py:1833} INFO - Sync 1 DAGs
[2023-07-18 19:05:40,397] {logging_mixin.py:104} INFO - [2023-07-18 19:05:40,397] {dag.py:2306} INFO - Setting next_dagrun for example_trigger_target_dag to None
[2023-07-18 19:05:40,426] {scheduler_job.py:190} INFO - Processing /home/airflow/.local/lib/python3.6/site-packages/airflow/example_dags/example_trigger_target_dag.py took 0.192 seconds
[2023-07-18 19:06:10,965] {scheduler_job.py:182} INFO - Started process (PID=973) to work on /home/airflow/.local/lib/python3.6/site-packages/airflow/example_dags/example_trigger_target_dag.py
[2023-07-18 19:06:10,978] {scheduler_job.py:633} INFO - Processing file /home/airflow/.local/lib/python3.6/site-packages/airflow/example_dags/example_trigger_target_dag.py for tasks to queue
[2023-07-18 19:06:10,987] {logging_mixin.py:104} INFO - [2023-07-18 19:06:10,986] {dagbag.py:496} INFO - Filling up the DagBag from /home/airflow/.local/lib/python3.6/site-packages/airflow/example_dags/example_trigger_target_dag.py
[2023-07-18 19:06:11,030] {scheduler_job.py:643} INFO - DAG(s) dict_keys(['example_trigger_target_dag']) retrieved from /home/airflow/.local/lib/python3.6/site-packages/airflow/example_dags/example_trigger_target_dag.py
[2023-07-18 19:06:11,069] {logging_mixin.py:104} INFO - [2023-07-18 19:06:11,069] {dag.py:1833} INFO - Sync 1 DAGs
[2023-07-18 19:06:11,101] {logging_mixin.py:104} INFO - [2023-07-18 19:06:11,101] {dag.py:2306} INFO - Setting next_dagrun for example_trigger_target_dag to None
[2023-07-18 19:06:11,119] {scheduler_job.py:190} INFO - Processing /home/airflow/.local/lib/python3.6/site-packages/airflow/example_dags/example_trigger_target_dag.py took 0.169 seconds
[2023-07-18 19:06:41,484] {scheduler_job.py:182} INFO - Started process (PID=1024) to work on /home/airflow/.local/lib/python3.6/site-packages/airflow/example_dags/example_trigger_target_dag.py
[2023-07-18 19:06:41,490] {scheduler_job.py:633} INFO - Processing file /home/airflow/.local/lib/python3.6/site-packages/airflow/example_dags/example_trigger_target_dag.py for tasks to queue
[2023-07-18 19:06:41,500] {logging_mixin.py:104} INFO - [2023-07-18 19:06:41,499] {dagbag.py:496} INFO - Filling up the DagBag from /home/airflow/.local/lib/python3.6/site-packages/airflow/example_dags/example_trigger_target_dag.py
[2023-07-18 19:06:41,560] {scheduler_job.py:643} INFO - DAG(s) dict_keys(['example_trigger_target_dag']) retrieved from /home/airflow/.local/lib/python3.6/site-packages/airflow/example_dags/example_trigger_target_dag.py
[2023-07-18 19:06:41,637] {logging_mixin.py:104} INFO - [2023-07-18 19:06:41,637] {dag.py:1833} INFO - Sync 1 DAGs
[2023-07-18 19:06:41,686] {logging_mixin.py:104} INFO - [2023-07-18 19:06:41,685] {dag.py:2306} INFO - Setting next_dagrun for example_trigger_target_dag to None
[2023-07-18 19:06:41,720] {scheduler_job.py:190} INFO - Processing /home/airflow/.local/lib/python3.6/site-packages/airflow/example_dags/example_trigger_target_dag.py took 0.248 seconds
[2023-07-18 19:07:11,861] {scheduler_job.py:182} INFO - Started process (PID=1074) to work on /home/airflow/.local/lib/python3.6/site-packages/airflow/example_dags/example_trigger_target_dag.py
[2023-07-18 19:07:11,864] {scheduler_job.py:633} INFO - Processing file /home/airflow/.local/lib/python3.6/site-packages/airflow/example_dags/example_trigger_target_dag.py for tasks to queue
[2023-07-18 19:07:11,868] {logging_mixin.py:104} INFO - [2023-07-18 19:07:11,868] {dagbag.py:496} INFO - Filling up the DagBag from /home/airflow/.local/lib/python3.6/site-packages/airflow/example_dags/example_trigger_target_dag.py
[2023-07-18 19:07:11,900] {scheduler_job.py:643} INFO - DAG(s) dict_keys(['example_trigger_target_dag']) retrieved from /home/airflow/.local/lib/python3.6/site-packages/airflow/example_dags/example_trigger_target_dag.py
[2023-07-18 19:07:11,937] {logging_mixin.py:104} INFO - [2023-07-18 19:07:11,936] {dag.py:1833} INFO - Sync 1 DAGs
[2023-07-18 19:07:11,961] {logging_mixin.py:104} INFO - [2023-07-18 19:07:11,961] {dag.py:2306} INFO - Setting next_dagrun for example_trigger_target_dag to None
[2023-07-18 19:07:11,980] {scheduler_job.py:190} INFO - Processing /home/airflow/.local/lib/python3.6/site-packages/airflow/example_dags/example_trigger_target_dag.py took 0.126 seconds
[2023-07-18 19:07:42,335] {scheduler_job.py:182} INFO - Started process (PID=1125) to work on /home/airflow/.local/lib/python3.6/site-packages/airflow/example_dags/example_trigger_target_dag.py
[2023-07-18 19:07:42,338] {scheduler_job.py:633} INFO - Processing file /home/airflow/.local/lib/python3.6/site-packages/airflow/example_dags/example_trigger_target_dag.py for tasks to queue
[2023-07-18 19:07:42,339] {logging_mixin.py:104} INFO - [2023-07-18 19:07:42,339] {dagbag.py:496} INFO - Filling up the DagBag from /home/airflow/.local/lib/python3.6/site-packages/airflow/example_dags/example_trigger_target_dag.py
[2023-07-18 19:07:42,366] {scheduler_job.py:643} INFO - DAG(s) dict_keys(['example_trigger_target_dag']) retrieved from /home/airflow/.local/lib/python3.6/site-packages/airflow/example_dags/example_trigger_target_dag.py
[2023-07-18 19:07:42,409] {logging_mixin.py:104} INFO - [2023-07-18 19:07:42,408] {dag.py:1833} INFO - Sync 1 DAGs
[2023-07-18 19:07:42,441] {logging_mixin.py:104} INFO - [2023-07-18 19:07:42,440] {dag.py:2306} INFO - Setting next_dagrun for example_trigger_target_dag to None
[2023-07-18 19:07:42,460] {scheduler_job.py:190} INFO - Processing /home/airflow/.local/lib/python3.6/site-packages/airflow/example_dags/example_trigger_target_dag.py took 0.133 seconds
[2023-07-18 19:08:12,876] {scheduler_job.py:182} INFO - Started process (PID=1185) to work on /home/airflow/.local/lib/python3.6/site-packages/airflow/example_dags/example_trigger_target_dag.py
[2023-07-18 19:08:12,885] {scheduler_job.py:633} INFO - Processing file /home/airflow/.local/lib/python3.6/site-packages/airflow/example_dags/example_trigger_target_dag.py for tasks to queue
[2023-07-18 19:08:12,902] {logging_mixin.py:104} INFO - [2023-07-18 19:08:12,902] {dagbag.py:496} INFO - Filling up the DagBag from /home/airflow/.local/lib/python3.6/site-packages/airflow/example_dags/example_trigger_target_dag.py
[2023-07-18 19:08:12,970] {scheduler_job.py:643} INFO - DAG(s) dict_keys(['example_trigger_target_dag']) retrieved from /home/airflow/.local/lib/python3.6/site-packages/airflow/example_dags/example_trigger_target_dag.py
[2023-07-18 19:08:13,116] {logging_mixin.py:104} INFO - [2023-07-18 19:08:13,116] {dag.py:1833} INFO - Sync 1 DAGs
[2023-07-18 19:08:13,225] {logging_mixin.py:104} INFO - [2023-07-18 19:08:13,224] {dag.py:2306} INFO - Setting next_dagrun for example_trigger_target_dag to None
[2023-07-18 19:08:13,304] {scheduler_job.py:190} INFO - Processing /home/airflow/.local/lib/python3.6/site-packages/airflow/example_dags/example_trigger_target_dag.py took 0.437 seconds
[2023-07-18 19:08:43,975] {scheduler_job.py:182} INFO - Started process (PID=1236) to work on /home/airflow/.local/lib/python3.6/site-packages/airflow/example_dags/example_trigger_target_dag.py
[2023-07-18 19:08:44,000] {scheduler_job.py:633} INFO - Processing file /home/airflow/.local/lib/python3.6/site-packages/airflow/example_dags/example_trigger_target_dag.py for tasks to queue
[2023-07-18 19:08:44,014] {logging_mixin.py:104} INFO - [2023-07-18 19:08:44,014] {dagbag.py:496} INFO - Filling up the DagBag from /home/airflow/.local/lib/python3.6/site-packages/airflow/example_dags/example_trigger_target_dag.py
[2023-07-18 19:08:44,127] {scheduler_job.py:643} INFO - DAG(s) dict_keys(['example_trigger_target_dag']) retrieved from /home/airflow/.local/lib/python3.6/site-packages/airflow/example_dags/example_trigger_target_dag.py
[2023-07-18 19:08:44,216] {logging_mixin.py:104} INFO - [2023-07-18 19:08:44,216] {dag.py:1833} INFO - Sync 1 DAGs
[2023-07-18 19:08:44,278] {logging_mixin.py:104} INFO - [2023-07-18 19:08:44,277] {dag.py:2306} INFO - Setting next_dagrun for example_trigger_target_dag to None
[2023-07-18 19:08:44,322] {scheduler_job.py:190} INFO - Processing /home/airflow/.local/lib/python3.6/site-packages/airflow/example_dags/example_trigger_target_dag.py took 0.380 seconds
