[2023-07-18 18:58:01,043] {scheduler_job.py:182} INFO - Started process (PID=164) to work on /home/airflow/.local/lib/python3.6/site-packages/airflow/example_dags/example_short_circuit_operator.py
[2023-07-18 18:58:01,047] {scheduler_job.py:633} INFO - Processing file /home/airflow/.local/lib/python3.6/site-packages/airflow/example_dags/example_short_circuit_operator.py for tasks to queue
[2023-07-18 18:58:01,051] {logging_mixin.py:104} INFO - [2023-07-18 18:58:01,051] {dagbag.py:496} INFO - Filling up the DagBag from /home/airflow/.local/lib/python3.6/site-packages/airflow/example_dags/example_short_circuit_operator.py
[2023-07-18 18:58:01,103] {scheduler_job.py:643} INFO - DAG(s) dict_keys(['example_short_circuit_operator']) retrieved from /home/airflow/.local/lib/python3.6/site-packages/airflow/example_dags/example_short_circuit_operator.py
[2023-07-18 18:58:08,870] {logging_mixin.py:104} INFO - [2023-07-18 18:58:08,867] {dag.py:1833} INFO - Sync 1 DAGs
[2023-07-18 18:58:08,912] {logging_mixin.py:104} INFO - [2023-07-18 18:58:08,910] {dag.py:1852} INFO - Creating ORM DAG for example_short_circuit_operator
[2023-07-18 18:58:08,933] {logging_mixin.py:104} INFO - [2023-07-18 18:58:08,933] {dag.py:2306} INFO - Setting next_dagrun for example_short_circuit_operator to 2023-07-16 00:00:00+00:00
[2023-07-18 18:58:08,974] {scheduler_job.py:190} INFO - Processing /home/airflow/.local/lib/python3.6/site-packages/airflow/example_dags/example_short_circuit_operator.py took 7.940 seconds
[2023-07-18 18:59:01,636] {scheduler_job.py:182} INFO - Started process (PID=256) to work on /home/airflow/.local/lib/python3.6/site-packages/airflow/example_dags/example_short_circuit_operator.py
[2023-07-18 18:59:01,642] {scheduler_job.py:633} INFO - Processing file /home/airflow/.local/lib/python3.6/site-packages/airflow/example_dags/example_short_circuit_operator.py for tasks to queue
[2023-07-18 18:59:01,645] {logging_mixin.py:104} INFO - [2023-07-18 18:59:01,644] {dagbag.py:496} INFO - Filling up the DagBag from /home/airflow/.local/lib/python3.6/site-packages/airflow/example_dags/example_short_circuit_operator.py
[2023-07-18 18:59:01,673] {scheduler_job.py:643} INFO - DAG(s) dict_keys(['example_short_circuit_operator']) retrieved from /home/airflow/.local/lib/python3.6/site-packages/airflow/example_dags/example_short_circuit_operator.py
[2023-07-18 18:59:01,725] {logging_mixin.py:104} INFO - [2023-07-18 18:59:01,724] {dag.py:1833} INFO - Sync 1 DAGs
[2023-07-18 18:59:01,764] {logging_mixin.py:104} INFO - [2023-07-18 18:59:01,764] {dag.py:2306} INFO - Setting next_dagrun for example_short_circuit_operator to 2023-07-16 00:00:00+00:00
[2023-07-18 18:59:01,792] {scheduler_job.py:190} INFO - Processing /home/airflow/.local/lib/python3.6/site-packages/airflow/example_dags/example_short_circuit_operator.py took 0.164 seconds
[2023-07-18 18:59:32,412] {scheduler_job.py:182} INFO - Started process (PID=307) to work on /home/airflow/.local/lib/python3.6/site-packages/airflow/example_dags/example_short_circuit_operator.py
[2023-07-18 18:59:32,415] {scheduler_job.py:633} INFO - Processing file /home/airflow/.local/lib/python3.6/site-packages/airflow/example_dags/example_short_circuit_operator.py for tasks to queue
[2023-07-18 18:59:32,417] {logging_mixin.py:104} INFO - [2023-07-18 18:59:32,416] {dagbag.py:496} INFO - Filling up the DagBag from /home/airflow/.local/lib/python3.6/site-packages/airflow/example_dags/example_short_circuit_operator.py
[2023-07-18 18:59:32,437] {scheduler_job.py:643} INFO - DAG(s) dict_keys(['example_short_circuit_operator']) retrieved from /home/airflow/.local/lib/python3.6/site-packages/airflow/example_dags/example_short_circuit_operator.py
[2023-07-18 18:59:32,465] {logging_mixin.py:104} INFO - [2023-07-18 18:59:32,465] {dag.py:1833} INFO - Sync 1 DAGs
[2023-07-18 18:59:32,490] {logging_mixin.py:104} INFO - [2023-07-18 18:59:32,490] {dag.py:2306} INFO - Setting next_dagrun for example_short_circuit_operator to 2023-07-16 00:00:00+00:00
[2023-07-18 18:59:32,514] {scheduler_job.py:190} INFO - Processing /home/airflow/.local/lib/python3.6/site-packages/airflow/example_dags/example_short_circuit_operator.py took 0.106 seconds
[2023-07-18 19:00:03,919] {scheduler_job.py:182} INFO - Started process (PID=366) to work on /home/airflow/.local/lib/python3.6/site-packages/airflow/example_dags/example_short_circuit_operator.py
[2023-07-18 19:00:03,933] {scheduler_job.py:633} INFO - Processing file /home/airflow/.local/lib/python3.6/site-packages/airflow/example_dags/example_short_circuit_operator.py for tasks to queue
[2023-07-18 19:00:03,939] {logging_mixin.py:104} INFO - [2023-07-18 19:00:03,939] {dagbag.py:496} INFO - Filling up the DagBag from /home/airflow/.local/lib/python3.6/site-packages/airflow/example_dags/example_short_circuit_operator.py
[2023-07-18 19:00:04,043] {scheduler_job.py:643} INFO - DAG(s) dict_keys(['example_short_circuit_operator']) retrieved from /home/airflow/.local/lib/python3.6/site-packages/airflow/example_dags/example_short_circuit_operator.py
[2023-07-18 19:00:04,095] {logging_mixin.py:104} INFO - [2023-07-18 19:00:04,095] {dag.py:1833} INFO - Sync 1 DAGs
[2023-07-18 19:00:04,134] {logging_mixin.py:104} INFO - [2023-07-18 19:00:04,134] {dag.py:2306} INFO - Setting next_dagrun for example_short_circuit_operator to 2023-07-16 00:00:00+00:00
[2023-07-18 19:00:04,157] {scheduler_job.py:190} INFO - Processing /home/airflow/.local/lib/python3.6/site-packages/airflow/example_dags/example_short_circuit_operator.py took 0.270 seconds
[2023-07-18 19:00:34,580] {scheduler_job.py:182} INFO - Started process (PID=416) to work on /home/airflow/.local/lib/python3.6/site-packages/airflow/example_dags/example_short_circuit_operator.py
[2023-07-18 19:00:34,583] {scheduler_job.py:633} INFO - Processing file /home/airflow/.local/lib/python3.6/site-packages/airflow/example_dags/example_short_circuit_operator.py for tasks to queue
[2023-07-18 19:00:34,586] {logging_mixin.py:104} INFO - [2023-07-18 19:00:34,585] {dagbag.py:496} INFO - Filling up the DagBag from /home/airflow/.local/lib/python3.6/site-packages/airflow/example_dags/example_short_circuit_operator.py
[2023-07-18 19:00:34,609] {scheduler_job.py:643} INFO - DAG(s) dict_keys(['example_short_circuit_operator']) retrieved from /home/airflow/.local/lib/python3.6/site-packages/airflow/example_dags/example_short_circuit_operator.py
[2023-07-18 19:00:34,642] {logging_mixin.py:104} INFO - [2023-07-18 19:00:34,641] {dag.py:1833} INFO - Sync 1 DAGs
[2023-07-18 19:00:34,670] {logging_mixin.py:104} INFO - [2023-07-18 19:00:34,670] {dag.py:2306} INFO - Setting next_dagrun for example_short_circuit_operator to 2023-07-16 00:00:00+00:00
[2023-07-18 19:00:34,685] {scheduler_job.py:190} INFO - Processing /home/airflow/.local/lib/python3.6/site-packages/airflow/example_dags/example_short_circuit_operator.py took 0.111 seconds
[2023-07-18 19:01:05,723] {scheduler_job.py:182} INFO - Started process (PID=468) to work on /home/airflow/.local/lib/python3.6/site-packages/airflow/example_dags/example_short_circuit_operator.py
[2023-07-18 19:01:05,725] {scheduler_job.py:633} INFO - Processing file /home/airflow/.local/lib/python3.6/site-packages/airflow/example_dags/example_short_circuit_operator.py for tasks to queue
[2023-07-18 19:01:05,727] {logging_mixin.py:104} INFO - [2023-07-18 19:01:05,727] {dagbag.py:496} INFO - Filling up the DagBag from /home/airflow/.local/lib/python3.6/site-packages/airflow/example_dags/example_short_circuit_operator.py
[2023-07-18 19:01:05,754] {scheduler_job.py:643} INFO - DAG(s) dict_keys(['example_short_circuit_operator']) retrieved from /home/airflow/.local/lib/python3.6/site-packages/airflow/example_dags/example_short_circuit_operator.py
[2023-07-18 19:01:05,799] {logging_mixin.py:104} INFO - [2023-07-18 19:01:05,799] {dag.py:1833} INFO - Sync 1 DAGs
[2023-07-18 19:01:05,835] {logging_mixin.py:104} INFO - [2023-07-18 19:01:05,835] {dag.py:2306} INFO - Setting next_dagrun for example_short_circuit_operator to 2023-07-16 00:00:00+00:00
[2023-07-18 19:01:05,863] {scheduler_job.py:190} INFO - Processing /home/airflow/.local/lib/python3.6/site-packages/airflow/example_dags/example_short_circuit_operator.py took 0.146 seconds
[2023-07-18 19:01:36,199] {scheduler_job.py:182} INFO - Started process (PID=519) to work on /home/airflow/.local/lib/python3.6/site-packages/airflow/example_dags/example_short_circuit_operator.py
[2023-07-18 19:01:36,202] {scheduler_job.py:633} INFO - Processing file /home/airflow/.local/lib/python3.6/site-packages/airflow/example_dags/example_short_circuit_operator.py for tasks to queue
[2023-07-18 19:01:36,205] {logging_mixin.py:104} INFO - [2023-07-18 19:01:36,204] {dagbag.py:496} INFO - Filling up the DagBag from /home/airflow/.local/lib/python3.6/site-packages/airflow/example_dags/example_short_circuit_operator.py
[2023-07-18 19:01:36,230] {scheduler_job.py:643} INFO - DAG(s) dict_keys(['example_short_circuit_operator']) retrieved from /home/airflow/.local/lib/python3.6/site-packages/airflow/example_dags/example_short_circuit_operator.py
[2023-07-18 19:01:36,270] {logging_mixin.py:104} INFO - [2023-07-18 19:01:36,270] {dag.py:1833} INFO - Sync 1 DAGs
[2023-07-18 19:01:36,317] {logging_mixin.py:104} INFO - [2023-07-18 19:01:36,317] {dag.py:2306} INFO - Setting next_dagrun for example_short_circuit_operator to 2023-07-16 00:00:00+00:00
[2023-07-18 19:01:36,333] {scheduler_job.py:190} INFO - Processing /home/airflow/.local/lib/python3.6/site-packages/airflow/example_dags/example_short_circuit_operator.py took 0.140 seconds
[2023-07-18 19:02:06,528] {scheduler_job.py:182} INFO - Started process (PID=579) to work on /home/airflow/.local/lib/python3.6/site-packages/airflow/example_dags/example_short_circuit_operator.py
[2023-07-18 19:02:06,535] {scheduler_job.py:633} INFO - Processing file /home/airflow/.local/lib/python3.6/site-packages/airflow/example_dags/example_short_circuit_operator.py for tasks to queue
[2023-07-18 19:02:06,558] {logging_mixin.py:104} INFO - [2023-07-18 19:02:06,557] {dagbag.py:496} INFO - Filling up the DagBag from /home/airflow/.local/lib/python3.6/site-packages/airflow/example_dags/example_short_circuit_operator.py
[2023-07-18 19:02:06,616] {scheduler_job.py:643} INFO - DAG(s) dict_keys(['example_short_circuit_operator']) retrieved from /home/airflow/.local/lib/python3.6/site-packages/airflow/example_dags/example_short_circuit_operator.py
[2023-07-18 19:02:06,693] {logging_mixin.py:104} INFO - [2023-07-18 19:02:06,693] {dag.py:1833} INFO - Sync 1 DAGs
[2023-07-18 19:02:06,778] {logging_mixin.py:104} INFO - [2023-07-18 19:02:06,778] {dag.py:2306} INFO - Setting next_dagrun for example_short_circuit_operator to 2023-07-16 00:00:00+00:00
[2023-07-18 19:02:06,833] {scheduler_job.py:190} INFO - Processing /home/airflow/.local/lib/python3.6/site-packages/airflow/example_dags/example_short_circuit_operator.py took 0.336 seconds
[2023-07-18 19:02:37,228] {scheduler_job.py:182} INFO - Started process (PID=630) to work on /home/airflow/.local/lib/python3.6/site-packages/airflow/example_dags/example_short_circuit_operator.py
[2023-07-18 19:02:37,231] {scheduler_job.py:633} INFO - Processing file /home/airflow/.local/lib/python3.6/site-packages/airflow/example_dags/example_short_circuit_operator.py for tasks to queue
[2023-07-18 19:02:37,234] {logging_mixin.py:104} INFO - [2023-07-18 19:02:37,233] {dagbag.py:496} INFO - Filling up the DagBag from /home/airflow/.local/lib/python3.6/site-packages/airflow/example_dags/example_short_circuit_operator.py
[2023-07-18 19:02:37,256] {scheduler_job.py:643} INFO - DAG(s) dict_keys(['example_short_circuit_operator']) retrieved from /home/airflow/.local/lib/python3.6/site-packages/airflow/example_dags/example_short_circuit_operator.py
[2023-07-18 19:02:37,291] {logging_mixin.py:104} INFO - [2023-07-18 19:02:37,291] {dag.py:1833} INFO - Sync 1 DAGs
[2023-07-18 19:02:37,327] {logging_mixin.py:104} INFO - [2023-07-18 19:02:37,326] {dag.py:2306} INFO - Setting next_dagrun for example_short_circuit_operator to 2023-07-16 00:00:00+00:00
[2023-07-18 19:02:37,347] {scheduler_job.py:190} INFO - Processing /home/airflow/.local/lib/python3.6/site-packages/airflow/example_dags/example_short_circuit_operator.py took 0.123 seconds
[2023-07-18 19:03:07,675] {scheduler_job.py:182} INFO - Started process (PID=681) to work on /home/airflow/.local/lib/python3.6/site-packages/airflow/example_dags/example_short_circuit_operator.py
[2023-07-18 19:03:07,678] {scheduler_job.py:633} INFO - Processing file /home/airflow/.local/lib/python3.6/site-packages/airflow/example_dags/example_short_circuit_operator.py for tasks to queue
[2023-07-18 19:03:07,682] {logging_mixin.py:104} INFO - [2023-07-18 19:03:07,682] {dagbag.py:496} INFO - Filling up the DagBag from /home/airflow/.local/lib/python3.6/site-packages/airflow/example_dags/example_short_circuit_operator.py
[2023-07-18 19:03:07,711] {scheduler_job.py:643} INFO - DAG(s) dict_keys(['example_short_circuit_operator']) retrieved from /home/airflow/.local/lib/python3.6/site-packages/airflow/example_dags/example_short_circuit_operator.py
[2023-07-18 19:03:07,753] {logging_mixin.py:104} INFO - [2023-07-18 19:03:07,753] {dag.py:1833} INFO - Sync 1 DAGs
[2023-07-18 19:03:07,790] {logging_mixin.py:104} INFO - [2023-07-18 19:03:07,790] {dag.py:2306} INFO - Setting next_dagrun for example_short_circuit_operator to 2023-07-16 00:00:00+00:00
[2023-07-18 19:03:07,810] {scheduler_job.py:190} INFO - Processing /home/airflow/.local/lib/python3.6/site-packages/airflow/example_dags/example_short_circuit_operator.py took 0.146 seconds
[2023-07-18 19:03:39,056] {scheduler_job.py:182} INFO - Started process (PID=732) to work on /home/airflow/.local/lib/python3.6/site-packages/airflow/example_dags/example_short_circuit_operator.py
[2023-07-18 19:03:39,062] {scheduler_job.py:633} INFO - Processing file /home/airflow/.local/lib/python3.6/site-packages/airflow/example_dags/example_short_circuit_operator.py for tasks to queue
[2023-07-18 19:03:39,065] {logging_mixin.py:104} INFO - [2023-07-18 19:03:39,065] {dagbag.py:496} INFO - Filling up the DagBag from /home/airflow/.local/lib/python3.6/site-packages/airflow/example_dags/example_short_circuit_operator.py
[2023-07-18 19:03:39,105] {scheduler_job.py:643} INFO - DAG(s) dict_keys(['example_short_circuit_operator']) retrieved from /home/airflow/.local/lib/python3.6/site-packages/airflow/example_dags/example_short_circuit_operator.py
[2023-07-18 19:03:39,157] {logging_mixin.py:104} INFO - [2023-07-18 19:03:39,157] {dag.py:1833} INFO - Sync 1 DAGs
[2023-07-18 19:03:39,196] {logging_mixin.py:104} INFO - [2023-07-18 19:03:39,196] {dag.py:2306} INFO - Setting next_dagrun for example_short_circuit_operator to 2023-07-16 00:00:00+00:00
[2023-07-18 19:03:39,224] {scheduler_job.py:190} INFO - Processing /home/airflow/.local/lib/python3.6/site-packages/airflow/example_dags/example_short_circuit_operator.py took 0.172 seconds
[2023-07-18 19:04:10,700] {scheduler_job.py:182} INFO - Started process (PID=791) to work on /home/airflow/.local/lib/python3.6/site-packages/airflow/example_dags/example_short_circuit_operator.py
[2023-07-18 19:04:10,703] {scheduler_job.py:633} INFO - Processing file /home/airflow/.local/lib/python3.6/site-packages/airflow/example_dags/example_short_circuit_operator.py for tasks to queue
[2023-07-18 19:04:10,706] {logging_mixin.py:104} INFO - [2023-07-18 19:04:10,705] {dagbag.py:496} INFO - Filling up the DagBag from /home/airflow/.local/lib/python3.6/site-packages/airflow/example_dags/example_short_circuit_operator.py
[2023-07-18 19:04:10,775] {scheduler_job.py:643} INFO - DAG(s) dict_keys(['example_short_circuit_operator']) retrieved from /home/airflow/.local/lib/python3.6/site-packages/airflow/example_dags/example_short_circuit_operator.py
[2023-07-18 19:04:10,864] {logging_mixin.py:104} INFO - [2023-07-18 19:04:10,864] {dag.py:1833} INFO - Sync 1 DAGs
[2023-07-18 19:04:10,920] {logging_mixin.py:104} INFO - [2023-07-18 19:04:10,920] {dag.py:2306} INFO - Setting next_dagrun for example_short_circuit_operator to 2023-07-16 00:00:00+00:00
[2023-07-18 19:04:10,975] {scheduler_job.py:190} INFO - Processing /home/airflow/.local/lib/python3.6/site-packages/airflow/example_dags/example_short_circuit_operator.py took 0.303 seconds
[2023-07-18 19:04:43,449] {scheduler_job.py:182} INFO - Started process (PID=842) to work on /home/airflow/.local/lib/python3.6/site-packages/airflow/example_dags/example_short_circuit_operator.py
[2023-07-18 19:04:43,458] {scheduler_job.py:633} INFO - Processing file /home/airflow/.local/lib/python3.6/site-packages/airflow/example_dags/example_short_circuit_operator.py for tasks to queue
[2023-07-18 19:04:43,463] {logging_mixin.py:104} INFO - [2023-07-18 19:04:43,462] {dagbag.py:496} INFO - Filling up the DagBag from /home/airflow/.local/lib/python3.6/site-packages/airflow/example_dags/example_short_circuit_operator.py
[2023-07-18 19:04:43,625] {scheduler_job.py:643} INFO - DAG(s) dict_keys(['example_short_circuit_operator']) retrieved from /home/airflow/.local/lib/python3.6/site-packages/airflow/example_dags/example_short_circuit_operator.py
[2023-07-18 19:04:43,805] {logging_mixin.py:104} INFO - [2023-07-18 19:04:43,805] {dag.py:1833} INFO - Sync 1 DAGs
[2023-07-18 19:04:43,971] {logging_mixin.py:104} INFO - [2023-07-18 19:04:43,971] {dag.py:2306} INFO - Setting next_dagrun for example_short_circuit_operator to 2023-07-16 00:00:00+00:00
[2023-07-18 19:04:44,018] {scheduler_job.py:190} INFO - Processing /home/airflow/.local/lib/python3.6/site-packages/airflow/example_dags/example_short_circuit_operator.py took 0.596 seconds
[2023-07-18 19:05:14,390] {scheduler_job.py:182} INFO - Started process (PID=894) to work on /home/airflow/.local/lib/python3.6/site-packages/airflow/example_dags/example_short_circuit_operator.py
[2023-07-18 19:05:14,394] {scheduler_job.py:633} INFO - Processing file /home/airflow/.local/lib/python3.6/site-packages/airflow/example_dags/example_short_circuit_operator.py for tasks to queue
[2023-07-18 19:05:14,403] {logging_mixin.py:104} INFO - [2023-07-18 19:05:14,400] {dagbag.py:496} INFO - Filling up the DagBag from /home/airflow/.local/lib/python3.6/site-packages/airflow/example_dags/example_short_circuit_operator.py
[2023-07-18 19:05:14,472] {scheduler_job.py:643} INFO - DAG(s) dict_keys(['example_short_circuit_operator']) retrieved from /home/airflow/.local/lib/python3.6/site-packages/airflow/example_dags/example_short_circuit_operator.py
[2023-07-18 19:05:14,542] {logging_mixin.py:104} INFO - [2023-07-18 19:05:14,542] {dag.py:1833} INFO - Sync 1 DAGs
[2023-07-18 19:05:14,626] {logging_mixin.py:104} INFO - [2023-07-18 19:05:14,626] {dag.py:2306} INFO - Setting next_dagrun for example_short_circuit_operator to 2023-07-16 00:00:00+00:00
[2023-07-18 19:05:14,702] {scheduler_job.py:190} INFO - Processing /home/airflow/.local/lib/python3.6/site-packages/airflow/example_dags/example_short_circuit_operator.py took 0.328 seconds
[2023-07-18 19:05:45,144] {scheduler_job.py:182} INFO - Started process (PID=944) to work on /home/airflow/.local/lib/python3.6/site-packages/airflow/example_dags/example_short_circuit_operator.py
[2023-07-18 19:05:45,147] {scheduler_job.py:633} INFO - Processing file /home/airflow/.local/lib/python3.6/site-packages/airflow/example_dags/example_short_circuit_operator.py for tasks to queue
[2023-07-18 19:05:45,156] {logging_mixin.py:104} INFO - [2023-07-18 19:05:45,156] {dagbag.py:496} INFO - Filling up the DagBag from /home/airflow/.local/lib/python3.6/site-packages/airflow/example_dags/example_short_circuit_operator.py
[2023-07-18 19:05:45,201] {scheduler_job.py:643} INFO - DAG(s) dict_keys(['example_short_circuit_operator']) retrieved from /home/airflow/.local/lib/python3.6/site-packages/airflow/example_dags/example_short_circuit_operator.py
[2023-07-18 19:05:45,278] {logging_mixin.py:104} INFO - [2023-07-18 19:05:45,277] {dag.py:1833} INFO - Sync 1 DAGs
[2023-07-18 19:05:45,334] {logging_mixin.py:104} INFO - [2023-07-18 19:05:45,334] {dag.py:2306} INFO - Setting next_dagrun for example_short_circuit_operator to 2023-07-16 00:00:00+00:00
[2023-07-18 19:05:45,364] {scheduler_job.py:190} INFO - Processing /home/airflow/.local/lib/python3.6/site-packages/airflow/example_dags/example_short_circuit_operator.py took 0.229 seconds
[2023-07-18 19:06:16,138] {scheduler_job.py:182} INFO - Started process (PID=994) to work on /home/airflow/.local/lib/python3.6/site-packages/airflow/example_dags/example_short_circuit_operator.py
[2023-07-18 19:06:16,156] {scheduler_job.py:633} INFO - Processing file /home/airflow/.local/lib/python3.6/site-packages/airflow/example_dags/example_short_circuit_operator.py for tasks to queue
[2023-07-18 19:06:16,165] {logging_mixin.py:104} INFO - [2023-07-18 19:06:16,164] {dagbag.py:496} INFO - Filling up the DagBag from /home/airflow/.local/lib/python3.6/site-packages/airflow/example_dags/example_short_circuit_operator.py
[2023-07-18 19:06:16,267] {scheduler_job.py:643} INFO - DAG(s) dict_keys(['example_short_circuit_operator']) retrieved from /home/airflow/.local/lib/python3.6/site-packages/airflow/example_dags/example_short_circuit_operator.py
[2023-07-18 19:06:16,390] {logging_mixin.py:104} INFO - [2023-07-18 19:06:16,390] {dag.py:1833} INFO - Sync 1 DAGs
[2023-07-18 19:06:16,578] {logging_mixin.py:104} INFO - [2023-07-18 19:06:16,578] {dag.py:2306} INFO - Setting next_dagrun for example_short_circuit_operator to 2023-07-16 00:00:00+00:00
[2023-07-18 19:06:16,659] {scheduler_job.py:190} INFO - Processing /home/airflow/.local/lib/python3.6/site-packages/airflow/example_dags/example_short_circuit_operator.py took 0.530 seconds
[2023-07-18 19:06:47,142] {scheduler_job.py:182} INFO - Started process (PID=1044) to work on /home/airflow/.local/lib/python3.6/site-packages/airflow/example_dags/example_short_circuit_operator.py
[2023-07-18 19:06:47,149] {scheduler_job.py:633} INFO - Processing file /home/airflow/.local/lib/python3.6/site-packages/airflow/example_dags/example_short_circuit_operator.py for tasks to queue
[2023-07-18 19:06:47,153] {logging_mixin.py:104} INFO - [2023-07-18 19:06:47,152] {dagbag.py:496} INFO - Filling up the DagBag from /home/airflow/.local/lib/python3.6/site-packages/airflow/example_dags/example_short_circuit_operator.py
[2023-07-18 19:06:47,220] {scheduler_job.py:643} INFO - DAG(s) dict_keys(['example_short_circuit_operator']) retrieved from /home/airflow/.local/lib/python3.6/site-packages/airflow/example_dags/example_short_circuit_operator.py
[2023-07-18 19:06:47,298] {logging_mixin.py:104} INFO - [2023-07-18 19:06:47,297] {dag.py:1833} INFO - Sync 1 DAGs
[2023-07-18 19:06:47,371] {logging_mixin.py:104} INFO - [2023-07-18 19:06:47,371] {dag.py:2306} INFO - Setting next_dagrun for example_short_circuit_operator to 2023-07-16 00:00:00+00:00
[2023-07-18 19:06:47,446] {scheduler_job.py:190} INFO - Processing /home/airflow/.local/lib/python3.6/site-packages/airflow/example_dags/example_short_circuit_operator.py took 0.318 seconds
[2023-07-18 19:07:17,950] {scheduler_job.py:182} INFO - Started process (PID=1092) to work on /home/airflow/.local/lib/python3.6/site-packages/airflow/example_dags/example_short_circuit_operator.py
[2023-07-18 19:07:17,957] {scheduler_job.py:633} INFO - Processing file /home/airflow/.local/lib/python3.6/site-packages/airflow/example_dags/example_short_circuit_operator.py for tasks to queue
[2023-07-18 19:07:17,969] {logging_mixin.py:104} INFO - [2023-07-18 19:07:17,964] {dagbag.py:496} INFO - Filling up the DagBag from /home/airflow/.local/lib/python3.6/site-packages/airflow/example_dags/example_short_circuit_operator.py
[2023-07-18 19:07:18,068] {scheduler_job.py:643} INFO - DAG(s) dict_keys(['example_short_circuit_operator']) retrieved from /home/airflow/.local/lib/python3.6/site-packages/airflow/example_dags/example_short_circuit_operator.py
[2023-07-18 19:07:18,140] {logging_mixin.py:104} INFO - [2023-07-18 19:07:18,140] {dag.py:1833} INFO - Sync 1 DAGs
[2023-07-18 19:07:18,207] {logging_mixin.py:104} INFO - [2023-07-18 19:07:18,206] {dag.py:2306} INFO - Setting next_dagrun for example_short_circuit_operator to 2023-07-16 00:00:00+00:00
[2023-07-18 19:07:18,246] {scheduler_job.py:190} INFO - Processing /home/airflow/.local/lib/python3.6/site-packages/airflow/example_dags/example_short_circuit_operator.py took 0.330 seconds
[2023-07-18 19:07:48,535] {scheduler_job.py:182} INFO - Started process (PID=1147) to work on /home/airflow/.local/lib/python3.6/site-packages/airflow/example_dags/example_short_circuit_operator.py
[2023-07-18 19:07:48,543] {scheduler_job.py:633} INFO - Processing file /home/airflow/.local/lib/python3.6/site-packages/airflow/example_dags/example_short_circuit_operator.py for tasks to queue
[2023-07-18 19:07:48,555] {logging_mixin.py:104} INFO - [2023-07-18 19:07:48,555] {dagbag.py:496} INFO - Filling up the DagBag from /home/airflow/.local/lib/python3.6/site-packages/airflow/example_dags/example_short_circuit_operator.py
[2023-07-18 19:07:48,619] {scheduler_job.py:643} INFO - DAG(s) dict_keys(['example_short_circuit_operator']) retrieved from /home/airflow/.local/lib/python3.6/site-packages/airflow/example_dags/example_short_circuit_operator.py
[2023-07-18 19:07:48,674] {logging_mixin.py:104} INFO - [2023-07-18 19:07:48,674] {dag.py:1833} INFO - Sync 1 DAGs
[2023-07-18 19:07:48,717] {logging_mixin.py:104} INFO - [2023-07-18 19:07:48,717] {dag.py:2306} INFO - Setting next_dagrun for example_short_circuit_operator to 2023-07-16 00:00:00+00:00
[2023-07-18 19:07:48,741] {scheduler_job.py:190} INFO - Processing /home/airflow/.local/lib/python3.6/site-packages/airflow/example_dags/example_short_circuit_operator.py took 0.226 seconds
[2023-07-18 19:08:18,963] {scheduler_job.py:182} INFO - Started process (PID=1198) to work on /home/airflow/.local/lib/python3.6/site-packages/airflow/example_dags/example_short_circuit_operator.py
[2023-07-18 19:08:18,970] {scheduler_job.py:633} INFO - Processing file /home/airflow/.local/lib/python3.6/site-packages/airflow/example_dags/example_short_circuit_operator.py for tasks to queue
[2023-07-18 19:08:18,980] {logging_mixin.py:104} INFO - [2023-07-18 19:08:18,979] {dagbag.py:496} INFO - Filling up the DagBag from /home/airflow/.local/lib/python3.6/site-packages/airflow/example_dags/example_short_circuit_operator.py
[2023-07-18 19:08:19,030] {scheduler_job.py:643} INFO - DAG(s) dict_keys(['example_short_circuit_operator']) retrieved from /home/airflow/.local/lib/python3.6/site-packages/airflow/example_dags/example_short_circuit_operator.py
[2023-07-18 19:08:19,103] {logging_mixin.py:104} INFO - [2023-07-18 19:08:19,102] {dag.py:1833} INFO - Sync 1 DAGs
[2023-07-18 19:08:19,148] {logging_mixin.py:104} INFO - [2023-07-18 19:08:19,147] {dag.py:2306} INFO - Setting next_dagrun for example_short_circuit_operator to 2023-07-16 00:00:00+00:00
[2023-07-18 19:08:19,174] {scheduler_job.py:190} INFO - Processing /home/airflow/.local/lib/python3.6/site-packages/airflow/example_dags/example_short_circuit_operator.py took 0.230 seconds
