[2023-07-18 18:45:29,175] {scheduler_job.py:182} INFO - Started process (PID=99) to work on /home/airflow/.local/lib/python3.6/site-packages/airflow/example_dags/tutorial_taskflow_api_etl.py
[2023-07-18 18:45:29,179] {scheduler_job.py:633} INFO - Processing file /home/airflow/.local/lib/python3.6/site-packages/airflow/example_dags/tutorial_taskflow_api_etl.py for tasks to queue
[2023-07-18 18:45:29,187] {logging_mixin.py:104} INFO - [2023-07-18 18:45:29,187] {dagbag.py:496} INFO - Filling up the DagBag from /home/airflow/.local/lib/python3.6/site-packages/airflow/example_dags/tutorial_taskflow_api_etl.py
[2023-07-18 18:45:29,345] {scheduler_job.py:643} INFO - DAG(s) dict_keys(['tutorial_taskflow_api_etl']) retrieved from /home/airflow/.local/lib/python3.6/site-packages/airflow/example_dags/tutorial_taskflow_api_etl.py
[2023-07-18 18:45:59,136] {logging_mixin.py:104} INFO - [2023-07-18 18:45:59,134] {dag.py:1833} INFO - Sync 1 DAGs
[2023-07-18 18:45:59,182] {logging_mixin.py:104} INFO - [2023-07-18 18:45:59,179] {dag.py:1852} INFO - Creating ORM DAG for tutorial_taskflow_api_etl
[2023-07-18 18:45:59,293] {logging_mixin.py:104} INFO - [2023-07-18 18:45:59,293] {dag.py:2306} INFO - Setting next_dagrun for tutorial_taskflow_api_etl to None
[2023-07-18 18:45:59,421] {scheduler_job.py:190} INFO - Processing /home/airflow/.local/lib/python3.6/site-packages/airflow/example_dags/tutorial_taskflow_api_etl.py took 30.254 seconds
[2023-07-18 18:56:43,250] {scheduler_job.py:182} INFO - Started process (PID=89) to work on /home/airflow/.local/lib/python3.6/site-packages/airflow/example_dags/tutorial_taskflow_api_etl.py
[2023-07-18 18:56:43,299] {scheduler_job.py:633} INFO - Processing file /home/airflow/.local/lib/python3.6/site-packages/airflow/example_dags/tutorial_taskflow_api_etl.py for tasks to queue
[2023-07-18 18:56:43,330] {logging_mixin.py:104} INFO - [2023-07-18 18:56:43,330] {dagbag.py:496} INFO - Filling up the DagBag from /home/airflow/.local/lib/python3.6/site-packages/airflow/example_dags/tutorial_taskflow_api_etl.py
[2023-07-18 18:56:43,785] {scheduler_job.py:643} INFO - DAG(s) dict_keys(['tutorial_taskflow_api_etl']) retrieved from /home/airflow/.local/lib/python3.6/site-packages/airflow/example_dags/tutorial_taskflow_api_etl.py
[2023-07-18 18:56:45,567] {logging_mixin.py:104} INFO - [2023-07-18 18:56:45,567] {dag.py:1833} INFO - Sync 1 DAGs
[2023-07-18 18:56:45,626] {logging_mixin.py:104} INFO - [2023-07-18 18:56:45,626] {dag.py:2306} INFO - Setting next_dagrun for tutorial_taskflow_api_etl to None
[2023-07-18 18:56:45,672] {scheduler_job.py:190} INFO - Processing /home/airflow/.local/lib/python3.6/site-packages/airflow/example_dags/tutorial_taskflow_api_etl.py took 2.493 seconds
[2023-07-18 18:58:58,955] {scheduler_job.py:182} INFO - Started process (PID=243) to work on /home/airflow/.local/lib/python3.6/site-packages/airflow/example_dags/tutorial_taskflow_api_etl.py
[2023-07-18 18:58:58,960] {scheduler_job.py:633} INFO - Processing file /home/airflow/.local/lib/python3.6/site-packages/airflow/example_dags/tutorial_taskflow_api_etl.py for tasks to queue
[2023-07-18 18:58:58,963] {logging_mixin.py:104} INFO - [2023-07-18 18:58:58,963] {dagbag.py:496} INFO - Filling up the DagBag from /home/airflow/.local/lib/python3.6/site-packages/airflow/example_dags/tutorial_taskflow_api_etl.py
[2023-07-18 18:58:59,045] {scheduler_job.py:643} INFO - DAG(s) dict_keys(['tutorial_taskflow_api_etl']) retrieved from /home/airflow/.local/lib/python3.6/site-packages/airflow/example_dags/tutorial_taskflow_api_etl.py
[2023-07-18 18:58:59,910] {logging_mixin.py:104} INFO - [2023-07-18 18:58:59,909] {dag.py:1833} INFO - Sync 1 DAGs
[2023-07-18 18:59:00,006] {logging_mixin.py:104} INFO - [2023-07-18 18:59:00,005] {dag.py:2306} INFO - Setting next_dagrun for tutorial_taskflow_api_etl to None
[2023-07-18 18:59:00,101] {scheduler_job.py:190} INFO - Processing /home/airflow/.local/lib/python3.6/site-packages/airflow/example_dags/tutorial_taskflow_api_etl.py took 1.159 seconds
[2023-07-18 18:59:30,203] {scheduler_job.py:182} INFO - Started process (PID=294) to work on /home/airflow/.local/lib/python3.6/site-packages/airflow/example_dags/tutorial_taskflow_api_etl.py
[2023-07-18 18:59:30,206] {scheduler_job.py:633} INFO - Processing file /home/airflow/.local/lib/python3.6/site-packages/airflow/example_dags/tutorial_taskflow_api_etl.py for tasks to queue
[2023-07-18 18:59:30,209] {logging_mixin.py:104} INFO - [2023-07-18 18:59:30,209] {dagbag.py:496} INFO - Filling up the DagBag from /home/airflow/.local/lib/python3.6/site-packages/airflow/example_dags/tutorial_taskflow_api_etl.py
[2023-07-18 18:59:30,241] {scheduler_job.py:643} INFO - DAG(s) dict_keys(['tutorial_taskflow_api_etl']) retrieved from /home/airflow/.local/lib/python3.6/site-packages/airflow/example_dags/tutorial_taskflow_api_etl.py
[2023-07-18 18:59:30,589] {logging_mixin.py:104} INFO - [2023-07-18 18:59:30,589] {dag.py:1833} INFO - Sync 1 DAGs
[2023-07-18 18:59:30,611] {logging_mixin.py:104} INFO - [2023-07-18 18:59:30,611] {dag.py:2306} INFO - Setting next_dagrun for tutorial_taskflow_api_etl to None
[2023-07-18 18:59:30,632] {scheduler_job.py:190} INFO - Processing /home/airflow/.local/lib/python3.6/site-packages/airflow/example_dags/tutorial_taskflow_api_etl.py took 0.434 seconds
[2023-07-18 19:00:01,315] {scheduler_job.py:182} INFO - Started process (PID=344) to work on /home/airflow/.local/lib/python3.6/site-packages/airflow/example_dags/tutorial_taskflow_api_etl.py
[2023-07-18 19:00:01,318] {scheduler_job.py:633} INFO - Processing file /home/airflow/.local/lib/python3.6/site-packages/airflow/example_dags/tutorial_taskflow_api_etl.py for tasks to queue
[2023-07-18 19:00:01,322] {logging_mixin.py:104} INFO - [2023-07-18 19:00:01,320] {dagbag.py:496} INFO - Filling up the DagBag from /home/airflow/.local/lib/python3.6/site-packages/airflow/example_dags/tutorial_taskflow_api_etl.py
[2023-07-18 19:00:01,369] {scheduler_job.py:643} INFO - DAG(s) dict_keys(['tutorial_taskflow_api_etl']) retrieved from /home/airflow/.local/lib/python3.6/site-packages/airflow/example_dags/tutorial_taskflow_api_etl.py
[2023-07-18 19:00:01,831] {logging_mixin.py:104} INFO - [2023-07-18 19:00:01,831] {dag.py:1833} INFO - Sync 1 DAGs
[2023-07-18 19:00:01,866] {logging_mixin.py:104} INFO - [2023-07-18 19:00:01,866] {dag.py:2306} INFO - Setting next_dagrun for tutorial_taskflow_api_etl to None
[2023-07-18 19:00:01,892] {scheduler_job.py:190} INFO - Processing /home/airflow/.local/lib/python3.6/site-packages/airflow/example_dags/tutorial_taskflow_api_etl.py took 0.588 seconds
[2023-07-18 19:00:32,072] {scheduler_job.py:182} INFO - Started process (PID=405) to work on /home/airflow/.local/lib/python3.6/site-packages/airflow/example_dags/tutorial_taskflow_api_etl.py
[2023-07-18 19:00:32,080] {scheduler_job.py:633} INFO - Processing file /home/airflow/.local/lib/python3.6/site-packages/airflow/example_dags/tutorial_taskflow_api_etl.py for tasks to queue
[2023-07-18 19:00:32,086] {logging_mixin.py:104} INFO - [2023-07-18 19:00:32,086] {dagbag.py:496} INFO - Filling up the DagBag from /home/airflow/.local/lib/python3.6/site-packages/airflow/example_dags/tutorial_taskflow_api_etl.py
[2023-07-18 19:00:32,169] {scheduler_job.py:643} INFO - DAG(s) dict_keys(['tutorial_taskflow_api_etl']) retrieved from /home/airflow/.local/lib/python3.6/site-packages/airflow/example_dags/tutorial_taskflow_api_etl.py
[2023-07-18 19:00:32,810] {logging_mixin.py:104} INFO - [2023-07-18 19:00:32,810] {dag.py:1833} INFO - Sync 1 DAGs
[2023-07-18 19:00:32,859] {logging_mixin.py:104} INFO - [2023-07-18 19:00:32,859] {dag.py:2306} INFO - Setting next_dagrun for tutorial_taskflow_api_etl to None
[2023-07-18 19:00:32,897] {scheduler_job.py:190} INFO - Processing /home/airflow/.local/lib/python3.6/site-packages/airflow/example_dags/tutorial_taskflow_api_etl.py took 0.829 seconds
[2023-07-18 19:01:03,624] {scheduler_job.py:182} INFO - Started process (PID=459) to work on /home/airflow/.local/lib/python3.6/site-packages/airflow/example_dags/tutorial_taskflow_api_etl.py
[2023-07-18 19:01:03,626] {scheduler_job.py:633} INFO - Processing file /home/airflow/.local/lib/python3.6/site-packages/airflow/example_dags/tutorial_taskflow_api_etl.py for tasks to queue
[2023-07-18 19:01:03,628] {logging_mixin.py:104} INFO - [2023-07-18 19:01:03,628] {dagbag.py:496} INFO - Filling up the DagBag from /home/airflow/.local/lib/python3.6/site-packages/airflow/example_dags/tutorial_taskflow_api_etl.py
[2023-07-18 19:01:03,662] {scheduler_job.py:643} INFO - DAG(s) dict_keys(['tutorial_taskflow_api_etl']) retrieved from /home/airflow/.local/lib/python3.6/site-packages/airflow/example_dags/tutorial_taskflow_api_etl.py
[2023-07-18 19:01:04,142] {logging_mixin.py:104} INFO - [2023-07-18 19:01:04,141] {dag.py:1833} INFO - Sync 1 DAGs
[2023-07-18 19:01:04,166] {logging_mixin.py:104} INFO - [2023-07-18 19:01:04,166] {dag.py:2306} INFO - Setting next_dagrun for tutorial_taskflow_api_etl to None
[2023-07-18 19:01:04,186] {scheduler_job.py:190} INFO - Processing /home/airflow/.local/lib/python3.6/site-packages/airflow/example_dags/tutorial_taskflow_api_etl.py took 0.570 seconds
[2023-07-18 19:01:34,575] {scheduler_job.py:182} INFO - Started process (PID=510) to work on /home/airflow/.local/lib/python3.6/site-packages/airflow/example_dags/tutorial_taskflow_api_etl.py
[2023-07-18 19:01:34,580] {scheduler_job.py:633} INFO - Processing file /home/airflow/.local/lib/python3.6/site-packages/airflow/example_dags/tutorial_taskflow_api_etl.py for tasks to queue
[2023-07-18 19:01:34,583] {logging_mixin.py:104} INFO - [2023-07-18 19:01:34,582] {dagbag.py:496} INFO - Filling up the DagBag from /home/airflow/.local/lib/python3.6/site-packages/airflow/example_dags/tutorial_taskflow_api_etl.py
[2023-07-18 19:01:34,647] {scheduler_job.py:643} INFO - DAG(s) dict_keys(['tutorial_taskflow_api_etl']) retrieved from /home/airflow/.local/lib/python3.6/site-packages/airflow/example_dags/tutorial_taskflow_api_etl.py
[2023-07-18 19:01:35,333] {logging_mixin.py:104} INFO - [2023-07-18 19:01:35,333] {dag.py:1833} INFO - Sync 1 DAGs
[2023-07-18 19:01:35,372] {logging_mixin.py:104} INFO - [2023-07-18 19:01:35,371] {dag.py:2306} INFO - Setting next_dagrun for tutorial_taskflow_api_etl to None
[2023-07-18 19:01:35,415] {scheduler_job.py:190} INFO - Processing /home/airflow/.local/lib/python3.6/site-packages/airflow/example_dags/tutorial_taskflow_api_etl.py took 0.852 seconds
[2023-07-18 19:02:05,479] {scheduler_job.py:182} INFO - Started process (PID=572) to work on /home/airflow/.local/lib/python3.6/site-packages/airflow/example_dags/tutorial_taskflow_api_etl.py
[2023-07-18 19:02:05,489] {scheduler_job.py:633} INFO - Processing file /home/airflow/.local/lib/python3.6/site-packages/airflow/example_dags/tutorial_taskflow_api_etl.py for tasks to queue
[2023-07-18 19:02:05,494] {logging_mixin.py:104} INFO - [2023-07-18 19:02:05,494] {dagbag.py:496} INFO - Filling up the DagBag from /home/airflow/.local/lib/python3.6/site-packages/airflow/example_dags/tutorial_taskflow_api_etl.py
[2023-07-18 19:02:05,528] {scheduler_job.py:643} INFO - DAG(s) dict_keys(['tutorial_taskflow_api_etl']) retrieved from /home/airflow/.local/lib/python3.6/site-packages/airflow/example_dags/tutorial_taskflow_api_etl.py
[2023-07-18 19:02:05,820] {logging_mixin.py:104} INFO - [2023-07-18 19:02:05,820] {dag.py:1833} INFO - Sync 1 DAGs
[2023-07-18 19:02:05,839] {logging_mixin.py:104} INFO - [2023-07-18 19:02:05,839] {dag.py:2306} INFO - Setting next_dagrun for tutorial_taskflow_api_etl to None
[2023-07-18 19:02:05,865] {scheduler_job.py:190} INFO - Processing /home/airflow/.local/lib/python3.6/site-packages/airflow/example_dags/tutorial_taskflow_api_etl.py took 0.392 seconds
[2023-07-18 19:02:36,065] {scheduler_job.py:182} INFO - Started process (PID=622) to work on /home/airflow/.local/lib/python3.6/site-packages/airflow/example_dags/tutorial_taskflow_api_etl.py
[2023-07-18 19:02:36,074] {scheduler_job.py:633} INFO - Processing file /home/airflow/.local/lib/python3.6/site-packages/airflow/example_dags/tutorial_taskflow_api_etl.py for tasks to queue
[2023-07-18 19:02:36,084] {logging_mixin.py:104} INFO - [2023-07-18 19:02:36,084] {dagbag.py:496} INFO - Filling up the DagBag from /home/airflow/.local/lib/python3.6/site-packages/airflow/example_dags/tutorial_taskflow_api_etl.py
[2023-07-18 19:02:36,146] {scheduler_job.py:643} INFO - DAG(s) dict_keys(['tutorial_taskflow_api_etl']) retrieved from /home/airflow/.local/lib/python3.6/site-packages/airflow/example_dags/tutorial_taskflow_api_etl.py
[2023-07-18 19:02:36,720] {logging_mixin.py:104} INFO - [2023-07-18 19:02:36,720] {dag.py:1833} INFO - Sync 1 DAGs
[2023-07-18 19:02:36,768] {logging_mixin.py:104} INFO - [2023-07-18 19:02:36,761] {dag.py:2306} INFO - Setting next_dagrun for tutorial_taskflow_api_etl to None
[2023-07-18 19:02:36,793] {scheduler_job.py:190} INFO - Processing /home/airflow/.local/lib/python3.6/site-packages/airflow/example_dags/tutorial_taskflow_api_etl.py took 0.737 seconds
[2023-07-18 19:03:06,873] {scheduler_job.py:182} INFO - Started process (PID=675) to work on /home/airflow/.local/lib/python3.6/site-packages/airflow/example_dags/tutorial_taskflow_api_etl.py
[2023-07-18 19:03:06,876] {scheduler_job.py:633} INFO - Processing file /home/airflow/.local/lib/python3.6/site-packages/airflow/example_dags/tutorial_taskflow_api_etl.py for tasks to queue
[2023-07-18 19:03:06,878] {logging_mixin.py:104} INFO - [2023-07-18 19:03:06,877] {dagbag.py:496} INFO - Filling up the DagBag from /home/airflow/.local/lib/python3.6/site-packages/airflow/example_dags/tutorial_taskflow_api_etl.py
[2023-07-18 19:03:06,900] {scheduler_job.py:643} INFO - DAG(s) dict_keys(['tutorial_taskflow_api_etl']) retrieved from /home/airflow/.local/lib/python3.6/site-packages/airflow/example_dags/tutorial_taskflow_api_etl.py
[2023-07-18 19:03:07,152] {logging_mixin.py:104} INFO - [2023-07-18 19:03:07,151] {dag.py:1833} INFO - Sync 1 DAGs
[2023-07-18 19:03:07,176] {logging_mixin.py:104} INFO - [2023-07-18 19:03:07,176] {dag.py:2306} INFO - Setting next_dagrun for tutorial_taskflow_api_etl to None
[2023-07-18 19:03:07,195] {scheduler_job.py:190} INFO - Processing /home/airflow/.local/lib/python3.6/site-packages/airflow/example_dags/tutorial_taskflow_api_etl.py took 0.326 seconds
[2023-07-18 19:03:38,194] {scheduler_job.py:182} INFO - Started process (PID=726) to work on /home/airflow/.local/lib/python3.6/site-packages/airflow/example_dags/tutorial_taskflow_api_etl.py
[2023-07-18 19:03:38,200] {scheduler_job.py:633} INFO - Processing file /home/airflow/.local/lib/python3.6/site-packages/airflow/example_dags/tutorial_taskflow_api_etl.py for tasks to queue
[2023-07-18 19:03:38,204] {logging_mixin.py:104} INFO - [2023-07-18 19:03:38,203] {dagbag.py:496} INFO - Filling up the DagBag from /home/airflow/.local/lib/python3.6/site-packages/airflow/example_dags/tutorial_taskflow_api_etl.py
[2023-07-18 19:03:38,244] {scheduler_job.py:643} INFO - DAG(s) dict_keys(['tutorial_taskflow_api_etl']) retrieved from /home/airflow/.local/lib/python3.6/site-packages/airflow/example_dags/tutorial_taskflow_api_etl.py
[2023-07-18 19:03:38,683] {logging_mixin.py:104} INFO - [2023-07-18 19:03:38,683] {dag.py:1833} INFO - Sync 1 DAGs
[2023-07-18 19:03:38,713] {logging_mixin.py:104} INFO - [2023-07-18 19:03:38,713] {dag.py:2306} INFO - Setting next_dagrun for tutorial_taskflow_api_etl to None
[2023-07-18 19:03:38,761] {scheduler_job.py:190} INFO - Processing /home/airflow/.local/lib/python3.6/site-packages/airflow/example_dags/tutorial_taskflow_api_etl.py took 0.577 seconds
[2023-07-18 19:04:08,879] {scheduler_job.py:182} INFO - Started process (PID=784) to work on /home/airflow/.local/lib/python3.6/site-packages/airflow/example_dags/tutorial_taskflow_api_etl.py
[2023-07-18 19:04:08,883] {scheduler_job.py:633} INFO - Processing file /home/airflow/.local/lib/python3.6/site-packages/airflow/example_dags/tutorial_taskflow_api_etl.py for tasks to queue
[2023-07-18 19:04:08,890] {logging_mixin.py:104} INFO - [2023-07-18 19:04:08,889] {dagbag.py:496} INFO - Filling up the DagBag from /home/airflow/.local/lib/python3.6/site-packages/airflow/example_dags/tutorial_taskflow_api_etl.py
[2023-07-18 19:04:08,941] {scheduler_job.py:643} INFO - DAG(s) dict_keys(['tutorial_taskflow_api_etl']) retrieved from /home/airflow/.local/lib/python3.6/site-packages/airflow/example_dags/tutorial_taskflow_api_etl.py
[2023-07-18 19:04:10,016] {logging_mixin.py:104} INFO - [2023-07-18 19:04:10,015] {dag.py:1833} INFO - Sync 1 DAGs
[2023-07-18 19:04:10,076] {logging_mixin.py:104} INFO - [2023-07-18 19:04:10,076] {dag.py:2306} INFO - Setting next_dagrun for tutorial_taskflow_api_etl to None
[2023-07-18 19:04:10,127] {scheduler_job.py:190} INFO - Processing /home/airflow/.local/lib/python3.6/site-packages/airflow/example_dags/tutorial_taskflow_api_etl.py took 1.257 seconds
[2023-07-18 19:04:40,596] {scheduler_job.py:182} INFO - Started process (PID=837) to work on /home/airflow/.local/lib/python3.6/site-packages/airflow/example_dags/tutorial_taskflow_api_etl.py
[2023-07-18 19:04:40,598] {scheduler_job.py:633} INFO - Processing file /home/airflow/.local/lib/python3.6/site-packages/airflow/example_dags/tutorial_taskflow_api_etl.py for tasks to queue
[2023-07-18 19:04:40,613] {logging_mixin.py:104} INFO - [2023-07-18 19:04:40,612] {dagbag.py:496} INFO - Filling up the DagBag from /home/airflow/.local/lib/python3.6/site-packages/airflow/example_dags/tutorial_taskflow_api_etl.py
[2023-07-18 19:04:40,786] {scheduler_job.py:643} INFO - DAG(s) dict_keys(['tutorial_taskflow_api_etl']) retrieved from /home/airflow/.local/lib/python3.6/site-packages/airflow/example_dags/tutorial_taskflow_api_etl.py
[2023-07-18 19:04:43,087] {logging_mixin.py:104} INFO - [2023-07-18 19:04:43,086] {dag.py:1833} INFO - Sync 1 DAGs
[2023-07-18 19:04:43,223] {logging_mixin.py:104} INFO - [2023-07-18 19:04:43,222] {dag.py:2306} INFO - Setting next_dagrun for tutorial_taskflow_api_etl to None
[2023-07-18 19:04:43,291] {scheduler_job.py:190} INFO - Processing /home/airflow/.local/lib/python3.6/site-packages/airflow/example_dags/tutorial_taskflow_api_etl.py took 2.731 seconds
[2023-07-18 19:05:13,567] {scheduler_job.py:182} INFO - Started process (PID=890) to work on /home/airflow/.local/lib/python3.6/site-packages/airflow/example_dags/tutorial_taskflow_api_etl.py
[2023-07-18 19:05:13,576] {scheduler_job.py:633} INFO - Processing file /home/airflow/.local/lib/python3.6/site-packages/airflow/example_dags/tutorial_taskflow_api_etl.py for tasks to queue
[2023-07-18 19:05:13,589] {logging_mixin.py:104} INFO - [2023-07-18 19:05:13,588] {dagbag.py:496} INFO - Filling up the DagBag from /home/airflow/.local/lib/python3.6/site-packages/airflow/example_dags/tutorial_taskflow_api_etl.py
[2023-07-18 19:05:13,718] {scheduler_job.py:643} INFO - DAG(s) dict_keys(['tutorial_taskflow_api_etl']) retrieved from /home/airflow/.local/lib/python3.6/site-packages/airflow/example_dags/tutorial_taskflow_api_etl.py
[2023-07-18 19:05:15,117] {logging_mixin.py:104} INFO - [2023-07-18 19:05:15,117] {dag.py:1833} INFO - Sync 1 DAGs
[2023-07-18 19:05:15,194] {logging_mixin.py:104} INFO - [2023-07-18 19:05:15,194] {dag.py:2306} INFO - Setting next_dagrun for tutorial_taskflow_api_etl to None
[2023-07-18 19:05:15,268] {scheduler_job.py:190} INFO - Processing /home/airflow/.local/lib/python3.6/site-packages/airflow/example_dags/tutorial_taskflow_api_etl.py took 1.714 seconds
[2023-07-18 19:05:45,425] {scheduler_job.py:182} INFO - Started process (PID=945) to work on /home/airflow/.local/lib/python3.6/site-packages/airflow/example_dags/tutorial_taskflow_api_etl.py
[2023-07-18 19:05:45,431] {scheduler_job.py:633} INFO - Processing file /home/airflow/.local/lib/python3.6/site-packages/airflow/example_dags/tutorial_taskflow_api_etl.py for tasks to queue
[2023-07-18 19:05:45,438] {logging_mixin.py:104} INFO - [2023-07-18 19:05:45,438] {dagbag.py:496} INFO - Filling up the DagBag from /home/airflow/.local/lib/python3.6/site-packages/airflow/example_dags/tutorial_taskflow_api_etl.py
[2023-07-18 19:05:45,516] {scheduler_job.py:643} INFO - DAG(s) dict_keys(['tutorial_taskflow_api_etl']) retrieved from /home/airflow/.local/lib/python3.6/site-packages/airflow/example_dags/tutorial_taskflow_api_etl.py
[2023-07-18 19:05:46,472] {logging_mixin.py:104} INFO - [2023-07-18 19:05:46,471] {dag.py:1833} INFO - Sync 1 DAGs
[2023-07-18 19:05:46,516] {logging_mixin.py:104} INFO - [2023-07-18 19:05:46,516] {dag.py:2306} INFO - Setting next_dagrun for tutorial_taskflow_api_etl to None
[2023-07-18 19:05:46,556] {scheduler_job.py:190} INFO - Processing /home/airflow/.local/lib/python3.6/site-packages/airflow/example_dags/tutorial_taskflow_api_etl.py took 1.137 seconds
[2023-07-18 19:06:16,880] {scheduler_job.py:182} INFO - Started process (PID=997) to work on /home/airflow/.local/lib/python3.6/site-packages/airflow/example_dags/tutorial_taskflow_api_etl.py
[2023-07-18 19:06:16,898] {scheduler_job.py:633} INFO - Processing file /home/airflow/.local/lib/python3.6/site-packages/airflow/example_dags/tutorial_taskflow_api_etl.py for tasks to queue
[2023-07-18 19:06:16,906] {logging_mixin.py:104} INFO - [2023-07-18 19:06:16,905] {dagbag.py:496} INFO - Filling up the DagBag from /home/airflow/.local/lib/python3.6/site-packages/airflow/example_dags/tutorial_taskflow_api_etl.py
[2023-07-18 19:06:17,040] {scheduler_job.py:643} INFO - DAG(s) dict_keys(['tutorial_taskflow_api_etl']) retrieved from /home/airflow/.local/lib/python3.6/site-packages/airflow/example_dags/tutorial_taskflow_api_etl.py
[2023-07-18 19:06:17,765] {logging_mixin.py:104} INFO - [2023-07-18 19:06:17,765] {dag.py:1833} INFO - Sync 1 DAGs
[2023-07-18 19:06:17,823] {logging_mixin.py:104} INFO - [2023-07-18 19:06:17,823] {dag.py:2306} INFO - Setting next_dagrun for tutorial_taskflow_api_etl to None
[2023-07-18 19:06:17,869] {scheduler_job.py:190} INFO - Processing /home/airflow/.local/lib/python3.6/site-packages/airflow/example_dags/tutorial_taskflow_api_etl.py took 1.010 seconds
[2023-07-18 19:06:48,026] {scheduler_job.py:182} INFO - Started process (PID=1048) to work on /home/airflow/.local/lib/python3.6/site-packages/airflow/example_dags/tutorial_taskflow_api_etl.py
[2023-07-18 19:06:48,039] {scheduler_job.py:633} INFO - Processing file /home/airflow/.local/lib/python3.6/site-packages/airflow/example_dags/tutorial_taskflow_api_etl.py for tasks to queue
[2023-07-18 19:06:48,045] {logging_mixin.py:104} INFO - [2023-07-18 19:06:48,045] {dagbag.py:496} INFO - Filling up the DagBag from /home/airflow/.local/lib/python3.6/site-packages/airflow/example_dags/tutorial_taskflow_api_etl.py
[2023-07-18 19:06:48,147] {scheduler_job.py:643} INFO - DAG(s) dict_keys(['tutorial_taskflow_api_etl']) retrieved from /home/airflow/.local/lib/python3.6/site-packages/airflow/example_dags/tutorial_taskflow_api_etl.py
[2023-07-18 19:06:49,449] {logging_mixin.py:104} INFO - [2023-07-18 19:06:49,449] {dag.py:1833} INFO - Sync 1 DAGs
[2023-07-18 19:06:49,514] {logging_mixin.py:104} INFO - [2023-07-18 19:06:49,513] {dag.py:2306} INFO - Setting next_dagrun for tutorial_taskflow_api_etl to None
[2023-07-18 19:06:49,549] {scheduler_job.py:190} INFO - Processing /home/airflow/.local/lib/python3.6/site-packages/airflow/example_dags/tutorial_taskflow_api_etl.py took 1.530 seconds
[2023-07-18 19:07:20,348] {scheduler_job.py:182} INFO - Started process (PID=1099) to work on /home/airflow/.local/lib/python3.6/site-packages/airflow/example_dags/tutorial_taskflow_api_etl.py
[2023-07-18 19:07:20,353] {scheduler_job.py:633} INFO - Processing file /home/airflow/.local/lib/python3.6/site-packages/airflow/example_dags/tutorial_taskflow_api_etl.py for tasks to queue
[2023-07-18 19:07:20,364] {logging_mixin.py:104} INFO - [2023-07-18 19:07:20,364] {dagbag.py:496} INFO - Filling up the DagBag from /home/airflow/.local/lib/python3.6/site-packages/airflow/example_dags/tutorial_taskflow_api_etl.py
[2023-07-18 19:07:20,451] {scheduler_job.py:643} INFO - DAG(s) dict_keys(['tutorial_taskflow_api_etl']) retrieved from /home/airflow/.local/lib/python3.6/site-packages/airflow/example_dags/tutorial_taskflow_api_etl.py
[2023-07-18 19:07:21,329] {logging_mixin.py:104} INFO - [2023-07-18 19:07:21,329] {dag.py:1833} INFO - Sync 1 DAGs
[2023-07-18 19:07:21,361] {logging_mixin.py:104} INFO - [2023-07-18 19:07:21,361] {dag.py:2306} INFO - Setting next_dagrun for tutorial_taskflow_api_etl to None
[2023-07-18 19:07:21,400] {scheduler_job.py:190} INFO - Processing /home/airflow/.local/lib/python3.6/site-packages/airflow/example_dags/tutorial_taskflow_api_etl.py took 1.066 seconds
[2023-07-18 19:07:51,840] {scheduler_job.py:182} INFO - Started process (PID=1150) to work on /home/airflow/.local/lib/python3.6/site-packages/airflow/example_dags/tutorial_taskflow_api_etl.py
[2023-07-18 19:07:51,843] {scheduler_job.py:633} INFO - Processing file /home/airflow/.local/lib/python3.6/site-packages/airflow/example_dags/tutorial_taskflow_api_etl.py for tasks to queue
[2023-07-18 19:07:51,844] {logging_mixin.py:104} INFO - [2023-07-18 19:07:51,844] {dagbag.py:496} INFO - Filling up the DagBag from /home/airflow/.local/lib/python3.6/site-packages/airflow/example_dags/tutorial_taskflow_api_etl.py
[2023-07-18 19:07:51,874] {scheduler_job.py:643} INFO - DAG(s) dict_keys(['tutorial_taskflow_api_etl']) retrieved from /home/airflow/.local/lib/python3.6/site-packages/airflow/example_dags/tutorial_taskflow_api_etl.py
[2023-07-18 19:07:52,125] {logging_mixin.py:104} INFO - [2023-07-18 19:07:52,125] {dag.py:1833} INFO - Sync 1 DAGs
[2023-07-18 19:07:52,144] {logging_mixin.py:104} INFO - [2023-07-18 19:07:52,144] {dag.py:2306} INFO - Setting next_dagrun for tutorial_taskflow_api_etl to None
[2023-07-18 19:07:52,161] {scheduler_job.py:190} INFO - Processing /home/airflow/.local/lib/python3.6/site-packages/airflow/example_dags/tutorial_taskflow_api_etl.py took 0.325 seconds
[2023-07-18 19:08:22,287] {scheduler_job.py:182} INFO - Started process (PID=1201) to work on /home/airflow/.local/lib/python3.6/site-packages/airflow/example_dags/tutorial_taskflow_api_etl.py
[2023-07-18 19:08:22,290] {scheduler_job.py:633} INFO - Processing file /home/airflow/.local/lib/python3.6/site-packages/airflow/example_dags/tutorial_taskflow_api_etl.py for tasks to queue
[2023-07-18 19:08:22,291] {logging_mixin.py:104} INFO - [2023-07-18 19:08:22,291] {dagbag.py:496} INFO - Filling up the DagBag from /home/airflow/.local/lib/python3.6/site-packages/airflow/example_dags/tutorial_taskflow_api_etl.py
[2023-07-18 19:08:22,320] {scheduler_job.py:643} INFO - DAG(s) dict_keys(['tutorial_taskflow_api_etl']) retrieved from /home/airflow/.local/lib/python3.6/site-packages/airflow/example_dags/tutorial_taskflow_api_etl.py
[2023-07-18 19:08:22,653] {logging_mixin.py:104} INFO - [2023-07-18 19:08:22,652] {dag.py:1833} INFO - Sync 1 DAGs
[2023-07-18 19:08:22,694] {logging_mixin.py:104} INFO - [2023-07-18 19:08:22,693] {dag.py:2306} INFO - Setting next_dagrun for tutorial_taskflow_api_etl to None
[2023-07-18 19:08:22,723] {scheduler_job.py:190} INFO - Processing /home/airflow/.local/lib/python3.6/site-packages/airflow/example_dags/tutorial_taskflow_api_etl.py took 0.441 seconds
