[2023-08-08 23:00:08,920] {scheduler_job.py:182} INFO - Started process (PID=5478) to work on /home/airflow/.local/lib/python3.6/site-packages/airflow/example_dags/example_python_operator.py
[2023-08-08 23:00:08,933] {scheduler_job.py:633} INFO - Processing file /home/airflow/.local/lib/python3.6/site-packages/airflow/example_dags/example_python_operator.py for tasks to queue
[2023-08-08 23:00:08,936] {logging_mixin.py:104} INFO - [2023-08-08 23:00:08,936] {dagbag.py:496} INFO - Filling up the DagBag from /home/airflow/.local/lib/python3.6/site-packages/airflow/example_dags/example_python_operator.py
[2023-08-08 23:00:08,959] {scheduler_job.py:643} INFO - DAG(s) dict_keys(['example_python_operator']) retrieved from /home/airflow/.local/lib/python3.6/site-packages/airflow/example_dags/example_python_operator.py
[2023-08-08 23:00:09,413] {logging_mixin.py:104} INFO - [2023-08-08 23:00:09,413] {dag.py:1833} INFO - Sync 1 DAGs
[2023-08-08 23:00:09,437] {logging_mixin.py:104} INFO - [2023-08-08 23:00:09,437] {dag.py:2306} INFO - Setting next_dagrun for example_python_operator to None
[2023-08-08 23:00:09,463] {scheduler_job.py:190} INFO - Processing /home/airflow/.local/lib/python3.6/site-packages/airflow/example_dags/example_python_operator.py took 0.550 seconds
[2023-08-08 23:00:40,214] {scheduler_job.py:182} INFO - Started process (PID=5530) to work on /home/airflow/.local/lib/python3.6/site-packages/airflow/example_dags/example_python_operator.py
[2023-08-08 23:00:40,218] {scheduler_job.py:633} INFO - Processing file /home/airflow/.local/lib/python3.6/site-packages/airflow/example_dags/example_python_operator.py for tasks to queue
[2023-08-08 23:00:40,220] {logging_mixin.py:104} INFO - [2023-08-08 23:00:40,220] {dagbag.py:496} INFO - Filling up the DagBag from /home/airflow/.local/lib/python3.6/site-packages/airflow/example_dags/example_python_operator.py
[2023-08-08 23:00:40,246] {scheduler_job.py:643} INFO - DAG(s) dict_keys(['example_python_operator']) retrieved from /home/airflow/.local/lib/python3.6/site-packages/airflow/example_dags/example_python_operator.py
[2023-08-08 23:00:40,281] {logging_mixin.py:104} INFO - [2023-08-08 23:00:40,281] {dag.py:1833} INFO - Sync 1 DAGs
[2023-08-08 23:00:40,301] {logging_mixin.py:104} INFO - [2023-08-08 23:00:40,301] {dag.py:2306} INFO - Setting next_dagrun for example_python_operator to None
[2023-08-08 23:00:40,321] {scheduler_job.py:190} INFO - Processing /home/airflow/.local/lib/python3.6/site-packages/airflow/example_dags/example_python_operator.py took 0.113 seconds
[2023-08-08 23:01:10,802] {scheduler_job.py:182} INFO - Started process (PID=5581) to work on /home/airflow/.local/lib/python3.6/site-packages/airflow/example_dags/example_python_operator.py
[2023-08-08 23:01:10,807] {scheduler_job.py:633} INFO - Processing file /home/airflow/.local/lib/python3.6/site-packages/airflow/example_dags/example_python_operator.py for tasks to queue
[2023-08-08 23:01:10,812] {logging_mixin.py:104} INFO - [2023-08-08 23:01:10,812] {dagbag.py:496} INFO - Filling up the DagBag from /home/airflow/.local/lib/python3.6/site-packages/airflow/example_dags/example_python_operator.py
[2023-08-08 23:01:10,874] {scheduler_job.py:643} INFO - DAG(s) dict_keys(['example_python_operator']) retrieved from /home/airflow/.local/lib/python3.6/site-packages/airflow/example_dags/example_python_operator.py
[2023-08-08 23:01:10,934] {logging_mixin.py:104} INFO - [2023-08-08 23:01:10,934] {dag.py:1833} INFO - Sync 1 DAGs
[2023-08-08 23:01:10,977] {logging_mixin.py:104} INFO - [2023-08-08 23:01:10,976] {dag.py:2306} INFO - Setting next_dagrun for example_python_operator to None
[2023-08-08 23:01:11,328] {scheduler_job.py:190} INFO - Processing /home/airflow/.local/lib/python3.6/site-packages/airflow/example_dags/example_python_operator.py took 0.542 seconds
[2023-08-08 23:01:41,590] {scheduler_job.py:182} INFO - Started process (PID=5633) to work on /home/airflow/.local/lib/python3.6/site-packages/airflow/example_dags/example_python_operator.py
[2023-08-08 23:01:41,593] {scheduler_job.py:633} INFO - Processing file /home/airflow/.local/lib/python3.6/site-packages/airflow/example_dags/example_python_operator.py for tasks to queue
[2023-08-08 23:01:41,595] {logging_mixin.py:104} INFO - [2023-08-08 23:01:41,595] {dagbag.py:496} INFO - Filling up the DagBag from /home/airflow/.local/lib/python3.6/site-packages/airflow/example_dags/example_python_operator.py
[2023-08-08 23:01:41,618] {scheduler_job.py:643} INFO - DAG(s) dict_keys(['example_python_operator']) retrieved from /home/airflow/.local/lib/python3.6/site-packages/airflow/example_dags/example_python_operator.py
[2023-08-08 23:01:41,648] {logging_mixin.py:104} INFO - [2023-08-08 23:01:41,648] {dag.py:1833} INFO - Sync 1 DAGs
[2023-08-08 23:01:41,665] {logging_mixin.py:104} INFO - [2023-08-08 23:01:41,665] {dag.py:2306} INFO - Setting next_dagrun for example_python_operator to None
[2023-08-08 23:01:41,680] {scheduler_job.py:190} INFO - Processing /home/airflow/.local/lib/python3.6/site-packages/airflow/example_dags/example_python_operator.py took 0.097 seconds
[2023-08-08 23:02:11,861] {scheduler_job.py:182} INFO - Started process (PID=5683) to work on /home/airflow/.local/lib/python3.6/site-packages/airflow/example_dags/example_python_operator.py
[2023-08-08 23:02:11,866] {scheduler_job.py:633} INFO - Processing file /home/airflow/.local/lib/python3.6/site-packages/airflow/example_dags/example_python_operator.py for tasks to queue
[2023-08-08 23:02:11,870] {logging_mixin.py:104} INFO - [2023-08-08 23:02:11,869] {dagbag.py:496} INFO - Filling up the DagBag from /home/airflow/.local/lib/python3.6/site-packages/airflow/example_dags/example_python_operator.py
[2023-08-08 23:02:11,906] {scheduler_job.py:643} INFO - DAG(s) dict_keys(['example_python_operator']) retrieved from /home/airflow/.local/lib/python3.6/site-packages/airflow/example_dags/example_python_operator.py
[2023-08-08 23:02:11,962] {logging_mixin.py:104} INFO - [2023-08-08 23:02:11,962] {dag.py:1833} INFO - Sync 1 DAGs
[2023-08-08 23:02:12,000] {logging_mixin.py:104} INFO - [2023-08-08 23:02:12,000] {dag.py:2306} INFO - Setting next_dagrun for example_python_operator to None
[2023-08-08 23:02:12,023] {scheduler_job.py:190} INFO - Processing /home/airflow/.local/lib/python3.6/site-packages/airflow/example_dags/example_python_operator.py took 0.174 seconds
[2023-08-08 23:02:42,535] {scheduler_job.py:182} INFO - Started process (PID=5741) to work on /home/airflow/.local/lib/python3.6/site-packages/airflow/example_dags/example_python_operator.py
[2023-08-08 23:02:42,539] {scheduler_job.py:633} INFO - Processing file /home/airflow/.local/lib/python3.6/site-packages/airflow/example_dags/example_python_operator.py for tasks to queue
[2023-08-08 23:02:42,547] {logging_mixin.py:104} INFO - [2023-08-08 23:02:42,547] {dagbag.py:496} INFO - Filling up the DagBag from /home/airflow/.local/lib/python3.6/site-packages/airflow/example_dags/example_python_operator.py
[2023-08-08 23:02:42,617] {scheduler_job.py:643} INFO - DAG(s) dict_keys(['example_python_operator']) retrieved from /home/airflow/.local/lib/python3.6/site-packages/airflow/example_dags/example_python_operator.py
[2023-08-08 23:02:42,731] {logging_mixin.py:104} INFO - [2023-08-08 23:02:42,731] {dag.py:1833} INFO - Sync 1 DAGs
[2023-08-08 23:02:42,783] {logging_mixin.py:104} INFO - [2023-08-08 23:02:42,783] {dag.py:2306} INFO - Setting next_dagrun for example_python_operator to None
[2023-08-08 23:02:42,827] {scheduler_job.py:190} INFO - Processing /home/airflow/.local/lib/python3.6/site-packages/airflow/example_dags/example_python_operator.py took 0.297 seconds
[2023-08-08 23:03:13,132] {scheduler_job.py:182} INFO - Started process (PID=5793) to work on /home/airflow/.local/lib/python3.6/site-packages/airflow/example_dags/example_python_operator.py
[2023-08-08 23:03:13,139] {scheduler_job.py:633} INFO - Processing file /home/airflow/.local/lib/python3.6/site-packages/airflow/example_dags/example_python_operator.py for tasks to queue
[2023-08-08 23:03:13,145] {logging_mixin.py:104} INFO - [2023-08-08 23:03:13,144] {dagbag.py:496} INFO - Filling up the DagBag from /home/airflow/.local/lib/python3.6/site-packages/airflow/example_dags/example_python_operator.py
[2023-08-08 23:03:13,226] {scheduler_job.py:643} INFO - DAG(s) dict_keys(['example_python_operator']) retrieved from /home/airflow/.local/lib/python3.6/site-packages/airflow/example_dags/example_python_operator.py
[2023-08-08 23:03:13,294] {logging_mixin.py:104} INFO - [2023-08-08 23:03:13,293] {dag.py:1833} INFO - Sync 1 DAGs
[2023-08-08 23:03:13,322] {logging_mixin.py:104} INFO - [2023-08-08 23:03:13,321] {dag.py:2306} INFO - Setting next_dagrun for example_python_operator to None
[2023-08-08 23:03:13,345] {scheduler_job.py:190} INFO - Processing /home/airflow/.local/lib/python3.6/site-packages/airflow/example_dags/example_python_operator.py took 0.220 seconds
[2023-08-08 23:03:43,540] {scheduler_job.py:182} INFO - Started process (PID=5849) to work on /home/airflow/.local/lib/python3.6/site-packages/airflow/example_dags/example_python_operator.py
[2023-08-08 23:03:43,543] {scheduler_job.py:633} INFO - Processing file /home/airflow/.local/lib/python3.6/site-packages/airflow/example_dags/example_python_operator.py for tasks to queue
[2023-08-08 23:03:43,545] {logging_mixin.py:104} INFO - [2023-08-08 23:03:43,545] {dagbag.py:496} INFO - Filling up the DagBag from /home/airflow/.local/lib/python3.6/site-packages/airflow/example_dags/example_python_operator.py
[2023-08-08 23:03:43,577] {scheduler_job.py:643} INFO - DAG(s) dict_keys(['example_python_operator']) retrieved from /home/airflow/.local/lib/python3.6/site-packages/airflow/example_dags/example_python_operator.py
[2023-08-08 23:03:43,617] {logging_mixin.py:104} INFO - [2023-08-08 23:03:43,617] {dag.py:1833} INFO - Sync 1 DAGs
[2023-08-08 23:03:43,640] {logging_mixin.py:104} INFO - [2023-08-08 23:03:43,640] {dag.py:2306} INFO - Setting next_dagrun for example_python_operator to None
[2023-08-08 23:03:43,659] {scheduler_job.py:190} INFO - Processing /home/airflow/.local/lib/python3.6/site-packages/airflow/example_dags/example_python_operator.py took 0.125 seconds
[2023-08-08 23:04:14,330] {scheduler_job.py:182} INFO - Started process (PID=5899) to work on /home/airflow/.local/lib/python3.6/site-packages/airflow/example_dags/example_python_operator.py
[2023-08-08 23:04:14,342] {scheduler_job.py:633} INFO - Processing file /home/airflow/.local/lib/python3.6/site-packages/airflow/example_dags/example_python_operator.py for tasks to queue
[2023-08-08 23:04:14,344] {logging_mixin.py:104} INFO - [2023-08-08 23:04:14,344] {dagbag.py:496} INFO - Filling up the DagBag from /home/airflow/.local/lib/python3.6/site-packages/airflow/example_dags/example_python_operator.py
[2023-08-08 23:04:14,382] {scheduler_job.py:643} INFO - DAG(s) dict_keys(['example_python_operator']) retrieved from /home/airflow/.local/lib/python3.6/site-packages/airflow/example_dags/example_python_operator.py
[2023-08-08 23:04:14,422] {logging_mixin.py:104} INFO - [2023-08-08 23:04:14,422] {dag.py:1833} INFO - Sync 1 DAGs
[2023-08-08 23:04:14,443] {logging_mixin.py:104} INFO - [2023-08-08 23:04:14,443] {dag.py:2306} INFO - Setting next_dagrun for example_python_operator to None
[2023-08-08 23:04:14,461] {scheduler_job.py:190} INFO - Processing /home/airflow/.local/lib/python3.6/site-packages/airflow/example_dags/example_python_operator.py took 0.137 seconds
[2023-08-08 23:04:45,748] {scheduler_job.py:182} INFO - Started process (PID=5947) to work on /home/airflow/.local/lib/python3.6/site-packages/airflow/example_dags/example_python_operator.py
[2023-08-08 23:04:45,755] {scheduler_job.py:633} INFO - Processing file /home/airflow/.local/lib/python3.6/site-packages/airflow/example_dags/example_python_operator.py for tasks to queue
[2023-08-08 23:04:45,761] {logging_mixin.py:104} INFO - [2023-08-08 23:04:45,760] {dagbag.py:496} INFO - Filling up the DagBag from /home/airflow/.local/lib/python3.6/site-packages/airflow/example_dags/example_python_operator.py
[2023-08-08 23:04:45,812] {scheduler_job.py:643} INFO - DAG(s) dict_keys(['example_python_operator']) retrieved from /home/airflow/.local/lib/python3.6/site-packages/airflow/example_dags/example_python_operator.py
[2023-08-08 23:04:45,883] {logging_mixin.py:104} INFO - [2023-08-08 23:04:45,883] {dag.py:1833} INFO - Sync 1 DAGs
[2023-08-08 23:04:45,906] {logging_mixin.py:104} INFO - [2023-08-08 23:04:45,906] {dag.py:2306} INFO - Setting next_dagrun for example_python_operator to None
[2023-08-08 23:04:45,925] {scheduler_job.py:190} INFO - Processing /home/airflow/.local/lib/python3.6/site-packages/airflow/example_dags/example_python_operator.py took 0.185 seconds
[2023-08-08 23:05:16,645] {scheduler_job.py:182} INFO - Started process (PID=5999) to work on /home/airflow/.local/lib/python3.6/site-packages/airflow/example_dags/example_python_operator.py
[2023-08-08 23:05:16,649] {scheduler_job.py:633} INFO - Processing file /home/airflow/.local/lib/python3.6/site-packages/airflow/example_dags/example_python_operator.py for tasks to queue
[2023-08-08 23:05:16,652] {logging_mixin.py:104} INFO - [2023-08-08 23:05:16,652] {dagbag.py:496} INFO - Filling up the DagBag from /home/airflow/.local/lib/python3.6/site-packages/airflow/example_dags/example_python_operator.py
[2023-08-08 23:05:16,697] {scheduler_job.py:643} INFO - DAG(s) dict_keys(['example_python_operator']) retrieved from /home/airflow/.local/lib/python3.6/site-packages/airflow/example_dags/example_python_operator.py
[2023-08-08 23:05:16,768] {logging_mixin.py:104} INFO - [2023-08-08 23:05:16,768] {dag.py:1833} INFO - Sync 1 DAGs
[2023-08-08 23:05:16,820] {logging_mixin.py:104} INFO - [2023-08-08 23:05:16,820] {dag.py:2306} INFO - Setting next_dagrun for example_python_operator to None
[2023-08-08 23:05:16,865] {scheduler_job.py:190} INFO - Processing /home/airflow/.local/lib/python3.6/site-packages/airflow/example_dags/example_python_operator.py took 0.234 seconds
[2023-08-08 23:05:47,743] {scheduler_job.py:182} INFO - Started process (PID=6049) to work on /home/airflow/.local/lib/python3.6/site-packages/airflow/example_dags/example_python_operator.py
[2023-08-08 23:05:47,764] {scheduler_job.py:633} INFO - Processing file /home/airflow/.local/lib/python3.6/site-packages/airflow/example_dags/example_python_operator.py for tasks to queue
[2023-08-08 23:05:47,769] {logging_mixin.py:104} INFO - [2023-08-08 23:05:47,765] {dagbag.py:496} INFO - Filling up the DagBag from /home/airflow/.local/lib/python3.6/site-packages/airflow/example_dags/example_python_operator.py
[2023-08-08 23:05:47,817] {scheduler_job.py:643} INFO - DAG(s) dict_keys(['example_python_operator']) retrieved from /home/airflow/.local/lib/python3.6/site-packages/airflow/example_dags/example_python_operator.py
[2023-08-08 23:05:47,885] {logging_mixin.py:104} INFO - [2023-08-08 23:05:47,885] {dag.py:1833} INFO - Sync 1 DAGs
[2023-08-08 23:05:47,946] {logging_mixin.py:104} INFO - [2023-08-08 23:05:47,946] {dag.py:2306} INFO - Setting next_dagrun for example_python_operator to None
[2023-08-08 23:05:47,980] {scheduler_job.py:190} INFO - Processing /home/airflow/.local/lib/python3.6/site-packages/airflow/example_dags/example_python_operator.py took 0.257 seconds
[2023-08-08 23:06:19,616] {scheduler_job.py:182} INFO - Started process (PID=6097) to work on /home/airflow/.local/lib/python3.6/site-packages/airflow/example_dags/example_python_operator.py
[2023-08-08 23:06:19,641] {scheduler_job.py:633} INFO - Processing file /home/airflow/.local/lib/python3.6/site-packages/airflow/example_dags/example_python_operator.py for tasks to queue
[2023-08-08 23:06:19,658] {logging_mixin.py:104} INFO - [2023-08-08 23:06:19,657] {dagbag.py:496} INFO - Filling up the DagBag from /home/airflow/.local/lib/python3.6/site-packages/airflow/example_dags/example_python_operator.py
[2023-08-08 23:06:19,815] {scheduler_job.py:643} INFO - DAG(s) dict_keys(['example_python_operator']) retrieved from /home/airflow/.local/lib/python3.6/site-packages/airflow/example_dags/example_python_operator.py
[2023-08-08 23:06:19,921] {logging_mixin.py:104} INFO - [2023-08-08 23:06:19,921] {dag.py:1833} INFO - Sync 1 DAGs
[2023-08-08 23:06:19,973] {logging_mixin.py:104} INFO - [2023-08-08 23:06:19,973] {dag.py:2306} INFO - Setting next_dagrun for example_python_operator to None
[2023-08-08 23:06:20,030] {scheduler_job.py:190} INFO - Processing /home/airflow/.local/lib/python3.6/site-packages/airflow/example_dags/example_python_operator.py took 0.430 seconds
[2023-08-08 23:06:50,330] {scheduler_job.py:182} INFO - Started process (PID=6141) to work on /home/airflow/.local/lib/python3.6/site-packages/airflow/example_dags/example_python_operator.py
[2023-08-08 23:06:50,342] {scheduler_job.py:633} INFO - Processing file /home/airflow/.local/lib/python3.6/site-packages/airflow/example_dags/example_python_operator.py for tasks to queue
[2023-08-08 23:06:50,347] {logging_mixin.py:104} INFO - [2023-08-08 23:06:50,346] {dagbag.py:496} INFO - Filling up the DagBag from /home/airflow/.local/lib/python3.6/site-packages/airflow/example_dags/example_python_operator.py
[2023-08-08 23:06:50,425] {scheduler_job.py:643} INFO - DAG(s) dict_keys(['example_python_operator']) retrieved from /home/airflow/.local/lib/python3.6/site-packages/airflow/example_dags/example_python_operator.py
[2023-08-08 23:06:50,522] {logging_mixin.py:104} INFO - [2023-08-08 23:06:50,522] {dag.py:1833} INFO - Sync 1 DAGs
[2023-08-08 23:06:50,569] {logging_mixin.py:104} INFO - [2023-08-08 23:06:50,569] {dag.py:2306} INFO - Setting next_dagrun for example_python_operator to None
[2023-08-08 23:06:50,614] {scheduler_job.py:190} INFO - Processing /home/airflow/.local/lib/python3.6/site-packages/airflow/example_dags/example_python_operator.py took 0.308 seconds
[2023-08-08 23:07:21,351] {scheduler_job.py:182} INFO - Started process (PID=6191) to work on /home/airflow/.local/lib/python3.6/site-packages/airflow/example_dags/example_python_operator.py
[2023-08-08 23:07:21,355] {scheduler_job.py:633} INFO - Processing file /home/airflow/.local/lib/python3.6/site-packages/airflow/example_dags/example_python_operator.py for tasks to queue
[2023-08-08 23:07:21,360] {logging_mixin.py:104} INFO - [2023-08-08 23:07:21,359] {dagbag.py:496} INFO - Filling up the DagBag from /home/airflow/.local/lib/python3.6/site-packages/airflow/example_dags/example_python_operator.py
[2023-08-08 23:07:21,402] {scheduler_job.py:643} INFO - DAG(s) dict_keys(['example_python_operator']) retrieved from /home/airflow/.local/lib/python3.6/site-packages/airflow/example_dags/example_python_operator.py
[2023-08-08 23:07:21,461] {logging_mixin.py:104} INFO - [2023-08-08 23:07:21,460] {dag.py:1833} INFO - Sync 1 DAGs
[2023-08-08 23:07:21,498] {logging_mixin.py:104} INFO - [2023-08-08 23:07:21,497] {dag.py:2306} INFO - Setting next_dagrun for example_python_operator to None
[2023-08-08 23:07:21,525] {scheduler_job.py:190} INFO - Processing /home/airflow/.local/lib/python3.6/site-packages/airflow/example_dags/example_python_operator.py took 0.188 seconds
[2023-08-08 23:07:51,915] {scheduler_job.py:182} INFO - Started process (PID=6239) to work on /home/airflow/.local/lib/python3.6/site-packages/airflow/example_dags/example_python_operator.py
[2023-08-08 23:07:51,925] {scheduler_job.py:633} INFO - Processing file /home/airflow/.local/lib/python3.6/site-packages/airflow/example_dags/example_python_operator.py for tasks to queue
[2023-08-08 23:07:51,936] {logging_mixin.py:104} INFO - [2023-08-08 23:07:51,935] {dagbag.py:496} INFO - Filling up the DagBag from /home/airflow/.local/lib/python3.6/site-packages/airflow/example_dags/example_python_operator.py
[2023-08-08 23:07:51,977] {scheduler_job.py:643} INFO - DAG(s) dict_keys(['example_python_operator']) retrieved from /home/airflow/.local/lib/python3.6/site-packages/airflow/example_dags/example_python_operator.py
[2023-08-08 23:07:52,119] {logging_mixin.py:104} INFO - [2023-08-08 23:07:52,118] {dag.py:1833} INFO - Sync 1 DAGs
[2023-08-08 23:07:52,149] {logging_mixin.py:104} INFO - [2023-08-08 23:07:52,149] {dag.py:2306} INFO - Setting next_dagrun for example_python_operator to None
[2023-08-08 23:07:52,187] {scheduler_job.py:190} INFO - Processing /home/airflow/.local/lib/python3.6/site-packages/airflow/example_dags/example_python_operator.py took 0.284 seconds
[2023-08-08 23:08:22,918] {scheduler_job.py:182} INFO - Started process (PID=6291) to work on /home/airflow/.local/lib/python3.6/site-packages/airflow/example_dags/example_python_operator.py
[2023-08-08 23:08:22,926] {scheduler_job.py:633} INFO - Processing file /home/airflow/.local/lib/python3.6/site-packages/airflow/example_dags/example_python_operator.py for tasks to queue
[2023-08-08 23:08:22,929] {logging_mixin.py:104} INFO - [2023-08-08 23:08:22,929] {dagbag.py:496} INFO - Filling up the DagBag from /home/airflow/.local/lib/python3.6/site-packages/airflow/example_dags/example_python_operator.py
[2023-08-08 23:08:22,969] {scheduler_job.py:643} INFO - DAG(s) dict_keys(['example_python_operator']) retrieved from /home/airflow/.local/lib/python3.6/site-packages/airflow/example_dags/example_python_operator.py
[2023-08-08 23:08:23,037] {logging_mixin.py:104} INFO - [2023-08-08 23:08:23,036] {dag.py:1833} INFO - Sync 1 DAGs
[2023-08-08 23:08:23,074] {logging_mixin.py:104} INFO - [2023-08-08 23:08:23,074] {dag.py:2306} INFO - Setting next_dagrun for example_python_operator to None
[2023-08-08 23:08:23,102] {scheduler_job.py:190} INFO - Processing /home/airflow/.local/lib/python3.6/site-packages/airflow/example_dags/example_python_operator.py took 0.191 seconds
[2023-08-08 23:08:55,532] {scheduler_job.py:182} INFO - Started process (PID=6341) to work on /home/airflow/.local/lib/python3.6/site-packages/airflow/example_dags/example_python_operator.py
[2023-08-08 23:08:55,537] {scheduler_job.py:633} INFO - Processing file /home/airflow/.local/lib/python3.6/site-packages/airflow/example_dags/example_python_operator.py for tasks to queue
[2023-08-08 23:08:55,539] {logging_mixin.py:104} INFO - [2023-08-08 23:08:55,538] {dagbag.py:496} INFO - Filling up the DagBag from /home/airflow/.local/lib/python3.6/site-packages/airflow/example_dags/example_python_operator.py
[2023-08-08 23:08:55,566] {scheduler_job.py:643} INFO - DAG(s) dict_keys(['example_python_operator']) retrieved from /home/airflow/.local/lib/python3.6/site-packages/airflow/example_dags/example_python_operator.py
[2023-08-08 23:08:55,611] {logging_mixin.py:104} INFO - [2023-08-08 23:08:55,611] {dag.py:1833} INFO - Sync 1 DAGs
[2023-08-08 23:08:55,639] {logging_mixin.py:104} INFO - [2023-08-08 23:08:55,639] {dag.py:2306} INFO - Setting next_dagrun for example_python_operator to None
[2023-08-08 23:08:55,663] {scheduler_job.py:190} INFO - Processing /home/airflow/.local/lib/python3.6/site-packages/airflow/example_dags/example_python_operator.py took 0.138 seconds
[2023-08-08 23:09:32,248] {scheduler_job.py:182} INFO - Started process (PID=6394) to work on /home/airflow/.local/lib/python3.6/site-packages/airflow/example_dags/example_python_operator.py
[2023-08-08 23:09:32,254] {scheduler_job.py:633} INFO - Processing file /home/airflow/.local/lib/python3.6/site-packages/airflow/example_dags/example_python_operator.py for tasks to queue
[2023-08-08 23:09:32,271] {logging_mixin.py:104} INFO - [2023-08-08 23:09:32,270] {dagbag.py:496} INFO - Filling up the DagBag from /home/airflow/.local/lib/python3.6/site-packages/airflow/example_dags/example_python_operator.py
[2023-08-08 23:09:32,425] {scheduler_job.py:643} INFO - DAG(s) dict_keys(['example_python_operator']) retrieved from /home/airflow/.local/lib/python3.6/site-packages/airflow/example_dags/example_python_operator.py
[2023-08-08 23:09:32,526] {logging_mixin.py:104} INFO - [2023-08-08 23:09:32,526] {dag.py:1833} INFO - Sync 1 DAGs
[2023-08-08 23:09:32,602] {logging_mixin.py:104} INFO - [2023-08-08 23:09:32,602] {dag.py:2306} INFO - Setting next_dagrun for example_python_operator to None
[2023-08-08 23:09:32,684] {scheduler_job.py:190} INFO - Processing /home/airflow/.local/lib/python3.6/site-packages/airflow/example_dags/example_python_operator.py took 0.476 seconds
[2023-08-08 23:10:02,898] {scheduler_job.py:182} INFO - Started process (PID=6446) to work on /home/airflow/.local/lib/python3.6/site-packages/airflow/example_dags/example_python_operator.py
[2023-08-08 23:10:02,903] {scheduler_job.py:633} INFO - Processing file /home/airflow/.local/lib/python3.6/site-packages/airflow/example_dags/example_python_operator.py for tasks to queue
[2023-08-08 23:10:02,909] {logging_mixin.py:104} INFO - [2023-08-08 23:10:02,909] {dagbag.py:496} INFO - Filling up the DagBag from /home/airflow/.local/lib/python3.6/site-packages/airflow/example_dags/example_python_operator.py
[2023-08-08 23:10:02,973] {scheduler_job.py:643} INFO - DAG(s) dict_keys(['example_python_operator']) retrieved from /home/airflow/.local/lib/python3.6/site-packages/airflow/example_dags/example_python_operator.py
[2023-08-08 23:10:03,062] {logging_mixin.py:104} INFO - [2023-08-08 23:10:03,062] {dag.py:1833} INFO - Sync 1 DAGs
[2023-08-08 23:10:03,108] {logging_mixin.py:104} INFO - [2023-08-08 23:10:03,108] {dag.py:2306} INFO - Setting next_dagrun for example_python_operator to None
[2023-08-08 23:10:03,158] {scheduler_job.py:190} INFO - Processing /home/airflow/.local/lib/python3.6/site-packages/airflow/example_dags/example_python_operator.py took 0.277 seconds
[2023-08-08 23:10:33,781] {scheduler_job.py:182} INFO - Started process (PID=6497) to work on /home/airflow/.local/lib/python3.6/site-packages/airflow/example_dags/example_python_operator.py
[2023-08-08 23:10:33,787] {scheduler_job.py:633} INFO - Processing file /home/airflow/.local/lib/python3.6/site-packages/airflow/example_dags/example_python_operator.py for tasks to queue
[2023-08-08 23:10:33,795] {logging_mixin.py:104} INFO - [2023-08-08 23:10:33,794] {dagbag.py:496} INFO - Filling up the DagBag from /home/airflow/.local/lib/python3.6/site-packages/airflow/example_dags/example_python_operator.py
[2023-08-08 23:10:33,836] {scheduler_job.py:643} INFO - DAG(s) dict_keys(['example_python_operator']) retrieved from /home/airflow/.local/lib/python3.6/site-packages/airflow/example_dags/example_python_operator.py
[2023-08-08 23:10:33,893] {logging_mixin.py:104} INFO - [2023-08-08 23:10:33,893] {dag.py:1833} INFO - Sync 1 DAGs
[2023-08-08 23:10:33,934] {logging_mixin.py:104} INFO - [2023-08-08 23:10:33,934] {dag.py:2306} INFO - Setting next_dagrun for example_python_operator to None
[2023-08-08 23:10:33,976] {scheduler_job.py:190} INFO - Processing /home/airflow/.local/lib/python3.6/site-packages/airflow/example_dags/example_python_operator.py took 0.212 seconds
[2023-08-08 23:11:04,142] {scheduler_job.py:182} INFO - Started process (PID=6545) to work on /home/airflow/.local/lib/python3.6/site-packages/airflow/example_dags/example_python_operator.py
[2023-08-08 23:11:04,153] {scheduler_job.py:633} INFO - Processing file /home/airflow/.local/lib/python3.6/site-packages/airflow/example_dags/example_python_operator.py for tasks to queue
[2023-08-08 23:11:04,163] {logging_mixin.py:104} INFO - [2023-08-08 23:11:04,162] {dagbag.py:496} INFO - Filling up the DagBag from /home/airflow/.local/lib/python3.6/site-packages/airflow/example_dags/example_python_operator.py
[2023-08-08 23:11:04,195] {scheduler_job.py:643} INFO - DAG(s) dict_keys(['example_python_operator']) retrieved from /home/airflow/.local/lib/python3.6/site-packages/airflow/example_dags/example_python_operator.py
[2023-08-08 23:11:04,243] {logging_mixin.py:104} INFO - [2023-08-08 23:11:04,242] {dag.py:1833} INFO - Sync 1 DAGs
[2023-08-08 23:11:04,266] {logging_mixin.py:104} INFO - [2023-08-08 23:11:04,266] {dag.py:2306} INFO - Setting next_dagrun for example_python_operator to None
[2023-08-08 23:11:04,289] {scheduler_job.py:190} INFO - Processing /home/airflow/.local/lib/python3.6/site-packages/airflow/example_dags/example_python_operator.py took 0.160 seconds
[2023-08-08 23:11:36,498] {scheduler_job.py:182} INFO - Started process (PID=6595) to work on /home/airflow/.local/lib/python3.6/site-packages/airflow/example_dags/example_python_operator.py
[2023-08-08 23:11:36,500] {scheduler_job.py:633} INFO - Processing file /home/airflow/.local/lib/python3.6/site-packages/airflow/example_dags/example_python_operator.py for tasks to queue
[2023-08-08 23:11:36,503] {logging_mixin.py:104} INFO - [2023-08-08 23:11:36,503] {dagbag.py:496} INFO - Filling up the DagBag from /home/airflow/.local/lib/python3.6/site-packages/airflow/example_dags/example_python_operator.py
[2023-08-08 23:11:36,561] {scheduler_job.py:643} INFO - DAG(s) dict_keys(['example_python_operator']) retrieved from /home/airflow/.local/lib/python3.6/site-packages/airflow/example_dags/example_python_operator.py
[2023-08-08 23:11:36,653] {logging_mixin.py:104} INFO - [2023-08-08 23:11:36,653] {dag.py:1833} INFO - Sync 1 DAGs
[2023-08-08 23:11:36,704] {logging_mixin.py:104} INFO - [2023-08-08 23:11:36,703] {dag.py:2306} INFO - Setting next_dagrun for example_python_operator to None
[2023-08-08 23:11:36,745] {scheduler_job.py:190} INFO - Processing /home/airflow/.local/lib/python3.6/site-packages/airflow/example_dags/example_python_operator.py took 0.256 seconds
[2023-08-08 23:12:12,246] {scheduler_job.py:182} INFO - Started process (PID=6650) to work on /home/airflow/.local/lib/python3.6/site-packages/airflow/example_dags/example_python_operator.py
[2023-08-08 23:12:12,251] {scheduler_job.py:633} INFO - Processing file /home/airflow/.local/lib/python3.6/site-packages/airflow/example_dags/example_python_operator.py for tasks to queue
[2023-08-08 23:12:12,256] {logging_mixin.py:104} INFO - [2023-08-08 23:12:12,256] {dagbag.py:496} INFO - Filling up the DagBag from /home/airflow/.local/lib/python3.6/site-packages/airflow/example_dags/example_python_operator.py
[2023-08-08 23:12:12,316] {scheduler_job.py:643} INFO - DAG(s) dict_keys(['example_python_operator']) retrieved from /home/airflow/.local/lib/python3.6/site-packages/airflow/example_dags/example_python_operator.py
[2023-08-08 23:12:12,487] {logging_mixin.py:104} INFO - [2023-08-08 23:12:12,487] {dag.py:1833} INFO - Sync 1 DAGs
[2023-08-08 23:12:12,566] {logging_mixin.py:104} INFO - [2023-08-08 23:12:12,565] {dag.py:2306} INFO - Setting next_dagrun for example_python_operator to None
[2023-08-08 23:12:12,605] {scheduler_job.py:190} INFO - Processing /home/airflow/.local/lib/python3.6/site-packages/airflow/example_dags/example_python_operator.py took 0.372 seconds
[2023-08-08 23:12:45,409] {scheduler_job.py:182} INFO - Started process (PID=6701) to work on /home/airflow/.local/lib/python3.6/site-packages/airflow/example_dags/example_python_operator.py
[2023-08-08 23:12:45,415] {scheduler_job.py:633} INFO - Processing file /home/airflow/.local/lib/python3.6/site-packages/airflow/example_dags/example_python_operator.py for tasks to queue
[2023-08-08 23:12:45,419] {logging_mixin.py:104} INFO - [2023-08-08 23:12:45,417] {dagbag.py:496} INFO - Filling up the DagBag from /home/airflow/.local/lib/python3.6/site-packages/airflow/example_dags/example_python_operator.py
[2023-08-08 23:12:45,476] {scheduler_job.py:643} INFO - DAG(s) dict_keys(['example_python_operator']) retrieved from /home/airflow/.local/lib/python3.6/site-packages/airflow/example_dags/example_python_operator.py
[2023-08-08 23:12:45,590] {logging_mixin.py:104} INFO - [2023-08-08 23:12:45,590] {dag.py:1833} INFO - Sync 1 DAGs
[2023-08-08 23:12:45,657] {logging_mixin.py:104} INFO - [2023-08-08 23:12:45,657] {dag.py:2306} INFO - Setting next_dagrun for example_python_operator to None
[2023-08-08 23:12:45,728] {scheduler_job.py:190} INFO - Processing /home/airflow/.local/lib/python3.6/site-packages/airflow/example_dags/example_python_operator.py took 0.345 seconds
[2023-08-08 23:13:16,456] {scheduler_job.py:182} INFO - Started process (PID=6743) to work on /home/airflow/.local/lib/python3.6/site-packages/airflow/example_dags/example_python_operator.py
[2023-08-08 23:13:16,460] {scheduler_job.py:633} INFO - Processing file /home/airflow/.local/lib/python3.6/site-packages/airflow/example_dags/example_python_operator.py for tasks to queue
[2023-08-08 23:13:16,465] {logging_mixin.py:104} INFO - [2023-08-08 23:13:16,465] {dagbag.py:496} INFO - Filling up the DagBag from /home/airflow/.local/lib/python3.6/site-packages/airflow/example_dags/example_python_operator.py
[2023-08-08 23:13:16,517] {scheduler_job.py:643} INFO - DAG(s) dict_keys(['example_python_operator']) retrieved from /home/airflow/.local/lib/python3.6/site-packages/airflow/example_dags/example_python_operator.py
[2023-08-08 23:13:16,652] {logging_mixin.py:104} INFO - [2023-08-08 23:13:16,652] {dag.py:1833} INFO - Sync 1 DAGs
[2023-08-08 23:13:16,719] {logging_mixin.py:104} INFO - [2023-08-08 23:13:16,719] {dag.py:2306} INFO - Setting next_dagrun for example_python_operator to None
[2023-08-08 23:13:16,777] {scheduler_job.py:190} INFO - Processing /home/airflow/.local/lib/python3.6/site-packages/airflow/example_dags/example_python_operator.py took 0.327 seconds
[2023-08-08 23:13:47,904] {scheduler_job.py:182} INFO - Started process (PID=6795) to work on /home/airflow/.local/lib/python3.6/site-packages/airflow/example_dags/example_python_operator.py
[2023-08-08 23:13:47,913] {scheduler_job.py:633} INFO - Processing file /home/airflow/.local/lib/python3.6/site-packages/airflow/example_dags/example_python_operator.py for tasks to queue
[2023-08-08 23:13:47,918] {logging_mixin.py:104} INFO - [2023-08-08 23:13:47,917] {dagbag.py:496} INFO - Filling up the DagBag from /home/airflow/.local/lib/python3.6/site-packages/airflow/example_dags/example_python_operator.py
[2023-08-08 23:13:48,009] {scheduler_job.py:643} INFO - DAG(s) dict_keys(['example_python_operator']) retrieved from /home/airflow/.local/lib/python3.6/site-packages/airflow/example_dags/example_python_operator.py
[2023-08-08 23:13:48,102] {logging_mixin.py:104} INFO - [2023-08-08 23:13:48,102] {dag.py:1833} INFO - Sync 1 DAGs
[2023-08-08 23:13:48,183] {logging_mixin.py:104} INFO - [2023-08-08 23:13:48,183] {dag.py:2306} INFO - Setting next_dagrun for example_python_operator to None
[2023-08-08 23:13:48,213] {scheduler_job.py:190} INFO - Processing /home/airflow/.local/lib/python3.6/site-packages/airflow/example_dags/example_python_operator.py took 0.347 seconds
[2023-08-08 23:14:20,931] {scheduler_job.py:182} INFO - Started process (PID=6849) to work on /home/airflow/.local/lib/python3.6/site-packages/airflow/example_dags/example_python_operator.py
[2023-08-08 23:14:20,936] {scheduler_job.py:633} INFO - Processing file /home/airflow/.local/lib/python3.6/site-packages/airflow/example_dags/example_python_operator.py for tasks to queue
[2023-08-08 23:14:20,940] {logging_mixin.py:104} INFO - [2023-08-08 23:14:20,939] {dagbag.py:496} INFO - Filling up the DagBag from /home/airflow/.local/lib/python3.6/site-packages/airflow/example_dags/example_python_operator.py
[2023-08-08 23:14:20,977] {scheduler_job.py:643} INFO - DAG(s) dict_keys(['example_python_operator']) retrieved from /home/airflow/.local/lib/python3.6/site-packages/airflow/example_dags/example_python_operator.py
[2023-08-08 23:14:21,030] {logging_mixin.py:104} INFO - [2023-08-08 23:14:21,030] {dag.py:1833} INFO - Sync 1 DAGs
[2023-08-08 23:14:21,062] {logging_mixin.py:104} INFO - [2023-08-08 23:14:21,062] {dag.py:2306} INFO - Setting next_dagrun for example_python_operator to None
[2023-08-08 23:14:21,104] {scheduler_job.py:190} INFO - Processing /home/airflow/.local/lib/python3.6/site-packages/airflow/example_dags/example_python_operator.py took 0.181 seconds
[2023-08-08 23:14:57,330] {scheduler_job.py:182} INFO - Started process (PID=6915) to work on /home/airflow/.local/lib/python3.6/site-packages/airflow/example_dags/example_python_operator.py
[2023-08-08 23:14:57,339] {scheduler_job.py:633} INFO - Processing file /home/airflow/.local/lib/python3.6/site-packages/airflow/example_dags/example_python_operator.py for tasks to queue
[2023-08-08 23:14:57,355] {logging_mixin.py:104} INFO - [2023-08-08 23:14:57,354] {dagbag.py:496} INFO - Filling up the DagBag from /home/airflow/.local/lib/python3.6/site-packages/airflow/example_dags/example_python_operator.py
[2023-08-08 23:14:57,458] {scheduler_job.py:643} INFO - DAG(s) dict_keys(['example_python_operator']) retrieved from /home/airflow/.local/lib/python3.6/site-packages/airflow/example_dags/example_python_operator.py
[2023-08-08 23:14:57,649] {logging_mixin.py:104} INFO - [2023-08-08 23:14:57,648] {dag.py:1833} INFO - Sync 1 DAGs
[2023-08-08 23:14:57,747] {logging_mixin.py:104} INFO - [2023-08-08 23:14:57,747] {dag.py:2306} INFO - Setting next_dagrun for example_python_operator to None
[2023-08-08 23:14:57,813] {scheduler_job.py:190} INFO - Processing /home/airflow/.local/lib/python3.6/site-packages/airflow/example_dags/example_python_operator.py took 0.506 seconds
[2023-08-08 23:15:29,196] {scheduler_job.py:182} INFO - Started process (PID=6966) to work on /home/airflow/.local/lib/python3.6/site-packages/airflow/example_dags/example_python_operator.py
[2023-08-08 23:15:29,202] {scheduler_job.py:633} INFO - Processing file /home/airflow/.local/lib/python3.6/site-packages/airflow/example_dags/example_python_operator.py for tasks to queue
[2023-08-08 23:15:29,209] {logging_mixin.py:104} INFO - [2023-08-08 23:15:29,209] {dagbag.py:496} INFO - Filling up the DagBag from /home/airflow/.local/lib/python3.6/site-packages/airflow/example_dags/example_python_operator.py
[2023-08-08 23:15:29,341] {scheduler_job.py:643} INFO - DAG(s) dict_keys(['example_python_operator']) retrieved from /home/airflow/.local/lib/python3.6/site-packages/airflow/example_dags/example_python_operator.py
[2023-08-08 23:15:29,528] {logging_mixin.py:104} INFO - [2023-08-08 23:15:29,527] {dag.py:1833} INFO - Sync 1 DAGs
[2023-08-08 23:15:29,645] {logging_mixin.py:104} INFO - [2023-08-08 23:15:29,645] {dag.py:2306} INFO - Setting next_dagrun for example_python_operator to None
[2023-08-08 23:15:29,735] {scheduler_job.py:190} INFO - Processing /home/airflow/.local/lib/python3.6/site-packages/airflow/example_dags/example_python_operator.py took 0.562 seconds
[2023-08-08 23:16:00,336] {scheduler_job.py:182} INFO - Started process (PID=7007) to work on /home/airflow/.local/lib/python3.6/site-packages/airflow/example_dags/example_python_operator.py
[2023-08-08 23:16:00,341] {scheduler_job.py:633} INFO - Processing file /home/airflow/.local/lib/python3.6/site-packages/airflow/example_dags/example_python_operator.py for tasks to queue
[2023-08-08 23:16:00,343] {logging_mixin.py:104} INFO - [2023-08-08 23:16:00,343] {dagbag.py:496} INFO - Filling up the DagBag from /home/airflow/.local/lib/python3.6/site-packages/airflow/example_dags/example_python_operator.py
[2023-08-08 23:16:00,381] {scheduler_job.py:643} INFO - DAG(s) dict_keys(['example_python_operator']) retrieved from /home/airflow/.local/lib/python3.6/site-packages/airflow/example_dags/example_python_operator.py
[2023-08-08 23:16:00,428] {logging_mixin.py:104} INFO - [2023-08-08 23:16:00,428] {dag.py:1833} INFO - Sync 1 DAGs
[2023-08-08 23:16:00,459] {logging_mixin.py:104} INFO - [2023-08-08 23:16:00,459] {dag.py:2306} INFO - Setting next_dagrun for example_python_operator to None
[2023-08-08 23:16:00,485] {scheduler_job.py:190} INFO - Processing /home/airflow/.local/lib/python3.6/site-packages/airflow/example_dags/example_python_operator.py took 0.158 seconds
[2023-08-08 23:16:31,309] {scheduler_job.py:182} INFO - Started process (PID=7057) to work on /home/airflow/.local/lib/python3.6/site-packages/airflow/example_dags/example_python_operator.py
[2023-08-08 23:16:31,312] {scheduler_job.py:633} INFO - Processing file /home/airflow/.local/lib/python3.6/site-packages/airflow/example_dags/example_python_operator.py for tasks to queue
[2023-08-08 23:16:31,314] {logging_mixin.py:104} INFO - [2023-08-08 23:16:31,314] {dagbag.py:496} INFO - Filling up the DagBag from /home/airflow/.local/lib/python3.6/site-packages/airflow/example_dags/example_python_operator.py
[2023-08-08 23:16:31,352] {scheduler_job.py:643} INFO - DAG(s) dict_keys(['example_python_operator']) retrieved from /home/airflow/.local/lib/python3.6/site-packages/airflow/example_dags/example_python_operator.py
[2023-08-08 23:16:31,405] {logging_mixin.py:104} INFO - [2023-08-08 23:16:31,404] {dag.py:1833} INFO - Sync 1 DAGs
[2023-08-08 23:16:31,440] {logging_mixin.py:104} INFO - [2023-08-08 23:16:31,440] {dag.py:2306} INFO - Setting next_dagrun for example_python_operator to None
[2023-08-08 23:16:31,470] {scheduler_job.py:190} INFO - Processing /home/airflow/.local/lib/python3.6/site-packages/airflow/example_dags/example_python_operator.py took 0.172 seconds
[2023-08-08 23:17:05,767] {scheduler_job.py:182} INFO - Started process (PID=7112) to work on /home/airflow/.local/lib/python3.6/site-packages/airflow/example_dags/example_python_operator.py
[2023-08-08 23:17:05,789] {scheduler_job.py:633} INFO - Processing file /home/airflow/.local/lib/python3.6/site-packages/airflow/example_dags/example_python_operator.py for tasks to queue
[2023-08-08 23:17:05,791] {logging_mixin.py:104} INFO - [2023-08-08 23:17:05,790] {dagbag.py:496} INFO - Filling up the DagBag from /home/airflow/.local/lib/python3.6/site-packages/airflow/example_dags/example_python_operator.py
[2023-08-08 23:17:05,878] {scheduler_job.py:643} INFO - DAG(s) dict_keys(['example_python_operator']) retrieved from /home/airflow/.local/lib/python3.6/site-packages/airflow/example_dags/example_python_operator.py
[2023-08-08 23:17:06,019] {logging_mixin.py:104} INFO - [2023-08-08 23:17:06,015] {dag.py:1833} INFO - Sync 1 DAGs
[2023-08-08 23:17:06,090] {logging_mixin.py:104} INFO - [2023-08-08 23:17:06,089] {dag.py:2306} INFO - Setting next_dagrun for example_python_operator to None
[2023-08-08 23:17:06,147] {scheduler_job.py:190} INFO - Processing /home/airflow/.local/lib/python3.6/site-packages/airflow/example_dags/example_python_operator.py took 0.410 seconds
[2023-08-08 23:17:37,194] {scheduler_job.py:182} INFO - Started process (PID=7159) to work on /home/airflow/.local/lib/python3.6/site-packages/airflow/example_dags/example_python_operator.py
[2023-08-08 23:17:37,206] {scheduler_job.py:633} INFO - Processing file /home/airflow/.local/lib/python3.6/site-packages/airflow/example_dags/example_python_operator.py for tasks to queue
[2023-08-08 23:17:37,215] {logging_mixin.py:104} INFO - [2023-08-08 23:17:37,210] {dagbag.py:496} INFO - Filling up the DagBag from /home/airflow/.local/lib/python3.6/site-packages/airflow/example_dags/example_python_operator.py
[2023-08-08 23:17:37,332] {scheduler_job.py:643} INFO - DAG(s) dict_keys(['example_python_operator']) retrieved from /home/airflow/.local/lib/python3.6/site-packages/airflow/example_dags/example_python_operator.py
[2023-08-08 23:17:37,609] {logging_mixin.py:104} INFO - [2023-08-08 23:17:37,609] {dag.py:1833} INFO - Sync 1 DAGs
[2023-08-08 23:17:37,691] {logging_mixin.py:104} INFO - [2023-08-08 23:17:37,691] {dag.py:2306} INFO - Setting next_dagrun for example_python_operator to None
[2023-08-08 23:17:37,735] {scheduler_job.py:190} INFO - Processing /home/airflow/.local/lib/python3.6/site-packages/airflow/example_dags/example_python_operator.py took 0.563 seconds
[2023-08-08 23:18:08,501] {scheduler_job.py:182} INFO - Started process (PID=7203) to work on /home/airflow/.local/lib/python3.6/site-packages/airflow/example_dags/example_python_operator.py
[2023-08-08 23:18:08,504] {scheduler_job.py:633} INFO - Processing file /home/airflow/.local/lib/python3.6/site-packages/airflow/example_dags/example_python_operator.py for tasks to queue
[2023-08-08 23:18:08,507] {logging_mixin.py:104} INFO - [2023-08-08 23:18:08,507] {dagbag.py:496} INFO - Filling up the DagBag from /home/airflow/.local/lib/python3.6/site-packages/airflow/example_dags/example_python_operator.py
[2023-08-08 23:18:08,569] {scheduler_job.py:643} INFO - DAG(s) dict_keys(['example_python_operator']) retrieved from /home/airflow/.local/lib/python3.6/site-packages/airflow/example_dags/example_python_operator.py
[2023-08-08 23:18:08,651] {logging_mixin.py:104} INFO - [2023-08-08 23:18:08,650] {dag.py:1833} INFO - Sync 1 DAGs
[2023-08-08 23:18:08,688] {logging_mixin.py:104} INFO - [2023-08-08 23:18:08,688] {dag.py:2306} INFO - Setting next_dagrun for example_python_operator to None
[2023-08-08 23:18:08,729] {scheduler_job.py:190} INFO - Processing /home/airflow/.local/lib/python3.6/site-packages/airflow/example_dags/example_python_operator.py took 0.244 seconds
[2023-08-08 23:18:42,604] {scheduler_job.py:182} INFO - Started process (PID=7255) to work on /home/airflow/.local/lib/python3.6/site-packages/airflow/example_dags/example_python_operator.py
[2023-08-08 23:18:42,608] {scheduler_job.py:633} INFO - Processing file /home/airflow/.local/lib/python3.6/site-packages/airflow/example_dags/example_python_operator.py for tasks to queue
[2023-08-08 23:18:42,614] {logging_mixin.py:104} INFO - [2023-08-08 23:18:42,614] {dagbag.py:496} INFO - Filling up the DagBag from /home/airflow/.local/lib/python3.6/site-packages/airflow/example_dags/example_python_operator.py
[2023-08-08 23:18:42,689] {scheduler_job.py:643} INFO - DAG(s) dict_keys(['example_python_operator']) retrieved from /home/airflow/.local/lib/python3.6/site-packages/airflow/example_dags/example_python_operator.py
[2023-08-08 23:18:42,794] {logging_mixin.py:104} INFO - [2023-08-08 23:18:42,793] {dag.py:1833} INFO - Sync 1 DAGs
[2023-08-08 23:18:42,840] {logging_mixin.py:104} INFO - [2023-08-08 23:18:42,839] {dag.py:2306} INFO - Setting next_dagrun for example_python_operator to None
[2023-08-08 23:18:42,881] {scheduler_job.py:190} INFO - Processing /home/airflow/.local/lib/python3.6/site-packages/airflow/example_dags/example_python_operator.py took 0.290 seconds
[2023-08-08 23:19:13,687] {scheduler_job.py:182} INFO - Started process (PID=7307) to work on /home/airflow/.local/lib/python3.6/site-packages/airflow/example_dags/example_python_operator.py
[2023-08-08 23:19:13,697] {scheduler_job.py:633} INFO - Processing file /home/airflow/.local/lib/python3.6/site-packages/airflow/example_dags/example_python_operator.py for tasks to queue
[2023-08-08 23:19:13,701] {logging_mixin.py:104} INFO - [2023-08-08 23:19:13,701] {dagbag.py:496} INFO - Filling up the DagBag from /home/airflow/.local/lib/python3.6/site-packages/airflow/example_dags/example_python_operator.py
[2023-08-08 23:19:13,798] {scheduler_job.py:643} INFO - DAG(s) dict_keys(['example_python_operator']) retrieved from /home/airflow/.local/lib/python3.6/site-packages/airflow/example_dags/example_python_operator.py
[2023-08-08 23:19:13,944] {logging_mixin.py:104} INFO - [2023-08-08 23:19:13,944] {dag.py:1833} INFO - Sync 1 DAGs
[2023-08-08 23:19:14,083] {logging_mixin.py:104} INFO - [2023-08-08 23:19:14,078] {dag.py:2306} INFO - Setting next_dagrun for example_python_operator to None
[2023-08-08 23:19:14,271] {scheduler_job.py:190} INFO - Processing /home/airflow/.local/lib/python3.6/site-packages/airflow/example_dags/example_python_operator.py took 0.610 seconds
[2023-08-08 23:19:44,795] {scheduler_job.py:182} INFO - Started process (PID=7356) to work on /home/airflow/.local/lib/python3.6/site-packages/airflow/example_dags/example_python_operator.py
[2023-08-08 23:19:44,799] {scheduler_job.py:633} INFO - Processing file /home/airflow/.local/lib/python3.6/site-packages/airflow/example_dags/example_python_operator.py for tasks to queue
[2023-08-08 23:19:44,824] {logging_mixin.py:104} INFO - [2023-08-08 23:19:44,808] {dagbag.py:496} INFO - Filling up the DagBag from /home/airflow/.local/lib/python3.6/site-packages/airflow/example_dags/example_python_operator.py
[2023-08-08 23:19:44,979] {scheduler_job.py:643} INFO - DAG(s) dict_keys(['example_python_operator']) retrieved from /home/airflow/.local/lib/python3.6/site-packages/airflow/example_dags/example_python_operator.py
[2023-08-08 23:19:45,110] {logging_mixin.py:104} INFO - [2023-08-08 23:19:45,110] {dag.py:1833} INFO - Sync 1 DAGs
[2023-08-08 23:19:45,143] {logging_mixin.py:104} INFO - [2023-08-08 23:19:45,143] {dag.py:2306} INFO - Setting next_dagrun for example_python_operator to None
[2023-08-08 23:19:45,203] {scheduler_job.py:190} INFO - Processing /home/airflow/.local/lib/python3.6/site-packages/airflow/example_dags/example_python_operator.py took 0.423 seconds
