[2023-08-08 23:00:07,829] {scheduler_job.py:182} INFO - Started process (PID=5474) to work on /home/airflow/.local/lib/python3.6/site-packages/airflow/example_dags/example_external_task_marker_dag.py
[2023-08-08 23:00:07,833] {scheduler_job.py:633} INFO - Processing file /home/airflow/.local/lib/python3.6/site-packages/airflow/example_dags/example_external_task_marker_dag.py for tasks to queue
[2023-08-08 23:00:07,870] {logging_mixin.py:104} INFO - [2023-08-08 23:00:07,861] {dagbag.py:496} INFO - Filling up the DagBag from /home/airflow/.local/lib/python3.6/site-packages/airflow/example_dags/example_external_task_marker_dag.py
[2023-08-08 23:00:07,974] {scheduler_job.py:643} INFO - DAG(s) dict_keys(['example_external_task_marker_parent', 'example_external_task_marker_child']) retrieved from /home/airflow/.local/lib/python3.6/site-packages/airflow/example_dags/example_external_task_marker_dag.py
[2023-08-08 23:00:08,811] {logging_mixin.py:104} INFO - [2023-08-08 23:00:08,811] {dag.py:1833} INFO - Sync 2 DAGs
[2023-08-08 23:00:08,843] {logging_mixin.py:104} INFO - [2023-08-08 23:00:08,843] {dag.py:2306} INFO - Setting next_dagrun for example_external_task_marker_child to None
[2023-08-08 23:00:08,846] {logging_mixin.py:104} INFO - [2023-08-08 23:00:08,846] {dag.py:2306} INFO - Setting next_dagrun for example_external_task_marker_parent to None
[2023-08-08 23:00:08,875] {scheduler_job.py:190} INFO - Processing /home/airflow/.local/lib/python3.6/site-packages/airflow/example_dags/example_external_task_marker_dag.py took 1.079 seconds
[2023-08-08 23:00:39,049] {scheduler_job.py:182} INFO - Started process (PID=5528) to work on /home/airflow/.local/lib/python3.6/site-packages/airflow/example_dags/example_external_task_marker_dag.py
[2023-08-08 23:00:39,052] {scheduler_job.py:633} INFO - Processing file /home/airflow/.local/lib/python3.6/site-packages/airflow/example_dags/example_external_task_marker_dag.py for tasks to queue
[2023-08-08 23:00:39,054] {logging_mixin.py:104} INFO - [2023-08-08 23:00:39,054] {dagbag.py:496} INFO - Filling up the DagBag from /home/airflow/.local/lib/python3.6/site-packages/airflow/example_dags/example_external_task_marker_dag.py
[2023-08-08 23:00:39,073] {scheduler_job.py:643} INFO - DAG(s) dict_keys(['example_external_task_marker_parent', 'example_external_task_marker_child']) retrieved from /home/airflow/.local/lib/python3.6/site-packages/airflow/example_dags/example_external_task_marker_dag.py
[2023-08-08 23:00:39,107] {logging_mixin.py:104} INFO - [2023-08-08 23:00:39,107] {dag.py:1833} INFO - Sync 2 DAGs
[2023-08-08 23:00:39,124] {logging_mixin.py:104} INFO - [2023-08-08 23:00:39,124] {dag.py:2306} INFO - Setting next_dagrun for example_external_task_marker_child to None
[2023-08-08 23:00:39,126] {logging_mixin.py:104} INFO - [2023-08-08 23:00:39,126] {dag.py:2306} INFO - Setting next_dagrun for example_external_task_marker_parent to None
[2023-08-08 23:00:39,144] {scheduler_job.py:190} INFO - Processing /home/airflow/.local/lib/python3.6/site-packages/airflow/example_dags/example_external_task_marker_dag.py took 0.106 seconds
[2023-08-08 23:01:09,608] {scheduler_job.py:182} INFO - Started process (PID=5579) to work on /home/airflow/.local/lib/python3.6/site-packages/airflow/example_dags/example_external_task_marker_dag.py
[2023-08-08 23:01:09,610] {scheduler_job.py:633} INFO - Processing file /home/airflow/.local/lib/python3.6/site-packages/airflow/example_dags/example_external_task_marker_dag.py for tasks to queue
[2023-08-08 23:01:09,612] {logging_mixin.py:104} INFO - [2023-08-08 23:01:09,611] {dagbag.py:496} INFO - Filling up the DagBag from /home/airflow/.local/lib/python3.6/site-packages/airflow/example_dags/example_external_task_marker_dag.py
[2023-08-08 23:01:09,634] {scheduler_job.py:643} INFO - DAG(s) dict_keys(['example_external_task_marker_parent', 'example_external_task_marker_child']) retrieved from /home/airflow/.local/lib/python3.6/site-packages/airflow/example_dags/example_external_task_marker_dag.py
[2023-08-08 23:01:09,677] {logging_mixin.py:104} INFO - [2023-08-08 23:01:09,677] {dag.py:1833} INFO - Sync 2 DAGs
[2023-08-08 23:01:09,699] {logging_mixin.py:104} INFO - [2023-08-08 23:01:09,699] {dag.py:2306} INFO - Setting next_dagrun for example_external_task_marker_child to None
[2023-08-08 23:01:09,702] {logging_mixin.py:104} INFO - [2023-08-08 23:01:09,702] {dag.py:2306} INFO - Setting next_dagrun for example_external_task_marker_parent to None
[2023-08-08 23:01:09,719] {scheduler_job.py:190} INFO - Processing /home/airflow/.local/lib/python3.6/site-packages/airflow/example_dags/example_external_task_marker_dag.py took 0.118 seconds
[2023-08-08 23:01:39,985] {scheduler_job.py:182} INFO - Started process (PID=5629) to work on /home/airflow/.local/lib/python3.6/site-packages/airflow/example_dags/example_external_task_marker_dag.py
[2023-08-08 23:01:39,987] {scheduler_job.py:633} INFO - Processing file /home/airflow/.local/lib/python3.6/site-packages/airflow/example_dags/example_external_task_marker_dag.py for tasks to queue
[2023-08-08 23:01:39,989] {logging_mixin.py:104} INFO - [2023-08-08 23:01:39,989] {dagbag.py:496} INFO - Filling up the DagBag from /home/airflow/.local/lib/python3.6/site-packages/airflow/example_dags/example_external_task_marker_dag.py
[2023-08-08 23:01:40,021] {scheduler_job.py:643} INFO - DAG(s) dict_keys(['example_external_task_marker_parent', 'example_external_task_marker_child']) retrieved from /home/airflow/.local/lib/python3.6/site-packages/airflow/example_dags/example_external_task_marker_dag.py
[2023-08-08 23:01:40,065] {logging_mixin.py:104} INFO - [2023-08-08 23:01:40,065] {dag.py:1833} INFO - Sync 2 DAGs
[2023-08-08 23:01:40,089] {logging_mixin.py:104} INFO - [2023-08-08 23:01:40,089] {dag.py:2306} INFO - Setting next_dagrun for example_external_task_marker_child to None
[2023-08-08 23:01:40,093] {logging_mixin.py:104} INFO - [2023-08-08 23:01:40,093] {dag.py:2306} INFO - Setting next_dagrun for example_external_task_marker_parent to None
[2023-08-08 23:01:40,115] {scheduler_job.py:190} INFO - Processing /home/airflow/.local/lib/python3.6/site-packages/airflow/example_dags/example_external_task_marker_dag.py took 0.142 seconds
[2023-08-08 23:02:10,380] {scheduler_job.py:182} INFO - Started process (PID=5681) to work on /home/airflow/.local/lib/python3.6/site-packages/airflow/example_dags/example_external_task_marker_dag.py
[2023-08-08 23:02:10,386] {scheduler_job.py:633} INFO - Processing file /home/airflow/.local/lib/python3.6/site-packages/airflow/example_dags/example_external_task_marker_dag.py for tasks to queue
[2023-08-08 23:02:10,389] {logging_mixin.py:104} INFO - [2023-08-08 23:02:10,388] {dagbag.py:496} INFO - Filling up the DagBag from /home/airflow/.local/lib/python3.6/site-packages/airflow/example_dags/example_external_task_marker_dag.py
[2023-08-08 23:02:10,468] {scheduler_job.py:643} INFO - DAG(s) dict_keys(['example_external_task_marker_parent', 'example_external_task_marker_child']) retrieved from /home/airflow/.local/lib/python3.6/site-packages/airflow/example_dags/example_external_task_marker_dag.py
[2023-08-08 23:02:10,913] {logging_mixin.py:104} INFO - [2023-08-08 23:02:10,912] {dag.py:1833} INFO - Sync 2 DAGs
[2023-08-08 23:02:10,933] {logging_mixin.py:104} INFO - [2023-08-08 23:02:10,933] {dag.py:2306} INFO - Setting next_dagrun for example_external_task_marker_child to None
[2023-08-08 23:02:10,935] {logging_mixin.py:104} INFO - [2023-08-08 23:02:10,935] {dag.py:2306} INFO - Setting next_dagrun for example_external_task_marker_parent to None
[2023-08-08 23:02:10,956] {scheduler_job.py:190} INFO - Processing /home/airflow/.local/lib/python3.6/site-packages/airflow/example_dags/example_external_task_marker_dag.py took 0.609 seconds
[2023-08-08 23:02:41,123] {scheduler_job.py:182} INFO - Started process (PID=5732) to work on /home/airflow/.local/lib/python3.6/site-packages/airflow/example_dags/example_external_task_marker_dag.py
[2023-08-08 23:02:41,125] {scheduler_job.py:633} INFO - Processing file /home/airflow/.local/lib/python3.6/site-packages/airflow/example_dags/example_external_task_marker_dag.py for tasks to queue
[2023-08-08 23:02:41,127] {logging_mixin.py:104} INFO - [2023-08-08 23:02:41,127] {dagbag.py:496} INFO - Filling up the DagBag from /home/airflow/.local/lib/python3.6/site-packages/airflow/example_dags/example_external_task_marker_dag.py
[2023-08-08 23:02:41,160] {scheduler_job.py:643} INFO - DAG(s) dict_keys(['example_external_task_marker_parent', 'example_external_task_marker_child']) retrieved from /home/airflow/.local/lib/python3.6/site-packages/airflow/example_dags/example_external_task_marker_dag.py
[2023-08-08 23:02:41,622] {logging_mixin.py:104} INFO - [2023-08-08 23:02:41,622] {dag.py:1833} INFO - Sync 2 DAGs
[2023-08-08 23:02:41,644] {logging_mixin.py:104} INFO - [2023-08-08 23:02:41,643] {dag.py:2306} INFO - Setting next_dagrun for example_external_task_marker_child to None
[2023-08-08 23:02:41,645] {logging_mixin.py:104} INFO - [2023-08-08 23:02:41,645] {dag.py:2306} INFO - Setting next_dagrun for example_external_task_marker_parent to None
[2023-08-08 23:02:41,664] {scheduler_job.py:190} INFO - Processing /home/airflow/.local/lib/python3.6/site-packages/airflow/example_dags/example_external_task_marker_dag.py took 0.548 seconds
[2023-08-08 23:03:11,813] {scheduler_job.py:182} INFO - Started process (PID=5784) to work on /home/airflow/.local/lib/python3.6/site-packages/airflow/example_dags/example_external_task_marker_dag.py
[2023-08-08 23:03:11,816] {scheduler_job.py:633} INFO - Processing file /home/airflow/.local/lib/python3.6/site-packages/airflow/example_dags/example_external_task_marker_dag.py for tasks to queue
[2023-08-08 23:03:11,820] {logging_mixin.py:104} INFO - [2023-08-08 23:03:11,818] {dagbag.py:496} INFO - Filling up the DagBag from /home/airflow/.local/lib/python3.6/site-packages/airflow/example_dags/example_external_task_marker_dag.py
[2023-08-08 23:03:11,840] {scheduler_job.py:643} INFO - DAG(s) dict_keys(['example_external_task_marker_parent', 'example_external_task_marker_child']) retrieved from /home/airflow/.local/lib/python3.6/site-packages/airflow/example_dags/example_external_task_marker_dag.py
[2023-08-08 23:03:12,133] {logging_mixin.py:104} INFO - [2023-08-08 23:03:12,133] {dag.py:1833} INFO - Sync 2 DAGs
[2023-08-08 23:03:12,149] {logging_mixin.py:104} INFO - [2023-08-08 23:03:12,149] {dag.py:2306} INFO - Setting next_dagrun for example_external_task_marker_child to None
[2023-08-08 23:03:12,151] {logging_mixin.py:104} INFO - [2023-08-08 23:03:12,151] {dag.py:2306} INFO - Setting next_dagrun for example_external_task_marker_parent to None
[2023-08-08 23:03:12,170] {scheduler_job.py:190} INFO - Processing /home/airflow/.local/lib/python3.6/site-packages/airflow/example_dags/example_external_task_marker_dag.py took 0.363 seconds
[2023-08-08 23:03:42,661] {scheduler_job.py:182} INFO - Started process (PID=5844) to work on /home/airflow/.local/lib/python3.6/site-packages/airflow/example_dags/example_external_task_marker_dag.py
[2023-08-08 23:03:42,667] {scheduler_job.py:633} INFO - Processing file /home/airflow/.local/lib/python3.6/site-packages/airflow/example_dags/example_external_task_marker_dag.py for tasks to queue
[2023-08-08 23:03:42,672] {logging_mixin.py:104} INFO - [2023-08-08 23:03:42,671] {dagbag.py:496} INFO - Filling up the DagBag from /home/airflow/.local/lib/python3.6/site-packages/airflow/example_dags/example_external_task_marker_dag.py
[2023-08-08 23:03:42,722] {scheduler_job.py:643} INFO - DAG(s) dict_keys(['example_external_task_marker_parent', 'example_external_task_marker_child']) retrieved from /home/airflow/.local/lib/python3.6/site-packages/airflow/example_dags/example_external_task_marker_dag.py
[2023-08-08 23:03:43,184] {logging_mixin.py:104} INFO - [2023-08-08 23:03:43,184] {dag.py:1833} INFO - Sync 2 DAGs
[2023-08-08 23:03:43,217] {logging_mixin.py:104} INFO - [2023-08-08 23:03:43,217] {dag.py:2306} INFO - Setting next_dagrun for example_external_task_marker_child to None
[2023-08-08 23:03:43,222] {logging_mixin.py:104} INFO - [2023-08-08 23:03:43,222] {dag.py:2306} INFO - Setting next_dagrun for example_external_task_marker_parent to None
[2023-08-08 23:03:43,254] {scheduler_job.py:190} INFO - Processing /home/airflow/.local/lib/python3.6/site-packages/airflow/example_dags/example_external_task_marker_dag.py took 0.607 seconds
[2023-08-08 23:04:13,710] {scheduler_job.py:182} INFO - Started process (PID=5895) to work on /home/airflow/.local/lib/python3.6/site-packages/airflow/example_dags/example_external_task_marker_dag.py
[2023-08-08 23:04:13,720] {scheduler_job.py:633} INFO - Processing file /home/airflow/.local/lib/python3.6/site-packages/airflow/example_dags/example_external_task_marker_dag.py for tasks to queue
[2023-08-08 23:04:13,722] {logging_mixin.py:104} INFO - [2023-08-08 23:04:13,721] {dagbag.py:496} INFO - Filling up the DagBag from /home/airflow/.local/lib/python3.6/site-packages/airflow/example_dags/example_external_task_marker_dag.py
[2023-08-08 23:04:13,784] {scheduler_job.py:643} INFO - DAG(s) dict_keys(['example_external_task_marker_parent', 'example_external_task_marker_child']) retrieved from /home/airflow/.local/lib/python3.6/site-packages/airflow/example_dags/example_external_task_marker_dag.py
[2023-08-08 23:04:13,875] {logging_mixin.py:104} INFO - [2023-08-08 23:04:13,875] {dag.py:1833} INFO - Sync 2 DAGs
[2023-08-08 23:04:13,912] {logging_mixin.py:104} INFO - [2023-08-08 23:04:13,911] {dag.py:2306} INFO - Setting next_dagrun for example_external_task_marker_child to None
[2023-08-08 23:04:13,916] {logging_mixin.py:104} INFO - [2023-08-08 23:04:13,916] {dag.py:2306} INFO - Setting next_dagrun for example_external_task_marker_parent to None
[2023-08-08 23:04:13,959] {scheduler_job.py:190} INFO - Processing /home/airflow/.local/lib/python3.6/site-packages/airflow/example_dags/example_external_task_marker_dag.py took 0.270 seconds
[2023-08-08 23:04:44,268] {scheduler_job.py:182} INFO - Started process (PID=5945) to work on /home/airflow/.local/lib/python3.6/site-packages/airflow/example_dags/example_external_task_marker_dag.py
[2023-08-08 23:04:44,275] {scheduler_job.py:633} INFO - Processing file /home/airflow/.local/lib/python3.6/site-packages/airflow/example_dags/example_external_task_marker_dag.py for tasks to queue
[2023-08-08 23:04:44,279] {logging_mixin.py:104} INFO - [2023-08-08 23:04:44,279] {dagbag.py:496} INFO - Filling up the DagBag from /home/airflow/.local/lib/python3.6/site-packages/airflow/example_dags/example_external_task_marker_dag.py
[2023-08-08 23:04:44,362] {scheduler_job.py:643} INFO - DAG(s) dict_keys(['example_external_task_marker_parent', 'example_external_task_marker_child']) retrieved from /home/airflow/.local/lib/python3.6/site-packages/airflow/example_dags/example_external_task_marker_dag.py
[2023-08-08 23:04:45,638] {logging_mixin.py:104} INFO - [2023-08-08 23:04:45,638] {dag.py:1833} INFO - Sync 2 DAGs
[2023-08-08 23:04:45,659] {logging_mixin.py:104} INFO - [2023-08-08 23:04:45,659] {dag.py:2306} INFO - Setting next_dagrun for example_external_task_marker_child to None
[2023-08-08 23:04:45,662] {logging_mixin.py:104} INFO - [2023-08-08 23:04:45,662] {dag.py:2306} INFO - Setting next_dagrun for example_external_task_marker_parent to None
[2023-08-08 23:04:45,694] {scheduler_job.py:190} INFO - Processing /home/airflow/.local/lib/python3.6/site-packages/airflow/example_dags/example_external_task_marker_dag.py took 1.452 seconds
[2023-08-08 23:05:15,995] {scheduler_job.py:182} INFO - Started process (PID=5997) to work on /home/airflow/.local/lib/python3.6/site-packages/airflow/example_dags/example_external_task_marker_dag.py
[2023-08-08 23:05:16,003] {scheduler_job.py:633} INFO - Processing file /home/airflow/.local/lib/python3.6/site-packages/airflow/example_dags/example_external_task_marker_dag.py for tasks to queue
[2023-08-08 23:05:16,007] {logging_mixin.py:104} INFO - [2023-08-08 23:05:16,006] {dagbag.py:496} INFO - Filling up the DagBag from /home/airflow/.local/lib/python3.6/site-packages/airflow/example_dags/example_external_task_marker_dag.py
[2023-08-08 23:05:16,079] {scheduler_job.py:643} INFO - DAG(s) dict_keys(['example_external_task_marker_parent', 'example_external_task_marker_child']) retrieved from /home/airflow/.local/lib/python3.6/site-packages/airflow/example_dags/example_external_task_marker_dag.py
[2023-08-08 23:05:16,187] {logging_mixin.py:104} INFO - [2023-08-08 23:05:16,187] {dag.py:1833} INFO - Sync 2 DAGs
[2023-08-08 23:05:16,236] {logging_mixin.py:104} INFO - [2023-08-08 23:05:16,236] {dag.py:2306} INFO - Setting next_dagrun for example_external_task_marker_child to None
[2023-08-08 23:05:16,241] {logging_mixin.py:104} INFO - [2023-08-08 23:05:16,240] {dag.py:2306} INFO - Setting next_dagrun for example_external_task_marker_parent to None
[2023-08-08 23:05:16,272] {scheduler_job.py:190} INFO - Processing /home/airflow/.local/lib/python3.6/site-packages/airflow/example_dags/example_external_task_marker_dag.py took 0.291 seconds
[2023-08-08 23:05:46,537] {scheduler_job.py:182} INFO - Started process (PID=6046) to work on /home/airflow/.local/lib/python3.6/site-packages/airflow/example_dags/example_external_task_marker_dag.py
[2023-08-08 23:05:46,543] {scheduler_job.py:633} INFO - Processing file /home/airflow/.local/lib/python3.6/site-packages/airflow/example_dags/example_external_task_marker_dag.py for tasks to queue
[2023-08-08 23:05:46,546] {logging_mixin.py:104} INFO - [2023-08-08 23:05:46,546] {dagbag.py:496} INFO - Filling up the DagBag from /home/airflow/.local/lib/python3.6/site-packages/airflow/example_dags/example_external_task_marker_dag.py
[2023-08-08 23:05:46,569] {scheduler_job.py:643} INFO - DAG(s) dict_keys(['example_external_task_marker_parent', 'example_external_task_marker_child']) retrieved from /home/airflow/.local/lib/python3.6/site-packages/airflow/example_dags/example_external_task_marker_dag.py
[2023-08-08 23:05:46,613] {logging_mixin.py:104} INFO - [2023-08-08 23:05:46,613] {dag.py:1833} INFO - Sync 2 DAGs
[2023-08-08 23:05:46,634] {logging_mixin.py:104} INFO - [2023-08-08 23:05:46,634] {dag.py:2306} INFO - Setting next_dagrun for example_external_task_marker_child to None
[2023-08-08 23:05:46,636] {logging_mixin.py:104} INFO - [2023-08-08 23:05:46,636] {dag.py:2306} INFO - Setting next_dagrun for example_external_task_marker_parent to None
[2023-08-08 23:05:46,656] {scheduler_job.py:190} INFO - Processing /home/airflow/.local/lib/python3.6/site-packages/airflow/example_dags/example_external_task_marker_dag.py took 0.126 seconds
[2023-08-08 23:06:18,079] {scheduler_job.py:182} INFO - Started process (PID=6094) to work on /home/airflow/.local/lib/python3.6/site-packages/airflow/example_dags/example_external_task_marker_dag.py
[2023-08-08 23:06:18,088] {scheduler_job.py:633} INFO - Processing file /home/airflow/.local/lib/python3.6/site-packages/airflow/example_dags/example_external_task_marker_dag.py for tasks to queue
[2023-08-08 23:06:18,094] {logging_mixin.py:104} INFO - [2023-08-08 23:06:18,093] {dagbag.py:496} INFO - Filling up the DagBag from /home/airflow/.local/lib/python3.6/site-packages/airflow/example_dags/example_external_task_marker_dag.py
[2023-08-08 23:06:18,164] {scheduler_job.py:643} INFO - DAG(s) dict_keys(['example_external_task_marker_parent', 'example_external_task_marker_child']) retrieved from /home/airflow/.local/lib/python3.6/site-packages/airflow/example_dags/example_external_task_marker_dag.py
[2023-08-08 23:06:18,271] {logging_mixin.py:104} INFO - [2023-08-08 23:06:18,271] {dag.py:1833} INFO - Sync 2 DAGs
[2023-08-08 23:06:18,331] {logging_mixin.py:104} INFO - [2023-08-08 23:06:18,330] {dag.py:2306} INFO - Setting next_dagrun for example_external_task_marker_child to None
[2023-08-08 23:06:18,335] {logging_mixin.py:104} INFO - [2023-08-08 23:06:18,335] {dag.py:2306} INFO - Setting next_dagrun for example_external_task_marker_parent to None
[2023-08-08 23:06:18,407] {scheduler_job.py:190} INFO - Processing /home/airflow/.local/lib/python3.6/site-packages/airflow/example_dags/example_external_task_marker_dag.py took 0.341 seconds
[2023-08-08 23:06:48,609] {scheduler_job.py:182} INFO - Started process (PID=6138) to work on /home/airflow/.local/lib/python3.6/site-packages/airflow/example_dags/example_external_task_marker_dag.py
[2023-08-08 23:06:48,614] {scheduler_job.py:633} INFO - Processing file /home/airflow/.local/lib/python3.6/site-packages/airflow/example_dags/example_external_task_marker_dag.py for tasks to queue
[2023-08-08 23:06:48,622] {logging_mixin.py:104} INFO - [2023-08-08 23:06:48,622] {dagbag.py:496} INFO - Filling up the DagBag from /home/airflow/.local/lib/python3.6/site-packages/airflow/example_dags/example_external_task_marker_dag.py
[2023-08-08 23:06:48,652] {scheduler_job.py:643} INFO - DAG(s) dict_keys(['example_external_task_marker_parent', 'example_external_task_marker_child']) retrieved from /home/airflow/.local/lib/python3.6/site-packages/airflow/example_dags/example_external_task_marker_dag.py
[2023-08-08 23:06:49,156] {logging_mixin.py:104} INFO - [2023-08-08 23:06:49,155] {dag.py:1833} INFO - Sync 2 DAGs
[2023-08-08 23:06:49,174] {logging_mixin.py:104} INFO - [2023-08-08 23:06:49,173] {dag.py:2306} INFO - Setting next_dagrun for example_external_task_marker_child to None
[2023-08-08 23:06:49,175] {logging_mixin.py:104} INFO - [2023-08-08 23:06:49,175] {dag.py:2306} INFO - Setting next_dagrun for example_external_task_marker_parent to None
[2023-08-08 23:06:49,195] {scheduler_job.py:190} INFO - Processing /home/airflow/.local/lib/python3.6/site-packages/airflow/example_dags/example_external_task_marker_dag.py took 0.592 seconds
[2023-08-08 23:07:19,764] {scheduler_job.py:182} INFO - Started process (PID=6188) to work on /home/airflow/.local/lib/python3.6/site-packages/airflow/example_dags/example_external_task_marker_dag.py
[2023-08-08 23:07:19,768] {scheduler_job.py:633} INFO - Processing file /home/airflow/.local/lib/python3.6/site-packages/airflow/example_dags/example_external_task_marker_dag.py for tasks to queue
[2023-08-08 23:07:19,770] {logging_mixin.py:104} INFO - [2023-08-08 23:07:19,770] {dagbag.py:496} INFO - Filling up the DagBag from /home/airflow/.local/lib/python3.6/site-packages/airflow/example_dags/example_external_task_marker_dag.py
[2023-08-08 23:07:19,868] {scheduler_job.py:643} INFO - DAG(s) dict_keys(['example_external_task_marker_parent', 'example_external_task_marker_child']) retrieved from /home/airflow/.local/lib/python3.6/site-packages/airflow/example_dags/example_external_task_marker_dag.py
[2023-08-08 23:07:20,076] {logging_mixin.py:104} INFO - [2023-08-08 23:07:20,076] {dag.py:1833} INFO - Sync 2 DAGs
[2023-08-08 23:07:20,145] {logging_mixin.py:104} INFO - [2023-08-08 23:07:20,144] {dag.py:2306} INFO - Setting next_dagrun for example_external_task_marker_child to None
[2023-08-08 23:07:20,150] {logging_mixin.py:104} INFO - [2023-08-08 23:07:20,150] {dag.py:2306} INFO - Setting next_dagrun for example_external_task_marker_parent to None
[2023-08-08 23:07:20,199] {scheduler_job.py:190} INFO - Processing /home/airflow/.local/lib/python3.6/site-packages/airflow/example_dags/example_external_task_marker_dag.py took 0.448 seconds
[2023-08-08 23:07:51,172] {scheduler_job.py:182} INFO - Started process (PID=6237) to work on /home/airflow/.local/lib/python3.6/site-packages/airflow/example_dags/example_external_task_marker_dag.py
[2023-08-08 23:07:51,175] {scheduler_job.py:633} INFO - Processing file /home/airflow/.local/lib/python3.6/site-packages/airflow/example_dags/example_external_task_marker_dag.py for tasks to queue
[2023-08-08 23:07:51,177] {logging_mixin.py:104} INFO - [2023-08-08 23:07:51,177] {dagbag.py:496} INFO - Filling up the DagBag from /home/airflow/.local/lib/python3.6/site-packages/airflow/example_dags/example_external_task_marker_dag.py
[2023-08-08 23:07:51,203] {scheduler_job.py:643} INFO - DAG(s) dict_keys(['example_external_task_marker_parent', 'example_external_task_marker_child']) retrieved from /home/airflow/.local/lib/python3.6/site-packages/airflow/example_dags/example_external_task_marker_dag.py
[2023-08-08 23:07:52,241] {logging_mixin.py:104} INFO - [2023-08-08 23:07:52,241] {dag.py:1833} INFO - Sync 2 DAGs
[2023-08-08 23:07:52,275] {logging_mixin.py:104} INFO - [2023-08-08 23:07:52,274] {dag.py:2306} INFO - Setting next_dagrun for example_external_task_marker_child to None
[2023-08-08 23:07:52,281] {logging_mixin.py:104} INFO - [2023-08-08 23:07:52,280] {dag.py:2306} INFO - Setting next_dagrun for example_external_task_marker_parent to None
[2023-08-08 23:07:52,319] {scheduler_job.py:190} INFO - Processing /home/airflow/.local/lib/python3.6/site-packages/airflow/example_dags/example_external_task_marker_dag.py took 1.156 seconds
[2023-08-08 23:08:22,564] {scheduler_job.py:182} INFO - Started process (PID=6289) to work on /home/airflow/.local/lib/python3.6/site-packages/airflow/example_dags/example_external_task_marker_dag.py
[2023-08-08 23:08:22,567] {scheduler_job.py:633} INFO - Processing file /home/airflow/.local/lib/python3.6/site-packages/airflow/example_dags/example_external_task_marker_dag.py for tasks to queue
[2023-08-08 23:08:22,570] {logging_mixin.py:104} INFO - [2023-08-08 23:08:22,569] {dagbag.py:496} INFO - Filling up the DagBag from /home/airflow/.local/lib/python3.6/site-packages/airflow/example_dags/example_external_task_marker_dag.py
[2023-08-08 23:08:22,599] {scheduler_job.py:643} INFO - DAG(s) dict_keys(['example_external_task_marker_parent', 'example_external_task_marker_child']) retrieved from /home/airflow/.local/lib/python3.6/site-packages/airflow/example_dags/example_external_task_marker_dag.py
[2023-08-08 23:08:23,125] {logging_mixin.py:104} INFO - [2023-08-08 23:08:23,125] {dag.py:1833} INFO - Sync 2 DAGs
[2023-08-08 23:08:23,145] {logging_mixin.py:104} INFO - [2023-08-08 23:08:23,145] {dag.py:2306} INFO - Setting next_dagrun for example_external_task_marker_child to None
[2023-08-08 23:08:23,148] {logging_mixin.py:104} INFO - [2023-08-08 23:08:23,148] {dag.py:2306} INFO - Setting next_dagrun for example_external_task_marker_parent to None
[2023-08-08 23:08:23,175] {scheduler_job.py:190} INFO - Processing /home/airflow/.local/lib/python3.6/site-packages/airflow/example_dags/example_external_task_marker_dag.py took 0.619 seconds
[2023-08-08 23:08:55,224] {scheduler_job.py:182} INFO - Started process (PID=6339) to work on /home/airflow/.local/lib/python3.6/site-packages/airflow/example_dags/example_external_task_marker_dag.py
[2023-08-08 23:08:55,229] {scheduler_job.py:633} INFO - Processing file /home/airflow/.local/lib/python3.6/site-packages/airflow/example_dags/example_external_task_marker_dag.py for tasks to queue
[2023-08-08 23:08:55,236] {logging_mixin.py:104} INFO - [2023-08-08 23:08:55,235] {dagbag.py:496} INFO - Filling up the DagBag from /home/airflow/.local/lib/python3.6/site-packages/airflow/example_dags/example_external_task_marker_dag.py
[2023-08-08 23:08:55,269] {scheduler_job.py:643} INFO - DAG(s) dict_keys(['example_external_task_marker_parent', 'example_external_task_marker_child']) retrieved from /home/airflow/.local/lib/python3.6/site-packages/airflow/example_dags/example_external_task_marker_dag.py
[2023-08-08 23:08:55,723] {logging_mixin.py:104} INFO - [2023-08-08 23:08:55,723] {dag.py:1833} INFO - Sync 2 DAGs
[2023-08-08 23:08:55,742] {logging_mixin.py:104} INFO - [2023-08-08 23:08:55,742] {dag.py:2306} INFO - Setting next_dagrun for example_external_task_marker_child to None
[2023-08-08 23:08:55,745] {logging_mixin.py:104} INFO - [2023-08-08 23:08:55,745] {dag.py:2306} INFO - Setting next_dagrun for example_external_task_marker_parent to None
[2023-08-08 23:08:55,770] {scheduler_job.py:190} INFO - Processing /home/airflow/.local/lib/python3.6/site-packages/airflow/example_dags/example_external_task_marker_dag.py took 0.552 seconds
[2023-08-08 23:09:30,170] {scheduler_job.py:182} INFO - Started process (PID=6393) to work on /home/airflow/.local/lib/python3.6/site-packages/airflow/example_dags/example_external_task_marker_dag.py
[2023-08-08 23:09:30,195] {scheduler_job.py:633} INFO - Processing file /home/airflow/.local/lib/python3.6/site-packages/airflow/example_dags/example_external_task_marker_dag.py for tasks to queue
[2023-08-08 23:09:30,204] {logging_mixin.py:104} INFO - [2023-08-08 23:09:30,203] {dagbag.py:496} INFO - Filling up the DagBag from /home/airflow/.local/lib/python3.6/site-packages/airflow/example_dags/example_external_task_marker_dag.py
[2023-08-08 23:09:30,363] {scheduler_job.py:643} INFO - DAG(s) dict_keys(['example_external_task_marker_parent', 'example_external_task_marker_child']) retrieved from /home/airflow/.local/lib/python3.6/site-packages/airflow/example_dags/example_external_task_marker_dag.py
[2023-08-08 23:09:32,594] {logging_mixin.py:104} INFO - [2023-08-08 23:09:32,594] {dag.py:1833} INFO - Sync 2 DAGs
[2023-08-08 23:09:32,653] {logging_mixin.py:104} INFO - [2023-08-08 23:09:32,652] {dag.py:2306} INFO - Setting next_dagrun for example_external_task_marker_child to None
[2023-08-08 23:09:32,670] {logging_mixin.py:104} INFO - [2023-08-08 23:09:32,670] {dag.py:2306} INFO - Setting next_dagrun for example_external_task_marker_parent to None
[2023-08-08 23:09:32,761] {scheduler_job.py:190} INFO - Processing /home/airflow/.local/lib/python3.6/site-packages/airflow/example_dags/example_external_task_marker_dag.py took 2.631 seconds
[2023-08-08 23:10:02,878] {scheduler_job.py:182} INFO - Started process (PID=6445) to work on /home/airflow/.local/lib/python3.6/site-packages/airflow/example_dags/example_external_task_marker_dag.py
[2023-08-08 23:10:02,885] {scheduler_job.py:633} INFO - Processing file /home/airflow/.local/lib/python3.6/site-packages/airflow/example_dags/example_external_task_marker_dag.py for tasks to queue
[2023-08-08 23:10:02,890] {logging_mixin.py:104} INFO - [2023-08-08 23:10:02,890] {dagbag.py:496} INFO - Filling up the DagBag from /home/airflow/.local/lib/python3.6/site-packages/airflow/example_dags/example_external_task_marker_dag.py
[2023-08-08 23:10:02,951] {scheduler_job.py:643} INFO - DAG(s) dict_keys(['example_external_task_marker_parent', 'example_external_task_marker_child']) retrieved from /home/airflow/.local/lib/python3.6/site-packages/airflow/example_dags/example_external_task_marker_dag.py
[2023-08-08 23:10:03,027] {logging_mixin.py:104} INFO - [2023-08-08 23:10:03,027] {dag.py:1833} INFO - Sync 2 DAGs
[2023-08-08 23:10:03,075] {logging_mixin.py:104} INFO - [2023-08-08 23:10:03,075] {dag.py:2306} INFO - Setting next_dagrun for example_external_task_marker_child to None
[2023-08-08 23:10:03,081] {logging_mixin.py:104} INFO - [2023-08-08 23:10:03,081] {dag.py:2306} INFO - Setting next_dagrun for example_external_task_marker_parent to None
[2023-08-08 23:10:03,116] {scheduler_job.py:190} INFO - Processing /home/airflow/.local/lib/python3.6/site-packages/airflow/example_dags/example_external_task_marker_dag.py took 0.244 seconds
[2023-08-08 23:10:33,772] {scheduler_job.py:182} INFO - Started process (PID=6496) to work on /home/airflow/.local/lib/python3.6/site-packages/airflow/example_dags/example_external_task_marker_dag.py
[2023-08-08 23:10:33,780] {scheduler_job.py:633} INFO - Processing file /home/airflow/.local/lib/python3.6/site-packages/airflow/example_dags/example_external_task_marker_dag.py for tasks to queue
[2023-08-08 23:10:33,790] {logging_mixin.py:104} INFO - [2023-08-08 23:10:33,789] {dagbag.py:496} INFO - Filling up the DagBag from /home/airflow/.local/lib/python3.6/site-packages/airflow/example_dags/example_external_task_marker_dag.py
[2023-08-08 23:10:33,871] {scheduler_job.py:643} INFO - DAG(s) dict_keys(['example_external_task_marker_parent', 'example_external_task_marker_child']) retrieved from /home/airflow/.local/lib/python3.6/site-packages/airflow/example_dags/example_external_task_marker_dag.py
[2023-08-08 23:10:34,598] {logging_mixin.py:104} INFO - [2023-08-08 23:10:34,598] {dag.py:1833} INFO - Sync 2 DAGs
[2023-08-08 23:10:34,623] {logging_mixin.py:104} INFO - [2023-08-08 23:10:34,623] {dag.py:2306} INFO - Setting next_dagrun for example_external_task_marker_child to None
[2023-08-08 23:10:34,626] {logging_mixin.py:104} INFO - [2023-08-08 23:10:34,626] {dag.py:2306} INFO - Setting next_dagrun for example_external_task_marker_parent to None
[2023-08-08 23:10:34,653] {scheduler_job.py:190} INFO - Processing /home/airflow/.local/lib/python3.6/site-packages/airflow/example_dags/example_external_task_marker_dag.py took 0.894 seconds
[2023-08-08 23:11:04,791] {scheduler_job.py:182} INFO - Started process (PID=6548) to work on /home/airflow/.local/lib/python3.6/site-packages/airflow/example_dags/example_external_task_marker_dag.py
[2023-08-08 23:11:04,797] {scheduler_job.py:633} INFO - Processing file /home/airflow/.local/lib/python3.6/site-packages/airflow/example_dags/example_external_task_marker_dag.py for tasks to queue
[2023-08-08 23:11:04,803] {logging_mixin.py:104} INFO - [2023-08-08 23:11:04,803] {dagbag.py:496} INFO - Filling up the DagBag from /home/airflow/.local/lib/python3.6/site-packages/airflow/example_dags/example_external_task_marker_dag.py
[2023-08-08 23:11:04,848] {scheduler_job.py:643} INFO - DAG(s) dict_keys(['example_external_task_marker_parent', 'example_external_task_marker_child']) retrieved from /home/airflow/.local/lib/python3.6/site-packages/airflow/example_dags/example_external_task_marker_dag.py
[2023-08-08 23:11:05,270] {logging_mixin.py:104} INFO - [2023-08-08 23:11:05,270] {dag.py:1833} INFO - Sync 2 DAGs
[2023-08-08 23:11:05,291] {logging_mixin.py:104} INFO - [2023-08-08 23:11:05,291] {dag.py:2306} INFO - Setting next_dagrun for example_external_task_marker_child to None
[2023-08-08 23:11:05,294] {logging_mixin.py:104} INFO - [2023-08-08 23:11:05,294] {dag.py:2306} INFO - Setting next_dagrun for example_external_task_marker_parent to None
[2023-08-08 23:11:05,322] {scheduler_job.py:190} INFO - Processing /home/airflow/.local/lib/python3.6/site-packages/airflow/example_dags/example_external_task_marker_dag.py took 0.539 seconds
[2023-08-08 23:11:37,437] {scheduler_job.py:182} INFO - Started process (PID=6598) to work on /home/airflow/.local/lib/python3.6/site-packages/airflow/example_dags/example_external_task_marker_dag.py
[2023-08-08 23:11:37,446] {scheduler_job.py:633} INFO - Processing file /home/airflow/.local/lib/python3.6/site-packages/airflow/example_dags/example_external_task_marker_dag.py for tasks to queue
[2023-08-08 23:11:37,461] {logging_mixin.py:104} INFO - [2023-08-08 23:11:37,460] {dagbag.py:496} INFO - Filling up the DagBag from /home/airflow/.local/lib/python3.6/site-packages/airflow/example_dags/example_external_task_marker_dag.py
[2023-08-08 23:11:37,607] {scheduler_job.py:643} INFO - DAG(s) dict_keys(['example_external_task_marker_parent', 'example_external_task_marker_child']) retrieved from /home/airflow/.local/lib/python3.6/site-packages/airflow/example_dags/example_external_task_marker_dag.py
[2023-08-08 23:11:38,506] {logging_mixin.py:104} INFO - [2023-08-08 23:11:38,505] {dag.py:1833} INFO - Sync 2 DAGs
[2023-08-08 23:11:38,535] {logging_mixin.py:104} INFO - [2023-08-08 23:11:38,535] {dag.py:2306} INFO - Setting next_dagrun for example_external_task_marker_child to None
[2023-08-08 23:11:38,537] {logging_mixin.py:104} INFO - [2023-08-08 23:11:38,537] {dag.py:2306} INFO - Setting next_dagrun for example_external_task_marker_parent to None
[2023-08-08 23:11:38,580] {scheduler_job.py:190} INFO - Processing /home/airflow/.local/lib/python3.6/site-packages/airflow/example_dags/example_external_task_marker_dag.py took 1.158 seconds
[2023-08-08 23:12:11,925] {scheduler_job.py:182} INFO - Started process (PID=6648) to work on /home/airflow/.local/lib/python3.6/site-packages/airflow/example_dags/example_external_task_marker_dag.py
[2023-08-08 23:12:11,928] {scheduler_job.py:633} INFO - Processing file /home/airflow/.local/lib/python3.6/site-packages/airflow/example_dags/example_external_task_marker_dag.py for tasks to queue
[2023-08-08 23:12:11,931] {logging_mixin.py:104} INFO - [2023-08-08 23:12:11,930] {dagbag.py:496} INFO - Filling up the DagBag from /home/airflow/.local/lib/python3.6/site-packages/airflow/example_dags/example_external_task_marker_dag.py
[2023-08-08 23:12:11,969] {scheduler_job.py:643} INFO - DAG(s) dict_keys(['example_external_task_marker_parent', 'example_external_task_marker_child']) retrieved from /home/airflow/.local/lib/python3.6/site-packages/airflow/example_dags/example_external_task_marker_dag.py
[2023-08-08 23:12:12,040] {logging_mixin.py:104} INFO - [2023-08-08 23:12:12,039] {dag.py:1833} INFO - Sync 2 DAGs
[2023-08-08 23:12:12,077] {logging_mixin.py:104} INFO - [2023-08-08 23:12:12,077] {dag.py:2306} INFO - Setting next_dagrun for example_external_task_marker_child to None
[2023-08-08 23:12:12,084] {logging_mixin.py:104} INFO - [2023-08-08 23:12:12,083] {dag.py:2306} INFO - Setting next_dagrun for example_external_task_marker_parent to None
[2023-08-08 23:12:12,130] {scheduler_job.py:190} INFO - Processing /home/airflow/.local/lib/python3.6/site-packages/airflow/example_dags/example_external_task_marker_dag.py took 0.218 seconds
[2023-08-08 23:12:44,958] {scheduler_job.py:182} INFO - Started process (PID=6699) to work on /home/airflow/.local/lib/python3.6/site-packages/airflow/example_dags/example_external_task_marker_dag.py
[2023-08-08 23:12:44,961] {scheduler_job.py:633} INFO - Processing file /home/airflow/.local/lib/python3.6/site-packages/airflow/example_dags/example_external_task_marker_dag.py for tasks to queue
[2023-08-08 23:12:44,966] {logging_mixin.py:104} INFO - [2023-08-08 23:12:44,966] {dagbag.py:496} INFO - Filling up the DagBag from /home/airflow/.local/lib/python3.6/site-packages/airflow/example_dags/example_external_task_marker_dag.py
[2023-08-08 23:12:45,060] {scheduler_job.py:643} INFO - DAG(s) dict_keys(['example_external_task_marker_parent', 'example_external_task_marker_child']) retrieved from /home/airflow/.local/lib/python3.6/site-packages/airflow/example_dags/example_external_task_marker_dag.py
[2023-08-08 23:12:45,154] {logging_mixin.py:104} INFO - [2023-08-08 23:12:45,154] {dag.py:1833} INFO - Sync 2 DAGs
[2023-08-08 23:12:45,212] {logging_mixin.py:104} INFO - [2023-08-08 23:12:45,212] {dag.py:2306} INFO - Setting next_dagrun for example_external_task_marker_child to None
[2023-08-08 23:12:45,228] {logging_mixin.py:104} INFO - [2023-08-08 23:12:45,228] {dag.py:2306} INFO - Setting next_dagrun for example_external_task_marker_parent to None
[2023-08-08 23:12:45,277] {scheduler_job.py:190} INFO - Processing /home/airflow/.local/lib/python3.6/site-packages/airflow/example_dags/example_external_task_marker_dag.py took 0.331 seconds
[2023-08-08 23:13:16,026] {scheduler_job.py:182} INFO - Started process (PID=6741) to work on /home/airflow/.local/lib/python3.6/site-packages/airflow/example_dags/example_external_task_marker_dag.py
[2023-08-08 23:13:16,030] {scheduler_job.py:633} INFO - Processing file /home/airflow/.local/lib/python3.6/site-packages/airflow/example_dags/example_external_task_marker_dag.py for tasks to queue
[2023-08-08 23:13:16,035] {logging_mixin.py:104} INFO - [2023-08-08 23:13:16,035] {dagbag.py:496} INFO - Filling up the DagBag from /home/airflow/.local/lib/python3.6/site-packages/airflow/example_dags/example_external_task_marker_dag.py
[2023-08-08 23:13:16,076] {scheduler_job.py:643} INFO - DAG(s) dict_keys(['example_external_task_marker_parent', 'example_external_task_marker_child']) retrieved from /home/airflow/.local/lib/python3.6/site-packages/airflow/example_dags/example_external_task_marker_dag.py
[2023-08-08 23:13:16,141] {logging_mixin.py:104} INFO - [2023-08-08 23:13:16,141] {dag.py:1833} INFO - Sync 2 DAGs
[2023-08-08 23:13:16,184] {logging_mixin.py:104} INFO - [2023-08-08 23:13:16,183] {dag.py:2306} INFO - Setting next_dagrun for example_external_task_marker_child to None
[2023-08-08 23:13:16,187] {logging_mixin.py:104} INFO - [2023-08-08 23:13:16,187] {dag.py:2306} INFO - Setting next_dagrun for example_external_task_marker_parent to None
[2023-08-08 23:13:16,210] {scheduler_job.py:190} INFO - Processing /home/airflow/.local/lib/python3.6/site-packages/airflow/example_dags/example_external_task_marker_dag.py took 0.190 seconds
[2023-08-08 23:13:47,304] {scheduler_job.py:182} INFO - Started process (PID=6792) to work on /home/airflow/.local/lib/python3.6/site-packages/airflow/example_dags/example_external_task_marker_dag.py
[2023-08-08 23:13:47,309] {scheduler_job.py:633} INFO - Processing file /home/airflow/.local/lib/python3.6/site-packages/airflow/example_dags/example_external_task_marker_dag.py for tasks to queue
[2023-08-08 23:13:47,312] {logging_mixin.py:104} INFO - [2023-08-08 23:13:47,311] {dagbag.py:496} INFO - Filling up the DagBag from /home/airflow/.local/lib/python3.6/site-packages/airflow/example_dags/example_external_task_marker_dag.py
[2023-08-08 23:13:47,351] {scheduler_job.py:643} INFO - DAG(s) dict_keys(['example_external_task_marker_parent', 'example_external_task_marker_child']) retrieved from /home/airflow/.local/lib/python3.6/site-packages/airflow/example_dags/example_external_task_marker_dag.py
[2023-08-08 23:13:47,420] {logging_mixin.py:104} INFO - [2023-08-08 23:13:47,420] {dag.py:1833} INFO - Sync 2 DAGs
[2023-08-08 23:13:47,453] {logging_mixin.py:104} INFO - [2023-08-08 23:13:47,453] {dag.py:2306} INFO - Setting next_dagrun for example_external_task_marker_child to None
[2023-08-08 23:13:47,460] {logging_mixin.py:104} INFO - [2023-08-08 23:13:47,460] {dag.py:2306} INFO - Setting next_dagrun for example_external_task_marker_parent to None
[2023-08-08 23:13:47,499] {scheduler_job.py:190} INFO - Processing /home/airflow/.local/lib/python3.6/site-packages/airflow/example_dags/example_external_task_marker_dag.py took 0.205 seconds
[2023-08-08 23:14:18,135] {scheduler_job.py:182} INFO - Started process (PID=6843) to work on /home/airflow/.local/lib/python3.6/site-packages/airflow/example_dags/example_external_task_marker_dag.py
[2023-08-08 23:14:18,139] {scheduler_job.py:633} INFO - Processing file /home/airflow/.local/lib/python3.6/site-packages/airflow/example_dags/example_external_task_marker_dag.py for tasks to queue
[2023-08-08 23:14:18,141] {logging_mixin.py:104} INFO - [2023-08-08 23:14:18,141] {dagbag.py:496} INFO - Filling up the DagBag from /home/airflow/.local/lib/python3.6/site-packages/airflow/example_dags/example_external_task_marker_dag.py
[2023-08-08 23:14:18,206] {scheduler_job.py:643} INFO - DAG(s) dict_keys(['example_external_task_marker_parent', 'example_external_task_marker_child']) retrieved from /home/airflow/.local/lib/python3.6/site-packages/airflow/example_dags/example_external_task_marker_dag.py
[2023-08-08 23:14:19,682] {logging_mixin.py:104} INFO - [2023-08-08 23:14:19,682] {dag.py:1833} INFO - Sync 2 DAGs
[2023-08-08 23:14:19,724] {logging_mixin.py:104} INFO - [2023-08-08 23:14:19,724] {dag.py:2306} INFO - Setting next_dagrun for example_external_task_marker_child to None
[2023-08-08 23:14:19,727] {logging_mixin.py:104} INFO - [2023-08-08 23:14:19,727] {dag.py:2306} INFO - Setting next_dagrun for example_external_task_marker_parent to None
[2023-08-08 23:14:19,795] {scheduler_job.py:190} INFO - Processing /home/airflow/.local/lib/python3.6/site-packages/airflow/example_dags/example_external_task_marker_dag.py took 1.671 seconds
[2023-08-08 23:14:50,132] {scheduler_job.py:182} INFO - Started process (PID=6893) to work on /home/airflow/.local/lib/python3.6/site-packages/airflow/example_dags/example_external_task_marker_dag.py
[2023-08-08 23:14:50,148] {scheduler_job.py:633} INFO - Processing file /home/airflow/.local/lib/python3.6/site-packages/airflow/example_dags/example_external_task_marker_dag.py for tasks to queue
[2023-08-08 23:14:50,151] {logging_mixin.py:104} INFO - [2023-08-08 23:14:50,150] {dagbag.py:496} INFO - Filling up the DagBag from /home/airflow/.local/lib/python3.6/site-packages/airflow/example_dags/example_external_task_marker_dag.py
[2023-08-08 23:14:50,331] {scheduler_job.py:643} INFO - DAG(s) dict_keys(['example_external_task_marker_parent', 'example_external_task_marker_child']) retrieved from /home/airflow/.local/lib/python3.6/site-packages/airflow/example_dags/example_external_task_marker_dag.py
[2023-08-08 23:14:52,515] {logging_mixin.py:104} INFO - [2023-08-08 23:14:52,515] {dag.py:1833} INFO - Sync 2 DAGs
[2023-08-08 23:14:52,624] {logging_mixin.py:104} INFO - [2023-08-08 23:14:52,623] {dag.py:2306} INFO - Setting next_dagrun for example_external_task_marker_child to None
[2023-08-08 23:14:52,643] {logging_mixin.py:104} INFO - [2023-08-08 23:14:52,641] {dag.py:2306} INFO - Setting next_dagrun for example_external_task_marker_parent to None
[2023-08-08 23:14:52,751] {scheduler_job.py:190} INFO - Processing /home/airflow/.local/lib/python3.6/site-packages/airflow/example_dags/example_external_task_marker_dag.py took 2.637 seconds
[2023-08-08 23:15:23,339] {scheduler_job.py:182} INFO - Started process (PID=6943) to work on /home/airflow/.local/lib/python3.6/site-packages/airflow/example_dags/example_external_task_marker_dag.py
[2023-08-08 23:15:23,342] {scheduler_job.py:633} INFO - Processing file /home/airflow/.local/lib/python3.6/site-packages/airflow/example_dags/example_external_task_marker_dag.py for tasks to queue
[2023-08-08 23:15:23,345] {logging_mixin.py:104} INFO - [2023-08-08 23:15:23,344] {dagbag.py:496} INFO - Filling up the DagBag from /home/airflow/.local/lib/python3.6/site-packages/airflow/example_dags/example_external_task_marker_dag.py
[2023-08-08 23:15:23,390] {scheduler_job.py:643} INFO - DAG(s) dict_keys(['example_external_task_marker_parent', 'example_external_task_marker_child']) retrieved from /home/airflow/.local/lib/python3.6/site-packages/airflow/example_dags/example_external_task_marker_dag.py
[2023-08-08 23:15:23,456] {logging_mixin.py:104} INFO - [2023-08-08 23:15:23,455] {dag.py:1833} INFO - Sync 2 DAGs
[2023-08-08 23:15:23,495] {logging_mixin.py:104} INFO - [2023-08-08 23:15:23,495] {dag.py:2306} INFO - Setting next_dagrun for example_external_task_marker_child to None
[2023-08-08 23:15:23,502] {logging_mixin.py:104} INFO - [2023-08-08 23:15:23,502] {dag.py:2306} INFO - Setting next_dagrun for example_external_task_marker_parent to None
[2023-08-08 23:15:23,532] {scheduler_job.py:190} INFO - Processing /home/airflow/.local/lib/python3.6/site-packages/airflow/example_dags/example_external_task_marker_dag.py took 0.208 seconds
[2023-08-08 23:15:54,094] {scheduler_job.py:182} INFO - Started process (PID=6993) to work on /home/airflow/.local/lib/python3.6/site-packages/airflow/example_dags/example_external_task_marker_dag.py
[2023-08-08 23:15:54,097] {scheduler_job.py:633} INFO - Processing file /home/airflow/.local/lib/python3.6/site-packages/airflow/example_dags/example_external_task_marker_dag.py for tasks to queue
[2023-08-08 23:15:54,098] {logging_mixin.py:104} INFO - [2023-08-08 23:15:54,098] {dagbag.py:496} INFO - Filling up the DagBag from /home/airflow/.local/lib/python3.6/site-packages/airflow/example_dags/example_external_task_marker_dag.py
[2023-08-08 23:15:54,126] {scheduler_job.py:643} INFO - DAG(s) dict_keys(['example_external_task_marker_parent', 'example_external_task_marker_child']) retrieved from /home/airflow/.local/lib/python3.6/site-packages/airflow/example_dags/example_external_task_marker_dag.py
[2023-08-08 23:15:54,698] {logging_mixin.py:104} INFO - [2023-08-08 23:15:54,698] {dag.py:1833} INFO - Sync 2 DAGs
[2023-08-08 23:15:54,731] {logging_mixin.py:104} INFO - [2023-08-08 23:15:54,731] {dag.py:2306} INFO - Setting next_dagrun for example_external_task_marker_child to None
[2023-08-08 23:15:54,734] {logging_mixin.py:104} INFO - [2023-08-08 23:15:54,734] {dag.py:2306} INFO - Setting next_dagrun for example_external_task_marker_parent to None
[2023-08-08 23:15:54,762] {scheduler_job.py:190} INFO - Processing /home/airflow/.local/lib/python3.6/site-packages/airflow/example_dags/example_external_task_marker_dag.py took 0.678 seconds
[2023-08-08 23:16:27,408] {scheduler_job.py:182} INFO - Started process (PID=7045) to work on /home/airflow/.local/lib/python3.6/site-packages/airflow/example_dags/example_external_task_marker_dag.py
[2023-08-08 23:16:27,421] {scheduler_job.py:633} INFO - Processing file /home/airflow/.local/lib/python3.6/site-packages/airflow/example_dags/example_external_task_marker_dag.py for tasks to queue
[2023-08-08 23:16:27,435] {logging_mixin.py:104} INFO - [2023-08-08 23:16:27,435] {dagbag.py:496} INFO - Filling up the DagBag from /home/airflow/.local/lib/python3.6/site-packages/airflow/example_dags/example_external_task_marker_dag.py
[2023-08-08 23:16:27,642] {scheduler_job.py:643} INFO - DAG(s) dict_keys(['example_external_task_marker_parent', 'example_external_task_marker_child']) retrieved from /home/airflow/.local/lib/python3.6/site-packages/airflow/example_dags/example_external_task_marker_dag.py
[2023-08-08 23:16:29,361] {logging_mixin.py:104} INFO - [2023-08-08 23:16:29,361] {dag.py:1833} INFO - Sync 2 DAGs
[2023-08-08 23:16:29,436] {logging_mixin.py:104} INFO - [2023-08-08 23:16:29,436] {dag.py:2306} INFO - Setting next_dagrun for example_external_task_marker_child to None
[2023-08-08 23:16:29,447] {logging_mixin.py:104} INFO - [2023-08-08 23:16:29,447] {dag.py:2306} INFO - Setting next_dagrun for example_external_task_marker_parent to None
[2023-08-08 23:16:29,507] {scheduler_job.py:190} INFO - Processing /home/airflow/.local/lib/python3.6/site-packages/airflow/example_dags/example_external_task_marker_dag.py took 2.134 seconds
[2023-08-08 23:17:00,677] {scheduler_job.py:182} INFO - Started process (PID=7096) to work on /home/airflow/.local/lib/python3.6/site-packages/airflow/example_dags/example_external_task_marker_dag.py
[2023-08-08 23:17:00,698] {scheduler_job.py:633} INFO - Processing file /home/airflow/.local/lib/python3.6/site-packages/airflow/example_dags/example_external_task_marker_dag.py for tasks to queue
[2023-08-08 23:17:00,708] {logging_mixin.py:104} INFO - [2023-08-08 23:17:00,708] {dagbag.py:496} INFO - Filling up the DagBag from /home/airflow/.local/lib/python3.6/site-packages/airflow/example_dags/example_external_task_marker_dag.py
[2023-08-08 23:17:00,819] {scheduler_job.py:643} INFO - DAG(s) dict_keys(['example_external_task_marker_parent', 'example_external_task_marker_child']) retrieved from /home/airflow/.local/lib/python3.6/site-packages/airflow/example_dags/example_external_task_marker_dag.py
[2023-08-08 23:17:00,988] {logging_mixin.py:104} INFO - [2023-08-08 23:17:00,988] {dag.py:1833} INFO - Sync 2 DAGs
[2023-08-08 23:17:01,065] {logging_mixin.py:104} INFO - [2023-08-08 23:17:01,065] {dag.py:2306} INFO - Setting next_dagrun for example_external_task_marker_child to None
[2023-08-08 23:17:01,079] {logging_mixin.py:104} INFO - [2023-08-08 23:17:01,079] {dag.py:2306} INFO - Setting next_dagrun for example_external_task_marker_parent to None
[2023-08-08 23:17:01,145] {scheduler_job.py:190} INFO - Processing /home/airflow/.local/lib/python3.6/site-packages/airflow/example_dags/example_external_task_marker_dag.py took 0.503 seconds
[2023-08-08 23:17:31,600] {scheduler_job.py:182} INFO - Started process (PID=7137) to work on /home/airflow/.local/lib/python3.6/site-packages/airflow/example_dags/example_external_task_marker_dag.py
[2023-08-08 23:17:31,607] {scheduler_job.py:633} INFO - Processing file /home/airflow/.local/lib/python3.6/site-packages/airflow/example_dags/example_external_task_marker_dag.py for tasks to queue
[2023-08-08 23:17:31,611] {logging_mixin.py:104} INFO - [2023-08-08 23:17:31,610] {dagbag.py:496} INFO - Filling up the DagBag from /home/airflow/.local/lib/python3.6/site-packages/airflow/example_dags/example_external_task_marker_dag.py
[2023-08-08 23:17:31,668] {scheduler_job.py:643} INFO - DAG(s) dict_keys(['example_external_task_marker_parent', 'example_external_task_marker_child']) retrieved from /home/airflow/.local/lib/python3.6/site-packages/airflow/example_dags/example_external_task_marker_dag.py
[2023-08-08 23:17:32,835] {logging_mixin.py:104} INFO - [2023-08-08 23:17:32,834] {dag.py:1833} INFO - Sync 2 DAGs
[2023-08-08 23:17:32,903] {logging_mixin.py:104} INFO - [2023-08-08 23:17:32,903] {dag.py:2306} INFO - Setting next_dagrun for example_external_task_marker_child to None
[2023-08-08 23:17:32,915] {logging_mixin.py:104} INFO - [2023-08-08 23:17:32,915] {dag.py:2306} INFO - Setting next_dagrun for example_external_task_marker_parent to None
[2023-08-08 23:17:32,962] {scheduler_job.py:190} INFO - Processing /home/airflow/.local/lib/python3.6/site-packages/airflow/example_dags/example_external_task_marker_dag.py took 1.375 seconds
[2023-08-08 23:18:03,361] {scheduler_job.py:182} INFO - Started process (PID=7188) to work on /home/airflow/.local/lib/python3.6/site-packages/airflow/example_dags/example_external_task_marker_dag.py
[2023-08-08 23:18:03,364] {scheduler_job.py:633} INFO - Processing file /home/airflow/.local/lib/python3.6/site-packages/airflow/example_dags/example_external_task_marker_dag.py for tasks to queue
[2023-08-08 23:18:03,366] {logging_mixin.py:104} INFO - [2023-08-08 23:18:03,366] {dagbag.py:496} INFO - Filling up the DagBag from /home/airflow/.local/lib/python3.6/site-packages/airflow/example_dags/example_external_task_marker_dag.py
[2023-08-08 23:18:03,411] {scheduler_job.py:643} INFO - DAG(s) dict_keys(['example_external_task_marker_parent', 'example_external_task_marker_child']) retrieved from /home/airflow/.local/lib/python3.6/site-packages/airflow/example_dags/example_external_task_marker_dag.py
[2023-08-08 23:18:04,506] {logging_mixin.py:104} INFO - [2023-08-08 23:18:04,506] {dag.py:1833} INFO - Sync 2 DAGs
[2023-08-08 23:18:04,543] {logging_mixin.py:104} INFO - [2023-08-08 23:18:04,543] {dag.py:2306} INFO - Setting next_dagrun for example_external_task_marker_child to None
[2023-08-08 23:18:04,550] {logging_mixin.py:104} INFO - [2023-08-08 23:18:04,549] {dag.py:2306} INFO - Setting next_dagrun for example_external_task_marker_parent to None
[2023-08-08 23:18:04,629] {scheduler_job.py:190} INFO - Processing /home/airflow/.local/lib/python3.6/site-packages/airflow/example_dags/example_external_task_marker_dag.py took 1.283 seconds
[2023-08-08 23:18:34,923] {scheduler_job.py:182} INFO - Started process (PID=7238) to work on /home/airflow/.local/lib/python3.6/site-packages/airflow/example_dags/example_external_task_marker_dag.py
[2023-08-08 23:18:34,938] {scheduler_job.py:633} INFO - Processing file /home/airflow/.local/lib/python3.6/site-packages/airflow/example_dags/example_external_task_marker_dag.py for tasks to queue
[2023-08-08 23:18:34,946] {logging_mixin.py:104} INFO - [2023-08-08 23:18:34,946] {dagbag.py:496} INFO - Filling up the DagBag from /home/airflow/.local/lib/python3.6/site-packages/airflow/example_dags/example_external_task_marker_dag.py
[2023-08-08 23:18:35,100] {scheduler_job.py:643} INFO - DAG(s) dict_keys(['example_external_task_marker_parent', 'example_external_task_marker_child']) retrieved from /home/airflow/.local/lib/python3.6/site-packages/airflow/example_dags/example_external_task_marker_dag.py
[2023-08-08 23:18:35,293] {logging_mixin.py:104} INFO - [2023-08-08 23:18:35,292] {dag.py:1833} INFO - Sync 2 DAGs
[2023-08-08 23:18:35,375] {logging_mixin.py:104} INFO - [2023-08-08 23:18:35,375] {dag.py:2306} INFO - Setting next_dagrun for example_external_task_marker_child to None
[2023-08-08 23:18:35,381] {logging_mixin.py:104} INFO - [2023-08-08 23:18:35,381] {dag.py:2306} INFO - Setting next_dagrun for example_external_task_marker_parent to None
[2023-08-08 23:18:35,508] {scheduler_job.py:190} INFO - Processing /home/airflow/.local/lib/python3.6/site-packages/airflow/example_dags/example_external_task_marker_dag.py took 0.631 seconds
[2023-08-08 23:19:05,856] {scheduler_job.py:182} INFO - Started process (PID=7289) to work on /home/airflow/.local/lib/python3.6/site-packages/airflow/example_dags/example_external_task_marker_dag.py
[2023-08-08 23:19:05,861] {scheduler_job.py:633} INFO - Processing file /home/airflow/.local/lib/python3.6/site-packages/airflow/example_dags/example_external_task_marker_dag.py for tasks to queue
[2023-08-08 23:19:05,867] {logging_mixin.py:104} INFO - [2023-08-08 23:19:05,867] {dagbag.py:496} INFO - Filling up the DagBag from /home/airflow/.local/lib/python3.6/site-packages/airflow/example_dags/example_external_task_marker_dag.py
[2023-08-08 23:19:05,906] {scheduler_job.py:643} INFO - DAG(s) dict_keys(['example_external_task_marker_parent', 'example_external_task_marker_child']) retrieved from /home/airflow/.local/lib/python3.6/site-packages/airflow/example_dags/example_external_task_marker_dag.py
[2023-08-08 23:19:06,002] {logging_mixin.py:104} INFO - [2023-08-08 23:19:06,001] {dag.py:1833} INFO - Sync 2 DAGs
[2023-08-08 23:19:06,057] {logging_mixin.py:104} INFO - [2023-08-08 23:19:06,057] {dag.py:2306} INFO - Setting next_dagrun for example_external_task_marker_child to None
[2023-08-08 23:19:06,066] {logging_mixin.py:104} INFO - [2023-08-08 23:19:06,066] {dag.py:2306} INFO - Setting next_dagrun for example_external_task_marker_parent to None
[2023-08-08 23:19:06,103] {scheduler_job.py:190} INFO - Processing /home/airflow/.local/lib/python3.6/site-packages/airflow/example_dags/example_external_task_marker_dag.py took 0.263 seconds
[2023-08-08 23:19:36,268] {scheduler_job.py:182} INFO - Started process (PID=7330) to work on /home/airflow/.local/lib/python3.6/site-packages/airflow/example_dags/example_external_task_marker_dag.py
[2023-08-08 23:19:36,272] {scheduler_job.py:633} INFO - Processing file /home/airflow/.local/lib/python3.6/site-packages/airflow/example_dags/example_external_task_marker_dag.py for tasks to queue
[2023-08-08 23:19:36,277] {logging_mixin.py:104} INFO - [2023-08-08 23:19:36,275] {dagbag.py:496} INFO - Filling up the DagBag from /home/airflow/.local/lib/python3.6/site-packages/airflow/example_dags/example_external_task_marker_dag.py
[2023-08-08 23:19:36,314] {scheduler_job.py:643} INFO - DAG(s) dict_keys(['example_external_task_marker_parent', 'example_external_task_marker_child']) retrieved from /home/airflow/.local/lib/python3.6/site-packages/airflow/example_dags/example_external_task_marker_dag.py
[2023-08-08 23:19:36,372] {logging_mixin.py:104} INFO - [2023-08-08 23:19:36,372] {dag.py:1833} INFO - Sync 2 DAGs
[2023-08-08 23:19:36,406] {logging_mixin.py:104} INFO - [2023-08-08 23:19:36,406] {dag.py:2306} INFO - Setting next_dagrun for example_external_task_marker_child to None
[2023-08-08 23:19:36,414] {logging_mixin.py:104} INFO - [2023-08-08 23:19:36,414] {dag.py:2306} INFO - Setting next_dagrun for example_external_task_marker_parent to None
[2023-08-08 23:19:36,440] {scheduler_job.py:190} INFO - Processing /home/airflow/.local/lib/python3.6/site-packages/airflow/example_dags/example_external_task_marker_dag.py took 0.180 seconds
[2023-08-08 23:20:06,688] {scheduler_job.py:182} INFO - Started process (PID=7380) to work on /home/airflow/.local/lib/python3.6/site-packages/airflow/example_dags/example_external_task_marker_dag.py
[2023-08-08 23:20:06,692] {scheduler_job.py:633} INFO - Processing file /home/airflow/.local/lib/python3.6/site-packages/airflow/example_dags/example_external_task_marker_dag.py for tasks to queue
[2023-08-08 23:20:06,695] {logging_mixin.py:104} INFO - [2023-08-08 23:20:06,694] {dagbag.py:496} INFO - Filling up the DagBag from /home/airflow/.local/lib/python3.6/site-packages/airflow/example_dags/example_external_task_marker_dag.py
[2023-08-08 23:20:06,722] {scheduler_job.py:643} INFO - DAG(s) dict_keys(['example_external_task_marker_parent', 'example_external_task_marker_child']) retrieved from /home/airflow/.local/lib/python3.6/site-packages/airflow/example_dags/example_external_task_marker_dag.py
[2023-08-08 23:20:07,186] {logging_mixin.py:104} INFO - [2023-08-08 23:20:07,186] {dag.py:1833} INFO - Sync 2 DAGs
[2023-08-08 23:20:07,205] {logging_mixin.py:104} INFO - [2023-08-08 23:20:07,205] {dag.py:2306} INFO - Setting next_dagrun for example_external_task_marker_child to None
[2023-08-08 23:20:07,208] {logging_mixin.py:104} INFO - [2023-08-08 23:20:07,208] {dag.py:2306} INFO - Setting next_dagrun for example_external_task_marker_parent to None
[2023-08-08 23:20:07,230] {scheduler_job.py:190} INFO - Processing /home/airflow/.local/lib/python3.6/site-packages/airflow/example_dags/example_external_task_marker_dag.py took 0.549 seconds
