[2023-08-08 22:59:57,846] {scheduler_job.py:182} INFO - Started process (PID=5453) to work on /home/airflow/.local/lib/python3.6/site-packages/airflow/example_dags/example_complex.py
[2023-08-08 22:59:57,858] {scheduler_job.py:633} INFO - Processing file /home/airflow/.local/lib/python3.6/site-packages/airflow/example_dags/example_complex.py for tasks to queue
[2023-08-08 22:59:57,885] {logging_mixin.py:104} INFO - [2023-08-08 22:59:57,885] {dagbag.py:496} INFO - Filling up the DagBag from /home/airflow/.local/lib/python3.6/site-packages/airflow/example_dags/example_complex.py
[2023-08-08 22:59:58,025] {scheduler_job.py:643} INFO - DAG(s) dict_keys(['example_complex']) retrieved from /home/airflow/.local/lib/python3.6/site-packages/airflow/example_dags/example_complex.py
[2023-08-08 22:59:59,044] {logging_mixin.py:104} INFO - [2023-08-08 22:59:59,044] {dag.py:1833} INFO - Sync 1 DAGs
[2023-08-08 22:59:59,076] {logging_mixin.py:104} INFO - [2023-08-08 22:59:59,076] {dag.py:2306} INFO - Setting next_dagrun for example_complex to None
[2023-08-08 22:59:59,108] {scheduler_job.py:190} INFO - Processing /home/airflow/.local/lib/python3.6/site-packages/airflow/example_dags/example_complex.py took 1.277 seconds
[2023-08-08 23:00:29,304] {scheduler_job.py:182} INFO - Started process (PID=5504) to work on /home/airflow/.local/lib/python3.6/site-packages/airflow/example_dags/example_complex.py
[2023-08-08 23:00:29,308] {scheduler_job.py:633} INFO - Processing file /home/airflow/.local/lib/python3.6/site-packages/airflow/example_dags/example_complex.py for tasks to queue
[2023-08-08 23:00:29,311] {logging_mixin.py:104} INFO - [2023-08-08 23:00:29,311] {dagbag.py:496} INFO - Filling up the DagBag from /home/airflow/.local/lib/python3.6/site-packages/airflow/example_dags/example_complex.py
[2023-08-08 23:00:29,369] {scheduler_job.py:643} INFO - DAG(s) dict_keys(['example_complex']) retrieved from /home/airflow/.local/lib/python3.6/site-packages/airflow/example_dags/example_complex.py
[2023-08-08 23:00:29,417] {logging_mixin.py:104} INFO - [2023-08-08 23:00:29,417] {dag.py:1833} INFO - Sync 1 DAGs
[2023-08-08 23:00:29,440] {logging_mixin.py:104} INFO - [2023-08-08 23:00:29,440] {dag.py:2306} INFO - Setting next_dagrun for example_complex to None
[2023-08-08 23:00:29,646] {scheduler_job.py:190} INFO - Processing /home/airflow/.local/lib/python3.6/site-packages/airflow/example_dags/example_complex.py took 0.350 seconds
[2023-08-08 23:00:59,838] {scheduler_job.py:182} INFO - Started process (PID=5556) to work on /home/airflow/.local/lib/python3.6/site-packages/airflow/example_dags/example_complex.py
[2023-08-08 23:00:59,841] {scheduler_job.py:633} INFO - Processing file /home/airflow/.local/lib/python3.6/site-packages/airflow/example_dags/example_complex.py for tasks to queue
[2023-08-08 23:00:59,842] {logging_mixin.py:104} INFO - [2023-08-08 23:00:59,842] {dagbag.py:496} INFO - Filling up the DagBag from /home/airflow/.local/lib/python3.6/site-packages/airflow/example_dags/example_complex.py
[2023-08-08 23:00:59,874] {scheduler_job.py:643} INFO - DAG(s) dict_keys(['example_complex']) retrieved from /home/airflow/.local/lib/python3.6/site-packages/airflow/example_dags/example_complex.py
[2023-08-08 23:00:59,908] {logging_mixin.py:104} INFO - [2023-08-08 23:00:59,907] {dag.py:1833} INFO - Sync 1 DAGs
[2023-08-08 23:00:59,923] {logging_mixin.py:104} INFO - [2023-08-08 23:00:59,923] {dag.py:2306} INFO - Setting next_dagrun for example_complex to None
[2023-08-08 23:00:59,939] {scheduler_job.py:190} INFO - Processing /home/airflow/.local/lib/python3.6/site-packages/airflow/example_dags/example_complex.py took 0.110 seconds
[2023-08-08 23:01:30,457] {scheduler_job.py:182} INFO - Started process (PID=5612) to work on /home/airflow/.local/lib/python3.6/site-packages/airflow/example_dags/example_complex.py
[2023-08-08 23:01:30,465] {scheduler_job.py:633} INFO - Processing file /home/airflow/.local/lib/python3.6/site-packages/airflow/example_dags/example_complex.py for tasks to queue
[2023-08-08 23:01:30,479] {logging_mixin.py:104} INFO - [2023-08-08 23:01:30,479] {dagbag.py:496} INFO - Filling up the DagBag from /home/airflow/.local/lib/python3.6/site-packages/airflow/example_dags/example_complex.py
[2023-08-08 23:01:30,703] {scheduler_job.py:643} INFO - DAG(s) dict_keys(['example_complex']) retrieved from /home/airflow/.local/lib/python3.6/site-packages/airflow/example_dags/example_complex.py
[2023-08-08 23:01:30,965] {logging_mixin.py:104} INFO - [2023-08-08 23:01:30,965] {dag.py:1833} INFO - Sync 1 DAGs
[2023-08-08 23:01:31,051] {logging_mixin.py:104} INFO - [2023-08-08 23:01:31,051] {dag.py:2306} INFO - Setting next_dagrun for example_complex to None
[2023-08-08 23:01:31,152] {scheduler_job.py:190} INFO - Processing /home/airflow/.local/lib/python3.6/site-packages/airflow/example_dags/example_complex.py took 0.737 seconds
[2023-08-08 23:02:01,932] {scheduler_job.py:182} INFO - Started process (PID=5667) to work on /home/airflow/.local/lib/python3.6/site-packages/airflow/example_dags/example_complex.py
[2023-08-08 23:02:01,939] {scheduler_job.py:633} INFO - Processing file /home/airflow/.local/lib/python3.6/site-packages/airflow/example_dags/example_complex.py for tasks to queue
[2023-08-08 23:02:01,950] {logging_mixin.py:104} INFO - [2023-08-08 23:02:01,950] {dagbag.py:496} INFO - Filling up the DagBag from /home/airflow/.local/lib/python3.6/site-packages/airflow/example_dags/example_complex.py
[2023-08-08 23:02:02,132] {scheduler_job.py:643} INFO - DAG(s) dict_keys(['example_complex']) retrieved from /home/airflow/.local/lib/python3.6/site-packages/airflow/example_dags/example_complex.py
[2023-08-08 23:02:02,241] {logging_mixin.py:104} INFO - [2023-08-08 23:02:02,241] {dag.py:1833} INFO - Sync 1 DAGs
[2023-08-08 23:02:02,286] {logging_mixin.py:104} INFO - [2023-08-08 23:02:02,286] {dag.py:2306} INFO - Setting next_dagrun for example_complex to None
[2023-08-08 23:02:02,352] {scheduler_job.py:190} INFO - Processing /home/airflow/.local/lib/python3.6/site-packages/airflow/example_dags/example_complex.py took 0.435 seconds
[2023-08-08 23:02:33,140] {scheduler_job.py:182} INFO - Started process (PID=5717) to work on /home/airflow/.local/lib/python3.6/site-packages/airflow/example_dags/example_complex.py
[2023-08-08 23:02:33,143] {scheduler_job.py:633} INFO - Processing file /home/airflow/.local/lib/python3.6/site-packages/airflow/example_dags/example_complex.py for tasks to queue
[2023-08-08 23:02:33,150] {logging_mixin.py:104} INFO - [2023-08-08 23:02:33,150] {dagbag.py:496} INFO - Filling up the DagBag from /home/airflow/.local/lib/python3.6/site-packages/airflow/example_dags/example_complex.py
[2023-08-08 23:02:33,236] {scheduler_job.py:643} INFO - DAG(s) dict_keys(['example_complex']) retrieved from /home/airflow/.local/lib/python3.6/site-packages/airflow/example_dags/example_complex.py
[2023-08-08 23:02:33,330] {logging_mixin.py:104} INFO - [2023-08-08 23:02:33,330] {dag.py:1833} INFO - Sync 1 DAGs
[2023-08-08 23:02:33,363] {logging_mixin.py:104} INFO - [2023-08-08 23:02:33,363] {dag.py:2306} INFO - Setting next_dagrun for example_complex to None
[2023-08-08 23:02:33,387] {scheduler_job.py:190} INFO - Processing /home/airflow/.local/lib/python3.6/site-packages/airflow/example_dags/example_complex.py took 0.264 seconds
[2023-08-08 23:03:03,785] {scheduler_job.py:182} INFO - Started process (PID=5768) to work on /home/airflow/.local/lib/python3.6/site-packages/airflow/example_dags/example_complex.py
[2023-08-08 23:03:03,790] {scheduler_job.py:633} INFO - Processing file /home/airflow/.local/lib/python3.6/site-packages/airflow/example_dags/example_complex.py for tasks to queue
[2023-08-08 23:03:03,800] {logging_mixin.py:104} INFO - [2023-08-08 23:03:03,799] {dagbag.py:496} INFO - Filling up the DagBag from /home/airflow/.local/lib/python3.6/site-packages/airflow/example_dags/example_complex.py
[2023-08-08 23:03:03,919] {scheduler_job.py:643} INFO - DAG(s) dict_keys(['example_complex']) retrieved from /home/airflow/.local/lib/python3.6/site-packages/airflow/example_dags/example_complex.py
[2023-08-08 23:03:03,994] {logging_mixin.py:104} INFO - [2023-08-08 23:03:03,994] {dag.py:1833} INFO - Sync 1 DAGs
[2023-08-08 23:03:04,028] {logging_mixin.py:104} INFO - [2023-08-08 23:03:04,027] {dag.py:2306} INFO - Setting next_dagrun for example_complex to None
[2023-08-08 23:03:04,060] {scheduler_job.py:190} INFO - Processing /home/airflow/.local/lib/python3.6/site-packages/airflow/example_dags/example_complex.py took 0.292 seconds
[2023-08-08 23:03:34,325] {scheduler_job.py:182} INFO - Started process (PID=5820) to work on /home/airflow/.local/lib/python3.6/site-packages/airflow/example_dags/example_complex.py
[2023-08-08 23:03:34,332] {scheduler_job.py:633} INFO - Processing file /home/airflow/.local/lib/python3.6/site-packages/airflow/example_dags/example_complex.py for tasks to queue
[2023-08-08 23:03:34,345] {logging_mixin.py:104} INFO - [2023-08-08 23:03:34,342] {dagbag.py:496} INFO - Filling up the DagBag from /home/airflow/.local/lib/python3.6/site-packages/airflow/example_dags/example_complex.py
[2023-08-08 23:03:34,450] {scheduler_job.py:643} INFO - DAG(s) dict_keys(['example_complex']) retrieved from /home/airflow/.local/lib/python3.6/site-packages/airflow/example_dags/example_complex.py
[2023-08-08 23:03:34,552] {logging_mixin.py:104} INFO - [2023-08-08 23:03:34,552] {dag.py:1833} INFO - Sync 1 DAGs
[2023-08-08 23:03:34,634] {logging_mixin.py:104} INFO - [2023-08-08 23:03:34,633] {dag.py:2306} INFO - Setting next_dagrun for example_complex to None
[2023-08-08 23:03:34,684] {scheduler_job.py:190} INFO - Processing /home/airflow/.local/lib/python3.6/site-packages/airflow/example_dags/example_complex.py took 0.386 seconds
[2023-08-08 23:04:04,884] {scheduler_job.py:182} INFO - Started process (PID=5871) to work on /home/airflow/.local/lib/python3.6/site-packages/airflow/example_dags/example_complex.py
[2023-08-08 23:04:04,889] {scheduler_job.py:633} INFO - Processing file /home/airflow/.local/lib/python3.6/site-packages/airflow/example_dags/example_complex.py for tasks to queue
[2023-08-08 23:04:04,897] {logging_mixin.py:104} INFO - [2023-08-08 23:04:04,897] {dagbag.py:496} INFO - Filling up the DagBag from /home/airflow/.local/lib/python3.6/site-packages/airflow/example_dags/example_complex.py
[2023-08-08 23:04:05,011] {scheduler_job.py:643} INFO - DAG(s) dict_keys(['example_complex']) retrieved from /home/airflow/.local/lib/python3.6/site-packages/airflow/example_dags/example_complex.py
[2023-08-08 23:04:05,085] {logging_mixin.py:104} INFO - [2023-08-08 23:04:05,084] {dag.py:1833} INFO - Sync 1 DAGs
[2023-08-08 23:04:05,158] {logging_mixin.py:104} INFO - [2023-08-08 23:04:05,157] {dag.py:2306} INFO - Setting next_dagrun for example_complex to None
[2023-08-08 23:04:05,210] {scheduler_job.py:190} INFO - Processing /home/airflow/.local/lib/python3.6/site-packages/airflow/example_dags/example_complex.py took 0.335 seconds
[2023-08-08 23:04:36,190] {scheduler_job.py:182} INFO - Started process (PID=5921) to work on /home/airflow/.local/lib/python3.6/site-packages/airflow/example_dags/example_complex.py
[2023-08-08 23:04:36,199] {scheduler_job.py:633} INFO - Processing file /home/airflow/.local/lib/python3.6/site-packages/airflow/example_dags/example_complex.py for tasks to queue
[2023-08-08 23:04:36,200] {logging_mixin.py:104} INFO - [2023-08-08 23:04:36,200] {dagbag.py:496} INFO - Filling up the DagBag from /home/airflow/.local/lib/python3.6/site-packages/airflow/example_dags/example_complex.py
[2023-08-08 23:04:36,314] {scheduler_job.py:643} INFO - DAG(s) dict_keys(['example_complex']) retrieved from /home/airflow/.local/lib/python3.6/site-packages/airflow/example_dags/example_complex.py
[2023-08-08 23:04:36,409] {logging_mixin.py:104} INFO - [2023-08-08 23:04:36,409] {dag.py:1833} INFO - Sync 1 DAGs
[2023-08-08 23:04:36,461] {logging_mixin.py:104} INFO - [2023-08-08 23:04:36,461] {dag.py:2306} INFO - Setting next_dagrun for example_complex to None
[2023-08-08 23:04:36,507] {scheduler_job.py:190} INFO - Processing /home/airflow/.local/lib/python3.6/site-packages/airflow/example_dags/example_complex.py took 0.337 seconds
[2023-08-08 23:05:06,848] {scheduler_job.py:182} INFO - Started process (PID=5972) to work on /home/airflow/.local/lib/python3.6/site-packages/airflow/example_dags/example_complex.py
[2023-08-08 23:05:06,860] {scheduler_job.py:633} INFO - Processing file /home/airflow/.local/lib/python3.6/site-packages/airflow/example_dags/example_complex.py for tasks to queue
[2023-08-08 23:05:06,863] {logging_mixin.py:104} INFO - [2023-08-08 23:05:06,863] {dagbag.py:496} INFO - Filling up the DagBag from /home/airflow/.local/lib/python3.6/site-packages/airflow/example_dags/example_complex.py
[2023-08-08 23:05:07,042] {scheduler_job.py:643} INFO - DAG(s) dict_keys(['example_complex']) retrieved from /home/airflow/.local/lib/python3.6/site-packages/airflow/example_dags/example_complex.py
[2023-08-08 23:05:07,193] {logging_mixin.py:104} INFO - [2023-08-08 23:05:07,192] {dag.py:1833} INFO - Sync 1 DAGs
[2023-08-08 23:05:07,218] {logging_mixin.py:104} INFO - [2023-08-08 23:05:07,218] {dag.py:2306} INFO - Setting next_dagrun for example_complex to None
[2023-08-08 23:05:07,247] {scheduler_job.py:190} INFO - Processing /home/airflow/.local/lib/python3.6/site-packages/airflow/example_dags/example_complex.py took 0.405 seconds
[2023-08-08 23:05:37,635] {scheduler_job.py:182} INFO - Started process (PID=6023) to work on /home/airflow/.local/lib/python3.6/site-packages/airflow/example_dags/example_complex.py
[2023-08-08 23:05:37,642] {scheduler_job.py:633} INFO - Processing file /home/airflow/.local/lib/python3.6/site-packages/airflow/example_dags/example_complex.py for tasks to queue
[2023-08-08 23:05:37,644] {logging_mixin.py:104} INFO - [2023-08-08 23:05:37,643] {dagbag.py:496} INFO - Filling up the DagBag from /home/airflow/.local/lib/python3.6/site-packages/airflow/example_dags/example_complex.py
[2023-08-08 23:05:37,710] {scheduler_job.py:643} INFO - DAG(s) dict_keys(['example_complex']) retrieved from /home/airflow/.local/lib/python3.6/site-packages/airflow/example_dags/example_complex.py
[2023-08-08 23:05:37,777] {logging_mixin.py:104} INFO - [2023-08-08 23:05:37,777] {dag.py:1833} INFO - Sync 1 DAGs
[2023-08-08 23:05:37,808] {logging_mixin.py:104} INFO - [2023-08-08 23:05:37,807] {dag.py:2306} INFO - Setting next_dagrun for example_complex to None
[2023-08-08 23:05:37,833] {scheduler_job.py:190} INFO - Processing /home/airflow/.local/lib/python3.6/site-packages/airflow/example_dags/example_complex.py took 0.223 seconds
[2023-08-08 23:06:08,244] {scheduler_job.py:182} INFO - Started process (PID=6073) to work on /home/airflow/.local/lib/python3.6/site-packages/airflow/example_dags/example_complex.py
[2023-08-08 23:06:08,248] {scheduler_job.py:633} INFO - Processing file /home/airflow/.local/lib/python3.6/site-packages/airflow/example_dags/example_complex.py for tasks to queue
[2023-08-08 23:06:08,260] {logging_mixin.py:104} INFO - [2023-08-08 23:06:08,259] {dagbag.py:496} INFO - Filling up the DagBag from /home/airflow/.local/lib/python3.6/site-packages/airflow/example_dags/example_complex.py
[2023-08-08 23:06:08,337] {scheduler_job.py:643} INFO - DAG(s) dict_keys(['example_complex']) retrieved from /home/airflow/.local/lib/python3.6/site-packages/airflow/example_dags/example_complex.py
[2023-08-08 23:06:08,395] {logging_mixin.py:104} INFO - [2023-08-08 23:06:08,395] {dag.py:1833} INFO - Sync 1 DAGs
[2023-08-08 23:06:08,438] {logging_mixin.py:104} INFO - [2023-08-08 23:06:08,437] {dag.py:2306} INFO - Setting next_dagrun for example_complex to None
[2023-08-08 23:06:08,467] {scheduler_job.py:190} INFO - Processing /home/airflow/.local/lib/python3.6/site-packages/airflow/example_dags/example_complex.py took 0.238 seconds
[2023-08-08 23:06:38,850] {scheduler_job.py:182} INFO - Started process (PID=6124) to work on /home/airflow/.local/lib/python3.6/site-packages/airflow/example_dags/example_complex.py
[2023-08-08 23:06:38,859] {scheduler_job.py:633} INFO - Processing file /home/airflow/.local/lib/python3.6/site-packages/airflow/example_dags/example_complex.py for tasks to queue
[2023-08-08 23:06:38,872] {logging_mixin.py:104} INFO - [2023-08-08 23:06:38,872] {dagbag.py:496} INFO - Filling up the DagBag from /home/airflow/.local/lib/python3.6/site-packages/airflow/example_dags/example_complex.py
[2023-08-08 23:06:39,030] {scheduler_job.py:643} INFO - DAG(s) dict_keys(['example_complex']) retrieved from /home/airflow/.local/lib/python3.6/site-packages/airflow/example_dags/example_complex.py
[2023-08-08 23:06:39,166] {logging_mixin.py:104} INFO - [2023-08-08 23:06:39,165] {dag.py:1833} INFO - Sync 1 DAGs
[2023-08-08 23:06:39,235] {logging_mixin.py:104} INFO - [2023-08-08 23:06:39,235] {dag.py:2306} INFO - Setting next_dagrun for example_complex to None
[2023-08-08 23:06:39,303] {scheduler_job.py:190} INFO - Processing /home/airflow/.local/lib/python3.6/site-packages/airflow/example_dags/example_complex.py took 0.465 seconds
[2023-08-08 23:07:09,714] {scheduler_job.py:182} INFO - Started process (PID=6172) to work on /home/airflow/.local/lib/python3.6/site-packages/airflow/example_dags/example_complex.py
[2023-08-08 23:07:09,723] {scheduler_job.py:633} INFO - Processing file /home/airflow/.local/lib/python3.6/site-packages/airflow/example_dags/example_complex.py for tasks to queue
[2023-08-08 23:07:09,734] {logging_mixin.py:104} INFO - [2023-08-08 23:07:09,733] {dagbag.py:496} INFO - Filling up the DagBag from /home/airflow/.local/lib/python3.6/site-packages/airflow/example_dags/example_complex.py
[2023-08-08 23:07:09,892] {scheduler_job.py:643} INFO - DAG(s) dict_keys(['example_complex']) retrieved from /home/airflow/.local/lib/python3.6/site-packages/airflow/example_dags/example_complex.py
[2023-08-08 23:07:10,039] {logging_mixin.py:104} INFO - [2023-08-08 23:07:10,035] {dag.py:1833} INFO - Sync 1 DAGs
[2023-08-08 23:07:10,113] {logging_mixin.py:104} INFO - [2023-08-08 23:07:10,112] {dag.py:2306} INFO - Setting next_dagrun for example_complex to None
[2023-08-08 23:07:10,178] {scheduler_job.py:190} INFO - Processing /home/airflow/.local/lib/python3.6/site-packages/airflow/example_dags/example_complex.py took 0.497 seconds
[2023-08-08 23:07:40,378] {scheduler_job.py:182} INFO - Started process (PID=6214) to work on /home/airflow/.local/lib/python3.6/site-packages/airflow/example_dags/example_complex.py
[2023-08-08 23:07:40,382] {scheduler_job.py:633} INFO - Processing file /home/airflow/.local/lib/python3.6/site-packages/airflow/example_dags/example_complex.py for tasks to queue
[2023-08-08 23:07:40,385] {logging_mixin.py:104} INFO - [2023-08-08 23:07:40,384] {dagbag.py:496} INFO - Filling up the DagBag from /home/airflow/.local/lib/python3.6/site-packages/airflow/example_dags/example_complex.py
[2023-08-08 23:07:40,417] {scheduler_job.py:643} INFO - DAG(s) dict_keys(['example_complex']) retrieved from /home/airflow/.local/lib/python3.6/site-packages/airflow/example_dags/example_complex.py
[2023-08-08 23:07:40,457] {logging_mixin.py:104} INFO - [2023-08-08 23:07:40,457] {dag.py:1833} INFO - Sync 1 DAGs
[2023-08-08 23:07:40,472] {logging_mixin.py:104} INFO - [2023-08-08 23:07:40,472] {dag.py:2306} INFO - Setting next_dagrun for example_complex to None
[2023-08-08 23:07:40,490] {scheduler_job.py:190} INFO - Processing /home/airflow/.local/lib/python3.6/site-packages/airflow/example_dags/example_complex.py took 0.122 seconds
[2023-08-08 23:08:11,257] {scheduler_job.py:182} INFO - Started process (PID=6264) to work on /home/airflow/.local/lib/python3.6/site-packages/airflow/example_dags/example_complex.py
[2023-08-08 23:08:11,260] {scheduler_job.py:633} INFO - Processing file /home/airflow/.local/lib/python3.6/site-packages/airflow/example_dags/example_complex.py for tasks to queue
[2023-08-08 23:08:11,262] {logging_mixin.py:104} INFO - [2023-08-08 23:08:11,262] {dagbag.py:496} INFO - Filling up the DagBag from /home/airflow/.local/lib/python3.6/site-packages/airflow/example_dags/example_complex.py
[2023-08-08 23:08:11,302] {scheduler_job.py:643} INFO - DAG(s) dict_keys(['example_complex']) retrieved from /home/airflow/.local/lib/python3.6/site-packages/airflow/example_dags/example_complex.py
[2023-08-08 23:08:11,341] {logging_mixin.py:104} INFO - [2023-08-08 23:08:11,341] {dag.py:1833} INFO - Sync 1 DAGs
[2023-08-08 23:08:11,365] {logging_mixin.py:104} INFO - [2023-08-08 23:08:11,365] {dag.py:2306} INFO - Setting next_dagrun for example_complex to None
[2023-08-08 23:08:11,387] {scheduler_job.py:190} INFO - Processing /home/airflow/.local/lib/python3.6/site-packages/airflow/example_dags/example_complex.py took 0.138 seconds
[2023-08-08 23:08:41,837] {scheduler_job.py:182} INFO - Started process (PID=6316) to work on /home/airflow/.local/lib/python3.6/site-packages/airflow/example_dags/example_complex.py
[2023-08-08 23:08:41,841] {scheduler_job.py:633} INFO - Processing file /home/airflow/.local/lib/python3.6/site-packages/airflow/example_dags/example_complex.py for tasks to queue
[2023-08-08 23:08:41,843] {logging_mixin.py:104} INFO - [2023-08-08 23:08:41,843] {dagbag.py:496} INFO - Filling up the DagBag from /home/airflow/.local/lib/python3.6/site-packages/airflow/example_dags/example_complex.py
[2023-08-08 23:08:41,887] {scheduler_job.py:643} INFO - DAG(s) dict_keys(['example_complex']) retrieved from /home/airflow/.local/lib/python3.6/site-packages/airflow/example_dags/example_complex.py
[2023-08-08 23:08:41,930] {logging_mixin.py:104} INFO - [2023-08-08 23:08:41,929] {dag.py:1833} INFO - Sync 1 DAGs
[2023-08-08 23:08:41,947] {logging_mixin.py:104} INFO - [2023-08-08 23:08:41,947] {dag.py:2306} INFO - Setting next_dagrun for example_complex to None
[2023-08-08 23:08:41,966] {scheduler_job.py:190} INFO - Processing /home/airflow/.local/lib/python3.6/site-packages/airflow/example_dags/example_complex.py took 0.134 seconds
[2023-08-08 23:09:12,782] {scheduler_job.py:182} INFO - Started process (PID=6366) to work on /home/airflow/.local/lib/python3.6/site-packages/airflow/example_dags/example_complex.py
[2023-08-08 23:09:12,786] {scheduler_job.py:633} INFO - Processing file /home/airflow/.local/lib/python3.6/site-packages/airflow/example_dags/example_complex.py for tasks to queue
[2023-08-08 23:09:12,789] {logging_mixin.py:104} INFO - [2023-08-08 23:09:12,789] {dagbag.py:496} INFO - Filling up the DagBag from /home/airflow/.local/lib/python3.6/site-packages/airflow/example_dags/example_complex.py
[2023-08-08 23:09:12,850] {scheduler_job.py:643} INFO - DAG(s) dict_keys(['example_complex']) retrieved from /home/airflow/.local/lib/python3.6/site-packages/airflow/example_dags/example_complex.py
[2023-08-08 23:09:12,964] {logging_mixin.py:104} INFO - [2023-08-08 23:09:12,964] {dag.py:1833} INFO - Sync 1 DAGs
[2023-08-08 23:09:12,994] {logging_mixin.py:104} INFO - [2023-08-08 23:09:12,994] {dag.py:2306} INFO - Setting next_dagrun for example_complex to None
[2023-08-08 23:09:13,018] {scheduler_job.py:190} INFO - Processing /home/airflow/.local/lib/python3.6/site-packages/airflow/example_dags/example_complex.py took 0.243 seconds
[2023-08-08 23:09:43,883] {scheduler_job.py:182} INFO - Started process (PID=6418) to work on /home/airflow/.local/lib/python3.6/site-packages/airflow/example_dags/example_complex.py
[2023-08-08 23:09:43,893] {scheduler_job.py:633} INFO - Processing file /home/airflow/.local/lib/python3.6/site-packages/airflow/example_dags/example_complex.py for tasks to queue
[2023-08-08 23:09:43,895] {logging_mixin.py:104} INFO - [2023-08-08 23:09:43,894] {dagbag.py:496} INFO - Filling up the DagBag from /home/airflow/.local/lib/python3.6/site-packages/airflow/example_dags/example_complex.py
[2023-08-08 23:09:43,939] {scheduler_job.py:643} INFO - DAG(s) dict_keys(['example_complex']) retrieved from /home/airflow/.local/lib/python3.6/site-packages/airflow/example_dags/example_complex.py
[2023-08-08 23:09:43,981] {logging_mixin.py:104} INFO - [2023-08-08 23:09:43,981] {dag.py:1833} INFO - Sync 1 DAGs
[2023-08-08 23:09:44,012] {logging_mixin.py:104} INFO - [2023-08-08 23:09:44,012] {dag.py:2306} INFO - Setting next_dagrun for example_complex to None
[2023-08-08 23:09:44,035] {scheduler_job.py:190} INFO - Processing /home/airflow/.local/lib/python3.6/site-packages/airflow/example_dags/example_complex.py took 0.163 seconds
[2023-08-08 23:10:14,468] {scheduler_job.py:182} INFO - Started process (PID=6469) to work on /home/airflow/.local/lib/python3.6/site-packages/airflow/example_dags/example_complex.py
[2023-08-08 23:10:14,473] {scheduler_job.py:633} INFO - Processing file /home/airflow/.local/lib/python3.6/site-packages/airflow/example_dags/example_complex.py for tasks to queue
[2023-08-08 23:10:14,477] {logging_mixin.py:104} INFO - [2023-08-08 23:10:14,476] {dagbag.py:496} INFO - Filling up the DagBag from /home/airflow/.local/lib/python3.6/site-packages/airflow/example_dags/example_complex.py
[2023-08-08 23:10:14,540] {scheduler_job.py:643} INFO - DAG(s) dict_keys(['example_complex']) retrieved from /home/airflow/.local/lib/python3.6/site-packages/airflow/example_dags/example_complex.py
[2023-08-08 23:10:14,588] {logging_mixin.py:104} INFO - [2023-08-08 23:10:14,588] {dag.py:1833} INFO - Sync 1 DAGs
[2023-08-08 23:10:14,610] {logging_mixin.py:104} INFO - [2023-08-08 23:10:14,610] {dag.py:2306} INFO - Setting next_dagrun for example_complex to None
[2023-08-08 23:10:14,637] {scheduler_job.py:190} INFO - Processing /home/airflow/.local/lib/python3.6/site-packages/airflow/example_dags/example_complex.py took 0.182 seconds
[2023-08-08 23:10:45,528] {scheduler_job.py:182} INFO - Started process (PID=6519) to work on /home/airflow/.local/lib/python3.6/site-packages/airflow/example_dags/example_complex.py
[2023-08-08 23:10:45,533] {scheduler_job.py:633} INFO - Processing file /home/airflow/.local/lib/python3.6/site-packages/airflow/example_dags/example_complex.py for tasks to queue
[2023-08-08 23:10:45,535] {logging_mixin.py:104} INFO - [2023-08-08 23:10:45,535] {dagbag.py:496} INFO - Filling up the DagBag from /home/airflow/.local/lib/python3.6/site-packages/airflow/example_dags/example_complex.py
[2023-08-08 23:10:45,612] {scheduler_job.py:643} INFO - DAG(s) dict_keys(['example_complex']) retrieved from /home/airflow/.local/lib/python3.6/site-packages/airflow/example_dags/example_complex.py
[2023-08-08 23:10:45,682] {logging_mixin.py:104} INFO - [2023-08-08 23:10:45,682] {dag.py:1833} INFO - Sync 1 DAGs
[2023-08-08 23:10:45,705] {logging_mixin.py:104} INFO - [2023-08-08 23:10:45,705] {dag.py:2306} INFO - Setting next_dagrun for example_complex to None
[2023-08-08 23:10:45,743] {scheduler_job.py:190} INFO - Processing /home/airflow/.local/lib/python3.6/site-packages/airflow/example_dags/example_complex.py took 0.230 seconds
[2023-08-08 23:11:16,240] {scheduler_job.py:182} INFO - Started process (PID=6569) to work on /home/airflow/.local/lib/python3.6/site-packages/airflow/example_dags/example_complex.py
[2023-08-08 23:11:16,244] {scheduler_job.py:633} INFO - Processing file /home/airflow/.local/lib/python3.6/site-packages/airflow/example_dags/example_complex.py for tasks to queue
[2023-08-08 23:11:16,257] {logging_mixin.py:104} INFO - [2023-08-08 23:11:16,256] {dagbag.py:496} INFO - Filling up the DagBag from /home/airflow/.local/lib/python3.6/site-packages/airflow/example_dags/example_complex.py
[2023-08-08 23:11:16,352] {scheduler_job.py:643} INFO - DAG(s) dict_keys(['example_complex']) retrieved from /home/airflow/.local/lib/python3.6/site-packages/airflow/example_dags/example_complex.py
[2023-08-08 23:11:16,433] {logging_mixin.py:104} INFO - [2023-08-08 23:11:16,433] {dag.py:1833} INFO - Sync 1 DAGs
[2023-08-08 23:11:16,467] {logging_mixin.py:104} INFO - [2023-08-08 23:11:16,466] {dag.py:2306} INFO - Setting next_dagrun for example_complex to None
[2023-08-08 23:11:16,517] {scheduler_job.py:190} INFO - Processing /home/airflow/.local/lib/python3.6/site-packages/airflow/example_dags/example_complex.py took 0.290 seconds
[2023-08-08 23:11:46,888] {scheduler_job.py:182} INFO - Started process (PID=6620) to work on /home/airflow/.local/lib/python3.6/site-packages/airflow/example_dags/example_complex.py
[2023-08-08 23:11:46,900] {scheduler_job.py:633} INFO - Processing file /home/airflow/.local/lib/python3.6/site-packages/airflow/example_dags/example_complex.py for tasks to queue
[2023-08-08 23:11:46,907] {logging_mixin.py:104} INFO - [2023-08-08 23:11:46,906] {dagbag.py:496} INFO - Filling up the DagBag from /home/airflow/.local/lib/python3.6/site-packages/airflow/example_dags/example_complex.py
[2023-08-08 23:11:47,214] {scheduler_job.py:643} INFO - DAG(s) dict_keys(['example_complex']) retrieved from /home/airflow/.local/lib/python3.6/site-packages/airflow/example_dags/example_complex.py
[2023-08-08 23:11:47,516] {logging_mixin.py:104} INFO - [2023-08-08 23:11:47,516] {dag.py:1833} INFO - Sync 1 DAGs
[2023-08-08 23:11:47,652] {logging_mixin.py:104} INFO - [2023-08-08 23:11:47,652] {dag.py:2306} INFO - Setting next_dagrun for example_complex to None
[2023-08-08 23:11:47,751] {scheduler_job.py:190} INFO - Processing /home/airflow/.local/lib/python3.6/site-packages/airflow/example_dags/example_complex.py took 0.911 seconds
[2023-08-08 23:12:18,110] {scheduler_job.py:182} INFO - Started process (PID=6661) to work on /home/airflow/.local/lib/python3.6/site-packages/airflow/example_dags/example_complex.py
[2023-08-08 23:12:18,117] {scheduler_job.py:633} INFO - Processing file /home/airflow/.local/lib/python3.6/site-packages/airflow/example_dags/example_complex.py for tasks to queue
[2023-08-08 23:12:18,119] {logging_mixin.py:104} INFO - [2023-08-08 23:12:18,119] {dagbag.py:496} INFO - Filling up the DagBag from /home/airflow/.local/lib/python3.6/site-packages/airflow/example_dags/example_complex.py
[2023-08-08 23:12:18,198] {scheduler_job.py:643} INFO - DAG(s) dict_keys(['example_complex']) retrieved from /home/airflow/.local/lib/python3.6/site-packages/airflow/example_dags/example_complex.py
[2023-08-08 23:12:18,274] {logging_mixin.py:104} INFO - [2023-08-08 23:12:18,274] {dag.py:1833} INFO - Sync 1 DAGs
[2023-08-08 23:12:18,321] {logging_mixin.py:104} INFO - [2023-08-08 23:12:18,321] {dag.py:2306} INFO - Setting next_dagrun for example_complex to None
[2023-08-08 23:12:18,372] {scheduler_job.py:190} INFO - Processing /home/airflow/.local/lib/python3.6/site-packages/airflow/example_dags/example_complex.py took 0.286 seconds
[2023-08-08 23:12:48,515] {scheduler_job.py:182} INFO - Started process (PID=6710) to work on /home/airflow/.local/lib/python3.6/site-packages/airflow/example_dags/example_complex.py
[2023-08-08 23:12:48,523] {scheduler_job.py:633} INFO - Processing file /home/airflow/.local/lib/python3.6/site-packages/airflow/example_dags/example_complex.py for tasks to queue
[2023-08-08 23:12:48,530] {logging_mixin.py:104} INFO - [2023-08-08 23:12:48,529] {dagbag.py:496} INFO - Filling up the DagBag from /home/airflow/.local/lib/python3.6/site-packages/airflow/example_dags/example_complex.py
[2023-08-08 23:12:48,677] {scheduler_job.py:643} INFO - DAG(s) dict_keys(['example_complex']) retrieved from /home/airflow/.local/lib/python3.6/site-packages/airflow/example_dags/example_complex.py
[2023-08-08 23:12:48,990] {logging_mixin.py:104} INFO - [2023-08-08 23:12:48,990] {dag.py:1833} INFO - Sync 1 DAGs
[2023-08-08 23:12:49,062] {logging_mixin.py:104} INFO - [2023-08-08 23:12:49,062] {dag.py:2306} INFO - Setting next_dagrun for example_complex to None
[2023-08-08 23:12:49,118] {scheduler_job.py:190} INFO - Processing /home/airflow/.local/lib/python3.6/site-packages/airflow/example_dags/example_complex.py took 0.638 seconds
[2023-08-08 23:13:19,697] {scheduler_job.py:182} INFO - Started process (PID=6762) to work on /home/airflow/.local/lib/python3.6/site-packages/airflow/example_dags/example_complex.py
[2023-08-08 23:13:19,702] {scheduler_job.py:633} INFO - Processing file /home/airflow/.local/lib/python3.6/site-packages/airflow/example_dags/example_complex.py for tasks to queue
[2023-08-08 23:13:19,712] {logging_mixin.py:104} INFO - [2023-08-08 23:13:19,711] {dagbag.py:496} INFO - Filling up the DagBag from /home/airflow/.local/lib/python3.6/site-packages/airflow/example_dags/example_complex.py
[2023-08-08 23:13:19,897] {scheduler_job.py:643} INFO - DAG(s) dict_keys(['example_complex']) retrieved from /home/airflow/.local/lib/python3.6/site-packages/airflow/example_dags/example_complex.py
[2023-08-08 23:13:20,057] {logging_mixin.py:104} INFO - [2023-08-08 23:13:20,057] {dag.py:1833} INFO - Sync 1 DAGs
[2023-08-08 23:13:20,123] {logging_mixin.py:104} INFO - [2023-08-08 23:13:20,123] {dag.py:2306} INFO - Setting next_dagrun for example_complex to None
[2023-08-08 23:13:20,194] {scheduler_job.py:190} INFO - Processing /home/airflow/.local/lib/python3.6/site-packages/airflow/example_dags/example_complex.py took 0.525 seconds
[2023-08-08 23:13:50,397] {scheduler_job.py:182} INFO - Started process (PID=6804) to work on /home/airflow/.local/lib/python3.6/site-packages/airflow/example_dags/example_complex.py
[2023-08-08 23:13:50,399] {scheduler_job.py:633} INFO - Processing file /home/airflow/.local/lib/python3.6/site-packages/airflow/example_dags/example_complex.py for tasks to queue
[2023-08-08 23:13:50,401] {logging_mixin.py:104} INFO - [2023-08-08 23:13:50,401] {dagbag.py:496} INFO - Filling up the DagBag from /home/airflow/.local/lib/python3.6/site-packages/airflow/example_dags/example_complex.py
[2023-08-08 23:13:50,475] {scheduler_job.py:643} INFO - DAG(s) dict_keys(['example_complex']) retrieved from /home/airflow/.local/lib/python3.6/site-packages/airflow/example_dags/example_complex.py
[2023-08-08 23:13:50,557] {logging_mixin.py:104} INFO - [2023-08-08 23:13:50,557] {dag.py:1833} INFO - Sync 1 DAGs
[2023-08-08 23:13:50,589] {logging_mixin.py:104} INFO - [2023-08-08 23:13:50,589] {dag.py:2306} INFO - Setting next_dagrun for example_complex to None
[2023-08-08 23:13:50,618] {scheduler_job.py:190} INFO - Processing /home/airflow/.local/lib/python3.6/site-packages/airflow/example_dags/example_complex.py took 0.229 seconds
[2023-08-08 23:14:21,505] {scheduler_job.py:182} INFO - Started process (PID=6854) to work on /home/airflow/.local/lib/python3.6/site-packages/airflow/example_dags/example_complex.py
[2023-08-08 23:14:21,509] {scheduler_job.py:633} INFO - Processing file /home/airflow/.local/lib/python3.6/site-packages/airflow/example_dags/example_complex.py for tasks to queue
[2023-08-08 23:14:21,515] {logging_mixin.py:104} INFO - [2023-08-08 23:14:21,512] {dagbag.py:496} INFO - Filling up the DagBag from /home/airflow/.local/lib/python3.6/site-packages/airflow/example_dags/example_complex.py
[2023-08-08 23:14:21,571] {scheduler_job.py:643} INFO - DAG(s) dict_keys(['example_complex']) retrieved from /home/airflow/.local/lib/python3.6/site-packages/airflow/example_dags/example_complex.py
[2023-08-08 23:14:21,631] {logging_mixin.py:104} INFO - [2023-08-08 23:14:21,631] {dag.py:1833} INFO - Sync 1 DAGs
[2023-08-08 23:14:21,676] {logging_mixin.py:104} INFO - [2023-08-08 23:14:21,675] {dag.py:2306} INFO - Setting next_dagrun for example_complex to None
[2023-08-08 23:14:21,712] {scheduler_job.py:190} INFO - Processing /home/airflow/.local/lib/python3.6/site-packages/airflow/example_dags/example_complex.py took 0.217 seconds
[2023-08-08 23:14:55,609] {scheduler_job.py:182} INFO - Started process (PID=6908) to work on /home/airflow/.local/lib/python3.6/site-packages/airflow/example_dags/example_complex.py
[2023-08-08 23:14:55,660] {scheduler_job.py:633} INFO - Processing file /home/airflow/.local/lib/python3.6/site-packages/airflow/example_dags/example_complex.py for tasks to queue
[2023-08-08 23:14:55,714] {logging_mixin.py:104} INFO - [2023-08-08 23:14:55,684] {dagbag.py:496} INFO - Filling up the DagBag from /home/airflow/.local/lib/python3.6/site-packages/airflow/example_dags/example_complex.py
[2023-08-08 23:14:55,947] {scheduler_job.py:643} INFO - DAG(s) dict_keys(['example_complex']) retrieved from /home/airflow/.local/lib/python3.6/site-packages/airflow/example_dags/example_complex.py
[2023-08-08 23:14:56,109] {logging_mixin.py:104} INFO - [2023-08-08 23:14:56,108] {dag.py:1833} INFO - Sync 1 DAGs
[2023-08-08 23:14:56,165] {logging_mixin.py:104} INFO - [2023-08-08 23:14:56,165] {dag.py:2306} INFO - Setting next_dagrun for example_complex to None
[2023-08-08 23:14:56,236] {scheduler_job.py:190} INFO - Processing /home/airflow/.local/lib/python3.6/site-packages/airflow/example_dags/example_complex.py took 0.686 seconds
[2023-08-08 23:15:26,785] {scheduler_job.py:182} INFO - Started process (PID=6951) to work on /home/airflow/.local/lib/python3.6/site-packages/airflow/example_dags/example_complex.py
[2023-08-08 23:15:26,812] {scheduler_job.py:633} INFO - Processing file /home/airflow/.local/lib/python3.6/site-packages/airflow/example_dags/example_complex.py for tasks to queue
[2023-08-08 23:15:26,827] {logging_mixin.py:104} INFO - [2023-08-08 23:15:26,826] {dagbag.py:496} INFO - Filling up the DagBag from /home/airflow/.local/lib/python3.6/site-packages/airflow/example_dags/example_complex.py
[2023-08-08 23:15:26,959] {scheduler_job.py:643} INFO - DAG(s) dict_keys(['example_complex']) retrieved from /home/airflow/.local/lib/python3.6/site-packages/airflow/example_dags/example_complex.py
[2023-08-08 23:15:27,086] {logging_mixin.py:104} INFO - [2023-08-08 23:15:27,086] {dag.py:1833} INFO - Sync 1 DAGs
[2023-08-08 23:15:27,146] {logging_mixin.py:104} INFO - [2023-08-08 23:15:27,146] {dag.py:2306} INFO - Setting next_dagrun for example_complex to None
[2023-08-08 23:15:27,213] {scheduler_job.py:190} INFO - Processing /home/airflow/.local/lib/python3.6/site-packages/airflow/example_dags/example_complex.py took 0.462 seconds
[2023-08-08 23:15:57,527] {scheduler_job.py:182} INFO - Started process (PID=7002) to work on /home/airflow/.local/lib/python3.6/site-packages/airflow/example_dags/example_complex.py
[2023-08-08 23:15:57,535] {scheduler_job.py:633} INFO - Processing file /home/airflow/.local/lib/python3.6/site-packages/airflow/example_dags/example_complex.py for tasks to queue
[2023-08-08 23:15:57,542] {logging_mixin.py:104} INFO - [2023-08-08 23:15:57,541] {dagbag.py:496} INFO - Filling up the DagBag from /home/airflow/.local/lib/python3.6/site-packages/airflow/example_dags/example_complex.py
[2023-08-08 23:15:57,680] {scheduler_job.py:643} INFO - DAG(s) dict_keys(['example_complex']) retrieved from /home/airflow/.local/lib/python3.6/site-packages/airflow/example_dags/example_complex.py
[2023-08-08 23:15:57,751] {logging_mixin.py:104} INFO - [2023-08-08 23:15:57,751] {dag.py:1833} INFO - Sync 1 DAGs
[2023-08-08 23:15:57,791] {logging_mixin.py:104} INFO - [2023-08-08 23:15:57,791] {dag.py:2306} INFO - Setting next_dagrun for example_complex to None
[2023-08-08 23:15:57,818] {scheduler_job.py:190} INFO - Processing /home/airflow/.local/lib/python3.6/site-packages/airflow/example_dags/example_complex.py took 0.301 seconds
[2023-08-08 23:16:30,032] {scheduler_job.py:182} INFO - Started process (PID=7050) to work on /home/airflow/.local/lib/python3.6/site-packages/airflow/example_dags/example_complex.py
[2023-08-08 23:16:30,038] {scheduler_job.py:633} INFO - Processing file /home/airflow/.local/lib/python3.6/site-packages/airflow/example_dags/example_complex.py for tasks to queue
[2023-08-08 23:16:30,044] {logging_mixin.py:104} INFO - [2023-08-08 23:16:30,044] {dagbag.py:496} INFO - Filling up the DagBag from /home/airflow/.local/lib/python3.6/site-packages/airflow/example_dags/example_complex.py
[2023-08-08 23:16:30,109] {scheduler_job.py:643} INFO - DAG(s) dict_keys(['example_complex']) retrieved from /home/airflow/.local/lib/python3.6/site-packages/airflow/example_dags/example_complex.py
[2023-08-08 23:16:30,210] {logging_mixin.py:104} INFO - [2023-08-08 23:16:30,209] {dag.py:1833} INFO - Sync 1 DAGs
[2023-08-08 23:16:30,255] {logging_mixin.py:104} INFO - [2023-08-08 23:16:30,254] {dag.py:2306} INFO - Setting next_dagrun for example_complex to None
[2023-08-08 23:16:30,322] {scheduler_job.py:190} INFO - Processing /home/airflow/.local/lib/python3.6/site-packages/airflow/example_dags/example_complex.py took 0.301 seconds
[2023-08-08 23:17:02,198] {scheduler_job.py:182} INFO - Started process (PID=7100) to work on /home/airflow/.local/lib/python3.6/site-packages/airflow/example_dags/example_complex.py
[2023-08-08 23:17:02,223] {scheduler_job.py:633} INFO - Processing file /home/airflow/.local/lib/python3.6/site-packages/airflow/example_dags/example_complex.py for tasks to queue
[2023-08-08 23:17:02,228] {logging_mixin.py:104} INFO - [2023-08-08 23:17:02,227] {dagbag.py:496} INFO - Filling up the DagBag from /home/airflow/.local/lib/python3.6/site-packages/airflow/example_dags/example_complex.py
[2023-08-08 23:17:02,419] {scheduler_job.py:643} INFO - DAG(s) dict_keys(['example_complex']) retrieved from /home/airflow/.local/lib/python3.6/site-packages/airflow/example_dags/example_complex.py
[2023-08-08 23:17:02,663] {logging_mixin.py:104} INFO - [2023-08-08 23:17:02,663] {dag.py:1833} INFO - Sync 1 DAGs
[2023-08-08 23:17:02,772] {logging_mixin.py:104} INFO - [2023-08-08 23:17:02,772] {dag.py:2306} INFO - Setting next_dagrun for example_complex to None
[2023-08-08 23:17:02,814] {scheduler_job.py:190} INFO - Processing /home/airflow/.local/lib/python3.6/site-packages/airflow/example_dags/example_complex.py took 0.648 seconds
[2023-08-08 23:17:34,292] {scheduler_job.py:182} INFO - Started process (PID=7141) to work on /home/airflow/.local/lib/python3.6/site-packages/airflow/example_dags/example_complex.py
[2023-08-08 23:17:34,298] {scheduler_job.py:633} INFO - Processing file /home/airflow/.local/lib/python3.6/site-packages/airflow/example_dags/example_complex.py for tasks to queue
[2023-08-08 23:17:34,302] {logging_mixin.py:104} INFO - [2023-08-08 23:17:34,302] {dagbag.py:496} INFO - Filling up the DagBag from /home/airflow/.local/lib/python3.6/site-packages/airflow/example_dags/example_complex.py
[2023-08-08 23:17:34,379] {scheduler_job.py:643} INFO - DAG(s) dict_keys(['example_complex']) retrieved from /home/airflow/.local/lib/python3.6/site-packages/airflow/example_dags/example_complex.py
[2023-08-08 23:17:34,490] {logging_mixin.py:104} INFO - [2023-08-08 23:17:34,490] {dag.py:1833} INFO - Sync 1 DAGs
[2023-08-08 23:17:34,549] {logging_mixin.py:104} INFO - [2023-08-08 23:17:34,549] {dag.py:2306} INFO - Setting next_dagrun for example_complex to None
[2023-08-08 23:17:34,611] {scheduler_job.py:190} INFO - Processing /home/airflow/.local/lib/python3.6/site-packages/airflow/example_dags/example_complex.py took 0.330 seconds
[2023-08-08 23:18:05,137] {scheduler_job.py:182} INFO - Started process (PID=7192) to work on /home/airflow/.local/lib/python3.6/site-packages/airflow/example_dags/example_complex.py
[2023-08-08 23:18:05,143] {scheduler_job.py:633} INFO - Processing file /home/airflow/.local/lib/python3.6/site-packages/airflow/example_dags/example_complex.py for tasks to queue
[2023-08-08 23:18:05,147] {logging_mixin.py:104} INFO - [2023-08-08 23:18:05,147] {dagbag.py:496} INFO - Filling up the DagBag from /home/airflow/.local/lib/python3.6/site-packages/airflow/example_dags/example_complex.py
[2023-08-08 23:18:05,228] {scheduler_job.py:643} INFO - DAG(s) dict_keys(['example_complex']) retrieved from /home/airflow/.local/lib/python3.6/site-packages/airflow/example_dags/example_complex.py
[2023-08-08 23:18:05,369] {logging_mixin.py:104} INFO - [2023-08-08 23:18:05,369] {dag.py:1833} INFO - Sync 1 DAGs
[2023-08-08 23:18:05,439] {logging_mixin.py:104} INFO - [2023-08-08 23:18:05,439] {dag.py:2306} INFO - Setting next_dagrun for example_complex to None
[2023-08-08 23:18:05,481] {scheduler_job.py:190} INFO - Processing /home/airflow/.local/lib/python3.6/site-packages/airflow/example_dags/example_complex.py took 0.375 seconds
[2023-08-08 23:18:37,954] {scheduler_job.py:182} INFO - Started process (PID=7243) to work on /home/airflow/.local/lib/python3.6/site-packages/airflow/example_dags/example_complex.py
[2023-08-08 23:18:37,962] {scheduler_job.py:633} INFO - Processing file /home/airflow/.local/lib/python3.6/site-packages/airflow/example_dags/example_complex.py for tasks to queue
[2023-08-08 23:18:37,965] {logging_mixin.py:104} INFO - [2023-08-08 23:18:37,963] {dagbag.py:496} INFO - Filling up the DagBag from /home/airflow/.local/lib/python3.6/site-packages/airflow/example_dags/example_complex.py
[2023-08-08 23:18:38,121] {scheduler_job.py:643} INFO - DAG(s) dict_keys(['example_complex']) retrieved from /home/airflow/.local/lib/python3.6/site-packages/airflow/example_dags/example_complex.py
[2023-08-08 23:18:38,303] {logging_mixin.py:104} INFO - [2023-08-08 23:18:38,303] {dag.py:1833} INFO - Sync 1 DAGs
[2023-08-08 23:18:38,379] {logging_mixin.py:104} INFO - [2023-08-08 23:18:38,379] {dag.py:2306} INFO - Setting next_dagrun for example_complex to None
[2023-08-08 23:18:38,455] {scheduler_job.py:190} INFO - Processing /home/airflow/.local/lib/python3.6/site-packages/airflow/example_dags/example_complex.py took 0.522 seconds
[2023-08-08 23:19:08,774] {scheduler_job.py:182} INFO - Started process (PID=7295) to work on /home/airflow/.local/lib/python3.6/site-packages/airflow/example_dags/example_complex.py
[2023-08-08 23:19:08,783] {scheduler_job.py:633} INFO - Processing file /home/airflow/.local/lib/python3.6/site-packages/airflow/example_dags/example_complex.py for tasks to queue
[2023-08-08 23:19:08,791] {logging_mixin.py:104} INFO - [2023-08-08 23:19:08,791] {dagbag.py:496} INFO - Filling up the DagBag from /home/airflow/.local/lib/python3.6/site-packages/airflow/example_dags/example_complex.py
[2023-08-08 23:19:08,977] {scheduler_job.py:643} INFO - DAG(s) dict_keys(['example_complex']) retrieved from /home/airflow/.local/lib/python3.6/site-packages/airflow/example_dags/example_complex.py
[2023-08-08 23:19:09,139] {logging_mixin.py:104} INFO - [2023-08-08 23:19:09,138] {dag.py:1833} INFO - Sync 1 DAGs
[2023-08-08 23:19:09,216] {logging_mixin.py:104} INFO - [2023-08-08 23:19:09,215] {dag.py:2306} INFO - Setting next_dagrun for example_complex to None
[2023-08-08 23:19:09,285] {scheduler_job.py:190} INFO - Processing /home/airflow/.local/lib/python3.6/site-packages/airflow/example_dags/example_complex.py took 0.535 seconds
[2023-08-08 23:19:40,045] {scheduler_job.py:182} INFO - Started process (PID=7335) to work on /home/airflow/.local/lib/python3.6/site-packages/airflow/example_dags/example_complex.py
[2023-08-08 23:19:40,048] {scheduler_job.py:633} INFO - Processing file /home/airflow/.local/lib/python3.6/site-packages/airflow/example_dags/example_complex.py for tasks to queue
[2023-08-08 23:19:40,050] {logging_mixin.py:104} INFO - [2023-08-08 23:19:40,050] {dagbag.py:496} INFO - Filling up the DagBag from /home/airflow/.local/lib/python3.6/site-packages/airflow/example_dags/example_complex.py
[2023-08-08 23:19:40,123] {scheduler_job.py:643} INFO - DAG(s) dict_keys(['example_complex']) retrieved from /home/airflow/.local/lib/python3.6/site-packages/airflow/example_dags/example_complex.py
[2023-08-08 23:19:40,183] {logging_mixin.py:104} INFO - [2023-08-08 23:19:40,183] {dag.py:1833} INFO - Sync 1 DAGs
[2023-08-08 23:19:40,213] {logging_mixin.py:104} INFO - [2023-08-08 23:19:40,213] {dag.py:2306} INFO - Setting next_dagrun for example_complex to None
[2023-08-08 23:19:40,237] {scheduler_job.py:190} INFO - Processing /home/airflow/.local/lib/python3.6/site-packages/airflow/example_dags/example_complex.py took 0.200 seconds
[2023-08-08 23:20:10,525] {scheduler_job.py:182} INFO - Started process (PID=7386) to work on /home/airflow/.local/lib/python3.6/site-packages/airflow/example_dags/example_complex.py
[2023-08-08 23:20:10,537] {scheduler_job.py:633} INFO - Processing file /home/airflow/.local/lib/python3.6/site-packages/airflow/example_dags/example_complex.py for tasks to queue
[2023-08-08 23:20:10,542] {logging_mixin.py:104} INFO - [2023-08-08 23:20:10,542] {dagbag.py:496} INFO - Filling up the DagBag from /home/airflow/.local/lib/python3.6/site-packages/airflow/example_dags/example_complex.py
[2023-08-08 23:20:10,636] {scheduler_job.py:643} INFO - DAG(s) dict_keys(['example_complex']) retrieved from /home/airflow/.local/lib/python3.6/site-packages/airflow/example_dags/example_complex.py
[2023-08-08 23:20:10,700] {logging_mixin.py:104} INFO - [2023-08-08 23:20:10,700] {dag.py:1833} INFO - Sync 1 DAGs
[2023-08-08 23:20:10,728] {logging_mixin.py:104} INFO - [2023-08-08 23:20:10,728] {dag.py:2306} INFO - Setting next_dagrun for example_complex to None
[2023-08-08 23:20:10,749] {scheduler_job.py:190} INFO - Processing /home/airflow/.local/lib/python3.6/site-packages/airflow/example_dags/example_complex.py took 0.232 seconds
