[2023-08-08 23:00:09,128] {scheduler_job.py:182} INFO - Started process (PID=5479) to work on /home/airflow/.local/lib/python3.6/site-packages/airflow/example_dags/example_task_group.py
[2023-08-08 23:00:09,131] {scheduler_job.py:633} INFO - Processing file /home/airflow/.local/lib/python3.6/site-packages/airflow/example_dags/example_task_group.py for tasks to queue
[2023-08-08 23:00:09,134] {logging_mixin.py:104} INFO - [2023-08-08 23:00:09,134] {dagbag.py:496} INFO - Filling up the DagBag from /home/airflow/.local/lib/python3.6/site-packages/airflow/example_dags/example_task_group.py
[2023-08-08 23:00:09,180] {scheduler_job.py:643} INFO - DAG(s) dict_keys(['example_task_group']) retrieved from /home/airflow/.local/lib/python3.6/site-packages/airflow/example_dags/example_task_group.py
[2023-08-08 23:00:09,553] {logging_mixin.py:104} INFO - [2023-08-08 23:00:09,553] {dag.py:1833} INFO - Sync 1 DAGs
[2023-08-08 23:00:09,579] {logging_mixin.py:104} INFO - [2023-08-08 23:00:09,578] {dag.py:2306} INFO - Setting next_dagrun for example_task_group to 2023-08-06 00:00:00+00:00
[2023-08-08 23:00:09,615] {scheduler_job.py:190} INFO - Processing /home/airflow/.local/lib/python3.6/site-packages/airflow/example_dags/example_task_group.py took 0.494 seconds
[2023-08-08 23:00:40,226] {scheduler_job.py:182} INFO - Started process (PID=5531) to work on /home/airflow/.local/lib/python3.6/site-packages/airflow/example_dags/example_task_group.py
[2023-08-08 23:00:40,228] {scheduler_job.py:633} INFO - Processing file /home/airflow/.local/lib/python3.6/site-packages/airflow/example_dags/example_task_group.py for tasks to queue
[2023-08-08 23:00:40,230] {logging_mixin.py:104} INFO - [2023-08-08 23:00:40,229] {dagbag.py:496} INFO - Filling up the DagBag from /home/airflow/.local/lib/python3.6/site-packages/airflow/example_dags/example_task_group.py
[2023-08-08 23:00:40,254] {scheduler_job.py:643} INFO - DAG(s) dict_keys(['example_task_group']) retrieved from /home/airflow/.local/lib/python3.6/site-packages/airflow/example_dags/example_task_group.py
[2023-08-08 23:00:40,288] {logging_mixin.py:104} INFO - [2023-08-08 23:00:40,288] {dag.py:1833} INFO - Sync 1 DAGs
[2023-08-08 23:00:40,309] {logging_mixin.py:104} INFO - [2023-08-08 23:00:40,309] {dag.py:2306} INFO - Setting next_dagrun for example_task_group to 2023-08-06 00:00:00+00:00
[2023-08-08 23:00:40,331] {scheduler_job.py:190} INFO - Processing /home/airflow/.local/lib/python3.6/site-packages/airflow/example_dags/example_task_group.py took 0.112 seconds
[2023-08-08 23:01:10,819] {scheduler_job.py:182} INFO - Started process (PID=5582) to work on /home/airflow/.local/lib/python3.6/site-packages/airflow/example_dags/example_task_group.py
[2023-08-08 23:01:10,824] {scheduler_job.py:633} INFO - Processing file /home/airflow/.local/lib/python3.6/site-packages/airflow/example_dags/example_task_group.py for tasks to queue
[2023-08-08 23:01:10,828] {logging_mixin.py:104} INFO - [2023-08-08 23:01:10,827] {dagbag.py:496} INFO - Filling up the DagBag from /home/airflow/.local/lib/python3.6/site-packages/airflow/example_dags/example_task_group.py
[2023-08-08 23:01:10,862] {scheduler_job.py:643} INFO - DAG(s) dict_keys(['example_task_group']) retrieved from /home/airflow/.local/lib/python3.6/site-packages/airflow/example_dags/example_task_group.py
[2023-08-08 23:01:10,907] {logging_mixin.py:104} INFO - [2023-08-08 23:01:10,907] {dag.py:1833} INFO - Sync 1 DAGs
[2023-08-08 23:01:10,959] {logging_mixin.py:104} INFO - [2023-08-08 23:01:10,958] {dag.py:2306} INFO - Setting next_dagrun for example_task_group to 2023-08-06 00:00:00+00:00
[2023-08-08 23:01:11,127] {scheduler_job.py:190} INFO - Processing /home/airflow/.local/lib/python3.6/site-packages/airflow/example_dags/example_task_group.py took 0.325 seconds
[2023-08-08 23:01:41,331] {scheduler_job.py:182} INFO - Started process (PID=5631) to work on /home/airflow/.local/lib/python3.6/site-packages/airflow/example_dags/example_task_group.py
[2023-08-08 23:01:41,339] {scheduler_job.py:633} INFO - Processing file /home/airflow/.local/lib/python3.6/site-packages/airflow/example_dags/example_task_group.py for tasks to queue
[2023-08-08 23:01:41,343] {logging_mixin.py:104} INFO - [2023-08-08 23:01:41,342] {dagbag.py:496} INFO - Filling up the DagBag from /home/airflow/.local/lib/python3.6/site-packages/airflow/example_dags/example_task_group.py
[2023-08-08 23:01:41,429] {scheduler_job.py:643} INFO - DAG(s) dict_keys(['example_task_group']) retrieved from /home/airflow/.local/lib/python3.6/site-packages/airflow/example_dags/example_task_group.py
[2023-08-08 23:01:41,520] {logging_mixin.py:104} INFO - [2023-08-08 23:01:41,520] {dag.py:1833} INFO - Sync 1 DAGs
[2023-08-08 23:01:41,554] {logging_mixin.py:104} INFO - [2023-08-08 23:01:41,554] {dag.py:2306} INFO - Setting next_dagrun for example_task_group to 2023-08-06 00:00:00+00:00
[2023-08-08 23:01:41,579] {scheduler_job.py:190} INFO - Processing /home/airflow/.local/lib/python3.6/site-packages/airflow/example_dags/example_task_group.py took 0.273 seconds
[2023-08-08 23:02:11,874] {scheduler_job.py:182} INFO - Started process (PID=5684) to work on /home/airflow/.local/lib/python3.6/site-packages/airflow/example_dags/example_task_group.py
[2023-08-08 23:02:11,879] {scheduler_job.py:633} INFO - Processing file /home/airflow/.local/lib/python3.6/site-packages/airflow/example_dags/example_task_group.py for tasks to queue
[2023-08-08 23:02:11,890] {logging_mixin.py:104} INFO - [2023-08-08 23:02:11,890] {dagbag.py:496} INFO - Filling up the DagBag from /home/airflow/.local/lib/python3.6/site-packages/airflow/example_dags/example_task_group.py
[2023-08-08 23:02:11,936] {scheduler_job.py:643} INFO - DAG(s) dict_keys(['example_task_group']) retrieved from /home/airflow/.local/lib/python3.6/site-packages/airflow/example_dags/example_task_group.py
[2023-08-08 23:02:11,979] {logging_mixin.py:104} INFO - [2023-08-08 23:02:11,979] {dag.py:1833} INFO - Sync 1 DAGs
[2023-08-08 23:02:12,008] {logging_mixin.py:104} INFO - [2023-08-08 23:02:12,008] {dag.py:2306} INFO - Setting next_dagrun for example_task_group to 2023-08-06 00:00:00+00:00
[2023-08-08 23:02:12,033] {scheduler_job.py:190} INFO - Processing /home/airflow/.local/lib/python3.6/site-packages/airflow/example_dags/example_task_group.py took 0.169 seconds
[2023-08-08 23:02:42,547] {scheduler_job.py:182} INFO - Started process (PID=5742) to work on /home/airflow/.local/lib/python3.6/site-packages/airflow/example_dags/example_task_group.py
[2023-08-08 23:02:42,555] {scheduler_job.py:633} INFO - Processing file /home/airflow/.local/lib/python3.6/site-packages/airflow/example_dags/example_task_group.py for tasks to queue
[2023-08-08 23:02:42,560] {logging_mixin.py:104} INFO - [2023-08-08 23:02:42,560] {dagbag.py:496} INFO - Filling up the DagBag from /home/airflow/.local/lib/python3.6/site-packages/airflow/example_dags/example_task_group.py
[2023-08-08 23:02:42,621] {scheduler_job.py:643} INFO - DAG(s) dict_keys(['example_task_group']) retrieved from /home/airflow/.local/lib/python3.6/site-packages/airflow/example_dags/example_task_group.py
[2023-08-08 23:02:42,686] {logging_mixin.py:104} INFO - [2023-08-08 23:02:42,686] {dag.py:1833} INFO - Sync 1 DAGs
[2023-08-08 23:02:42,718] {logging_mixin.py:104} INFO - [2023-08-08 23:02:42,718] {dag.py:2306} INFO - Setting next_dagrun for example_task_group to 2023-08-06 00:00:00+00:00
[2023-08-08 23:02:42,752] {scheduler_job.py:190} INFO - Processing /home/airflow/.local/lib/python3.6/site-packages/airflow/example_dags/example_task_group.py took 0.212 seconds
[2023-08-08 23:03:12,884] {scheduler_job.py:182} INFO - Started process (PID=5792) to work on /home/airflow/.local/lib/python3.6/site-packages/airflow/example_dags/example_task_group.py
[2023-08-08 23:03:12,891] {scheduler_job.py:633} INFO - Processing file /home/airflow/.local/lib/python3.6/site-packages/airflow/example_dags/example_task_group.py for tasks to queue
[2023-08-08 23:03:12,904] {logging_mixin.py:104} INFO - [2023-08-08 23:03:12,904] {dagbag.py:496} INFO - Filling up the DagBag from /home/airflow/.local/lib/python3.6/site-packages/airflow/example_dags/example_task_group.py
[2023-08-08 23:03:12,985] {scheduler_job.py:643} INFO - DAG(s) dict_keys(['example_task_group']) retrieved from /home/airflow/.local/lib/python3.6/site-packages/airflow/example_dags/example_task_group.py
[2023-08-08 23:03:13,040] {logging_mixin.py:104} INFO - [2023-08-08 23:03:13,040] {dag.py:1833} INFO - Sync 1 DAGs
[2023-08-08 23:03:13,063] {logging_mixin.py:104} INFO - [2023-08-08 23:03:13,063] {dag.py:2306} INFO - Setting next_dagrun for example_task_group to 2023-08-06 00:00:00+00:00
[2023-08-08 23:03:13,081] {scheduler_job.py:190} INFO - Processing /home/airflow/.local/lib/python3.6/site-packages/airflow/example_dags/example_task_group.py took 0.206 seconds
[2023-08-08 23:03:43,304] {scheduler_job.py:182} INFO - Started process (PID=5847) to work on /home/airflow/.local/lib/python3.6/site-packages/airflow/example_dags/example_task_group.py
[2023-08-08 23:03:43,307] {scheduler_job.py:633} INFO - Processing file /home/airflow/.local/lib/python3.6/site-packages/airflow/example_dags/example_task_group.py for tasks to queue
[2023-08-08 23:03:43,308] {logging_mixin.py:104} INFO - [2023-08-08 23:03:43,308] {dagbag.py:496} INFO - Filling up the DagBag from /home/airflow/.local/lib/python3.6/site-packages/airflow/example_dags/example_task_group.py
[2023-08-08 23:03:43,343] {scheduler_job.py:643} INFO - DAG(s) dict_keys(['example_task_group']) retrieved from /home/airflow/.local/lib/python3.6/site-packages/airflow/example_dags/example_task_group.py
[2023-08-08 23:03:43,384] {logging_mixin.py:104} INFO - [2023-08-08 23:03:43,384] {dag.py:1833} INFO - Sync 1 DAGs
[2023-08-08 23:03:43,408] {logging_mixin.py:104} INFO - [2023-08-08 23:03:43,408] {dag.py:2306} INFO - Setting next_dagrun for example_task_group to 2023-08-06 00:00:00+00:00
[2023-08-08 23:03:43,428] {scheduler_job.py:190} INFO - Processing /home/airflow/.local/lib/python3.6/site-packages/airflow/example_dags/example_task_group.py took 0.132 seconds
[2023-08-08 23:04:14,187] {scheduler_job.py:182} INFO - Started process (PID=5897) to work on /home/airflow/.local/lib/python3.6/site-packages/airflow/example_dags/example_task_group.py
[2023-08-08 23:04:14,194] {scheduler_job.py:633} INFO - Processing file /home/airflow/.local/lib/python3.6/site-packages/airflow/example_dags/example_task_group.py for tasks to queue
[2023-08-08 23:04:14,203] {logging_mixin.py:104} INFO - [2023-08-08 23:04:14,202] {dagbag.py:496} INFO - Filling up the DagBag from /home/airflow/.local/lib/python3.6/site-packages/airflow/example_dags/example_task_group.py
[2023-08-08 23:04:14,279] {scheduler_job.py:643} INFO - DAG(s) dict_keys(['example_task_group']) retrieved from /home/airflow/.local/lib/python3.6/site-packages/airflow/example_dags/example_task_group.py
[2023-08-08 23:04:14,332] {logging_mixin.py:104} INFO - [2023-08-08 23:04:14,332] {dag.py:1833} INFO - Sync 1 DAGs
[2023-08-08 23:04:14,353] {logging_mixin.py:104} INFO - [2023-08-08 23:04:14,353] {dag.py:2306} INFO - Setting next_dagrun for example_task_group to 2023-08-06 00:00:00+00:00
[2023-08-08 23:04:14,378] {scheduler_job.py:190} INFO - Processing /home/airflow/.local/lib/python3.6/site-packages/airflow/example_dags/example_task_group.py took 0.197 seconds
[2023-08-08 23:04:45,877] {scheduler_job.py:182} INFO - Started process (PID=5948) to work on /home/airflow/.local/lib/python3.6/site-packages/airflow/example_dags/example_task_group.py
[2023-08-08 23:04:45,881] {scheduler_job.py:633} INFO - Processing file /home/airflow/.local/lib/python3.6/site-packages/airflow/example_dags/example_task_group.py for tasks to queue
[2023-08-08 23:04:45,886] {logging_mixin.py:104} INFO - [2023-08-08 23:04:45,885] {dagbag.py:496} INFO - Filling up the DagBag from /home/airflow/.local/lib/python3.6/site-packages/airflow/example_dags/example_task_group.py
[2023-08-08 23:04:45,921] {scheduler_job.py:643} INFO - DAG(s) dict_keys(['example_task_group']) retrieved from /home/airflow/.local/lib/python3.6/site-packages/airflow/example_dags/example_task_group.py
[2023-08-08 23:04:45,993] {logging_mixin.py:104} INFO - [2023-08-08 23:04:45,993] {dag.py:1833} INFO - Sync 1 DAGs
[2023-08-08 23:04:46,047] {logging_mixin.py:104} INFO - [2023-08-08 23:04:46,047] {dag.py:2306} INFO - Setting next_dagrun for example_task_group to 2023-08-06 00:00:00+00:00
[2023-08-08 23:04:46,112] {scheduler_job.py:190} INFO - Processing /home/airflow/.local/lib/python3.6/site-packages/airflow/example_dags/example_task_group.py took 0.241 seconds
[2023-08-08 23:05:16,897] {scheduler_job.py:182} INFO - Started process (PID=6000) to work on /home/airflow/.local/lib/python3.6/site-packages/airflow/example_dags/example_task_group.py
[2023-08-08 23:05:16,900] {scheduler_job.py:633} INFO - Processing file /home/airflow/.local/lib/python3.6/site-packages/airflow/example_dags/example_task_group.py for tasks to queue
[2023-08-08 23:05:16,902] {logging_mixin.py:104} INFO - [2023-08-08 23:05:16,902] {dagbag.py:496} INFO - Filling up the DagBag from /home/airflow/.local/lib/python3.6/site-packages/airflow/example_dags/example_task_group.py
[2023-08-08 23:05:16,988] {scheduler_job.py:643} INFO - DAG(s) dict_keys(['example_task_group']) retrieved from /home/airflow/.local/lib/python3.6/site-packages/airflow/example_dags/example_task_group.py
[2023-08-08 23:05:17,050] {logging_mixin.py:104} INFO - [2023-08-08 23:05:17,050] {dag.py:1833} INFO - Sync 1 DAGs
[2023-08-08 23:05:17,080] {logging_mixin.py:104} INFO - [2023-08-08 23:05:17,080] {dag.py:2306} INFO - Setting next_dagrun for example_task_group to 2023-08-06 00:00:00+00:00
[2023-08-08 23:05:17,101] {scheduler_job.py:190} INFO - Processing /home/airflow/.local/lib/python3.6/site-packages/airflow/example_dags/example_task_group.py took 0.210 seconds
[2023-08-08 23:05:48,066] {scheduler_job.py:182} INFO - Started process (PID=6050) to work on /home/airflow/.local/lib/python3.6/site-packages/airflow/example_dags/example_task_group.py
[2023-08-08 23:05:48,073] {scheduler_job.py:633} INFO - Processing file /home/airflow/.local/lib/python3.6/site-packages/airflow/example_dags/example_task_group.py for tasks to queue
[2023-08-08 23:05:48,086] {logging_mixin.py:104} INFO - [2023-08-08 23:05:48,085] {dagbag.py:496} INFO - Filling up the DagBag from /home/airflow/.local/lib/python3.6/site-packages/airflow/example_dags/example_task_group.py
[2023-08-08 23:05:48,190] {scheduler_job.py:643} INFO - DAG(s) dict_keys(['example_task_group']) retrieved from /home/airflow/.local/lib/python3.6/site-packages/airflow/example_dags/example_task_group.py
[2023-08-08 23:05:48,287] {logging_mixin.py:104} INFO - [2023-08-08 23:05:48,287] {dag.py:1833} INFO - Sync 1 DAGs
[2023-08-08 23:05:48,333] {logging_mixin.py:104} INFO - [2023-08-08 23:05:48,333] {dag.py:2306} INFO - Setting next_dagrun for example_task_group to 2023-08-06 00:00:00+00:00
[2023-08-08 23:05:48,359] {scheduler_job.py:190} INFO - Processing /home/airflow/.local/lib/python3.6/site-packages/airflow/example_dags/example_task_group.py took 0.311 seconds
[2023-08-08 23:06:20,158] {scheduler_job.py:182} INFO - Started process (PID=6100) to work on /home/airflow/.local/lib/python3.6/site-packages/airflow/example_dags/example_task_group.py
[2023-08-08 23:06:20,172] {scheduler_job.py:633} INFO - Processing file /home/airflow/.local/lib/python3.6/site-packages/airflow/example_dags/example_task_group.py for tasks to queue
[2023-08-08 23:06:20,190] {logging_mixin.py:104} INFO - [2023-08-08 23:06:20,190] {dagbag.py:496} INFO - Filling up the DagBag from /home/airflow/.local/lib/python3.6/site-packages/airflow/example_dags/example_task_group.py
[2023-08-08 23:06:20,305] {scheduler_job.py:643} INFO - DAG(s) dict_keys(['example_task_group']) retrieved from /home/airflow/.local/lib/python3.6/site-packages/airflow/example_dags/example_task_group.py
[2023-08-08 23:06:20,548] {logging_mixin.py:104} INFO - [2023-08-08 23:06:20,548] {dag.py:1833} INFO - Sync 1 DAGs
[2023-08-08 23:06:20,663] {logging_mixin.py:104} INFO - [2023-08-08 23:06:20,663] {dag.py:2306} INFO - Setting next_dagrun for example_task_group to 2023-08-06 00:00:00+00:00
[2023-08-08 23:06:20,764] {scheduler_job.py:190} INFO - Processing /home/airflow/.local/lib/python3.6/site-packages/airflow/example_dags/example_task_group.py took 0.647 seconds
[2023-08-08 23:06:51,235] {scheduler_job.py:182} INFO - Started process (PID=6143) to work on /home/airflow/.local/lib/python3.6/site-packages/airflow/example_dags/example_task_group.py
[2023-08-08 23:06:51,255] {scheduler_job.py:633} INFO - Processing file /home/airflow/.local/lib/python3.6/site-packages/airflow/example_dags/example_task_group.py for tasks to queue
[2023-08-08 23:06:51,258] {logging_mixin.py:104} INFO - [2023-08-08 23:06:51,258] {dagbag.py:496} INFO - Filling up the DagBag from /home/airflow/.local/lib/python3.6/site-packages/airflow/example_dags/example_task_group.py
[2023-08-08 23:06:51,401] {scheduler_job.py:643} INFO - DAG(s) dict_keys(['example_task_group']) retrieved from /home/airflow/.local/lib/python3.6/site-packages/airflow/example_dags/example_task_group.py
[2023-08-08 23:06:51,530] {logging_mixin.py:104} INFO - [2023-08-08 23:06:51,529] {dag.py:1833} INFO - Sync 1 DAGs
[2023-08-08 23:06:51,610] {logging_mixin.py:104} INFO - [2023-08-08 23:06:51,610] {dag.py:2306} INFO - Setting next_dagrun for example_task_group to 2023-08-06 00:00:00+00:00
[2023-08-08 23:06:51,654] {scheduler_job.py:190} INFO - Processing /home/airflow/.local/lib/python3.6/site-packages/airflow/example_dags/example_task_group.py took 0.432 seconds
[2023-08-08 23:07:22,127] {scheduler_job.py:182} INFO - Started process (PID=6192) to work on /home/airflow/.local/lib/python3.6/site-packages/airflow/example_dags/example_task_group.py
[2023-08-08 23:07:22,132] {scheduler_job.py:633} INFO - Processing file /home/airflow/.local/lib/python3.6/site-packages/airflow/example_dags/example_task_group.py for tasks to queue
[2023-08-08 23:07:22,135] {logging_mixin.py:104} INFO - [2023-08-08 23:07:22,135] {dagbag.py:496} INFO - Filling up the DagBag from /home/airflow/.local/lib/python3.6/site-packages/airflow/example_dags/example_task_group.py
[2023-08-08 23:07:22,180] {scheduler_job.py:643} INFO - DAG(s) dict_keys(['example_task_group']) retrieved from /home/airflow/.local/lib/python3.6/site-packages/airflow/example_dags/example_task_group.py
[2023-08-08 23:07:22,250] {logging_mixin.py:104} INFO - [2023-08-08 23:07:22,249] {dag.py:1833} INFO - Sync 1 DAGs
[2023-08-08 23:07:22,272] {logging_mixin.py:104} INFO - [2023-08-08 23:07:22,272] {dag.py:2306} INFO - Setting next_dagrun for example_task_group to 2023-08-06 00:00:00+00:00
[2023-08-08 23:07:22,302] {scheduler_job.py:190} INFO - Processing /home/airflow/.local/lib/python3.6/site-packages/airflow/example_dags/example_task_group.py took 0.188 seconds
[2023-08-08 23:07:52,369] {scheduler_job.py:182} INFO - Started process (PID=6241) to work on /home/airflow/.local/lib/python3.6/site-packages/airflow/example_dags/example_task_group.py
[2023-08-08 23:07:52,372] {scheduler_job.py:633} INFO - Processing file /home/airflow/.local/lib/python3.6/site-packages/airflow/example_dags/example_task_group.py for tasks to queue
[2023-08-08 23:07:52,375] {logging_mixin.py:104} INFO - [2023-08-08 23:07:52,374] {dagbag.py:496} INFO - Filling up the DagBag from /home/airflow/.local/lib/python3.6/site-packages/airflow/example_dags/example_task_group.py
[2023-08-08 23:07:52,434] {scheduler_job.py:643} INFO - DAG(s) dict_keys(['example_task_group']) retrieved from /home/airflow/.local/lib/python3.6/site-packages/airflow/example_dags/example_task_group.py
[2023-08-08 23:07:52,521] {logging_mixin.py:104} INFO - [2023-08-08 23:07:52,521] {dag.py:1833} INFO - Sync 1 DAGs
[2023-08-08 23:07:52,571] {logging_mixin.py:104} INFO - [2023-08-08 23:07:52,571] {dag.py:2306} INFO - Setting next_dagrun for example_task_group to 2023-08-06 00:00:00+00:00
[2023-08-08 23:07:52,611] {scheduler_job.py:190} INFO - Processing /home/airflow/.local/lib/python3.6/site-packages/airflow/example_dags/example_task_group.py took 0.253 seconds
[2023-08-08 23:08:23,152] {scheduler_job.py:182} INFO - Started process (PID=6292) to work on /home/airflow/.local/lib/python3.6/site-packages/airflow/example_dags/example_task_group.py
[2023-08-08 23:08:23,155] {scheduler_job.py:633} INFO - Processing file /home/airflow/.local/lib/python3.6/site-packages/airflow/example_dags/example_task_group.py for tasks to queue
[2023-08-08 23:08:23,158] {logging_mixin.py:104} INFO - [2023-08-08 23:08:23,158] {dagbag.py:496} INFO - Filling up the DagBag from /home/airflow/.local/lib/python3.6/site-packages/airflow/example_dags/example_task_group.py
[2023-08-08 23:08:23,191] {scheduler_job.py:643} INFO - DAG(s) dict_keys(['example_task_group']) retrieved from /home/airflow/.local/lib/python3.6/site-packages/airflow/example_dags/example_task_group.py
[2023-08-08 23:08:23,239] {logging_mixin.py:104} INFO - [2023-08-08 23:08:23,238] {dag.py:1833} INFO - Sync 1 DAGs
[2023-08-08 23:08:23,306] {logging_mixin.py:104} INFO - [2023-08-08 23:08:23,306] {dag.py:2306} INFO - Setting next_dagrun for example_task_group to 2023-08-06 00:00:00+00:00
[2023-08-08 23:08:23,381] {scheduler_job.py:190} INFO - Processing /home/airflow/.local/lib/python3.6/site-packages/airflow/example_dags/example_task_group.py took 0.238 seconds
[2023-08-08 23:08:56,389] {scheduler_job.py:182} INFO - Started process (PID=6344) to work on /home/airflow/.local/lib/python3.6/site-packages/airflow/example_dags/example_task_group.py
[2023-08-08 23:08:56,392] {scheduler_job.py:633} INFO - Processing file /home/airflow/.local/lib/python3.6/site-packages/airflow/example_dags/example_task_group.py for tasks to queue
[2023-08-08 23:08:56,394] {logging_mixin.py:104} INFO - [2023-08-08 23:08:56,394] {dagbag.py:496} INFO - Filling up the DagBag from /home/airflow/.local/lib/python3.6/site-packages/airflow/example_dags/example_task_group.py
[2023-08-08 23:08:56,420] {scheduler_job.py:643} INFO - DAG(s) dict_keys(['example_task_group']) retrieved from /home/airflow/.local/lib/python3.6/site-packages/airflow/example_dags/example_task_group.py
[2023-08-08 23:08:56,473] {logging_mixin.py:104} INFO - [2023-08-08 23:08:56,473] {dag.py:1833} INFO - Sync 1 DAGs
[2023-08-08 23:08:56,541] {logging_mixin.py:104} INFO - [2023-08-08 23:08:56,539] {dag.py:2306} INFO - Setting next_dagrun for example_task_group to 2023-08-06 00:00:00+00:00
[2023-08-08 23:08:56,622] {scheduler_job.py:190} INFO - Processing /home/airflow/.local/lib/python3.6/site-packages/airflow/example_dags/example_task_group.py took 0.237 seconds
[2023-08-08 23:09:32,807] {scheduler_job.py:182} INFO - Started process (PID=6395) to work on /home/airflow/.local/lib/python3.6/site-packages/airflow/example_dags/example_task_group.py
[2023-08-08 23:09:32,811] {scheduler_job.py:633} INFO - Processing file /home/airflow/.local/lib/python3.6/site-packages/airflow/example_dags/example_task_group.py for tasks to queue
[2023-08-08 23:09:32,824] {logging_mixin.py:104} INFO - [2023-08-08 23:09:32,824] {dagbag.py:496} INFO - Filling up the DagBag from /home/airflow/.local/lib/python3.6/site-packages/airflow/example_dags/example_task_group.py
[2023-08-08 23:09:32,909] {scheduler_job.py:643} INFO - DAG(s) dict_keys(['example_task_group']) retrieved from /home/airflow/.local/lib/python3.6/site-packages/airflow/example_dags/example_task_group.py
[2023-08-08 23:09:32,989] {logging_mixin.py:104} INFO - [2023-08-08 23:09:32,988] {dag.py:1833} INFO - Sync 1 DAGs
[2023-08-08 23:09:33,029] {logging_mixin.py:104} INFO - [2023-08-08 23:09:33,029] {dag.py:2306} INFO - Setting next_dagrun for example_task_group to 2023-08-06 00:00:00+00:00
[2023-08-08 23:09:33,090] {scheduler_job.py:190} INFO - Processing /home/airflow/.local/lib/python3.6/site-packages/airflow/example_dags/example_task_group.py took 0.300 seconds
[2023-08-08 23:10:03,215] {scheduler_job.py:182} INFO - Started process (PID=6447) to work on /home/airflow/.local/lib/python3.6/site-packages/airflow/example_dags/example_task_group.py
[2023-08-08 23:10:03,223] {scheduler_job.py:633} INFO - Processing file /home/airflow/.local/lib/python3.6/site-packages/airflow/example_dags/example_task_group.py for tasks to queue
[2023-08-08 23:10:03,232] {logging_mixin.py:104} INFO - [2023-08-08 23:10:03,232] {dagbag.py:496} INFO - Filling up the DagBag from /home/airflow/.local/lib/python3.6/site-packages/airflow/example_dags/example_task_group.py
[2023-08-08 23:10:03,321] {scheduler_job.py:643} INFO - DAG(s) dict_keys(['example_task_group']) retrieved from /home/airflow/.local/lib/python3.6/site-packages/airflow/example_dags/example_task_group.py
[2023-08-08 23:10:03,377] {logging_mixin.py:104} INFO - [2023-08-08 23:10:03,377] {dag.py:1833} INFO - Sync 1 DAGs
[2023-08-08 23:10:03,398] {logging_mixin.py:104} INFO - [2023-08-08 23:10:03,398] {dag.py:2306} INFO - Setting next_dagrun for example_task_group to 2023-08-06 00:00:00+00:00
[2023-08-08 23:10:03,422] {scheduler_job.py:190} INFO - Processing /home/airflow/.local/lib/python3.6/site-packages/airflow/example_dags/example_task_group.py took 0.221 seconds
[2023-08-08 23:10:34,064] {scheduler_job.py:182} INFO - Started process (PID=6498) to work on /home/airflow/.local/lib/python3.6/site-packages/airflow/example_dags/example_task_group.py
[2023-08-08 23:10:34,073] {scheduler_job.py:633} INFO - Processing file /home/airflow/.local/lib/python3.6/site-packages/airflow/example_dags/example_task_group.py for tasks to queue
[2023-08-08 23:10:34,077] {logging_mixin.py:104} INFO - [2023-08-08 23:10:34,077] {dagbag.py:496} INFO - Filling up the DagBag from /home/airflow/.local/lib/python3.6/site-packages/airflow/example_dags/example_task_group.py
[2023-08-08 23:10:34,150] {scheduler_job.py:643} INFO - DAG(s) dict_keys(['example_task_group']) retrieved from /home/airflow/.local/lib/python3.6/site-packages/airflow/example_dags/example_task_group.py
[2023-08-08 23:10:34,221] {logging_mixin.py:104} INFO - [2023-08-08 23:10:34,220] {dag.py:1833} INFO - Sync 1 DAGs
[2023-08-08 23:10:34,262] {logging_mixin.py:104} INFO - [2023-08-08 23:10:34,262] {dag.py:2306} INFO - Setting next_dagrun for example_task_group to 2023-08-06 00:00:00+00:00
[2023-08-08 23:10:34,299] {scheduler_job.py:190} INFO - Processing /home/airflow/.local/lib/python3.6/site-packages/airflow/example_dags/example_task_group.py took 0.245 seconds
[2023-08-08 23:11:04,627] {scheduler_job.py:182} INFO - Started process (PID=6546) to work on /home/airflow/.local/lib/python3.6/site-packages/airflow/example_dags/example_task_group.py
[2023-08-08 23:11:04,635] {scheduler_job.py:633} INFO - Processing file /home/airflow/.local/lib/python3.6/site-packages/airflow/example_dags/example_task_group.py for tasks to queue
[2023-08-08 23:11:04,639] {logging_mixin.py:104} INFO - [2023-08-08 23:11:04,638] {dagbag.py:496} INFO - Filling up the DagBag from /home/airflow/.local/lib/python3.6/site-packages/airflow/example_dags/example_task_group.py
[2023-08-08 23:11:04,706] {scheduler_job.py:643} INFO - DAG(s) dict_keys(['example_task_group']) retrieved from /home/airflow/.local/lib/python3.6/site-packages/airflow/example_dags/example_task_group.py
[2023-08-08 23:11:04,797] {logging_mixin.py:104} INFO - [2023-08-08 23:11:04,797] {dag.py:1833} INFO - Sync 1 DAGs
[2023-08-08 23:11:04,833] {logging_mixin.py:104} INFO - [2023-08-08 23:11:04,833] {dag.py:2306} INFO - Setting next_dagrun for example_task_group to 2023-08-06 00:00:00+00:00
[2023-08-08 23:11:04,863] {scheduler_job.py:190} INFO - Processing /home/airflow/.local/lib/python3.6/site-packages/airflow/example_dags/example_task_group.py took 0.265 seconds
[2023-08-08 23:11:37,667] {scheduler_job.py:182} INFO - Started process (PID=6599) to work on /home/airflow/.local/lib/python3.6/site-packages/airflow/example_dags/example_task_group.py
[2023-08-08 23:11:37,706] {scheduler_job.py:633} INFO - Processing file /home/airflow/.local/lib/python3.6/site-packages/airflow/example_dags/example_task_group.py for tasks to queue
[2023-08-08 23:11:37,713] {logging_mixin.py:104} INFO - [2023-08-08 23:11:37,712] {dagbag.py:496} INFO - Filling up the DagBag from /home/airflow/.local/lib/python3.6/site-packages/airflow/example_dags/example_task_group.py
[2023-08-08 23:11:37,793] {scheduler_job.py:643} INFO - DAG(s) dict_keys(['example_task_group']) retrieved from /home/airflow/.local/lib/python3.6/site-packages/airflow/example_dags/example_task_group.py
[2023-08-08 23:11:37,871] {logging_mixin.py:104} INFO - [2023-08-08 23:11:37,871] {dag.py:1833} INFO - Sync 1 DAGs
[2023-08-08 23:11:37,911] {logging_mixin.py:104} INFO - [2023-08-08 23:11:37,911] {dag.py:2306} INFO - Setting next_dagrun for example_task_group to 2023-08-06 00:00:00+00:00
[2023-08-08 23:11:37,954] {scheduler_job.py:190} INFO - Processing /home/airflow/.local/lib/python3.6/site-packages/airflow/example_dags/example_task_group.py took 0.308 seconds
[2023-08-08 23:12:12,309] {scheduler_job.py:182} INFO - Started process (PID=6651) to work on /home/airflow/.local/lib/python3.6/site-packages/airflow/example_dags/example_task_group.py
[2023-08-08 23:12:12,315] {scheduler_job.py:633} INFO - Processing file /home/airflow/.local/lib/python3.6/site-packages/airflow/example_dags/example_task_group.py for tasks to queue
[2023-08-08 23:12:12,321] {logging_mixin.py:104} INFO - [2023-08-08 23:12:12,321] {dagbag.py:496} INFO - Filling up the DagBag from /home/airflow/.local/lib/python3.6/site-packages/airflow/example_dags/example_task_group.py
[2023-08-08 23:12:12,391] {scheduler_job.py:643} INFO - DAG(s) dict_keys(['example_task_group']) retrieved from /home/airflow/.local/lib/python3.6/site-packages/airflow/example_dags/example_task_group.py
[2023-08-08 23:12:12,558] {logging_mixin.py:104} INFO - [2023-08-08 23:12:12,558] {dag.py:1833} INFO - Sync 1 DAGs
[2023-08-08 23:12:12,626] {logging_mixin.py:104} INFO - [2023-08-08 23:12:12,625] {dag.py:2306} INFO - Setting next_dagrun for example_task_group to 2023-08-06 00:00:00+00:00
[2023-08-08 23:12:12,663] {scheduler_job.py:190} INFO - Processing /home/airflow/.local/lib/python3.6/site-packages/airflow/example_dags/example_task_group.py took 0.370 seconds
[2023-08-08 23:12:45,770] {scheduler_job.py:182} INFO - Started process (PID=6702) to work on /home/airflow/.local/lib/python3.6/site-packages/airflow/example_dags/example_task_group.py
[2023-08-08 23:12:45,797] {scheduler_job.py:633} INFO - Processing file /home/airflow/.local/lib/python3.6/site-packages/airflow/example_dags/example_task_group.py for tasks to queue
[2023-08-08 23:12:45,812] {logging_mixin.py:104} INFO - [2023-08-08 23:12:45,802] {dagbag.py:496} INFO - Filling up the DagBag from /home/airflow/.local/lib/python3.6/site-packages/airflow/example_dags/example_task_group.py
[2023-08-08 23:12:45,961] {scheduler_job.py:643} INFO - DAG(s) dict_keys(['example_task_group']) retrieved from /home/airflow/.local/lib/python3.6/site-packages/airflow/example_dags/example_task_group.py
[2023-08-08 23:12:46,097] {logging_mixin.py:104} INFO - [2023-08-08 23:12:46,097] {dag.py:1833} INFO - Sync 1 DAGs
[2023-08-08 23:12:46,186] {logging_mixin.py:104} INFO - [2023-08-08 23:12:46,185] {dag.py:2306} INFO - Setting next_dagrun for example_task_group to 2023-08-06 00:00:00+00:00
[2023-08-08 23:12:46,243] {scheduler_job.py:190} INFO - Processing /home/airflow/.local/lib/python3.6/site-packages/airflow/example_dags/example_task_group.py took 0.515 seconds
[2023-08-08 23:13:16,574] {scheduler_job.py:182} INFO - Started process (PID=6744) to work on /home/airflow/.local/lib/python3.6/site-packages/airflow/example_dags/example_task_group.py
[2023-08-08 23:13:16,579] {scheduler_job.py:633} INFO - Processing file /home/airflow/.local/lib/python3.6/site-packages/airflow/example_dags/example_task_group.py for tasks to queue
[2023-08-08 23:13:16,586] {logging_mixin.py:104} INFO - [2023-08-08 23:13:16,585] {dagbag.py:496} INFO - Filling up the DagBag from /home/airflow/.local/lib/python3.6/site-packages/airflow/example_dags/example_task_group.py
[2023-08-08 23:13:16,636] {scheduler_job.py:643} INFO - DAG(s) dict_keys(['example_task_group']) retrieved from /home/airflow/.local/lib/python3.6/site-packages/airflow/example_dags/example_task_group.py
[2023-08-08 23:13:16,692] {logging_mixin.py:104} INFO - [2023-08-08 23:13:16,692] {dag.py:1833} INFO - Sync 1 DAGs
[2023-08-08 23:13:16,740] {logging_mixin.py:104} INFO - [2023-08-08 23:13:16,740] {dag.py:2306} INFO - Setting next_dagrun for example_task_group to 2023-08-06 00:00:00+00:00
[2023-08-08 23:13:16,800] {scheduler_job.py:190} INFO - Processing /home/airflow/.local/lib/python3.6/site-packages/airflow/example_dags/example_task_group.py took 0.240 seconds
[2023-08-08 23:13:48,127] {scheduler_job.py:182} INFO - Started process (PID=6796) to work on /home/airflow/.local/lib/python3.6/site-packages/airflow/example_dags/example_task_group.py
[2023-08-08 23:13:48,148] {scheduler_job.py:633} INFO - Processing file /home/airflow/.local/lib/python3.6/site-packages/airflow/example_dags/example_task_group.py for tasks to queue
[2023-08-08 23:13:48,152] {logging_mixin.py:104} INFO - [2023-08-08 23:13:48,152] {dagbag.py:496} INFO - Filling up the DagBag from /home/airflow/.local/lib/python3.6/site-packages/airflow/example_dags/example_task_group.py
[2023-08-08 23:13:48,293] {scheduler_job.py:643} INFO - DAG(s) dict_keys(['example_task_group']) retrieved from /home/airflow/.local/lib/python3.6/site-packages/airflow/example_dags/example_task_group.py
[2023-08-08 23:13:48,396] {logging_mixin.py:104} INFO - [2023-08-08 23:13:48,396] {dag.py:1833} INFO - Sync 1 DAGs
[2023-08-08 23:13:48,448] {logging_mixin.py:104} INFO - [2023-08-08 23:13:48,448] {dag.py:2306} INFO - Setting next_dagrun for example_task_group to 2023-08-06 00:00:00+00:00
[2023-08-08 23:13:48,481] {scheduler_job.py:190} INFO - Processing /home/airflow/.local/lib/python3.6/site-packages/airflow/example_dags/example_task_group.py took 0.377 seconds
[2023-08-08 23:14:20,993] {scheduler_job.py:182} INFO - Started process (PID=6850) to work on /home/airflow/.local/lib/python3.6/site-packages/airflow/example_dags/example_task_group.py
[2023-08-08 23:14:20,996] {scheduler_job.py:633} INFO - Processing file /home/airflow/.local/lib/python3.6/site-packages/airflow/example_dags/example_task_group.py for tasks to queue
[2023-08-08 23:14:21,001] {logging_mixin.py:104} INFO - [2023-08-08 23:14:21,001] {dagbag.py:496} INFO - Filling up the DagBag from /home/airflow/.local/lib/python3.6/site-packages/airflow/example_dags/example_task_group.py
[2023-08-08 23:14:21,041] {scheduler_job.py:643} INFO - DAG(s) dict_keys(['example_task_group']) retrieved from /home/airflow/.local/lib/python3.6/site-packages/airflow/example_dags/example_task_group.py
[2023-08-08 23:14:21,108] {logging_mixin.py:104} INFO - [2023-08-08 23:14:21,108] {dag.py:1833} INFO - Sync 1 DAGs
[2023-08-08 23:14:21,138] {logging_mixin.py:104} INFO - [2023-08-08 23:14:21,138] {dag.py:2306} INFO - Setting next_dagrun for example_task_group to 2023-08-06 00:00:00+00:00
[2023-08-08 23:14:21,169] {scheduler_job.py:190} INFO - Processing /home/airflow/.local/lib/python3.6/site-packages/airflow/example_dags/example_task_group.py took 0.185 seconds
[2023-08-08 23:14:57,743] {scheduler_job.py:182} INFO - Started process (PID=6916) to work on /home/airflow/.local/lib/python3.6/site-packages/airflow/example_dags/example_task_group.py
[2023-08-08 23:14:57,755] {scheduler_job.py:633} INFO - Processing file /home/airflow/.local/lib/python3.6/site-packages/airflow/example_dags/example_task_group.py for tasks to queue
[2023-08-08 23:14:57,765] {logging_mixin.py:104} INFO - [2023-08-08 23:14:57,765] {dagbag.py:496} INFO - Filling up the DagBag from /home/airflow/.local/lib/python3.6/site-packages/airflow/example_dags/example_task_group.py
[2023-08-08 23:14:57,929] {scheduler_job.py:643} INFO - DAG(s) dict_keys(['example_task_group']) retrieved from /home/airflow/.local/lib/python3.6/site-packages/airflow/example_dags/example_task_group.py
[2023-08-08 23:14:58,071] {logging_mixin.py:104} INFO - [2023-08-08 23:14:58,071] {dag.py:1833} INFO - Sync 1 DAGs
[2023-08-08 23:14:58,177] {logging_mixin.py:104} INFO - [2023-08-08 23:14:58,177] {dag.py:2306} INFO - Setting next_dagrun for example_task_group to 2023-08-06 00:00:00+00:00
[2023-08-08 23:14:58,265] {scheduler_job.py:190} INFO - Processing /home/airflow/.local/lib/python3.6/site-packages/airflow/example_dags/example_task_group.py took 0.543 seconds
[2023-08-08 23:15:29,232] {scheduler_job.py:182} INFO - Started process (PID=6967) to work on /home/airflow/.local/lib/python3.6/site-packages/airflow/example_dags/example_task_group.py
[2023-08-08 23:15:29,242] {scheduler_job.py:633} INFO - Processing file /home/airflow/.local/lib/python3.6/site-packages/airflow/example_dags/example_task_group.py for tasks to queue
[2023-08-08 23:15:29,254] {logging_mixin.py:104} INFO - [2023-08-08 23:15:29,253] {dagbag.py:496} INFO - Filling up the DagBag from /home/airflow/.local/lib/python3.6/site-packages/airflow/example_dags/example_task_group.py
[2023-08-08 23:15:29,404] {scheduler_job.py:643} INFO - DAG(s) dict_keys(['example_task_group']) retrieved from /home/airflow/.local/lib/python3.6/site-packages/airflow/example_dags/example_task_group.py
[2023-08-08 23:15:29,541] {logging_mixin.py:104} INFO - [2023-08-08 23:15:29,541] {dag.py:1833} INFO - Sync 1 DAGs
[2023-08-08 23:15:29,601] {logging_mixin.py:104} INFO - [2023-08-08 23:15:29,601] {dag.py:2306} INFO - Setting next_dagrun for example_task_group to 2023-08-06 00:00:00+00:00
[2023-08-08 23:15:29,660] {scheduler_job.py:190} INFO - Processing /home/airflow/.local/lib/python3.6/site-packages/airflow/example_dags/example_task_group.py took 0.455 seconds
[2023-08-08 23:16:00,521] {scheduler_job.py:182} INFO - Started process (PID=7008) to work on /home/airflow/.local/lib/python3.6/site-packages/airflow/example_dags/example_task_group.py
[2023-08-08 23:16:00,524] {scheduler_job.py:633} INFO - Processing file /home/airflow/.local/lib/python3.6/site-packages/airflow/example_dags/example_task_group.py for tasks to queue
[2023-08-08 23:16:00,525] {logging_mixin.py:104} INFO - [2023-08-08 23:16:00,525] {dagbag.py:496} INFO - Filling up the DagBag from /home/airflow/.local/lib/python3.6/site-packages/airflow/example_dags/example_task_group.py
[2023-08-08 23:16:00,565] {scheduler_job.py:643} INFO - DAG(s) dict_keys(['example_task_group']) retrieved from /home/airflow/.local/lib/python3.6/site-packages/airflow/example_dags/example_task_group.py
[2023-08-08 23:16:00,639] {logging_mixin.py:104} INFO - [2023-08-08 23:16:00,639] {dag.py:1833} INFO - Sync 1 DAGs
[2023-08-08 23:16:00,685] {logging_mixin.py:104} INFO - [2023-08-08 23:16:00,684] {dag.py:2306} INFO - Setting next_dagrun for example_task_group to 2023-08-06 00:00:00+00:00
[2023-08-08 23:16:00,722] {scheduler_job.py:190} INFO - Processing /home/airflow/.local/lib/python3.6/site-packages/airflow/example_dags/example_task_group.py took 0.210 seconds
[2023-08-08 23:16:31,900] {scheduler_job.py:182} INFO - Started process (PID=7061) to work on /home/airflow/.local/lib/python3.6/site-packages/airflow/example_dags/example_task_group.py
[2023-08-08 23:16:31,914] {scheduler_job.py:633} INFO - Processing file /home/airflow/.local/lib/python3.6/site-packages/airflow/example_dags/example_task_group.py for tasks to queue
[2023-08-08 23:16:31,921] {logging_mixin.py:104} INFO - [2023-08-08 23:16:31,921] {dagbag.py:496} INFO - Filling up the DagBag from /home/airflow/.local/lib/python3.6/site-packages/airflow/example_dags/example_task_group.py
[2023-08-08 23:16:32,014] {scheduler_job.py:643} INFO - DAG(s) dict_keys(['example_task_group']) retrieved from /home/airflow/.local/lib/python3.6/site-packages/airflow/example_dags/example_task_group.py
[2023-08-08 23:16:32,090] {logging_mixin.py:104} INFO - [2023-08-08 23:16:32,090] {dag.py:1833} INFO - Sync 1 DAGs
[2023-08-08 23:16:32,132] {logging_mixin.py:104} INFO - [2023-08-08 23:16:32,132] {dag.py:2306} INFO - Setting next_dagrun for example_task_group to 2023-08-06 00:00:00+00:00
[2023-08-08 23:16:32,167] {scheduler_job.py:190} INFO - Processing /home/airflow/.local/lib/python3.6/site-packages/airflow/example_dags/example_task_group.py took 0.285 seconds
[2023-08-08 23:17:05,854] {scheduler_job.py:182} INFO - Started process (PID=7113) to work on /home/airflow/.local/lib/python3.6/site-packages/airflow/example_dags/example_task_group.py
[2023-08-08 23:17:05,873] {scheduler_job.py:633} INFO - Processing file /home/airflow/.local/lib/python3.6/site-packages/airflow/example_dags/example_task_group.py for tasks to queue
[2023-08-08 23:17:05,879] {logging_mixin.py:104} INFO - [2023-08-08 23:17:05,879] {dagbag.py:496} INFO - Filling up the DagBag from /home/airflow/.local/lib/python3.6/site-packages/airflow/example_dags/example_task_group.py
[2023-08-08 23:17:06,010] {scheduler_job.py:643} INFO - DAG(s) dict_keys(['example_task_group']) retrieved from /home/airflow/.local/lib/python3.6/site-packages/airflow/example_dags/example_task_group.py
[2023-08-08 23:17:06,162] {logging_mixin.py:104} INFO - [2023-08-08 23:17:06,162] {dag.py:1833} INFO - Sync 1 DAGs
[2023-08-08 23:17:06,255] {logging_mixin.py:104} INFO - [2023-08-08 23:17:06,255] {dag.py:2306} INFO - Setting next_dagrun for example_task_group to 2023-08-06 00:00:00+00:00
[2023-08-08 23:17:06,358] {scheduler_job.py:190} INFO - Processing /home/airflow/.local/lib/python3.6/site-packages/airflow/example_dags/example_task_group.py took 0.525 seconds
[2023-08-08 23:17:37,578] {scheduler_job.py:182} INFO - Started process (PID=7160) to work on /home/airflow/.local/lib/python3.6/site-packages/airflow/example_dags/example_task_group.py
[2023-08-08 23:17:37,582] {scheduler_job.py:633} INFO - Processing file /home/airflow/.local/lib/python3.6/site-packages/airflow/example_dags/example_task_group.py for tasks to queue
[2023-08-08 23:17:37,592] {logging_mixin.py:104} INFO - [2023-08-08 23:17:37,592] {dagbag.py:496} INFO - Filling up the DagBag from /home/airflow/.local/lib/python3.6/site-packages/airflow/example_dags/example_task_group.py
[2023-08-08 23:17:37,792] {scheduler_job.py:643} INFO - DAG(s) dict_keys(['example_task_group']) retrieved from /home/airflow/.local/lib/python3.6/site-packages/airflow/example_dags/example_task_group.py
[2023-08-08 23:17:37,944] {logging_mixin.py:104} INFO - [2023-08-08 23:17:37,944] {dag.py:1833} INFO - Sync 1 DAGs
[2023-08-08 23:17:38,073] {logging_mixin.py:104} INFO - [2023-08-08 23:17:38,073] {dag.py:2306} INFO - Setting next_dagrun for example_task_group to 2023-08-06 00:00:00+00:00
[2023-08-08 23:17:38,149] {scheduler_job.py:190} INFO - Processing /home/airflow/.local/lib/python3.6/site-packages/airflow/example_dags/example_task_group.py took 0.615 seconds
[2023-08-08 23:18:08,527] {scheduler_job.py:182} INFO - Started process (PID=7204) to work on /home/airflow/.local/lib/python3.6/site-packages/airflow/example_dags/example_task_group.py
[2023-08-08 23:18:08,537] {scheduler_job.py:633} INFO - Processing file /home/airflow/.local/lib/python3.6/site-packages/airflow/example_dags/example_task_group.py for tasks to queue
[2023-08-08 23:18:08,544] {logging_mixin.py:104} INFO - [2023-08-08 23:18:08,544] {dagbag.py:496} INFO - Filling up the DagBag from /home/airflow/.local/lib/python3.6/site-packages/airflow/example_dags/example_task_group.py
[2023-08-08 23:18:08,603] {scheduler_job.py:643} INFO - DAG(s) dict_keys(['example_task_group']) retrieved from /home/airflow/.local/lib/python3.6/site-packages/airflow/example_dags/example_task_group.py
[2023-08-08 23:18:08,692] {logging_mixin.py:104} INFO - [2023-08-08 23:18:08,692] {dag.py:1833} INFO - Sync 1 DAGs
[2023-08-08 23:18:08,738] {logging_mixin.py:104} INFO - [2023-08-08 23:18:08,738] {dag.py:2306} INFO - Setting next_dagrun for example_task_group to 2023-08-06 00:00:00+00:00
[2023-08-08 23:18:08,824] {scheduler_job.py:190} INFO - Processing /home/airflow/.local/lib/python3.6/site-packages/airflow/example_dags/example_task_group.py took 0.303 seconds
[2023-08-08 23:18:42,968] {scheduler_job.py:182} INFO - Started process (PID=7256) to work on /home/airflow/.local/lib/python3.6/site-packages/airflow/example_dags/example_task_group.py
[2023-08-08 23:18:42,972] {scheduler_job.py:633} INFO - Processing file /home/airflow/.local/lib/python3.6/site-packages/airflow/example_dags/example_task_group.py for tasks to queue
[2023-08-08 23:18:42,976] {logging_mixin.py:104} INFO - [2023-08-08 23:18:42,975] {dagbag.py:496} INFO - Filling up the DagBag from /home/airflow/.local/lib/python3.6/site-packages/airflow/example_dags/example_task_group.py
[2023-08-08 23:18:43,051] {scheduler_job.py:643} INFO - DAG(s) dict_keys(['example_task_group']) retrieved from /home/airflow/.local/lib/python3.6/site-packages/airflow/example_dags/example_task_group.py
[2023-08-08 23:18:43,141] {logging_mixin.py:104} INFO - [2023-08-08 23:18:43,141] {dag.py:1833} INFO - Sync 1 DAGs
[2023-08-08 23:18:43,176] {logging_mixin.py:104} INFO - [2023-08-08 23:18:43,176] {dag.py:2306} INFO - Setting next_dagrun for example_task_group to 2023-08-06 00:00:00+00:00
[2023-08-08 23:18:43,224] {scheduler_job.py:190} INFO - Processing /home/airflow/.local/lib/python3.6/site-packages/airflow/example_dags/example_task_group.py took 0.271 seconds
[2023-08-08 23:19:14,414] {scheduler_job.py:182} INFO - Started process (PID=7308) to work on /home/airflow/.local/lib/python3.6/site-packages/airflow/example_dags/example_task_group.py
[2023-08-08 23:19:14,430] {scheduler_job.py:633} INFO - Processing file /home/airflow/.local/lib/python3.6/site-packages/airflow/example_dags/example_task_group.py for tasks to queue
[2023-08-08 23:19:14,438] {logging_mixin.py:104} INFO - [2023-08-08 23:19:14,437] {dagbag.py:496} INFO - Filling up the DagBag from /home/airflow/.local/lib/python3.6/site-packages/airflow/example_dags/example_task_group.py
[2023-08-08 23:19:14,510] {scheduler_job.py:643} INFO - DAG(s) dict_keys(['example_task_group']) retrieved from /home/airflow/.local/lib/python3.6/site-packages/airflow/example_dags/example_task_group.py
[2023-08-08 23:19:14,566] {logging_mixin.py:104} INFO - [2023-08-08 23:19:14,565] {dag.py:1833} INFO - Sync 1 DAGs
[2023-08-08 23:19:14,587] {logging_mixin.py:104} INFO - [2023-08-08 23:19:14,587] {dag.py:2306} INFO - Setting next_dagrun for example_task_group to 2023-08-06 00:00:00+00:00
[2023-08-08 23:19:14,609] {scheduler_job.py:190} INFO - Processing /home/airflow/.local/lib/python3.6/site-packages/airflow/example_dags/example_task_group.py took 0.213 seconds
[2023-08-08 23:19:44,866] {scheduler_job.py:182} INFO - Started process (PID=7357) to work on /home/airflow/.local/lib/python3.6/site-packages/airflow/example_dags/example_task_group.py
[2023-08-08 23:19:44,873] {scheduler_job.py:633} INFO - Processing file /home/airflow/.local/lib/python3.6/site-packages/airflow/example_dags/example_task_group.py for tasks to queue
[2023-08-08 23:19:44,885] {logging_mixin.py:104} INFO - [2023-08-08 23:19:44,884] {dagbag.py:496} INFO - Filling up the DagBag from /home/airflow/.local/lib/python3.6/site-packages/airflow/example_dags/example_task_group.py
[2023-08-08 23:19:45,091] {scheduler_job.py:643} INFO - DAG(s) dict_keys(['example_task_group']) retrieved from /home/airflow/.local/lib/python3.6/site-packages/airflow/example_dags/example_task_group.py
[2023-08-08 23:19:45,251] {logging_mixin.py:104} INFO - [2023-08-08 23:19:45,251] {dag.py:1833} INFO - Sync 1 DAGs
[2023-08-08 23:19:45,322] {logging_mixin.py:104} INFO - [2023-08-08 23:19:45,322] {dag.py:2306} INFO - Setting next_dagrun for example_task_group to 2023-08-06 00:00:00+00:00
[2023-08-08 23:19:45,391] {scheduler_job.py:190} INFO - Processing /home/airflow/.local/lib/python3.6/site-packages/airflow/example_dags/example_task_group.py took 0.566 seconds
