[2023-08-08 22:59:56,243] {scheduler_job.py:182} INFO - Started process (PID=5451) to work on /home/airflow/.local/lib/python3.6/site-packages/airflow/example_dags/example_branch_day_of_week_operator.py
[2023-08-08 22:59:56,247] {scheduler_job.py:633} INFO - Processing file /home/airflow/.local/lib/python3.6/site-packages/airflow/example_dags/example_branch_day_of_week_operator.py for tasks to queue
[2023-08-08 22:59:56,251] {logging_mixin.py:104} INFO - [2023-08-08 22:59:56,251] {dagbag.py:496} INFO - Filling up the DagBag from /home/airflow/.local/lib/python3.6/site-packages/airflow/example_dags/example_branch_day_of_week_operator.py
[2023-08-08 22:59:56,326] {scheduler_job.py:643} INFO - DAG(s) dict_keys(['example_weekday_branch_operator']) retrieved from /home/airflow/.local/lib/python3.6/site-packages/airflow/example_dags/example_branch_day_of_week_operator.py
[2023-08-08 22:59:57,646] {logging_mixin.py:104} INFO - [2023-08-08 22:59:57,646] {dag.py:1833} INFO - Sync 1 DAGs
[2023-08-08 22:59:57,711] {logging_mixin.py:104} INFO - [2023-08-08 22:59:57,711] {dag.py:2306} INFO - Setting next_dagrun for example_weekday_branch_operator to 2023-08-06 00:00:00+00:00
[2023-08-08 22:59:57,760] {scheduler_job.py:190} INFO - Processing /home/airflow/.local/lib/python3.6/site-packages/airflow/example_dags/example_branch_day_of_week_operator.py took 1.529 seconds
[2023-08-08 23:00:27,988] {scheduler_job.py:182} INFO - Started process (PID=5502) to work on /home/airflow/.local/lib/python3.6/site-packages/airflow/example_dags/example_branch_day_of_week_operator.py
[2023-08-08 23:00:27,992] {scheduler_job.py:633} INFO - Processing file /home/airflow/.local/lib/python3.6/site-packages/airflow/example_dags/example_branch_day_of_week_operator.py for tasks to queue
[2023-08-08 23:00:28,000] {logging_mixin.py:104} INFO - [2023-08-08 23:00:28,000] {dagbag.py:496} INFO - Filling up the DagBag from /home/airflow/.local/lib/python3.6/site-packages/airflow/example_dags/example_branch_day_of_week_operator.py
[2023-08-08 23:00:28,043] {scheduler_job.py:643} INFO - DAG(s) dict_keys(['example_weekday_branch_operator']) retrieved from /home/airflow/.local/lib/python3.6/site-packages/airflow/example_dags/example_branch_day_of_week_operator.py
[2023-08-08 23:00:28,123] {logging_mixin.py:104} INFO - [2023-08-08 23:00:28,123] {dag.py:1833} INFO - Sync 1 DAGs
[2023-08-08 23:00:28,178] {logging_mixin.py:104} INFO - [2023-08-08 23:00:28,177] {dag.py:2306} INFO - Setting next_dagrun for example_weekday_branch_operator to 2023-08-06 00:00:00+00:00
[2023-08-08 23:00:28,224] {scheduler_job.py:190} INFO - Processing /home/airflow/.local/lib/python3.6/site-packages/airflow/example_dags/example_branch_day_of_week_operator.py took 0.247 seconds
[2023-08-08 23:00:58,578] {scheduler_job.py:182} INFO - Started process (PID=5554) to work on /home/airflow/.local/lib/python3.6/site-packages/airflow/example_dags/example_branch_day_of_week_operator.py
[2023-08-08 23:00:58,581] {scheduler_job.py:633} INFO - Processing file /home/airflow/.local/lib/python3.6/site-packages/airflow/example_dags/example_branch_day_of_week_operator.py for tasks to queue
[2023-08-08 23:00:58,582] {logging_mixin.py:104} INFO - [2023-08-08 23:00:58,582] {dagbag.py:496} INFO - Filling up the DagBag from /home/airflow/.local/lib/python3.6/site-packages/airflow/example_dags/example_branch_day_of_week_operator.py
[2023-08-08 23:00:58,602] {scheduler_job.py:643} INFO - DAG(s) dict_keys(['example_weekday_branch_operator']) retrieved from /home/airflow/.local/lib/python3.6/site-packages/airflow/example_dags/example_branch_day_of_week_operator.py
[2023-08-08 23:00:58,632] {logging_mixin.py:104} INFO - [2023-08-08 23:00:58,632] {dag.py:1833} INFO - Sync 1 DAGs
[2023-08-08 23:00:58,652] {logging_mixin.py:104} INFO - [2023-08-08 23:00:58,652] {dag.py:2306} INFO - Setting next_dagrun for example_weekday_branch_operator to 2023-08-06 00:00:00+00:00
[2023-08-08 23:00:58,668] {scheduler_job.py:190} INFO - Processing /home/airflow/.local/lib/python3.6/site-packages/airflow/example_dags/example_branch_day_of_week_operator.py took 0.095 seconds
[2023-08-08 23:01:29,000] {scheduler_job.py:182} INFO - Started process (PID=5603) to work on /home/airflow/.local/lib/python3.6/site-packages/airflow/example_dags/example_branch_day_of_week_operator.py
[2023-08-08 23:01:29,008] {scheduler_job.py:633} INFO - Processing file /home/airflow/.local/lib/python3.6/site-packages/airflow/example_dags/example_branch_day_of_week_operator.py for tasks to queue
[2023-08-08 23:01:29,015] {logging_mixin.py:104} INFO - [2023-08-08 23:01:29,015] {dagbag.py:496} INFO - Filling up the DagBag from /home/airflow/.local/lib/python3.6/site-packages/airflow/example_dags/example_branch_day_of_week_operator.py
[2023-08-08 23:01:29,347] {scheduler_job.py:643} INFO - DAG(s) dict_keys(['example_weekday_branch_operator']) retrieved from /home/airflow/.local/lib/python3.6/site-packages/airflow/example_dags/example_branch_day_of_week_operator.py
[2023-08-08 23:01:29,550] {logging_mixin.py:104} INFO - [2023-08-08 23:01:29,550] {dag.py:1833} INFO - Sync 1 DAGs
[2023-08-08 23:01:29,683] {logging_mixin.py:104} INFO - [2023-08-08 23:01:29,683] {dag.py:2306} INFO - Setting next_dagrun for example_weekday_branch_operator to 2023-08-06 00:00:00+00:00
[2023-08-08 23:01:29,746] {scheduler_job.py:190} INFO - Processing /home/airflow/.local/lib/python3.6/site-packages/airflow/example_dags/example_branch_day_of_week_operator.py took 0.771 seconds
[2023-08-08 23:02:00,527] {scheduler_job.py:182} INFO - Started process (PID=5661) to work on /home/airflow/.local/lib/python3.6/site-packages/airflow/example_dags/example_branch_day_of_week_operator.py
[2023-08-08 23:02:00,538] {scheduler_job.py:633} INFO - Processing file /home/airflow/.local/lib/python3.6/site-packages/airflow/example_dags/example_branch_day_of_week_operator.py for tasks to queue
[2023-08-08 23:02:00,542] {logging_mixin.py:104} INFO - [2023-08-08 23:02:00,541] {dagbag.py:496} INFO - Filling up the DagBag from /home/airflow/.local/lib/python3.6/site-packages/airflow/example_dags/example_branch_day_of_week_operator.py
[2023-08-08 23:02:00,618] {scheduler_job.py:643} INFO - DAG(s) dict_keys(['example_weekday_branch_operator']) retrieved from /home/airflow/.local/lib/python3.6/site-packages/airflow/example_dags/example_branch_day_of_week_operator.py
[2023-08-08 23:02:00,679] {logging_mixin.py:104} INFO - [2023-08-08 23:02:00,679] {dag.py:1833} INFO - Sync 1 DAGs
[2023-08-08 23:02:00,737] {logging_mixin.py:104} INFO - [2023-08-08 23:02:00,737] {dag.py:2306} INFO - Setting next_dagrun for example_weekday_branch_operator to 2023-08-06 00:00:00+00:00
[2023-08-08 23:02:00,774] {scheduler_job.py:190} INFO - Processing /home/airflow/.local/lib/python3.6/site-packages/airflow/example_dags/example_branch_day_of_week_operator.py took 0.266 seconds
[2023-08-08 23:02:30,927] {scheduler_job.py:182} INFO - Started process (PID=5715) to work on /home/airflow/.local/lib/python3.6/site-packages/airflow/example_dags/example_branch_day_of_week_operator.py
[2023-08-08 23:02:30,937] {scheduler_job.py:633} INFO - Processing file /home/airflow/.local/lib/python3.6/site-packages/airflow/example_dags/example_branch_day_of_week_operator.py for tasks to queue
[2023-08-08 23:02:30,940] {logging_mixin.py:104} INFO - [2023-08-08 23:02:30,939] {dagbag.py:496} INFO - Filling up the DagBag from /home/airflow/.local/lib/python3.6/site-packages/airflow/example_dags/example_branch_day_of_week_operator.py
[2023-08-08 23:02:30,965] {scheduler_job.py:643} INFO - DAG(s) dict_keys(['example_weekday_branch_operator']) retrieved from /home/airflow/.local/lib/python3.6/site-packages/airflow/example_dags/example_branch_day_of_week_operator.py
[2023-08-08 23:02:31,014] {logging_mixin.py:104} INFO - [2023-08-08 23:02:31,014] {dag.py:1833} INFO - Sync 1 DAGs
[2023-08-08 23:02:31,046] {logging_mixin.py:104} INFO - [2023-08-08 23:02:31,046] {dag.py:2306} INFO - Setting next_dagrun for example_weekday_branch_operator to 2023-08-06 00:00:00+00:00
[2023-08-08 23:02:31,079] {scheduler_job.py:190} INFO - Processing /home/airflow/.local/lib/python3.6/site-packages/airflow/example_dags/example_branch_day_of_week_operator.py took 0.163 seconds
[2023-08-08 23:03:01,500] {scheduler_job.py:182} INFO - Started process (PID=5766) to work on /home/airflow/.local/lib/python3.6/site-packages/airflow/example_dags/example_branch_day_of_week_operator.py
[2023-08-08 23:03:01,505] {scheduler_job.py:633} INFO - Processing file /home/airflow/.local/lib/python3.6/site-packages/airflow/example_dags/example_branch_day_of_week_operator.py for tasks to queue
[2023-08-08 23:03:01,508] {logging_mixin.py:104} INFO - [2023-08-08 23:03:01,507] {dagbag.py:496} INFO - Filling up the DagBag from /home/airflow/.local/lib/python3.6/site-packages/airflow/example_dags/example_branch_day_of_week_operator.py
[2023-08-08 23:03:01,548] {scheduler_job.py:643} INFO - DAG(s) dict_keys(['example_weekday_branch_operator']) retrieved from /home/airflow/.local/lib/python3.6/site-packages/airflow/example_dags/example_branch_day_of_week_operator.py
[2023-08-08 23:03:01,595] {logging_mixin.py:104} INFO - [2023-08-08 23:03:01,595] {dag.py:1833} INFO - Sync 1 DAGs
[2023-08-08 23:03:01,643] {logging_mixin.py:104} INFO - [2023-08-08 23:03:01,643] {dag.py:2306} INFO - Setting next_dagrun for example_weekday_branch_operator to 2023-08-06 00:00:00+00:00
[2023-08-08 23:03:01,667] {scheduler_job.py:190} INFO - Processing /home/airflow/.local/lib/python3.6/site-packages/airflow/example_dags/example_branch_day_of_week_operator.py took 0.196 seconds
[2023-08-08 23:03:32,201] {scheduler_job.py:182} INFO - Started process (PID=5818) to work on /home/airflow/.local/lib/python3.6/site-packages/airflow/example_dags/example_branch_day_of_week_operator.py
[2023-08-08 23:03:32,213] {scheduler_job.py:633} INFO - Processing file /home/airflow/.local/lib/python3.6/site-packages/airflow/example_dags/example_branch_day_of_week_operator.py for tasks to queue
[2023-08-08 23:03:32,229] {logging_mixin.py:104} INFO - [2023-08-08 23:03:32,229] {dagbag.py:496} INFO - Filling up the DagBag from /home/airflow/.local/lib/python3.6/site-packages/airflow/example_dags/example_branch_day_of_week_operator.py
[2023-08-08 23:03:32,403] {scheduler_job.py:643} INFO - DAG(s) dict_keys(['example_weekday_branch_operator']) retrieved from /home/airflow/.local/lib/python3.6/site-packages/airflow/example_dags/example_branch_day_of_week_operator.py
[2023-08-08 23:03:32,549] {logging_mixin.py:104} INFO - [2023-08-08 23:03:32,549] {dag.py:1833} INFO - Sync 1 DAGs
[2023-08-08 23:03:32,659] {logging_mixin.py:104} INFO - [2023-08-08 23:03:32,659] {dag.py:2306} INFO - Setting next_dagrun for example_weekday_branch_operator to 2023-08-06 00:00:00+00:00
[2023-08-08 23:03:32,705] {scheduler_job.py:190} INFO - Processing /home/airflow/.local/lib/python3.6/site-packages/airflow/example_dags/example_branch_day_of_week_operator.py took 0.525 seconds
[2023-08-08 23:04:03,518] {scheduler_job.py:182} INFO - Started process (PID=5869) to work on /home/airflow/.local/lib/python3.6/site-packages/airflow/example_dags/example_branch_day_of_week_operator.py
[2023-08-08 23:04:03,521] {scheduler_job.py:633} INFO - Processing file /home/airflow/.local/lib/python3.6/site-packages/airflow/example_dags/example_branch_day_of_week_operator.py for tasks to queue
[2023-08-08 23:04:03,525] {logging_mixin.py:104} INFO - [2023-08-08 23:04:03,525] {dagbag.py:496} INFO - Filling up the DagBag from /home/airflow/.local/lib/python3.6/site-packages/airflow/example_dags/example_branch_day_of_week_operator.py
[2023-08-08 23:04:03,582] {scheduler_job.py:643} INFO - DAG(s) dict_keys(['example_weekday_branch_operator']) retrieved from /home/airflow/.local/lib/python3.6/site-packages/airflow/example_dags/example_branch_day_of_week_operator.py
[2023-08-08 23:04:03,659] {logging_mixin.py:104} INFO - [2023-08-08 23:04:03,659] {dag.py:1833} INFO - Sync 1 DAGs
[2023-08-08 23:04:03,713] {logging_mixin.py:104} INFO - [2023-08-08 23:04:03,713] {dag.py:2306} INFO - Setting next_dagrun for example_weekday_branch_operator to 2023-08-06 00:00:00+00:00
[2023-08-08 23:04:03,772] {scheduler_job.py:190} INFO - Processing /home/airflow/.local/lib/python3.6/site-packages/airflow/example_dags/example_branch_day_of_week_operator.py took 0.272 seconds
[2023-08-08 23:04:33,891] {scheduler_job.py:182} INFO - Started process (PID=5919) to work on /home/airflow/.local/lib/python3.6/site-packages/airflow/example_dags/example_branch_day_of_week_operator.py
[2023-08-08 23:04:33,901] {scheduler_job.py:633} INFO - Processing file /home/airflow/.local/lib/python3.6/site-packages/airflow/example_dags/example_branch_day_of_week_operator.py for tasks to queue
[2023-08-08 23:04:33,905] {logging_mixin.py:104} INFO - [2023-08-08 23:04:33,905] {dagbag.py:496} INFO - Filling up the DagBag from /home/airflow/.local/lib/python3.6/site-packages/airflow/example_dags/example_branch_day_of_week_operator.py
[2023-08-08 23:04:33,968] {scheduler_job.py:643} INFO - DAG(s) dict_keys(['example_weekday_branch_operator']) retrieved from /home/airflow/.local/lib/python3.6/site-packages/airflow/example_dags/example_branch_day_of_week_operator.py
[2023-08-08 23:04:34,054] {logging_mixin.py:104} INFO - [2023-08-08 23:04:34,054] {dag.py:1833} INFO - Sync 1 DAGs
[2023-08-08 23:04:34,106] {logging_mixin.py:104} INFO - [2023-08-08 23:04:34,106] {dag.py:2306} INFO - Setting next_dagrun for example_weekday_branch_operator to 2023-08-06 00:00:00+00:00
[2023-08-08 23:04:34,133] {scheduler_job.py:190} INFO - Processing /home/airflow/.local/lib/python3.6/site-packages/airflow/example_dags/example_branch_day_of_week_operator.py took 0.256 seconds
[2023-08-08 23:05:04,550] {scheduler_job.py:182} INFO - Started process (PID=5970) to work on /home/airflow/.local/lib/python3.6/site-packages/airflow/example_dags/example_branch_day_of_week_operator.py
[2023-08-08 23:05:04,558] {scheduler_job.py:633} INFO - Processing file /home/airflow/.local/lib/python3.6/site-packages/airflow/example_dags/example_branch_day_of_week_operator.py for tasks to queue
[2023-08-08 23:05:04,561] {logging_mixin.py:104} INFO - [2023-08-08 23:05:04,561] {dagbag.py:496} INFO - Filling up the DagBag from /home/airflow/.local/lib/python3.6/site-packages/airflow/example_dags/example_branch_day_of_week_operator.py
[2023-08-08 23:05:04,604] {scheduler_job.py:643} INFO - DAG(s) dict_keys(['example_weekday_branch_operator']) retrieved from /home/airflow/.local/lib/python3.6/site-packages/airflow/example_dags/example_branch_day_of_week_operator.py
[2023-08-08 23:05:04,675] {logging_mixin.py:104} INFO - [2023-08-08 23:05:04,675] {dag.py:1833} INFO - Sync 1 DAGs
[2023-08-08 23:05:04,714] {logging_mixin.py:104} INFO - [2023-08-08 23:05:04,714] {dag.py:2306} INFO - Setting next_dagrun for example_weekday_branch_operator to 2023-08-06 00:00:00+00:00
[2023-08-08 23:05:04,761] {scheduler_job.py:190} INFO - Processing /home/airflow/.local/lib/python3.6/site-packages/airflow/example_dags/example_branch_day_of_week_operator.py took 0.219 seconds
[2023-08-08 23:05:35,186] {scheduler_job.py:182} INFO - Started process (PID=6021) to work on /home/airflow/.local/lib/python3.6/site-packages/airflow/example_dags/example_branch_day_of_week_operator.py
[2023-08-08 23:05:35,189] {scheduler_job.py:633} INFO - Processing file /home/airflow/.local/lib/python3.6/site-packages/airflow/example_dags/example_branch_day_of_week_operator.py for tasks to queue
[2023-08-08 23:05:35,191] {logging_mixin.py:104} INFO - [2023-08-08 23:05:35,191] {dagbag.py:496} INFO - Filling up the DagBag from /home/airflow/.local/lib/python3.6/site-packages/airflow/example_dags/example_branch_day_of_week_operator.py
[2023-08-08 23:05:35,240] {scheduler_job.py:643} INFO - DAG(s) dict_keys(['example_weekday_branch_operator']) retrieved from /home/airflow/.local/lib/python3.6/site-packages/airflow/example_dags/example_branch_day_of_week_operator.py
[2023-08-08 23:05:35,322] {logging_mixin.py:104} INFO - [2023-08-08 23:05:35,322] {dag.py:1833} INFO - Sync 1 DAGs
[2023-08-08 23:05:35,416] {logging_mixin.py:104} INFO - [2023-08-08 23:05:35,416] {dag.py:2306} INFO - Setting next_dagrun for example_weekday_branch_operator to 2023-08-06 00:00:00+00:00
[2023-08-08 23:05:35,499] {scheduler_job.py:190} INFO - Processing /home/airflow/.local/lib/python3.6/site-packages/airflow/example_dags/example_branch_day_of_week_operator.py took 0.327 seconds
[2023-08-08 23:06:05,681] {scheduler_job.py:182} INFO - Started process (PID=6071) to work on /home/airflow/.local/lib/python3.6/site-packages/airflow/example_dags/example_branch_day_of_week_operator.py
[2023-08-08 23:06:05,696] {scheduler_job.py:633} INFO - Processing file /home/airflow/.local/lib/python3.6/site-packages/airflow/example_dags/example_branch_day_of_week_operator.py for tasks to queue
[2023-08-08 23:06:05,706] {logging_mixin.py:104} INFO - [2023-08-08 23:06:05,706] {dagbag.py:496} INFO - Filling up the DagBag from /home/airflow/.local/lib/python3.6/site-packages/airflow/example_dags/example_branch_day_of_week_operator.py
[2023-08-08 23:06:05,797] {scheduler_job.py:643} INFO - DAG(s) dict_keys(['example_weekday_branch_operator']) retrieved from /home/airflow/.local/lib/python3.6/site-packages/airflow/example_dags/example_branch_day_of_week_operator.py
[2023-08-08 23:06:05,983] {logging_mixin.py:104} INFO - [2023-08-08 23:06:05,983] {dag.py:1833} INFO - Sync 1 DAGs
[2023-08-08 23:06:06,126] {logging_mixin.py:104} INFO - [2023-08-08 23:06:06,126] {dag.py:2306} INFO - Setting next_dagrun for example_weekday_branch_operator to 2023-08-06 00:00:00+00:00
[2023-08-08 23:06:06,173] {scheduler_job.py:190} INFO - Processing /home/airflow/.local/lib/python3.6/site-packages/airflow/example_dags/example_branch_day_of_week_operator.py took 0.518 seconds
[2023-08-08 23:06:36,295] {scheduler_job.py:182} INFO - Started process (PID=6119) to work on /home/airflow/.local/lib/python3.6/site-packages/airflow/example_dags/example_branch_day_of_week_operator.py
[2023-08-08 23:06:36,306] {scheduler_job.py:633} INFO - Processing file /home/airflow/.local/lib/python3.6/site-packages/airflow/example_dags/example_branch_day_of_week_operator.py for tasks to queue
[2023-08-08 23:06:36,309] {logging_mixin.py:104} INFO - [2023-08-08 23:06:36,309] {dagbag.py:496} INFO - Filling up the DagBag from /home/airflow/.local/lib/python3.6/site-packages/airflow/example_dags/example_branch_day_of_week_operator.py
[2023-08-08 23:06:36,409] {scheduler_job.py:643} INFO - DAG(s) dict_keys(['example_weekday_branch_operator']) retrieved from /home/airflow/.local/lib/python3.6/site-packages/airflow/example_dags/example_branch_day_of_week_operator.py
[2023-08-08 23:06:36,543] {logging_mixin.py:104} INFO - [2023-08-08 23:06:36,542] {dag.py:1833} INFO - Sync 1 DAGs
[2023-08-08 23:06:36,665] {logging_mixin.py:104} INFO - [2023-08-08 23:06:36,665] {dag.py:2306} INFO - Setting next_dagrun for example_weekday_branch_operator to 2023-08-06 00:00:00+00:00
[2023-08-08 23:06:36,737] {scheduler_job.py:190} INFO - Processing /home/airflow/.local/lib/python3.6/site-packages/airflow/example_dags/example_branch_day_of_week_operator.py took 0.456 seconds
[2023-08-08 23:07:07,365] {scheduler_job.py:182} INFO - Started process (PID=6162) to work on /home/airflow/.local/lib/python3.6/site-packages/airflow/example_dags/example_branch_day_of_week_operator.py
[2023-08-08 23:07:07,373] {scheduler_job.py:633} INFO - Processing file /home/airflow/.local/lib/python3.6/site-packages/airflow/example_dags/example_branch_day_of_week_operator.py for tasks to queue
[2023-08-08 23:07:07,376] {logging_mixin.py:104} INFO - [2023-08-08 23:07:07,375] {dagbag.py:496} INFO - Filling up the DagBag from /home/airflow/.local/lib/python3.6/site-packages/airflow/example_dags/example_branch_day_of_week_operator.py
[2023-08-08 23:07:07,430] {scheduler_job.py:643} INFO - DAG(s) dict_keys(['example_weekday_branch_operator']) retrieved from /home/airflow/.local/lib/python3.6/site-packages/airflow/example_dags/example_branch_day_of_week_operator.py
[2023-08-08 23:07:07,489] {logging_mixin.py:104} INFO - [2023-08-08 23:07:07,489] {dag.py:1833} INFO - Sync 1 DAGs
[2023-08-08 23:07:07,524] {logging_mixin.py:104} INFO - [2023-08-08 23:07:07,524] {dag.py:2306} INFO - Setting next_dagrun for example_weekday_branch_operator to 2023-08-06 00:00:00+00:00
[2023-08-08 23:07:07,546] {scheduler_job.py:190} INFO - Processing /home/airflow/.local/lib/python3.6/site-packages/airflow/example_dags/example_branch_day_of_week_operator.py took 0.187 seconds
[2023-08-08 23:07:38,058] {scheduler_job.py:182} INFO - Started process (PID=6212) to work on /home/airflow/.local/lib/python3.6/site-packages/airflow/example_dags/example_branch_day_of_week_operator.py
[2023-08-08 23:07:38,079] {scheduler_job.py:633} INFO - Processing file /home/airflow/.local/lib/python3.6/site-packages/airflow/example_dags/example_branch_day_of_week_operator.py for tasks to queue
[2023-08-08 23:07:38,093] {logging_mixin.py:104} INFO - [2023-08-08 23:07:38,093] {dagbag.py:496} INFO - Filling up the DagBag from /home/airflow/.local/lib/python3.6/site-packages/airflow/example_dags/example_branch_day_of_week_operator.py
[2023-08-08 23:07:38,143] {scheduler_job.py:643} INFO - DAG(s) dict_keys(['example_weekday_branch_operator']) retrieved from /home/airflow/.local/lib/python3.6/site-packages/airflow/example_dags/example_branch_day_of_week_operator.py
[2023-08-08 23:07:38,183] {logging_mixin.py:104} INFO - [2023-08-08 23:07:38,183] {dag.py:1833} INFO - Sync 1 DAGs
[2023-08-08 23:07:38,217] {logging_mixin.py:104} INFO - [2023-08-08 23:07:38,216] {dag.py:2306} INFO - Setting next_dagrun for example_weekday_branch_operator to 2023-08-06 00:00:00+00:00
[2023-08-08 23:07:38,240] {scheduler_job.py:190} INFO - Processing /home/airflow/.local/lib/python3.6/site-packages/airflow/example_dags/example_branch_day_of_week_operator.py took 0.202 seconds
[2023-08-08 23:08:08,937] {scheduler_job.py:182} INFO - Started process (PID=6262) to work on /home/airflow/.local/lib/python3.6/site-packages/airflow/example_dags/example_branch_day_of_week_operator.py
[2023-08-08 23:08:08,952] {scheduler_job.py:633} INFO - Processing file /home/airflow/.local/lib/python3.6/site-packages/airflow/example_dags/example_branch_day_of_week_operator.py for tasks to queue
[2023-08-08 23:08:08,960] {logging_mixin.py:104} INFO - [2023-08-08 23:08:08,959] {dagbag.py:496} INFO - Filling up the DagBag from /home/airflow/.local/lib/python3.6/site-packages/airflow/example_dags/example_branch_day_of_week_operator.py
[2023-08-08 23:08:09,007] {scheduler_job.py:643} INFO - DAG(s) dict_keys(['example_weekday_branch_operator']) retrieved from /home/airflow/.local/lib/python3.6/site-packages/airflow/example_dags/example_branch_day_of_week_operator.py
[2023-08-08 23:08:09,061] {logging_mixin.py:104} INFO - [2023-08-08 23:08:09,061] {dag.py:1833} INFO - Sync 1 DAGs
[2023-08-08 23:08:09,099] {logging_mixin.py:104} INFO - [2023-08-08 23:08:09,099] {dag.py:2306} INFO - Setting next_dagrun for example_weekday_branch_operator to 2023-08-06 00:00:00+00:00
[2023-08-08 23:08:09,120] {scheduler_job.py:190} INFO - Processing /home/airflow/.local/lib/python3.6/site-packages/airflow/example_dags/example_branch_day_of_week_operator.py took 0.209 seconds
[2023-08-08 23:08:39,563] {scheduler_job.py:182} INFO - Started process (PID=6314) to work on /home/airflow/.local/lib/python3.6/site-packages/airflow/example_dags/example_branch_day_of_week_operator.py
[2023-08-08 23:08:39,568] {scheduler_job.py:633} INFO - Processing file /home/airflow/.local/lib/python3.6/site-packages/airflow/example_dags/example_branch_day_of_week_operator.py for tasks to queue
[2023-08-08 23:08:39,577] {logging_mixin.py:104} INFO - [2023-08-08 23:08:39,577] {dagbag.py:496} INFO - Filling up the DagBag from /home/airflow/.local/lib/python3.6/site-packages/airflow/example_dags/example_branch_day_of_week_operator.py
[2023-08-08 23:08:39,622] {scheduler_job.py:643} INFO - DAG(s) dict_keys(['example_weekday_branch_operator']) retrieved from /home/airflow/.local/lib/python3.6/site-packages/airflow/example_dags/example_branch_day_of_week_operator.py
[2023-08-08 23:08:39,687] {logging_mixin.py:104} INFO - [2023-08-08 23:08:39,687] {dag.py:1833} INFO - Sync 1 DAGs
[2023-08-08 23:08:39,715] {logging_mixin.py:104} INFO - [2023-08-08 23:08:39,715] {dag.py:2306} INFO - Setting next_dagrun for example_weekday_branch_operator to 2023-08-06 00:00:00+00:00
[2023-08-08 23:08:39,748] {scheduler_job.py:190} INFO - Processing /home/airflow/.local/lib/python3.6/site-packages/airflow/example_dags/example_branch_day_of_week_operator.py took 0.207 seconds
[2023-08-08 23:09:10,113] {scheduler_job.py:182} INFO - Started process (PID=6364) to work on /home/airflow/.local/lib/python3.6/site-packages/airflow/example_dags/example_branch_day_of_week_operator.py
[2023-08-08 23:09:10,119] {scheduler_job.py:633} INFO - Processing file /home/airflow/.local/lib/python3.6/site-packages/airflow/example_dags/example_branch_day_of_week_operator.py for tasks to queue
[2023-08-08 23:09:10,124] {logging_mixin.py:104} INFO - [2023-08-08 23:09:10,124] {dagbag.py:496} INFO - Filling up the DagBag from /home/airflow/.local/lib/python3.6/site-packages/airflow/example_dags/example_branch_day_of_week_operator.py
[2023-08-08 23:09:10,223] {scheduler_job.py:643} INFO - DAG(s) dict_keys(['example_weekday_branch_operator']) retrieved from /home/airflow/.local/lib/python3.6/site-packages/airflow/example_dags/example_branch_day_of_week_operator.py
[2023-08-08 23:09:10,408] {logging_mixin.py:104} INFO - [2023-08-08 23:09:10,408] {dag.py:1833} INFO - Sync 1 DAGs
[2023-08-08 23:09:10,578] {logging_mixin.py:104} INFO - [2023-08-08 23:09:10,573] {dag.py:2306} INFO - Setting next_dagrun for example_weekday_branch_operator to 2023-08-06 00:00:00+00:00
[2023-08-08 23:09:10,651] {scheduler_job.py:190} INFO - Processing /home/airflow/.local/lib/python3.6/site-packages/airflow/example_dags/example_branch_day_of_week_operator.py took 0.550 seconds
[2023-08-08 23:09:41,543] {scheduler_job.py:182} INFO - Started process (PID=6415) to work on /home/airflow/.local/lib/python3.6/site-packages/airflow/example_dags/example_branch_day_of_week_operator.py
[2023-08-08 23:09:41,551] {scheduler_job.py:633} INFO - Processing file /home/airflow/.local/lib/python3.6/site-packages/airflow/example_dags/example_branch_day_of_week_operator.py for tasks to queue
[2023-08-08 23:09:41,555] {logging_mixin.py:104} INFO - [2023-08-08 23:09:41,554] {dagbag.py:496} INFO - Filling up the DagBag from /home/airflow/.local/lib/python3.6/site-packages/airflow/example_dags/example_branch_day_of_week_operator.py
[2023-08-08 23:09:41,666] {scheduler_job.py:643} INFO - DAG(s) dict_keys(['example_weekday_branch_operator']) retrieved from /home/airflow/.local/lib/python3.6/site-packages/airflow/example_dags/example_branch_day_of_week_operator.py
[2023-08-08 23:09:41,783] {logging_mixin.py:104} INFO - [2023-08-08 23:09:41,782] {dag.py:1833} INFO - Sync 1 DAGs
[2023-08-08 23:09:41,839] {logging_mixin.py:104} INFO - [2023-08-08 23:09:41,839] {dag.py:2306} INFO - Setting next_dagrun for example_weekday_branch_operator to 2023-08-06 00:00:00+00:00
[2023-08-08 23:09:41,866] {scheduler_job.py:190} INFO - Processing /home/airflow/.local/lib/python3.6/site-packages/airflow/example_dags/example_branch_day_of_week_operator.py took 0.343 seconds
[2023-08-08 23:10:12,017] {scheduler_job.py:182} INFO - Started process (PID=6467) to work on /home/airflow/.local/lib/python3.6/site-packages/airflow/example_dags/example_branch_day_of_week_operator.py
[2023-08-08 23:10:12,025] {scheduler_job.py:633} INFO - Processing file /home/airflow/.local/lib/python3.6/site-packages/airflow/example_dags/example_branch_day_of_week_operator.py for tasks to queue
[2023-08-08 23:10:12,032] {logging_mixin.py:104} INFO - [2023-08-08 23:10:12,028] {dagbag.py:496} INFO - Filling up the DagBag from /home/airflow/.local/lib/python3.6/site-packages/airflow/example_dags/example_branch_day_of_week_operator.py
[2023-08-08 23:10:12,155] {scheduler_job.py:643} INFO - DAG(s) dict_keys(['example_weekday_branch_operator']) retrieved from /home/airflow/.local/lib/python3.6/site-packages/airflow/example_dags/example_branch_day_of_week_operator.py
[2023-08-08 23:10:12,282] {logging_mixin.py:104} INFO - [2023-08-08 23:10:12,280] {dag.py:1833} INFO - Sync 1 DAGs
[2023-08-08 23:10:12,348] {logging_mixin.py:104} INFO - [2023-08-08 23:10:12,347] {dag.py:2306} INFO - Setting next_dagrun for example_weekday_branch_operator to 2023-08-06 00:00:00+00:00
[2023-08-08 23:10:12,396] {scheduler_job.py:190} INFO - Processing /home/airflow/.local/lib/python3.6/site-packages/airflow/example_dags/example_branch_day_of_week_operator.py took 0.388 seconds
[2023-08-08 23:10:43,222] {scheduler_job.py:182} INFO - Started process (PID=6517) to work on /home/airflow/.local/lib/python3.6/site-packages/airflow/example_dags/example_branch_day_of_week_operator.py
[2023-08-08 23:10:43,231] {scheduler_job.py:633} INFO - Processing file /home/airflow/.local/lib/python3.6/site-packages/airflow/example_dags/example_branch_day_of_week_operator.py for tasks to queue
[2023-08-08 23:10:43,235] {logging_mixin.py:104} INFO - [2023-08-08 23:10:43,234] {dagbag.py:496} INFO - Filling up the DagBag from /home/airflow/.local/lib/python3.6/site-packages/airflow/example_dags/example_branch_day_of_week_operator.py
[2023-08-08 23:10:43,278] {scheduler_job.py:643} INFO - DAG(s) dict_keys(['example_weekday_branch_operator']) retrieved from /home/airflow/.local/lib/python3.6/site-packages/airflow/example_dags/example_branch_day_of_week_operator.py
[2023-08-08 23:10:43,328] {logging_mixin.py:104} INFO - [2023-08-08 23:10:43,328] {dag.py:1833} INFO - Sync 1 DAGs
[2023-08-08 23:10:43,401] {logging_mixin.py:104} INFO - [2023-08-08 23:10:43,401] {dag.py:2306} INFO - Setting next_dagrun for example_weekday_branch_operator to 2023-08-06 00:00:00+00:00
[2023-08-08 23:10:43,427] {scheduler_job.py:190} INFO - Processing /home/airflow/.local/lib/python3.6/site-packages/airflow/example_dags/example_branch_day_of_week_operator.py took 0.227 seconds
[2023-08-08 23:11:14,038] {scheduler_job.py:182} INFO - Started process (PID=6567) to work on /home/airflow/.local/lib/python3.6/site-packages/airflow/example_dags/example_branch_day_of_week_operator.py
[2023-08-08 23:11:14,048] {scheduler_job.py:633} INFO - Processing file /home/airflow/.local/lib/python3.6/site-packages/airflow/example_dags/example_branch_day_of_week_operator.py for tasks to queue
[2023-08-08 23:11:14,055] {logging_mixin.py:104} INFO - [2023-08-08 23:11:14,054] {dagbag.py:496} INFO - Filling up the DagBag from /home/airflow/.local/lib/python3.6/site-packages/airflow/example_dags/example_branch_day_of_week_operator.py
[2023-08-08 23:11:14,092] {scheduler_job.py:643} INFO - DAG(s) dict_keys(['example_weekday_branch_operator']) retrieved from /home/airflow/.local/lib/python3.6/site-packages/airflow/example_dags/example_branch_day_of_week_operator.py
[2023-08-08 23:11:14,148] {logging_mixin.py:104} INFO - [2023-08-08 23:11:14,147] {dag.py:1833} INFO - Sync 1 DAGs
[2023-08-08 23:11:14,190] {logging_mixin.py:104} INFO - [2023-08-08 23:11:14,190] {dag.py:2306} INFO - Setting next_dagrun for example_weekday_branch_operator to 2023-08-06 00:00:00+00:00
[2023-08-08 23:11:14,230] {scheduler_job.py:190} INFO - Processing /home/airflow/.local/lib/python3.6/site-packages/airflow/example_dags/example_branch_day_of_week_operator.py took 0.213 seconds
[2023-08-08 23:11:44,915] {scheduler_job.py:182} INFO - Started process (PID=6617) to work on /home/airflow/.local/lib/python3.6/site-packages/airflow/example_dags/example_branch_day_of_week_operator.py
[2023-08-08 23:11:44,932] {scheduler_job.py:633} INFO - Processing file /home/airflow/.local/lib/python3.6/site-packages/airflow/example_dags/example_branch_day_of_week_operator.py for tasks to queue
[2023-08-08 23:11:44,948] {logging_mixin.py:104} INFO - [2023-08-08 23:11:44,947] {dagbag.py:496} INFO - Filling up the DagBag from /home/airflow/.local/lib/python3.6/site-packages/airflow/example_dags/example_branch_day_of_week_operator.py
[2023-08-08 23:11:45,116] {scheduler_job.py:643} INFO - DAG(s) dict_keys(['example_weekday_branch_operator']) retrieved from /home/airflow/.local/lib/python3.6/site-packages/airflow/example_dags/example_branch_day_of_week_operator.py
[2023-08-08 23:11:45,375] {logging_mixin.py:104} INFO - [2023-08-08 23:11:45,374] {dag.py:1833} INFO - Sync 1 DAGs
[2023-08-08 23:11:45,651] {logging_mixin.py:104} INFO - [2023-08-08 23:11:45,650] {dag.py:2306} INFO - Setting next_dagrun for example_weekday_branch_operator to 2023-08-06 00:00:00+00:00
[2023-08-08 23:11:45,737] {scheduler_job.py:190} INFO - Processing /home/airflow/.local/lib/python3.6/site-packages/airflow/example_dags/example_branch_day_of_week_operator.py took 0.854 seconds
[2023-08-08 23:12:15,847] {scheduler_job.py:182} INFO - Started process (PID=6659) to work on /home/airflow/.local/lib/python3.6/site-packages/airflow/example_dags/example_branch_day_of_week_operator.py
[2023-08-08 23:12:15,851] {scheduler_job.py:633} INFO - Processing file /home/airflow/.local/lib/python3.6/site-packages/airflow/example_dags/example_branch_day_of_week_operator.py for tasks to queue
[2023-08-08 23:12:15,855] {logging_mixin.py:104} INFO - [2023-08-08 23:12:15,854] {dagbag.py:496} INFO - Filling up the DagBag from /home/airflow/.local/lib/python3.6/site-packages/airflow/example_dags/example_branch_day_of_week_operator.py
[2023-08-08 23:12:15,878] {scheduler_job.py:643} INFO - DAG(s) dict_keys(['example_weekday_branch_operator']) retrieved from /home/airflow/.local/lib/python3.6/site-packages/airflow/example_dags/example_branch_day_of_week_operator.py
[2023-08-08 23:12:15,939] {logging_mixin.py:104} INFO - [2023-08-08 23:12:15,938] {dag.py:1833} INFO - Sync 1 DAGs
[2023-08-08 23:12:15,990] {logging_mixin.py:104} INFO - [2023-08-08 23:12:15,990] {dag.py:2306} INFO - Setting next_dagrun for example_weekday_branch_operator to 2023-08-06 00:00:00+00:00
[2023-08-08 23:12:16,023] {scheduler_job.py:190} INFO - Processing /home/airflow/.local/lib/python3.6/site-packages/airflow/example_dags/example_branch_day_of_week_operator.py took 0.193 seconds
[2023-08-08 23:12:47,676] {scheduler_job.py:182} INFO - Started process (PID=6708) to work on /home/airflow/.local/lib/python3.6/site-packages/airflow/example_dags/example_branch_day_of_week_operator.py
[2023-08-08 23:12:47,683] {scheduler_job.py:633} INFO - Processing file /home/airflow/.local/lib/python3.6/site-packages/airflow/example_dags/example_branch_day_of_week_operator.py for tasks to queue
[2023-08-08 23:12:47,685] {logging_mixin.py:104} INFO - [2023-08-08 23:12:47,684] {dagbag.py:496} INFO - Filling up the DagBag from /home/airflow/.local/lib/python3.6/site-packages/airflow/example_dags/example_branch_day_of_week_operator.py
[2023-08-08 23:12:47,770] {scheduler_job.py:643} INFO - DAG(s) dict_keys(['example_weekday_branch_operator']) retrieved from /home/airflow/.local/lib/python3.6/site-packages/airflow/example_dags/example_branch_day_of_week_operator.py
[2023-08-08 23:12:47,886] {logging_mixin.py:104} INFO - [2023-08-08 23:12:47,886] {dag.py:1833} INFO - Sync 1 DAGs
[2023-08-08 23:12:47,979] {logging_mixin.py:104} INFO - [2023-08-08 23:12:47,979] {dag.py:2306} INFO - Setting next_dagrun for example_weekday_branch_operator to 2023-08-06 00:00:00+00:00
[2023-08-08 23:12:48,057] {scheduler_job.py:190} INFO - Processing /home/airflow/.local/lib/python3.6/site-packages/airflow/example_dags/example_branch_day_of_week_operator.py took 0.398 seconds
[2023-08-08 23:13:18,611] {scheduler_job.py:182} INFO - Started process (PID=6759) to work on /home/airflow/.local/lib/python3.6/site-packages/airflow/example_dags/example_branch_day_of_week_operator.py
[2023-08-08 23:13:18,625] {scheduler_job.py:633} INFO - Processing file /home/airflow/.local/lib/python3.6/site-packages/airflow/example_dags/example_branch_day_of_week_operator.py for tasks to queue
[2023-08-08 23:13:18,629] {logging_mixin.py:104} INFO - [2023-08-08 23:13:18,628] {dagbag.py:496} INFO - Filling up the DagBag from /home/airflow/.local/lib/python3.6/site-packages/airflow/example_dags/example_branch_day_of_week_operator.py
[2023-08-08 23:13:18,734] {scheduler_job.py:643} INFO - DAG(s) dict_keys(['example_weekday_branch_operator']) retrieved from /home/airflow/.local/lib/python3.6/site-packages/airflow/example_dags/example_branch_day_of_week_operator.py
[2023-08-08 23:13:18,860] {logging_mixin.py:104} INFO - [2023-08-08 23:13:18,860] {dag.py:1833} INFO - Sync 1 DAGs
[2023-08-08 23:13:18,937] {logging_mixin.py:104} INFO - [2023-08-08 23:13:18,937] {dag.py:2306} INFO - Setting next_dagrun for example_weekday_branch_operator to 2023-08-06 00:00:00+00:00
[2023-08-08 23:13:19,024] {scheduler_job.py:190} INFO - Processing /home/airflow/.local/lib/python3.6/site-packages/airflow/example_dags/example_branch_day_of_week_operator.py took 0.430 seconds
[2023-08-08 23:13:49,904] {scheduler_job.py:182} INFO - Started process (PID=6801) to work on /home/airflow/.local/lib/python3.6/site-packages/airflow/example_dags/example_branch_day_of_week_operator.py
[2023-08-08 23:13:49,911] {scheduler_job.py:633} INFO - Processing file /home/airflow/.local/lib/python3.6/site-packages/airflow/example_dags/example_branch_day_of_week_operator.py for tasks to queue
[2023-08-08 23:13:49,914] {logging_mixin.py:104} INFO - [2023-08-08 23:13:49,914] {dagbag.py:496} INFO - Filling up the DagBag from /home/airflow/.local/lib/python3.6/site-packages/airflow/example_dags/example_branch_day_of_week_operator.py
[2023-08-08 23:13:49,949] {scheduler_job.py:643} INFO - DAG(s) dict_keys(['example_weekday_branch_operator']) retrieved from /home/airflow/.local/lib/python3.6/site-packages/airflow/example_dags/example_branch_day_of_week_operator.py
[2023-08-08 23:13:50,012] {logging_mixin.py:104} INFO - [2023-08-08 23:13:50,011] {dag.py:1833} INFO - Sync 1 DAGs
[2023-08-08 23:13:50,051] {logging_mixin.py:104} INFO - [2023-08-08 23:13:50,051] {dag.py:2306} INFO - Setting next_dagrun for example_weekday_branch_operator to 2023-08-06 00:00:00+00:00
[2023-08-08 23:13:50,082] {scheduler_job.py:190} INFO - Processing /home/airflow/.local/lib/python3.6/site-packages/airflow/example_dags/example_branch_day_of_week_operator.py took 0.196 seconds
[2023-08-08 23:14:20,763] {scheduler_job.py:182} INFO - Started process (PID=6848) to work on /home/airflow/.local/lib/python3.6/site-packages/airflow/example_dags/example_branch_day_of_week_operator.py
[2023-08-08 23:14:20,770] {scheduler_job.py:633} INFO - Processing file /home/airflow/.local/lib/python3.6/site-packages/airflow/example_dags/example_branch_day_of_week_operator.py for tasks to queue
[2023-08-08 23:14:20,772] {logging_mixin.py:104} INFO - [2023-08-08 23:14:20,772] {dagbag.py:496} INFO - Filling up the DagBag from /home/airflow/.local/lib/python3.6/site-packages/airflow/example_dags/example_branch_day_of_week_operator.py
[2023-08-08 23:14:20,810] {scheduler_job.py:643} INFO - DAG(s) dict_keys(['example_weekday_branch_operator']) retrieved from /home/airflow/.local/lib/python3.6/site-packages/airflow/example_dags/example_branch_day_of_week_operator.py
[2023-08-08 23:14:20,858] {logging_mixin.py:104} INFO - [2023-08-08 23:14:20,858] {dag.py:1833} INFO - Sync 1 DAGs
[2023-08-08 23:14:20,900] {logging_mixin.py:104} INFO - [2023-08-08 23:14:20,899] {dag.py:2306} INFO - Setting next_dagrun for example_weekday_branch_operator to 2023-08-06 00:00:00+00:00
[2023-08-08 23:14:20,923] {scheduler_job.py:190} INFO - Processing /home/airflow/.local/lib/python3.6/site-packages/airflow/example_dags/example_branch_day_of_week_operator.py took 0.177 seconds
[2023-08-08 23:14:53,685] {scheduler_job.py:182} INFO - Started process (PID=6904) to work on /home/airflow/.local/lib/python3.6/site-packages/airflow/example_dags/example_branch_day_of_week_operator.py
[2023-08-08 23:14:53,698] {scheduler_job.py:633} INFO - Processing file /home/airflow/.local/lib/python3.6/site-packages/airflow/example_dags/example_branch_day_of_week_operator.py for tasks to queue
[2023-08-08 23:14:53,702] {logging_mixin.py:104} INFO - [2023-08-08 23:14:53,701] {dagbag.py:496} INFO - Filling up the DagBag from /home/airflow/.local/lib/python3.6/site-packages/airflow/example_dags/example_branch_day_of_week_operator.py
[2023-08-08 23:14:53,851] {scheduler_job.py:643} INFO - DAG(s) dict_keys(['example_weekday_branch_operator']) retrieved from /home/airflow/.local/lib/python3.6/site-packages/airflow/example_dags/example_branch_day_of_week_operator.py
[2023-08-08 23:14:54,031] {logging_mixin.py:104} INFO - [2023-08-08 23:14:54,030] {dag.py:1833} INFO - Sync 1 DAGs
[2023-08-08 23:14:54,281] {logging_mixin.py:104} INFO - [2023-08-08 23:14:54,280] {dag.py:2306} INFO - Setting next_dagrun for example_weekday_branch_operator to 2023-08-06 00:00:00+00:00
[2023-08-08 23:14:54,381] {scheduler_job.py:190} INFO - Processing /home/airflow/.local/lib/python3.6/site-packages/airflow/example_dags/example_branch_day_of_week_operator.py took 0.733 seconds
[2023-08-08 23:15:25,238] {scheduler_job.py:182} INFO - Started process (PID=6947) to work on /home/airflow/.local/lib/python3.6/site-packages/airflow/example_dags/example_branch_day_of_week_operator.py
[2023-08-08 23:15:25,244] {scheduler_job.py:633} INFO - Processing file /home/airflow/.local/lib/python3.6/site-packages/airflow/example_dags/example_branch_day_of_week_operator.py for tasks to queue
[2023-08-08 23:15:25,252] {logging_mixin.py:104} INFO - [2023-08-08 23:15:25,251] {dagbag.py:496} INFO - Filling up the DagBag from /home/airflow/.local/lib/python3.6/site-packages/airflow/example_dags/example_branch_day_of_week_operator.py
[2023-08-08 23:15:25,289] {scheduler_job.py:643} INFO - DAG(s) dict_keys(['example_weekday_branch_operator']) retrieved from /home/airflow/.local/lib/python3.6/site-packages/airflow/example_dags/example_branch_day_of_week_operator.py
[2023-08-08 23:15:25,455] {logging_mixin.py:104} INFO - [2023-08-08 23:15:25,455] {dag.py:1833} INFO - Sync 1 DAGs
[2023-08-08 23:15:25,546] {logging_mixin.py:104} INFO - [2023-08-08 23:15:25,546] {dag.py:2306} INFO - Setting next_dagrun for example_weekday_branch_operator to 2023-08-06 00:00:00+00:00
[2023-08-08 23:15:25,609] {scheduler_job.py:190} INFO - Processing /home/airflow/.local/lib/python3.6/site-packages/airflow/example_dags/example_branch_day_of_week_operator.py took 0.388 seconds
[2023-08-08 23:15:55,828] {scheduler_job.py:182} INFO - Started process (PID=6997) to work on /home/airflow/.local/lib/python3.6/site-packages/airflow/example_dags/example_branch_day_of_week_operator.py
[2023-08-08 23:15:55,834] {scheduler_job.py:633} INFO - Processing file /home/airflow/.local/lib/python3.6/site-packages/airflow/example_dags/example_branch_day_of_week_operator.py for tasks to queue
[2023-08-08 23:15:55,841] {logging_mixin.py:104} INFO - [2023-08-08 23:15:55,840] {dagbag.py:496} INFO - Filling up the DagBag from /home/airflow/.local/lib/python3.6/site-packages/airflow/example_dags/example_branch_day_of_week_operator.py
[2023-08-08 23:15:55,882] {scheduler_job.py:643} INFO - DAG(s) dict_keys(['example_weekday_branch_operator']) retrieved from /home/airflow/.local/lib/python3.6/site-packages/airflow/example_dags/example_branch_day_of_week_operator.py
[2023-08-08 23:15:55,941] {logging_mixin.py:104} INFO - [2023-08-08 23:15:55,940] {dag.py:1833} INFO - Sync 1 DAGs
[2023-08-08 23:15:55,982] {logging_mixin.py:104} INFO - [2023-08-08 23:15:55,981] {dag.py:2306} INFO - Setting next_dagrun for example_weekday_branch_operator to 2023-08-06 00:00:00+00:00
[2023-08-08 23:15:56,015] {scheduler_job.py:190} INFO - Processing /home/airflow/.local/lib/python3.6/site-packages/airflow/example_dags/example_branch_day_of_week_operator.py took 0.199 seconds
[2023-08-08 23:16:29,634] {scheduler_job.py:182} INFO - Started process (PID=7048) to work on /home/airflow/.local/lib/python3.6/site-packages/airflow/example_dags/example_branch_day_of_week_operator.py
[2023-08-08 23:16:29,649] {scheduler_job.py:633} INFO - Processing file /home/airflow/.local/lib/python3.6/site-packages/airflow/example_dags/example_branch_day_of_week_operator.py for tasks to queue
[2023-08-08 23:16:29,661] {logging_mixin.py:104} INFO - [2023-08-08 23:16:29,661] {dagbag.py:496} INFO - Filling up the DagBag from /home/airflow/.local/lib/python3.6/site-packages/airflow/example_dags/example_branch_day_of_week_operator.py
[2023-08-08 23:16:29,750] {scheduler_job.py:643} INFO - DAG(s) dict_keys(['example_weekday_branch_operator']) retrieved from /home/airflow/.local/lib/python3.6/site-packages/airflow/example_dags/example_branch_day_of_week_operator.py
[2023-08-08 23:16:29,890] {logging_mixin.py:104} INFO - [2023-08-08 23:16:29,890] {dag.py:1833} INFO - Sync 1 DAGs
[2023-08-08 23:16:29,956] {logging_mixin.py:104} INFO - [2023-08-08 23:16:29,956] {dag.py:2306} INFO - Setting next_dagrun for example_weekday_branch_operator to 2023-08-06 00:00:00+00:00
[2023-08-08 23:16:29,979] {scheduler_job.py:190} INFO - Processing /home/airflow/.local/lib/python3.6/site-packages/airflow/example_dags/example_branch_day_of_week_operator.py took 0.366 seconds
[2023-08-08 23:17:01,505] {scheduler_job.py:182} INFO - Started process (PID=7098) to work on /home/airflow/.local/lib/python3.6/site-packages/airflow/example_dags/example_branch_day_of_week_operator.py
[2023-08-08 23:17:01,523] {scheduler_job.py:633} INFO - Processing file /home/airflow/.local/lib/python3.6/site-packages/airflow/example_dags/example_branch_day_of_week_operator.py for tasks to queue
[2023-08-08 23:17:01,531] {logging_mixin.py:104} INFO - [2023-08-08 23:17:01,528] {dagbag.py:496} INFO - Filling up the DagBag from /home/airflow/.local/lib/python3.6/site-packages/airflow/example_dags/example_branch_day_of_week_operator.py
[2023-08-08 23:17:01,648] {scheduler_job.py:643} INFO - DAG(s) dict_keys(['example_weekday_branch_operator']) retrieved from /home/airflow/.local/lib/python3.6/site-packages/airflow/example_dags/example_branch_day_of_week_operator.py
[2023-08-08 23:17:01,799] {logging_mixin.py:104} INFO - [2023-08-08 23:17:01,799] {dag.py:1833} INFO - Sync 1 DAGs
[2023-08-08 23:17:01,934] {logging_mixin.py:104} INFO - [2023-08-08 23:17:01,934] {dag.py:2306} INFO - Setting next_dagrun for example_weekday_branch_operator to 2023-08-06 00:00:00+00:00
[2023-08-08 23:17:01,999] {scheduler_job.py:190} INFO - Processing /home/airflow/.local/lib/python3.6/site-packages/airflow/example_dags/example_branch_day_of_week_operator.py took 0.537 seconds
[2023-08-08 23:17:33,046] {scheduler_job.py:182} INFO - Started process (PID=7139) to work on /home/airflow/.local/lib/python3.6/site-packages/airflow/example_dags/example_branch_day_of_week_operator.py
[2023-08-08 23:17:33,052] {scheduler_job.py:633} INFO - Processing file /home/airflow/.local/lib/python3.6/site-packages/airflow/example_dags/example_branch_day_of_week_operator.py for tasks to queue
[2023-08-08 23:17:33,056] {logging_mixin.py:104} INFO - [2023-08-08 23:17:33,056] {dagbag.py:496} INFO - Filling up the DagBag from /home/airflow/.local/lib/python3.6/site-packages/airflow/example_dags/example_branch_day_of_week_operator.py
[2023-08-08 23:17:33,129] {scheduler_job.py:643} INFO - DAG(s) dict_keys(['example_weekday_branch_operator']) retrieved from /home/airflow/.local/lib/python3.6/site-packages/airflow/example_dags/example_branch_day_of_week_operator.py
[2023-08-08 23:17:33,230] {logging_mixin.py:104} INFO - [2023-08-08 23:17:33,227] {dag.py:1833} INFO - Sync 1 DAGs
[2023-08-08 23:17:33,302] {logging_mixin.py:104} INFO - [2023-08-08 23:17:33,302] {dag.py:2306} INFO - Setting next_dagrun for example_weekday_branch_operator to 2023-08-06 00:00:00+00:00
[2023-08-08 23:17:33,453] {scheduler_job.py:190} INFO - Processing /home/airflow/.local/lib/python3.6/site-packages/airflow/example_dags/example_branch_day_of_week_operator.py took 0.417 seconds
[2023-08-08 23:18:04,691] {scheduler_job.py:182} INFO - Started process (PID=7190) to work on /home/airflow/.local/lib/python3.6/site-packages/airflow/example_dags/example_branch_day_of_week_operator.py
[2023-08-08 23:18:04,704] {scheduler_job.py:633} INFO - Processing file /home/airflow/.local/lib/python3.6/site-packages/airflow/example_dags/example_branch_day_of_week_operator.py for tasks to queue
[2023-08-08 23:18:04,706] {logging_mixin.py:104} INFO - [2023-08-08 23:18:04,706] {dagbag.py:496} INFO - Filling up the DagBag from /home/airflow/.local/lib/python3.6/site-packages/airflow/example_dags/example_branch_day_of_week_operator.py
[2023-08-08 23:18:04,780] {scheduler_job.py:643} INFO - DAG(s) dict_keys(['example_weekday_branch_operator']) retrieved from /home/airflow/.local/lib/python3.6/site-packages/airflow/example_dags/example_branch_day_of_week_operator.py
[2023-08-08 23:18:04,849] {logging_mixin.py:104} INFO - [2023-08-08 23:18:04,849] {dag.py:1833} INFO - Sync 1 DAGs
[2023-08-08 23:18:04,889] {logging_mixin.py:104} INFO - [2023-08-08 23:18:04,889] {dag.py:2306} INFO - Setting next_dagrun for example_weekday_branch_operator to 2023-08-06 00:00:00+00:00
[2023-08-08 23:18:04,906] {scheduler_job.py:190} INFO - Processing /home/airflow/.local/lib/python3.6/site-packages/airflow/example_dags/example_branch_day_of_week_operator.py took 0.220 seconds
[2023-08-08 23:18:36,617] {scheduler_job.py:182} INFO - Started process (PID=7241) to work on /home/airflow/.local/lib/python3.6/site-packages/airflow/example_dags/example_branch_day_of_week_operator.py
[2023-08-08 23:18:36,645] {scheduler_job.py:633} INFO - Processing file /home/airflow/.local/lib/python3.6/site-packages/airflow/example_dags/example_branch_day_of_week_operator.py for tasks to queue
[2023-08-08 23:18:36,668] {logging_mixin.py:104} INFO - [2023-08-08 23:18:36,667] {dagbag.py:496} INFO - Filling up the DagBag from /home/airflow/.local/lib/python3.6/site-packages/airflow/example_dags/example_branch_day_of_week_operator.py
[2023-08-08 23:18:36,769] {scheduler_job.py:643} INFO - DAG(s) dict_keys(['example_weekday_branch_operator']) retrieved from /home/airflow/.local/lib/python3.6/site-packages/airflow/example_dags/example_branch_day_of_week_operator.py
[2023-08-08 23:18:36,868] {logging_mixin.py:104} INFO - [2023-08-08 23:18:36,868] {dag.py:1833} INFO - Sync 1 DAGs
[2023-08-08 23:18:36,978] {logging_mixin.py:104} INFO - [2023-08-08 23:18:36,978] {dag.py:2306} INFO - Setting next_dagrun for example_weekday_branch_operator to 2023-08-06 00:00:00+00:00
[2023-08-08 23:18:37,075] {scheduler_job.py:190} INFO - Processing /home/airflow/.local/lib/python3.6/site-packages/airflow/example_dags/example_branch_day_of_week_operator.py took 0.497 seconds
[2023-08-08 23:19:07,347] {scheduler_job.py:182} INFO - Started process (PID=7291) to work on /home/airflow/.local/lib/python3.6/site-packages/airflow/example_dags/example_branch_day_of_week_operator.py
[2023-08-08 23:19:07,353] {scheduler_job.py:633} INFO - Processing file /home/airflow/.local/lib/python3.6/site-packages/airflow/example_dags/example_branch_day_of_week_operator.py for tasks to queue
[2023-08-08 23:19:07,356] {logging_mixin.py:104} INFO - [2023-08-08 23:19:07,356] {dagbag.py:496} INFO - Filling up the DagBag from /home/airflow/.local/lib/python3.6/site-packages/airflow/example_dags/example_branch_day_of_week_operator.py
[2023-08-08 23:19:07,434] {scheduler_job.py:643} INFO - DAG(s) dict_keys(['example_weekday_branch_operator']) retrieved from /home/airflow/.local/lib/python3.6/site-packages/airflow/example_dags/example_branch_day_of_week_operator.py
[2023-08-08 23:19:07,524] {logging_mixin.py:104} INFO - [2023-08-08 23:19:07,524] {dag.py:1833} INFO - Sync 1 DAGs
[2023-08-08 23:19:07,592] {logging_mixin.py:104} INFO - [2023-08-08 23:19:07,592] {dag.py:2306} INFO - Setting next_dagrun for example_weekday_branch_operator to 2023-08-06 00:00:00+00:00
[2023-08-08 23:19:07,658] {scheduler_job.py:190} INFO - Processing /home/airflow/.local/lib/python3.6/site-packages/airflow/example_dags/example_branch_day_of_week_operator.py took 0.326 seconds
[2023-08-08 23:19:37,817] {scheduler_job.py:182} INFO - Started process (PID=7333) to work on /home/airflow/.local/lib/python3.6/site-packages/airflow/example_dags/example_branch_day_of_week_operator.py
[2023-08-08 23:19:37,820] {scheduler_job.py:633} INFO - Processing file /home/airflow/.local/lib/python3.6/site-packages/airflow/example_dags/example_branch_day_of_week_operator.py for tasks to queue
[2023-08-08 23:19:37,824] {logging_mixin.py:104} INFO - [2023-08-08 23:19:37,823] {dagbag.py:496} INFO - Filling up the DagBag from /home/airflow/.local/lib/python3.6/site-packages/airflow/example_dags/example_branch_day_of_week_operator.py
[2023-08-08 23:19:37,853] {scheduler_job.py:643} INFO - DAG(s) dict_keys(['example_weekday_branch_operator']) retrieved from /home/airflow/.local/lib/python3.6/site-packages/airflow/example_dags/example_branch_day_of_week_operator.py
[2023-08-08 23:19:37,899] {logging_mixin.py:104} INFO - [2023-08-08 23:19:37,899] {dag.py:1833} INFO - Sync 1 DAGs
[2023-08-08 23:19:37,941] {logging_mixin.py:104} INFO - [2023-08-08 23:19:37,941] {dag.py:2306} INFO - Setting next_dagrun for example_weekday_branch_operator to 2023-08-06 00:00:00+00:00
[2023-08-08 23:19:37,965] {scheduler_job.py:190} INFO - Processing /home/airflow/.local/lib/python3.6/site-packages/airflow/example_dags/example_branch_day_of_week_operator.py took 0.155 seconds
[2023-08-08 23:20:08,312] {scheduler_job.py:182} INFO - Started process (PID=7383) to work on /home/airflow/.local/lib/python3.6/site-packages/airflow/example_dags/example_branch_day_of_week_operator.py
[2023-08-08 23:20:08,315] {scheduler_job.py:633} INFO - Processing file /home/airflow/.local/lib/python3.6/site-packages/airflow/example_dags/example_branch_day_of_week_operator.py for tasks to queue
[2023-08-08 23:20:08,318] {logging_mixin.py:104} INFO - [2023-08-08 23:20:08,318] {dagbag.py:496} INFO - Filling up the DagBag from /home/airflow/.local/lib/python3.6/site-packages/airflow/example_dags/example_branch_day_of_week_operator.py
[2023-08-08 23:20:08,351] {scheduler_job.py:643} INFO - DAG(s) dict_keys(['example_weekday_branch_operator']) retrieved from /home/airflow/.local/lib/python3.6/site-packages/airflow/example_dags/example_branch_day_of_week_operator.py
[2023-08-08 23:20:08,390] {logging_mixin.py:104} INFO - [2023-08-08 23:20:08,390] {dag.py:1833} INFO - Sync 1 DAGs
[2023-08-08 23:20:08,412] {logging_mixin.py:104} INFO - [2023-08-08 23:20:08,412] {dag.py:2306} INFO - Setting next_dagrun for example_weekday_branch_operator to 2023-08-06 00:00:00+00:00
[2023-08-08 23:20:08,431] {scheduler_job.py:190} INFO - Processing /home/airflow/.local/lib/python3.6/site-packages/airflow/example_dags/example_branch_day_of_week_operator.py took 0.128 seconds
