[2023-08-08 23:00:04,750] {scheduler_job.py:182} INFO - Started process (PID=5461) to work on /home/airflow/.local/lib/python3.6/site-packages/airflow/example_dags/example_dag_decorator.py
[2023-08-08 23:00:04,762] {scheduler_job.py:633} INFO - Processing file /home/airflow/.local/lib/python3.6/site-packages/airflow/example_dags/example_dag_decorator.py for tasks to queue
[2023-08-08 23:00:04,765] {logging_mixin.py:104} INFO - [2023-08-08 23:00:04,765] {dagbag.py:496} INFO - Filling up the DagBag from /home/airflow/.local/lib/python3.6/site-packages/airflow/example_dags/example_dag_decorator.py
[2023-08-08 23:00:04,852] {scheduler_job.py:643} INFO - DAG(s) dict_keys(['example_dag_decorator']) retrieved from /home/airflow/.local/lib/python3.6/site-packages/airflow/example_dags/example_dag_decorator.py
[2023-08-08 23:00:05,778] {logging_mixin.py:104} INFO - [2023-08-08 23:00:05,778] {dag.py:1833} INFO - Sync 1 DAGs
[2023-08-08 23:00:05,822] {logging_mixin.py:104} INFO - [2023-08-08 23:00:05,822] {dag.py:2306} INFO - Setting next_dagrun for example_dag_decorator to None
[2023-08-08 23:00:05,878] {scheduler_job.py:190} INFO - Processing /home/airflow/.local/lib/python3.6/site-packages/airflow/example_dags/example_dag_decorator.py took 1.141 seconds
[2023-08-08 23:00:36,004] {scheduler_job.py:182} INFO - Started process (PID=5512) to work on /home/airflow/.local/lib/python3.6/site-packages/airflow/example_dags/example_dag_decorator.py
[2023-08-08 23:00:36,006] {scheduler_job.py:633} INFO - Processing file /home/airflow/.local/lib/python3.6/site-packages/airflow/example_dags/example_dag_decorator.py for tasks to queue
[2023-08-08 23:00:36,008] {logging_mixin.py:104} INFO - [2023-08-08 23:00:36,008] {dagbag.py:496} INFO - Filling up the DagBag from /home/airflow/.local/lib/python3.6/site-packages/airflow/example_dags/example_dag_decorator.py
[2023-08-08 23:00:36,052] {scheduler_job.py:643} INFO - DAG(s) dict_keys(['example_dag_decorator']) retrieved from /home/airflow/.local/lib/python3.6/site-packages/airflow/example_dags/example_dag_decorator.py
[2023-08-08 23:00:36,391] {logging_mixin.py:104} INFO - [2023-08-08 23:00:36,391] {dag.py:1833} INFO - Sync 1 DAGs
[2023-08-08 23:00:36,406] {logging_mixin.py:104} INFO - [2023-08-08 23:00:36,406] {dag.py:2306} INFO - Setting next_dagrun for example_dag_decorator to None
[2023-08-08 23:00:36,423] {scheduler_job.py:190} INFO - Processing /home/airflow/.local/lib/python3.6/site-packages/airflow/example_dags/example_dag_decorator.py took 0.425 seconds
[2023-08-08 23:01:06,738] {scheduler_job.py:182} INFO - Started process (PID=5573) to work on /home/airflow/.local/lib/python3.6/site-packages/airflow/example_dags/example_dag_decorator.py
[2023-08-08 23:01:06,741] {scheduler_job.py:633} INFO - Processing file /home/airflow/.local/lib/python3.6/site-packages/airflow/example_dags/example_dag_decorator.py for tasks to queue
[2023-08-08 23:01:06,743] {logging_mixin.py:104} INFO - [2023-08-08 23:01:06,743] {dagbag.py:496} INFO - Filling up the DagBag from /home/airflow/.local/lib/python3.6/site-packages/airflow/example_dags/example_dag_decorator.py
[2023-08-08 23:01:06,786] {scheduler_job.py:643} INFO - DAG(s) dict_keys(['example_dag_decorator']) retrieved from /home/airflow/.local/lib/python3.6/site-packages/airflow/example_dags/example_dag_decorator.py
[2023-08-08 23:01:07,132] {logging_mixin.py:104} INFO - [2023-08-08 23:01:07,132] {dag.py:1833} INFO - Sync 1 DAGs
[2023-08-08 23:01:07,147] {logging_mixin.py:104} INFO - [2023-08-08 23:01:07,147] {dag.py:2306} INFO - Setting next_dagrun for example_dag_decorator to None
[2023-08-08 23:01:07,164] {scheduler_job.py:190} INFO - Processing /home/airflow/.local/lib/python3.6/site-packages/airflow/example_dags/example_dag_decorator.py took 0.438 seconds
[2023-08-08 23:01:37,285] {scheduler_job.py:182} INFO - Started process (PID=5623) to work on /home/airflow/.local/lib/python3.6/site-packages/airflow/example_dags/example_dag_decorator.py
[2023-08-08 23:01:37,289] {scheduler_job.py:633} INFO - Processing file /home/airflow/.local/lib/python3.6/site-packages/airflow/example_dags/example_dag_decorator.py for tasks to queue
[2023-08-08 23:01:37,293] {logging_mixin.py:104} INFO - [2023-08-08 23:01:37,292] {dagbag.py:496} INFO - Filling up the DagBag from /home/airflow/.local/lib/python3.6/site-packages/airflow/example_dags/example_dag_decorator.py
[2023-08-08 23:01:37,331] {scheduler_job.py:643} INFO - DAG(s) dict_keys(['example_dag_decorator']) retrieved from /home/airflow/.local/lib/python3.6/site-packages/airflow/example_dags/example_dag_decorator.py
[2023-08-08 23:01:37,768] {logging_mixin.py:104} INFO - [2023-08-08 23:01:37,767] {dag.py:1833} INFO - Sync 1 DAGs
[2023-08-08 23:01:37,788] {logging_mixin.py:104} INFO - [2023-08-08 23:01:37,788] {dag.py:2306} INFO - Setting next_dagrun for example_dag_decorator to None
[2023-08-08 23:01:37,809] {scheduler_job.py:190} INFO - Processing /home/airflow/.local/lib/python3.6/site-packages/airflow/example_dags/example_dag_decorator.py took 0.551 seconds
[2023-08-08 23:02:07,859] {scheduler_job.py:182} INFO - Started process (PID=5676) to work on /home/airflow/.local/lib/python3.6/site-packages/airflow/example_dags/example_dag_decorator.py
[2023-08-08 23:02:07,863] {scheduler_job.py:633} INFO - Processing file /home/airflow/.local/lib/python3.6/site-packages/airflow/example_dags/example_dag_decorator.py for tasks to queue
[2023-08-08 23:02:07,865] {logging_mixin.py:104} INFO - [2023-08-08 23:02:07,864] {dagbag.py:496} INFO - Filling up the DagBag from /home/airflow/.local/lib/python3.6/site-packages/airflow/example_dags/example_dag_decorator.py
[2023-08-08 23:02:07,903] {scheduler_job.py:643} INFO - DAG(s) dict_keys(['example_dag_decorator']) retrieved from /home/airflow/.local/lib/python3.6/site-packages/airflow/example_dags/example_dag_decorator.py
[2023-08-08 23:02:08,304] {logging_mixin.py:104} INFO - [2023-08-08 23:02:08,304] {dag.py:1833} INFO - Sync 1 DAGs
[2023-08-08 23:02:08,322] {logging_mixin.py:104} INFO - [2023-08-08 23:02:08,322] {dag.py:2306} INFO - Setting next_dagrun for example_dag_decorator to None
[2023-08-08 23:02:08,346] {scheduler_job.py:190} INFO - Processing /home/airflow/.local/lib/python3.6/site-packages/airflow/example_dags/example_dag_decorator.py took 0.493 seconds
[2023-08-08 23:02:38,430] {scheduler_job.py:182} INFO - Started process (PID=5727) to work on /home/airflow/.local/lib/python3.6/site-packages/airflow/example_dags/example_dag_decorator.py
[2023-08-08 23:02:38,433] {scheduler_job.py:633} INFO - Processing file /home/airflow/.local/lib/python3.6/site-packages/airflow/example_dags/example_dag_decorator.py for tasks to queue
[2023-08-08 23:02:38,435] {logging_mixin.py:104} INFO - [2023-08-08 23:02:38,435] {dagbag.py:496} INFO - Filling up the DagBag from /home/airflow/.local/lib/python3.6/site-packages/airflow/example_dags/example_dag_decorator.py
[2023-08-08 23:02:38,472] {scheduler_job.py:643} INFO - DAG(s) dict_keys(['example_dag_decorator']) retrieved from /home/airflow/.local/lib/python3.6/site-packages/airflow/example_dags/example_dag_decorator.py
[2023-08-08 23:02:38,798] {logging_mixin.py:104} INFO - [2023-08-08 23:02:38,797] {dag.py:1833} INFO - Sync 1 DAGs
[2023-08-08 23:02:38,814] {logging_mixin.py:104} INFO - [2023-08-08 23:02:38,814] {dag.py:2306} INFO - Setting next_dagrun for example_dag_decorator to None
[2023-08-08 23:02:38,842] {scheduler_job.py:190} INFO - Processing /home/airflow/.local/lib/python3.6/site-packages/airflow/example_dags/example_dag_decorator.py took 0.418 seconds
[2023-08-08 23:03:09,719] {scheduler_job.py:182} INFO - Started process (PID=5778) to work on /home/airflow/.local/lib/python3.6/site-packages/airflow/example_dags/example_dag_decorator.py
[2023-08-08 23:03:09,724] {scheduler_job.py:633} INFO - Processing file /home/airflow/.local/lib/python3.6/site-packages/airflow/example_dags/example_dag_decorator.py for tasks to queue
[2023-08-08 23:03:09,728] {logging_mixin.py:104} INFO - [2023-08-08 23:03:09,728] {dagbag.py:496} INFO - Filling up the DagBag from /home/airflow/.local/lib/python3.6/site-packages/airflow/example_dags/example_dag_decorator.py
[2023-08-08 23:03:09,775] {scheduler_job.py:643} INFO - DAG(s) dict_keys(['example_dag_decorator']) retrieved from /home/airflow/.local/lib/python3.6/site-packages/airflow/example_dags/example_dag_decorator.py
[2023-08-08 23:03:10,076] {logging_mixin.py:104} INFO - [2023-08-08 23:03:10,076] {dag.py:1833} INFO - Sync 1 DAGs
[2023-08-08 23:03:10,089] {logging_mixin.py:104} INFO - [2023-08-08 23:03:10,089] {dag.py:2306} INFO - Setting next_dagrun for example_dag_decorator to None
[2023-08-08 23:03:10,113] {scheduler_job.py:190} INFO - Processing /home/airflow/.local/lib/python3.6/site-packages/airflow/example_dags/example_dag_decorator.py took 0.407 seconds
[2023-08-08 23:03:40,672] {scheduler_job.py:182} INFO - Started process (PID=5837) to work on /home/airflow/.local/lib/python3.6/site-packages/airflow/example_dags/example_dag_decorator.py
[2023-08-08 23:03:40,679] {scheduler_job.py:633} INFO - Processing file /home/airflow/.local/lib/python3.6/site-packages/airflow/example_dags/example_dag_decorator.py for tasks to queue
[2023-08-08 23:03:40,685] {logging_mixin.py:104} INFO - [2023-08-08 23:03:40,684] {dagbag.py:496} INFO - Filling up the DagBag from /home/airflow/.local/lib/python3.6/site-packages/airflow/example_dags/example_dag_decorator.py
[2023-08-08 23:03:40,793] {scheduler_job.py:643} INFO - DAG(s) dict_keys(['example_dag_decorator']) retrieved from /home/airflow/.local/lib/python3.6/site-packages/airflow/example_dags/example_dag_decorator.py
[2023-08-08 23:03:41,569] {logging_mixin.py:104} INFO - [2023-08-08 23:03:41,569] {dag.py:1833} INFO - Sync 1 DAGs
[2023-08-08 23:03:41,594] {logging_mixin.py:104} INFO - [2023-08-08 23:03:41,594] {dag.py:2306} INFO - Setting next_dagrun for example_dag_decorator to None
[2023-08-08 23:03:41,616] {scheduler_job.py:190} INFO - Processing /home/airflow/.local/lib/python3.6/site-packages/airflow/example_dags/example_dag_decorator.py took 0.959 seconds
[2023-08-08 23:04:11,959] {scheduler_job.py:182} INFO - Started process (PID=5891) to work on /home/airflow/.local/lib/python3.6/site-packages/airflow/example_dags/example_dag_decorator.py
[2023-08-08 23:04:11,963] {scheduler_job.py:633} INFO - Processing file /home/airflow/.local/lib/python3.6/site-packages/airflow/example_dags/example_dag_decorator.py for tasks to queue
[2023-08-08 23:04:11,967] {logging_mixin.py:104} INFO - [2023-08-08 23:04:11,967] {dagbag.py:496} INFO - Filling up the DagBag from /home/airflow/.local/lib/python3.6/site-packages/airflow/example_dags/example_dag_decorator.py
[2023-08-08 23:04:12,010] {scheduler_job.py:643} INFO - DAG(s) dict_keys(['example_dag_decorator']) retrieved from /home/airflow/.local/lib/python3.6/site-packages/airflow/example_dags/example_dag_decorator.py
[2023-08-08 23:04:12,462] {logging_mixin.py:104} INFO - [2023-08-08 23:04:12,462] {dag.py:1833} INFO - Sync 1 DAGs
[2023-08-08 23:04:12,496] {logging_mixin.py:104} INFO - [2023-08-08 23:04:12,495] {dag.py:2306} INFO - Setting next_dagrun for example_dag_decorator to None
[2023-08-08 23:04:12,565] {scheduler_job.py:190} INFO - Processing /home/airflow/.local/lib/python3.6/site-packages/airflow/example_dags/example_dag_decorator.py took 0.613 seconds
[2023-08-08 23:04:42,976] {scheduler_job.py:182} INFO - Started process (PID=5942) to work on /home/airflow/.local/lib/python3.6/site-packages/airflow/example_dags/example_dag_decorator.py
[2023-08-08 23:04:42,985] {scheduler_job.py:633} INFO - Processing file /home/airflow/.local/lib/python3.6/site-packages/airflow/example_dags/example_dag_decorator.py for tasks to queue
[2023-08-08 23:04:42,987] {logging_mixin.py:104} INFO - [2023-08-08 23:04:42,986] {dagbag.py:496} INFO - Filling up the DagBag from /home/airflow/.local/lib/python3.6/site-packages/airflow/example_dags/example_dag_decorator.py
[2023-08-08 23:04:43,104] {scheduler_job.py:643} INFO - DAG(s) dict_keys(['example_dag_decorator']) retrieved from /home/airflow/.local/lib/python3.6/site-packages/airflow/example_dags/example_dag_decorator.py
[2023-08-08 23:04:44,004] {logging_mixin.py:104} INFO - [2023-08-08 23:04:44,004] {dag.py:1833} INFO - Sync 1 DAGs
[2023-08-08 23:04:44,073] {logging_mixin.py:104} INFO - [2023-08-08 23:04:44,073] {dag.py:2306} INFO - Setting next_dagrun for example_dag_decorator to None
[2023-08-08 23:04:44,175] {scheduler_job.py:190} INFO - Processing /home/airflow/.local/lib/python3.6/site-packages/airflow/example_dags/example_dag_decorator.py took 1.218 seconds
[2023-08-08 23:05:14,287] {scheduler_job.py:182} INFO - Started process (PID=5994) to work on /home/airflow/.local/lib/python3.6/site-packages/airflow/example_dags/example_dag_decorator.py
[2023-08-08 23:05:14,290] {scheduler_job.py:633} INFO - Processing file /home/airflow/.local/lib/python3.6/site-packages/airflow/example_dags/example_dag_decorator.py for tasks to queue
[2023-08-08 23:05:14,293] {logging_mixin.py:104} INFO - [2023-08-08 23:05:14,292] {dagbag.py:496} INFO - Filling up the DagBag from /home/airflow/.local/lib/python3.6/site-packages/airflow/example_dags/example_dag_decorator.py
[2023-08-08 23:05:14,353] {scheduler_job.py:643} INFO - DAG(s) dict_keys(['example_dag_decorator']) retrieved from /home/airflow/.local/lib/python3.6/site-packages/airflow/example_dags/example_dag_decorator.py
[2023-08-08 23:05:14,811] {logging_mixin.py:104} INFO - [2023-08-08 23:05:14,807] {dag.py:1833} INFO - Sync 1 DAGs
[2023-08-08 23:05:14,854] {logging_mixin.py:104} INFO - [2023-08-08 23:05:14,854] {dag.py:2306} INFO - Setting next_dagrun for example_dag_decorator to None
[2023-08-08 23:05:14,891] {scheduler_job.py:190} INFO - Processing /home/airflow/.local/lib/python3.6/site-packages/airflow/example_dags/example_dag_decorator.py took 0.620 seconds
[2023-08-08 23:05:45,875] {scheduler_job.py:182} INFO - Started process (PID=6045) to work on /home/airflow/.local/lib/python3.6/site-packages/airflow/example_dags/example_dag_decorator.py
[2023-08-08 23:05:45,889] {scheduler_job.py:633} INFO - Processing file /home/airflow/.local/lib/python3.6/site-packages/airflow/example_dags/example_dag_decorator.py for tasks to queue
[2023-08-08 23:05:45,892] {logging_mixin.py:104} INFO - [2023-08-08 23:05:45,891] {dagbag.py:496} INFO - Filling up the DagBag from /home/airflow/.local/lib/python3.6/site-packages/airflow/example_dags/example_dag_decorator.py
[2023-08-08 23:05:45,989] {scheduler_job.py:643} INFO - DAG(s) dict_keys(['example_dag_decorator']) retrieved from /home/airflow/.local/lib/python3.6/site-packages/airflow/example_dags/example_dag_decorator.py
[2023-08-08 23:05:46,453] {logging_mixin.py:104} INFO - [2023-08-08 23:05:46,453] {dag.py:1833} INFO - Sync 1 DAGs
[2023-08-08 23:05:46,475] {logging_mixin.py:104} INFO - [2023-08-08 23:05:46,474] {dag.py:2306} INFO - Setting next_dagrun for example_dag_decorator to None
[2023-08-08 23:05:46,500] {scheduler_job.py:190} INFO - Processing /home/airflow/.local/lib/python3.6/site-packages/airflow/example_dags/example_dag_decorator.py took 0.636 seconds
[2023-08-08 23:06:17,785] {scheduler_job.py:182} INFO - Started process (PID=6093) to work on /home/airflow/.local/lib/python3.6/site-packages/airflow/example_dags/example_dag_decorator.py
[2023-08-08 23:06:17,800] {scheduler_job.py:633} INFO - Processing file /home/airflow/.local/lib/python3.6/site-packages/airflow/example_dags/example_dag_decorator.py for tasks to queue
[2023-08-08 23:06:17,804] {logging_mixin.py:104} INFO - [2023-08-08 23:06:17,803] {dagbag.py:496} INFO - Filling up the DagBag from /home/airflow/.local/lib/python3.6/site-packages/airflow/example_dags/example_dag_decorator.py
[2023-08-08 23:06:17,970] {scheduler_job.py:643} INFO - DAG(s) dict_keys(['example_dag_decorator']) retrieved from /home/airflow/.local/lib/python3.6/site-packages/airflow/example_dags/example_dag_decorator.py
[2023-08-08 23:06:19,239] {logging_mixin.py:104} INFO - [2023-08-08 23:06:19,239] {dag.py:1833} INFO - Sync 1 DAGs
[2023-08-08 23:06:19,343] {logging_mixin.py:104} INFO - [2023-08-08 23:06:19,343] {dag.py:2306} INFO - Setting next_dagrun for example_dag_decorator to None
[2023-08-08 23:06:19,442] {scheduler_job.py:190} INFO - Processing /home/airflow/.local/lib/python3.6/site-packages/airflow/example_dags/example_dag_decorator.py took 1.696 seconds
[2023-08-08 23:06:50,304] {scheduler_job.py:182} INFO - Started process (PID=6140) to work on /home/airflow/.local/lib/python3.6/site-packages/airflow/example_dags/example_dag_decorator.py
[2023-08-08 23:06:50,317] {scheduler_job.py:633} INFO - Processing file /home/airflow/.local/lib/python3.6/site-packages/airflow/example_dags/example_dag_decorator.py for tasks to queue
[2023-08-08 23:06:50,322] {logging_mixin.py:104} INFO - [2023-08-08 23:06:50,322] {dagbag.py:496} INFO - Filling up the DagBag from /home/airflow/.local/lib/python3.6/site-packages/airflow/example_dags/example_dag_decorator.py
[2023-08-08 23:06:50,446] {scheduler_job.py:643} INFO - DAG(s) dict_keys(['example_dag_decorator']) retrieved from /home/airflow/.local/lib/python3.6/site-packages/airflow/example_dags/example_dag_decorator.py
[2023-08-08 23:06:51,115] {logging_mixin.py:104} INFO - [2023-08-08 23:06:51,115] {dag.py:1833} INFO - Sync 1 DAGs
[2023-08-08 23:06:51,142] {logging_mixin.py:104} INFO - [2023-08-08 23:06:51,142] {dag.py:2306} INFO - Setting next_dagrun for example_dag_decorator to None
[2023-08-08 23:06:51,164] {scheduler_job.py:190} INFO - Processing /home/airflow/.local/lib/python3.6/site-packages/airflow/example_dags/example_dag_decorator.py took 0.875 seconds
[2023-08-08 23:07:21,321] {scheduler_job.py:182} INFO - Started process (PID=6190) to work on /home/airflow/.local/lib/python3.6/site-packages/airflow/example_dags/example_dag_decorator.py
[2023-08-08 23:07:21,333] {scheduler_job.py:633} INFO - Processing file /home/airflow/.local/lib/python3.6/site-packages/airflow/example_dags/example_dag_decorator.py for tasks to queue
[2023-08-08 23:07:21,335] {logging_mixin.py:104} INFO - [2023-08-08 23:07:21,335] {dagbag.py:496} INFO - Filling up the DagBag from /home/airflow/.local/lib/python3.6/site-packages/airflow/example_dags/example_dag_decorator.py
[2023-08-08 23:07:21,412] {scheduler_job.py:643} INFO - DAG(s) dict_keys(['example_dag_decorator']) retrieved from /home/airflow/.local/lib/python3.6/site-packages/airflow/example_dags/example_dag_decorator.py
[2023-08-08 23:07:21,992] {logging_mixin.py:104} INFO - [2023-08-08 23:07:21,988] {dag.py:1833} INFO - Sync 1 DAGs
[2023-08-08 23:07:22,018] {logging_mixin.py:104} INFO - [2023-08-08 23:07:22,018] {dag.py:2306} INFO - Setting next_dagrun for example_dag_decorator to None
[2023-08-08 23:07:22,062] {scheduler_job.py:190} INFO - Processing /home/airflow/.local/lib/python3.6/site-packages/airflow/example_dags/example_dag_decorator.py took 0.776 seconds
[2023-08-08 23:07:52,288] {scheduler_job.py:182} INFO - Started process (PID=6240) to work on /home/airflow/.local/lib/python3.6/site-packages/airflow/example_dags/example_dag_decorator.py
[2023-08-08 23:07:52,293] {scheduler_job.py:633} INFO - Processing file /home/airflow/.local/lib/python3.6/site-packages/airflow/example_dags/example_dag_decorator.py for tasks to queue
[2023-08-08 23:07:52,300] {logging_mixin.py:104} INFO - [2023-08-08 23:07:52,298] {dagbag.py:496} INFO - Filling up the DagBag from /home/airflow/.local/lib/python3.6/site-packages/airflow/example_dags/example_dag_decorator.py
[2023-08-08 23:07:52,365] {scheduler_job.py:643} INFO - DAG(s) dict_keys(['example_dag_decorator']) retrieved from /home/airflow/.local/lib/python3.6/site-packages/airflow/example_dags/example_dag_decorator.py
[2023-08-08 23:07:53,003] {logging_mixin.py:104} INFO - [2023-08-08 23:07:53,003] {dag.py:1833} INFO - Sync 1 DAGs
[2023-08-08 23:07:53,027] {logging_mixin.py:104} INFO - [2023-08-08 23:07:53,027] {dag.py:2306} INFO - Setting next_dagrun for example_dag_decorator to None
[2023-08-08 23:07:53,136] {scheduler_job.py:190} INFO - Processing /home/airflow/.local/lib/python3.6/site-packages/airflow/example_dags/example_dag_decorator.py took 0.872 seconds
[2023-08-08 23:08:23,373] {scheduler_job.py:182} INFO - Started process (PID=6294) to work on /home/airflow/.local/lib/python3.6/site-packages/airflow/example_dags/example_dag_decorator.py
[2023-08-08 23:08:23,384] {scheduler_job.py:633} INFO - Processing file /home/airflow/.local/lib/python3.6/site-packages/airflow/example_dags/example_dag_decorator.py for tasks to queue
[2023-08-08 23:08:23,393] {logging_mixin.py:104} INFO - [2023-08-08 23:08:23,393] {dagbag.py:496} INFO - Filling up the DagBag from /home/airflow/.local/lib/python3.6/site-packages/airflow/example_dags/example_dag_decorator.py
[2023-08-08 23:08:23,500] {scheduler_job.py:643} INFO - DAG(s) dict_keys(['example_dag_decorator']) retrieved from /home/airflow/.local/lib/python3.6/site-packages/airflow/example_dags/example_dag_decorator.py
[2023-08-08 23:08:23,931] {logging_mixin.py:104} INFO - [2023-08-08 23:08:23,930] {dag.py:1833} INFO - Sync 1 DAGs
[2023-08-08 23:08:23,950] {logging_mixin.py:104} INFO - [2023-08-08 23:08:23,949] {dag.py:2306} INFO - Setting next_dagrun for example_dag_decorator to None
[2023-08-08 23:08:23,976] {scheduler_job.py:190} INFO - Processing /home/airflow/.local/lib/python3.6/site-packages/airflow/example_dags/example_dag_decorator.py took 0.615 seconds
[2023-08-08 23:08:55,705] {scheduler_job.py:182} INFO - Started process (PID=6342) to work on /home/airflow/.local/lib/python3.6/site-packages/airflow/example_dags/example_dag_decorator.py
[2023-08-08 23:08:55,709] {scheduler_job.py:633} INFO - Processing file /home/airflow/.local/lib/python3.6/site-packages/airflow/example_dags/example_dag_decorator.py for tasks to queue
[2023-08-08 23:08:55,711] {logging_mixin.py:104} INFO - [2023-08-08 23:08:55,710] {dagbag.py:496} INFO - Filling up the DagBag from /home/airflow/.local/lib/python3.6/site-packages/airflow/example_dags/example_dag_decorator.py
[2023-08-08 23:08:55,752] {scheduler_job.py:643} INFO - DAG(s) dict_keys(['example_dag_decorator']) retrieved from /home/airflow/.local/lib/python3.6/site-packages/airflow/example_dags/example_dag_decorator.py
[2023-08-08 23:08:56,277] {logging_mixin.py:104} INFO - [2023-08-08 23:08:56,277] {dag.py:1833} INFO - Sync 1 DAGs
[2023-08-08 23:08:56,308] {logging_mixin.py:104} INFO - [2023-08-08 23:08:56,308] {dag.py:2306} INFO - Setting next_dagrun for example_dag_decorator to None
[2023-08-08 23:08:56,354] {scheduler_job.py:190} INFO - Processing /home/airflow/.local/lib/python3.6/site-packages/airflow/example_dags/example_dag_decorator.py took 0.656 seconds
[2023-08-08 23:09:29,414] {scheduler_job.py:182} INFO - Started process (PID=6391) to work on /home/airflow/.local/lib/python3.6/site-packages/airflow/example_dags/example_dag_decorator.py
[2023-08-08 23:09:29,429] {scheduler_job.py:633} INFO - Processing file /home/airflow/.local/lib/python3.6/site-packages/airflow/example_dags/example_dag_decorator.py for tasks to queue
[2023-08-08 23:09:29,436] {logging_mixin.py:104} INFO - [2023-08-08 23:09:29,435] {dagbag.py:496} INFO - Filling up the DagBag from /home/airflow/.local/lib/python3.6/site-packages/airflow/example_dags/example_dag_decorator.py
[2023-08-08 23:09:29,597] {scheduler_job.py:643} INFO - DAG(s) dict_keys(['example_dag_decorator']) retrieved from /home/airflow/.local/lib/python3.6/site-packages/airflow/example_dags/example_dag_decorator.py
[2023-08-08 23:09:31,865] {logging_mixin.py:104} INFO - [2023-08-08 23:09:31,865] {dag.py:1833} INFO - Sync 1 DAGs
[2023-08-08 23:09:31,952] {logging_mixin.py:104} INFO - [2023-08-08 23:09:31,951] {dag.py:2306} INFO - Setting next_dagrun for example_dag_decorator to None
[2023-08-08 23:09:32,088] {scheduler_job.py:190} INFO - Processing /home/airflow/.local/lib/python3.6/site-packages/airflow/example_dags/example_dag_decorator.py took 2.700 seconds
[2023-08-08 23:10:02,254] {scheduler_job.py:182} INFO - Started process (PID=6444) to work on /home/airflow/.local/lib/python3.6/site-packages/airflow/example_dags/example_dag_decorator.py
[2023-08-08 23:10:02,259] {scheduler_job.py:633} INFO - Processing file /home/airflow/.local/lib/python3.6/site-packages/airflow/example_dags/example_dag_decorator.py for tasks to queue
[2023-08-08 23:10:02,262] {logging_mixin.py:104} INFO - [2023-08-08 23:10:02,261] {dagbag.py:496} INFO - Filling up the DagBag from /home/airflow/.local/lib/python3.6/site-packages/airflow/example_dags/example_dag_decorator.py
[2023-08-08 23:10:02,304] {scheduler_job.py:643} INFO - DAG(s) dict_keys(['example_dag_decorator']) retrieved from /home/airflow/.local/lib/python3.6/site-packages/airflow/example_dags/example_dag_decorator.py
[2023-08-08 23:10:02,782] {logging_mixin.py:104} INFO - [2023-08-08 23:10:02,782] {dag.py:1833} INFO - Sync 1 DAGs
[2023-08-08 23:10:02,803] {logging_mixin.py:104} INFO - [2023-08-08 23:10:02,802] {dag.py:2306} INFO - Setting next_dagrun for example_dag_decorator to None
[2023-08-08 23:10:02,828] {scheduler_job.py:190} INFO - Processing /home/airflow/.local/lib/python3.6/site-packages/airflow/example_dags/example_dag_decorator.py took 0.579 seconds
[2023-08-08 23:10:33,016] {scheduler_job.py:182} INFO - Started process (PID=6495) to work on /home/airflow/.local/lib/python3.6/site-packages/airflow/example_dags/example_dag_decorator.py
[2023-08-08 23:10:33,023] {scheduler_job.py:633} INFO - Processing file /home/airflow/.local/lib/python3.6/site-packages/airflow/example_dags/example_dag_decorator.py for tasks to queue
[2023-08-08 23:10:33,027] {logging_mixin.py:104} INFO - [2023-08-08 23:10:33,027] {dagbag.py:496} INFO - Filling up the DagBag from /home/airflow/.local/lib/python3.6/site-packages/airflow/example_dags/example_dag_decorator.py
[2023-08-08 23:10:33,084] {scheduler_job.py:643} INFO - DAG(s) dict_keys(['example_dag_decorator']) retrieved from /home/airflow/.local/lib/python3.6/site-packages/airflow/example_dags/example_dag_decorator.py
[2023-08-08 23:10:33,642] {logging_mixin.py:104} INFO - [2023-08-08 23:10:33,642] {dag.py:1833} INFO - Sync 1 DAGs
[2023-08-08 23:10:33,683] {logging_mixin.py:104} INFO - [2023-08-08 23:10:33,683] {dag.py:2306} INFO - Setting next_dagrun for example_dag_decorator to None
[2023-08-08 23:10:33,713] {scheduler_job.py:190} INFO - Processing /home/airflow/.local/lib/python3.6/site-packages/airflow/example_dags/example_dag_decorator.py took 0.714 seconds
[2023-08-08 23:11:03,990] {scheduler_job.py:182} INFO - Started process (PID=6544) to work on /home/airflow/.local/lib/python3.6/site-packages/airflow/example_dags/example_dag_decorator.py
[2023-08-08 23:11:03,995] {scheduler_job.py:633} INFO - Processing file /home/airflow/.local/lib/python3.6/site-packages/airflow/example_dags/example_dag_decorator.py for tasks to queue
[2023-08-08 23:11:03,999] {logging_mixin.py:104} INFO - [2023-08-08 23:11:03,998] {dagbag.py:496} INFO - Filling up the DagBag from /home/airflow/.local/lib/python3.6/site-packages/airflow/example_dags/example_dag_decorator.py
[2023-08-08 23:11:04,046] {scheduler_job.py:643} INFO - DAG(s) dict_keys(['example_dag_decorator']) retrieved from /home/airflow/.local/lib/python3.6/site-packages/airflow/example_dags/example_dag_decorator.py
[2023-08-08 23:11:04,499] {logging_mixin.py:104} INFO - [2023-08-08 23:11:04,499] {dag.py:1833} INFO - Sync 1 DAGs
[2023-08-08 23:11:04,518] {logging_mixin.py:104} INFO - [2023-08-08 23:11:04,518] {dag.py:2306} INFO - Setting next_dagrun for example_dag_decorator to None
[2023-08-08 23:11:04,539] {scheduler_job.py:190} INFO - Processing /home/airflow/.local/lib/python3.6/site-packages/airflow/example_dags/example_dag_decorator.py took 0.557 seconds
[2023-08-08 23:11:37,119] {scheduler_job.py:182} INFO - Started process (PID=6597) to work on /home/airflow/.local/lib/python3.6/site-packages/airflow/example_dags/example_dag_decorator.py
[2023-08-08 23:11:37,130] {scheduler_job.py:633} INFO - Processing file /home/airflow/.local/lib/python3.6/site-packages/airflow/example_dags/example_dag_decorator.py for tasks to queue
[2023-08-08 23:11:37,144] {logging_mixin.py:104} INFO - [2023-08-08 23:11:37,143] {dagbag.py:496} INFO - Filling up the DagBag from /home/airflow/.local/lib/python3.6/site-packages/airflow/example_dags/example_dag_decorator.py
[2023-08-08 23:11:37,236] {scheduler_job.py:643} INFO - DAG(s) dict_keys(['example_dag_decorator']) retrieved from /home/airflow/.local/lib/python3.6/site-packages/airflow/example_dags/example_dag_decorator.py
[2023-08-08 23:11:37,317] {logging_mixin.py:104} INFO - [2023-08-08 23:11:37,316] {dag.py:1833} INFO - Sync 1 DAGs
[2023-08-08 23:11:37,374] {logging_mixin.py:104} INFO - [2023-08-08 23:11:37,373] {dag.py:2306} INFO - Setting next_dagrun for example_dag_decorator to None
[2023-08-08 23:11:37,458] {scheduler_job.py:190} INFO - Processing /home/airflow/.local/lib/python3.6/site-packages/airflow/example_dags/example_dag_decorator.py took 0.365 seconds
[2023-08-08 23:12:10,176] {scheduler_job.py:182} INFO - Started process (PID=6646) to work on /home/airflow/.local/lib/python3.6/site-packages/airflow/example_dags/example_dag_decorator.py
[2023-08-08 23:12:10,188] {scheduler_job.py:633} INFO - Processing file /home/airflow/.local/lib/python3.6/site-packages/airflow/example_dags/example_dag_decorator.py for tasks to queue
[2023-08-08 23:12:10,203] {logging_mixin.py:104} INFO - [2023-08-08 23:12:10,203] {dagbag.py:496} INFO - Filling up the DagBag from /home/airflow/.local/lib/python3.6/site-packages/airflow/example_dags/example_dag_decorator.py
[2023-08-08 23:12:10,450] {scheduler_job.py:643} INFO - DAG(s) dict_keys(['example_dag_decorator']) retrieved from /home/airflow/.local/lib/python3.6/site-packages/airflow/example_dags/example_dag_decorator.py
[2023-08-08 23:12:11,818] {logging_mixin.py:104} INFO - [2023-08-08 23:12:11,817] {dag.py:1833} INFO - Sync 1 DAGs
[2023-08-08 23:12:11,842] {logging_mixin.py:104} INFO - [2023-08-08 23:12:11,842] {dag.py:2306} INFO - Setting next_dagrun for example_dag_decorator to None
[2023-08-08 23:12:11,866] {scheduler_job.py:190} INFO - Processing /home/airflow/.local/lib/python3.6/site-packages/airflow/example_dags/example_dag_decorator.py took 1.706 seconds
[2023-08-08 23:12:42,485] {scheduler_job.py:182} INFO - Started process (PID=6694) to work on /home/airflow/.local/lib/python3.6/site-packages/airflow/example_dags/example_dag_decorator.py
[2023-08-08 23:12:42,501] {scheduler_job.py:633} INFO - Processing file /home/airflow/.local/lib/python3.6/site-packages/airflow/example_dags/example_dag_decorator.py for tasks to queue
[2023-08-08 23:12:42,504] {logging_mixin.py:104} INFO - [2023-08-08 23:12:42,504] {dagbag.py:496} INFO - Filling up the DagBag from /home/airflow/.local/lib/python3.6/site-packages/airflow/example_dags/example_dag_decorator.py
[2023-08-08 23:12:42,717] {scheduler_job.py:643} INFO - DAG(s) dict_keys(['example_dag_decorator']) retrieved from /home/airflow/.local/lib/python3.6/site-packages/airflow/example_dags/example_dag_decorator.py
[2023-08-08 23:12:44,304] {logging_mixin.py:104} INFO - [2023-08-08 23:12:44,304] {dag.py:1833} INFO - Sync 1 DAGs
[2023-08-08 23:12:44,373] {logging_mixin.py:104} INFO - [2023-08-08 23:12:44,373] {dag.py:2306} INFO - Setting next_dagrun for example_dag_decorator to None
[2023-08-08 23:12:44,429] {scheduler_job.py:190} INFO - Processing /home/airflow/.local/lib/python3.6/site-packages/airflow/example_dags/example_dag_decorator.py took 1.967 seconds
[2023-08-08 23:13:15,746] {scheduler_job.py:182} INFO - Started process (PID=6739) to work on /home/airflow/.local/lib/python3.6/site-packages/airflow/example_dags/example_dag_decorator.py
[2023-08-08 23:13:15,751] {scheduler_job.py:633} INFO - Processing file /home/airflow/.local/lib/python3.6/site-packages/airflow/example_dags/example_dag_decorator.py for tasks to queue
[2023-08-08 23:13:15,757] {logging_mixin.py:104} INFO - [2023-08-08 23:13:15,756] {dagbag.py:496} INFO - Filling up the DagBag from /home/airflow/.local/lib/python3.6/site-packages/airflow/example_dags/example_dag_decorator.py
[2023-08-08 23:13:15,813] {scheduler_job.py:643} INFO - DAG(s) dict_keys(['example_dag_decorator']) retrieved from /home/airflow/.local/lib/python3.6/site-packages/airflow/example_dags/example_dag_decorator.py
[2023-08-08 23:13:16,441] {logging_mixin.py:104} INFO - [2023-08-08 23:13:16,441] {dag.py:1833} INFO - Sync 1 DAGs
[2023-08-08 23:13:16,460] {logging_mixin.py:104} INFO - [2023-08-08 23:13:16,460] {dag.py:2306} INFO - Setting next_dagrun for example_dag_decorator to None
[2023-08-08 23:13:16,494] {scheduler_job.py:190} INFO - Processing /home/airflow/.local/lib/python3.6/site-packages/airflow/example_dags/example_dag_decorator.py took 0.757 seconds
[2023-08-08 23:13:46,926] {scheduler_job.py:182} INFO - Started process (PID=6790) to work on /home/airflow/.local/lib/python3.6/site-packages/airflow/example_dags/example_dag_decorator.py
[2023-08-08 23:13:46,931] {scheduler_job.py:633} INFO - Processing file /home/airflow/.local/lib/python3.6/site-packages/airflow/example_dags/example_dag_decorator.py for tasks to queue
[2023-08-08 23:13:46,935] {logging_mixin.py:104} INFO - [2023-08-08 23:13:46,934] {dagbag.py:496} INFO - Filling up the DagBag from /home/airflow/.local/lib/python3.6/site-packages/airflow/example_dags/example_dag_decorator.py
[2023-08-08 23:13:47,015] {scheduler_job.py:643} INFO - DAG(s) dict_keys(['example_dag_decorator']) retrieved from /home/airflow/.local/lib/python3.6/site-packages/airflow/example_dags/example_dag_decorator.py
[2023-08-08 23:13:47,754] {logging_mixin.py:104} INFO - [2023-08-08 23:13:47,753] {dag.py:1833} INFO - Sync 1 DAGs
[2023-08-08 23:13:47,787] {logging_mixin.py:104} INFO - [2023-08-08 23:13:47,787] {dag.py:2306} INFO - Setting next_dagrun for example_dag_decorator to None
[2023-08-08 23:13:47,815] {scheduler_job.py:190} INFO - Processing /home/airflow/.local/lib/python3.6/site-packages/airflow/example_dags/example_dag_decorator.py took 0.903 seconds
[2023-08-08 23:14:18,161] {scheduler_job.py:182} INFO - Started process (PID=6842) to work on /home/airflow/.local/lib/python3.6/site-packages/airflow/example_dags/example_dag_decorator.py
[2023-08-08 23:14:18,188] {scheduler_job.py:633} INFO - Processing file /home/airflow/.local/lib/python3.6/site-packages/airflow/example_dags/example_dag_decorator.py for tasks to queue
[2023-08-08 23:14:18,189] {logging_mixin.py:104} INFO - [2023-08-08 23:14:18,189] {dagbag.py:496} INFO - Filling up the DagBag from /home/airflow/.local/lib/python3.6/site-packages/airflow/example_dags/example_dag_decorator.py
[2023-08-08 23:14:18,462] {scheduler_job.py:643} INFO - DAG(s) dict_keys(['example_dag_decorator']) retrieved from /home/airflow/.local/lib/python3.6/site-packages/airflow/example_dags/example_dag_decorator.py
[2023-08-08 23:14:19,752] {logging_mixin.py:104} INFO - [2023-08-08 23:14:19,752] {dag.py:1833} INFO - Sync 1 DAGs
[2023-08-08 23:14:19,788] {logging_mixin.py:104} INFO - [2023-08-08 23:14:19,788] {dag.py:2306} INFO - Setting next_dagrun for example_dag_decorator to None
[2023-08-08 23:14:19,825] {scheduler_job.py:190} INFO - Processing /home/airflow/.local/lib/python3.6/site-packages/airflow/example_dags/example_dag_decorator.py took 1.710 seconds
[2023-08-08 23:14:50,083] {scheduler_job.py:182} INFO - Started process (PID=6892) to work on /home/airflow/.local/lib/python3.6/site-packages/airflow/example_dags/example_dag_decorator.py
[2023-08-08 23:14:50,088] {scheduler_job.py:633} INFO - Processing file /home/airflow/.local/lib/python3.6/site-packages/airflow/example_dags/example_dag_decorator.py for tasks to queue
[2023-08-08 23:14:50,095] {logging_mixin.py:104} INFO - [2023-08-08 23:14:50,095] {dagbag.py:496} INFO - Filling up the DagBag from /home/airflow/.local/lib/python3.6/site-packages/airflow/example_dags/example_dag_decorator.py
[2023-08-08 23:14:50,467] {scheduler_job.py:643} INFO - DAG(s) dict_keys(['example_dag_decorator']) retrieved from /home/airflow/.local/lib/python3.6/site-packages/airflow/example_dags/example_dag_decorator.py
[2023-08-08 23:14:52,497] {logging_mixin.py:104} INFO - [2023-08-08 23:14:52,497] {dag.py:1833} INFO - Sync 1 DAGs
[2023-08-08 23:14:52,587] {logging_mixin.py:104} INFO - [2023-08-08 23:14:52,586] {dag.py:2306} INFO - Setting next_dagrun for example_dag_decorator to None
[2023-08-08 23:14:52,694] {scheduler_job.py:190} INFO - Processing /home/airflow/.local/lib/python3.6/site-packages/airflow/example_dags/example_dag_decorator.py took 2.637 seconds
[2023-08-08 23:15:23,321] {scheduler_job.py:182} INFO - Started process (PID=6942) to work on /home/airflow/.local/lib/python3.6/site-packages/airflow/example_dags/example_dag_decorator.py
[2023-08-08 23:15:23,335] {scheduler_job.py:633} INFO - Processing file /home/airflow/.local/lib/python3.6/site-packages/airflow/example_dags/example_dag_decorator.py for tasks to queue
[2023-08-08 23:15:23,339] {logging_mixin.py:104} INFO - [2023-08-08 23:15:23,338] {dagbag.py:496} INFO - Filling up the DagBag from /home/airflow/.local/lib/python3.6/site-packages/airflow/example_dags/example_dag_decorator.py
[2023-08-08 23:15:23,407] {scheduler_job.py:643} INFO - DAG(s) dict_keys(['example_dag_decorator']) retrieved from /home/airflow/.local/lib/python3.6/site-packages/airflow/example_dags/example_dag_decorator.py
[2023-08-08 23:15:24,139] {logging_mixin.py:104} INFO - [2023-08-08 23:15:24,138] {dag.py:1833} INFO - Sync 1 DAGs
[2023-08-08 23:15:24,166] {logging_mixin.py:104} INFO - [2023-08-08 23:15:24,166] {dag.py:2306} INFO - Setting next_dagrun for example_dag_decorator to None
[2023-08-08 23:15:24,203] {scheduler_job.py:190} INFO - Processing /home/airflow/.local/lib/python3.6/site-packages/airflow/example_dags/example_dag_decorator.py took 0.893 seconds
[2023-08-08 23:15:54,503] {scheduler_job.py:182} INFO - Started process (PID=6995) to work on /home/airflow/.local/lib/python3.6/site-packages/airflow/example_dags/example_dag_decorator.py
[2023-08-08 23:15:54,507] {scheduler_job.py:633} INFO - Processing file /home/airflow/.local/lib/python3.6/site-packages/airflow/example_dags/example_dag_decorator.py for tasks to queue
[2023-08-08 23:15:54,509] {logging_mixin.py:104} INFO - [2023-08-08 23:15:54,509] {dagbag.py:496} INFO - Filling up the DagBag from /home/airflow/.local/lib/python3.6/site-packages/airflow/example_dags/example_dag_decorator.py
[2023-08-08 23:15:54,563] {scheduler_job.py:643} INFO - DAG(s) dict_keys(['example_dag_decorator']) retrieved from /home/airflow/.local/lib/python3.6/site-packages/airflow/example_dags/example_dag_decorator.py
[2023-08-08 23:15:55,116] {logging_mixin.py:104} INFO - [2023-08-08 23:15:55,116] {dag.py:1833} INFO - Sync 1 DAGs
[2023-08-08 23:15:55,143] {logging_mixin.py:104} INFO - [2023-08-08 23:15:55,143] {dag.py:2306} INFO - Setting next_dagrun for example_dag_decorator to None
[2023-08-08 23:15:55,175] {scheduler_job.py:190} INFO - Processing /home/airflow/.local/lib/python3.6/site-packages/airflow/example_dags/example_dag_decorator.py took 0.679 seconds
[2023-08-08 23:16:27,057] {scheduler_job.py:182} INFO - Started process (PID=7044) to work on /home/airflow/.local/lib/python3.6/site-packages/airflow/example_dags/example_dag_decorator.py
[2023-08-08 23:16:27,072] {scheduler_job.py:633} INFO - Processing file /home/airflow/.local/lib/python3.6/site-packages/airflow/example_dags/example_dag_decorator.py for tasks to queue
[2023-08-08 23:16:27,086] {logging_mixin.py:104} INFO - [2023-08-08 23:16:27,086] {dagbag.py:496} INFO - Filling up the DagBag from /home/airflow/.local/lib/python3.6/site-packages/airflow/example_dags/example_dag_decorator.py
[2023-08-08 23:16:27,330] {scheduler_job.py:643} INFO - DAG(s) dict_keys(['example_dag_decorator']) retrieved from /home/airflow/.local/lib/python3.6/site-packages/airflow/example_dags/example_dag_decorator.py
[2023-08-08 23:16:28,964] {logging_mixin.py:104} INFO - [2023-08-08 23:16:28,964] {dag.py:1833} INFO - Sync 1 DAGs
[2023-08-08 23:16:29,005] {logging_mixin.py:104} INFO - [2023-08-08 23:16:29,005] {dag.py:2306} INFO - Setting next_dagrun for example_dag_decorator to None
[2023-08-08 23:16:29,084] {scheduler_job.py:190} INFO - Processing /home/airflow/.local/lib/python3.6/site-packages/airflow/example_dags/example_dag_decorator.py took 2.047 seconds
[2023-08-08 23:16:59,391] {scheduler_job.py:182} INFO - Started process (PID=7094) to work on /home/airflow/.local/lib/python3.6/site-packages/airflow/example_dags/example_dag_decorator.py
[2023-08-08 23:16:59,398] {scheduler_job.py:633} INFO - Processing file /home/airflow/.local/lib/python3.6/site-packages/airflow/example_dags/example_dag_decorator.py for tasks to queue
[2023-08-08 23:16:59,406] {logging_mixin.py:104} INFO - [2023-08-08 23:16:59,406] {dagbag.py:496} INFO - Filling up the DagBag from /home/airflow/.local/lib/python3.6/site-packages/airflow/example_dags/example_dag_decorator.py
[2023-08-08 23:16:59,527] {scheduler_job.py:643} INFO - DAG(s) dict_keys(['example_dag_decorator']) retrieved from /home/airflow/.local/lib/python3.6/site-packages/airflow/example_dags/example_dag_decorator.py
[2023-08-08 23:17:01,216] {logging_mixin.py:104} INFO - [2023-08-08 23:17:01,215] {dag.py:1833} INFO - Sync 1 DAGs
[2023-08-08 23:17:01,259] {logging_mixin.py:104} INFO - [2023-08-08 23:17:01,259] {dag.py:2306} INFO - Setting next_dagrun for example_dag_decorator to None
[2023-08-08 23:17:01,330] {scheduler_job.py:190} INFO - Processing /home/airflow/.local/lib/python3.6/site-packages/airflow/example_dags/example_dag_decorator.py took 1.953 seconds
[2023-08-08 23:17:31,515] {scheduler_job.py:182} INFO - Started process (PID=7136) to work on /home/airflow/.local/lib/python3.6/site-packages/airflow/example_dags/example_dag_decorator.py
[2023-08-08 23:17:31,518] {scheduler_job.py:633} INFO - Processing file /home/airflow/.local/lib/python3.6/site-packages/airflow/example_dags/example_dag_decorator.py for tasks to queue
[2023-08-08 23:17:31,521] {logging_mixin.py:104} INFO - [2023-08-08 23:17:31,520] {dagbag.py:496} INFO - Filling up the DagBag from /home/airflow/.local/lib/python3.6/site-packages/airflow/example_dags/example_dag_decorator.py
[2023-08-08 23:17:31,633] {scheduler_job.py:643} INFO - DAG(s) dict_keys(['example_dag_decorator']) retrieved from /home/airflow/.local/lib/python3.6/site-packages/airflow/example_dags/example_dag_decorator.py
[2023-08-08 23:17:32,855] {logging_mixin.py:104} INFO - [2023-08-08 23:17:32,855] {dag.py:1833} INFO - Sync 1 DAGs
[2023-08-08 23:17:32,899] {logging_mixin.py:104} INFO - [2023-08-08 23:17:32,899] {dag.py:2306} INFO - Setting next_dagrun for example_dag_decorator to None
[2023-08-08 23:17:32,937] {scheduler_job.py:190} INFO - Processing /home/airflow/.local/lib/python3.6/site-packages/airflow/example_dags/example_dag_decorator.py took 1.436 seconds
[2023-08-08 23:18:03,340] {scheduler_job.py:182} INFO - Started process (PID=7187) to work on /home/airflow/.local/lib/python3.6/site-packages/airflow/example_dags/example_dag_decorator.py
[2023-08-08 23:18:03,347] {scheduler_job.py:633} INFO - Processing file /home/airflow/.local/lib/python3.6/site-packages/airflow/example_dags/example_dag_decorator.py for tasks to queue
[2023-08-08 23:18:03,353] {logging_mixin.py:104} INFO - [2023-08-08 23:18:03,353] {dagbag.py:496} INFO - Filling up the DagBag from /home/airflow/.local/lib/python3.6/site-packages/airflow/example_dags/example_dag_decorator.py
[2023-08-08 23:18:03,424] {scheduler_job.py:643} INFO - DAG(s) dict_keys(['example_dag_decorator']) retrieved from /home/airflow/.local/lib/python3.6/site-packages/airflow/example_dags/example_dag_decorator.py
[2023-08-08 23:18:04,400] {logging_mixin.py:104} INFO - [2023-08-08 23:18:04,400] {dag.py:1833} INFO - Sync 1 DAGs
[2023-08-08 23:18:04,446] {logging_mixin.py:104} INFO - [2023-08-08 23:18:04,446] {dag.py:2306} INFO - Setting next_dagrun for example_dag_decorator to None
[2023-08-08 23:18:04,482] {scheduler_job.py:190} INFO - Processing /home/airflow/.local/lib/python3.6/site-packages/airflow/example_dags/example_dag_decorator.py took 1.156 seconds
[2023-08-08 23:18:34,822] {scheduler_job.py:182} INFO - Started process (PID=7237) to work on /home/airflow/.local/lib/python3.6/site-packages/airflow/example_dags/example_dag_decorator.py
[2023-08-08 23:18:34,825] {scheduler_job.py:633} INFO - Processing file /home/airflow/.local/lib/python3.6/site-packages/airflow/example_dags/example_dag_decorator.py for tasks to queue
[2023-08-08 23:18:34,837] {logging_mixin.py:104} INFO - [2023-08-08 23:18:34,834] {dagbag.py:496} INFO - Filling up the DagBag from /home/airflow/.local/lib/python3.6/site-packages/airflow/example_dags/example_dag_decorator.py
[2023-08-08 23:18:35,120] {scheduler_job.py:643} INFO - DAG(s) dict_keys(['example_dag_decorator']) retrieved from /home/airflow/.local/lib/python3.6/site-packages/airflow/example_dags/example_dag_decorator.py
[2023-08-08 23:18:37,652] {logging_mixin.py:104} INFO - [2023-08-08 23:18:37,651] {dag.py:1833} INFO - Sync 1 DAGs
[2023-08-08 23:18:37,717] {logging_mixin.py:104} INFO - [2023-08-08 23:18:37,716] {dag.py:2306} INFO - Setting next_dagrun for example_dag_decorator to None
[2023-08-08 23:18:37,805] {scheduler_job.py:190} INFO - Processing /home/airflow/.local/lib/python3.6/site-packages/airflow/example_dags/example_dag_decorator.py took 2.996 seconds
[2023-08-08 23:19:08,422] {scheduler_job.py:182} INFO - Started process (PID=7294) to work on /home/airflow/.local/lib/python3.6/site-packages/airflow/example_dags/example_dag_decorator.py
[2023-08-08 23:19:08,438] {scheduler_job.py:633} INFO - Processing file /home/airflow/.local/lib/python3.6/site-packages/airflow/example_dags/example_dag_decorator.py for tasks to queue
[2023-08-08 23:19:08,445] {logging_mixin.py:104} INFO - [2023-08-08 23:19:08,445] {dagbag.py:496} INFO - Filling up the DagBag from /home/airflow/.local/lib/python3.6/site-packages/airflow/example_dags/example_dag_decorator.py
[2023-08-08 23:19:08,661] {scheduler_job.py:643} INFO - DAG(s) dict_keys(['example_dag_decorator']) retrieved from /home/airflow/.local/lib/python3.6/site-packages/airflow/example_dags/example_dag_decorator.py
[2023-08-08 23:19:10,392] {logging_mixin.py:104} INFO - [2023-08-08 23:19:10,392] {dag.py:1833} INFO - Sync 1 DAGs
[2023-08-08 23:19:10,443] {logging_mixin.py:104} INFO - [2023-08-08 23:19:10,442] {dag.py:2306} INFO - Setting next_dagrun for example_dag_decorator to None
[2023-08-08 23:19:10,525] {scheduler_job.py:190} INFO - Processing /home/airflow/.local/lib/python3.6/site-packages/airflow/example_dags/example_dag_decorator.py took 2.140 seconds
[2023-08-08 23:19:41,534] {scheduler_job.py:182} INFO - Started process (PID=7339) to work on /home/airflow/.local/lib/python3.6/site-packages/airflow/example_dags/example_dag_decorator.py
[2023-08-08 23:19:41,537] {scheduler_job.py:633} INFO - Processing file /home/airflow/.local/lib/python3.6/site-packages/airflow/example_dags/example_dag_decorator.py for tasks to queue
[2023-08-08 23:19:41,538] {logging_mixin.py:104} INFO - [2023-08-08 23:19:41,538] {dagbag.py:496} INFO - Filling up the DagBag from /home/airflow/.local/lib/python3.6/site-packages/airflow/example_dags/example_dag_decorator.py
[2023-08-08 23:19:41,584] {scheduler_job.py:643} INFO - DAG(s) dict_keys(['example_dag_decorator']) retrieved from /home/airflow/.local/lib/python3.6/site-packages/airflow/example_dags/example_dag_decorator.py
[2023-08-08 23:19:42,050] {logging_mixin.py:104} INFO - [2023-08-08 23:19:42,049] {dag.py:1833} INFO - Sync 1 DAGs
[2023-08-08 23:19:42,074] {logging_mixin.py:104} INFO - [2023-08-08 23:19:42,074] {dag.py:2306} INFO - Setting next_dagrun for example_dag_decorator to None
[2023-08-08 23:19:42,096] {scheduler_job.py:190} INFO - Processing /home/airflow/.local/lib/python3.6/site-packages/airflow/example_dags/example_dag_decorator.py took 0.568 seconds
