[2023-08-08 22:59:51,804] {scheduler_job.py:182} INFO - Started process (PID=5442) to work on /home/airflow/.local/lib/python3.6/site-packages/airflow/example_dags/example_trigger_target_dag.py
[2023-08-08 22:59:51,813] {scheduler_job.py:633} INFO - Processing file /home/airflow/.local/lib/python3.6/site-packages/airflow/example_dags/example_trigger_target_dag.py for tasks to queue
[2023-08-08 22:59:51,826] {logging_mixin.py:104} INFO - [2023-08-08 22:59:51,826] {dagbag.py:496} INFO - Filling up the DagBag from /home/airflow/.local/lib/python3.6/site-packages/airflow/example_dags/example_trigger_target_dag.py
[2023-08-08 22:59:51,920] {scheduler_job.py:643} INFO - DAG(s) dict_keys(['example_trigger_target_dag']) retrieved from /home/airflow/.local/lib/python3.6/site-packages/airflow/example_dags/example_trigger_target_dag.py
[2023-08-08 22:59:52,827] {logging_mixin.py:104} INFO - [2023-08-08 22:59:52,827] {dag.py:1833} INFO - Sync 1 DAGs
[2023-08-08 22:59:52,880] {logging_mixin.py:104} INFO - [2023-08-08 22:59:52,879] {dag.py:2306} INFO - Setting next_dagrun for example_trigger_target_dag to None
[2023-08-08 22:59:52,917] {scheduler_job.py:190} INFO - Processing /home/airflow/.local/lib/python3.6/site-packages/airflow/example_dags/example_trigger_target_dag.py took 1.141 seconds
[2023-08-08 23:00:23,550] {scheduler_job.py:182} INFO - Started process (PID=5493) to work on /home/airflow/.local/lib/python3.6/site-packages/airflow/example_dags/example_trigger_target_dag.py
[2023-08-08 23:00:23,557] {scheduler_job.py:633} INFO - Processing file /home/airflow/.local/lib/python3.6/site-packages/airflow/example_dags/example_trigger_target_dag.py for tasks to queue
[2023-08-08 23:00:23,560] {logging_mixin.py:104} INFO - [2023-08-08 23:00:23,559] {dagbag.py:496} INFO - Filling up the DagBag from /home/airflow/.local/lib/python3.6/site-packages/airflow/example_dags/example_trigger_target_dag.py
[2023-08-08 23:00:23,631] {scheduler_job.py:643} INFO - DAG(s) dict_keys(['example_trigger_target_dag']) retrieved from /home/airflow/.local/lib/python3.6/site-packages/airflow/example_dags/example_trigger_target_dag.py
[2023-08-08 23:00:23,737] {logging_mixin.py:104} INFO - [2023-08-08 23:00:23,737] {dag.py:1833} INFO - Sync 1 DAGs
[2023-08-08 23:00:23,780] {logging_mixin.py:104} INFO - [2023-08-08 23:00:23,780] {dag.py:2306} INFO - Setting next_dagrun for example_trigger_target_dag to None
[2023-08-08 23:00:23,820] {scheduler_job.py:190} INFO - Processing /home/airflow/.local/lib/python3.6/site-packages/airflow/example_dags/example_trigger_target_dag.py took 0.276 seconds
[2023-08-08 23:00:54,607] {scheduler_job.py:182} INFO - Started process (PID=5546) to work on /home/airflow/.local/lib/python3.6/site-packages/airflow/example_dags/example_trigger_target_dag.py
[2023-08-08 23:00:54,612] {scheduler_job.py:633} INFO - Processing file /home/airflow/.local/lib/python3.6/site-packages/airflow/example_dags/example_trigger_target_dag.py for tasks to queue
[2023-08-08 23:00:54,618] {logging_mixin.py:104} INFO - [2023-08-08 23:00:54,617] {dagbag.py:496} INFO - Filling up the DagBag from /home/airflow/.local/lib/python3.6/site-packages/airflow/example_dags/example_trigger_target_dag.py
[2023-08-08 23:00:54,649] {scheduler_job.py:643} INFO - DAG(s) dict_keys(['example_trigger_target_dag']) retrieved from /home/airflow/.local/lib/python3.6/site-packages/airflow/example_dags/example_trigger_target_dag.py
[2023-08-08 23:00:54,701] {logging_mixin.py:104} INFO - [2023-08-08 23:00:54,701] {dag.py:1833} INFO - Sync 1 DAGs
[2023-08-08 23:00:54,722] {logging_mixin.py:104} INFO - [2023-08-08 23:00:54,721] {dag.py:2306} INFO - Setting next_dagrun for example_trigger_target_dag to None
[2023-08-08 23:00:54,740] {scheduler_job.py:190} INFO - Processing /home/airflow/.local/lib/python3.6/site-packages/airflow/example_dags/example_trigger_target_dag.py took 0.143 seconds
[2023-08-08 23:01:24,975] {scheduler_job.py:182} INFO - Started process (PID=5595) to work on /home/airflow/.local/lib/python3.6/site-packages/airflow/example_dags/example_trigger_target_dag.py
[2023-08-08 23:01:24,977] {scheduler_job.py:633} INFO - Processing file /home/airflow/.local/lib/python3.6/site-packages/airflow/example_dags/example_trigger_target_dag.py for tasks to queue
[2023-08-08 23:01:24,980] {logging_mixin.py:104} INFO - [2023-08-08 23:01:24,979] {dagbag.py:496} INFO - Filling up the DagBag from /home/airflow/.local/lib/python3.6/site-packages/airflow/example_dags/example_trigger_target_dag.py
[2023-08-08 23:01:25,014] {scheduler_job.py:643} INFO - DAG(s) dict_keys(['example_trigger_target_dag']) retrieved from /home/airflow/.local/lib/python3.6/site-packages/airflow/example_dags/example_trigger_target_dag.py
[2023-08-08 23:01:25,049] {logging_mixin.py:104} INFO - [2023-08-08 23:01:25,049] {dag.py:1833} INFO - Sync 1 DAGs
[2023-08-08 23:01:25,070] {logging_mixin.py:104} INFO - [2023-08-08 23:01:25,069] {dag.py:2306} INFO - Setting next_dagrun for example_trigger_target_dag to None
[2023-08-08 23:01:25,088] {scheduler_job.py:190} INFO - Processing /home/airflow/.local/lib/python3.6/site-packages/airflow/example_dags/example_trigger_target_dag.py took 0.119 seconds
[2023-08-08 23:01:55,444] {scheduler_job.py:182} INFO - Started process (PID=5646) to work on /home/airflow/.local/lib/python3.6/site-packages/airflow/example_dags/example_trigger_target_dag.py
[2023-08-08 23:01:55,447] {scheduler_job.py:633} INFO - Processing file /home/airflow/.local/lib/python3.6/site-packages/airflow/example_dags/example_trigger_target_dag.py for tasks to queue
[2023-08-08 23:01:55,448] {logging_mixin.py:104} INFO - [2023-08-08 23:01:55,448] {dagbag.py:496} INFO - Filling up the DagBag from /home/airflow/.local/lib/python3.6/site-packages/airflow/example_dags/example_trigger_target_dag.py
[2023-08-08 23:01:55,482] {scheduler_job.py:643} INFO - DAG(s) dict_keys(['example_trigger_target_dag']) retrieved from /home/airflow/.local/lib/python3.6/site-packages/airflow/example_dags/example_trigger_target_dag.py
[2023-08-08 23:01:55,517] {logging_mixin.py:104} INFO - [2023-08-08 23:01:55,517] {dag.py:1833} INFO - Sync 1 DAGs
[2023-08-08 23:01:55,537] {logging_mixin.py:104} INFO - [2023-08-08 23:01:55,537] {dag.py:2306} INFO - Setting next_dagrun for example_trigger_target_dag to None
[2023-08-08 23:01:55,557] {scheduler_job.py:190} INFO - Processing /home/airflow/.local/lib/python3.6/site-packages/airflow/example_dags/example_trigger_target_dag.py took 0.119 seconds
[2023-08-08 23:02:26,218] {scheduler_job.py:182} INFO - Started process (PID=5698) to work on /home/airflow/.local/lib/python3.6/site-packages/airflow/example_dags/example_trigger_target_dag.py
[2023-08-08 23:02:26,224] {scheduler_job.py:633} INFO - Processing file /home/airflow/.local/lib/python3.6/site-packages/airflow/example_dags/example_trigger_target_dag.py for tasks to queue
[2023-08-08 23:02:26,227] {logging_mixin.py:104} INFO - [2023-08-08 23:02:26,227] {dagbag.py:496} INFO - Filling up the DagBag from /home/airflow/.local/lib/python3.6/site-packages/airflow/example_dags/example_trigger_target_dag.py
[2023-08-08 23:02:26,252] {scheduler_job.py:643} INFO - DAG(s) dict_keys(['example_trigger_target_dag']) retrieved from /home/airflow/.local/lib/python3.6/site-packages/airflow/example_dags/example_trigger_target_dag.py
[2023-08-08 23:02:26,285] {logging_mixin.py:104} INFO - [2023-08-08 23:02:26,285] {dag.py:1833} INFO - Sync 1 DAGs
[2023-08-08 23:02:26,302] {logging_mixin.py:104} INFO - [2023-08-08 23:02:26,302] {dag.py:2306} INFO - Setting next_dagrun for example_trigger_target_dag to None
[2023-08-08 23:02:26,318] {scheduler_job.py:190} INFO - Processing /home/airflow/.local/lib/python3.6/site-packages/airflow/example_dags/example_trigger_target_dag.py took 0.105 seconds
[2023-08-08 23:02:57,156] {scheduler_job.py:182} INFO - Started process (PID=5749) to work on /home/airflow/.local/lib/python3.6/site-packages/airflow/example_dags/example_trigger_target_dag.py
[2023-08-08 23:02:57,161] {scheduler_job.py:633} INFO - Processing file /home/airflow/.local/lib/python3.6/site-packages/airflow/example_dags/example_trigger_target_dag.py for tasks to queue
[2023-08-08 23:02:57,167] {logging_mixin.py:104} INFO - [2023-08-08 23:02:57,167] {dagbag.py:496} INFO - Filling up the DagBag from /home/airflow/.local/lib/python3.6/site-packages/airflow/example_dags/example_trigger_target_dag.py
[2023-08-08 23:02:57,210] {scheduler_job.py:643} INFO - DAG(s) dict_keys(['example_trigger_target_dag']) retrieved from /home/airflow/.local/lib/python3.6/site-packages/airflow/example_dags/example_trigger_target_dag.py
[2023-08-08 23:02:57,279] {logging_mixin.py:104} INFO - [2023-08-08 23:02:57,279] {dag.py:1833} INFO - Sync 1 DAGs
[2023-08-08 23:02:57,316] {logging_mixin.py:104} INFO - [2023-08-08 23:02:57,315] {dag.py:2306} INFO - Setting next_dagrun for example_trigger_target_dag to None
[2023-08-08 23:02:57,339] {scheduler_job.py:190} INFO - Processing /home/airflow/.local/lib/python3.6/site-packages/airflow/example_dags/example_trigger_target_dag.py took 0.195 seconds
[2023-08-08 23:03:27,449] {scheduler_job.py:182} INFO - Started process (PID=5809) to work on /home/airflow/.local/lib/python3.6/site-packages/airflow/example_dags/example_trigger_target_dag.py
[2023-08-08 23:03:27,453] {scheduler_job.py:633} INFO - Processing file /home/airflow/.local/lib/python3.6/site-packages/airflow/example_dags/example_trigger_target_dag.py for tasks to queue
[2023-08-08 23:03:27,454] {logging_mixin.py:104} INFO - [2023-08-08 23:03:27,454] {dagbag.py:496} INFO - Filling up the DagBag from /home/airflow/.local/lib/python3.6/site-packages/airflow/example_dags/example_trigger_target_dag.py
[2023-08-08 23:03:27,486] {scheduler_job.py:643} INFO - DAG(s) dict_keys(['example_trigger_target_dag']) retrieved from /home/airflow/.local/lib/python3.6/site-packages/airflow/example_dags/example_trigger_target_dag.py
[2023-08-08 23:03:27,523] {logging_mixin.py:104} INFO - [2023-08-08 23:03:27,523] {dag.py:1833} INFO - Sync 1 DAGs
[2023-08-08 23:03:27,551] {logging_mixin.py:104} INFO - [2023-08-08 23:03:27,551] {dag.py:2306} INFO - Setting next_dagrun for example_trigger_target_dag to None
[2023-08-08 23:03:27,573] {scheduler_job.py:190} INFO - Processing /home/airflow/.local/lib/python3.6/site-packages/airflow/example_dags/example_trigger_target_dag.py took 0.130 seconds
[2023-08-08 23:03:57,846] {scheduler_job.py:182} INFO - Started process (PID=5861) to work on /home/airflow/.local/lib/python3.6/site-packages/airflow/example_dags/example_trigger_target_dag.py
[2023-08-08 23:03:57,851] {scheduler_job.py:633} INFO - Processing file /home/airflow/.local/lib/python3.6/site-packages/airflow/example_dags/example_trigger_target_dag.py for tasks to queue
[2023-08-08 23:03:57,854] {logging_mixin.py:104} INFO - [2023-08-08 23:03:57,854] {dagbag.py:496} INFO - Filling up the DagBag from /home/airflow/.local/lib/python3.6/site-packages/airflow/example_dags/example_trigger_target_dag.py
[2023-08-08 23:03:57,889] {scheduler_job.py:643} INFO - DAG(s) dict_keys(['example_trigger_target_dag']) retrieved from /home/airflow/.local/lib/python3.6/site-packages/airflow/example_dags/example_trigger_target_dag.py
[2023-08-08 23:03:57,932] {logging_mixin.py:104} INFO - [2023-08-08 23:03:57,932] {dag.py:1833} INFO - Sync 1 DAGs
[2023-08-08 23:03:57,954] {logging_mixin.py:104} INFO - [2023-08-08 23:03:57,954] {dag.py:2306} INFO - Setting next_dagrun for example_trigger_target_dag to None
[2023-08-08 23:03:57,976] {scheduler_job.py:190} INFO - Processing /home/airflow/.local/lib/python3.6/site-packages/airflow/example_dags/example_trigger_target_dag.py took 0.136 seconds
[2023-08-08 23:04:28,582] {scheduler_job.py:182} INFO - Started process (PID=5911) to work on /home/airflow/.local/lib/python3.6/site-packages/airflow/example_dags/example_trigger_target_dag.py
[2023-08-08 23:04:28,587] {scheduler_job.py:633} INFO - Processing file /home/airflow/.local/lib/python3.6/site-packages/airflow/example_dags/example_trigger_target_dag.py for tasks to queue
[2023-08-08 23:04:28,591] {logging_mixin.py:104} INFO - [2023-08-08 23:04:28,590] {dagbag.py:496} INFO - Filling up the DagBag from /home/airflow/.local/lib/python3.6/site-packages/airflow/example_dags/example_trigger_target_dag.py
[2023-08-08 23:04:28,630] {scheduler_job.py:643} INFO - DAG(s) dict_keys(['example_trigger_target_dag']) retrieved from /home/airflow/.local/lib/python3.6/site-packages/airflow/example_dags/example_trigger_target_dag.py
[2023-08-08 23:04:28,684] {logging_mixin.py:104} INFO - [2023-08-08 23:04:28,683] {dag.py:1833} INFO - Sync 1 DAGs
[2023-08-08 23:04:28,706] {logging_mixin.py:104} INFO - [2023-08-08 23:04:28,705] {dag.py:2306} INFO - Setting next_dagrun for example_trigger_target_dag to None
[2023-08-08 23:04:28,726] {scheduler_job.py:190} INFO - Processing /home/airflow/.local/lib/python3.6/site-packages/airflow/example_dags/example_trigger_target_dag.py took 0.155 seconds
[2023-08-08 23:04:59,429] {scheduler_job.py:182} INFO - Started process (PID=5962) to work on /home/airflow/.local/lib/python3.6/site-packages/airflow/example_dags/example_trigger_target_dag.py
[2023-08-08 23:04:59,439] {scheduler_job.py:633} INFO - Processing file /home/airflow/.local/lib/python3.6/site-packages/airflow/example_dags/example_trigger_target_dag.py for tasks to queue
[2023-08-08 23:04:59,453] {logging_mixin.py:104} INFO - [2023-08-08 23:04:59,453] {dagbag.py:496} INFO - Filling up the DagBag from /home/airflow/.local/lib/python3.6/site-packages/airflow/example_dags/example_trigger_target_dag.py
[2023-08-08 23:04:59,571] {scheduler_job.py:643} INFO - DAG(s) dict_keys(['example_trigger_target_dag']) retrieved from /home/airflow/.local/lib/python3.6/site-packages/airflow/example_dags/example_trigger_target_dag.py
[2023-08-08 23:04:59,697] {logging_mixin.py:104} INFO - [2023-08-08 23:04:59,697] {dag.py:1833} INFO - Sync 1 DAGs
[2023-08-08 23:04:59,798] {logging_mixin.py:104} INFO - [2023-08-08 23:04:59,798] {dag.py:2306} INFO - Setting next_dagrun for example_trigger_target_dag to None
[2023-08-08 23:04:59,881] {scheduler_job.py:190} INFO - Processing /home/airflow/.local/lib/python3.6/site-packages/airflow/example_dags/example_trigger_target_dag.py took 0.470 seconds
[2023-08-08 23:05:30,328] {scheduler_job.py:182} INFO - Started process (PID=6013) to work on /home/airflow/.local/lib/python3.6/site-packages/airflow/example_dags/example_trigger_target_dag.py
[2023-08-08 23:05:30,333] {scheduler_job.py:633} INFO - Processing file /home/airflow/.local/lib/python3.6/site-packages/airflow/example_dags/example_trigger_target_dag.py for tasks to queue
[2023-08-08 23:05:30,335] {logging_mixin.py:104} INFO - [2023-08-08 23:05:30,335] {dagbag.py:496} INFO - Filling up the DagBag from /home/airflow/.local/lib/python3.6/site-packages/airflow/example_dags/example_trigger_target_dag.py
[2023-08-08 23:05:30,368] {scheduler_job.py:643} INFO - DAG(s) dict_keys(['example_trigger_target_dag']) retrieved from /home/airflow/.local/lib/python3.6/site-packages/airflow/example_dags/example_trigger_target_dag.py
[2023-08-08 23:05:30,415] {logging_mixin.py:104} INFO - [2023-08-08 23:05:30,415] {dag.py:1833} INFO - Sync 1 DAGs
[2023-08-08 23:05:30,435] {logging_mixin.py:104} INFO - [2023-08-08 23:05:30,435] {dag.py:2306} INFO - Setting next_dagrun for example_trigger_target_dag to None
[2023-08-08 23:05:30,455] {scheduler_job.py:190} INFO - Processing /home/airflow/.local/lib/python3.6/site-packages/airflow/example_dags/example_trigger_target_dag.py took 0.133 seconds
[2023-08-08 23:06:00,639] {scheduler_job.py:182} INFO - Started process (PID=6062) to work on /home/airflow/.local/lib/python3.6/site-packages/airflow/example_dags/example_trigger_target_dag.py
[2023-08-08 23:06:00,654] {scheduler_job.py:633} INFO - Processing file /home/airflow/.local/lib/python3.6/site-packages/airflow/example_dags/example_trigger_target_dag.py for tasks to queue
[2023-08-08 23:06:00,658] {logging_mixin.py:104} INFO - [2023-08-08 23:06:00,658] {dagbag.py:496} INFO - Filling up the DagBag from /home/airflow/.local/lib/python3.6/site-packages/airflow/example_dags/example_trigger_target_dag.py
[2023-08-08 23:06:00,792] {scheduler_job.py:643} INFO - DAG(s) dict_keys(['example_trigger_target_dag']) retrieved from /home/airflow/.local/lib/python3.6/site-packages/airflow/example_dags/example_trigger_target_dag.py
[2023-08-08 23:06:00,958] {logging_mixin.py:104} INFO - [2023-08-08 23:06:00,957] {dag.py:1833} INFO - Sync 1 DAGs
[2023-08-08 23:06:01,014] {logging_mixin.py:104} INFO - [2023-08-08 23:06:01,014] {dag.py:2306} INFO - Setting next_dagrun for example_trigger_target_dag to None
[2023-08-08 23:06:01,065] {scheduler_job.py:190} INFO - Processing /home/airflow/.local/lib/python3.6/site-packages/airflow/example_dags/example_trigger_target_dag.py took 0.453 seconds
[2023-08-08 23:06:31,145] {scheduler_job.py:182} INFO - Started process (PID=6104) to work on /home/airflow/.local/lib/python3.6/site-packages/airflow/example_dags/example_trigger_target_dag.py
[2023-08-08 23:06:31,151] {scheduler_job.py:633} INFO - Processing file /home/airflow/.local/lib/python3.6/site-packages/airflow/example_dags/example_trigger_target_dag.py for tasks to queue
[2023-08-08 23:06:31,154] {logging_mixin.py:104} INFO - [2023-08-08 23:06:31,153] {dagbag.py:496} INFO - Filling up the DagBag from /home/airflow/.local/lib/python3.6/site-packages/airflow/example_dags/example_trigger_target_dag.py
[2023-08-08 23:06:31,191] {scheduler_job.py:643} INFO - DAG(s) dict_keys(['example_trigger_target_dag']) retrieved from /home/airflow/.local/lib/python3.6/site-packages/airflow/example_dags/example_trigger_target_dag.py
[2023-08-08 23:06:31,253] {logging_mixin.py:104} INFO - [2023-08-08 23:06:31,253] {dag.py:1833} INFO - Sync 1 DAGs
[2023-08-08 23:06:31,285] {logging_mixin.py:104} INFO - [2023-08-08 23:06:31,284] {dag.py:2306} INFO - Setting next_dagrun for example_trigger_target_dag to None
[2023-08-08 23:06:31,308] {scheduler_job.py:190} INFO - Processing /home/airflow/.local/lib/python3.6/site-packages/airflow/example_dags/example_trigger_target_dag.py took 0.168 seconds
[2023-08-08 23:07:02,465] {scheduler_job.py:182} INFO - Started process (PID=6155) to work on /home/airflow/.local/lib/python3.6/site-packages/airflow/example_dags/example_trigger_target_dag.py
[2023-08-08 23:07:02,504] {scheduler_job.py:633} INFO - Processing file /home/airflow/.local/lib/python3.6/site-packages/airflow/example_dags/example_trigger_target_dag.py for tasks to queue
[2023-08-08 23:07:02,510] {logging_mixin.py:104} INFO - [2023-08-08 23:07:02,509] {dagbag.py:496} INFO - Filling up the DagBag from /home/airflow/.local/lib/python3.6/site-packages/airflow/example_dags/example_trigger_target_dag.py
[2023-08-08 23:07:02,726] {scheduler_job.py:643} INFO - DAG(s) dict_keys(['example_trigger_target_dag']) retrieved from /home/airflow/.local/lib/python3.6/site-packages/airflow/example_dags/example_trigger_target_dag.py
[2023-08-08 23:07:02,957] {logging_mixin.py:104} INFO - [2023-08-08 23:07:02,956] {dag.py:1833} INFO - Sync 1 DAGs
[2023-08-08 23:07:03,047] {logging_mixin.py:104} INFO - [2023-08-08 23:07:03,046] {dag.py:2306} INFO - Setting next_dagrun for example_trigger_target_dag to None
[2023-08-08 23:07:03,124] {scheduler_job.py:190} INFO - Processing /home/airflow/.local/lib/python3.6/site-packages/airflow/example_dags/example_trigger_target_dag.py took 0.693 seconds
[2023-08-08 23:07:33,443] {scheduler_job.py:182} INFO - Started process (PID=6205) to work on /home/airflow/.local/lib/python3.6/site-packages/airflow/example_dags/example_trigger_target_dag.py
[2023-08-08 23:07:33,451] {scheduler_job.py:633} INFO - Processing file /home/airflow/.local/lib/python3.6/site-packages/airflow/example_dags/example_trigger_target_dag.py for tasks to queue
[2023-08-08 23:07:33,460] {logging_mixin.py:104} INFO - [2023-08-08 23:07:33,459] {dagbag.py:496} INFO - Filling up the DagBag from /home/airflow/.local/lib/python3.6/site-packages/airflow/example_dags/example_trigger_target_dag.py
[2023-08-08 23:07:33,509] {scheduler_job.py:643} INFO - DAG(s) dict_keys(['example_trigger_target_dag']) retrieved from /home/airflow/.local/lib/python3.6/site-packages/airflow/example_dags/example_trigger_target_dag.py
[2023-08-08 23:07:33,573] {logging_mixin.py:104} INFO - [2023-08-08 23:07:33,572] {dag.py:1833} INFO - Sync 1 DAGs
[2023-08-08 23:07:33,602] {logging_mixin.py:104} INFO - [2023-08-08 23:07:33,601] {dag.py:2306} INFO - Setting next_dagrun for example_trigger_target_dag to None
[2023-08-08 23:07:33,650] {scheduler_job.py:190} INFO - Processing /home/airflow/.local/lib/python3.6/site-packages/airflow/example_dags/example_trigger_target_dag.py took 0.239 seconds
[2023-08-08 23:08:03,941] {scheduler_job.py:182} INFO - Started process (PID=6255) to work on /home/airflow/.local/lib/python3.6/site-packages/airflow/example_dags/example_trigger_target_dag.py
[2023-08-08 23:08:03,951] {scheduler_job.py:633} INFO - Processing file /home/airflow/.local/lib/python3.6/site-packages/airflow/example_dags/example_trigger_target_dag.py for tasks to queue
[2023-08-08 23:08:03,959] {logging_mixin.py:104} INFO - [2023-08-08 23:08:03,958] {dagbag.py:496} INFO - Filling up the DagBag from /home/airflow/.local/lib/python3.6/site-packages/airflow/example_dags/example_trigger_target_dag.py
[2023-08-08 23:08:04,017] {scheduler_job.py:643} INFO - DAG(s) dict_keys(['example_trigger_target_dag']) retrieved from /home/airflow/.local/lib/python3.6/site-packages/airflow/example_dags/example_trigger_target_dag.py
[2023-08-08 23:08:04,088] {logging_mixin.py:104} INFO - [2023-08-08 23:08:04,088] {dag.py:1833} INFO - Sync 1 DAGs
[2023-08-08 23:08:04,127] {logging_mixin.py:104} INFO - [2023-08-08 23:08:04,127] {dag.py:2306} INFO - Setting next_dagrun for example_trigger_target_dag to None
[2023-08-08 23:08:04,166] {scheduler_job.py:190} INFO - Processing /home/airflow/.local/lib/python3.6/site-packages/airflow/example_dags/example_trigger_target_dag.py took 0.247 seconds
[2023-08-08 23:08:34,400] {scheduler_job.py:182} INFO - Started process (PID=6307) to work on /home/airflow/.local/lib/python3.6/site-packages/airflow/example_dags/example_trigger_target_dag.py
[2023-08-08 23:08:34,417] {scheduler_job.py:633} INFO - Processing file /home/airflow/.local/lib/python3.6/site-packages/airflow/example_dags/example_trigger_target_dag.py for tasks to queue
[2023-08-08 23:08:34,432] {logging_mixin.py:104} INFO - [2023-08-08 23:08:34,432] {dagbag.py:496} INFO - Filling up the DagBag from /home/airflow/.local/lib/python3.6/site-packages/airflow/example_dags/example_trigger_target_dag.py
[2023-08-08 23:08:34,534] {scheduler_job.py:643} INFO - DAG(s) dict_keys(['example_trigger_target_dag']) retrieved from /home/airflow/.local/lib/python3.6/site-packages/airflow/example_dags/example_trigger_target_dag.py
[2023-08-08 23:08:34,578] {logging_mixin.py:104} INFO - [2023-08-08 23:08:34,578] {dag.py:1833} INFO - Sync 1 DAGs
[2023-08-08 23:08:34,618] {logging_mixin.py:104} INFO - [2023-08-08 23:08:34,617] {dag.py:2306} INFO - Setting next_dagrun for example_trigger_target_dag to None
[2023-08-08 23:08:34,643] {scheduler_job.py:190} INFO - Processing /home/airflow/.local/lib/python3.6/site-packages/airflow/example_dags/example_trigger_target_dag.py took 0.273 seconds
[2023-08-08 23:09:05,000] {scheduler_job.py:182} INFO - Started process (PID=6357) to work on /home/airflow/.local/lib/python3.6/site-packages/airflow/example_dags/example_trigger_target_dag.py
[2023-08-08 23:09:05,009] {scheduler_job.py:633} INFO - Processing file /home/airflow/.local/lib/python3.6/site-packages/airflow/example_dags/example_trigger_target_dag.py for tasks to queue
[2023-08-08 23:09:05,033] {logging_mixin.py:104} INFO - [2023-08-08 23:09:05,030] {dagbag.py:496} INFO - Filling up the DagBag from /home/airflow/.local/lib/python3.6/site-packages/airflow/example_dags/example_trigger_target_dag.py
[2023-08-08 23:09:05,121] {scheduler_job.py:643} INFO - DAG(s) dict_keys(['example_trigger_target_dag']) retrieved from /home/airflow/.local/lib/python3.6/site-packages/airflow/example_dags/example_trigger_target_dag.py
[2023-08-08 23:09:05,212] {logging_mixin.py:104} INFO - [2023-08-08 23:09:05,212] {dag.py:1833} INFO - Sync 1 DAGs
[2023-08-08 23:09:05,355] {logging_mixin.py:104} INFO - [2023-08-08 23:09:05,355] {dag.py:2306} INFO - Setting next_dagrun for example_trigger_target_dag to None
[2023-08-08 23:09:05,411] {scheduler_job.py:190} INFO - Processing /home/airflow/.local/lib/python3.6/site-packages/airflow/example_dags/example_trigger_target_dag.py took 0.449 seconds
[2023-08-08 23:09:35,509] {scheduler_job.py:182} INFO - Started process (PID=6398) to work on /home/airflow/.local/lib/python3.6/site-packages/airflow/example_dags/example_trigger_target_dag.py
[2023-08-08 23:09:35,514] {scheduler_job.py:633} INFO - Processing file /home/airflow/.local/lib/python3.6/site-packages/airflow/example_dags/example_trigger_target_dag.py for tasks to queue
[2023-08-08 23:09:35,517] {logging_mixin.py:104} INFO - [2023-08-08 23:09:35,516] {dagbag.py:496} INFO - Filling up the DagBag from /home/airflow/.local/lib/python3.6/site-packages/airflow/example_dags/example_trigger_target_dag.py
[2023-08-08 23:09:35,560] {scheduler_job.py:643} INFO - DAG(s) dict_keys(['example_trigger_target_dag']) retrieved from /home/airflow/.local/lib/python3.6/site-packages/airflow/example_dags/example_trigger_target_dag.py
[2023-08-08 23:09:35,608] {logging_mixin.py:104} INFO - [2023-08-08 23:09:35,608] {dag.py:1833} INFO - Sync 1 DAGs
[2023-08-08 23:09:35,637] {logging_mixin.py:104} INFO - [2023-08-08 23:09:35,637] {dag.py:2306} INFO - Setting next_dagrun for example_trigger_target_dag to None
[2023-08-08 23:09:35,673] {scheduler_job.py:190} INFO - Processing /home/airflow/.local/lib/python3.6/site-packages/airflow/example_dags/example_trigger_target_dag.py took 0.174 seconds
[2023-08-08 23:10:06,525] {scheduler_job.py:182} INFO - Started process (PID=6450) to work on /home/airflow/.local/lib/python3.6/site-packages/airflow/example_dags/example_trigger_target_dag.py
[2023-08-08 23:10:06,531] {scheduler_job.py:633} INFO - Processing file /home/airflow/.local/lib/python3.6/site-packages/airflow/example_dags/example_trigger_target_dag.py for tasks to queue
[2023-08-08 23:10:06,535] {logging_mixin.py:104} INFO - [2023-08-08 23:10:06,534] {dagbag.py:496} INFO - Filling up the DagBag from /home/airflow/.local/lib/python3.6/site-packages/airflow/example_dags/example_trigger_target_dag.py
[2023-08-08 23:10:06,580] {scheduler_job.py:643} INFO - DAG(s) dict_keys(['example_trigger_target_dag']) retrieved from /home/airflow/.local/lib/python3.6/site-packages/airflow/example_dags/example_trigger_target_dag.py
[2023-08-08 23:10:06,644] {logging_mixin.py:104} INFO - [2023-08-08 23:10:06,643] {dag.py:1833} INFO - Sync 1 DAGs
[2023-08-08 23:10:06,678] {logging_mixin.py:104} INFO - [2023-08-08 23:10:06,678] {dag.py:2306} INFO - Setting next_dagrun for example_trigger_target_dag to None
[2023-08-08 23:10:06,703] {scheduler_job.py:190} INFO - Processing /home/airflow/.local/lib/python3.6/site-packages/airflow/example_dags/example_trigger_target_dag.py took 0.194 seconds
[2023-08-08 23:10:36,950] {scheduler_job.py:182} INFO - Started process (PID=6501) to work on /home/airflow/.local/lib/python3.6/site-packages/airflow/example_dags/example_trigger_target_dag.py
[2023-08-08 23:10:36,954] {scheduler_job.py:633} INFO - Processing file /home/airflow/.local/lib/python3.6/site-packages/airflow/example_dags/example_trigger_target_dag.py for tasks to queue
[2023-08-08 23:10:36,961] {logging_mixin.py:104} INFO - [2023-08-08 23:10:36,960] {dagbag.py:496} INFO - Filling up the DagBag from /home/airflow/.local/lib/python3.6/site-packages/airflow/example_dags/example_trigger_target_dag.py
[2023-08-08 23:10:37,003] {scheduler_job.py:643} INFO - DAG(s) dict_keys(['example_trigger_target_dag']) retrieved from /home/airflow/.local/lib/python3.6/site-packages/airflow/example_dags/example_trigger_target_dag.py
[2023-08-08 23:10:37,040] {logging_mixin.py:104} INFO - [2023-08-08 23:10:37,039] {dag.py:1833} INFO - Sync 1 DAGs
[2023-08-08 23:10:37,068] {logging_mixin.py:104} INFO - [2023-08-08 23:10:37,068] {dag.py:2306} INFO - Setting next_dagrun for example_trigger_target_dag to None
[2023-08-08 23:10:37,089] {scheduler_job.py:190} INFO - Processing /home/airflow/.local/lib/python3.6/site-packages/airflow/example_dags/example_trigger_target_dag.py took 0.145 seconds
[2023-08-08 23:11:07,436] {scheduler_job.py:182} INFO - Started process (PID=6550) to work on /home/airflow/.local/lib/python3.6/site-packages/airflow/example_dags/example_trigger_target_dag.py
[2023-08-08 23:11:07,443] {scheduler_job.py:633} INFO - Processing file /home/airflow/.local/lib/python3.6/site-packages/airflow/example_dags/example_trigger_target_dag.py for tasks to queue
[2023-08-08 23:11:07,447] {logging_mixin.py:104} INFO - [2023-08-08 23:11:07,446] {dagbag.py:496} INFO - Filling up the DagBag from /home/airflow/.local/lib/python3.6/site-packages/airflow/example_dags/example_trigger_target_dag.py
[2023-08-08 23:11:07,509] {scheduler_job.py:643} INFO - DAG(s) dict_keys(['example_trigger_target_dag']) retrieved from /home/airflow/.local/lib/python3.6/site-packages/airflow/example_dags/example_trigger_target_dag.py
[2023-08-08 23:11:07,590] {logging_mixin.py:104} INFO - [2023-08-08 23:11:07,590] {dag.py:1833} INFO - Sync 1 DAGs
[2023-08-08 23:11:07,680] {logging_mixin.py:104} INFO - [2023-08-08 23:11:07,677] {dag.py:2306} INFO - Setting next_dagrun for example_trigger_target_dag to None
[2023-08-08 23:11:07,716] {scheduler_job.py:190} INFO - Processing /home/airflow/.local/lib/python3.6/site-packages/airflow/example_dags/example_trigger_target_dag.py took 0.302 seconds
[2023-08-08 23:11:38,163] {scheduler_job.py:182} INFO - Started process (PID=6601) to work on /home/airflow/.local/lib/python3.6/site-packages/airflow/example_dags/example_trigger_target_dag.py
[2023-08-08 23:11:38,179] {scheduler_job.py:633} INFO - Processing file /home/airflow/.local/lib/python3.6/site-packages/airflow/example_dags/example_trigger_target_dag.py for tasks to queue
[2023-08-08 23:11:38,186] {logging_mixin.py:104} INFO - [2023-08-08 23:11:38,185] {dagbag.py:496} INFO - Filling up the DagBag from /home/airflow/.local/lib/python3.6/site-packages/airflow/example_dags/example_trigger_target_dag.py
[2023-08-08 23:11:38,250] {scheduler_job.py:643} INFO - DAG(s) dict_keys(['example_trigger_target_dag']) retrieved from /home/airflow/.local/lib/python3.6/site-packages/airflow/example_dags/example_trigger_target_dag.py
[2023-08-08 23:11:38,294] {logging_mixin.py:104} INFO - [2023-08-08 23:11:38,294] {dag.py:1833} INFO - Sync 1 DAGs
[2023-08-08 23:11:38,324] {logging_mixin.py:104} INFO - [2023-08-08 23:11:38,324] {dag.py:2306} INFO - Setting next_dagrun for example_trigger_target_dag to None
[2023-08-08 23:11:38,365] {scheduler_job.py:190} INFO - Processing /home/airflow/.local/lib/python3.6/site-packages/airflow/example_dags/example_trigger_target_dag.py took 0.222 seconds
[2023-08-08 23:12:09,736] {scheduler_job.py:182} INFO - Started process (PID=6645) to work on /home/airflow/.local/lib/python3.6/site-packages/airflow/example_dags/example_trigger_target_dag.py
[2023-08-08 23:12:09,769] {scheduler_job.py:633} INFO - Processing file /home/airflow/.local/lib/python3.6/site-packages/airflow/example_dags/example_trigger_target_dag.py for tasks to queue
[2023-08-08 23:12:09,791] {logging_mixin.py:104} INFO - [2023-08-08 23:12:09,791] {dagbag.py:496} INFO - Filling up the DagBag from /home/airflow/.local/lib/python3.6/site-packages/airflow/example_dags/example_trigger_target_dag.py
[2023-08-08 23:12:09,951] {scheduler_job.py:643} INFO - DAG(s) dict_keys(['example_trigger_target_dag']) retrieved from /home/airflow/.local/lib/python3.6/site-packages/airflow/example_dags/example_trigger_target_dag.py
[2023-08-08 23:12:10,100] {logging_mixin.py:104} INFO - [2023-08-08 23:12:10,089] {dag.py:1833} INFO - Sync 1 DAGs
[2023-08-08 23:12:10,191] {logging_mixin.py:104} INFO - [2023-08-08 23:12:10,190] {dag.py:2306} INFO - Setting next_dagrun for example_trigger_target_dag to None
[2023-08-08 23:12:10,249] {scheduler_job.py:190} INFO - Processing /home/airflow/.local/lib/python3.6/site-packages/airflow/example_dags/example_trigger_target_dag.py took 0.541 seconds
[2023-08-08 23:12:41,869] {scheduler_job.py:182} INFO - Started process (PID=6693) to work on /home/airflow/.local/lib/python3.6/site-packages/airflow/example_dags/example_trigger_target_dag.py
[2023-08-08 23:12:41,876] {scheduler_job.py:633} INFO - Processing file /home/airflow/.local/lib/python3.6/site-packages/airflow/example_dags/example_trigger_target_dag.py for tasks to queue
[2023-08-08 23:12:41,891] {logging_mixin.py:104} INFO - [2023-08-08 23:12:41,891] {dagbag.py:496} INFO - Filling up the DagBag from /home/airflow/.local/lib/python3.6/site-packages/airflow/example_dags/example_trigger_target_dag.py
[2023-08-08 23:12:42,006] {scheduler_job.py:643} INFO - DAG(s) dict_keys(['example_trigger_target_dag']) retrieved from /home/airflow/.local/lib/python3.6/site-packages/airflow/example_dags/example_trigger_target_dag.py
[2023-08-08 23:12:42,166] {logging_mixin.py:104} INFO - [2023-08-08 23:12:42,166] {dag.py:1833} INFO - Sync 1 DAGs
[2023-08-08 23:12:42,258] {logging_mixin.py:104} INFO - [2023-08-08 23:12:42,258] {dag.py:2306} INFO - Setting next_dagrun for example_trigger_target_dag to None
[2023-08-08 23:12:42,337] {scheduler_job.py:190} INFO - Processing /home/airflow/.local/lib/python3.6/site-packages/airflow/example_dags/example_trigger_target_dag.py took 0.503 seconds
[2023-08-08 23:13:13,254] {scheduler_job.py:182} INFO - Started process (PID=6736) to work on /home/airflow/.local/lib/python3.6/site-packages/airflow/example_dags/example_trigger_target_dag.py
[2023-08-08 23:13:13,258] {scheduler_job.py:633} INFO - Processing file /home/airflow/.local/lib/python3.6/site-packages/airflow/example_dags/example_trigger_target_dag.py for tasks to queue
[2023-08-08 23:13:13,261] {logging_mixin.py:104} INFO - [2023-08-08 23:13:13,260] {dagbag.py:496} INFO - Filling up the DagBag from /home/airflow/.local/lib/python3.6/site-packages/airflow/example_dags/example_trigger_target_dag.py
[2023-08-08 23:13:13,296] {scheduler_job.py:643} INFO - DAG(s) dict_keys(['example_trigger_target_dag']) retrieved from /home/airflow/.local/lib/python3.6/site-packages/airflow/example_dags/example_trigger_target_dag.py
[2023-08-08 23:13:13,355] {logging_mixin.py:104} INFO - [2023-08-08 23:13:13,355] {dag.py:1833} INFO - Sync 1 DAGs
[2023-08-08 23:13:13,384] {logging_mixin.py:104} INFO - [2023-08-08 23:13:13,384] {dag.py:2306} INFO - Setting next_dagrun for example_trigger_target_dag to None
[2023-08-08 23:13:13,409] {scheduler_job.py:190} INFO - Processing /home/airflow/.local/lib/python3.6/site-packages/airflow/example_dags/example_trigger_target_dag.py took 0.164 seconds
[2023-08-08 23:13:45,331] {scheduler_job.py:182} INFO - Started process (PID=6787) to work on /home/airflow/.local/lib/python3.6/site-packages/airflow/example_dags/example_trigger_target_dag.py
[2023-08-08 23:13:45,354] {scheduler_job.py:633} INFO - Processing file /home/airflow/.local/lib/python3.6/site-packages/airflow/example_dags/example_trigger_target_dag.py for tasks to queue
[2023-08-08 23:13:45,362] {logging_mixin.py:104} INFO - [2023-08-08 23:13:45,360] {dagbag.py:496} INFO - Filling up the DagBag from /home/airflow/.local/lib/python3.6/site-packages/airflow/example_dags/example_trigger_target_dag.py
[2023-08-08 23:13:45,458] {scheduler_job.py:643} INFO - DAG(s) dict_keys(['example_trigger_target_dag']) retrieved from /home/airflow/.local/lib/python3.6/site-packages/airflow/example_dags/example_trigger_target_dag.py
[2023-08-08 23:13:45,539] {logging_mixin.py:104} INFO - [2023-08-08 23:13:45,538] {dag.py:1833} INFO - Sync 1 DAGs
[2023-08-08 23:13:45,575] {logging_mixin.py:104} INFO - [2023-08-08 23:13:45,575] {dag.py:2306} INFO - Setting next_dagrun for example_trigger_target_dag to None
[2023-08-08 23:13:45,601] {scheduler_job.py:190} INFO - Processing /home/airflow/.local/lib/python3.6/site-packages/airflow/example_dags/example_trigger_target_dag.py took 0.342 seconds
[2023-08-08 23:14:16,811] {scheduler_job.py:182} INFO - Started process (PID=6838) to work on /home/airflow/.local/lib/python3.6/site-packages/airflow/example_dags/example_trigger_target_dag.py
[2023-08-08 23:14:16,822] {scheduler_job.py:633} INFO - Processing file /home/airflow/.local/lib/python3.6/site-packages/airflow/example_dags/example_trigger_target_dag.py for tasks to queue
[2023-08-08 23:14:16,825] {logging_mixin.py:104} INFO - [2023-08-08 23:14:16,825] {dagbag.py:496} INFO - Filling up the DagBag from /home/airflow/.local/lib/python3.6/site-packages/airflow/example_dags/example_trigger_target_dag.py
[2023-08-08 23:14:16,880] {scheduler_job.py:643} INFO - DAG(s) dict_keys(['example_trigger_target_dag']) retrieved from /home/airflow/.local/lib/python3.6/site-packages/airflow/example_dags/example_trigger_target_dag.py
[2023-08-08 23:14:16,929] {logging_mixin.py:104} INFO - [2023-08-08 23:14:16,929] {dag.py:1833} INFO - Sync 1 DAGs
[2023-08-08 23:14:16,962] {logging_mixin.py:104} INFO - [2023-08-08 23:14:16,961] {dag.py:2306} INFO - Setting next_dagrun for example_trigger_target_dag to None
[2023-08-08 23:14:17,002] {scheduler_job.py:190} INFO - Processing /home/airflow/.local/lib/python3.6/site-packages/airflow/example_dags/example_trigger_target_dag.py took 0.203 seconds
[2023-08-08 23:14:48,338] {scheduler_job.py:182} INFO - Started process (PID=6888) to work on /home/airflow/.local/lib/python3.6/site-packages/airflow/example_dags/example_trigger_target_dag.py
[2023-08-08 23:14:48,343] {scheduler_job.py:633} INFO - Processing file /home/airflow/.local/lib/python3.6/site-packages/airflow/example_dags/example_trigger_target_dag.py for tasks to queue
[2023-08-08 23:14:48,349] {logging_mixin.py:104} INFO - [2023-08-08 23:14:48,348] {dagbag.py:496} INFO - Filling up the DagBag from /home/airflow/.local/lib/python3.6/site-packages/airflow/example_dags/example_trigger_target_dag.py
[2023-08-08 23:14:48,474] {scheduler_job.py:643} INFO - DAG(s) dict_keys(['example_trigger_target_dag']) retrieved from /home/airflow/.local/lib/python3.6/site-packages/airflow/example_dags/example_trigger_target_dag.py
[2023-08-08 23:14:48,584] {logging_mixin.py:104} INFO - [2023-08-08 23:14:48,584] {dag.py:1833} INFO - Sync 1 DAGs
[2023-08-08 23:14:48,649] {logging_mixin.py:104} INFO - [2023-08-08 23:14:48,649] {dag.py:2306} INFO - Setting next_dagrun for example_trigger_target_dag to None
[2023-08-08 23:14:48,694] {scheduler_job.py:190} INFO - Processing /home/airflow/.local/lib/python3.6/site-packages/airflow/example_dags/example_trigger_target_dag.py took 0.372 seconds
[2023-08-08 23:15:19,029] {scheduler_job.py:182} INFO - Started process (PID=6938) to work on /home/airflow/.local/lib/python3.6/site-packages/airflow/example_dags/example_trigger_target_dag.py
[2023-08-08 23:15:19,032] {scheduler_job.py:633} INFO - Processing file /home/airflow/.local/lib/python3.6/site-packages/airflow/example_dags/example_trigger_target_dag.py for tasks to queue
[2023-08-08 23:15:19,039] {logging_mixin.py:104} INFO - [2023-08-08 23:15:19,037] {dagbag.py:496} INFO - Filling up the DagBag from /home/airflow/.local/lib/python3.6/site-packages/airflow/example_dags/example_trigger_target_dag.py
[2023-08-08 23:15:19,102] {scheduler_job.py:643} INFO - DAG(s) dict_keys(['example_trigger_target_dag']) retrieved from /home/airflow/.local/lib/python3.6/site-packages/airflow/example_dags/example_trigger_target_dag.py
[2023-08-08 23:15:19,155] {logging_mixin.py:104} INFO - [2023-08-08 23:15:19,155] {dag.py:1833} INFO - Sync 1 DAGs
[2023-08-08 23:15:19,195] {logging_mixin.py:104} INFO - [2023-08-08 23:15:19,195] {dag.py:2306} INFO - Setting next_dagrun for example_trigger_target_dag to None
[2023-08-08 23:15:19,227] {scheduler_job.py:190} INFO - Processing /home/airflow/.local/lib/python3.6/site-packages/airflow/example_dags/example_trigger_target_dag.py took 0.206 seconds
[2023-08-08 23:15:49,370] {scheduler_job.py:182} INFO - Started process (PID=6985) to work on /home/airflow/.local/lib/python3.6/site-packages/airflow/example_dags/example_trigger_target_dag.py
[2023-08-08 23:15:49,377] {scheduler_job.py:633} INFO - Processing file /home/airflow/.local/lib/python3.6/site-packages/airflow/example_dags/example_trigger_target_dag.py for tasks to queue
[2023-08-08 23:15:49,383] {logging_mixin.py:104} INFO - [2023-08-08 23:15:49,383] {dagbag.py:496} INFO - Filling up the DagBag from /home/airflow/.local/lib/python3.6/site-packages/airflow/example_dags/example_trigger_target_dag.py
[2023-08-08 23:15:49,506] {scheduler_job.py:643} INFO - DAG(s) dict_keys(['example_trigger_target_dag']) retrieved from /home/airflow/.local/lib/python3.6/site-packages/airflow/example_dags/example_trigger_target_dag.py
[2023-08-08 23:15:49,633] {logging_mixin.py:104} INFO - [2023-08-08 23:15:49,632] {dag.py:1833} INFO - Sync 1 DAGs
[2023-08-08 23:15:49,741] {logging_mixin.py:104} INFO - [2023-08-08 23:15:49,741] {dag.py:2306} INFO - Setting next_dagrun for example_trigger_target_dag to None
[2023-08-08 23:15:49,833] {scheduler_job.py:190} INFO - Processing /home/airflow/.local/lib/python3.6/site-packages/airflow/example_dags/example_trigger_target_dag.py took 0.495 seconds
[2023-08-08 23:16:20,047] {scheduler_job.py:182} INFO - Started process (PID=7034) to work on /home/airflow/.local/lib/python3.6/site-packages/airflow/example_dags/example_trigger_target_dag.py
[2023-08-08 23:16:20,051] {scheduler_job.py:633} INFO - Processing file /home/airflow/.local/lib/python3.6/site-packages/airflow/example_dags/example_trigger_target_dag.py for tasks to queue
[2023-08-08 23:16:20,065] {logging_mixin.py:104} INFO - [2023-08-08 23:16:20,064] {dagbag.py:496} INFO - Filling up the DagBag from /home/airflow/.local/lib/python3.6/site-packages/airflow/example_dags/example_trigger_target_dag.py
[2023-08-08 23:16:20,274] {scheduler_job.py:643} INFO - DAG(s) dict_keys(['example_trigger_target_dag']) retrieved from /home/airflow/.local/lib/python3.6/site-packages/airflow/example_dags/example_trigger_target_dag.py
[2023-08-08 23:16:20,452] {logging_mixin.py:104} INFO - [2023-08-08 23:16:20,452] {dag.py:1833} INFO - Sync 1 DAGs
[2023-08-08 23:16:20,527] {logging_mixin.py:104} INFO - [2023-08-08 23:16:20,527] {dag.py:2306} INFO - Setting next_dagrun for example_trigger_target_dag to None
[2023-08-08 23:16:20,573] {scheduler_job.py:190} INFO - Processing /home/airflow/.local/lib/python3.6/site-packages/airflow/example_dags/example_trigger_target_dag.py took 0.575 seconds
[2023-08-08 23:16:50,695] {scheduler_job.py:182} INFO - Started process (PID=7076) to work on /home/airflow/.local/lib/python3.6/site-packages/airflow/example_dags/example_trigger_target_dag.py
[2023-08-08 23:16:50,699] {scheduler_job.py:633} INFO - Processing file /home/airflow/.local/lib/python3.6/site-packages/airflow/example_dags/example_trigger_target_dag.py for tasks to queue
[2023-08-08 23:16:50,701] {logging_mixin.py:104} INFO - [2023-08-08 23:16:50,700] {dagbag.py:496} INFO - Filling up the DagBag from /home/airflow/.local/lib/python3.6/site-packages/airflow/example_dags/example_trigger_target_dag.py
[2023-08-08 23:16:50,738] {scheduler_job.py:643} INFO - DAG(s) dict_keys(['example_trigger_target_dag']) retrieved from /home/airflow/.local/lib/python3.6/site-packages/airflow/example_dags/example_trigger_target_dag.py
[2023-08-08 23:16:50,810] {logging_mixin.py:104} INFO - [2023-08-08 23:16:50,810] {dag.py:1833} INFO - Sync 1 DAGs
[2023-08-08 23:16:50,847] {logging_mixin.py:104} INFO - [2023-08-08 23:16:50,846] {dag.py:2306} INFO - Setting next_dagrun for example_trigger_target_dag to None
[2023-08-08 23:16:50,885] {scheduler_job.py:190} INFO - Processing /home/airflow/.local/lib/python3.6/site-packages/airflow/example_dags/example_trigger_target_dag.py took 0.197 seconds
[2023-08-08 23:17:21,291] {scheduler_job.py:182} INFO - Started process (PID=7126) to work on /home/airflow/.local/lib/python3.6/site-packages/airflow/example_dags/example_trigger_target_dag.py
[2023-08-08 23:17:21,304] {scheduler_job.py:633} INFO - Processing file /home/airflow/.local/lib/python3.6/site-packages/airflow/example_dags/example_trigger_target_dag.py for tasks to queue
[2023-08-08 23:17:21,307] {logging_mixin.py:104} INFO - [2023-08-08 23:17:21,307] {dagbag.py:496} INFO - Filling up the DagBag from /home/airflow/.local/lib/python3.6/site-packages/airflow/example_dags/example_trigger_target_dag.py
[2023-08-08 23:17:21,450] {scheduler_job.py:643} INFO - DAG(s) dict_keys(['example_trigger_target_dag']) retrieved from /home/airflow/.local/lib/python3.6/site-packages/airflow/example_dags/example_trigger_target_dag.py
[2023-08-08 23:17:21,546] {logging_mixin.py:104} INFO - [2023-08-08 23:17:21,545] {dag.py:1833} INFO - Sync 1 DAGs
[2023-08-08 23:17:21,636] {logging_mixin.py:104} INFO - [2023-08-08 23:17:21,636] {dag.py:2306} INFO - Setting next_dagrun for example_trigger_target_dag to None
[2023-08-08 23:17:21,743] {scheduler_job.py:190} INFO - Processing /home/airflow/.local/lib/python3.6/site-packages/airflow/example_dags/example_trigger_target_dag.py took 0.473 seconds
[2023-08-08 23:17:52,406] {scheduler_job.py:182} INFO - Started process (PID=7167) to work on /home/airflow/.local/lib/python3.6/site-packages/airflow/example_dags/example_trigger_target_dag.py
[2023-08-08 23:17:52,421] {scheduler_job.py:633} INFO - Processing file /home/airflow/.local/lib/python3.6/site-packages/airflow/example_dags/example_trigger_target_dag.py for tasks to queue
[2023-08-08 23:17:52,428] {logging_mixin.py:104} INFO - [2023-08-08 23:17:52,427] {dagbag.py:496} INFO - Filling up the DagBag from /home/airflow/.local/lib/python3.6/site-packages/airflow/example_dags/example_trigger_target_dag.py
[2023-08-08 23:17:52,493] {scheduler_job.py:643} INFO - DAG(s) dict_keys(['example_trigger_target_dag']) retrieved from /home/airflow/.local/lib/python3.6/site-packages/airflow/example_dags/example_trigger_target_dag.py
[2023-08-08 23:17:52,532] {logging_mixin.py:104} INFO - [2023-08-08 23:17:52,532] {dag.py:1833} INFO - Sync 1 DAGs
[2023-08-08 23:17:52,555] {logging_mixin.py:104} INFO - [2023-08-08 23:17:52,555] {dag.py:2306} INFO - Setting next_dagrun for example_trigger_target_dag to None
[2023-08-08 23:17:52,578] {scheduler_job.py:190} INFO - Processing /home/airflow/.local/lib/python3.6/site-packages/airflow/example_dags/example_trigger_target_dag.py took 0.194 seconds
[2023-08-08 23:18:22,825] {scheduler_job.py:182} INFO - Started process (PID=7218) to work on /home/airflow/.local/lib/python3.6/site-packages/airflow/example_dags/example_trigger_target_dag.py
[2023-08-08 23:18:22,838] {scheduler_job.py:633} INFO - Processing file /home/airflow/.local/lib/python3.6/site-packages/airflow/example_dags/example_trigger_target_dag.py for tasks to queue
[2023-08-08 23:18:22,841] {logging_mixin.py:104} INFO - [2023-08-08 23:18:22,841] {dagbag.py:496} INFO - Filling up the DagBag from /home/airflow/.local/lib/python3.6/site-packages/airflow/example_dags/example_trigger_target_dag.py
[2023-08-08 23:18:22,884] {scheduler_job.py:643} INFO - DAG(s) dict_keys(['example_trigger_target_dag']) retrieved from /home/airflow/.local/lib/python3.6/site-packages/airflow/example_dags/example_trigger_target_dag.py
[2023-08-08 23:18:22,939] {logging_mixin.py:104} INFO - [2023-08-08 23:18:22,939] {dag.py:1833} INFO - Sync 1 DAGs
[2023-08-08 23:18:22,963] {logging_mixin.py:104} INFO - [2023-08-08 23:18:22,963] {dag.py:2306} INFO - Setting next_dagrun for example_trigger_target_dag to None
[2023-08-08 23:18:22,994] {scheduler_job.py:190} INFO - Processing /home/airflow/.local/lib/python3.6/site-packages/airflow/example_dags/example_trigger_target_dag.py took 0.185 seconds
[2023-08-08 23:18:53,447] {scheduler_job.py:182} INFO - Started process (PID=7269) to work on /home/airflow/.local/lib/python3.6/site-packages/airflow/example_dags/example_trigger_target_dag.py
[2023-08-08 23:18:53,453] {scheduler_job.py:633} INFO - Processing file /home/airflow/.local/lib/python3.6/site-packages/airflow/example_dags/example_trigger_target_dag.py for tasks to queue
[2023-08-08 23:18:53,464] {logging_mixin.py:104} INFO - [2023-08-08 23:18:53,463] {dagbag.py:496} INFO - Filling up the DagBag from /home/airflow/.local/lib/python3.6/site-packages/airflow/example_dags/example_trigger_target_dag.py
[2023-08-08 23:18:53,535] {scheduler_job.py:643} INFO - DAG(s) dict_keys(['example_trigger_target_dag']) retrieved from /home/airflow/.local/lib/python3.6/site-packages/airflow/example_dags/example_trigger_target_dag.py
[2023-08-08 23:18:53,601] {logging_mixin.py:104} INFO - [2023-08-08 23:18:53,601] {dag.py:1833} INFO - Sync 1 DAGs
[2023-08-08 23:18:53,639] {logging_mixin.py:104} INFO - [2023-08-08 23:18:53,638] {dag.py:2306} INFO - Setting next_dagrun for example_trigger_target_dag to None
[2023-08-08 23:18:53,689] {scheduler_job.py:190} INFO - Processing /home/airflow/.local/lib/python3.6/site-packages/airflow/example_dags/example_trigger_target_dag.py took 0.258 seconds
[2023-08-08 23:19:24,010] {scheduler_job.py:182} INFO - Started process (PID=7311) to work on /home/airflow/.local/lib/python3.6/site-packages/airflow/example_dags/example_trigger_target_dag.py
[2023-08-08 23:19:24,012] {scheduler_job.py:633} INFO - Processing file /home/airflow/.local/lib/python3.6/site-packages/airflow/example_dags/example_trigger_target_dag.py for tasks to queue
[2023-08-08 23:19:24,014] {logging_mixin.py:104} INFO - [2023-08-08 23:19:24,013] {dagbag.py:496} INFO - Filling up the DagBag from /home/airflow/.local/lib/python3.6/site-packages/airflow/example_dags/example_trigger_target_dag.py
[2023-08-08 23:19:24,047] {scheduler_job.py:643} INFO - DAG(s) dict_keys(['example_trigger_target_dag']) retrieved from /home/airflow/.local/lib/python3.6/site-packages/airflow/example_dags/example_trigger_target_dag.py
[2023-08-08 23:19:24,087] {logging_mixin.py:104} INFO - [2023-08-08 23:19:24,087] {dag.py:1833} INFO - Sync 1 DAGs
[2023-08-08 23:19:24,107] {logging_mixin.py:104} INFO - [2023-08-08 23:19:24,107] {dag.py:2306} INFO - Setting next_dagrun for example_trigger_target_dag to None
[2023-08-08 23:19:24,129] {scheduler_job.py:190} INFO - Processing /home/airflow/.local/lib/python3.6/site-packages/airflow/example_dags/example_trigger_target_dag.py took 0.131 seconds
[2023-08-08 23:19:54,617] {scheduler_job.py:182} INFO - Started process (PID=7362) to work on /home/airflow/.local/lib/python3.6/site-packages/airflow/example_dags/example_trigger_target_dag.py
[2023-08-08 23:19:54,629] {scheduler_job.py:633} INFO - Processing file /home/airflow/.local/lib/python3.6/site-packages/airflow/example_dags/example_trigger_target_dag.py for tasks to queue
[2023-08-08 23:19:54,633] {logging_mixin.py:104} INFO - [2023-08-08 23:19:54,632] {dagbag.py:496} INFO - Filling up the DagBag from /home/airflow/.local/lib/python3.6/site-packages/airflow/example_dags/example_trigger_target_dag.py
[2023-08-08 23:19:54,670] {scheduler_job.py:643} INFO - DAG(s) dict_keys(['example_trigger_target_dag']) retrieved from /home/airflow/.local/lib/python3.6/site-packages/airflow/example_dags/example_trigger_target_dag.py
[2023-08-08 23:19:54,723] {logging_mixin.py:104} INFO - [2023-08-08 23:19:54,723] {dag.py:1833} INFO - Sync 1 DAGs
[2023-08-08 23:19:54,753] {logging_mixin.py:104} INFO - [2023-08-08 23:19:54,753] {dag.py:2306} INFO - Setting next_dagrun for example_trigger_target_dag to None
[2023-08-08 23:19:54,790] {scheduler_job.py:190} INFO - Processing /home/airflow/.local/lib/python3.6/site-packages/airflow/example_dags/example_trigger_target_dag.py took 0.190 seconds
