[2023-08-08 23:00:01,296] {scheduler_job.py:182} INFO - Started process (PID=5458) to work on /home/airflow/.local/lib/python3.6/site-packages/airflow/example_dags/example_bash_operator.py
[2023-08-08 23:00:01,301] {scheduler_job.py:633} INFO - Processing file /home/airflow/.local/lib/python3.6/site-packages/airflow/example_dags/example_bash_operator.py for tasks to queue
[2023-08-08 23:00:01,314] {logging_mixin.py:104} INFO - [2023-08-08 23:00:01,313] {dagbag.py:496} INFO - Filling up the DagBag from /home/airflow/.local/lib/python3.6/site-packages/airflow/example_dags/example_bash_operator.py
[2023-08-08 23:00:01,412] {scheduler_job.py:643} INFO - DAG(s) dict_keys(['example_bash_operator']) retrieved from /home/airflow/.local/lib/python3.6/site-packages/airflow/example_dags/example_bash_operator.py
[2023-08-08 23:00:03,433] {logging_mixin.py:104} INFO - [2023-08-08 23:00:03,433] {dag.py:1833} INFO - Sync 1 DAGs
[2023-08-08 23:00:03,518] {logging_mixin.py:104} INFO - [2023-08-08 23:00:03,518] {dag.py:2306} INFO - Setting next_dagrun for example_bash_operator to 2023-08-06 00:00:00+00:00
[2023-08-08 23:00:03,580] {scheduler_job.py:190} INFO - Processing /home/airflow/.local/lib/python3.6/site-packages/airflow/example_dags/example_bash_operator.py took 2.301 seconds
[2023-08-08 23:00:33,766] {scheduler_job.py:182} INFO - Started process (PID=5509) to work on /home/airflow/.local/lib/python3.6/site-packages/airflow/example_dags/example_bash_operator.py
[2023-08-08 23:00:33,770] {scheduler_job.py:633} INFO - Processing file /home/airflow/.local/lib/python3.6/site-packages/airflow/example_dags/example_bash_operator.py for tasks to queue
[2023-08-08 23:00:33,777] {logging_mixin.py:104} INFO - [2023-08-08 23:00:33,777] {dagbag.py:496} INFO - Filling up the DagBag from /home/airflow/.local/lib/python3.6/site-packages/airflow/example_dags/example_bash_operator.py
[2023-08-08 23:00:33,824] {scheduler_job.py:643} INFO - DAG(s) dict_keys(['example_bash_operator']) retrieved from /home/airflow/.local/lib/python3.6/site-packages/airflow/example_dags/example_bash_operator.py
[2023-08-08 23:00:33,895] {logging_mixin.py:104} INFO - [2023-08-08 23:00:33,895] {dag.py:1833} INFO - Sync 1 DAGs
[2023-08-08 23:00:33,929] {logging_mixin.py:104} INFO - [2023-08-08 23:00:33,929] {dag.py:2306} INFO - Setting next_dagrun for example_bash_operator to 2023-08-06 00:00:00+00:00
[2023-08-08 23:00:33,959] {scheduler_job.py:190} INFO - Processing /home/airflow/.local/lib/python3.6/site-packages/airflow/example_dags/example_bash_operator.py took 0.199 seconds
[2023-08-08 23:01:04,584] {scheduler_job.py:182} INFO - Started process (PID=5570) to work on /home/airflow/.local/lib/python3.6/site-packages/airflow/example_dags/example_bash_operator.py
[2023-08-08 23:01:04,587] {scheduler_job.py:633} INFO - Processing file /home/airflow/.local/lib/python3.6/site-packages/airflow/example_dags/example_bash_operator.py for tasks to queue
[2023-08-08 23:01:04,589] {logging_mixin.py:104} INFO - [2023-08-08 23:01:04,589] {dagbag.py:496} INFO - Filling up the DagBag from /home/airflow/.local/lib/python3.6/site-packages/airflow/example_dags/example_bash_operator.py
[2023-08-08 23:01:04,614] {scheduler_job.py:643} INFO - DAG(s) dict_keys(['example_bash_operator']) retrieved from /home/airflow/.local/lib/python3.6/site-packages/airflow/example_dags/example_bash_operator.py
[2023-08-08 23:01:04,644] {logging_mixin.py:104} INFO - [2023-08-08 23:01:04,644] {dag.py:1833} INFO - Sync 1 DAGs
[2023-08-08 23:01:04,664] {logging_mixin.py:104} INFO - [2023-08-08 23:01:04,664] {dag.py:2306} INFO - Setting next_dagrun for example_bash_operator to 2023-08-06 00:00:00+00:00
[2023-08-08 23:01:04,680] {scheduler_job.py:190} INFO - Processing /home/airflow/.local/lib/python3.6/site-packages/airflow/example_dags/example_bash_operator.py took 0.101 seconds
[2023-08-08 23:01:34,934] {scheduler_job.py:182} INFO - Started process (PID=5620) to work on /home/airflow/.local/lib/python3.6/site-packages/airflow/example_dags/example_bash_operator.py
[2023-08-08 23:01:34,950] {scheduler_job.py:633} INFO - Processing file /home/airflow/.local/lib/python3.6/site-packages/airflow/example_dags/example_bash_operator.py for tasks to queue
[2023-08-08 23:01:34,957] {logging_mixin.py:104} INFO - [2023-08-08 23:01:34,957] {dagbag.py:496} INFO - Filling up the DagBag from /home/airflow/.local/lib/python3.6/site-packages/airflow/example_dags/example_bash_operator.py
[2023-08-08 23:01:35,051] {scheduler_job.py:643} INFO - DAG(s) dict_keys(['example_bash_operator']) retrieved from /home/airflow/.local/lib/python3.6/site-packages/airflow/example_dags/example_bash_operator.py
[2023-08-08 23:01:35,103] {logging_mixin.py:104} INFO - [2023-08-08 23:01:35,103] {dag.py:1833} INFO - Sync 1 DAGs
[2023-08-08 23:01:35,126] {logging_mixin.py:104} INFO - [2023-08-08 23:01:35,126] {dag.py:2306} INFO - Setting next_dagrun for example_bash_operator to 2023-08-06 00:00:00+00:00
[2023-08-08 23:01:35,147] {scheduler_job.py:190} INFO - Processing /home/airflow/.local/lib/python3.6/site-packages/airflow/example_dags/example_bash_operator.py took 0.227 seconds
[2023-08-08 23:02:05,352] {scheduler_job.py:182} INFO - Started process (PID=5672) to work on /home/airflow/.local/lib/python3.6/site-packages/airflow/example_dags/example_bash_operator.py
[2023-08-08 23:02:05,367] {scheduler_job.py:633} INFO - Processing file /home/airflow/.local/lib/python3.6/site-packages/airflow/example_dags/example_bash_operator.py for tasks to queue
[2023-08-08 23:02:05,373] {logging_mixin.py:104} INFO - [2023-08-08 23:02:05,373] {dagbag.py:496} INFO - Filling up the DagBag from /home/airflow/.local/lib/python3.6/site-packages/airflow/example_dags/example_bash_operator.py
[2023-08-08 23:02:05,452] {scheduler_job.py:643} INFO - DAG(s) dict_keys(['example_bash_operator']) retrieved from /home/airflow/.local/lib/python3.6/site-packages/airflow/example_dags/example_bash_operator.py
[2023-08-08 23:02:05,578] {logging_mixin.py:104} INFO - [2023-08-08 23:02:05,578] {dag.py:1833} INFO - Sync 1 DAGs
[2023-08-08 23:02:05,677] {logging_mixin.py:104} INFO - [2023-08-08 23:02:05,677] {dag.py:2306} INFO - Setting next_dagrun for example_bash_operator to 2023-08-06 00:00:00+00:00
[2023-08-08 23:02:05,780] {scheduler_job.py:190} INFO - Processing /home/airflow/.local/lib/python3.6/site-packages/airflow/example_dags/example_bash_operator.py took 0.458 seconds
[2023-08-08 23:02:35,923] {scheduler_job.py:182} INFO - Started process (PID=5722) to work on /home/airflow/.local/lib/python3.6/site-packages/airflow/example_dags/example_bash_operator.py
[2023-08-08 23:02:35,929] {scheduler_job.py:633} INFO - Processing file /home/airflow/.local/lib/python3.6/site-packages/airflow/example_dags/example_bash_operator.py for tasks to queue
[2023-08-08 23:02:35,933] {logging_mixin.py:104} INFO - [2023-08-08 23:02:35,933] {dagbag.py:496} INFO - Filling up the DagBag from /home/airflow/.local/lib/python3.6/site-packages/airflow/example_dags/example_bash_operator.py
[2023-08-08 23:02:35,985] {scheduler_job.py:643} INFO - DAG(s) dict_keys(['example_bash_operator']) retrieved from /home/airflow/.local/lib/python3.6/site-packages/airflow/example_dags/example_bash_operator.py
[2023-08-08 23:02:36,040] {logging_mixin.py:104} INFO - [2023-08-08 23:02:36,040] {dag.py:1833} INFO - Sync 1 DAGs
[2023-08-08 23:02:36,072] {logging_mixin.py:104} INFO - [2023-08-08 23:02:36,072] {dag.py:2306} INFO - Setting next_dagrun for example_bash_operator to 2023-08-06 00:00:00+00:00
[2023-08-08 23:02:36,091] {scheduler_job.py:190} INFO - Processing /home/airflow/.local/lib/python3.6/site-packages/airflow/example_dags/example_bash_operator.py took 0.174 seconds
[2023-08-08 23:03:06,637] {scheduler_job.py:182} INFO - Started process (PID=5773) to work on /home/airflow/.local/lib/python3.6/site-packages/airflow/example_dags/example_bash_operator.py
[2023-08-08 23:03:06,641] {scheduler_job.py:633} INFO - Processing file /home/airflow/.local/lib/python3.6/site-packages/airflow/example_dags/example_bash_operator.py for tasks to queue
[2023-08-08 23:03:06,643] {logging_mixin.py:104} INFO - [2023-08-08 23:03:06,642] {dagbag.py:496} INFO - Filling up the DagBag from /home/airflow/.local/lib/python3.6/site-packages/airflow/example_dags/example_bash_operator.py
[2023-08-08 23:03:06,689] {scheduler_job.py:643} INFO - DAG(s) dict_keys(['example_bash_operator']) retrieved from /home/airflow/.local/lib/python3.6/site-packages/airflow/example_dags/example_bash_operator.py
[2023-08-08 23:03:06,744] {logging_mixin.py:104} INFO - [2023-08-08 23:03:06,743] {dag.py:1833} INFO - Sync 1 DAGs
[2023-08-08 23:03:06,791] {logging_mixin.py:104} INFO - [2023-08-08 23:03:06,791] {dag.py:2306} INFO - Setting next_dagrun for example_bash_operator to 2023-08-06 00:00:00+00:00
[2023-08-08 23:03:06,812] {scheduler_job.py:190} INFO - Processing /home/airflow/.local/lib/python3.6/site-packages/airflow/example_dags/example_bash_operator.py took 0.181 seconds
[2023-08-08 23:03:36,923] {scheduler_job.py:182} INFO - Started process (PID=5825) to work on /home/airflow/.local/lib/python3.6/site-packages/airflow/example_dags/example_bash_operator.py
[2023-08-08 23:03:36,930] {scheduler_job.py:633} INFO - Processing file /home/airflow/.local/lib/python3.6/site-packages/airflow/example_dags/example_bash_operator.py for tasks to queue
[2023-08-08 23:03:36,937] {logging_mixin.py:104} INFO - [2023-08-08 23:03:36,936] {dagbag.py:496} INFO - Filling up the DagBag from /home/airflow/.local/lib/python3.6/site-packages/airflow/example_dags/example_bash_operator.py
[2023-08-08 23:03:37,002] {scheduler_job.py:643} INFO - DAG(s) dict_keys(['example_bash_operator']) retrieved from /home/airflow/.local/lib/python3.6/site-packages/airflow/example_dags/example_bash_operator.py
[2023-08-08 23:03:37,087] {logging_mixin.py:104} INFO - [2023-08-08 23:03:37,087] {dag.py:1833} INFO - Sync 1 DAGs
[2023-08-08 23:03:37,125] {logging_mixin.py:104} INFO - [2023-08-08 23:03:37,124] {dag.py:2306} INFO - Setting next_dagrun for example_bash_operator to 2023-08-06 00:00:00+00:00
[2023-08-08 23:03:37,163] {scheduler_job.py:190} INFO - Processing /home/airflow/.local/lib/python3.6/site-packages/airflow/example_dags/example_bash_operator.py took 0.250 seconds
[2023-08-08 23:04:07,483] {scheduler_job.py:182} INFO - Started process (PID=5875) to work on /home/airflow/.local/lib/python3.6/site-packages/airflow/example_dags/example_bash_operator.py
[2023-08-08 23:04:07,486] {scheduler_job.py:633} INFO - Processing file /home/airflow/.local/lib/python3.6/site-packages/airflow/example_dags/example_bash_operator.py for tasks to queue
[2023-08-08 23:04:07,488] {logging_mixin.py:104} INFO - [2023-08-08 23:04:07,487] {dagbag.py:496} INFO - Filling up the DagBag from /home/airflow/.local/lib/python3.6/site-packages/airflow/example_dags/example_bash_operator.py
[2023-08-08 23:04:07,532] {scheduler_job.py:643} INFO - DAG(s) dict_keys(['example_bash_operator']) retrieved from /home/airflow/.local/lib/python3.6/site-packages/airflow/example_dags/example_bash_operator.py
[2023-08-08 23:04:07,569] {logging_mixin.py:104} INFO - [2023-08-08 23:04:07,568] {dag.py:1833} INFO - Sync 1 DAGs
[2023-08-08 23:04:07,591] {logging_mixin.py:104} INFO - [2023-08-08 23:04:07,591] {dag.py:2306} INFO - Setting next_dagrun for example_bash_operator to 2023-08-06 00:00:00+00:00
[2023-08-08 23:04:07,616] {scheduler_job.py:190} INFO - Processing /home/airflow/.local/lib/python3.6/site-packages/airflow/example_dags/example_bash_operator.py took 0.140 seconds
[2023-08-08 23:04:37,889] {scheduler_job.py:182} INFO - Started process (PID=5925) to work on /home/airflow/.local/lib/python3.6/site-packages/airflow/example_dags/example_bash_operator.py
[2023-08-08 23:04:37,893] {scheduler_job.py:633} INFO - Processing file /home/airflow/.local/lib/python3.6/site-packages/airflow/example_dags/example_bash_operator.py for tasks to queue
[2023-08-08 23:04:37,895] {logging_mixin.py:104} INFO - [2023-08-08 23:04:37,894] {dagbag.py:496} INFO - Filling up the DagBag from /home/airflow/.local/lib/python3.6/site-packages/airflow/example_dags/example_bash_operator.py
[2023-08-08 23:04:37,943] {scheduler_job.py:643} INFO - DAG(s) dict_keys(['example_bash_operator']) retrieved from /home/airflow/.local/lib/python3.6/site-packages/airflow/example_dags/example_bash_operator.py
[2023-08-08 23:04:37,995] {logging_mixin.py:104} INFO - [2023-08-08 23:04:37,994] {dag.py:1833} INFO - Sync 1 DAGs
[2023-08-08 23:04:38,027] {logging_mixin.py:104} INFO - [2023-08-08 23:04:38,027] {dag.py:2306} INFO - Setting next_dagrun for example_bash_operator to 2023-08-06 00:00:00+00:00
[2023-08-08 23:04:38,045] {scheduler_job.py:190} INFO - Processing /home/airflow/.local/lib/python3.6/site-packages/airflow/example_dags/example_bash_operator.py took 0.164 seconds
[2023-08-08 23:05:08,619] {scheduler_job.py:182} INFO - Started process (PID=5976) to work on /home/airflow/.local/lib/python3.6/site-packages/airflow/example_dags/example_bash_operator.py
[2023-08-08 23:05:08,623] {scheduler_job.py:633} INFO - Processing file /home/airflow/.local/lib/python3.6/site-packages/airflow/example_dags/example_bash_operator.py for tasks to queue
[2023-08-08 23:05:08,625] {logging_mixin.py:104} INFO - [2023-08-08 23:05:08,624] {dagbag.py:496} INFO - Filling up the DagBag from /home/airflow/.local/lib/python3.6/site-packages/airflow/example_dags/example_bash_operator.py
[2023-08-08 23:05:08,672] {scheduler_job.py:643} INFO - DAG(s) dict_keys(['example_bash_operator']) retrieved from /home/airflow/.local/lib/python3.6/site-packages/airflow/example_dags/example_bash_operator.py
[2023-08-08 23:05:08,747] {logging_mixin.py:104} INFO - [2023-08-08 23:05:08,746] {dag.py:1833} INFO - Sync 1 DAGs
[2023-08-08 23:05:08,786] {logging_mixin.py:104} INFO - [2023-08-08 23:05:08,786] {dag.py:2306} INFO - Setting next_dagrun for example_bash_operator to 2023-08-06 00:00:00+00:00
[2023-08-08 23:05:08,812] {scheduler_job.py:190} INFO - Processing /home/airflow/.local/lib/python3.6/site-packages/airflow/example_dags/example_bash_operator.py took 0.201 seconds
[2023-08-08 23:05:39,067] {scheduler_job.py:182} INFO - Started process (PID=6027) to work on /home/airflow/.local/lib/python3.6/site-packages/airflow/example_dags/example_bash_operator.py
[2023-08-08 23:05:39,072] {scheduler_job.py:633} INFO - Processing file /home/airflow/.local/lib/python3.6/site-packages/airflow/example_dags/example_bash_operator.py for tasks to queue
[2023-08-08 23:05:39,082] {logging_mixin.py:104} INFO - [2023-08-08 23:05:39,082] {dagbag.py:496} INFO - Filling up the DagBag from /home/airflow/.local/lib/python3.6/site-packages/airflow/example_dags/example_bash_operator.py
[2023-08-08 23:05:39,159] {scheduler_job.py:643} INFO - DAG(s) dict_keys(['example_bash_operator']) retrieved from /home/airflow/.local/lib/python3.6/site-packages/airflow/example_dags/example_bash_operator.py
[2023-08-08 23:05:39,230] {logging_mixin.py:104} INFO - [2023-08-08 23:05:39,229] {dag.py:1833} INFO - Sync 1 DAGs
[2023-08-08 23:05:39,268] {logging_mixin.py:104} INFO - [2023-08-08 23:05:39,268] {dag.py:2306} INFO - Setting next_dagrun for example_bash_operator to 2023-08-06 00:00:00+00:00
[2023-08-08 23:05:39,296] {scheduler_job.py:190} INFO - Processing /home/airflow/.local/lib/python3.6/site-packages/airflow/example_dags/example_bash_operator.py took 0.237 seconds
[2023-08-08 23:06:09,999] {scheduler_job.py:182} INFO - Started process (PID=6077) to work on /home/airflow/.local/lib/python3.6/site-packages/airflow/example_dags/example_bash_operator.py
[2023-08-08 23:06:10,009] {scheduler_job.py:633} INFO - Processing file /home/airflow/.local/lib/python3.6/site-packages/airflow/example_dags/example_bash_operator.py for tasks to queue
[2023-08-08 23:06:10,014] {logging_mixin.py:104} INFO - [2023-08-08 23:06:10,012] {dagbag.py:496} INFO - Filling up the DagBag from /home/airflow/.local/lib/python3.6/site-packages/airflow/example_dags/example_bash_operator.py
[2023-08-08 23:06:10,064] {scheduler_job.py:643} INFO - DAG(s) dict_keys(['example_bash_operator']) retrieved from /home/airflow/.local/lib/python3.6/site-packages/airflow/example_dags/example_bash_operator.py
[2023-08-08 23:06:10,116] {logging_mixin.py:104} INFO - [2023-08-08 23:06:10,116] {dag.py:1833} INFO - Sync 1 DAGs
[2023-08-08 23:06:10,157] {logging_mixin.py:104} INFO - [2023-08-08 23:06:10,157] {dag.py:2306} INFO - Setting next_dagrun for example_bash_operator to 2023-08-06 00:00:00+00:00
[2023-08-08 23:06:10,188] {scheduler_job.py:190} INFO - Processing /home/airflow/.local/lib/python3.6/site-packages/airflow/example_dags/example_bash_operator.py took 0.204 seconds
[2023-08-08 23:06:40,848] {scheduler_job.py:182} INFO - Started process (PID=6129) to work on /home/airflow/.local/lib/python3.6/site-packages/airflow/example_dags/example_bash_operator.py
[2023-08-08 23:06:40,853] {scheduler_job.py:633} INFO - Processing file /home/airflow/.local/lib/python3.6/site-packages/airflow/example_dags/example_bash_operator.py for tasks to queue
[2023-08-08 23:06:40,855] {logging_mixin.py:104} INFO - [2023-08-08 23:06:40,855] {dagbag.py:496} INFO - Filling up the DagBag from /home/airflow/.local/lib/python3.6/site-packages/airflow/example_dags/example_bash_operator.py
[2023-08-08 23:06:40,900] {scheduler_job.py:643} INFO - DAG(s) dict_keys(['example_bash_operator']) retrieved from /home/airflow/.local/lib/python3.6/site-packages/airflow/example_dags/example_bash_operator.py
[2023-08-08 23:06:40,967] {logging_mixin.py:104} INFO - [2023-08-08 23:06:40,966] {dag.py:1833} INFO - Sync 1 DAGs
[2023-08-08 23:06:41,008] {logging_mixin.py:104} INFO - [2023-08-08 23:06:41,008] {dag.py:2306} INFO - Setting next_dagrun for example_bash_operator to 2023-08-06 00:00:00+00:00
[2023-08-08 23:06:41,027] {scheduler_job.py:190} INFO - Processing /home/airflow/.local/lib/python3.6/site-packages/airflow/example_dags/example_bash_operator.py took 0.185 seconds
[2023-08-08 23:07:11,570] {scheduler_job.py:182} INFO - Started process (PID=6178) to work on /home/airflow/.local/lib/python3.6/site-packages/airflow/example_dags/example_bash_operator.py
[2023-08-08 23:07:11,575] {scheduler_job.py:633} INFO - Processing file /home/airflow/.local/lib/python3.6/site-packages/airflow/example_dags/example_bash_operator.py for tasks to queue
[2023-08-08 23:07:11,580] {logging_mixin.py:104} INFO - [2023-08-08 23:07:11,580] {dagbag.py:496} INFO - Filling up the DagBag from /home/airflow/.local/lib/python3.6/site-packages/airflow/example_dags/example_bash_operator.py
[2023-08-08 23:07:11,653] {scheduler_job.py:643} INFO - DAG(s) dict_keys(['example_bash_operator']) retrieved from /home/airflow/.local/lib/python3.6/site-packages/airflow/example_dags/example_bash_operator.py
[2023-08-08 23:07:11,735] {logging_mixin.py:104} INFO - [2023-08-08 23:07:11,734] {dag.py:1833} INFO - Sync 1 DAGs
[2023-08-08 23:07:11,806] {logging_mixin.py:104} INFO - [2023-08-08 23:07:11,805] {dag.py:2306} INFO - Setting next_dagrun for example_bash_operator to 2023-08-06 00:00:00+00:00
[2023-08-08 23:07:11,850] {scheduler_job.py:190} INFO - Processing /home/airflow/.local/lib/python3.6/site-packages/airflow/example_dags/example_bash_operator.py took 0.328 seconds
[2023-08-08 23:07:42,616] {scheduler_job.py:182} INFO - Started process (PID=6227) to work on /home/airflow/.local/lib/python3.6/site-packages/airflow/example_dags/example_bash_operator.py
[2023-08-08 23:07:42,620] {scheduler_job.py:633} INFO - Processing file /home/airflow/.local/lib/python3.6/site-packages/airflow/example_dags/example_bash_operator.py for tasks to queue
[2023-08-08 23:07:42,630] {logging_mixin.py:104} INFO - [2023-08-08 23:07:42,630] {dagbag.py:496} INFO - Filling up the DagBag from /home/airflow/.local/lib/python3.6/site-packages/airflow/example_dags/example_bash_operator.py
[2023-08-08 23:07:42,778] {scheduler_job.py:643} INFO - DAG(s) dict_keys(['example_bash_operator']) retrieved from /home/airflow/.local/lib/python3.6/site-packages/airflow/example_dags/example_bash_operator.py
[2023-08-08 23:07:42,927] {logging_mixin.py:104} INFO - [2023-08-08 23:07:42,927] {dag.py:1833} INFO - Sync 1 DAGs
[2023-08-08 23:07:43,046] {logging_mixin.py:104} INFO - [2023-08-08 23:07:43,046] {dag.py:2306} INFO - Setting next_dagrun for example_bash_operator to 2023-08-06 00:00:00+00:00
[2023-08-08 23:07:43,132] {scheduler_job.py:190} INFO - Processing /home/airflow/.local/lib/python3.6/site-packages/airflow/example_dags/example_bash_operator.py took 0.548 seconds
[2023-08-08 23:08:13,546] {scheduler_job.py:182} INFO - Started process (PID=6268) to work on /home/airflow/.local/lib/python3.6/site-packages/airflow/example_dags/example_bash_operator.py
[2023-08-08 23:08:13,551] {scheduler_job.py:633} INFO - Processing file /home/airflow/.local/lib/python3.6/site-packages/airflow/example_dags/example_bash_operator.py for tasks to queue
[2023-08-08 23:08:13,555] {logging_mixin.py:104} INFO - [2023-08-08 23:08:13,555] {dagbag.py:496} INFO - Filling up the DagBag from /home/airflow/.local/lib/python3.6/site-packages/airflow/example_dags/example_bash_operator.py
[2023-08-08 23:08:13,609] {scheduler_job.py:643} INFO - DAG(s) dict_keys(['example_bash_operator']) retrieved from /home/airflow/.local/lib/python3.6/site-packages/airflow/example_dags/example_bash_operator.py
[2023-08-08 23:08:13,656] {logging_mixin.py:104} INFO - [2023-08-08 23:08:13,656] {dag.py:1833} INFO - Sync 1 DAGs
[2023-08-08 23:08:13,683] {logging_mixin.py:104} INFO - [2023-08-08 23:08:13,682] {dag.py:2306} INFO - Setting next_dagrun for example_bash_operator to 2023-08-06 00:00:00+00:00
[2023-08-08 23:08:13,706] {scheduler_job.py:190} INFO - Processing /home/airflow/.local/lib/python3.6/site-packages/airflow/example_dags/example_bash_operator.py took 0.170 seconds
[2023-08-08 23:08:44,257] {scheduler_job.py:182} INFO - Started process (PID=6320) to work on /home/airflow/.local/lib/python3.6/site-packages/airflow/example_dags/example_bash_operator.py
[2023-08-08 23:08:44,261] {scheduler_job.py:633} INFO - Processing file /home/airflow/.local/lib/python3.6/site-packages/airflow/example_dags/example_bash_operator.py for tasks to queue
[2023-08-08 23:08:44,264] {logging_mixin.py:104} INFO - [2023-08-08 23:08:44,264] {dagbag.py:496} INFO - Filling up the DagBag from /home/airflow/.local/lib/python3.6/site-packages/airflow/example_dags/example_bash_operator.py
[2023-08-08 23:08:44,310] {scheduler_job.py:643} INFO - DAG(s) dict_keys(['example_bash_operator']) retrieved from /home/airflow/.local/lib/python3.6/site-packages/airflow/example_dags/example_bash_operator.py
[2023-08-08 23:08:44,388] {logging_mixin.py:104} INFO - [2023-08-08 23:08:44,388] {dag.py:1833} INFO - Sync 1 DAGs
[2023-08-08 23:08:44,451] {logging_mixin.py:104} INFO - [2023-08-08 23:08:44,450] {dag.py:2306} INFO - Setting next_dagrun for example_bash_operator to 2023-08-06 00:00:00+00:00
[2023-08-08 23:08:44,484] {scheduler_job.py:190} INFO - Processing /home/airflow/.local/lib/python3.6/site-packages/airflow/example_dags/example_bash_operator.py took 0.243 seconds
[2023-08-08 23:09:15,338] {scheduler_job.py:182} INFO - Started process (PID=6370) to work on /home/airflow/.local/lib/python3.6/site-packages/airflow/example_dags/example_bash_operator.py
[2023-08-08 23:09:15,343] {scheduler_job.py:633} INFO - Processing file /home/airflow/.local/lib/python3.6/site-packages/airflow/example_dags/example_bash_operator.py for tasks to queue
[2023-08-08 23:09:15,348] {logging_mixin.py:104} INFO - [2023-08-08 23:09:15,347] {dagbag.py:496} INFO - Filling up the DagBag from /home/airflow/.local/lib/python3.6/site-packages/airflow/example_dags/example_bash_operator.py
[2023-08-08 23:09:15,390] {scheduler_job.py:643} INFO - DAG(s) dict_keys(['example_bash_operator']) retrieved from /home/airflow/.local/lib/python3.6/site-packages/airflow/example_dags/example_bash_operator.py
[2023-08-08 23:09:15,440] {logging_mixin.py:104} INFO - [2023-08-08 23:09:15,440] {dag.py:1833} INFO - Sync 1 DAGs
[2023-08-08 23:09:15,484] {logging_mixin.py:104} INFO - [2023-08-08 23:09:15,484] {dag.py:2306} INFO - Setting next_dagrun for example_bash_operator to 2023-08-06 00:00:00+00:00
[2023-08-08 23:09:15,508] {scheduler_job.py:190} INFO - Processing /home/airflow/.local/lib/python3.6/site-packages/airflow/example_dags/example_bash_operator.py took 0.185 seconds
[2023-08-08 23:09:46,248] {scheduler_job.py:182} INFO - Started process (PID=6422) to work on /home/airflow/.local/lib/python3.6/site-packages/airflow/example_dags/example_bash_operator.py
[2023-08-08 23:09:46,258] {scheduler_job.py:633} INFO - Processing file /home/airflow/.local/lib/python3.6/site-packages/airflow/example_dags/example_bash_operator.py for tasks to queue
[2023-08-08 23:09:46,260] {logging_mixin.py:104} INFO - [2023-08-08 23:09:46,260] {dagbag.py:496} INFO - Filling up the DagBag from /home/airflow/.local/lib/python3.6/site-packages/airflow/example_dags/example_bash_operator.py
[2023-08-08 23:09:46,344] {scheduler_job.py:643} INFO - DAG(s) dict_keys(['example_bash_operator']) retrieved from /home/airflow/.local/lib/python3.6/site-packages/airflow/example_dags/example_bash_operator.py
[2023-08-08 23:09:46,410] {logging_mixin.py:104} INFO - [2023-08-08 23:09:46,410] {dag.py:1833} INFO - Sync 1 DAGs
[2023-08-08 23:09:46,493] {logging_mixin.py:104} INFO - [2023-08-08 23:09:46,493] {dag.py:2306} INFO - Setting next_dagrun for example_bash_operator to 2023-08-06 00:00:00+00:00
[2023-08-08 23:09:46,550] {scheduler_job.py:190} INFO - Processing /home/airflow/.local/lib/python3.6/site-packages/airflow/example_dags/example_bash_operator.py took 0.323 seconds
[2023-08-08 23:10:16,864] {scheduler_job.py:182} INFO - Started process (PID=6473) to work on /home/airflow/.local/lib/python3.6/site-packages/airflow/example_dags/example_bash_operator.py
[2023-08-08 23:10:16,869] {scheduler_job.py:633} INFO - Processing file /home/airflow/.local/lib/python3.6/site-packages/airflow/example_dags/example_bash_operator.py for tasks to queue
[2023-08-08 23:10:16,872] {logging_mixin.py:104} INFO - [2023-08-08 23:10:16,872] {dagbag.py:496} INFO - Filling up the DagBag from /home/airflow/.local/lib/python3.6/site-packages/airflow/example_dags/example_bash_operator.py
[2023-08-08 23:10:16,924] {scheduler_job.py:643} INFO - DAG(s) dict_keys(['example_bash_operator']) retrieved from /home/airflow/.local/lib/python3.6/site-packages/airflow/example_dags/example_bash_operator.py
[2023-08-08 23:10:17,009] {logging_mixin.py:104} INFO - [2023-08-08 23:10:17,009] {dag.py:1833} INFO - Sync 1 DAGs
[2023-08-08 23:10:17,064] {logging_mixin.py:104} INFO - [2023-08-08 23:10:17,063] {dag.py:2306} INFO - Setting next_dagrun for example_bash_operator to 2023-08-06 00:00:00+00:00
[2023-08-08 23:10:17,113] {scheduler_job.py:190} INFO - Processing /home/airflow/.local/lib/python3.6/site-packages/airflow/example_dags/example_bash_operator.py took 0.262 seconds
[2023-08-08 23:10:47,339] {scheduler_job.py:182} INFO - Started process (PID=6523) to work on /home/airflow/.local/lib/python3.6/site-packages/airflow/example_dags/example_bash_operator.py
[2023-08-08 23:10:47,342] {scheduler_job.py:633} INFO - Processing file /home/airflow/.local/lib/python3.6/site-packages/airflow/example_dags/example_bash_operator.py for tasks to queue
[2023-08-08 23:10:47,345] {logging_mixin.py:104} INFO - [2023-08-08 23:10:47,344] {dagbag.py:496} INFO - Filling up the DagBag from /home/airflow/.local/lib/python3.6/site-packages/airflow/example_dags/example_bash_operator.py
[2023-08-08 23:10:47,377] {scheduler_job.py:643} INFO - DAG(s) dict_keys(['example_bash_operator']) retrieved from /home/airflow/.local/lib/python3.6/site-packages/airflow/example_dags/example_bash_operator.py
[2023-08-08 23:10:47,430] {logging_mixin.py:104} INFO - [2023-08-08 23:10:47,430] {dag.py:1833} INFO - Sync 1 DAGs
[2023-08-08 23:10:47,460] {logging_mixin.py:104} INFO - [2023-08-08 23:10:47,460] {dag.py:2306} INFO - Setting next_dagrun for example_bash_operator to 2023-08-06 00:00:00+00:00
[2023-08-08 23:10:47,489] {scheduler_job.py:190} INFO - Processing /home/airflow/.local/lib/python3.6/site-packages/airflow/example_dags/example_bash_operator.py took 0.163 seconds
[2023-08-08 23:11:17,638] {scheduler_job.py:182} INFO - Started process (PID=6573) to work on /home/airflow/.local/lib/python3.6/site-packages/airflow/example_dags/example_bash_operator.py
[2023-08-08 23:11:17,653] {scheduler_job.py:633} INFO - Processing file /home/airflow/.local/lib/python3.6/site-packages/airflow/example_dags/example_bash_operator.py for tasks to queue
[2023-08-08 23:11:17,658] {logging_mixin.py:104} INFO - [2023-08-08 23:11:17,658] {dagbag.py:496} INFO - Filling up the DagBag from /home/airflow/.local/lib/python3.6/site-packages/airflow/example_dags/example_bash_operator.py
[2023-08-08 23:11:17,734] {scheduler_job.py:643} INFO - DAG(s) dict_keys(['example_bash_operator']) retrieved from /home/airflow/.local/lib/python3.6/site-packages/airflow/example_dags/example_bash_operator.py
[2023-08-08 23:11:17,786] {logging_mixin.py:104} INFO - [2023-08-08 23:11:17,785] {dag.py:1833} INFO - Sync 1 DAGs
[2023-08-08 23:11:17,822] {logging_mixin.py:104} INFO - [2023-08-08 23:11:17,822] {dag.py:2306} INFO - Setting next_dagrun for example_bash_operator to 2023-08-06 00:00:00+00:00
[2023-08-08 23:11:17,851] {scheduler_job.py:190} INFO - Processing /home/airflow/.local/lib/python3.6/site-packages/airflow/example_dags/example_bash_operator.py took 0.232 seconds
[2023-08-08 23:11:48,214] {scheduler_job.py:182} INFO - Started process (PID=6624) to work on /home/airflow/.local/lib/python3.6/site-packages/airflow/example_dags/example_bash_operator.py
[2023-08-08 23:11:48,231] {scheduler_job.py:633} INFO - Processing file /home/airflow/.local/lib/python3.6/site-packages/airflow/example_dags/example_bash_operator.py for tasks to queue
[2023-08-08 23:11:48,239] {logging_mixin.py:104} INFO - [2023-08-08 23:11:48,238] {dagbag.py:496} INFO - Filling up the DagBag from /home/airflow/.local/lib/python3.6/site-packages/airflow/example_dags/example_bash_operator.py
[2023-08-08 23:11:48,392] {scheduler_job.py:643} INFO - DAG(s) dict_keys(['example_bash_operator']) retrieved from /home/airflow/.local/lib/python3.6/site-packages/airflow/example_dags/example_bash_operator.py
[2023-08-08 23:11:48,721] {logging_mixin.py:104} INFO - [2023-08-08 23:11:48,721] {dag.py:1833} INFO - Sync 1 DAGs
[2023-08-08 23:11:48,851] {logging_mixin.py:104} INFO - [2023-08-08 23:11:48,850] {dag.py:2306} INFO - Setting next_dagrun for example_bash_operator to 2023-08-06 00:00:00+00:00
[2023-08-08 23:11:48,896] {scheduler_job.py:190} INFO - Processing /home/airflow/.local/lib/python3.6/site-packages/airflow/example_dags/example_bash_operator.py took 0.702 seconds
[2023-08-08 23:12:19,481] {scheduler_job.py:182} INFO - Started process (PID=6665) to work on /home/airflow/.local/lib/python3.6/site-packages/airflow/example_dags/example_bash_operator.py
[2023-08-08 23:12:19,498] {scheduler_job.py:633} INFO - Processing file /home/airflow/.local/lib/python3.6/site-packages/airflow/example_dags/example_bash_operator.py for tasks to queue
[2023-08-08 23:12:19,503] {logging_mixin.py:104} INFO - [2023-08-08 23:12:19,503] {dagbag.py:496} INFO - Filling up the DagBag from /home/airflow/.local/lib/python3.6/site-packages/airflow/example_dags/example_bash_operator.py
[2023-08-08 23:12:19,561] {scheduler_job.py:643} INFO - DAG(s) dict_keys(['example_bash_operator']) retrieved from /home/airflow/.local/lib/python3.6/site-packages/airflow/example_dags/example_bash_operator.py
[2023-08-08 23:12:19,647] {logging_mixin.py:104} INFO - [2023-08-08 23:12:19,646] {dag.py:1833} INFO - Sync 1 DAGs
[2023-08-08 23:12:19,695] {logging_mixin.py:104} INFO - [2023-08-08 23:12:19,695] {dag.py:2306} INFO - Setting next_dagrun for example_bash_operator to 2023-08-06 00:00:00+00:00
[2023-08-08 23:12:19,752] {scheduler_job.py:190} INFO - Processing /home/airflow/.local/lib/python3.6/site-packages/airflow/example_dags/example_bash_operator.py took 0.292 seconds
[2023-08-08 23:12:50,274] {scheduler_job.py:182} INFO - Started process (PID=6714) to work on /home/airflow/.local/lib/python3.6/site-packages/airflow/example_dags/example_bash_operator.py
[2023-08-08 23:12:50,279] {scheduler_job.py:633} INFO - Processing file /home/airflow/.local/lib/python3.6/site-packages/airflow/example_dags/example_bash_operator.py for tasks to queue
[2023-08-08 23:12:50,286] {logging_mixin.py:104} INFO - [2023-08-08 23:12:50,285] {dagbag.py:496} INFO - Filling up the DagBag from /home/airflow/.local/lib/python3.6/site-packages/airflow/example_dags/example_bash_operator.py
[2023-08-08 23:12:50,335] {scheduler_job.py:643} INFO - DAG(s) dict_keys(['example_bash_operator']) retrieved from /home/airflow/.local/lib/python3.6/site-packages/airflow/example_dags/example_bash_operator.py
[2023-08-08 23:12:50,421] {logging_mixin.py:104} INFO - [2023-08-08 23:12:50,421] {dag.py:1833} INFO - Sync 1 DAGs
[2023-08-08 23:12:50,474] {logging_mixin.py:104} INFO - [2023-08-08 23:12:50,474] {dag.py:2306} INFO - Setting next_dagrun for example_bash_operator to 2023-08-06 00:00:00+00:00
[2023-08-08 23:12:50,573] {scheduler_job.py:190} INFO - Processing /home/airflow/.local/lib/python3.6/site-packages/airflow/example_dags/example_bash_operator.py took 0.311 seconds
[2023-08-08 23:13:21,335] {scheduler_job.py:182} INFO - Started process (PID=6766) to work on /home/airflow/.local/lib/python3.6/site-packages/airflow/example_dags/example_bash_operator.py
[2023-08-08 23:13:21,349] {scheduler_job.py:633} INFO - Processing file /home/airflow/.local/lib/python3.6/site-packages/airflow/example_dags/example_bash_operator.py for tasks to queue
[2023-08-08 23:13:21,352] {logging_mixin.py:104} INFO - [2023-08-08 23:13:21,352] {dagbag.py:496} INFO - Filling up the DagBag from /home/airflow/.local/lib/python3.6/site-packages/airflow/example_dags/example_bash_operator.py
[2023-08-08 23:13:21,457] {scheduler_job.py:643} INFO - DAG(s) dict_keys(['example_bash_operator']) retrieved from /home/airflow/.local/lib/python3.6/site-packages/airflow/example_dags/example_bash_operator.py
[2023-08-08 23:13:21,569] {logging_mixin.py:104} INFO - [2023-08-08 23:13:21,569] {dag.py:1833} INFO - Sync 1 DAGs
[2023-08-08 23:13:21,730] {logging_mixin.py:104} INFO - [2023-08-08 23:13:21,730] {dag.py:2306} INFO - Setting next_dagrun for example_bash_operator to 2023-08-06 00:00:00+00:00
[2023-08-08 23:13:21,769] {scheduler_job.py:190} INFO - Processing /home/airflow/.local/lib/python3.6/site-packages/airflow/example_dags/example_bash_operator.py took 0.449 seconds
[2023-08-08 23:13:52,713] {scheduler_job.py:182} INFO - Started process (PID=6816) to work on /home/airflow/.local/lib/python3.6/site-packages/airflow/example_dags/example_bash_operator.py
[2023-08-08 23:13:52,724] {scheduler_job.py:633} INFO - Processing file /home/airflow/.local/lib/python3.6/site-packages/airflow/example_dags/example_bash_operator.py for tasks to queue
[2023-08-08 23:13:52,731] {logging_mixin.py:104} INFO - [2023-08-08 23:13:52,731] {dagbag.py:496} INFO - Filling up the DagBag from /home/airflow/.local/lib/python3.6/site-packages/airflow/example_dags/example_bash_operator.py
[2023-08-08 23:13:52,777] {scheduler_job.py:643} INFO - DAG(s) dict_keys(['example_bash_operator']) retrieved from /home/airflow/.local/lib/python3.6/site-packages/airflow/example_dags/example_bash_operator.py
[2023-08-08 23:13:52,826] {logging_mixin.py:104} INFO - [2023-08-08 23:13:52,825] {dag.py:1833} INFO - Sync 1 DAGs
[2023-08-08 23:13:52,865] {logging_mixin.py:104} INFO - [2023-08-08 23:13:52,865] {dag.py:2306} INFO - Setting next_dagrun for example_bash_operator to 2023-08-06 00:00:00+00:00
[2023-08-08 23:13:52,893] {scheduler_job.py:190} INFO - Processing /home/airflow/.local/lib/python3.6/site-packages/airflow/example_dags/example_bash_operator.py took 0.189 seconds
[2023-08-08 23:14:23,269] {scheduler_job.py:182} INFO - Started process (PID=6867) to work on /home/airflow/.local/lib/python3.6/site-packages/airflow/example_dags/example_bash_operator.py
[2023-08-08 23:14:23,274] {scheduler_job.py:633} INFO - Processing file /home/airflow/.local/lib/python3.6/site-packages/airflow/example_dags/example_bash_operator.py for tasks to queue
[2023-08-08 23:14:23,283] {logging_mixin.py:104} INFO - [2023-08-08 23:14:23,282] {dagbag.py:496} INFO - Filling up the DagBag from /home/airflow/.local/lib/python3.6/site-packages/airflow/example_dags/example_bash_operator.py
[2023-08-08 23:14:23,342] {scheduler_job.py:643} INFO - DAG(s) dict_keys(['example_bash_operator']) retrieved from /home/airflow/.local/lib/python3.6/site-packages/airflow/example_dags/example_bash_operator.py
[2023-08-08 23:14:23,445] {logging_mixin.py:104} INFO - [2023-08-08 23:14:23,445] {dag.py:1833} INFO - Sync 1 DAGs
[2023-08-08 23:14:23,508] {logging_mixin.py:104} INFO - [2023-08-08 23:14:23,508] {dag.py:2306} INFO - Setting next_dagrun for example_bash_operator to 2023-08-06 00:00:00+00:00
[2023-08-08 23:14:23,545] {scheduler_job.py:190} INFO - Processing /home/airflow/.local/lib/python3.6/site-packages/airflow/example_dags/example_bash_operator.py took 0.303 seconds
[2023-08-08 23:14:57,005] {scheduler_job.py:182} INFO - Started process (PID=6914) to work on /home/airflow/.local/lib/python3.6/site-packages/airflow/example_dags/example_bash_operator.py
[2023-08-08 23:14:57,018] {scheduler_job.py:633} INFO - Processing file /home/airflow/.local/lib/python3.6/site-packages/airflow/example_dags/example_bash_operator.py for tasks to queue
[2023-08-08 23:14:57,027] {logging_mixin.py:104} INFO - [2023-08-08 23:14:57,027] {dagbag.py:496} INFO - Filling up the DagBag from /home/airflow/.local/lib/python3.6/site-packages/airflow/example_dags/example_bash_operator.py
[2023-08-08 23:14:57,160] {scheduler_job.py:643} INFO - DAG(s) dict_keys(['example_bash_operator']) retrieved from /home/airflow/.local/lib/python3.6/site-packages/airflow/example_dags/example_bash_operator.py
[2023-08-08 23:14:57,387] {logging_mixin.py:104} INFO - [2023-08-08 23:14:57,387] {dag.py:1833} INFO - Sync 1 DAGs
[2023-08-08 23:14:57,543] {logging_mixin.py:104} INFO - [2023-08-08 23:14:57,543] {dag.py:2306} INFO - Setting next_dagrun for example_bash_operator to 2023-08-06 00:00:00+00:00
[2023-08-08 23:14:57,632] {scheduler_job.py:190} INFO - Processing /home/airflow/.local/lib/python3.6/site-packages/airflow/example_dags/example_bash_operator.py took 0.677 seconds
[2023-08-08 23:15:28,595] {scheduler_job.py:182} INFO - Started process (PID=6962) to work on /home/airflow/.local/lib/python3.6/site-packages/airflow/example_dags/example_bash_operator.py
[2023-08-08 23:15:28,604] {scheduler_job.py:633} INFO - Processing file /home/airflow/.local/lib/python3.6/site-packages/airflow/example_dags/example_bash_operator.py for tasks to queue
[2023-08-08 23:15:28,606] {logging_mixin.py:104} INFO - [2023-08-08 23:15:28,606] {dagbag.py:496} INFO - Filling up the DagBag from /home/airflow/.local/lib/python3.6/site-packages/airflow/example_dags/example_bash_operator.py
[2023-08-08 23:15:28,710] {scheduler_job.py:643} INFO - DAG(s) dict_keys(['example_bash_operator']) retrieved from /home/airflow/.local/lib/python3.6/site-packages/airflow/example_dags/example_bash_operator.py
[2023-08-08 23:15:28,806] {logging_mixin.py:104} INFO - [2023-08-08 23:15:28,806] {dag.py:1833} INFO - Sync 1 DAGs
[2023-08-08 23:15:28,985] {logging_mixin.py:104} INFO - [2023-08-08 23:15:28,979] {dag.py:2306} INFO - Setting next_dagrun for example_bash_operator to 2023-08-06 00:00:00+00:00
[2023-08-08 23:15:29,068] {scheduler_job.py:190} INFO - Processing /home/airflow/.local/lib/python3.6/site-packages/airflow/example_dags/example_bash_operator.py took 0.498 seconds
[2023-08-08 23:16:00,072] {scheduler_job.py:182} INFO - Started process (PID=7005) to work on /home/airflow/.local/lib/python3.6/site-packages/airflow/example_dags/example_bash_operator.py
[2023-08-08 23:16:00,075] {scheduler_job.py:633} INFO - Processing file /home/airflow/.local/lib/python3.6/site-packages/airflow/example_dags/example_bash_operator.py for tasks to queue
[2023-08-08 23:16:00,077] {logging_mixin.py:104} INFO - [2023-08-08 23:16:00,077] {dagbag.py:496} INFO - Filling up the DagBag from /home/airflow/.local/lib/python3.6/site-packages/airflow/example_dags/example_bash_operator.py
[2023-08-08 23:16:00,127] {scheduler_job.py:643} INFO - DAG(s) dict_keys(['example_bash_operator']) retrieved from /home/airflow/.local/lib/python3.6/site-packages/airflow/example_dags/example_bash_operator.py
[2023-08-08 23:16:00,194] {logging_mixin.py:104} INFO - [2023-08-08 23:16:00,193] {dag.py:1833} INFO - Sync 1 DAGs
[2023-08-08 23:16:00,246] {logging_mixin.py:104} INFO - [2023-08-08 23:16:00,244] {dag.py:2306} INFO - Setting next_dagrun for example_bash_operator to 2023-08-06 00:00:00+00:00
[2023-08-08 23:16:00,293] {scheduler_job.py:190} INFO - Processing /home/airflow/.local/lib/python3.6/site-packages/airflow/example_dags/example_bash_operator.py took 0.232 seconds
[2023-08-08 23:16:30,952] {scheduler_job.py:182} INFO - Started process (PID=7055) to work on /home/airflow/.local/lib/python3.6/site-packages/airflow/example_dags/example_bash_operator.py
[2023-08-08 23:16:30,959] {scheduler_job.py:633} INFO - Processing file /home/airflow/.local/lib/python3.6/site-packages/airflow/example_dags/example_bash_operator.py for tasks to queue
[2023-08-08 23:16:30,968] {logging_mixin.py:104} INFO - [2023-08-08 23:16:30,967] {dagbag.py:496} INFO - Filling up the DagBag from /home/airflow/.local/lib/python3.6/site-packages/airflow/example_dags/example_bash_operator.py
[2023-08-08 23:16:31,069] {scheduler_job.py:643} INFO - DAG(s) dict_keys(['example_bash_operator']) retrieved from /home/airflow/.local/lib/python3.6/site-packages/airflow/example_dags/example_bash_operator.py
[2023-08-08 23:16:31,136] {logging_mixin.py:104} INFO - [2023-08-08 23:16:31,136] {dag.py:1833} INFO - Sync 1 DAGs
[2023-08-08 23:16:31,198] {logging_mixin.py:104} INFO - [2023-08-08 23:16:31,198] {dag.py:2306} INFO - Setting next_dagrun for example_bash_operator to 2023-08-06 00:00:00+00:00
[2023-08-08 23:16:31,246] {scheduler_job.py:190} INFO - Processing /home/airflow/.local/lib/python3.6/site-packages/airflow/example_dags/example_bash_operator.py took 0.308 seconds
[2023-08-08 23:17:03,934] {scheduler_job.py:182} INFO - Started process (PID=7106) to work on /home/airflow/.local/lib/python3.6/site-packages/airflow/example_dags/example_bash_operator.py
[2023-08-08 23:17:03,947] {scheduler_job.py:633} INFO - Processing file /home/airflow/.local/lib/python3.6/site-packages/airflow/example_dags/example_bash_operator.py for tasks to queue
[2023-08-08 23:17:03,954] {logging_mixin.py:104} INFO - [2023-08-08 23:17:03,953] {dagbag.py:496} INFO - Filling up the DagBag from /home/airflow/.local/lib/python3.6/site-packages/airflow/example_dags/example_bash_operator.py
[2023-08-08 23:17:04,089] {scheduler_job.py:643} INFO - DAG(s) dict_keys(['example_bash_operator']) retrieved from /home/airflow/.local/lib/python3.6/site-packages/airflow/example_dags/example_bash_operator.py
[2023-08-08 23:17:04,305] {logging_mixin.py:104} INFO - [2023-08-08 23:17:04,301] {dag.py:1833} INFO - Sync 1 DAGs
[2023-08-08 23:17:04,439] {logging_mixin.py:104} INFO - [2023-08-08 23:17:04,439] {dag.py:2306} INFO - Setting next_dagrun for example_bash_operator to 2023-08-06 00:00:00+00:00
[2023-08-08 23:17:04,505] {scheduler_job.py:190} INFO - Processing /home/airflow/.local/lib/python3.6/site-packages/airflow/example_dags/example_bash_operator.py took 0.587 seconds
[2023-08-08 23:17:35,016] {scheduler_job.py:182} INFO - Started process (PID=7145) to work on /home/airflow/.local/lib/python3.6/site-packages/airflow/example_dags/example_bash_operator.py
[2023-08-08 23:17:35,027] {scheduler_job.py:633} INFO - Processing file /home/airflow/.local/lib/python3.6/site-packages/airflow/example_dags/example_bash_operator.py for tasks to queue
[2023-08-08 23:17:35,034] {logging_mixin.py:104} INFO - [2023-08-08 23:17:35,034] {dagbag.py:496} INFO - Filling up the DagBag from /home/airflow/.local/lib/python3.6/site-packages/airflow/example_dags/example_bash_operator.py
[2023-08-08 23:17:35,134] {scheduler_job.py:643} INFO - DAG(s) dict_keys(['example_bash_operator']) retrieved from /home/airflow/.local/lib/python3.6/site-packages/airflow/example_dags/example_bash_operator.py
[2023-08-08 23:17:35,194] {logging_mixin.py:104} INFO - [2023-08-08 23:17:35,194] {dag.py:1833} INFO - Sync 1 DAGs
[2023-08-08 23:17:35,234] {logging_mixin.py:104} INFO - [2023-08-08 23:17:35,234] {dag.py:2306} INFO - Setting next_dagrun for example_bash_operator to 2023-08-06 00:00:00+00:00
[2023-08-08 23:17:35,694] {scheduler_job.py:190} INFO - Processing /home/airflow/.local/lib/python3.6/site-packages/airflow/example_dags/example_bash_operator.py took 0.716 seconds
[2023-08-08 23:18:06,648] {scheduler_job.py:182} INFO - Started process (PID=7196) to work on /home/airflow/.local/lib/python3.6/site-packages/airflow/example_dags/example_bash_operator.py
[2023-08-08 23:18:06,662] {scheduler_job.py:633} INFO - Processing file /home/airflow/.local/lib/python3.6/site-packages/airflow/example_dags/example_bash_operator.py for tasks to queue
[2023-08-08 23:18:06,685] {logging_mixin.py:104} INFO - [2023-08-08 23:18:06,685] {dagbag.py:496} INFO - Filling up the DagBag from /home/airflow/.local/lib/python3.6/site-packages/airflow/example_dags/example_bash_operator.py
[2023-08-08 23:18:06,740] {scheduler_job.py:643} INFO - DAG(s) dict_keys(['example_bash_operator']) retrieved from /home/airflow/.local/lib/python3.6/site-packages/airflow/example_dags/example_bash_operator.py
[2023-08-08 23:18:06,805] {logging_mixin.py:104} INFO - [2023-08-08 23:18:06,804] {dag.py:1833} INFO - Sync 1 DAGs
[2023-08-08 23:18:06,859] {logging_mixin.py:104} INFO - [2023-08-08 23:18:06,859] {dag.py:2306} INFO - Setting next_dagrun for example_bash_operator to 2023-08-06 00:00:00+00:00
[2023-08-08 23:18:06,880] {scheduler_job.py:190} INFO - Processing /home/airflow/.local/lib/python3.6/site-packages/airflow/example_dags/example_bash_operator.py took 0.277 seconds
[2023-08-08 23:18:39,252] {scheduler_job.py:182} INFO - Started process (PID=7247) to work on /home/airflow/.local/lib/python3.6/site-packages/airflow/example_dags/example_bash_operator.py
[2023-08-08 23:18:39,255] {scheduler_job.py:633} INFO - Processing file /home/airflow/.local/lib/python3.6/site-packages/airflow/example_dags/example_bash_operator.py for tasks to queue
[2023-08-08 23:18:39,268] {logging_mixin.py:104} INFO - [2023-08-08 23:18:39,268] {dagbag.py:496} INFO - Filling up the DagBag from /home/airflow/.local/lib/python3.6/site-packages/airflow/example_dags/example_bash_operator.py
[2023-08-08 23:18:39,459] {scheduler_job.py:643} INFO - DAG(s) dict_keys(['example_bash_operator']) retrieved from /home/airflow/.local/lib/python3.6/site-packages/airflow/example_dags/example_bash_operator.py
[2023-08-08 23:18:39,678] {logging_mixin.py:104} INFO - [2023-08-08 23:18:39,677] {dag.py:1833} INFO - Sync 1 DAGs
[2023-08-08 23:18:39,943] {logging_mixin.py:104} INFO - [2023-08-08 23:18:39,942] {dag.py:2306} INFO - Setting next_dagrun for example_bash_operator to 2023-08-06 00:00:00+00:00
[2023-08-08 23:18:40,014] {scheduler_job.py:190} INFO - Processing /home/airflow/.local/lib/python3.6/site-packages/airflow/example_dags/example_bash_operator.py took 0.790 seconds
[2023-08-08 23:19:10,956] {scheduler_job.py:182} INFO - Started process (PID=7299) to work on /home/airflow/.local/lib/python3.6/site-packages/airflow/example_dags/example_bash_operator.py
[2023-08-08 23:19:10,966] {scheduler_job.py:633} INFO - Processing file /home/airflow/.local/lib/python3.6/site-packages/airflow/example_dags/example_bash_operator.py for tasks to queue
[2023-08-08 23:19:10,974] {logging_mixin.py:104} INFO - [2023-08-08 23:19:10,974] {dagbag.py:496} INFO - Filling up the DagBag from /home/airflow/.local/lib/python3.6/site-packages/airflow/example_dags/example_bash_operator.py
[2023-08-08 23:19:11,129] {scheduler_job.py:643} INFO - DAG(s) dict_keys(['example_bash_operator']) retrieved from /home/airflow/.local/lib/python3.6/site-packages/airflow/example_dags/example_bash_operator.py
[2023-08-08 23:19:11,253] {logging_mixin.py:104} INFO - [2023-08-08 23:19:11,253] {dag.py:1833} INFO - Sync 1 DAGs
[2023-08-08 23:19:11,333] {logging_mixin.py:104} INFO - [2023-08-08 23:19:11,331] {dag.py:2306} INFO - Setting next_dagrun for example_bash_operator to 2023-08-06 00:00:00+00:00
[2023-08-08 23:19:11,386] {scheduler_job.py:190} INFO - Processing /home/airflow/.local/lib/python3.6/site-packages/airflow/example_dags/example_bash_operator.py took 0.451 seconds
[2023-08-08 23:19:42,173] {scheduler_job.py:182} INFO - Started process (PID=7347) to work on /home/airflow/.local/lib/python3.6/site-packages/airflow/example_dags/example_bash_operator.py
[2023-08-08 23:19:42,176] {scheduler_job.py:633} INFO - Processing file /home/airflow/.local/lib/python3.6/site-packages/airflow/example_dags/example_bash_operator.py for tasks to queue
[2023-08-08 23:19:42,189] {logging_mixin.py:104} INFO - [2023-08-08 23:19:42,187] {dagbag.py:496} INFO - Filling up the DagBag from /home/airflow/.local/lib/python3.6/site-packages/airflow/example_dags/example_bash_operator.py
[2023-08-08 23:19:42,300] {scheduler_job.py:643} INFO - DAG(s) dict_keys(['example_bash_operator']) retrieved from /home/airflow/.local/lib/python3.6/site-packages/airflow/example_dags/example_bash_operator.py
[2023-08-08 23:19:42,524] {logging_mixin.py:104} INFO - [2023-08-08 23:19:42,523] {dag.py:1833} INFO - Sync 1 DAGs
[2023-08-08 23:19:42,635] {logging_mixin.py:104} INFO - [2023-08-08 23:19:42,635] {dag.py:2306} INFO - Setting next_dagrun for example_bash_operator to 2023-08-06 00:00:00+00:00
[2023-08-08 23:19:42,695] {scheduler_job.py:190} INFO - Processing /home/airflow/.local/lib/python3.6/site-packages/airflow/example_dags/example_bash_operator.py took 0.538 seconds
