[2023-08-08 22:59:59,158] {scheduler_job.py:182} INFO - Started process (PID=5455) to work on /home/airflow/.local/lib/python3.6/site-packages/airflow/example_dags/example_short_circuit_operator.py
[2023-08-08 22:59:59,174] {scheduler_job.py:633} INFO - Processing file /home/airflow/.local/lib/python3.6/site-packages/airflow/example_dags/example_short_circuit_operator.py for tasks to queue
[2023-08-08 22:59:59,187] {logging_mixin.py:104} INFO - [2023-08-08 22:59:59,187] {dagbag.py:496} INFO - Filling up the DagBag from /home/airflow/.local/lib/python3.6/site-packages/airflow/example_dags/example_short_circuit_operator.py
[2023-08-08 22:59:59,277] {scheduler_job.py:643} INFO - DAG(s) dict_keys(['example_short_circuit_operator']) retrieved from /home/airflow/.local/lib/python3.6/site-packages/airflow/example_dags/example_short_circuit_operator.py
[2023-08-08 23:00:00,219] {logging_mixin.py:104} INFO - [2023-08-08 23:00:00,219] {dag.py:1833} INFO - Sync 1 DAGs
[2023-08-08 23:00:00,254] {logging_mixin.py:104} INFO - [2023-08-08 23:00:00,254] {dag.py:2306} INFO - Setting next_dagrun for example_short_circuit_operator to 2023-08-06 00:00:00+00:00
[2023-08-08 23:00:00,299] {scheduler_job.py:190} INFO - Processing /home/airflow/.local/lib/python3.6/site-packages/airflow/example_dags/example_short_circuit_operator.py took 1.155 seconds
[2023-08-08 23:00:30,713] {scheduler_job.py:182} INFO - Started process (PID=5506) to work on /home/airflow/.local/lib/python3.6/site-packages/airflow/example_dags/example_short_circuit_operator.py
[2023-08-08 23:00:30,756] {scheduler_job.py:633} INFO - Processing file /home/airflow/.local/lib/python3.6/site-packages/airflow/example_dags/example_short_circuit_operator.py for tasks to queue
[2023-08-08 23:00:30,758] {logging_mixin.py:104} INFO - [2023-08-08 23:00:30,758] {dagbag.py:496} INFO - Filling up the DagBag from /home/airflow/.local/lib/python3.6/site-packages/airflow/example_dags/example_short_circuit_operator.py
[2023-08-08 23:00:30,784] {scheduler_job.py:643} INFO - DAG(s) dict_keys(['example_short_circuit_operator']) retrieved from /home/airflow/.local/lib/python3.6/site-packages/airflow/example_dags/example_short_circuit_operator.py
[2023-08-08 23:00:30,819] {logging_mixin.py:104} INFO - [2023-08-08 23:00:30,819] {dag.py:1833} INFO - Sync 1 DAGs
[2023-08-08 23:00:30,842] {logging_mixin.py:104} INFO - [2023-08-08 23:00:30,842] {dag.py:2306} INFO - Setting next_dagrun for example_short_circuit_operator to 2023-08-06 00:00:00+00:00
[2023-08-08 23:00:31,135] {scheduler_job.py:190} INFO - Processing /home/airflow/.local/lib/python3.6/site-packages/airflow/example_dags/example_short_circuit_operator.py took 0.428 seconds
[2023-08-08 23:01:01,205] {scheduler_job.py:182} INFO - Started process (PID=5558) to work on /home/airflow/.local/lib/python3.6/site-packages/airflow/example_dags/example_short_circuit_operator.py
[2023-08-08 23:01:01,213] {scheduler_job.py:633} INFO - Processing file /home/airflow/.local/lib/python3.6/site-packages/airflow/example_dags/example_short_circuit_operator.py for tasks to queue
[2023-08-08 23:01:01,219] {logging_mixin.py:104} INFO - [2023-08-08 23:01:01,219] {dagbag.py:496} INFO - Filling up the DagBag from /home/airflow/.local/lib/python3.6/site-packages/airflow/example_dags/example_short_circuit_operator.py
[2023-08-08 23:01:01,246] {scheduler_job.py:643} INFO - DAG(s) dict_keys(['example_short_circuit_operator']) retrieved from /home/airflow/.local/lib/python3.6/site-packages/airflow/example_dags/example_short_circuit_operator.py
[2023-08-08 23:01:01,286] {logging_mixin.py:104} INFO - [2023-08-08 23:01:01,286] {dag.py:1833} INFO - Sync 1 DAGs
[2023-08-08 23:01:01,309] {logging_mixin.py:104} INFO - [2023-08-08 23:01:01,309] {dag.py:2306} INFO - Setting next_dagrun for example_short_circuit_operator to 2023-08-06 00:00:00+00:00
[2023-08-08 23:01:01,328] {scheduler_job.py:190} INFO - Processing /home/airflow/.local/lib/python3.6/site-packages/airflow/example_dags/example_short_circuit_operator.py took 0.129 seconds
[2023-08-08 23:01:31,552] {scheduler_job.py:182} INFO - Started process (PID=5616) to work on /home/airflow/.local/lib/python3.6/site-packages/airflow/example_dags/example_short_circuit_operator.py
[2023-08-08 23:01:31,560] {scheduler_job.py:633} INFO - Processing file /home/airflow/.local/lib/python3.6/site-packages/airflow/example_dags/example_short_circuit_operator.py for tasks to queue
[2023-08-08 23:01:31,565] {logging_mixin.py:104} INFO - [2023-08-08 23:01:31,563] {dagbag.py:496} INFO - Filling up the DagBag from /home/airflow/.local/lib/python3.6/site-packages/airflow/example_dags/example_short_circuit_operator.py
[2023-08-08 23:01:31,608] {scheduler_job.py:643} INFO - DAG(s) dict_keys(['example_short_circuit_operator']) retrieved from /home/airflow/.local/lib/python3.6/site-packages/airflow/example_dags/example_short_circuit_operator.py
[2023-08-08 23:01:31,702] {logging_mixin.py:104} INFO - [2023-08-08 23:01:31,702] {dag.py:1833} INFO - Sync 1 DAGs
[2023-08-08 23:01:31,753] {logging_mixin.py:104} INFO - [2023-08-08 23:01:31,753] {dag.py:2306} INFO - Setting next_dagrun for example_short_circuit_operator to 2023-08-06 00:00:00+00:00
[2023-08-08 23:01:31,835] {scheduler_job.py:190} INFO - Processing /home/airflow/.local/lib/python3.6/site-packages/airflow/example_dags/example_short_circuit_operator.py took 0.288 seconds
[2023-08-08 23:02:02,809] {scheduler_job.py:182} INFO - Started process (PID=5669) to work on /home/airflow/.local/lib/python3.6/site-packages/airflow/example_dags/example_short_circuit_operator.py
[2023-08-08 23:02:02,826] {scheduler_job.py:633} INFO - Processing file /home/airflow/.local/lib/python3.6/site-packages/airflow/example_dags/example_short_circuit_operator.py for tasks to queue
[2023-08-08 23:02:02,829] {logging_mixin.py:104} INFO - [2023-08-08 23:02:02,829] {dagbag.py:496} INFO - Filling up the DagBag from /home/airflow/.local/lib/python3.6/site-packages/airflow/example_dags/example_short_circuit_operator.py
[2023-08-08 23:02:02,939] {scheduler_job.py:643} INFO - DAG(s) dict_keys(['example_short_circuit_operator']) retrieved from /home/airflow/.local/lib/python3.6/site-packages/airflow/example_dags/example_short_circuit_operator.py
[2023-08-08 23:02:03,038] {logging_mixin.py:104} INFO - [2023-08-08 23:02:03,038] {dag.py:1833} INFO - Sync 1 DAGs
[2023-08-08 23:02:03,096] {logging_mixin.py:104} INFO - [2023-08-08 23:02:03,096] {dag.py:2306} INFO - Setting next_dagrun for example_short_circuit_operator to 2023-08-06 00:00:00+00:00
[2023-08-08 23:02:03,150] {scheduler_job.py:190} INFO - Processing /home/airflow/.local/lib/python3.6/site-packages/airflow/example_dags/example_short_circuit_operator.py took 0.361 seconds
[2023-08-08 23:02:33,414] {scheduler_job.py:182} INFO - Started process (PID=5719) to work on /home/airflow/.local/lib/python3.6/site-packages/airflow/example_dags/example_short_circuit_operator.py
[2023-08-08 23:02:33,416] {scheduler_job.py:633} INFO - Processing file /home/airflow/.local/lib/python3.6/site-packages/airflow/example_dags/example_short_circuit_operator.py for tasks to queue
[2023-08-08 23:02:33,418] {logging_mixin.py:104} INFO - [2023-08-08 23:02:33,418] {dagbag.py:496} INFO - Filling up the DagBag from /home/airflow/.local/lib/python3.6/site-packages/airflow/example_dags/example_short_circuit_operator.py
[2023-08-08 23:02:33,439] {scheduler_job.py:643} INFO - DAG(s) dict_keys(['example_short_circuit_operator']) retrieved from /home/airflow/.local/lib/python3.6/site-packages/airflow/example_dags/example_short_circuit_operator.py
[2023-08-08 23:02:33,475] {logging_mixin.py:104} INFO - [2023-08-08 23:02:33,475] {dag.py:1833} INFO - Sync 1 DAGs
[2023-08-08 23:02:33,492] {logging_mixin.py:104} INFO - [2023-08-08 23:02:33,492] {dag.py:2306} INFO - Setting next_dagrun for example_short_circuit_operator to 2023-08-06 00:00:00+00:00
[2023-08-08 23:02:33,507] {scheduler_job.py:190} INFO - Processing /home/airflow/.local/lib/python3.6/site-packages/airflow/example_dags/example_short_circuit_operator.py took 0.099 seconds
[2023-08-08 23:03:04,161] {scheduler_job.py:182} INFO - Started process (PID=5770) to work on /home/airflow/.local/lib/python3.6/site-packages/airflow/example_dags/example_short_circuit_operator.py
[2023-08-08 23:03:04,166] {scheduler_job.py:633} INFO - Processing file /home/airflow/.local/lib/python3.6/site-packages/airflow/example_dags/example_short_circuit_operator.py for tasks to queue
[2023-08-08 23:03:04,168] {logging_mixin.py:104} INFO - [2023-08-08 23:03:04,167] {dagbag.py:496} INFO - Filling up the DagBag from /home/airflow/.local/lib/python3.6/site-packages/airflow/example_dags/example_short_circuit_operator.py
[2023-08-08 23:03:04,193] {scheduler_job.py:643} INFO - DAG(s) dict_keys(['example_short_circuit_operator']) retrieved from /home/airflow/.local/lib/python3.6/site-packages/airflow/example_dags/example_short_circuit_operator.py
[2023-08-08 23:03:04,238] {logging_mixin.py:104} INFO - [2023-08-08 23:03:04,238] {dag.py:1833} INFO - Sync 1 DAGs
[2023-08-08 23:03:04,259] {logging_mixin.py:104} INFO - [2023-08-08 23:03:04,259] {dag.py:2306} INFO - Setting next_dagrun for example_short_circuit_operator to 2023-08-06 00:00:00+00:00
[2023-08-08 23:03:04,279] {scheduler_job.py:190} INFO - Processing /home/airflow/.local/lib/python3.6/site-packages/airflow/example_dags/example_short_circuit_operator.py took 0.123 seconds
[2023-08-08 23:03:34,711] {scheduler_job.py:182} INFO - Started process (PID=5822) to work on /home/airflow/.local/lib/python3.6/site-packages/airflow/example_dags/example_short_circuit_operator.py
[2023-08-08 23:03:34,735] {scheduler_job.py:633} INFO - Processing file /home/airflow/.local/lib/python3.6/site-packages/airflow/example_dags/example_short_circuit_operator.py for tasks to queue
[2023-08-08 23:03:34,747] {logging_mixin.py:104} INFO - [2023-08-08 23:03:34,747] {dagbag.py:496} INFO - Filling up the DagBag from /home/airflow/.local/lib/python3.6/site-packages/airflow/example_dags/example_short_circuit_operator.py
[2023-08-08 23:03:34,781] {scheduler_job.py:643} INFO - DAG(s) dict_keys(['example_short_circuit_operator']) retrieved from /home/airflow/.local/lib/python3.6/site-packages/airflow/example_dags/example_short_circuit_operator.py
[2023-08-08 23:03:34,817] {logging_mixin.py:104} INFO - [2023-08-08 23:03:34,817] {dag.py:1833} INFO - Sync 1 DAGs
[2023-08-08 23:03:34,841] {logging_mixin.py:104} INFO - [2023-08-08 23:03:34,841] {dag.py:2306} INFO - Setting next_dagrun for example_short_circuit_operator to 2023-08-06 00:00:00+00:00
[2023-08-08 23:03:34,864] {scheduler_job.py:190} INFO - Processing /home/airflow/.local/lib/python3.6/site-packages/airflow/example_dags/example_short_circuit_operator.py took 0.177 seconds
[2023-08-08 23:04:05,275] {scheduler_job.py:182} INFO - Started process (PID=5873) to work on /home/airflow/.local/lib/python3.6/site-packages/airflow/example_dags/example_short_circuit_operator.py
[2023-08-08 23:04:05,281] {scheduler_job.py:633} INFO - Processing file /home/airflow/.local/lib/python3.6/site-packages/airflow/example_dags/example_short_circuit_operator.py for tasks to queue
[2023-08-08 23:04:05,283] {logging_mixin.py:104} INFO - [2023-08-08 23:04:05,282] {dagbag.py:496} INFO - Filling up the DagBag from /home/airflow/.local/lib/python3.6/site-packages/airflow/example_dags/example_short_circuit_operator.py
[2023-08-08 23:04:05,318] {scheduler_job.py:643} INFO - DAG(s) dict_keys(['example_short_circuit_operator']) retrieved from /home/airflow/.local/lib/python3.6/site-packages/airflow/example_dags/example_short_circuit_operator.py
[2023-08-08 23:04:05,356] {logging_mixin.py:104} INFO - [2023-08-08 23:04:05,356] {dag.py:1833} INFO - Sync 1 DAGs
[2023-08-08 23:04:05,388] {logging_mixin.py:104} INFO - [2023-08-08 23:04:05,388] {dag.py:2306} INFO - Setting next_dagrun for example_short_circuit_operator to 2023-08-06 00:00:00+00:00
[2023-08-08 23:04:05,420] {scheduler_job.py:190} INFO - Processing /home/airflow/.local/lib/python3.6/site-packages/airflow/example_dags/example_short_circuit_operator.py took 0.163 seconds
[2023-08-08 23:04:36,420] {scheduler_job.py:182} INFO - Started process (PID=5923) to work on /home/airflow/.local/lib/python3.6/site-packages/airflow/example_dags/example_short_circuit_operator.py
[2023-08-08 23:04:36,425] {scheduler_job.py:633} INFO - Processing file /home/airflow/.local/lib/python3.6/site-packages/airflow/example_dags/example_short_circuit_operator.py for tasks to queue
[2023-08-08 23:04:36,429] {logging_mixin.py:104} INFO - [2023-08-08 23:04:36,428] {dagbag.py:496} INFO - Filling up the DagBag from /home/airflow/.local/lib/python3.6/site-packages/airflow/example_dags/example_short_circuit_operator.py
[2023-08-08 23:04:36,514] {scheduler_job.py:643} INFO - DAG(s) dict_keys(['example_short_circuit_operator']) retrieved from /home/airflow/.local/lib/python3.6/site-packages/airflow/example_dags/example_short_circuit_operator.py
[2023-08-08 23:04:36,663] {logging_mixin.py:104} INFO - [2023-08-08 23:04:36,663] {dag.py:1833} INFO - Sync 1 DAGs
[2023-08-08 23:04:36,761] {logging_mixin.py:104} INFO - [2023-08-08 23:04:36,760] {dag.py:2306} INFO - Setting next_dagrun for example_short_circuit_operator to 2023-08-06 00:00:00+00:00
[2023-08-08 23:04:36,820] {scheduler_job.py:190} INFO - Processing /home/airflow/.local/lib/python3.6/site-packages/airflow/example_dags/example_short_circuit_operator.py took 0.417 seconds
[2023-08-08 23:05:07,309] {scheduler_job.py:182} INFO - Started process (PID=5974) to work on /home/airflow/.local/lib/python3.6/site-packages/airflow/example_dags/example_short_circuit_operator.py
[2023-08-08 23:05:07,312] {scheduler_job.py:633} INFO - Processing file /home/airflow/.local/lib/python3.6/site-packages/airflow/example_dags/example_short_circuit_operator.py for tasks to queue
[2023-08-08 23:05:07,314] {logging_mixin.py:104} INFO - [2023-08-08 23:05:07,314] {dagbag.py:496} INFO - Filling up the DagBag from /home/airflow/.local/lib/python3.6/site-packages/airflow/example_dags/example_short_circuit_operator.py
[2023-08-08 23:05:07,344] {scheduler_job.py:643} INFO - DAG(s) dict_keys(['example_short_circuit_operator']) retrieved from /home/airflow/.local/lib/python3.6/site-packages/airflow/example_dags/example_short_circuit_operator.py
[2023-08-08 23:05:07,447] {logging_mixin.py:104} INFO - [2023-08-08 23:05:07,446] {dag.py:1833} INFO - Sync 1 DAGs
[2023-08-08 23:05:07,499] {logging_mixin.py:104} INFO - [2023-08-08 23:05:07,498] {dag.py:2306} INFO - Setting next_dagrun for example_short_circuit_operator to 2023-08-06 00:00:00+00:00
[2023-08-08 23:05:07,529] {scheduler_job.py:190} INFO - Processing /home/airflow/.local/lib/python3.6/site-packages/airflow/example_dags/example_short_circuit_operator.py took 0.227 seconds
[2023-08-08 23:05:37,868] {scheduler_job.py:182} INFO - Started process (PID=6025) to work on /home/airflow/.local/lib/python3.6/site-packages/airflow/example_dags/example_short_circuit_operator.py
[2023-08-08 23:05:37,871] {scheduler_job.py:633} INFO - Processing file /home/airflow/.local/lib/python3.6/site-packages/airflow/example_dags/example_short_circuit_operator.py for tasks to queue
[2023-08-08 23:05:37,873] {logging_mixin.py:104} INFO - [2023-08-08 23:05:37,873] {dagbag.py:496} INFO - Filling up the DagBag from /home/airflow/.local/lib/python3.6/site-packages/airflow/example_dags/example_short_circuit_operator.py
[2023-08-08 23:05:37,903] {scheduler_job.py:643} INFO - DAG(s) dict_keys(['example_short_circuit_operator']) retrieved from /home/airflow/.local/lib/python3.6/site-packages/airflow/example_dags/example_short_circuit_operator.py
[2023-08-08 23:05:37,958] {logging_mixin.py:104} INFO - [2023-08-08 23:05:37,958] {dag.py:1833} INFO - Sync 1 DAGs
[2023-08-08 23:05:37,985] {logging_mixin.py:104} INFO - [2023-08-08 23:05:37,984] {dag.py:2306} INFO - Setting next_dagrun for example_short_circuit_operator to 2023-08-06 00:00:00+00:00
[2023-08-08 23:05:38,011] {scheduler_job.py:190} INFO - Processing /home/airflow/.local/lib/python3.6/site-packages/airflow/example_dags/example_short_circuit_operator.py took 0.152 seconds
[2023-08-08 23:06:08,561] {scheduler_job.py:182} INFO - Started process (PID=6075) to work on /home/airflow/.local/lib/python3.6/site-packages/airflow/example_dags/example_short_circuit_operator.py
[2023-08-08 23:06:08,568] {scheduler_job.py:633} INFO - Processing file /home/airflow/.local/lib/python3.6/site-packages/airflow/example_dags/example_short_circuit_operator.py for tasks to queue
[2023-08-08 23:06:08,575] {logging_mixin.py:104} INFO - [2023-08-08 23:06:08,571] {dagbag.py:496} INFO - Filling up the DagBag from /home/airflow/.local/lib/python3.6/site-packages/airflow/example_dags/example_short_circuit_operator.py
[2023-08-08 23:06:08,642] {scheduler_job.py:643} INFO - DAG(s) dict_keys(['example_short_circuit_operator']) retrieved from /home/airflow/.local/lib/python3.6/site-packages/airflow/example_dags/example_short_circuit_operator.py
[2023-08-08 23:06:08,778] {logging_mixin.py:104} INFO - [2023-08-08 23:06:08,778] {dag.py:1833} INFO - Sync 1 DAGs
[2023-08-08 23:06:08,852] {logging_mixin.py:104} INFO - [2023-08-08 23:06:08,852] {dag.py:2306} INFO - Setting next_dagrun for example_short_circuit_operator to 2023-08-06 00:00:00+00:00
[2023-08-08 23:06:08,910] {scheduler_job.py:190} INFO - Processing /home/airflow/.local/lib/python3.6/site-packages/airflow/example_dags/example_short_circuit_operator.py took 0.360 seconds
[2023-08-08 23:06:39,407] {scheduler_job.py:182} INFO - Started process (PID=6126) to work on /home/airflow/.local/lib/python3.6/site-packages/airflow/example_dags/example_short_circuit_operator.py
[2023-08-08 23:06:39,415] {scheduler_job.py:633} INFO - Processing file /home/airflow/.local/lib/python3.6/site-packages/airflow/example_dags/example_short_circuit_operator.py for tasks to queue
[2023-08-08 23:06:39,427] {logging_mixin.py:104} INFO - [2023-08-08 23:06:39,426] {dagbag.py:496} INFO - Filling up the DagBag from /home/airflow/.local/lib/python3.6/site-packages/airflow/example_dags/example_short_circuit_operator.py
[2023-08-08 23:06:39,534] {scheduler_job.py:643} INFO - DAG(s) dict_keys(['example_short_circuit_operator']) retrieved from /home/airflow/.local/lib/python3.6/site-packages/airflow/example_dags/example_short_circuit_operator.py
[2023-08-08 23:06:39,650] {logging_mixin.py:104} INFO - [2023-08-08 23:06:39,650] {dag.py:1833} INFO - Sync 1 DAGs
[2023-08-08 23:06:39,720] {logging_mixin.py:104} INFO - [2023-08-08 23:06:39,720] {dag.py:2306} INFO - Setting next_dagrun for example_short_circuit_operator to 2023-08-06 00:00:00+00:00
[2023-08-08 23:06:39,777] {scheduler_job.py:190} INFO - Processing /home/airflow/.local/lib/python3.6/site-packages/airflow/example_dags/example_short_circuit_operator.py took 0.388 seconds
[2023-08-08 23:07:10,779] {scheduler_job.py:182} INFO - Started process (PID=6176) to work on /home/airflow/.local/lib/python3.6/site-packages/airflow/example_dags/example_short_circuit_operator.py
[2023-08-08 23:07:10,798] {scheduler_job.py:633} INFO - Processing file /home/airflow/.local/lib/python3.6/site-packages/airflow/example_dags/example_short_circuit_operator.py for tasks to queue
[2023-08-08 23:07:10,811] {logging_mixin.py:104} INFO - [2023-08-08 23:07:10,811] {dagbag.py:496} INFO - Filling up the DagBag from /home/airflow/.local/lib/python3.6/site-packages/airflow/example_dags/example_short_circuit_operator.py
[2023-08-08 23:07:10,935] {scheduler_job.py:643} INFO - DAG(s) dict_keys(['example_short_circuit_operator']) retrieved from /home/airflow/.local/lib/python3.6/site-packages/airflow/example_dags/example_short_circuit_operator.py
[2023-08-08 23:07:11,046] {logging_mixin.py:104} INFO - [2023-08-08 23:07:11,046] {dag.py:1833} INFO - Sync 1 DAGs
[2023-08-08 23:07:11,131] {logging_mixin.py:104} INFO - [2023-08-08 23:07:11,131] {dag.py:2306} INFO - Setting next_dagrun for example_short_circuit_operator to 2023-08-06 00:00:00+00:00
[2023-08-08 23:07:11,214] {scheduler_job.py:190} INFO - Processing /home/airflow/.local/lib/python3.6/site-packages/airflow/example_dags/example_short_circuit_operator.py took 0.463 seconds
[2023-08-08 23:07:41,432] {scheduler_job.py:182} INFO - Started process (PID=6224) to work on /home/airflow/.local/lib/python3.6/site-packages/airflow/example_dags/example_short_circuit_operator.py
[2023-08-08 23:07:41,458] {scheduler_job.py:633} INFO - Processing file /home/airflow/.local/lib/python3.6/site-packages/airflow/example_dags/example_short_circuit_operator.py for tasks to queue
[2023-08-08 23:07:41,476] {logging_mixin.py:104} INFO - [2023-08-08 23:07:41,474] {dagbag.py:496} INFO - Filling up the DagBag from /home/airflow/.local/lib/python3.6/site-packages/airflow/example_dags/example_short_circuit_operator.py
[2023-08-08 23:07:41,606] {scheduler_job.py:643} INFO - DAG(s) dict_keys(['example_short_circuit_operator']) retrieved from /home/airflow/.local/lib/python3.6/site-packages/airflow/example_dags/example_short_circuit_operator.py
[2023-08-08 23:07:41,703] {logging_mixin.py:104} INFO - [2023-08-08 23:07:41,702] {dag.py:1833} INFO - Sync 1 DAGs
[2023-08-08 23:07:41,766] {logging_mixin.py:104} INFO - [2023-08-08 23:07:41,766] {dag.py:2306} INFO - Setting next_dagrun for example_short_circuit_operator to 2023-08-06 00:00:00+00:00
[2023-08-08 23:07:41,913] {scheduler_job.py:190} INFO - Processing /home/airflow/.local/lib/python3.6/site-packages/airflow/example_dags/example_short_circuit_operator.py took 0.489 seconds
[2023-08-08 23:08:12,337] {scheduler_job.py:182} INFO - Started process (PID=6266) to work on /home/airflow/.local/lib/python3.6/site-packages/airflow/example_dags/example_short_circuit_operator.py
[2023-08-08 23:08:12,341] {scheduler_job.py:633} INFO - Processing file /home/airflow/.local/lib/python3.6/site-packages/airflow/example_dags/example_short_circuit_operator.py for tasks to queue
[2023-08-08 23:08:12,343] {logging_mixin.py:104} INFO - [2023-08-08 23:08:12,342] {dagbag.py:496} INFO - Filling up the DagBag from /home/airflow/.local/lib/python3.6/site-packages/airflow/example_dags/example_short_circuit_operator.py
[2023-08-08 23:08:12,374] {scheduler_job.py:643} INFO - DAG(s) dict_keys(['example_short_circuit_operator']) retrieved from /home/airflow/.local/lib/python3.6/site-packages/airflow/example_dags/example_short_circuit_operator.py
[2023-08-08 23:08:12,426] {logging_mixin.py:104} INFO - [2023-08-08 23:08:12,426] {dag.py:1833} INFO - Sync 1 DAGs
[2023-08-08 23:08:12,455] {logging_mixin.py:104} INFO - [2023-08-08 23:08:12,455] {dag.py:2306} INFO - Setting next_dagrun for example_short_circuit_operator to 2023-08-06 00:00:00+00:00
[2023-08-08 23:08:12,482] {scheduler_job.py:190} INFO - Processing /home/airflow/.local/lib/python3.6/site-packages/airflow/example_dags/example_short_circuit_operator.py took 0.160 seconds
[2023-08-08 23:08:42,950] {scheduler_job.py:182} INFO - Started process (PID=6318) to work on /home/airflow/.local/lib/python3.6/site-packages/airflow/example_dags/example_short_circuit_operator.py
[2023-08-08 23:08:42,955] {scheduler_job.py:633} INFO - Processing file /home/airflow/.local/lib/python3.6/site-packages/airflow/example_dags/example_short_circuit_operator.py for tasks to queue
[2023-08-08 23:08:42,961] {logging_mixin.py:104} INFO - [2023-08-08 23:08:42,961] {dagbag.py:496} INFO - Filling up the DagBag from /home/airflow/.local/lib/python3.6/site-packages/airflow/example_dags/example_short_circuit_operator.py
[2023-08-08 23:08:43,000] {scheduler_job.py:643} INFO - DAG(s) dict_keys(['example_short_circuit_operator']) retrieved from /home/airflow/.local/lib/python3.6/site-packages/airflow/example_dags/example_short_circuit_operator.py
[2023-08-08 23:08:43,068] {logging_mixin.py:104} INFO - [2023-08-08 23:08:43,068] {dag.py:1833} INFO - Sync 1 DAGs
[2023-08-08 23:08:43,108] {logging_mixin.py:104} INFO - [2023-08-08 23:08:43,107] {dag.py:2306} INFO - Setting next_dagrun for example_short_circuit_operator to 2023-08-06 00:00:00+00:00
[2023-08-08 23:08:43,133] {scheduler_job.py:190} INFO - Processing /home/airflow/.local/lib/python3.6/site-packages/airflow/example_dags/example_short_circuit_operator.py took 0.193 seconds
[2023-08-08 23:09:13,910] {scheduler_job.py:182} INFO - Started process (PID=6368) to work on /home/airflow/.local/lib/python3.6/site-packages/airflow/example_dags/example_short_circuit_operator.py
[2023-08-08 23:09:13,917] {scheduler_job.py:633} INFO - Processing file /home/airflow/.local/lib/python3.6/site-packages/airflow/example_dags/example_short_circuit_operator.py for tasks to queue
[2023-08-08 23:09:13,921] {logging_mixin.py:104} INFO - [2023-08-08 23:09:13,921] {dagbag.py:496} INFO - Filling up the DagBag from /home/airflow/.local/lib/python3.6/site-packages/airflow/example_dags/example_short_circuit_operator.py
[2023-08-08 23:09:13,974] {scheduler_job.py:643} INFO - DAG(s) dict_keys(['example_short_circuit_operator']) retrieved from /home/airflow/.local/lib/python3.6/site-packages/airflow/example_dags/example_short_circuit_operator.py
[2023-08-08 23:09:14,029] {logging_mixin.py:104} INFO - [2023-08-08 23:09:14,029] {dag.py:1833} INFO - Sync 1 DAGs
[2023-08-08 23:09:14,165] {logging_mixin.py:104} INFO - [2023-08-08 23:09:14,165] {dag.py:2306} INFO - Setting next_dagrun for example_short_circuit_operator to 2023-08-06 00:00:00+00:00
[2023-08-08 23:09:14,220] {scheduler_job.py:190} INFO - Processing /home/airflow/.local/lib/python3.6/site-packages/airflow/example_dags/example_short_circuit_operator.py took 0.322 seconds
[2023-08-08 23:09:44,977] {scheduler_job.py:182} INFO - Started process (PID=6420) to work on /home/airflow/.local/lib/python3.6/site-packages/airflow/example_dags/example_short_circuit_operator.py
[2023-08-08 23:09:44,979] {scheduler_job.py:633} INFO - Processing file /home/airflow/.local/lib/python3.6/site-packages/airflow/example_dags/example_short_circuit_operator.py for tasks to queue
[2023-08-08 23:09:44,981] {logging_mixin.py:104} INFO - [2023-08-08 23:09:44,981] {dagbag.py:496} INFO - Filling up the DagBag from /home/airflow/.local/lib/python3.6/site-packages/airflow/example_dags/example_short_circuit_operator.py
[2023-08-08 23:09:45,074] {scheduler_job.py:643} INFO - DAG(s) dict_keys(['example_short_circuit_operator']) retrieved from /home/airflow/.local/lib/python3.6/site-packages/airflow/example_dags/example_short_circuit_operator.py
[2023-08-08 23:09:45,162] {logging_mixin.py:104} INFO - [2023-08-08 23:09:45,162] {dag.py:1833} INFO - Sync 1 DAGs
[2023-08-08 23:09:45,182] {logging_mixin.py:104} INFO - [2023-08-08 23:09:45,182] {dag.py:2306} INFO - Setting next_dagrun for example_short_circuit_operator to 2023-08-06 00:00:00+00:00
[2023-08-08 23:09:45,200] {scheduler_job.py:190} INFO - Processing /home/airflow/.local/lib/python3.6/site-packages/airflow/example_dags/example_short_circuit_operator.py took 0.240 seconds
[2023-08-08 23:10:15,523] {scheduler_job.py:182} INFO - Started process (PID=6471) to work on /home/airflow/.local/lib/python3.6/site-packages/airflow/example_dags/example_short_circuit_operator.py
[2023-08-08 23:10:15,529] {scheduler_job.py:633} INFO - Processing file /home/airflow/.local/lib/python3.6/site-packages/airflow/example_dags/example_short_circuit_operator.py for tasks to queue
[2023-08-08 23:10:15,533] {logging_mixin.py:104} INFO - [2023-08-08 23:10:15,532] {dagbag.py:496} INFO - Filling up the DagBag from /home/airflow/.local/lib/python3.6/site-packages/airflow/example_dags/example_short_circuit_operator.py
[2023-08-08 23:10:15,574] {scheduler_job.py:643} INFO - DAG(s) dict_keys(['example_short_circuit_operator']) retrieved from /home/airflow/.local/lib/python3.6/site-packages/airflow/example_dags/example_short_circuit_operator.py
[2023-08-08 23:10:15,693] {logging_mixin.py:104} INFO - [2023-08-08 23:10:15,693] {dag.py:1833} INFO - Sync 1 DAGs
[2023-08-08 23:10:15,758] {logging_mixin.py:104} INFO - [2023-08-08 23:10:15,758] {dag.py:2306} INFO - Setting next_dagrun for example_short_circuit_operator to 2023-08-06 00:00:00+00:00
[2023-08-08 23:10:15,802] {scheduler_job.py:190} INFO - Processing /home/airflow/.local/lib/python3.6/site-packages/airflow/example_dags/example_short_circuit_operator.py took 0.296 seconds
[2023-08-08 23:10:46,115] {scheduler_job.py:182} INFO - Started process (PID=6521) to work on /home/airflow/.local/lib/python3.6/site-packages/airflow/example_dags/example_short_circuit_operator.py
[2023-08-08 23:10:46,119] {scheduler_job.py:633} INFO - Processing file /home/airflow/.local/lib/python3.6/site-packages/airflow/example_dags/example_short_circuit_operator.py for tasks to queue
[2023-08-08 23:10:46,122] {logging_mixin.py:104} INFO - [2023-08-08 23:10:46,122] {dagbag.py:496} INFO - Filling up the DagBag from /home/airflow/.local/lib/python3.6/site-packages/airflow/example_dags/example_short_circuit_operator.py
[2023-08-08 23:10:46,155] {scheduler_job.py:643} INFO - DAG(s) dict_keys(['example_short_circuit_operator']) retrieved from /home/airflow/.local/lib/python3.6/site-packages/airflow/example_dags/example_short_circuit_operator.py
[2023-08-08 23:10:46,208] {logging_mixin.py:104} INFO - [2023-08-08 23:10:46,208] {dag.py:1833} INFO - Sync 1 DAGs
[2023-08-08 23:10:46,233] {logging_mixin.py:104} INFO - [2023-08-08 23:10:46,233] {dag.py:2306} INFO - Setting next_dagrun for example_short_circuit_operator to 2023-08-06 00:00:00+00:00
[2023-08-08 23:10:46,258] {scheduler_job.py:190} INFO - Processing /home/airflow/.local/lib/python3.6/site-packages/airflow/example_dags/example_short_circuit_operator.py took 0.159 seconds
[2023-08-08 23:11:16,587] {scheduler_job.py:182} INFO - Started process (PID=6571) to work on /home/airflow/.local/lib/python3.6/site-packages/airflow/example_dags/example_short_circuit_operator.py
[2023-08-08 23:11:16,616] {scheduler_job.py:633} INFO - Processing file /home/airflow/.local/lib/python3.6/site-packages/airflow/example_dags/example_short_circuit_operator.py for tasks to queue
[2023-08-08 23:11:16,624] {logging_mixin.py:104} INFO - [2023-08-08 23:11:16,623] {dagbag.py:496} INFO - Filling up the DagBag from /home/airflow/.local/lib/python3.6/site-packages/airflow/example_dags/example_short_circuit_operator.py
[2023-08-08 23:11:16,704] {scheduler_job.py:643} INFO - DAG(s) dict_keys(['example_short_circuit_operator']) retrieved from /home/airflow/.local/lib/python3.6/site-packages/airflow/example_dags/example_short_circuit_operator.py
[2023-08-08 23:11:16,799] {logging_mixin.py:104} INFO - [2023-08-08 23:11:16,799] {dag.py:1833} INFO - Sync 1 DAGs
[2023-08-08 23:11:16,840] {logging_mixin.py:104} INFO - [2023-08-08 23:11:16,838] {dag.py:2306} INFO - Setting next_dagrun for example_short_circuit_operator to 2023-08-06 00:00:00+00:00
[2023-08-08 23:11:16,884] {scheduler_job.py:190} INFO - Processing /home/airflow/.local/lib/python3.6/site-packages/airflow/example_dags/example_short_circuit_operator.py took 0.314 seconds
[2023-08-08 23:11:47,653] {scheduler_job.py:182} INFO - Started process (PID=6622) to work on /home/airflow/.local/lib/python3.6/site-packages/airflow/example_dags/example_short_circuit_operator.py
[2023-08-08 23:11:47,659] {scheduler_job.py:633} INFO - Processing file /home/airflow/.local/lib/python3.6/site-packages/airflow/example_dags/example_short_circuit_operator.py for tasks to queue
[2023-08-08 23:11:47,672] {logging_mixin.py:104} INFO - [2023-08-08 23:11:47,671] {dagbag.py:496} INFO - Filling up the DagBag from /home/airflow/.local/lib/python3.6/site-packages/airflow/example_dags/example_short_circuit_operator.py
[2023-08-08 23:11:47,818] {scheduler_job.py:643} INFO - DAG(s) dict_keys(['example_short_circuit_operator']) retrieved from /home/airflow/.local/lib/python3.6/site-packages/airflow/example_dags/example_short_circuit_operator.py
[2023-08-08 23:11:47,932] {logging_mixin.py:104} INFO - [2023-08-08 23:11:47,932] {dag.py:1833} INFO - Sync 1 DAGs
[2023-08-08 23:11:48,068] {logging_mixin.py:104} INFO - [2023-08-08 23:11:48,068] {dag.py:2306} INFO - Setting next_dagrun for example_short_circuit_operator to 2023-08-06 00:00:00+00:00
[2023-08-08 23:11:48,117] {scheduler_job.py:190} INFO - Processing /home/airflow/.local/lib/python3.6/site-packages/airflow/example_dags/example_short_circuit_operator.py took 0.489 seconds
[2023-08-08 23:12:18,397] {scheduler_job.py:182} INFO - Started process (PID=6663) to work on /home/airflow/.local/lib/python3.6/site-packages/airflow/example_dags/example_short_circuit_operator.py
[2023-08-08 23:12:18,405] {scheduler_job.py:633} INFO - Processing file /home/airflow/.local/lib/python3.6/site-packages/airflow/example_dags/example_short_circuit_operator.py for tasks to queue
[2023-08-08 23:12:18,409] {logging_mixin.py:104} INFO - [2023-08-08 23:12:18,409] {dagbag.py:496} INFO - Filling up the DagBag from /home/airflow/.local/lib/python3.6/site-packages/airflow/example_dags/example_short_circuit_operator.py
[2023-08-08 23:12:18,458] {scheduler_job.py:643} INFO - DAG(s) dict_keys(['example_short_circuit_operator']) retrieved from /home/airflow/.local/lib/python3.6/site-packages/airflow/example_dags/example_short_circuit_operator.py
[2023-08-08 23:12:18,518] {logging_mixin.py:104} INFO - [2023-08-08 23:12:18,518] {dag.py:1833} INFO - Sync 1 DAGs
[2023-08-08 23:12:18,543] {logging_mixin.py:104} INFO - [2023-08-08 23:12:18,543] {dag.py:2306} INFO - Setting next_dagrun for example_short_circuit_operator to 2023-08-06 00:00:00+00:00
[2023-08-08 23:12:18,571] {scheduler_job.py:190} INFO - Processing /home/airflow/.local/lib/python3.6/site-packages/airflow/example_dags/example_short_circuit_operator.py took 0.185 seconds
[2023-08-08 23:12:49,005] {scheduler_job.py:182} INFO - Started process (PID=6712) to work on /home/airflow/.local/lib/python3.6/site-packages/airflow/example_dags/example_short_circuit_operator.py
[2023-08-08 23:12:49,021] {scheduler_job.py:633} INFO - Processing file /home/airflow/.local/lib/python3.6/site-packages/airflow/example_dags/example_short_circuit_operator.py for tasks to queue
[2023-08-08 23:12:49,025] {logging_mixin.py:104} INFO - [2023-08-08 23:12:49,024] {dagbag.py:496} INFO - Filling up the DagBag from /home/airflow/.local/lib/python3.6/site-packages/airflow/example_dags/example_short_circuit_operator.py
[2023-08-08 23:12:49,123] {scheduler_job.py:643} INFO - DAG(s) dict_keys(['example_short_circuit_operator']) retrieved from /home/airflow/.local/lib/python3.6/site-packages/airflow/example_dags/example_short_circuit_operator.py
[2023-08-08 23:12:49,210] {logging_mixin.py:104} INFO - [2023-08-08 23:12:49,210] {dag.py:1833} INFO - Sync 1 DAGs
[2023-08-08 23:12:49,306] {logging_mixin.py:104} INFO - [2023-08-08 23:12:49,306] {dag.py:2306} INFO - Setting next_dagrun for example_short_circuit_operator to 2023-08-06 00:00:00+00:00
[2023-08-08 23:12:49,340] {scheduler_job.py:190} INFO - Processing /home/airflow/.local/lib/python3.6/site-packages/airflow/example_dags/example_short_circuit_operator.py took 0.360 seconds
[2023-08-08 23:13:19,830] {scheduler_job.py:182} INFO - Started process (PID=6763) to work on /home/airflow/.local/lib/python3.6/site-packages/airflow/example_dags/example_short_circuit_operator.py
[2023-08-08 23:13:19,840] {scheduler_job.py:633} INFO - Processing file /home/airflow/.local/lib/python3.6/site-packages/airflow/example_dags/example_short_circuit_operator.py for tasks to queue
[2023-08-08 23:13:19,846] {logging_mixin.py:104} INFO - [2023-08-08 23:13:19,845] {dagbag.py:496} INFO - Filling up the DagBag from /home/airflow/.local/lib/python3.6/site-packages/airflow/example_dags/example_short_circuit_operator.py
[2023-08-08 23:13:19,967] {scheduler_job.py:643} INFO - DAG(s) dict_keys(['example_short_circuit_operator']) retrieved from /home/airflow/.local/lib/python3.6/site-packages/airflow/example_dags/example_short_circuit_operator.py
[2023-08-08 23:13:20,092] {logging_mixin.py:104} INFO - [2023-08-08 23:13:20,092] {dag.py:1833} INFO - Sync 1 DAGs
[2023-08-08 23:13:20,160] {logging_mixin.py:104} INFO - [2023-08-08 23:13:20,160] {dag.py:2306} INFO - Setting next_dagrun for example_short_circuit_operator to 2023-08-06 00:00:00+00:00
[2023-08-08 23:13:20,220] {scheduler_job.py:190} INFO - Processing /home/airflow/.local/lib/python3.6/site-packages/airflow/example_dags/example_short_circuit_operator.py took 0.411 seconds
[2023-08-08 23:13:50,479] {scheduler_job.py:182} INFO - Started process (PID=6805) to work on /home/airflow/.local/lib/python3.6/site-packages/airflow/example_dags/example_short_circuit_operator.py
[2023-08-08 23:13:50,487] {scheduler_job.py:633} INFO - Processing file /home/airflow/.local/lib/python3.6/site-packages/airflow/example_dags/example_short_circuit_operator.py for tasks to queue
[2023-08-08 23:13:50,497] {logging_mixin.py:104} INFO - [2023-08-08 23:13:50,497] {dagbag.py:496} INFO - Filling up the DagBag from /home/airflow/.local/lib/python3.6/site-packages/airflow/example_dags/example_short_circuit_operator.py
[2023-08-08 23:13:50,544] {scheduler_job.py:643} INFO - DAG(s) dict_keys(['example_short_circuit_operator']) retrieved from /home/airflow/.local/lib/python3.6/site-packages/airflow/example_dags/example_short_circuit_operator.py
[2023-08-08 23:13:50,607] {logging_mixin.py:104} INFO - [2023-08-08 23:13:50,607] {dag.py:1833} INFO - Sync 1 DAGs
[2023-08-08 23:13:50,646] {logging_mixin.py:104} INFO - [2023-08-08 23:13:50,646] {dag.py:2306} INFO - Setting next_dagrun for example_short_circuit_operator to 2023-08-06 00:00:00+00:00
[2023-08-08 23:13:50,678] {scheduler_job.py:190} INFO - Processing /home/airflow/.local/lib/python3.6/site-packages/airflow/example_dags/example_short_circuit_operator.py took 0.213 seconds
[2023-08-08 23:14:21,817] {scheduler_job.py:182} INFO - Started process (PID=6862) to work on /home/airflow/.local/lib/python3.6/site-packages/airflow/example_dags/example_short_circuit_operator.py
[2023-08-08 23:14:21,822] {scheduler_job.py:633} INFO - Processing file /home/airflow/.local/lib/python3.6/site-packages/airflow/example_dags/example_short_circuit_operator.py for tasks to queue
[2023-08-08 23:14:21,829] {logging_mixin.py:104} INFO - [2023-08-08 23:14:21,829] {dagbag.py:496} INFO - Filling up the DagBag from /home/airflow/.local/lib/python3.6/site-packages/airflow/example_dags/example_short_circuit_operator.py
[2023-08-08 23:14:21,924] {scheduler_job.py:643} INFO - DAG(s) dict_keys(['example_short_circuit_operator']) retrieved from /home/airflow/.local/lib/python3.6/site-packages/airflow/example_dags/example_short_circuit_operator.py
[2023-08-08 23:14:22,058] {logging_mixin.py:104} INFO - [2023-08-08 23:14:22,058] {dag.py:1833} INFO - Sync 1 DAGs
[2023-08-08 23:14:22,173] {logging_mixin.py:104} INFO - [2023-08-08 23:14:22,172] {dag.py:2306} INFO - Setting next_dagrun for example_short_circuit_operator to 2023-08-06 00:00:00+00:00
[2023-08-08 23:14:22,201] {scheduler_job.py:190} INFO - Processing /home/airflow/.local/lib/python3.6/site-packages/airflow/example_dags/example_short_circuit_operator.py took 0.417 seconds
[2023-08-08 23:14:56,364] {scheduler_job.py:182} INFO - Started process (PID=6912) to work on /home/airflow/.local/lib/python3.6/site-packages/airflow/example_dags/example_short_circuit_operator.py
[2023-08-08 23:14:56,378] {scheduler_job.py:633} INFO - Processing file /home/airflow/.local/lib/python3.6/site-packages/airflow/example_dags/example_short_circuit_operator.py for tasks to queue
[2023-08-08 23:14:56,390] {logging_mixin.py:104} INFO - [2023-08-08 23:14:56,390] {dagbag.py:496} INFO - Filling up the DagBag from /home/airflow/.local/lib/python3.6/site-packages/airflow/example_dags/example_short_circuit_operator.py
[2023-08-08 23:14:56,560] {scheduler_job.py:643} INFO - DAG(s) dict_keys(['example_short_circuit_operator']) retrieved from /home/airflow/.local/lib/python3.6/site-packages/airflow/example_dags/example_short_circuit_operator.py
[2023-08-08 23:14:56,743] {logging_mixin.py:104} INFO - [2023-08-08 23:14:56,743] {dag.py:1833} INFO - Sync 1 DAGs
[2023-08-08 23:14:56,832] {logging_mixin.py:104} INFO - [2023-08-08 23:14:56,832] {dag.py:2306} INFO - Setting next_dagrun for example_short_circuit_operator to 2023-08-06 00:00:00+00:00
[2023-08-08 23:14:56,879] {scheduler_job.py:190} INFO - Processing /home/airflow/.local/lib/python3.6/site-packages/airflow/example_dags/example_short_circuit_operator.py took 0.555 seconds
[2023-08-08 23:15:27,201] {scheduler_job.py:182} INFO - Started process (PID=6953) to work on /home/airflow/.local/lib/python3.6/site-packages/airflow/example_dags/example_short_circuit_operator.py
[2023-08-08 23:15:27,208] {scheduler_job.py:633} INFO - Processing file /home/airflow/.local/lib/python3.6/site-packages/airflow/example_dags/example_short_circuit_operator.py for tasks to queue
[2023-08-08 23:15:27,222] {logging_mixin.py:104} INFO - [2023-08-08 23:15:27,219] {dagbag.py:496} INFO - Filling up the DagBag from /home/airflow/.local/lib/python3.6/site-packages/airflow/example_dags/example_short_circuit_operator.py
[2023-08-08 23:15:27,303] {scheduler_job.py:643} INFO - DAG(s) dict_keys(['example_short_circuit_operator']) retrieved from /home/airflow/.local/lib/python3.6/site-packages/airflow/example_dags/example_short_circuit_operator.py
[2023-08-08 23:15:27,375] {logging_mixin.py:104} INFO - [2023-08-08 23:15:27,375] {dag.py:1833} INFO - Sync 1 DAGs
[2023-08-08 23:15:27,438] {logging_mixin.py:104} INFO - [2023-08-08 23:15:27,438] {dag.py:2306} INFO - Setting next_dagrun for example_short_circuit_operator to 2023-08-06 00:00:00+00:00
[2023-08-08 23:15:27,513] {scheduler_job.py:190} INFO - Processing /home/airflow/.local/lib/python3.6/site-packages/airflow/example_dags/example_short_circuit_operator.py took 0.326 seconds
[2023-08-08 23:15:57,773] {scheduler_job.py:182} INFO - Started process (PID=7003) to work on /home/airflow/.local/lib/python3.6/site-packages/airflow/example_dags/example_short_circuit_operator.py
[2023-08-08 23:15:57,778] {scheduler_job.py:633} INFO - Processing file /home/airflow/.local/lib/python3.6/site-packages/airflow/example_dags/example_short_circuit_operator.py for tasks to queue
[2023-08-08 23:15:57,782] {logging_mixin.py:104} INFO - [2023-08-08 23:15:57,781] {dagbag.py:496} INFO - Filling up the DagBag from /home/airflow/.local/lib/python3.6/site-packages/airflow/example_dags/example_short_circuit_operator.py
[2023-08-08 23:15:57,831] {scheduler_job.py:643} INFO - DAG(s) dict_keys(['example_short_circuit_operator']) retrieved from /home/airflow/.local/lib/python3.6/site-packages/airflow/example_dags/example_short_circuit_operator.py
[2023-08-08 23:15:57,895] {logging_mixin.py:104} INFO - [2023-08-08 23:15:57,895] {dag.py:1833} INFO - Sync 1 DAGs
[2023-08-08 23:15:57,933] {logging_mixin.py:104} INFO - [2023-08-08 23:15:57,933] {dag.py:2306} INFO - Setting next_dagrun for example_short_circuit_operator to 2023-08-06 00:00:00+00:00
[2023-08-08 23:15:57,968] {scheduler_job.py:190} INFO - Processing /home/airflow/.local/lib/python3.6/site-packages/airflow/example_dags/example_short_circuit_operator.py took 0.207 seconds
[2023-08-08 23:16:30,444] {scheduler_job.py:182} INFO - Started process (PID=7052) to work on /home/airflow/.local/lib/python3.6/site-packages/airflow/example_dags/example_short_circuit_operator.py
[2023-08-08 23:16:30,451] {scheduler_job.py:633} INFO - Processing file /home/airflow/.local/lib/python3.6/site-packages/airflow/example_dags/example_short_circuit_operator.py for tasks to queue
[2023-08-08 23:16:30,465] {logging_mixin.py:104} INFO - [2023-08-08 23:16:30,465] {dagbag.py:496} INFO - Filling up the DagBag from /home/airflow/.local/lib/python3.6/site-packages/airflow/example_dags/example_short_circuit_operator.py
[2023-08-08 23:16:30,524] {scheduler_job.py:643} INFO - DAG(s) dict_keys(['example_short_circuit_operator']) retrieved from /home/airflow/.local/lib/python3.6/site-packages/airflow/example_dags/example_short_circuit_operator.py
[2023-08-08 23:16:30,572] {logging_mixin.py:104} INFO - [2023-08-08 23:16:30,571] {dag.py:1833} INFO - Sync 1 DAGs
[2023-08-08 23:16:30,634] {logging_mixin.py:104} INFO - [2023-08-08 23:16:30,634] {dag.py:2306} INFO - Setting next_dagrun for example_short_circuit_operator to 2023-08-06 00:00:00+00:00
[2023-08-08 23:16:30,664] {scheduler_job.py:190} INFO - Processing /home/airflow/.local/lib/python3.6/site-packages/airflow/example_dags/example_short_circuit_operator.py took 0.236 seconds
[2023-08-08 23:17:02,905] {scheduler_job.py:182} INFO - Started process (PID=7102) to work on /home/airflow/.local/lib/python3.6/site-packages/airflow/example_dags/example_short_circuit_operator.py
[2023-08-08 23:17:02,919] {scheduler_job.py:633} INFO - Processing file /home/airflow/.local/lib/python3.6/site-packages/airflow/example_dags/example_short_circuit_operator.py for tasks to queue
[2023-08-08 23:17:02,929] {logging_mixin.py:104} INFO - [2023-08-08 23:17:02,928] {dagbag.py:496} INFO - Filling up the DagBag from /home/airflow/.local/lib/python3.6/site-packages/airflow/example_dags/example_short_circuit_operator.py
[2023-08-08 23:17:03,005] {scheduler_job.py:643} INFO - DAG(s) dict_keys(['example_short_circuit_operator']) retrieved from /home/airflow/.local/lib/python3.6/site-packages/airflow/example_dags/example_short_circuit_operator.py
[2023-08-08 23:17:03,186] {logging_mixin.py:104} INFO - [2023-08-08 23:17:03,185] {dag.py:1833} INFO - Sync 1 DAGs
[2023-08-08 23:17:03,266] {logging_mixin.py:104} INFO - [2023-08-08 23:17:03,265] {dag.py:2306} INFO - Setting next_dagrun for example_short_circuit_operator to 2023-08-06 00:00:00+00:00
[2023-08-08 23:17:03,332] {scheduler_job.py:190} INFO - Processing /home/airflow/.local/lib/python3.6/site-packages/airflow/example_dags/example_short_circuit_operator.py took 0.444 seconds
[2023-08-08 23:17:34,660] {scheduler_job.py:182} INFO - Started process (PID=7143) to work on /home/airflow/.local/lib/python3.6/site-packages/airflow/example_dags/example_short_circuit_operator.py
[2023-08-08 23:17:34,666] {scheduler_job.py:633} INFO - Processing file /home/airflow/.local/lib/python3.6/site-packages/airflow/example_dags/example_short_circuit_operator.py for tasks to queue
[2023-08-08 23:17:34,669] {logging_mixin.py:104} INFO - [2023-08-08 23:17:34,669] {dagbag.py:496} INFO - Filling up the DagBag from /home/airflow/.local/lib/python3.6/site-packages/airflow/example_dags/example_short_circuit_operator.py
[2023-08-08 23:17:34,729] {scheduler_job.py:643} INFO - DAG(s) dict_keys(['example_short_circuit_operator']) retrieved from /home/airflow/.local/lib/python3.6/site-packages/airflow/example_dags/example_short_circuit_operator.py
[2023-08-08 23:17:34,785] {logging_mixin.py:104} INFO - [2023-08-08 23:17:34,785] {dag.py:1833} INFO - Sync 1 DAGs
[2023-08-08 23:17:34,836] {logging_mixin.py:104} INFO - [2023-08-08 23:17:34,836] {dag.py:2306} INFO - Setting next_dagrun for example_short_circuit_operator to 2023-08-06 00:00:00+00:00
[2023-08-08 23:17:34,900] {scheduler_job.py:190} INFO - Processing /home/airflow/.local/lib/python3.6/site-packages/airflow/example_dags/example_short_circuit_operator.py took 0.247 seconds
[2023-08-08 23:18:05,450] {scheduler_job.py:182} INFO - Started process (PID=7194) to work on /home/airflow/.local/lib/python3.6/site-packages/airflow/example_dags/example_short_circuit_operator.py
[2023-08-08 23:18:05,455] {scheduler_job.py:633} INFO - Processing file /home/airflow/.local/lib/python3.6/site-packages/airflow/example_dags/example_short_circuit_operator.py for tasks to queue
[2023-08-08 23:18:05,465] {logging_mixin.py:104} INFO - [2023-08-08 23:18:05,465] {dagbag.py:496} INFO - Filling up the DagBag from /home/airflow/.local/lib/python3.6/site-packages/airflow/example_dags/example_short_circuit_operator.py
[2023-08-08 23:18:05,522] {scheduler_job.py:643} INFO - DAG(s) dict_keys(['example_short_circuit_operator']) retrieved from /home/airflow/.local/lib/python3.6/site-packages/airflow/example_dags/example_short_circuit_operator.py
[2023-08-08 23:18:05,593] {logging_mixin.py:104} INFO - [2023-08-08 23:18:05,593] {dag.py:1833} INFO - Sync 1 DAGs
[2023-08-08 23:18:05,638] {logging_mixin.py:104} INFO - [2023-08-08 23:18:05,638] {dag.py:2306} INFO - Setting next_dagrun for example_short_circuit_operator to 2023-08-06 00:00:00+00:00
[2023-08-08 23:18:05,675] {scheduler_job.py:190} INFO - Processing /home/airflow/.local/lib/python3.6/site-packages/airflow/example_dags/example_short_circuit_operator.py took 0.246 seconds
[2023-08-08 23:18:38,542] {scheduler_job.py:182} INFO - Started process (PID=7245) to work on /home/airflow/.local/lib/python3.6/site-packages/airflow/example_dags/example_short_circuit_operator.py
[2023-08-08 23:18:38,548] {scheduler_job.py:633} INFO - Processing file /home/airflow/.local/lib/python3.6/site-packages/airflow/example_dags/example_short_circuit_operator.py for tasks to queue
[2023-08-08 23:18:38,553] {logging_mixin.py:104} INFO - [2023-08-08 23:18:38,553] {dagbag.py:496} INFO - Filling up the DagBag from /home/airflow/.local/lib/python3.6/site-packages/airflow/example_dags/example_short_circuit_operator.py
[2023-08-08 23:18:38,702] {scheduler_job.py:643} INFO - DAG(s) dict_keys(['example_short_circuit_operator']) retrieved from /home/airflow/.local/lib/python3.6/site-packages/airflow/example_dags/example_short_circuit_operator.py
[2023-08-08 23:18:38,855] {logging_mixin.py:104} INFO - [2023-08-08 23:18:38,854] {dag.py:1833} INFO - Sync 1 DAGs
[2023-08-08 23:18:38,944] {logging_mixin.py:104} INFO - [2023-08-08 23:18:38,944] {dag.py:2306} INFO - Setting next_dagrun for example_short_circuit_operator to 2023-08-06 00:00:00+00:00
[2023-08-08 23:18:39,075] {scheduler_job.py:190} INFO - Processing /home/airflow/.local/lib/python3.6/site-packages/airflow/example_dags/example_short_circuit_operator.py took 0.545 seconds
[2023-08-08 23:19:10,089] {scheduler_job.py:182} INFO - Started process (PID=7297) to work on /home/airflow/.local/lib/python3.6/site-packages/airflow/example_dags/example_short_circuit_operator.py
[2023-08-08 23:19:10,102] {scheduler_job.py:633} INFO - Processing file /home/airflow/.local/lib/python3.6/site-packages/airflow/example_dags/example_short_circuit_operator.py for tasks to queue
[2023-08-08 23:19:10,107] {logging_mixin.py:104} INFO - [2023-08-08 23:19:10,106] {dagbag.py:496} INFO - Filling up the DagBag from /home/airflow/.local/lib/python3.6/site-packages/airflow/example_dags/example_short_circuit_operator.py
[2023-08-08 23:19:10,251] {scheduler_job.py:643} INFO - DAG(s) dict_keys(['example_short_circuit_operator']) retrieved from /home/airflow/.local/lib/python3.6/site-packages/airflow/example_dags/example_short_circuit_operator.py
[2023-08-08 23:19:10,384] {logging_mixin.py:104} INFO - [2023-08-08 23:19:10,384] {dag.py:1833} INFO - Sync 1 DAGs
[2023-08-08 23:19:10,454] {logging_mixin.py:104} INFO - [2023-08-08 23:19:10,453] {dag.py:2306} INFO - Setting next_dagrun for example_short_circuit_operator to 2023-08-06 00:00:00+00:00
[2023-08-08 23:19:10,528] {scheduler_job.py:190} INFO - Processing /home/airflow/.local/lib/python3.6/site-packages/airflow/example_dags/example_short_circuit_operator.py took 0.455 seconds
[2023-08-08 23:19:41,304] {scheduler_job.py:182} INFO - Started process (PID=7337) to work on /home/airflow/.local/lib/python3.6/site-packages/airflow/example_dags/example_short_circuit_operator.py
[2023-08-08 23:19:41,309] {scheduler_job.py:633} INFO - Processing file /home/airflow/.local/lib/python3.6/site-packages/airflow/example_dags/example_short_circuit_operator.py for tasks to queue
[2023-08-08 23:19:41,311] {logging_mixin.py:104} INFO - [2023-08-08 23:19:41,311] {dagbag.py:496} INFO - Filling up the DagBag from /home/airflow/.local/lib/python3.6/site-packages/airflow/example_dags/example_short_circuit_operator.py
[2023-08-08 23:19:41,356] {scheduler_job.py:643} INFO - DAG(s) dict_keys(['example_short_circuit_operator']) retrieved from /home/airflow/.local/lib/python3.6/site-packages/airflow/example_dags/example_short_circuit_operator.py
[2023-08-08 23:19:41,430] {logging_mixin.py:104} INFO - [2023-08-08 23:19:41,430] {dag.py:1833} INFO - Sync 1 DAGs
[2023-08-08 23:19:41,466] {logging_mixin.py:104} INFO - [2023-08-08 23:19:41,466] {dag.py:2306} INFO - Setting next_dagrun for example_short_circuit_operator to 2023-08-06 00:00:00+00:00
[2023-08-08 23:19:41,492] {scheduler_job.py:190} INFO - Processing /home/airflow/.local/lib/python3.6/site-packages/airflow/example_dags/example_short_circuit_operator.py took 0.198 seconds
[2023-08-08 23:20:11,755] {scheduler_job.py:182} INFO - Started process (PID=7388) to work on /home/airflow/.local/lib/python3.6/site-packages/airflow/example_dags/example_short_circuit_operator.py
[2023-08-08 23:20:11,764] {scheduler_job.py:633} INFO - Processing file /home/airflow/.local/lib/python3.6/site-packages/airflow/example_dags/example_short_circuit_operator.py for tasks to queue
[2023-08-08 23:20:11,771] {logging_mixin.py:104} INFO - [2023-08-08 23:20:11,769] {dagbag.py:496} INFO - Filling up the DagBag from /home/airflow/.local/lib/python3.6/site-packages/airflow/example_dags/example_short_circuit_operator.py
[2023-08-08 23:20:11,807] {scheduler_job.py:643} INFO - DAG(s) dict_keys(['example_short_circuit_operator']) retrieved from /home/airflow/.local/lib/python3.6/site-packages/airflow/example_dags/example_short_circuit_operator.py
[2023-08-08 23:20:11,845] {logging_mixin.py:104} INFO - [2023-08-08 23:20:11,845] {dag.py:1833} INFO - Sync 1 DAGs
[2023-08-08 23:20:11,862] {logging_mixin.py:104} INFO - [2023-08-08 23:20:11,862] {dag.py:2306} INFO - Setting next_dagrun for example_short_circuit_operator to 2023-08-06 00:00:00+00:00
[2023-08-08 23:20:11,889] {scheduler_job.py:190} INFO - Processing /home/airflow/.local/lib/python3.6/site-packages/airflow/example_dags/example_short_circuit_operator.py took 0.156 seconds
