[2023-08-08 23:00:03,689] {scheduler_job.py:182} INFO - Started process (PID=5460) to work on /home/airflow/.local/lib/python3.6/site-packages/airflow/example_dags/example_branch_labels.py
[2023-08-08 23:00:03,695] {scheduler_job.py:633} INFO - Processing file /home/airflow/.local/lib/python3.6/site-packages/airflow/example_dags/example_branch_labels.py for tasks to queue
[2023-08-08 23:00:03,700] {logging_mixin.py:104} INFO - [2023-08-08 23:00:03,700] {dagbag.py:496} INFO - Filling up the DagBag from /home/airflow/.local/lib/python3.6/site-packages/airflow/example_dags/example_branch_labels.py
[2023-08-08 23:00:03,759] {scheduler_job.py:643} INFO - DAG(s) dict_keys(['example_branch_labels']) retrieved from /home/airflow/.local/lib/python3.6/site-packages/airflow/example_dags/example_branch_labels.py
[2023-08-08 23:00:04,987] {logging_mixin.py:104} INFO - [2023-08-08 23:00:04,986] {dag.py:1833} INFO - Sync 1 DAGs
[2023-08-08 23:00:05,036] {logging_mixin.py:104} INFO - [2023-08-08 23:00:05,035] {dag.py:2306} INFO - Setting next_dagrun for example_branch_labels to 2023-08-06 00:00:00+00:00
[2023-08-08 23:00:05,101] {scheduler_job.py:190} INFO - Processing /home/airflow/.local/lib/python3.6/site-packages/airflow/example_dags/example_branch_labels.py took 1.429 seconds
[2023-08-08 23:00:35,994] {scheduler_job.py:182} INFO - Started process (PID=5511) to work on /home/airflow/.local/lib/python3.6/site-packages/airflow/example_dags/example_branch_labels.py
[2023-08-08 23:00:35,998] {scheduler_job.py:633} INFO - Processing file /home/airflow/.local/lib/python3.6/site-packages/airflow/example_dags/example_branch_labels.py for tasks to queue
[2023-08-08 23:00:36,000] {logging_mixin.py:104} INFO - [2023-08-08 23:00:36,000] {dagbag.py:496} INFO - Filling up the DagBag from /home/airflow/.local/lib/python3.6/site-packages/airflow/example_dags/example_branch_labels.py
[2023-08-08 23:00:36,027] {scheduler_job.py:643} INFO - DAG(s) dict_keys(['example_branch_labels']) retrieved from /home/airflow/.local/lib/python3.6/site-packages/airflow/example_dags/example_branch_labels.py
[2023-08-08 23:00:36,074] {logging_mixin.py:104} INFO - [2023-08-08 23:00:36,074] {dag.py:1833} INFO - Sync 1 DAGs
[2023-08-08 23:00:36,101] {logging_mixin.py:104} INFO - [2023-08-08 23:00:36,101] {dag.py:2306} INFO - Setting next_dagrun for example_branch_labels to 2023-08-06 00:00:00+00:00
[2023-08-08 23:00:36,117] {scheduler_job.py:190} INFO - Processing /home/airflow/.local/lib/python3.6/site-packages/airflow/example_dags/example_branch_labels.py took 0.128 seconds
[2023-08-08 23:01:06,719] {scheduler_job.py:182} INFO - Started process (PID=5572) to work on /home/airflow/.local/lib/python3.6/site-packages/airflow/example_dags/example_branch_labels.py
[2023-08-08 23:01:06,725] {scheduler_job.py:633} INFO - Processing file /home/airflow/.local/lib/python3.6/site-packages/airflow/example_dags/example_branch_labels.py for tasks to queue
[2023-08-08 23:01:06,729] {logging_mixin.py:104} INFO - [2023-08-08 23:01:06,729] {dagbag.py:496} INFO - Filling up the DagBag from /home/airflow/.local/lib/python3.6/site-packages/airflow/example_dags/example_branch_labels.py
[2023-08-08 23:01:06,764] {scheduler_job.py:643} INFO - DAG(s) dict_keys(['example_branch_labels']) retrieved from /home/airflow/.local/lib/python3.6/site-packages/airflow/example_dags/example_branch_labels.py
[2023-08-08 23:01:06,809] {logging_mixin.py:104} INFO - [2023-08-08 23:01:06,809] {dag.py:1833} INFO - Sync 1 DAGs
[2023-08-08 23:01:06,838] {logging_mixin.py:104} INFO - [2023-08-08 23:01:06,838] {dag.py:2306} INFO - Setting next_dagrun for example_branch_labels to 2023-08-06 00:00:00+00:00
[2023-08-08 23:01:06,866] {scheduler_job.py:190} INFO - Processing /home/airflow/.local/lib/python3.6/site-packages/airflow/example_dags/example_branch_labels.py took 0.155 seconds
[2023-08-08 23:01:37,242] {scheduler_job.py:182} INFO - Started process (PID=5622) to work on /home/airflow/.local/lib/python3.6/site-packages/airflow/example_dags/example_branch_labels.py
[2023-08-08 23:01:37,253] {scheduler_job.py:633} INFO - Processing file /home/airflow/.local/lib/python3.6/site-packages/airflow/example_dags/example_branch_labels.py for tasks to queue
[2023-08-08 23:01:37,268] {logging_mixin.py:104} INFO - [2023-08-08 23:01:37,266] {dagbag.py:496} INFO - Filling up the DagBag from /home/airflow/.local/lib/python3.6/site-packages/airflow/example_dags/example_branch_labels.py
[2023-08-08 23:01:37,305] {scheduler_job.py:643} INFO - DAG(s) dict_keys(['example_branch_labels']) retrieved from /home/airflow/.local/lib/python3.6/site-packages/airflow/example_dags/example_branch_labels.py
[2023-08-08 23:01:37,336] {logging_mixin.py:104} INFO - [2023-08-08 23:01:37,336] {dag.py:1833} INFO - Sync 1 DAGs
[2023-08-08 23:01:37,363] {logging_mixin.py:104} INFO - [2023-08-08 23:01:37,363] {dag.py:2306} INFO - Setting next_dagrun for example_branch_labels to 2023-08-06 00:00:00+00:00
[2023-08-08 23:01:37,380] {scheduler_job.py:190} INFO - Processing /home/airflow/.local/lib/python3.6/site-packages/airflow/example_dags/example_branch_labels.py took 0.160 seconds
[2023-08-08 23:02:07,544] {scheduler_job.py:182} INFO - Started process (PID=5674) to work on /home/airflow/.local/lib/python3.6/site-packages/airflow/example_dags/example_branch_labels.py
[2023-08-08 23:02:07,551] {scheduler_job.py:633} INFO - Processing file /home/airflow/.local/lib/python3.6/site-packages/airflow/example_dags/example_branch_labels.py for tasks to queue
[2023-08-08 23:02:07,554] {logging_mixin.py:104} INFO - [2023-08-08 23:02:07,553] {dagbag.py:496} INFO - Filling up the DagBag from /home/airflow/.local/lib/python3.6/site-packages/airflow/example_dags/example_branch_labels.py
[2023-08-08 23:02:07,582] {scheduler_job.py:643} INFO - DAG(s) dict_keys(['example_branch_labels']) retrieved from /home/airflow/.local/lib/python3.6/site-packages/airflow/example_dags/example_branch_labels.py
[2023-08-08 23:02:07,621] {logging_mixin.py:104} INFO - [2023-08-08 23:02:07,621] {dag.py:1833} INFO - Sync 1 DAGs
[2023-08-08 23:02:07,654] {logging_mixin.py:104} INFO - [2023-08-08 23:02:07,654] {dag.py:2306} INFO - Setting next_dagrun for example_branch_labels to 2023-08-06 00:00:00+00:00
[2023-08-08 23:02:07,673] {scheduler_job.py:190} INFO - Processing /home/airflow/.local/lib/python3.6/site-packages/airflow/example_dags/example_branch_labels.py took 0.146 seconds
[2023-08-08 23:02:38,229] {scheduler_job.py:182} INFO - Started process (PID=5725) to work on /home/airflow/.local/lib/python3.6/site-packages/airflow/example_dags/example_branch_labels.py
[2023-08-08 23:02:38,237] {scheduler_job.py:633} INFO - Processing file /home/airflow/.local/lib/python3.6/site-packages/airflow/example_dags/example_branch_labels.py for tasks to queue
[2023-08-08 23:02:38,251] {logging_mixin.py:104} INFO - [2023-08-08 23:02:38,251] {dagbag.py:496} INFO - Filling up the DagBag from /home/airflow/.local/lib/python3.6/site-packages/airflow/example_dags/example_branch_labels.py
[2023-08-08 23:02:38,310] {scheduler_job.py:643} INFO - DAG(s) dict_keys(['example_branch_labels']) retrieved from /home/airflow/.local/lib/python3.6/site-packages/airflow/example_dags/example_branch_labels.py
[2023-08-08 23:02:38,347] {logging_mixin.py:104} INFO - [2023-08-08 23:02:38,347] {dag.py:1833} INFO - Sync 1 DAGs
[2023-08-08 23:02:38,373] {logging_mixin.py:104} INFO - [2023-08-08 23:02:38,372] {dag.py:2306} INFO - Setting next_dagrun for example_branch_labels to 2023-08-06 00:00:00+00:00
[2023-08-08 23:02:38,392] {scheduler_job.py:190} INFO - Processing /home/airflow/.local/lib/python3.6/site-packages/airflow/example_dags/example_branch_labels.py took 0.199 seconds
[2023-08-08 23:03:08,553] {scheduler_job.py:182} INFO - Started process (PID=5776) to work on /home/airflow/.local/lib/python3.6/site-packages/airflow/example_dags/example_branch_labels.py
[2023-08-08 23:03:08,558] {scheduler_job.py:633} INFO - Processing file /home/airflow/.local/lib/python3.6/site-packages/airflow/example_dags/example_branch_labels.py for tasks to queue
[2023-08-08 23:03:08,563] {logging_mixin.py:104} INFO - [2023-08-08 23:03:08,562] {dagbag.py:496} INFO - Filling up the DagBag from /home/airflow/.local/lib/python3.6/site-packages/airflow/example_dags/example_branch_labels.py
[2023-08-08 23:03:08,588] {scheduler_job.py:643} INFO - DAG(s) dict_keys(['example_branch_labels']) retrieved from /home/airflow/.local/lib/python3.6/site-packages/airflow/example_dags/example_branch_labels.py
[2023-08-08 23:03:08,626] {logging_mixin.py:104} INFO - [2023-08-08 23:03:08,626] {dag.py:1833} INFO - Sync 1 DAGs
[2023-08-08 23:03:08,648] {logging_mixin.py:104} INFO - [2023-08-08 23:03:08,648] {dag.py:2306} INFO - Setting next_dagrun for example_branch_labels to 2023-08-06 00:00:00+00:00
[2023-08-08 23:03:08,661] {scheduler_job.py:190} INFO - Processing /home/airflow/.local/lib/python3.6/site-packages/airflow/example_dags/example_branch_labels.py took 0.114 seconds
[2023-08-08 23:03:39,333] {scheduler_job.py:182} INFO - Started process (PID=5828) to work on /home/airflow/.local/lib/python3.6/site-packages/airflow/example_dags/example_branch_labels.py
[2023-08-08 23:03:39,337] {scheduler_job.py:633} INFO - Processing file /home/airflow/.local/lib/python3.6/site-packages/airflow/example_dags/example_branch_labels.py for tasks to queue
[2023-08-08 23:03:39,339] {logging_mixin.py:104} INFO - [2023-08-08 23:03:39,339] {dagbag.py:496} INFO - Filling up the DagBag from /home/airflow/.local/lib/python3.6/site-packages/airflow/example_dags/example_branch_labels.py
[2023-08-08 23:03:39,367] {scheduler_job.py:643} INFO - DAG(s) dict_keys(['example_branch_labels']) retrieved from /home/airflow/.local/lib/python3.6/site-packages/airflow/example_dags/example_branch_labels.py
[2023-08-08 23:03:39,410] {logging_mixin.py:104} INFO - [2023-08-08 23:03:39,410] {dag.py:1833} INFO - Sync 1 DAGs
[2023-08-08 23:03:39,438] {logging_mixin.py:104} INFO - [2023-08-08 23:03:39,438] {dag.py:2306} INFO - Setting next_dagrun for example_branch_labels to 2023-08-06 00:00:00+00:00
[2023-08-08 23:03:39,455] {scheduler_job.py:190} INFO - Processing /home/airflow/.local/lib/python3.6/site-packages/airflow/example_dags/example_branch_labels.py took 0.133 seconds
[2023-08-08 23:04:09,712] {scheduler_job.py:182} INFO - Started process (PID=5878) to work on /home/airflow/.local/lib/python3.6/site-packages/airflow/example_dags/example_branch_labels.py
[2023-08-08 23:04:09,719] {scheduler_job.py:633} INFO - Processing file /home/airflow/.local/lib/python3.6/site-packages/airflow/example_dags/example_branch_labels.py for tasks to queue
[2023-08-08 23:04:09,724] {logging_mixin.py:104} INFO - [2023-08-08 23:04:09,723] {dagbag.py:496} INFO - Filling up the DagBag from /home/airflow/.local/lib/python3.6/site-packages/airflow/example_dags/example_branch_labels.py
[2023-08-08 23:04:09,781] {scheduler_job.py:643} INFO - DAG(s) dict_keys(['example_branch_labels']) retrieved from /home/airflow/.local/lib/python3.6/site-packages/airflow/example_dags/example_branch_labels.py
[2023-08-08 23:04:09,842] {logging_mixin.py:104} INFO - [2023-08-08 23:04:09,842] {dag.py:1833} INFO - Sync 1 DAGs
[2023-08-08 23:04:09,884] {logging_mixin.py:104} INFO - [2023-08-08 23:04:09,884] {dag.py:2306} INFO - Setting next_dagrun for example_branch_labels to 2023-08-06 00:00:00+00:00
[2023-08-08 23:04:09,904] {scheduler_job.py:190} INFO - Processing /home/airflow/.local/lib/python3.6/site-packages/airflow/example_dags/example_branch_labels.py took 0.216 seconds
[2023-08-08 23:04:40,334] {scheduler_job.py:182} INFO - Started process (PID=5936) to work on /home/airflow/.local/lib/python3.6/site-packages/airflow/example_dags/example_branch_labels.py
[2023-08-08 23:04:40,344] {scheduler_job.py:633} INFO - Processing file /home/airflow/.local/lib/python3.6/site-packages/airflow/example_dags/example_branch_labels.py for tasks to queue
[2023-08-08 23:04:40,347] {logging_mixin.py:104} INFO - [2023-08-08 23:04:40,347] {dagbag.py:496} INFO - Filling up the DagBag from /home/airflow/.local/lib/python3.6/site-packages/airflow/example_dags/example_branch_labels.py
[2023-08-08 23:04:40,417] {scheduler_job.py:643} INFO - DAG(s) dict_keys(['example_branch_labels']) retrieved from /home/airflow/.local/lib/python3.6/site-packages/airflow/example_dags/example_branch_labels.py
[2023-08-08 23:04:40,499] {logging_mixin.py:104} INFO - [2023-08-08 23:04:40,498] {dag.py:1833} INFO - Sync 1 DAGs
[2023-08-08 23:04:40,550] {logging_mixin.py:104} INFO - [2023-08-08 23:04:40,550] {dag.py:2306} INFO - Setting next_dagrun for example_branch_labels to 2023-08-06 00:00:00+00:00
[2023-08-08 23:04:40,576] {scheduler_job.py:190} INFO - Processing /home/airflow/.local/lib/python3.6/site-packages/airflow/example_dags/example_branch_labels.py took 0.250 seconds
[2023-08-08 23:05:10,926] {scheduler_job.py:182} INFO - Started process (PID=5986) to work on /home/airflow/.local/lib/python3.6/site-packages/airflow/example_dags/example_branch_labels.py
[2023-08-08 23:05:10,939] {scheduler_job.py:633} INFO - Processing file /home/airflow/.local/lib/python3.6/site-packages/airflow/example_dags/example_branch_labels.py for tasks to queue
[2023-08-08 23:05:10,944] {logging_mixin.py:104} INFO - [2023-08-08 23:05:10,942] {dagbag.py:496} INFO - Filling up the DagBag from /home/airflow/.local/lib/python3.6/site-packages/airflow/example_dags/example_branch_labels.py
[2023-08-08 23:05:11,027] {scheduler_job.py:643} INFO - DAG(s) dict_keys(['example_branch_labels']) retrieved from /home/airflow/.local/lib/python3.6/site-packages/airflow/example_dags/example_branch_labels.py
[2023-08-08 23:05:11,136] {logging_mixin.py:104} INFO - [2023-08-08 23:05:11,134] {dag.py:1833} INFO - Sync 1 DAGs
[2023-08-08 23:05:11,251] {logging_mixin.py:104} INFO - [2023-08-08 23:05:11,251] {dag.py:2306} INFO - Setting next_dagrun for example_branch_labels to 2023-08-06 00:00:00+00:00
[2023-08-08 23:05:11,302] {scheduler_job.py:190} INFO - Processing /home/airflow/.local/lib/python3.6/site-packages/airflow/example_dags/example_branch_labels.py took 0.393 seconds
[2023-08-08 23:05:42,123] {scheduler_job.py:182} INFO - Started process (PID=6035) to work on /home/airflow/.local/lib/python3.6/site-packages/airflow/example_dags/example_branch_labels.py
[2023-08-08 23:05:42,132] {scheduler_job.py:633} INFO - Processing file /home/airflow/.local/lib/python3.6/site-packages/airflow/example_dags/example_branch_labels.py for tasks to queue
[2023-08-08 23:05:42,140] {logging_mixin.py:104} INFO - [2023-08-08 23:05:42,139] {dagbag.py:496} INFO - Filling up the DagBag from /home/airflow/.local/lib/python3.6/site-packages/airflow/example_dags/example_branch_labels.py
[2023-08-08 23:05:42,208] {scheduler_job.py:643} INFO - DAG(s) dict_keys(['example_branch_labels']) retrieved from /home/airflow/.local/lib/python3.6/site-packages/airflow/example_dags/example_branch_labels.py
[2023-08-08 23:05:42,313] {logging_mixin.py:104} INFO - [2023-08-08 23:05:42,313] {dag.py:1833} INFO - Sync 1 DAGs
[2023-08-08 23:05:42,395] {logging_mixin.py:104} INFO - [2023-08-08 23:05:42,394] {dag.py:2306} INFO - Setting next_dagrun for example_branch_labels to 2023-08-06 00:00:00+00:00
[2023-08-08 23:05:42,449] {scheduler_job.py:190} INFO - Processing /home/airflow/.local/lib/python3.6/site-packages/airflow/example_dags/example_branch_labels.py took 0.341 seconds
[2023-08-08 23:06:13,322] {scheduler_job.py:182} INFO - Started process (PID=6079) to work on /home/airflow/.local/lib/python3.6/site-packages/airflow/example_dags/example_branch_labels.py
[2023-08-08 23:06:13,331] {scheduler_job.py:633} INFO - Processing file /home/airflow/.local/lib/python3.6/site-packages/airflow/example_dags/example_branch_labels.py for tasks to queue
[2023-08-08 23:06:13,336] {logging_mixin.py:104} INFO - [2023-08-08 23:06:13,335] {dagbag.py:496} INFO - Filling up the DagBag from /home/airflow/.local/lib/python3.6/site-packages/airflow/example_dags/example_branch_labels.py
[2023-08-08 23:06:13,396] {scheduler_job.py:643} INFO - DAG(s) dict_keys(['example_branch_labels']) retrieved from /home/airflow/.local/lib/python3.6/site-packages/airflow/example_dags/example_branch_labels.py
[2023-08-08 23:06:13,453] {logging_mixin.py:104} INFO - [2023-08-08 23:06:13,452] {dag.py:1833} INFO - Sync 1 DAGs
[2023-08-08 23:06:13,501] {logging_mixin.py:104} INFO - [2023-08-08 23:06:13,501] {dag.py:2306} INFO - Setting next_dagrun for example_branch_labels to 2023-08-06 00:00:00+00:00
[2023-08-08 23:06:13,563] {scheduler_job.py:190} INFO - Processing /home/airflow/.local/lib/python3.6/site-packages/airflow/example_dags/example_branch_labels.py took 0.277 seconds
[2023-08-08 23:06:44,164] {scheduler_job.py:182} INFO - Started process (PID=6131) to work on /home/airflow/.local/lib/python3.6/site-packages/airflow/example_dags/example_branch_labels.py
[2023-08-08 23:06:44,171] {scheduler_job.py:633} INFO - Processing file /home/airflow/.local/lib/python3.6/site-packages/airflow/example_dags/example_branch_labels.py for tasks to queue
[2023-08-08 23:06:44,175] {logging_mixin.py:104} INFO - [2023-08-08 23:06:44,175] {dagbag.py:496} INFO - Filling up the DagBag from /home/airflow/.local/lib/python3.6/site-packages/airflow/example_dags/example_branch_labels.py
[2023-08-08 23:06:44,226] {scheduler_job.py:643} INFO - DAG(s) dict_keys(['example_branch_labels']) retrieved from /home/airflow/.local/lib/python3.6/site-packages/airflow/example_dags/example_branch_labels.py
[2023-08-08 23:06:44,276] {logging_mixin.py:104} INFO - [2023-08-08 23:06:44,275] {dag.py:1833} INFO - Sync 1 DAGs
[2023-08-08 23:06:44,342] {logging_mixin.py:104} INFO - [2023-08-08 23:06:44,342] {dag.py:2306} INFO - Setting next_dagrun for example_branch_labels to 2023-08-06 00:00:00+00:00
[2023-08-08 23:06:44,376] {scheduler_job.py:190} INFO - Processing /home/airflow/.local/lib/python3.6/site-packages/airflow/example_dags/example_branch_labels.py took 0.254 seconds
[2023-08-08 23:07:14,951] {scheduler_job.py:182} INFO - Started process (PID=6181) to work on /home/airflow/.local/lib/python3.6/site-packages/airflow/example_dags/example_branch_labels.py
[2023-08-08 23:07:14,965] {scheduler_job.py:633} INFO - Processing file /home/airflow/.local/lib/python3.6/site-packages/airflow/example_dags/example_branch_labels.py for tasks to queue
[2023-08-08 23:07:14,968] {logging_mixin.py:104} INFO - [2023-08-08 23:07:14,967] {dagbag.py:496} INFO - Filling up the DagBag from /home/airflow/.local/lib/python3.6/site-packages/airflow/example_dags/example_branch_labels.py
[2023-08-08 23:07:15,067] {scheduler_job.py:643} INFO - DAG(s) dict_keys(['example_branch_labels']) retrieved from /home/airflow/.local/lib/python3.6/site-packages/airflow/example_dags/example_branch_labels.py
[2023-08-08 23:07:15,186] {logging_mixin.py:104} INFO - [2023-08-08 23:07:15,186] {dag.py:1833} INFO - Sync 1 DAGs
[2023-08-08 23:07:15,274] {logging_mixin.py:104} INFO - [2023-08-08 23:07:15,273] {dag.py:2306} INFO - Setting next_dagrun for example_branch_labels to 2023-08-06 00:00:00+00:00
[2023-08-08 23:07:15,323] {scheduler_job.py:190} INFO - Processing /home/airflow/.local/lib/python3.6/site-packages/airflow/example_dags/example_branch_labels.py took 0.393 seconds
[2023-08-08 23:07:45,606] {scheduler_job.py:182} INFO - Started process (PID=6230) to work on /home/airflow/.local/lib/python3.6/site-packages/airflow/example_dags/example_branch_labels.py
[2023-08-08 23:07:45,615] {scheduler_job.py:633} INFO - Processing file /home/airflow/.local/lib/python3.6/site-packages/airflow/example_dags/example_branch_labels.py for tasks to queue
[2023-08-08 23:07:45,626] {logging_mixin.py:104} INFO - [2023-08-08 23:07:45,626] {dagbag.py:496} INFO - Filling up the DagBag from /home/airflow/.local/lib/python3.6/site-packages/airflow/example_dags/example_branch_labels.py
[2023-08-08 23:07:45,740] {scheduler_job.py:643} INFO - DAG(s) dict_keys(['example_branch_labels']) retrieved from /home/airflow/.local/lib/python3.6/site-packages/airflow/example_dags/example_branch_labels.py
[2023-08-08 23:07:45,869] {logging_mixin.py:104} INFO - [2023-08-08 23:07:45,869] {dag.py:1833} INFO - Sync 1 DAGs
[2023-08-08 23:07:46,049] {logging_mixin.py:104} INFO - [2023-08-08 23:07:46,049] {dag.py:2306} INFO - Setting next_dagrun for example_branch_labels to 2023-08-06 00:00:00+00:00
[2023-08-08 23:07:46,129] {scheduler_job.py:190} INFO - Processing /home/airflow/.local/lib/python3.6/site-packages/airflow/example_dags/example_branch_labels.py took 0.548 seconds
[2023-08-08 23:08:16,619] {scheduler_job.py:182} INFO - Started process (PID=6282) to work on /home/airflow/.local/lib/python3.6/site-packages/airflow/example_dags/example_branch_labels.py
[2023-08-08 23:08:16,622] {scheduler_job.py:633} INFO - Processing file /home/airflow/.local/lib/python3.6/site-packages/airflow/example_dags/example_branch_labels.py for tasks to queue
[2023-08-08 23:08:16,627] {logging_mixin.py:104} INFO - [2023-08-08 23:08:16,625] {dagbag.py:496} INFO - Filling up the DagBag from /home/airflow/.local/lib/python3.6/site-packages/airflow/example_dags/example_branch_labels.py
[2023-08-08 23:08:16,690] {scheduler_job.py:643} INFO - DAG(s) dict_keys(['example_branch_labels']) retrieved from /home/airflow/.local/lib/python3.6/site-packages/airflow/example_dags/example_branch_labels.py
[2023-08-08 23:08:16,763] {logging_mixin.py:104} INFO - [2023-08-08 23:08:16,763] {dag.py:1833} INFO - Sync 1 DAGs
[2023-08-08 23:08:16,819] {logging_mixin.py:104} INFO - [2023-08-08 23:08:16,819] {dag.py:2306} INFO - Setting next_dagrun for example_branch_labels to 2023-08-06 00:00:00+00:00
[2023-08-08 23:08:16,851] {scheduler_job.py:190} INFO - Processing /home/airflow/.local/lib/python3.6/site-packages/airflow/example_dags/example_branch_labels.py took 0.253 seconds
[2023-08-08 23:08:47,642] {scheduler_job.py:182} INFO - Started process (PID=6332) to work on /home/airflow/.local/lib/python3.6/site-packages/airflow/example_dags/example_branch_labels.py
[2023-08-08 23:08:47,651] {scheduler_job.py:633} INFO - Processing file /home/airflow/.local/lib/python3.6/site-packages/airflow/example_dags/example_branch_labels.py for tasks to queue
[2023-08-08 23:08:47,653] {logging_mixin.py:104} INFO - [2023-08-08 23:08:47,653] {dagbag.py:496} INFO - Filling up the DagBag from /home/airflow/.local/lib/python3.6/site-packages/airflow/example_dags/example_branch_labels.py
[2023-08-08 23:08:47,711] {scheduler_job.py:643} INFO - DAG(s) dict_keys(['example_branch_labels']) retrieved from /home/airflow/.local/lib/python3.6/site-packages/airflow/example_dags/example_branch_labels.py
[2023-08-08 23:08:47,768] {logging_mixin.py:104} INFO - [2023-08-08 23:08:47,768] {dag.py:1833} INFO - Sync 1 DAGs
[2023-08-08 23:08:47,847] {logging_mixin.py:104} INFO - [2023-08-08 23:08:47,843] {dag.py:2306} INFO - Setting next_dagrun for example_branch_labels to 2023-08-06 00:00:00+00:00
[2023-08-08 23:08:47,881] {scheduler_job.py:190} INFO - Processing /home/airflow/.local/lib/python3.6/site-packages/airflow/example_dags/example_branch_labels.py took 0.253 seconds
[2023-08-08 23:09:18,672] {scheduler_job.py:182} INFO - Started process (PID=6373) to work on /home/airflow/.local/lib/python3.6/site-packages/airflow/example_dags/example_branch_labels.py
[2023-08-08 23:09:18,674] {scheduler_job.py:633} INFO - Processing file /home/airflow/.local/lib/python3.6/site-packages/airflow/example_dags/example_branch_labels.py for tasks to queue
[2023-08-08 23:09:18,685] {logging_mixin.py:104} INFO - [2023-08-08 23:09:18,685] {dagbag.py:496} INFO - Filling up the DagBag from /home/airflow/.local/lib/python3.6/site-packages/airflow/example_dags/example_branch_labels.py
[2023-08-08 23:09:18,763] {scheduler_job.py:643} INFO - DAG(s) dict_keys(['example_branch_labels']) retrieved from /home/airflow/.local/lib/python3.6/site-packages/airflow/example_dags/example_branch_labels.py
[2023-08-08 23:09:18,859] {logging_mixin.py:104} INFO - [2023-08-08 23:09:18,859] {dag.py:1833} INFO - Sync 1 DAGs
[2023-08-08 23:09:18,917] {logging_mixin.py:104} INFO - [2023-08-08 23:09:18,917] {dag.py:2306} INFO - Setting next_dagrun for example_branch_labels to 2023-08-06 00:00:00+00:00
[2023-08-08 23:09:19,089] {scheduler_job.py:190} INFO - Processing /home/airflow/.local/lib/python3.6/site-packages/airflow/example_dags/example_branch_labels.py took 0.432 seconds
[2023-08-08 23:09:49,564] {scheduler_job.py:182} INFO - Started process (PID=6425) to work on /home/airflow/.local/lib/python3.6/site-packages/airflow/example_dags/example_branch_labels.py
[2023-08-08 23:09:49,569] {scheduler_job.py:633} INFO - Processing file /home/airflow/.local/lib/python3.6/site-packages/airflow/example_dags/example_branch_labels.py for tasks to queue
[2023-08-08 23:09:49,572] {logging_mixin.py:104} INFO - [2023-08-08 23:09:49,571] {dagbag.py:496} INFO - Filling up the DagBag from /home/airflow/.local/lib/python3.6/site-packages/airflow/example_dags/example_branch_labels.py
[2023-08-08 23:09:49,640] {scheduler_job.py:643} INFO - DAG(s) dict_keys(['example_branch_labels']) retrieved from /home/airflow/.local/lib/python3.6/site-packages/airflow/example_dags/example_branch_labels.py
[2023-08-08 23:09:49,738] {logging_mixin.py:104} INFO - [2023-08-08 23:09:49,738] {dag.py:1833} INFO - Sync 1 DAGs
[2023-08-08 23:09:49,796] {logging_mixin.py:104} INFO - [2023-08-08 23:09:49,796] {dag.py:2306} INFO - Setting next_dagrun for example_branch_labels to 2023-08-06 00:00:00+00:00
[2023-08-08 23:09:49,838] {scheduler_job.py:190} INFO - Processing /home/airflow/.local/lib/python3.6/site-packages/airflow/example_dags/example_branch_labels.py took 0.289 seconds
[2023-08-08 23:10:20,503] {scheduler_job.py:182} INFO - Started process (PID=6476) to work on /home/airflow/.local/lib/python3.6/site-packages/airflow/example_dags/example_branch_labels.py
[2023-08-08 23:10:20,515] {scheduler_job.py:633} INFO - Processing file /home/airflow/.local/lib/python3.6/site-packages/airflow/example_dags/example_branch_labels.py for tasks to queue
[2023-08-08 23:10:20,518] {logging_mixin.py:104} INFO - [2023-08-08 23:10:20,518] {dagbag.py:496} INFO - Filling up the DagBag from /home/airflow/.local/lib/python3.6/site-packages/airflow/example_dags/example_branch_labels.py
[2023-08-08 23:10:20,573] {scheduler_job.py:643} INFO - DAG(s) dict_keys(['example_branch_labels']) retrieved from /home/airflow/.local/lib/python3.6/site-packages/airflow/example_dags/example_branch_labels.py
[2023-08-08 23:10:20,632] {logging_mixin.py:104} INFO - [2023-08-08 23:10:20,631] {dag.py:1833} INFO - Sync 1 DAGs
[2023-08-08 23:10:20,687] {logging_mixin.py:104} INFO - [2023-08-08 23:10:20,687] {dag.py:2306} INFO - Setting next_dagrun for example_branch_labels to 2023-08-06 00:00:00+00:00
[2023-08-08 23:10:20,720] {scheduler_job.py:190} INFO - Processing /home/airflow/.local/lib/python3.6/site-packages/airflow/example_dags/example_branch_labels.py took 0.226 seconds
[2023-08-08 23:10:51,322] {scheduler_job.py:182} INFO - Started process (PID=6526) to work on /home/airflow/.local/lib/python3.6/site-packages/airflow/example_dags/example_branch_labels.py
[2023-08-08 23:10:51,337] {scheduler_job.py:633} INFO - Processing file /home/airflow/.local/lib/python3.6/site-packages/airflow/example_dags/example_branch_labels.py for tasks to queue
[2023-08-08 23:10:51,343] {logging_mixin.py:104} INFO - [2023-08-08 23:10:51,343] {dagbag.py:496} INFO - Filling up the DagBag from /home/airflow/.local/lib/python3.6/site-packages/airflow/example_dags/example_branch_labels.py
[2023-08-08 23:10:51,411] {scheduler_job.py:643} INFO - DAG(s) dict_keys(['example_branch_labels']) retrieved from /home/airflow/.local/lib/python3.6/site-packages/airflow/example_dags/example_branch_labels.py
[2023-08-08 23:10:51,487] {logging_mixin.py:104} INFO - [2023-08-08 23:10:51,487] {dag.py:1833} INFO - Sync 1 DAGs
[2023-08-08 23:10:51,557] {logging_mixin.py:104} INFO - [2023-08-08 23:10:51,557] {dag.py:2306} INFO - Setting next_dagrun for example_branch_labels to 2023-08-06 00:00:00+00:00
[2023-08-08 23:10:51,595] {scheduler_job.py:190} INFO - Processing /home/airflow/.local/lib/python3.6/site-packages/airflow/example_dags/example_branch_labels.py took 0.298 seconds
[2023-08-08 23:11:22,050] {scheduler_job.py:182} INFO - Started process (PID=6576) to work on /home/airflow/.local/lib/python3.6/site-packages/airflow/example_dags/example_branch_labels.py
[2023-08-08 23:11:22,063] {scheduler_job.py:633} INFO - Processing file /home/airflow/.local/lib/python3.6/site-packages/airflow/example_dags/example_branch_labels.py for tasks to queue
[2023-08-08 23:11:22,065] {logging_mixin.py:104} INFO - [2023-08-08 23:11:22,065] {dagbag.py:496} INFO - Filling up the DagBag from /home/airflow/.local/lib/python3.6/site-packages/airflow/example_dags/example_branch_labels.py
[2023-08-08 23:11:22,127] {scheduler_job.py:643} INFO - DAG(s) dict_keys(['example_branch_labels']) retrieved from /home/airflow/.local/lib/python3.6/site-packages/airflow/example_dags/example_branch_labels.py
[2023-08-08 23:11:22,211] {logging_mixin.py:104} INFO - [2023-08-08 23:11:22,211] {dag.py:1833} INFO - Sync 1 DAGs
[2023-08-08 23:11:22,251] {logging_mixin.py:104} INFO - [2023-08-08 23:11:22,251] {dag.py:2306} INFO - Setting next_dagrun for example_branch_labels to 2023-08-06 00:00:00+00:00
[2023-08-08 23:11:22,276] {scheduler_job.py:190} INFO - Processing /home/airflow/.local/lib/python3.6/site-packages/airflow/example_dags/example_branch_labels.py took 0.234 seconds
[2023-08-08 23:11:52,379] {scheduler_job.py:182} INFO - Started process (PID=6626) to work on /home/airflow/.local/lib/python3.6/site-packages/airflow/example_dags/example_branch_labels.py
[2023-08-08 23:11:52,385] {scheduler_job.py:633} INFO - Processing file /home/airflow/.local/lib/python3.6/site-packages/airflow/example_dags/example_branch_labels.py for tasks to queue
[2023-08-08 23:11:52,390] {logging_mixin.py:104} INFO - [2023-08-08 23:11:52,387] {dagbag.py:496} INFO - Filling up the DagBag from /home/airflow/.local/lib/python3.6/site-packages/airflow/example_dags/example_branch_labels.py
[2023-08-08 23:11:52,423] {scheduler_job.py:643} INFO - DAG(s) dict_keys(['example_branch_labels']) retrieved from /home/airflow/.local/lib/python3.6/site-packages/airflow/example_dags/example_branch_labels.py
[2023-08-08 23:11:52,483] {logging_mixin.py:104} INFO - [2023-08-08 23:11:52,482] {dag.py:1833} INFO - Sync 1 DAGs
[2023-08-08 23:11:52,533] {logging_mixin.py:104} INFO - [2023-08-08 23:11:52,533] {dag.py:2306} INFO - Setting next_dagrun for example_branch_labels to 2023-08-06 00:00:00+00:00
[2023-08-08 23:11:52,585] {scheduler_job.py:190} INFO - Processing /home/airflow/.local/lib/python3.6/site-packages/airflow/example_dags/example_branch_labels.py took 0.215 seconds
[2023-08-08 23:12:22,880] {scheduler_job.py:182} INFO - Started process (PID=6675) to work on /home/airflow/.local/lib/python3.6/site-packages/airflow/example_dags/example_branch_labels.py
[2023-08-08 23:12:22,886] {scheduler_job.py:633} INFO - Processing file /home/airflow/.local/lib/python3.6/site-packages/airflow/example_dags/example_branch_labels.py for tasks to queue
[2023-08-08 23:12:22,894] {logging_mixin.py:104} INFO - [2023-08-08 23:12:22,892] {dagbag.py:496} INFO - Filling up the DagBag from /home/airflow/.local/lib/python3.6/site-packages/airflow/example_dags/example_branch_labels.py
[2023-08-08 23:12:22,971] {scheduler_job.py:643} INFO - DAG(s) dict_keys(['example_branch_labels']) retrieved from /home/airflow/.local/lib/python3.6/site-packages/airflow/example_dags/example_branch_labels.py
[2023-08-08 23:12:23,178] {logging_mixin.py:104} INFO - [2023-08-08 23:12:23,177] {dag.py:1833} INFO - Sync 1 DAGs
[2023-08-08 23:12:23,348] {logging_mixin.py:104} INFO - [2023-08-08 23:12:23,347] {dag.py:2306} INFO - Setting next_dagrun for example_branch_labels to 2023-08-06 00:00:00+00:00
[2023-08-08 23:12:23,398] {scheduler_job.py:190} INFO - Processing /home/airflow/.local/lib/python3.6/site-packages/airflow/example_dags/example_branch_labels.py took 0.531 seconds
[2023-08-08 23:12:53,712] {scheduler_job.py:182} INFO - Started process (PID=6716) to work on /home/airflow/.local/lib/python3.6/site-packages/airflow/example_dags/example_branch_labels.py
[2023-08-08 23:12:53,718] {scheduler_job.py:633} INFO - Processing file /home/airflow/.local/lib/python3.6/site-packages/airflow/example_dags/example_branch_labels.py for tasks to queue
[2023-08-08 23:12:53,723] {logging_mixin.py:104} INFO - [2023-08-08 23:12:53,723] {dagbag.py:496} INFO - Filling up the DagBag from /home/airflow/.local/lib/python3.6/site-packages/airflow/example_dags/example_branch_labels.py
[2023-08-08 23:12:53,797] {scheduler_job.py:643} INFO - DAG(s) dict_keys(['example_branch_labels']) retrieved from /home/airflow/.local/lib/python3.6/site-packages/airflow/example_dags/example_branch_labels.py
[2023-08-08 23:12:53,873] {logging_mixin.py:104} INFO - [2023-08-08 23:12:53,873] {dag.py:1833} INFO - Sync 1 DAGs
[2023-08-08 23:12:53,939] {logging_mixin.py:104} INFO - [2023-08-08 23:12:53,938] {dag.py:2306} INFO - Setting next_dagrun for example_branch_labels to 2023-08-06 00:00:00+00:00
[2023-08-08 23:12:53,972] {scheduler_job.py:190} INFO - Processing /home/airflow/.local/lib/python3.6/site-packages/airflow/example_dags/example_branch_labels.py took 0.282 seconds
[2023-08-08 23:13:24,201] {scheduler_job.py:182} INFO - Started process (PID=6768) to work on /home/airflow/.local/lib/python3.6/site-packages/airflow/example_dags/example_branch_labels.py
[2023-08-08 23:13:24,224] {scheduler_job.py:633} INFO - Processing file /home/airflow/.local/lib/python3.6/site-packages/airflow/example_dags/example_branch_labels.py for tasks to queue
[2023-08-08 23:13:24,234] {logging_mixin.py:104} INFO - [2023-08-08 23:13:24,233] {dagbag.py:496} INFO - Filling up the DagBag from /home/airflow/.local/lib/python3.6/site-packages/airflow/example_dags/example_branch_labels.py
[2023-08-08 23:13:24,341] {scheduler_job.py:643} INFO - DAG(s) dict_keys(['example_branch_labels']) retrieved from /home/airflow/.local/lib/python3.6/site-packages/airflow/example_dags/example_branch_labels.py
[2023-08-08 23:13:24,432] {logging_mixin.py:104} INFO - [2023-08-08 23:13:24,432] {dag.py:1833} INFO - Sync 1 DAGs
[2023-08-08 23:13:24,471] {logging_mixin.py:104} INFO - [2023-08-08 23:13:24,471] {dag.py:2306} INFO - Setting next_dagrun for example_branch_labels to 2023-08-06 00:00:00+00:00
[2023-08-08 23:13:24,492] {scheduler_job.py:190} INFO - Processing /home/airflow/.local/lib/python3.6/site-packages/airflow/example_dags/example_branch_labels.py took 0.303 seconds
[2023-08-08 23:13:55,081] {scheduler_job.py:182} INFO - Started process (PID=6819) to work on /home/airflow/.local/lib/python3.6/site-packages/airflow/example_dags/example_branch_labels.py
[2023-08-08 23:13:55,094] {scheduler_job.py:633} INFO - Processing file /home/airflow/.local/lib/python3.6/site-packages/airflow/example_dags/example_branch_labels.py for tasks to queue
[2023-08-08 23:13:55,097] {logging_mixin.py:104} INFO - [2023-08-08 23:13:55,097] {dagbag.py:496} INFO - Filling up the DagBag from /home/airflow/.local/lib/python3.6/site-packages/airflow/example_dags/example_branch_labels.py
[2023-08-08 23:13:55,169] {scheduler_job.py:643} INFO - DAG(s) dict_keys(['example_branch_labels']) retrieved from /home/airflow/.local/lib/python3.6/site-packages/airflow/example_dags/example_branch_labels.py
[2023-08-08 23:13:55,234] {logging_mixin.py:104} INFO - [2023-08-08 23:13:55,231] {dag.py:1833} INFO - Sync 1 DAGs
[2023-08-08 23:13:55,278] {logging_mixin.py:104} INFO - [2023-08-08 23:13:55,277] {dag.py:2306} INFO - Setting next_dagrun for example_branch_labels to 2023-08-06 00:00:00+00:00
[2023-08-08 23:13:55,317] {scheduler_job.py:190} INFO - Processing /home/airflow/.local/lib/python3.6/site-packages/airflow/example_dags/example_branch_labels.py took 0.253 seconds
[2023-08-08 23:14:25,668] {scheduler_job.py:182} INFO - Started process (PID=6870) to work on /home/airflow/.local/lib/python3.6/site-packages/airflow/example_dags/example_branch_labels.py
[2023-08-08 23:14:25,674] {scheduler_job.py:633} INFO - Processing file /home/airflow/.local/lib/python3.6/site-packages/airflow/example_dags/example_branch_labels.py for tasks to queue
[2023-08-08 23:14:25,684] {logging_mixin.py:104} INFO - [2023-08-08 23:14:25,683] {dagbag.py:496} INFO - Filling up the DagBag from /home/airflow/.local/lib/python3.6/site-packages/airflow/example_dags/example_branch_labels.py
[2023-08-08 23:14:25,758] {scheduler_job.py:643} INFO - DAG(s) dict_keys(['example_branch_labels']) retrieved from /home/airflow/.local/lib/python3.6/site-packages/airflow/example_dags/example_branch_labels.py
[2023-08-08 23:14:25,837] {logging_mixin.py:104} INFO - [2023-08-08 23:14:25,836] {dag.py:1833} INFO - Sync 1 DAGs
[2023-08-08 23:14:25,874] {logging_mixin.py:104} INFO - [2023-08-08 23:14:25,874] {dag.py:2306} INFO - Setting next_dagrun for example_branch_labels to 2023-08-06 00:00:00+00:00
[2023-08-08 23:14:25,910] {scheduler_job.py:190} INFO - Processing /home/airflow/.local/lib/python3.6/site-packages/airflow/example_dags/example_branch_labels.py took 0.257 seconds
[2023-08-08 23:14:58,398] {scheduler_job.py:182} INFO - Started process (PID=6919) to work on /home/airflow/.local/lib/python3.6/site-packages/airflow/example_dags/example_branch_labels.py
[2023-08-08 23:14:58,413] {scheduler_job.py:633} INFO - Processing file /home/airflow/.local/lib/python3.6/site-packages/airflow/example_dags/example_branch_labels.py for tasks to queue
[2023-08-08 23:14:58,423] {logging_mixin.py:104} INFO - [2023-08-08 23:14:58,423] {dagbag.py:496} INFO - Filling up the DagBag from /home/airflow/.local/lib/python3.6/site-packages/airflow/example_dags/example_branch_labels.py
[2023-08-08 23:14:58,470] {scheduler_job.py:643} INFO - DAG(s) dict_keys(['example_branch_labels']) retrieved from /home/airflow/.local/lib/python3.6/site-packages/airflow/example_dags/example_branch_labels.py
[2023-08-08 23:14:58,540] {logging_mixin.py:104} INFO - [2023-08-08 23:14:58,540] {dag.py:1833} INFO - Sync 1 DAGs
[2023-08-08 23:14:58,605] {logging_mixin.py:104} INFO - [2023-08-08 23:14:58,605] {dag.py:2306} INFO - Setting next_dagrun for example_branch_labels to 2023-08-06 00:00:00+00:00
[2023-08-08 23:14:58,665] {scheduler_job.py:190} INFO - Processing /home/airflow/.local/lib/python3.6/site-packages/airflow/example_dags/example_branch_labels.py took 0.281 seconds
[2023-08-08 23:15:29,839] {scheduler_job.py:182} INFO - Started process (PID=6969) to work on /home/airflow/.local/lib/python3.6/site-packages/airflow/example_dags/example_branch_labels.py
[2023-08-08 23:15:29,854] {scheduler_job.py:633} INFO - Processing file /home/airflow/.local/lib/python3.6/site-packages/airflow/example_dags/example_branch_labels.py for tasks to queue
[2023-08-08 23:15:29,866] {logging_mixin.py:104} INFO - [2023-08-08 23:15:29,866] {dagbag.py:496} INFO - Filling up the DagBag from /home/airflow/.local/lib/python3.6/site-packages/airflow/example_dags/example_branch_labels.py
[2023-08-08 23:15:29,952] {scheduler_job.py:643} INFO - DAG(s) dict_keys(['example_branch_labels']) retrieved from /home/airflow/.local/lib/python3.6/site-packages/airflow/example_dags/example_branch_labels.py
[2023-08-08 23:15:30,225] {logging_mixin.py:104} INFO - [2023-08-08 23:15:30,224] {dag.py:1833} INFO - Sync 1 DAGs
[2023-08-08 23:15:30,428] {logging_mixin.py:104} INFO - [2023-08-08 23:15:30,427] {dag.py:2306} INFO - Setting next_dagrun for example_branch_labels to 2023-08-06 00:00:00+00:00
[2023-08-08 23:15:30,502] {scheduler_job.py:190} INFO - Processing /home/airflow/.local/lib/python3.6/site-packages/airflow/example_dags/example_branch_labels.py took 0.678 seconds
[2023-08-08 23:16:00,692] {scheduler_job.py:182} INFO - Started process (PID=7010) to work on /home/airflow/.local/lib/python3.6/site-packages/airflow/example_dags/example_branch_labels.py
[2023-08-08 23:16:00,695] {scheduler_job.py:633} INFO - Processing file /home/airflow/.local/lib/python3.6/site-packages/airflow/example_dags/example_branch_labels.py for tasks to queue
[2023-08-08 23:16:00,697] {logging_mixin.py:104} INFO - [2023-08-08 23:16:00,697] {dagbag.py:496} INFO - Filling up the DagBag from /home/airflow/.local/lib/python3.6/site-packages/airflow/example_dags/example_branch_labels.py
[2023-08-08 23:16:00,735] {scheduler_job.py:643} INFO - DAG(s) dict_keys(['example_branch_labels']) retrieved from /home/airflow/.local/lib/python3.6/site-packages/airflow/example_dags/example_branch_labels.py
[2023-08-08 23:16:00,798] {logging_mixin.py:104} INFO - [2023-08-08 23:16:00,798] {dag.py:1833} INFO - Sync 1 DAGs
[2023-08-08 23:16:00,898] {logging_mixin.py:104} INFO - [2023-08-08 23:16:00,898] {dag.py:2306} INFO - Setting next_dagrun for example_branch_labels to 2023-08-06 00:00:00+00:00
[2023-08-08 23:16:00,945] {scheduler_job.py:190} INFO - Processing /home/airflow/.local/lib/python3.6/site-packages/airflow/example_dags/example_branch_labels.py took 0.265 seconds
[2023-08-08 23:16:31,469] {scheduler_job.py:182} INFO - Started process (PID=7059) to work on /home/airflow/.local/lib/python3.6/site-packages/airflow/example_dags/example_branch_labels.py
[2023-08-08 23:16:31,483] {scheduler_job.py:633} INFO - Processing file /home/airflow/.local/lib/python3.6/site-packages/airflow/example_dags/example_branch_labels.py for tasks to queue
[2023-08-08 23:16:31,488] {logging_mixin.py:104} INFO - [2023-08-08 23:16:31,488] {dagbag.py:496} INFO - Filling up the DagBag from /home/airflow/.local/lib/python3.6/site-packages/airflow/example_dags/example_branch_labels.py
[2023-08-08 23:16:31,535] {scheduler_job.py:643} INFO - DAG(s) dict_keys(['example_branch_labels']) retrieved from /home/airflow/.local/lib/python3.6/site-packages/airflow/example_dags/example_branch_labels.py
[2023-08-08 23:16:31,624] {logging_mixin.py:104} INFO - [2023-08-08 23:16:31,623] {dag.py:1833} INFO - Sync 1 DAGs
[2023-08-08 23:16:31,779] {logging_mixin.py:104} INFO - [2023-08-08 23:16:31,779] {dag.py:2306} INFO - Setting next_dagrun for example_branch_labels to 2023-08-06 00:00:00+00:00
[2023-08-08 23:16:31,831] {scheduler_job.py:190} INFO - Processing /home/airflow/.local/lib/python3.6/site-packages/airflow/example_dags/example_branch_labels.py took 0.370 seconds
[2023-08-08 23:17:04,596] {scheduler_job.py:182} INFO - Started process (PID=7108) to work on /home/airflow/.local/lib/python3.6/site-packages/airflow/example_dags/example_branch_labels.py
[2023-08-08 23:17:04,604] {scheduler_job.py:633} INFO - Processing file /home/airflow/.local/lib/python3.6/site-packages/airflow/example_dags/example_branch_labels.py for tasks to queue
[2023-08-08 23:17:04,619] {logging_mixin.py:104} INFO - [2023-08-08 23:17:04,613] {dagbag.py:496} INFO - Filling up the DagBag from /home/airflow/.local/lib/python3.6/site-packages/airflow/example_dags/example_branch_labels.py
[2023-08-08 23:17:04,710] {scheduler_job.py:643} INFO - DAG(s) dict_keys(['example_branch_labels']) retrieved from /home/airflow/.local/lib/python3.6/site-packages/airflow/example_dags/example_branch_labels.py
[2023-08-08 23:17:04,862] {logging_mixin.py:104} INFO - [2023-08-08 23:17:04,861] {dag.py:1833} INFO - Sync 1 DAGs
[2023-08-08 23:17:04,995] {logging_mixin.py:104} INFO - [2023-08-08 23:17:04,995] {dag.py:2306} INFO - Setting next_dagrun for example_branch_labels to 2023-08-06 00:00:00+00:00
[2023-08-08 23:17:05,056] {scheduler_job.py:190} INFO - Processing /home/airflow/.local/lib/python3.6/site-packages/airflow/example_dags/example_branch_labels.py took 0.513 seconds
[2023-08-08 23:17:36,156] {scheduler_job.py:182} INFO - Started process (PID=7148) to work on /home/airflow/.local/lib/python3.6/site-packages/airflow/example_dags/example_branch_labels.py
[2023-08-08 23:17:36,163] {scheduler_job.py:633} INFO - Processing file /home/airflow/.local/lib/python3.6/site-packages/airflow/example_dags/example_branch_labels.py for tasks to queue
[2023-08-08 23:17:36,166] {logging_mixin.py:104} INFO - [2023-08-08 23:17:36,166] {dagbag.py:496} INFO - Filling up the DagBag from /home/airflow/.local/lib/python3.6/site-packages/airflow/example_dags/example_branch_labels.py
[2023-08-08 23:17:36,217] {scheduler_job.py:643} INFO - DAG(s) dict_keys(['example_branch_labels']) retrieved from /home/airflow/.local/lib/python3.6/site-packages/airflow/example_dags/example_branch_labels.py
[2023-08-08 23:17:36,296] {logging_mixin.py:104} INFO - [2023-08-08 23:17:36,295] {dag.py:1833} INFO - Sync 1 DAGs
[2023-08-08 23:17:36,343] {logging_mixin.py:104} INFO - [2023-08-08 23:17:36,343] {dag.py:2306} INFO - Setting next_dagrun for example_branch_labels to 2023-08-06 00:00:00+00:00
[2023-08-08 23:17:36,383] {scheduler_job.py:190} INFO - Processing /home/airflow/.local/lib/python3.6/site-packages/airflow/example_dags/example_branch_labels.py took 0.250 seconds
[2023-08-08 23:18:07,041] {scheduler_job.py:182} INFO - Started process (PID=7198) to work on /home/airflow/.local/lib/python3.6/site-packages/airflow/example_dags/example_branch_labels.py
[2023-08-08 23:18:07,044] {scheduler_job.py:633} INFO - Processing file /home/airflow/.local/lib/python3.6/site-packages/airflow/example_dags/example_branch_labels.py for tasks to queue
[2023-08-08 23:18:07,046] {logging_mixin.py:104} INFO - [2023-08-08 23:18:07,045] {dagbag.py:496} INFO - Filling up the DagBag from /home/airflow/.local/lib/python3.6/site-packages/airflow/example_dags/example_branch_labels.py
[2023-08-08 23:18:07,083] {scheduler_job.py:643} INFO - DAG(s) dict_keys(['example_branch_labels']) retrieved from /home/airflow/.local/lib/python3.6/site-packages/airflow/example_dags/example_branch_labels.py
[2023-08-08 23:18:07,127] {logging_mixin.py:104} INFO - [2023-08-08 23:18:07,127] {dag.py:1833} INFO - Sync 1 DAGs
[2023-08-08 23:18:07,153] {logging_mixin.py:104} INFO - [2023-08-08 23:18:07,153] {dag.py:2306} INFO - Setting next_dagrun for example_branch_labels to 2023-08-06 00:00:00+00:00
[2023-08-08 23:18:07,176] {scheduler_job.py:190} INFO - Processing /home/airflow/.local/lib/python3.6/site-packages/airflow/example_dags/example_branch_labels.py took 0.141 seconds
[2023-08-08 23:18:40,298] {scheduler_job.py:182} INFO - Started process (PID=7249) to work on /home/airflow/.local/lib/python3.6/site-packages/airflow/example_dags/example_branch_labels.py
[2023-08-08 23:18:40,327] {scheduler_job.py:633} INFO - Processing file /home/airflow/.local/lib/python3.6/site-packages/airflow/example_dags/example_branch_labels.py for tasks to queue
[2023-08-08 23:18:40,346] {logging_mixin.py:104} INFO - [2023-08-08 23:18:40,345] {dagbag.py:496} INFO - Filling up the DagBag from /home/airflow/.local/lib/python3.6/site-packages/airflow/example_dags/example_branch_labels.py
[2023-08-08 23:18:40,637] {scheduler_job.py:643} INFO - DAG(s) dict_keys(['example_branch_labels']) retrieved from /home/airflow/.local/lib/python3.6/site-packages/airflow/example_dags/example_branch_labels.py
[2023-08-08 23:18:40,758] {logging_mixin.py:104} INFO - [2023-08-08 23:18:40,757] {dag.py:1833} INFO - Sync 1 DAGs
[2023-08-08 23:18:40,870] {logging_mixin.py:104} INFO - [2023-08-08 23:18:40,870] {dag.py:2306} INFO - Setting next_dagrun for example_branch_labels to 2023-08-06 00:00:00+00:00
[2023-08-08 23:18:40,939] {scheduler_job.py:190} INFO - Processing /home/airflow/.local/lib/python3.6/site-packages/airflow/example_dags/example_branch_labels.py took 0.692 seconds
[2023-08-08 23:19:11,502] {scheduler_job.py:182} INFO - Started process (PID=7301) to work on /home/airflow/.local/lib/python3.6/site-packages/airflow/example_dags/example_branch_labels.py
[2023-08-08 23:19:11,516] {scheduler_job.py:633} INFO - Processing file /home/airflow/.local/lib/python3.6/site-packages/airflow/example_dags/example_branch_labels.py for tasks to queue
[2023-08-08 23:19:11,520] {logging_mixin.py:104} INFO - [2023-08-08 23:19:11,520] {dagbag.py:496} INFO - Filling up the DagBag from /home/airflow/.local/lib/python3.6/site-packages/airflow/example_dags/example_branch_labels.py
[2023-08-08 23:19:11,617] {scheduler_job.py:643} INFO - DAG(s) dict_keys(['example_branch_labels']) retrieved from /home/airflow/.local/lib/python3.6/site-packages/airflow/example_dags/example_branch_labels.py
[2023-08-08 23:19:11,688] {logging_mixin.py:104} INFO - [2023-08-08 23:19:11,688] {dag.py:1833} INFO - Sync 1 DAGs
[2023-08-08 23:19:11,793] {logging_mixin.py:104} INFO - [2023-08-08 23:19:11,793] {dag.py:2306} INFO - Setting next_dagrun for example_branch_labels to 2023-08-06 00:00:00+00:00
[2023-08-08 23:19:11,838] {scheduler_job.py:190} INFO - Processing /home/airflow/.local/lib/python3.6/site-packages/airflow/example_dags/example_branch_labels.py took 0.366 seconds
[2023-08-08 23:19:42,572] {scheduler_job.py:182} INFO - Started process (PID=7349) to work on /home/airflow/.local/lib/python3.6/site-packages/airflow/example_dags/example_branch_labels.py
[2023-08-08 23:19:42,580] {scheduler_job.py:633} INFO - Processing file /home/airflow/.local/lib/python3.6/site-packages/airflow/example_dags/example_branch_labels.py for tasks to queue
[2023-08-08 23:19:42,590] {logging_mixin.py:104} INFO - [2023-08-08 23:19:42,590] {dagbag.py:496} INFO - Filling up the DagBag from /home/airflow/.local/lib/python3.6/site-packages/airflow/example_dags/example_branch_labels.py
[2023-08-08 23:19:42,679] {scheduler_job.py:643} INFO - DAG(s) dict_keys(['example_branch_labels']) retrieved from /home/airflow/.local/lib/python3.6/site-packages/airflow/example_dags/example_branch_labels.py
[2023-08-08 23:19:42,779] {logging_mixin.py:104} INFO - [2023-08-08 23:19:42,779] {dag.py:1833} INFO - Sync 1 DAGs
[2023-08-08 23:19:42,851] {logging_mixin.py:104} INFO - [2023-08-08 23:19:42,851] {dag.py:2306} INFO - Setting next_dagrun for example_branch_labels to 2023-08-06 00:00:00+00:00
[2023-08-08 23:19:42,877] {scheduler_job.py:190} INFO - Processing /home/airflow/.local/lib/python3.6/site-packages/airflow/example_dags/example_branch_labels.py took 0.327 seconds
