[2023-08-08 22:59:54,637] {scheduler_job.py:182} INFO - Started process (PID=5448) to work on /home/airflow/.local/lib/python3.6/site-packages/airflow/example_dags/example_branch_python_dop_operator_3.py
[2023-08-08 22:59:54,641] {scheduler_job.py:633} INFO - Processing file /home/airflow/.local/lib/python3.6/site-packages/airflow/example_dags/example_branch_python_dop_operator_3.py for tasks to queue
[2023-08-08 22:59:54,646] {logging_mixin.py:104} INFO - [2023-08-08 22:59:54,646] {dagbag.py:496} INFO - Filling up the DagBag from /home/airflow/.local/lib/python3.6/site-packages/airflow/example_dags/example_branch_python_dop_operator_3.py
[2023-08-08 22:59:54,691] {scheduler_job.py:643} INFO - DAG(s) dict_keys(['example_branch_dop_operator_v3']) retrieved from /home/airflow/.local/lib/python3.6/site-packages/airflow/example_dags/example_branch_python_dop_operator_3.py
[2023-08-08 22:59:55,290] {logging_mixin.py:104} INFO - [2023-08-08 22:59:55,290] {dag.py:1833} INFO - Sync 1 DAGs
[2023-08-08 22:59:55,364] {logging_mixin.py:104} INFO - [2023-08-08 22:59:55,363] {dag.py:2306} INFO - Setting next_dagrun for example_branch_dop_operator_v3 to 2023-08-06 00:00:00+00:00
[2023-08-08 22:59:55,425] {scheduler_job.py:190} INFO - Processing /home/airflow/.local/lib/python3.6/site-packages/airflow/example_dags/example_branch_python_dop_operator_3.py took 0.802 seconds
[2023-08-08 23:00:26,213] {scheduler_job.py:182} INFO - Started process (PID=5499) to work on /home/airflow/.local/lib/python3.6/site-packages/airflow/example_dags/example_branch_python_dop_operator_3.py
[2023-08-08 23:00:26,215] {scheduler_job.py:633} INFO - Processing file /home/airflow/.local/lib/python3.6/site-packages/airflow/example_dags/example_branch_python_dop_operator_3.py for tasks to queue
[2023-08-08 23:00:26,217] {logging_mixin.py:104} INFO - [2023-08-08 23:00:26,217] {dagbag.py:496} INFO - Filling up the DagBag from /home/airflow/.local/lib/python3.6/site-packages/airflow/example_dags/example_branch_python_dop_operator_3.py
[2023-08-08 23:00:26,244] {scheduler_job.py:643} INFO - DAG(s) dict_keys(['example_branch_dop_operator_v3']) retrieved from /home/airflow/.local/lib/python3.6/site-packages/airflow/example_dags/example_branch_python_dop_operator_3.py
[2023-08-08 23:00:26,280] {logging_mixin.py:104} INFO - [2023-08-08 23:00:26,280] {dag.py:1833} INFO - Sync 1 DAGs
[2023-08-08 23:00:26,311] {logging_mixin.py:104} INFO - [2023-08-08 23:00:26,311] {dag.py:2306} INFO - Setting next_dagrun for example_branch_dop_operator_v3 to 2023-08-06 00:00:00+00:00
[2023-08-08 23:00:26,330] {scheduler_job.py:190} INFO - Processing /home/airflow/.local/lib/python3.6/site-packages/airflow/example_dags/example_branch_python_dop_operator_3.py took 0.124 seconds
[2023-08-08 23:00:56,988] {scheduler_job.py:182} INFO - Started process (PID=5551) to work on /home/airflow/.local/lib/python3.6/site-packages/airflow/example_dags/example_branch_python_dop_operator_3.py
[2023-08-08 23:00:56,993] {scheduler_job.py:633} INFO - Processing file /home/airflow/.local/lib/python3.6/site-packages/airflow/example_dags/example_branch_python_dop_operator_3.py for tasks to queue
[2023-08-08 23:00:56,995] {logging_mixin.py:104} INFO - [2023-08-08 23:00:56,995] {dagbag.py:496} INFO - Filling up the DagBag from /home/airflow/.local/lib/python3.6/site-packages/airflow/example_dags/example_branch_python_dop_operator_3.py
[2023-08-08 23:00:57,022] {scheduler_job.py:643} INFO - DAG(s) dict_keys(['example_branch_dop_operator_v3']) retrieved from /home/airflow/.local/lib/python3.6/site-packages/airflow/example_dags/example_branch_python_dop_operator_3.py
[2023-08-08 23:00:57,061] {logging_mixin.py:104} INFO - [2023-08-08 23:00:57,061] {dag.py:1833} INFO - Sync 1 DAGs
[2023-08-08 23:00:57,090] {logging_mixin.py:104} INFO - [2023-08-08 23:00:57,089] {dag.py:2306} INFO - Setting next_dagrun for example_branch_dop_operator_v3 to 2023-08-06 00:00:00+00:00
[2023-08-08 23:00:57,111] {scheduler_job.py:190} INFO - Processing /home/airflow/.local/lib/python3.6/site-packages/airflow/example_dags/example_branch_python_dop_operator_3.py took 0.135 seconds
[2023-08-08 23:01:27,469] {scheduler_job.py:182} INFO - Started process (PID=5600) to work on /home/airflow/.local/lib/python3.6/site-packages/airflow/example_dags/example_branch_python_dop_operator_3.py
[2023-08-08 23:01:27,493] {scheduler_job.py:633} INFO - Processing file /home/airflow/.local/lib/python3.6/site-packages/airflow/example_dags/example_branch_python_dop_operator_3.py for tasks to queue
[2023-08-08 23:01:27,500] {logging_mixin.py:104} INFO - [2023-08-08 23:01:27,499] {dagbag.py:496} INFO - Filling up the DagBag from /home/airflow/.local/lib/python3.6/site-packages/airflow/example_dags/example_branch_python_dop_operator_3.py
[2023-08-08 23:01:27,603] {scheduler_job.py:643} INFO - DAG(s) dict_keys(['example_branch_dop_operator_v3']) retrieved from /home/airflow/.local/lib/python3.6/site-packages/airflow/example_dags/example_branch_python_dop_operator_3.py
[2023-08-08 23:01:27,708] {logging_mixin.py:104} INFO - [2023-08-08 23:01:27,708] {dag.py:1833} INFO - Sync 1 DAGs
[2023-08-08 23:01:27,782] {logging_mixin.py:104} INFO - [2023-08-08 23:01:27,782] {dag.py:2306} INFO - Setting next_dagrun for example_branch_dop_operator_v3 to 2023-08-06 00:00:00+00:00
[2023-08-08 23:01:27,824] {scheduler_job.py:190} INFO - Processing /home/airflow/.local/lib/python3.6/site-packages/airflow/example_dags/example_branch_python_dop_operator_3.py took 0.383 seconds
[2023-08-08 23:01:57,997] {scheduler_job.py:182} INFO - Started process (PID=5651) to work on /home/airflow/.local/lib/python3.6/site-packages/airflow/example_dags/example_branch_python_dop_operator_3.py
[2023-08-08 23:01:58,004] {scheduler_job.py:633} INFO - Processing file /home/airflow/.local/lib/python3.6/site-packages/airflow/example_dags/example_branch_python_dop_operator_3.py for tasks to queue
[2023-08-08 23:01:58,012] {logging_mixin.py:104} INFO - [2023-08-08 23:01:58,011] {dagbag.py:496} INFO - Filling up the DagBag from /home/airflow/.local/lib/python3.6/site-packages/airflow/example_dags/example_branch_python_dop_operator_3.py
[2023-08-08 23:01:58,072] {scheduler_job.py:643} INFO - DAG(s) dict_keys(['example_branch_dop_operator_v3']) retrieved from /home/airflow/.local/lib/python3.6/site-packages/airflow/example_dags/example_branch_python_dop_operator_3.py
[2023-08-08 23:01:58,138] {logging_mixin.py:104} INFO - [2023-08-08 23:01:58,137] {dag.py:1833} INFO - Sync 1 DAGs
[2023-08-08 23:01:58,282] {logging_mixin.py:104} INFO - [2023-08-08 23:01:58,282] {dag.py:2306} INFO - Setting next_dagrun for example_branch_dop_operator_v3 to 2023-08-06 00:00:00+00:00
[2023-08-08 23:01:58,450] {scheduler_job.py:190} INFO - Processing /home/airflow/.local/lib/python3.6/site-packages/airflow/example_dags/example_branch_python_dop_operator_3.py took 0.464 seconds
[2023-08-08 23:02:28,703] {scheduler_job.py:182} INFO - Started process (PID=5703) to work on /home/airflow/.local/lib/python3.6/site-packages/airflow/example_dags/example_branch_python_dop_operator_3.py
[2023-08-08 23:02:28,718] {scheduler_job.py:633} INFO - Processing file /home/airflow/.local/lib/python3.6/site-packages/airflow/example_dags/example_branch_python_dop_operator_3.py for tasks to queue
[2023-08-08 23:02:28,727] {logging_mixin.py:104} INFO - [2023-08-08 23:02:28,726] {dagbag.py:496} INFO - Filling up the DagBag from /home/airflow/.local/lib/python3.6/site-packages/airflow/example_dags/example_branch_python_dop_operator_3.py
[2023-08-08 23:02:28,781] {scheduler_job.py:643} INFO - DAG(s) dict_keys(['example_branch_dop_operator_v3']) retrieved from /home/airflow/.local/lib/python3.6/site-packages/airflow/example_dags/example_branch_python_dop_operator_3.py
[2023-08-08 23:02:28,817] {logging_mixin.py:104} INFO - [2023-08-08 23:02:28,817] {dag.py:1833} INFO - Sync 1 DAGs
[2023-08-08 23:02:28,854] {logging_mixin.py:104} INFO - [2023-08-08 23:02:28,854] {dag.py:2306} INFO - Setting next_dagrun for example_branch_dop_operator_v3 to 2023-08-06 00:00:00+00:00
[2023-08-08 23:02:28,876] {scheduler_job.py:190} INFO - Processing /home/airflow/.local/lib/python3.6/site-packages/airflow/example_dags/example_branch_python_dop_operator_3.py took 0.195 seconds
[2023-08-08 23:02:59,232] {scheduler_job.py:182} INFO - Started process (PID=5763) to work on /home/airflow/.local/lib/python3.6/site-packages/airflow/example_dags/example_branch_python_dop_operator_3.py
[2023-08-08 23:02:59,235] {scheduler_job.py:633} INFO - Processing file /home/airflow/.local/lib/python3.6/site-packages/airflow/example_dags/example_branch_python_dop_operator_3.py for tasks to queue
[2023-08-08 23:02:59,239] {logging_mixin.py:104} INFO - [2023-08-08 23:02:59,238] {dagbag.py:496} INFO - Filling up the DagBag from /home/airflow/.local/lib/python3.6/site-packages/airflow/example_dags/example_branch_python_dop_operator_3.py
[2023-08-08 23:02:59,299] {scheduler_job.py:643} INFO - DAG(s) dict_keys(['example_branch_dop_operator_v3']) retrieved from /home/airflow/.local/lib/python3.6/site-packages/airflow/example_dags/example_branch_python_dop_operator_3.py
[2023-08-08 23:02:59,358] {logging_mixin.py:104} INFO - [2023-08-08 23:02:59,358] {dag.py:1833} INFO - Sync 1 DAGs
[2023-08-08 23:02:59,404] {logging_mixin.py:104} INFO - [2023-08-08 23:02:59,404] {dag.py:2306} INFO - Setting next_dagrun for example_branch_dop_operator_v3 to 2023-08-06 00:00:00+00:00
[2023-08-08 23:02:59,423] {scheduler_job.py:190} INFO - Processing /home/airflow/.local/lib/python3.6/site-packages/airflow/example_dags/example_branch_python_dop_operator_3.py took 0.208 seconds
[2023-08-08 23:03:29,681] {scheduler_job.py:182} INFO - Started process (PID=5816) to work on /home/airflow/.local/lib/python3.6/site-packages/airflow/example_dags/example_branch_python_dop_operator_3.py
[2023-08-08 23:03:29,685] {scheduler_job.py:633} INFO - Processing file /home/airflow/.local/lib/python3.6/site-packages/airflow/example_dags/example_branch_python_dop_operator_3.py for tasks to queue
[2023-08-08 23:03:29,692] {logging_mixin.py:104} INFO - [2023-08-08 23:03:29,689] {dagbag.py:496} INFO - Filling up the DagBag from /home/airflow/.local/lib/python3.6/site-packages/airflow/example_dags/example_branch_python_dop_operator_3.py
[2023-08-08 23:03:29,728] {scheduler_job.py:643} INFO - DAG(s) dict_keys(['example_branch_dop_operator_v3']) retrieved from /home/airflow/.local/lib/python3.6/site-packages/airflow/example_dags/example_branch_python_dop_operator_3.py
[2023-08-08 23:03:29,819] {logging_mixin.py:104} INFO - [2023-08-08 23:03:29,819] {dag.py:1833} INFO - Sync 1 DAGs
[2023-08-08 23:03:29,935] {logging_mixin.py:104} INFO - [2023-08-08 23:03:29,934] {dag.py:2306} INFO - Setting next_dagrun for example_branch_dop_operator_v3 to 2023-08-06 00:00:00+00:00
[2023-08-08 23:03:29,989] {scheduler_job.py:190} INFO - Processing /home/airflow/.local/lib/python3.6/site-packages/airflow/example_dags/example_branch_python_dop_operator_3.py took 0.316 seconds
[2023-08-08 23:04:00,864] {scheduler_job.py:182} INFO - Started process (PID=5867) to work on /home/airflow/.local/lib/python3.6/site-packages/airflow/example_dags/example_branch_python_dop_operator_3.py
[2023-08-08 23:04:00,872] {scheduler_job.py:633} INFO - Processing file /home/airflow/.local/lib/python3.6/site-packages/airflow/example_dags/example_branch_python_dop_operator_3.py for tasks to queue
[2023-08-08 23:04:00,882] {logging_mixin.py:104} INFO - [2023-08-08 23:04:00,882] {dagbag.py:496} INFO - Filling up the DagBag from /home/airflow/.local/lib/python3.6/site-packages/airflow/example_dags/example_branch_python_dop_operator_3.py
[2023-08-08 23:04:00,940] {scheduler_job.py:643} INFO - DAG(s) dict_keys(['example_branch_dop_operator_v3']) retrieved from /home/airflow/.local/lib/python3.6/site-packages/airflow/example_dags/example_branch_python_dop_operator_3.py
[2023-08-08 23:04:01,025] {logging_mixin.py:104} INFO - [2023-08-08 23:04:01,025] {dag.py:1833} INFO - Sync 1 DAGs
[2023-08-08 23:04:01,171] {logging_mixin.py:104} INFO - [2023-08-08 23:04:01,170] {dag.py:2306} INFO - Setting next_dagrun for example_branch_dop_operator_v3 to 2023-08-06 00:00:00+00:00
[2023-08-08 23:04:01,259] {scheduler_job.py:190} INFO - Processing /home/airflow/.local/lib/python3.6/site-packages/airflow/example_dags/example_branch_python_dop_operator_3.py took 0.410 seconds
[2023-08-08 23:04:32,224] {scheduler_job.py:182} INFO - Started process (PID=5917) to work on /home/airflow/.local/lib/python3.6/site-packages/airflow/example_dags/example_branch_python_dop_operator_3.py
[2023-08-08 23:04:32,229] {scheduler_job.py:633} INFO - Processing file /home/airflow/.local/lib/python3.6/site-packages/airflow/example_dags/example_branch_python_dop_operator_3.py for tasks to queue
[2023-08-08 23:04:32,232] {logging_mixin.py:104} INFO - [2023-08-08 23:04:32,231] {dagbag.py:496} INFO - Filling up the DagBag from /home/airflow/.local/lib/python3.6/site-packages/airflow/example_dags/example_branch_python_dop_operator_3.py
[2023-08-08 23:04:32,307] {scheduler_job.py:643} INFO - DAG(s) dict_keys(['example_branch_dop_operator_v3']) retrieved from /home/airflow/.local/lib/python3.6/site-packages/airflow/example_dags/example_branch_python_dop_operator_3.py
[2023-08-08 23:04:32,373] {logging_mixin.py:104} INFO - [2023-08-08 23:04:32,372] {dag.py:1833} INFO - Sync 1 DAGs
[2023-08-08 23:04:32,447] {logging_mixin.py:104} INFO - [2023-08-08 23:04:32,447] {dag.py:2306} INFO - Setting next_dagrun for example_branch_dop_operator_v3 to 2023-08-06 00:00:00+00:00
[2023-08-08 23:04:32,469] {scheduler_job.py:190} INFO - Processing /home/airflow/.local/lib/python3.6/site-packages/airflow/example_dags/example_branch_python_dop_operator_3.py took 0.261 seconds
[2023-08-08 23:05:02,821] {scheduler_job.py:182} INFO - Started process (PID=5967) to work on /home/airflow/.local/lib/python3.6/site-packages/airflow/example_dags/example_branch_python_dop_operator_3.py
[2023-08-08 23:05:02,836] {scheduler_job.py:633} INFO - Processing file /home/airflow/.local/lib/python3.6/site-packages/airflow/example_dags/example_branch_python_dop_operator_3.py for tasks to queue
[2023-08-08 23:05:02,843] {logging_mixin.py:104} INFO - [2023-08-08 23:05:02,843] {dagbag.py:496} INFO - Filling up the DagBag from /home/airflow/.local/lib/python3.6/site-packages/airflow/example_dags/example_branch_python_dop_operator_3.py
[2023-08-08 23:05:02,908] {scheduler_job.py:643} INFO - DAG(s) dict_keys(['example_branch_dop_operator_v3']) retrieved from /home/airflow/.local/lib/python3.6/site-packages/airflow/example_dags/example_branch_python_dop_operator_3.py
[2023-08-08 23:05:03,026] {logging_mixin.py:104} INFO - [2023-08-08 23:05:03,026] {dag.py:1833} INFO - Sync 1 DAGs
[2023-08-08 23:05:03,105] {logging_mixin.py:104} INFO - [2023-08-08 23:05:03,105] {dag.py:2306} INFO - Setting next_dagrun for example_branch_dop_operator_v3 to 2023-08-06 00:00:00+00:00
[2023-08-08 23:05:03,134] {scheduler_job.py:190} INFO - Processing /home/airflow/.local/lib/python3.6/site-packages/airflow/example_dags/example_branch_python_dop_operator_3.py took 0.323 seconds
[2023-08-08 23:05:33,875] {scheduler_job.py:182} INFO - Started process (PID=6018) to work on /home/airflow/.local/lib/python3.6/site-packages/airflow/example_dags/example_branch_python_dop_operator_3.py
[2023-08-08 23:05:33,891] {scheduler_job.py:633} INFO - Processing file /home/airflow/.local/lib/python3.6/site-packages/airflow/example_dags/example_branch_python_dop_operator_3.py for tasks to queue
[2023-08-08 23:05:33,902] {logging_mixin.py:104} INFO - [2023-08-08 23:05:33,902] {dagbag.py:496} INFO - Filling up the DagBag from /home/airflow/.local/lib/python3.6/site-packages/airflow/example_dags/example_branch_python_dop_operator_3.py
[2023-08-08 23:05:33,986] {scheduler_job.py:643} INFO - DAG(s) dict_keys(['example_branch_dop_operator_v3']) retrieved from /home/airflow/.local/lib/python3.6/site-packages/airflow/example_dags/example_branch_python_dop_operator_3.py
[2023-08-08 23:05:34,105] {logging_mixin.py:104} INFO - [2023-08-08 23:05:34,105] {dag.py:1833} INFO - Sync 1 DAGs
[2023-08-08 23:05:34,177] {logging_mixin.py:104} INFO - [2023-08-08 23:05:34,176] {dag.py:2306} INFO - Setting next_dagrun for example_branch_dop_operator_v3 to 2023-08-06 00:00:00+00:00
[2023-08-08 23:05:34,237] {scheduler_job.py:190} INFO - Processing /home/airflow/.local/lib/python3.6/site-packages/airflow/example_dags/example_branch_python_dop_operator_3.py took 0.375 seconds
[2023-08-08 23:06:04,345] {scheduler_job.py:182} INFO - Started process (PID=6068) to work on /home/airflow/.local/lib/python3.6/site-packages/airflow/example_dags/example_branch_python_dop_operator_3.py
[2023-08-08 23:06:04,354] {scheduler_job.py:633} INFO - Processing file /home/airflow/.local/lib/python3.6/site-packages/airflow/example_dags/example_branch_python_dop_operator_3.py for tasks to queue
[2023-08-08 23:06:04,362] {logging_mixin.py:104} INFO - [2023-08-08 23:06:04,362] {dagbag.py:496} INFO - Filling up the DagBag from /home/airflow/.local/lib/python3.6/site-packages/airflow/example_dags/example_branch_python_dop_operator_3.py
[2023-08-08 23:06:04,399] {scheduler_job.py:643} INFO - DAG(s) dict_keys(['example_branch_dop_operator_v3']) retrieved from /home/airflow/.local/lib/python3.6/site-packages/airflow/example_dags/example_branch_python_dop_operator_3.py
[2023-08-08 23:06:04,446] {logging_mixin.py:104} INFO - [2023-08-08 23:06:04,446] {dag.py:1833} INFO - Sync 1 DAGs
[2023-08-08 23:06:04,513] {logging_mixin.py:104} INFO - [2023-08-08 23:06:04,513] {dag.py:2306} INFO - Setting next_dagrun for example_branch_dop_operator_v3 to 2023-08-06 00:00:00+00:00
[2023-08-08 23:06:04,549] {scheduler_job.py:190} INFO - Processing /home/airflow/.local/lib/python3.6/site-packages/airflow/example_dags/example_branch_python_dop_operator_3.py took 0.221 seconds
[2023-08-08 23:06:35,193] {scheduler_job.py:182} INFO - Started process (PID=6117) to work on /home/airflow/.local/lib/python3.6/site-packages/airflow/example_dags/example_branch_python_dop_operator_3.py
[2023-08-08 23:06:35,210] {scheduler_job.py:633} INFO - Processing file /home/airflow/.local/lib/python3.6/site-packages/airflow/example_dags/example_branch_python_dop_operator_3.py for tasks to queue
[2023-08-08 23:06:35,220] {logging_mixin.py:104} INFO - [2023-08-08 23:06:35,220] {dagbag.py:496} INFO - Filling up the DagBag from /home/airflow/.local/lib/python3.6/site-packages/airflow/example_dags/example_branch_python_dop_operator_3.py
[2023-08-08 23:06:35,387] {scheduler_job.py:643} INFO - DAG(s) dict_keys(['example_branch_dop_operator_v3']) retrieved from /home/airflow/.local/lib/python3.6/site-packages/airflow/example_dags/example_branch_python_dop_operator_3.py
[2023-08-08 23:06:35,506] {logging_mixin.py:104} INFO - [2023-08-08 23:06:35,505] {dag.py:1833} INFO - Sync 1 DAGs
[2023-08-08 23:06:35,715] {logging_mixin.py:104} INFO - [2023-08-08 23:06:35,715] {dag.py:2306} INFO - Setting next_dagrun for example_branch_dop_operator_v3 to 2023-08-06 00:00:00+00:00
[2023-08-08 23:06:35,868] {scheduler_job.py:190} INFO - Processing /home/airflow/.local/lib/python3.6/site-packages/airflow/example_dags/example_branch_python_dop_operator_3.py took 0.707 seconds
[2023-08-08 23:07:06,146] {scheduler_job.py:182} INFO - Started process (PID=6160) to work on /home/airflow/.local/lib/python3.6/site-packages/airflow/example_dags/example_branch_python_dop_operator_3.py
[2023-08-08 23:07:06,162] {scheduler_job.py:633} INFO - Processing file /home/airflow/.local/lib/python3.6/site-packages/airflow/example_dags/example_branch_python_dop_operator_3.py for tasks to queue
[2023-08-08 23:07:06,164] {logging_mixin.py:104} INFO - [2023-08-08 23:07:06,163] {dagbag.py:496} INFO - Filling up the DagBag from /home/airflow/.local/lib/python3.6/site-packages/airflow/example_dags/example_branch_python_dop_operator_3.py
[2023-08-08 23:07:06,203] {scheduler_job.py:643} INFO - DAG(s) dict_keys(['example_branch_dop_operator_v3']) retrieved from /home/airflow/.local/lib/python3.6/site-packages/airflow/example_dags/example_branch_python_dop_operator_3.py
[2023-08-08 23:07:06,247] {logging_mixin.py:104} INFO - [2023-08-08 23:07:06,247] {dag.py:1833} INFO - Sync 1 DAGs
[2023-08-08 23:07:06,299] {logging_mixin.py:104} INFO - [2023-08-08 23:07:06,299] {dag.py:2306} INFO - Setting next_dagrun for example_branch_dop_operator_v3 to 2023-08-06 00:00:00+00:00
[2023-08-08 23:07:06,321] {scheduler_job.py:190} INFO - Processing /home/airflow/.local/lib/python3.6/site-packages/airflow/example_dags/example_branch_python_dop_operator_3.py took 0.183 seconds
[2023-08-08 23:07:36,794] {scheduler_job.py:182} INFO - Started process (PID=6210) to work on /home/airflow/.local/lib/python3.6/site-packages/airflow/example_dags/example_branch_python_dop_operator_3.py
[2023-08-08 23:07:36,798] {scheduler_job.py:633} INFO - Processing file /home/airflow/.local/lib/python3.6/site-packages/airflow/example_dags/example_branch_python_dop_operator_3.py for tasks to queue
[2023-08-08 23:07:36,802] {logging_mixin.py:104} INFO - [2023-08-08 23:07:36,802] {dagbag.py:496} INFO - Filling up the DagBag from /home/airflow/.local/lib/python3.6/site-packages/airflow/example_dags/example_branch_python_dop_operator_3.py
[2023-08-08 23:07:36,850] {scheduler_job.py:643} INFO - DAG(s) dict_keys(['example_branch_dop_operator_v3']) retrieved from /home/airflow/.local/lib/python3.6/site-packages/airflow/example_dags/example_branch_python_dop_operator_3.py
[2023-08-08 23:07:36,908] {logging_mixin.py:104} INFO - [2023-08-08 23:07:36,907] {dag.py:1833} INFO - Sync 1 DAGs
[2023-08-08 23:07:36,958] {logging_mixin.py:104} INFO - [2023-08-08 23:07:36,958] {dag.py:2306} INFO - Setting next_dagrun for example_branch_dop_operator_v3 to 2023-08-06 00:00:00+00:00
[2023-08-08 23:07:36,983] {scheduler_job.py:190} INFO - Processing /home/airflow/.local/lib/python3.6/site-packages/airflow/example_dags/example_branch_python_dop_operator_3.py took 0.198 seconds
[2023-08-08 23:08:07,639] {scheduler_job.py:182} INFO - Started process (PID=6260) to work on /home/airflow/.local/lib/python3.6/site-packages/airflow/example_dags/example_branch_python_dop_operator_3.py
[2023-08-08 23:08:07,641] {scheduler_job.py:633} INFO - Processing file /home/airflow/.local/lib/python3.6/site-packages/airflow/example_dags/example_branch_python_dop_operator_3.py for tasks to queue
[2023-08-08 23:08:07,645] {logging_mixin.py:104} INFO - [2023-08-08 23:08:07,644] {dagbag.py:496} INFO - Filling up the DagBag from /home/airflow/.local/lib/python3.6/site-packages/airflow/example_dags/example_branch_python_dop_operator_3.py
[2023-08-08 23:08:07,699] {scheduler_job.py:643} INFO - DAG(s) dict_keys(['example_branch_dop_operator_v3']) retrieved from /home/airflow/.local/lib/python3.6/site-packages/airflow/example_dags/example_branch_python_dop_operator_3.py
[2023-08-08 23:08:07,779] {logging_mixin.py:104} INFO - [2023-08-08 23:08:07,778] {dag.py:1833} INFO - Sync 1 DAGs
[2023-08-08 23:08:07,849] {logging_mixin.py:104} INFO - [2023-08-08 23:08:07,849] {dag.py:2306} INFO - Setting next_dagrun for example_branch_dop_operator_v3 to 2023-08-06 00:00:00+00:00
[2023-08-08 23:08:07,873] {scheduler_job.py:190} INFO - Processing /home/airflow/.local/lib/python3.6/site-packages/airflow/example_dags/example_branch_python_dop_operator_3.py took 0.247 seconds
[2023-08-08 23:08:38,161] {scheduler_job.py:182} INFO - Started process (PID=6312) to work on /home/airflow/.local/lib/python3.6/site-packages/airflow/example_dags/example_branch_python_dop_operator_3.py
[2023-08-08 23:08:38,169] {scheduler_job.py:633} INFO - Processing file /home/airflow/.local/lib/python3.6/site-packages/airflow/example_dags/example_branch_python_dop_operator_3.py for tasks to queue
[2023-08-08 23:08:38,171] {logging_mixin.py:104} INFO - [2023-08-08 23:08:38,171] {dagbag.py:496} INFO - Filling up the DagBag from /home/airflow/.local/lib/python3.6/site-packages/airflow/example_dags/example_branch_python_dop_operator_3.py
[2023-08-08 23:08:38,217] {scheduler_job.py:643} INFO - DAG(s) dict_keys(['example_branch_dop_operator_v3']) retrieved from /home/airflow/.local/lib/python3.6/site-packages/airflow/example_dags/example_branch_python_dop_operator_3.py
[2023-08-08 23:08:38,280] {logging_mixin.py:104} INFO - [2023-08-08 23:08:38,273] {dag.py:1833} INFO - Sync 1 DAGs
[2023-08-08 23:08:38,344] {logging_mixin.py:104} INFO - [2023-08-08 23:08:38,343] {dag.py:2306} INFO - Setting next_dagrun for example_branch_dop_operator_v3 to 2023-08-06 00:00:00+00:00
[2023-08-08 23:08:38,427] {scheduler_job.py:190} INFO - Processing /home/airflow/.local/lib/python3.6/site-packages/airflow/example_dags/example_branch_python_dop_operator_3.py took 0.274 seconds
[2023-08-08 23:09:09,104] {scheduler_job.py:182} INFO - Started process (PID=6362) to work on /home/airflow/.local/lib/python3.6/site-packages/airflow/example_dags/example_branch_python_dop_operator_3.py
[2023-08-08 23:09:09,126] {scheduler_job.py:633} INFO - Processing file /home/airflow/.local/lib/python3.6/site-packages/airflow/example_dags/example_branch_python_dop_operator_3.py for tasks to queue
[2023-08-08 23:09:09,132] {logging_mixin.py:104} INFO - [2023-08-08 23:09:09,131] {dagbag.py:496} INFO - Filling up the DagBag from /home/airflow/.local/lib/python3.6/site-packages/airflow/example_dags/example_branch_python_dop_operator_3.py
[2023-08-08 23:09:09,358] {scheduler_job.py:643} INFO - DAG(s) dict_keys(['example_branch_dop_operator_v3']) retrieved from /home/airflow/.local/lib/python3.6/site-packages/airflow/example_dags/example_branch_python_dop_operator_3.py
[2023-08-08 23:09:09,550] {logging_mixin.py:104} INFO - [2023-08-08 23:09:09,550] {dag.py:1833} INFO - Sync 1 DAGs
[2023-08-08 23:09:09,766] {logging_mixin.py:104} INFO - [2023-08-08 23:09:09,766] {dag.py:2306} INFO - Setting next_dagrun for example_branch_dop_operator_v3 to 2023-08-06 00:00:00+00:00
[2023-08-08 23:09:09,938] {scheduler_job.py:190} INFO - Processing /home/airflow/.local/lib/python3.6/site-packages/airflow/example_dags/example_branch_python_dop_operator_3.py took 0.849 seconds
[2023-08-08 23:09:40,177] {scheduler_job.py:182} INFO - Started process (PID=6403) to work on /home/airflow/.local/lib/python3.6/site-packages/airflow/example_dags/example_branch_python_dop_operator_3.py
[2023-08-08 23:09:40,180] {scheduler_job.py:633} INFO - Processing file /home/airflow/.local/lib/python3.6/site-packages/airflow/example_dags/example_branch_python_dop_operator_3.py for tasks to queue
[2023-08-08 23:09:40,185] {logging_mixin.py:104} INFO - [2023-08-08 23:09:40,185] {dagbag.py:496} INFO - Filling up the DagBag from /home/airflow/.local/lib/python3.6/site-packages/airflow/example_dags/example_branch_python_dop_operator_3.py
[2023-08-08 23:09:40,243] {scheduler_job.py:643} INFO - DAG(s) dict_keys(['example_branch_dop_operator_v3']) retrieved from /home/airflow/.local/lib/python3.6/site-packages/airflow/example_dags/example_branch_python_dop_operator_3.py
[2023-08-08 23:09:40,321] {logging_mixin.py:104} INFO - [2023-08-08 23:09:40,321] {dag.py:1833} INFO - Sync 1 DAGs
[2023-08-08 23:09:40,423] {logging_mixin.py:104} INFO - [2023-08-08 23:09:40,422] {dag.py:2306} INFO - Setting next_dagrun for example_branch_dop_operator_v3 to 2023-08-06 00:00:00+00:00
[2023-08-08 23:09:40,460] {scheduler_job.py:190} INFO - Processing /home/airflow/.local/lib/python3.6/site-packages/airflow/example_dags/example_branch_python_dop_operator_3.py took 0.302 seconds
[2023-08-08 23:10:10,522] {scheduler_job.py:182} INFO - Started process (PID=6464) to work on /home/airflow/.local/lib/python3.6/site-packages/airflow/example_dags/example_branch_python_dop_operator_3.py
[2023-08-08 23:10:10,527] {scheduler_job.py:633} INFO - Processing file /home/airflow/.local/lib/python3.6/site-packages/airflow/example_dags/example_branch_python_dop_operator_3.py for tasks to queue
[2023-08-08 23:10:10,530] {logging_mixin.py:104} INFO - [2023-08-08 23:10:10,529] {dagbag.py:496} INFO - Filling up the DagBag from /home/airflow/.local/lib/python3.6/site-packages/airflow/example_dags/example_branch_python_dop_operator_3.py
[2023-08-08 23:10:10,570] {scheduler_job.py:643} INFO - DAG(s) dict_keys(['example_branch_dop_operator_v3']) retrieved from /home/airflow/.local/lib/python3.6/site-packages/airflow/example_dags/example_branch_python_dop_operator_3.py
[2023-08-08 23:10:10,609] {logging_mixin.py:104} INFO - [2023-08-08 23:10:10,609] {dag.py:1833} INFO - Sync 1 DAGs
[2023-08-08 23:10:10,652] {logging_mixin.py:104} INFO - [2023-08-08 23:10:10,652] {dag.py:2306} INFO - Setting next_dagrun for example_branch_dop_operator_v3 to 2023-08-06 00:00:00+00:00
[2023-08-08 23:10:10,672] {scheduler_job.py:190} INFO - Processing /home/airflow/.local/lib/python3.6/site-packages/airflow/example_dags/example_branch_python_dop_operator_3.py took 0.160 seconds
[2023-08-08 23:10:41,762] {scheduler_job.py:182} INFO - Started process (PID=6515) to work on /home/airflow/.local/lib/python3.6/site-packages/airflow/example_dags/example_branch_python_dop_operator_3.py
[2023-08-08 23:10:41,768] {scheduler_job.py:633} INFO - Processing file /home/airflow/.local/lib/python3.6/site-packages/airflow/example_dags/example_branch_python_dop_operator_3.py for tasks to queue
[2023-08-08 23:10:41,780] {logging_mixin.py:104} INFO - [2023-08-08 23:10:41,779] {dagbag.py:496} INFO - Filling up the DagBag from /home/airflow/.local/lib/python3.6/site-packages/airflow/example_dags/example_branch_python_dop_operator_3.py
[2023-08-08 23:10:41,887] {scheduler_job.py:643} INFO - DAG(s) dict_keys(['example_branch_dop_operator_v3']) retrieved from /home/airflow/.local/lib/python3.6/site-packages/airflow/example_dags/example_branch_python_dop_operator_3.py
[2023-08-08 23:10:41,966] {logging_mixin.py:104} INFO - [2023-08-08 23:10:41,965] {dag.py:1833} INFO - Sync 1 DAGs
[2023-08-08 23:10:42,061] {logging_mixin.py:104} INFO - [2023-08-08 23:10:42,060] {dag.py:2306} INFO - Setting next_dagrun for example_branch_dop_operator_v3 to 2023-08-06 00:00:00+00:00
[2023-08-08 23:10:42,117] {scheduler_job.py:190} INFO - Processing /home/airflow/.local/lib/python3.6/site-packages/airflow/example_dags/example_branch_python_dop_operator_3.py took 0.394 seconds
[2023-08-08 23:11:12,781] {scheduler_job.py:182} INFO - Started process (PID=6565) to work on /home/airflow/.local/lib/python3.6/site-packages/airflow/example_dags/example_branch_python_dop_operator_3.py
[2023-08-08 23:11:12,784] {scheduler_job.py:633} INFO - Processing file /home/airflow/.local/lib/python3.6/site-packages/airflow/example_dags/example_branch_python_dop_operator_3.py for tasks to queue
[2023-08-08 23:11:12,787] {logging_mixin.py:104} INFO - [2023-08-08 23:11:12,786] {dagbag.py:496} INFO - Filling up the DagBag from /home/airflow/.local/lib/python3.6/site-packages/airflow/example_dags/example_branch_python_dop_operator_3.py
[2023-08-08 23:11:12,820] {scheduler_job.py:643} INFO - DAG(s) dict_keys(['example_branch_dop_operator_v3']) retrieved from /home/airflow/.local/lib/python3.6/site-packages/airflow/example_dags/example_branch_python_dop_operator_3.py
[2023-08-08 23:11:12,866] {logging_mixin.py:104} INFO - [2023-08-08 23:11:12,866] {dag.py:1833} INFO - Sync 1 DAGs
[2023-08-08 23:11:12,915] {logging_mixin.py:104} INFO - [2023-08-08 23:11:12,915] {dag.py:2306} INFO - Setting next_dagrun for example_branch_dop_operator_v3 to 2023-08-06 00:00:00+00:00
[2023-08-08 23:11:12,938] {scheduler_job.py:190} INFO - Processing /home/airflow/.local/lib/python3.6/site-packages/airflow/example_dags/example_branch_python_dop_operator_3.py took 0.166 seconds
[2023-08-08 23:11:43,872] {scheduler_job.py:182} INFO - Started process (PID=6615) to work on /home/airflow/.local/lib/python3.6/site-packages/airflow/example_dags/example_branch_python_dop_operator_3.py
[2023-08-08 23:11:43,880] {scheduler_job.py:633} INFO - Processing file /home/airflow/.local/lib/python3.6/site-packages/airflow/example_dags/example_branch_python_dop_operator_3.py for tasks to queue
[2023-08-08 23:11:43,882] {logging_mixin.py:104} INFO - [2023-08-08 23:11:43,881] {dagbag.py:496} INFO - Filling up the DagBag from /home/airflow/.local/lib/python3.6/site-packages/airflow/example_dags/example_branch_python_dop_operator_3.py
[2023-08-08 23:11:43,993] {scheduler_job.py:643} INFO - DAG(s) dict_keys(['example_branch_dop_operator_v3']) retrieved from /home/airflow/.local/lib/python3.6/site-packages/airflow/example_dags/example_branch_python_dop_operator_3.py
[2023-08-08 23:11:44,127] {logging_mixin.py:104} INFO - [2023-08-08 23:11:44,125] {dag.py:1833} INFO - Sync 1 DAGs
[2023-08-08 23:11:44,449] {logging_mixin.py:104} INFO - [2023-08-08 23:11:44,449] {dag.py:2306} INFO - Setting next_dagrun for example_branch_dop_operator_v3 to 2023-08-06 00:00:00+00:00
[2023-08-08 23:11:44,689] {scheduler_job.py:190} INFO - Processing /home/airflow/.local/lib/python3.6/site-packages/airflow/example_dags/example_branch_python_dop_operator_3.py took 0.846 seconds
[2023-08-08 23:12:15,413] {scheduler_job.py:182} INFO - Started process (PID=6657) to work on /home/airflow/.local/lib/python3.6/site-packages/airflow/example_dags/example_branch_python_dop_operator_3.py
[2023-08-08 23:12:15,421] {scheduler_job.py:633} INFO - Processing file /home/airflow/.local/lib/python3.6/site-packages/airflow/example_dags/example_branch_python_dop_operator_3.py for tasks to queue
[2023-08-08 23:12:15,425] {logging_mixin.py:104} INFO - [2023-08-08 23:12:15,424] {dagbag.py:496} INFO - Filling up the DagBag from /home/airflow/.local/lib/python3.6/site-packages/airflow/example_dags/example_branch_python_dop_operator_3.py
[2023-08-08 23:12:15,501] {scheduler_job.py:643} INFO - DAG(s) dict_keys(['example_branch_dop_operator_v3']) retrieved from /home/airflow/.local/lib/python3.6/site-packages/airflow/example_dags/example_branch_python_dop_operator_3.py
[2023-08-08 23:12:15,637] {logging_mixin.py:104} INFO - [2023-08-08 23:12:15,637] {dag.py:1833} INFO - Sync 1 DAGs
[2023-08-08 23:12:15,758] {logging_mixin.py:104} INFO - [2023-08-08 23:12:15,758] {dag.py:2306} INFO - Setting next_dagrun for example_branch_dop_operator_v3 to 2023-08-06 00:00:00+00:00
[2023-08-08 23:12:15,783] {scheduler_job.py:190} INFO - Processing /home/airflow/.local/lib/python3.6/site-packages/airflow/example_dags/example_branch_python_dop_operator_3.py took 0.396 seconds
[2023-08-08 23:12:47,056] {scheduler_job.py:182} INFO - Started process (PID=6706) to work on /home/airflow/.local/lib/python3.6/site-packages/airflow/example_dags/example_branch_python_dop_operator_3.py
[2023-08-08 23:12:47,072] {scheduler_job.py:633} INFO - Processing file /home/airflow/.local/lib/python3.6/site-packages/airflow/example_dags/example_branch_python_dop_operator_3.py for tasks to queue
[2023-08-08 23:12:47,079] {logging_mixin.py:104} INFO - [2023-08-08 23:12:47,079] {dagbag.py:496} INFO - Filling up the DagBag from /home/airflow/.local/lib/python3.6/site-packages/airflow/example_dags/example_branch_python_dop_operator_3.py
[2023-08-08 23:12:47,274] {scheduler_job.py:643} INFO - DAG(s) dict_keys(['example_branch_dop_operator_v3']) retrieved from /home/airflow/.local/lib/python3.6/site-packages/airflow/example_dags/example_branch_python_dop_operator_3.py
[2023-08-08 23:12:47,415] {logging_mixin.py:104} INFO - [2023-08-08 23:12:47,415] {dag.py:1833} INFO - Sync 1 DAGs
[2023-08-08 23:12:47,546] {logging_mixin.py:104} INFO - [2023-08-08 23:12:47,540] {dag.py:2306} INFO - Setting next_dagrun for example_branch_dop_operator_v3 to 2023-08-06 00:00:00+00:00
[2023-08-08 23:12:47,590] {scheduler_job.py:190} INFO - Processing /home/airflow/.local/lib/python3.6/site-packages/airflow/example_dags/example_branch_python_dop_operator_3.py took 0.568 seconds
[2023-08-08 23:13:18,055] {scheduler_job.py:182} INFO - Started process (PID=6757) to work on /home/airflow/.local/lib/python3.6/site-packages/airflow/example_dags/example_branch_python_dop_operator_3.py
[2023-08-08 23:13:18,059] {scheduler_job.py:633} INFO - Processing file /home/airflow/.local/lib/python3.6/site-packages/airflow/example_dags/example_branch_python_dop_operator_3.py for tasks to queue
[2023-08-08 23:13:18,064] {logging_mixin.py:104} INFO - [2023-08-08 23:13:18,063] {dagbag.py:496} INFO - Filling up the DagBag from /home/airflow/.local/lib/python3.6/site-packages/airflow/example_dags/example_branch_python_dop_operator_3.py
[2023-08-08 23:13:18,124] {scheduler_job.py:643} INFO - DAG(s) dict_keys(['example_branch_dop_operator_v3']) retrieved from /home/airflow/.local/lib/python3.6/site-packages/airflow/example_dags/example_branch_python_dop_operator_3.py
[2023-08-08 23:13:18,218] {logging_mixin.py:104} INFO - [2023-08-08 23:13:18,218] {dag.py:1833} INFO - Sync 1 DAGs
[2023-08-08 23:13:18,344] {logging_mixin.py:104} INFO - [2023-08-08 23:13:18,343] {dag.py:2306} INFO - Setting next_dagrun for example_branch_dop_operator_v3 to 2023-08-06 00:00:00+00:00
[2023-08-08 23:13:18,419] {scheduler_job.py:190} INFO - Processing /home/airflow/.local/lib/python3.6/site-packages/airflow/example_dags/example_branch_python_dop_operator_3.py took 0.381 seconds
[2023-08-08 23:13:48,557] {scheduler_job.py:182} INFO - Started process (PID=6798) to work on /home/airflow/.local/lib/python3.6/site-packages/airflow/example_dags/example_branch_python_dop_operator_3.py
[2023-08-08 23:13:48,567] {scheduler_job.py:633} INFO - Processing file /home/airflow/.local/lib/python3.6/site-packages/airflow/example_dags/example_branch_python_dop_operator_3.py for tasks to queue
[2023-08-08 23:13:48,574] {logging_mixin.py:104} INFO - [2023-08-08 23:13:48,573] {dagbag.py:496} INFO - Filling up the DagBag from /home/airflow/.local/lib/python3.6/site-packages/airflow/example_dags/example_branch_python_dop_operator_3.py
[2023-08-08 23:13:48,638] {scheduler_job.py:643} INFO - DAG(s) dict_keys(['example_branch_dop_operator_v3']) retrieved from /home/airflow/.local/lib/python3.6/site-packages/airflow/example_dags/example_branch_python_dop_operator_3.py
[2023-08-08 23:13:48,699] {logging_mixin.py:104} INFO - [2023-08-08 23:13:48,699] {dag.py:1833} INFO - Sync 1 DAGs
[2023-08-08 23:13:48,754] {logging_mixin.py:104} INFO - [2023-08-08 23:13:48,754] {dag.py:2306} INFO - Setting next_dagrun for example_branch_dop_operator_v3 to 2023-08-06 00:00:00+00:00
[2023-08-08 23:13:48,780] {scheduler_job.py:190} INFO - Processing /home/airflow/.local/lib/python3.6/site-packages/airflow/example_dags/example_branch_python_dop_operator_3.py took 0.233 seconds
[2023-08-08 23:14:20,594] {scheduler_job.py:182} INFO - Started process (PID=6847) to work on /home/airflow/.local/lib/python3.6/site-packages/airflow/example_dags/example_branch_python_dop_operator_3.py
[2023-08-08 23:14:20,606] {scheduler_job.py:633} INFO - Processing file /home/airflow/.local/lib/python3.6/site-packages/airflow/example_dags/example_branch_python_dop_operator_3.py for tasks to queue
[2023-08-08 23:14:20,608] {logging_mixin.py:104} INFO - [2023-08-08 23:14:20,607] {dagbag.py:496} INFO - Filling up the DagBag from /home/airflow/.local/lib/python3.6/site-packages/airflow/example_dags/example_branch_python_dop_operator_3.py
[2023-08-08 23:14:20,723] {scheduler_job.py:643} INFO - DAG(s) dict_keys(['example_branch_dop_operator_v3']) retrieved from /home/airflow/.local/lib/python3.6/site-packages/airflow/example_dags/example_branch_python_dop_operator_3.py
[2023-08-08 23:14:20,803] {logging_mixin.py:104} INFO - [2023-08-08 23:14:20,802] {dag.py:1833} INFO - Sync 1 DAGs
[2023-08-08 23:14:20,852] {logging_mixin.py:104} INFO - [2023-08-08 23:14:20,852] {dag.py:2306} INFO - Setting next_dagrun for example_branch_dop_operator_v3 to 2023-08-06 00:00:00+00:00
[2023-08-08 23:14:20,877] {scheduler_job.py:190} INFO - Processing /home/airflow/.local/lib/python3.6/site-packages/airflow/example_dags/example_branch_python_dop_operator_3.py took 0.307 seconds
[2023-08-08 23:14:53,612] {scheduler_job.py:182} INFO - Started process (PID=6903) to work on /home/airflow/.local/lib/python3.6/site-packages/airflow/example_dags/example_branch_python_dop_operator_3.py
[2023-08-08 23:14:53,620] {scheduler_job.py:633} INFO - Processing file /home/airflow/.local/lib/python3.6/site-packages/airflow/example_dags/example_branch_python_dop_operator_3.py for tasks to queue
[2023-08-08 23:14:53,627] {logging_mixin.py:104} INFO - [2023-08-08 23:14:53,626] {dagbag.py:496} INFO - Filling up the DagBag from /home/airflow/.local/lib/python3.6/site-packages/airflow/example_dags/example_branch_python_dop_operator_3.py
[2023-08-08 23:14:53,796] {scheduler_job.py:643} INFO - DAG(s) dict_keys(['example_branch_dop_operator_v3']) retrieved from /home/airflow/.local/lib/python3.6/site-packages/airflow/example_dags/example_branch_python_dop_operator_3.py
[2023-08-08 23:14:53,982] {logging_mixin.py:104} INFO - [2023-08-08 23:14:53,981] {dag.py:1833} INFO - Sync 1 DAGs
[2023-08-08 23:14:54,307] {logging_mixin.py:104} INFO - [2023-08-08 23:14:54,307] {dag.py:2306} INFO - Setting next_dagrun for example_branch_dop_operator_v3 to 2023-08-06 00:00:00+00:00
[2023-08-08 23:14:54,413] {scheduler_job.py:190} INFO - Processing /home/airflow/.local/lib/python3.6/site-packages/airflow/example_dags/example_branch_python_dop_operator_3.py took 0.826 seconds
[2023-08-08 23:15:25,225] {scheduler_job.py:182} INFO - Started process (PID=6946) to work on /home/airflow/.local/lib/python3.6/site-packages/airflow/example_dags/example_branch_python_dop_operator_3.py
[2023-08-08 23:15:25,234] {scheduler_job.py:633} INFO - Processing file /home/airflow/.local/lib/python3.6/site-packages/airflow/example_dags/example_branch_python_dop_operator_3.py for tasks to queue
[2023-08-08 23:15:25,241] {logging_mixin.py:104} INFO - [2023-08-08 23:15:25,240] {dagbag.py:496} INFO - Filling up the DagBag from /home/airflow/.local/lib/python3.6/site-packages/airflow/example_dags/example_branch_python_dop_operator_3.py
[2023-08-08 23:15:25,324] {scheduler_job.py:643} INFO - DAG(s) dict_keys(['example_branch_dop_operator_v3']) retrieved from /home/airflow/.local/lib/python3.6/site-packages/airflow/example_dags/example_branch_python_dop_operator_3.py
[2023-08-08 23:15:25,429] {logging_mixin.py:104} INFO - [2023-08-08 23:15:25,428] {dag.py:1833} INFO - Sync 1 DAGs
[2023-08-08 23:15:25,586] {logging_mixin.py:104} INFO - [2023-08-08 23:15:25,586] {dag.py:2306} INFO - Setting next_dagrun for example_branch_dop_operator_v3 to 2023-08-06 00:00:00+00:00
[2023-08-08 23:15:25,704] {scheduler_job.py:190} INFO - Processing /home/airflow/.local/lib/python3.6/site-packages/airflow/example_dags/example_branch_python_dop_operator_3.py took 0.494 seconds
[2023-08-08 23:15:55,815] {scheduler_job.py:182} INFO - Started process (PID=6996) to work on /home/airflow/.local/lib/python3.6/site-packages/airflow/example_dags/example_branch_python_dop_operator_3.py
[2023-08-08 23:15:55,818] {scheduler_job.py:633} INFO - Processing file /home/airflow/.local/lib/python3.6/site-packages/airflow/example_dags/example_branch_python_dop_operator_3.py for tasks to queue
[2023-08-08 23:15:55,822] {logging_mixin.py:104} INFO - [2023-08-08 23:15:55,821] {dagbag.py:496} INFO - Filling up the DagBag from /home/airflow/.local/lib/python3.6/site-packages/airflow/example_dags/example_branch_python_dop_operator_3.py
[2023-08-08 23:15:55,861] {scheduler_job.py:643} INFO - DAG(s) dict_keys(['example_branch_dop_operator_v3']) retrieved from /home/airflow/.local/lib/python3.6/site-packages/airflow/example_dags/example_branch_python_dop_operator_3.py
[2023-08-08 23:15:55,915] {logging_mixin.py:104} INFO - [2023-08-08 23:15:55,915] {dag.py:1833} INFO - Sync 1 DAGs
[2023-08-08 23:15:55,971] {logging_mixin.py:104} INFO - [2023-08-08 23:15:55,970] {dag.py:2306} INFO - Setting next_dagrun for example_branch_dop_operator_v3 to 2023-08-06 00:00:00+00:00
[2023-08-08 23:15:56,001] {scheduler_job.py:190} INFO - Processing /home/airflow/.local/lib/python3.6/site-packages/airflow/example_dags/example_branch_python_dop_operator_3.py took 0.195 seconds
[2023-08-08 23:16:29,162] {scheduler_job.py:182} INFO - Started process (PID=7046) to work on /home/airflow/.local/lib/python3.6/site-packages/airflow/example_dags/example_branch_python_dop_operator_3.py
[2023-08-08 23:16:29,169] {scheduler_job.py:633} INFO - Processing file /home/airflow/.local/lib/python3.6/site-packages/airflow/example_dags/example_branch_python_dop_operator_3.py for tasks to queue
[2023-08-08 23:16:29,178] {logging_mixin.py:104} INFO - [2023-08-08 23:16:29,177] {dagbag.py:496} INFO - Filling up the DagBag from /home/airflow/.local/lib/python3.6/site-packages/airflow/example_dags/example_branch_python_dop_operator_3.py
[2023-08-08 23:16:29,263] {scheduler_job.py:643} INFO - DAG(s) dict_keys(['example_branch_dop_operator_v3']) retrieved from /home/airflow/.local/lib/python3.6/site-packages/airflow/example_dags/example_branch_python_dop_operator_3.py
[2023-08-08 23:16:29,347] {logging_mixin.py:104} INFO - [2023-08-08 23:16:29,347] {dag.py:1833} INFO - Sync 1 DAGs
[2023-08-08 23:16:29,422] {logging_mixin.py:104} INFO - [2023-08-08 23:16:29,422] {dag.py:2306} INFO - Setting next_dagrun for example_branch_dop_operator_v3 to 2023-08-06 00:00:00+00:00
[2023-08-08 23:16:29,500] {scheduler_job.py:190} INFO - Processing /home/airflow/.local/lib/python3.6/site-packages/airflow/example_dags/example_branch_python_dop_operator_3.py took 0.349 seconds
[2023-08-08 23:16:59,834] {scheduler_job.py:182} INFO - Started process (PID=7095) to work on /home/airflow/.local/lib/python3.6/site-packages/airflow/example_dags/example_branch_python_dop_operator_3.py
[2023-08-08 23:16:59,843] {scheduler_job.py:633} INFO - Processing file /home/airflow/.local/lib/python3.6/site-packages/airflow/example_dags/example_branch_python_dop_operator_3.py for tasks to queue
[2023-08-08 23:16:59,856] {logging_mixin.py:104} INFO - [2023-08-08 23:16:59,854] {dagbag.py:496} INFO - Filling up the DagBag from /home/airflow/.local/lib/python3.6/site-packages/airflow/example_dags/example_branch_python_dop_operator_3.py
[2023-08-08 23:17:00,041] {scheduler_job.py:643} INFO - DAG(s) dict_keys(['example_branch_dop_operator_v3']) retrieved from /home/airflow/.local/lib/python3.6/site-packages/airflow/example_dags/example_branch_python_dop_operator_3.py
[2023-08-08 23:17:00,325] {logging_mixin.py:104} INFO - [2023-08-08 23:17:00,324] {dag.py:1833} INFO - Sync 1 DAGs
[2023-08-08 23:17:00,468] {logging_mixin.py:104} INFO - [2023-08-08 23:17:00,468] {dag.py:2306} INFO - Setting next_dagrun for example_branch_dop_operator_v3 to 2023-08-06 00:00:00+00:00
[2023-08-08 23:17:00,538] {scheduler_job.py:190} INFO - Processing /home/airflow/.local/lib/python3.6/site-packages/airflow/example_dags/example_branch_python_dop_operator_3.py took 0.741 seconds
[2023-08-08 23:17:31,140] {scheduler_job.py:182} INFO - Started process (PID=7135) to work on /home/airflow/.local/lib/python3.6/site-packages/airflow/example_dags/example_branch_python_dop_operator_3.py
[2023-08-08 23:17:31,144] {scheduler_job.py:633} INFO - Processing file /home/airflow/.local/lib/python3.6/site-packages/airflow/example_dags/example_branch_python_dop_operator_3.py for tasks to queue
[2023-08-08 23:17:31,148] {logging_mixin.py:104} INFO - [2023-08-08 23:17:31,148] {dagbag.py:496} INFO - Filling up the DagBag from /home/airflow/.local/lib/python3.6/site-packages/airflow/example_dags/example_branch_python_dop_operator_3.py
[2023-08-08 23:17:31,203] {scheduler_job.py:643} INFO - DAG(s) dict_keys(['example_branch_dop_operator_v3']) retrieved from /home/airflow/.local/lib/python3.6/site-packages/airflow/example_dags/example_branch_python_dop_operator_3.py
[2023-08-08 23:17:31,305] {logging_mixin.py:104} INFO - [2023-08-08 23:17:31,304] {dag.py:1833} INFO - Sync 1 DAGs
[2023-08-08 23:17:31,461] {logging_mixin.py:104} INFO - [2023-08-08 23:17:31,459] {dag.py:2306} INFO - Setting next_dagrun for example_branch_dop_operator_v3 to 2023-08-06 00:00:00+00:00
[2023-08-08 23:17:31,530] {scheduler_job.py:190} INFO - Processing /home/airflow/.local/lib/python3.6/site-packages/airflow/example_dags/example_branch_python_dop_operator_3.py took 0.402 seconds
[2023-08-08 23:18:02,194] {scheduler_job.py:182} INFO - Started process (PID=7186) to work on /home/airflow/.local/lib/python3.6/site-packages/airflow/example_dags/example_branch_python_dop_operator_3.py
[2023-08-08 23:18:02,198] {scheduler_job.py:633} INFO - Processing file /home/airflow/.local/lib/python3.6/site-packages/airflow/example_dags/example_branch_python_dop_operator_3.py for tasks to queue
[2023-08-08 23:18:02,201] {logging_mixin.py:104} INFO - [2023-08-08 23:18:02,201] {dagbag.py:496} INFO - Filling up the DagBag from /home/airflow/.local/lib/python3.6/site-packages/airflow/example_dags/example_branch_python_dop_operator_3.py
[2023-08-08 23:18:02,244] {scheduler_job.py:643} INFO - DAG(s) dict_keys(['example_branch_dop_operator_v3']) retrieved from /home/airflow/.local/lib/python3.6/site-packages/airflow/example_dags/example_branch_python_dop_operator_3.py
[2023-08-08 23:18:02,329] {logging_mixin.py:104} INFO - [2023-08-08 23:18:02,329] {dag.py:1833} INFO - Sync 1 DAGs
[2023-08-08 23:18:02,388] {logging_mixin.py:104} INFO - [2023-08-08 23:18:02,388] {dag.py:2306} INFO - Setting next_dagrun for example_branch_dop_operator_v3 to 2023-08-06 00:00:00+00:00
[2023-08-08 23:18:02,413] {scheduler_job.py:190} INFO - Processing /home/airflow/.local/lib/python3.6/site-packages/airflow/example_dags/example_branch_python_dop_operator_3.py took 0.226 seconds
[2023-08-08 23:18:34,305] {scheduler_job.py:182} INFO - Started process (PID=7236) to work on /home/airflow/.local/lib/python3.6/site-packages/airflow/example_dags/example_branch_python_dop_operator_3.py
[2023-08-08 23:18:34,310] {scheduler_job.py:633} INFO - Processing file /home/airflow/.local/lib/python3.6/site-packages/airflow/example_dags/example_branch_python_dop_operator_3.py for tasks to queue
[2023-08-08 23:18:34,317] {logging_mixin.py:104} INFO - [2023-08-08 23:18:34,317] {dagbag.py:496} INFO - Filling up the DagBag from /home/airflow/.local/lib/python3.6/site-packages/airflow/example_dags/example_branch_python_dop_operator_3.py
[2023-08-08 23:18:34,403] {scheduler_job.py:643} INFO - DAG(s) dict_keys(['example_branch_dop_operator_v3']) retrieved from /home/airflow/.local/lib/python3.6/site-packages/airflow/example_dags/example_branch_python_dop_operator_3.py
[2023-08-08 23:18:34,532] {logging_mixin.py:104} INFO - [2023-08-08 23:18:34,532] {dag.py:1833} INFO - Sync 1 DAGs
[2023-08-08 23:18:34,662] {logging_mixin.py:104} INFO - [2023-08-08 23:18:34,662] {dag.py:2306} INFO - Setting next_dagrun for example_branch_dop_operator_v3 to 2023-08-06 00:00:00+00:00
[2023-08-08 23:18:34,749] {scheduler_job.py:190} INFO - Processing /home/airflow/.local/lib/python3.6/site-packages/airflow/example_dags/example_branch_python_dop_operator_3.py took 0.463 seconds
[2023-08-08 23:19:05,172] {scheduler_job.py:182} INFO - Started process (PID=7285) to work on /home/airflow/.local/lib/python3.6/site-packages/airflow/example_dags/example_branch_python_dop_operator_3.py
[2023-08-08 23:19:05,184] {scheduler_job.py:633} INFO - Processing file /home/airflow/.local/lib/python3.6/site-packages/airflow/example_dags/example_branch_python_dop_operator_3.py for tasks to queue
[2023-08-08 23:19:05,186] {logging_mixin.py:104} INFO - [2023-08-08 23:19:05,185] {dagbag.py:496} INFO - Filling up the DagBag from /home/airflow/.local/lib/python3.6/site-packages/airflow/example_dags/example_branch_python_dop_operator_3.py
[2023-08-08 23:19:05,260] {scheduler_job.py:643} INFO - DAG(s) dict_keys(['example_branch_dop_operator_v3']) retrieved from /home/airflow/.local/lib/python3.6/site-packages/airflow/example_dags/example_branch_python_dop_operator_3.py
[2023-08-08 23:19:05,383] {logging_mixin.py:104} INFO - [2023-08-08 23:19:05,382] {dag.py:1833} INFO - Sync 1 DAGs
[2023-08-08 23:19:05,492] {logging_mixin.py:104} INFO - [2023-08-08 23:19:05,491] {dag.py:2306} INFO - Setting next_dagrun for example_branch_dop_operator_v3 to 2023-08-06 00:00:00+00:00
[2023-08-08 23:19:05,555] {scheduler_job.py:190} INFO - Processing /home/airflow/.local/lib/python3.6/site-packages/airflow/example_dags/example_branch_python_dop_operator_3.py took 0.401 seconds
[2023-08-08 23:19:35,774] {scheduler_job.py:182} INFO - Started process (PID=7328) to work on /home/airflow/.local/lib/python3.6/site-packages/airflow/example_dags/example_branch_python_dop_operator_3.py
[2023-08-08 23:19:35,786] {scheduler_job.py:633} INFO - Processing file /home/airflow/.local/lib/python3.6/site-packages/airflow/example_dags/example_branch_python_dop_operator_3.py for tasks to queue
[2023-08-08 23:19:35,795] {logging_mixin.py:104} INFO - [2023-08-08 23:19:35,795] {dagbag.py:496} INFO - Filling up the DagBag from /home/airflow/.local/lib/python3.6/site-packages/airflow/example_dags/example_branch_python_dop_operator_3.py
[2023-08-08 23:19:35,886] {scheduler_job.py:643} INFO - DAG(s) dict_keys(['example_branch_dop_operator_v3']) retrieved from /home/airflow/.local/lib/python3.6/site-packages/airflow/example_dags/example_branch_python_dop_operator_3.py
[2023-08-08 23:19:35,957] {logging_mixin.py:104} INFO - [2023-08-08 23:19:35,956] {dag.py:1833} INFO - Sync 1 DAGs
[2023-08-08 23:19:35,996] {logging_mixin.py:104} INFO - [2023-08-08 23:19:35,996] {dag.py:2306} INFO - Setting next_dagrun for example_branch_dop_operator_v3 to 2023-08-06 00:00:00+00:00
[2023-08-08 23:19:36,022] {scheduler_job.py:190} INFO - Processing /home/airflow/.local/lib/python3.6/site-packages/airflow/example_dags/example_branch_python_dop_operator_3.py took 0.261 seconds
[2023-08-08 23:20:06,529] {scheduler_job.py:182} INFO - Started process (PID=7378) to work on /home/airflow/.local/lib/python3.6/site-packages/airflow/example_dags/example_branch_python_dop_operator_3.py
[2023-08-08 23:20:06,535] {scheduler_job.py:633} INFO - Processing file /home/airflow/.local/lib/python3.6/site-packages/airflow/example_dags/example_branch_python_dop_operator_3.py for tasks to queue
[2023-08-08 23:20:06,538] {logging_mixin.py:104} INFO - [2023-08-08 23:20:06,538] {dagbag.py:496} INFO - Filling up the DagBag from /home/airflow/.local/lib/python3.6/site-packages/airflow/example_dags/example_branch_python_dop_operator_3.py
[2023-08-08 23:20:06,572] {scheduler_job.py:643} INFO - DAG(s) dict_keys(['example_branch_dop_operator_v3']) retrieved from /home/airflow/.local/lib/python3.6/site-packages/airflow/example_dags/example_branch_python_dop_operator_3.py
[2023-08-08 23:20:06,604] {logging_mixin.py:104} INFO - [2023-08-08 23:20:06,604] {dag.py:1833} INFO - Sync 1 DAGs
[2023-08-08 23:20:06,634] {logging_mixin.py:104} INFO - [2023-08-08 23:20:06,634] {dag.py:2306} INFO - Setting next_dagrun for example_branch_dop_operator_v3 to 2023-08-06 00:00:00+00:00
[2023-08-08 23:20:06,652] {scheduler_job.py:190} INFO - Processing /home/airflow/.local/lib/python3.6/site-packages/airflow/example_dags/example_branch_python_dop_operator_3.py took 0.136 seconds
