[2023-08-08 23:00:06,892] {scheduler_job.py:182} INFO - Started process (PID=5465) to work on /home/airflow/.local/lib/python3.6/site-packages/airflow/example_dags/example_trigger_controller_dag.py
[2023-08-08 23:00:06,896] {scheduler_job.py:633} INFO - Processing file /home/airflow/.local/lib/python3.6/site-packages/airflow/example_dags/example_trigger_controller_dag.py for tasks to queue
[2023-08-08 23:00:06,899] {logging_mixin.py:104} INFO - [2023-08-08 23:00:06,899] {dagbag.py:496} INFO - Filling up the DagBag from /home/airflow/.local/lib/python3.6/site-packages/airflow/example_dags/example_trigger_controller_dag.py
[2023-08-08 23:00:06,948] {scheduler_job.py:643} INFO - DAG(s) dict_keys(['example_trigger_controller_dag']) retrieved from /home/airflow/.local/lib/python3.6/site-packages/airflow/example_dags/example_trigger_controller_dag.py
[2023-08-08 23:00:07,645] {logging_mixin.py:104} INFO - [2023-08-08 23:00:07,645] {dag.py:1833} INFO - Sync 1 DAGs
[2023-08-08 23:00:07,673] {logging_mixin.py:104} INFO - [2023-08-08 23:00:07,673] {dag.py:2306} INFO - Setting next_dagrun for example_trigger_controller_dag to 2023-08-06 00:00:00+00:00
[2023-08-08 23:00:07,727] {scheduler_job.py:190} INFO - Processing /home/airflow/.local/lib/python3.6/site-packages/airflow/example_dags/example_trigger_controller_dag.py took 0.860 seconds
[2023-08-08 23:00:38,018] {scheduler_job.py:182} INFO - Started process (PID=5526) to work on /home/airflow/.local/lib/python3.6/site-packages/airflow/example_dags/example_trigger_controller_dag.py
[2023-08-08 23:00:38,021] {scheduler_job.py:633} INFO - Processing file /home/airflow/.local/lib/python3.6/site-packages/airflow/example_dags/example_trigger_controller_dag.py for tasks to queue
[2023-08-08 23:00:38,023] {logging_mixin.py:104} INFO - [2023-08-08 23:00:38,023] {dagbag.py:496} INFO - Filling up the DagBag from /home/airflow/.local/lib/python3.6/site-packages/airflow/example_dags/example_trigger_controller_dag.py
[2023-08-08 23:00:38,054] {scheduler_job.py:643} INFO - DAG(s) dict_keys(['example_trigger_controller_dag']) retrieved from /home/airflow/.local/lib/python3.6/site-packages/airflow/example_dags/example_trigger_controller_dag.py
[2023-08-08 23:00:38,109] {logging_mixin.py:104} INFO - [2023-08-08 23:00:38,109] {dag.py:1833} INFO - Sync 1 DAGs
[2023-08-08 23:00:38,151] {logging_mixin.py:104} INFO - [2023-08-08 23:00:38,150] {dag.py:2306} INFO - Setting next_dagrun for example_trigger_controller_dag to 2023-08-06 00:00:00+00:00
[2023-08-08 23:00:38,185] {scheduler_job.py:190} INFO - Processing /home/airflow/.local/lib/python3.6/site-packages/airflow/example_dags/example_trigger_controller_dag.py took 0.173 seconds
[2023-08-08 23:01:08,575] {scheduler_job.py:182} INFO - Started process (PID=5577) to work on /home/airflow/.local/lib/python3.6/site-packages/airflow/example_dags/example_trigger_controller_dag.py
[2023-08-08 23:01:08,578] {scheduler_job.py:633} INFO - Processing file /home/airflow/.local/lib/python3.6/site-packages/airflow/example_dags/example_trigger_controller_dag.py for tasks to queue
[2023-08-08 23:01:08,581] {logging_mixin.py:104} INFO - [2023-08-08 23:01:08,581] {dagbag.py:496} INFO - Filling up the DagBag from /home/airflow/.local/lib/python3.6/site-packages/airflow/example_dags/example_trigger_controller_dag.py
[2023-08-08 23:01:08,606] {scheduler_job.py:643} INFO - DAG(s) dict_keys(['example_trigger_controller_dag']) retrieved from /home/airflow/.local/lib/python3.6/site-packages/airflow/example_dags/example_trigger_controller_dag.py
[2023-08-08 23:01:08,653] {logging_mixin.py:104} INFO - [2023-08-08 23:01:08,653] {dag.py:1833} INFO - Sync 1 DAGs
[2023-08-08 23:01:08,672] {logging_mixin.py:104} INFO - [2023-08-08 23:01:08,672] {dag.py:2306} INFO - Setting next_dagrun for example_trigger_controller_dag to 2023-08-06 00:00:00+00:00
[2023-08-08 23:01:08,687] {scheduler_job.py:190} INFO - Processing /home/airflow/.local/lib/python3.6/site-packages/airflow/example_dags/example_trigger_controller_dag.py took 0.119 seconds
[2023-08-08 23:01:38,850] {scheduler_job.py:182} INFO - Started process (PID=5627) to work on /home/airflow/.local/lib/python3.6/site-packages/airflow/example_dags/example_trigger_controller_dag.py
[2023-08-08 23:01:38,854] {scheduler_job.py:633} INFO - Processing file /home/airflow/.local/lib/python3.6/site-packages/airflow/example_dags/example_trigger_controller_dag.py for tasks to queue
[2023-08-08 23:01:38,856] {logging_mixin.py:104} INFO - [2023-08-08 23:01:38,856] {dagbag.py:496} INFO - Filling up the DagBag from /home/airflow/.local/lib/python3.6/site-packages/airflow/example_dags/example_trigger_controller_dag.py
[2023-08-08 23:01:38,880] {scheduler_job.py:643} INFO - DAG(s) dict_keys(['example_trigger_controller_dag']) retrieved from /home/airflow/.local/lib/python3.6/site-packages/airflow/example_dags/example_trigger_controller_dag.py
[2023-08-08 23:01:38,913] {logging_mixin.py:104} INFO - [2023-08-08 23:01:38,912] {dag.py:1833} INFO - Sync 1 DAGs
[2023-08-08 23:01:38,933] {logging_mixin.py:104} INFO - [2023-08-08 23:01:38,933] {dag.py:2306} INFO - Setting next_dagrun for example_trigger_controller_dag to 2023-08-06 00:00:00+00:00
[2023-08-08 23:01:38,952] {scheduler_job.py:190} INFO - Processing /home/airflow/.local/lib/python3.6/site-packages/airflow/example_dags/example_trigger_controller_dag.py took 0.108 seconds
[2023-08-08 23:02:09,087] {scheduler_job.py:182} INFO - Started process (PID=5679) to work on /home/airflow/.local/lib/python3.6/site-packages/airflow/example_dags/example_trigger_controller_dag.py
[2023-08-08 23:02:09,095] {scheduler_job.py:633} INFO - Processing file /home/airflow/.local/lib/python3.6/site-packages/airflow/example_dags/example_trigger_controller_dag.py for tasks to queue
[2023-08-08 23:02:09,099] {logging_mixin.py:104} INFO - [2023-08-08 23:02:09,099] {dagbag.py:496} INFO - Filling up the DagBag from /home/airflow/.local/lib/python3.6/site-packages/airflow/example_dags/example_trigger_controller_dag.py
[2023-08-08 23:02:09,138] {scheduler_job.py:643} INFO - DAG(s) dict_keys(['example_trigger_controller_dag']) retrieved from /home/airflow/.local/lib/python3.6/site-packages/airflow/example_dags/example_trigger_controller_dag.py
[2023-08-08 23:02:09,183] {logging_mixin.py:104} INFO - [2023-08-08 23:02:09,183] {dag.py:1833} INFO - Sync 1 DAGs
[2023-08-08 23:02:09,206] {logging_mixin.py:104} INFO - [2023-08-08 23:02:09,206] {dag.py:2306} INFO - Setting next_dagrun for example_trigger_controller_dag to 2023-08-06 00:00:00+00:00
[2023-08-08 23:02:09,228] {scheduler_job.py:190} INFO - Processing /home/airflow/.local/lib/python3.6/site-packages/airflow/example_dags/example_trigger_controller_dag.py took 0.149 seconds
[2023-08-08 23:02:39,494] {scheduler_job.py:182} INFO - Started process (PID=5729) to work on /home/airflow/.local/lib/python3.6/site-packages/airflow/example_dags/example_trigger_controller_dag.py
[2023-08-08 23:02:39,497] {scheduler_job.py:633} INFO - Processing file /home/airflow/.local/lib/python3.6/site-packages/airflow/example_dags/example_trigger_controller_dag.py for tasks to queue
[2023-08-08 23:02:39,499] {logging_mixin.py:104} INFO - [2023-08-08 23:02:39,499] {dagbag.py:496} INFO - Filling up the DagBag from /home/airflow/.local/lib/python3.6/site-packages/airflow/example_dags/example_trigger_controller_dag.py
[2023-08-08 23:02:39,519] {scheduler_job.py:643} INFO - DAG(s) dict_keys(['example_trigger_controller_dag']) retrieved from /home/airflow/.local/lib/python3.6/site-packages/airflow/example_dags/example_trigger_controller_dag.py
[2023-08-08 23:02:39,552] {logging_mixin.py:104} INFO - [2023-08-08 23:02:39,552] {dag.py:1833} INFO - Sync 1 DAGs
[2023-08-08 23:02:39,578] {logging_mixin.py:104} INFO - [2023-08-08 23:02:39,578] {dag.py:2306} INFO - Setting next_dagrun for example_trigger_controller_dag to 2023-08-06 00:00:00+00:00
[2023-08-08 23:02:39,596] {scheduler_job.py:190} INFO - Processing /home/airflow/.local/lib/python3.6/site-packages/airflow/example_dags/example_trigger_controller_dag.py took 0.113 seconds
[2023-08-08 23:03:09,889] {scheduler_job.py:182} INFO - Started process (PID=5780) to work on /home/airflow/.local/lib/python3.6/site-packages/airflow/example_dags/example_trigger_controller_dag.py
[2023-08-08 23:03:09,892] {scheduler_job.py:633} INFO - Processing file /home/airflow/.local/lib/python3.6/site-packages/airflow/example_dags/example_trigger_controller_dag.py for tasks to queue
[2023-08-08 23:03:09,895] {logging_mixin.py:104} INFO - [2023-08-08 23:03:09,895] {dagbag.py:496} INFO - Filling up the DagBag from /home/airflow/.local/lib/python3.6/site-packages/airflow/example_dags/example_trigger_controller_dag.py
[2023-08-08 23:03:09,912] {scheduler_job.py:643} INFO - DAG(s) dict_keys(['example_trigger_controller_dag']) retrieved from /home/airflow/.local/lib/python3.6/site-packages/airflow/example_dags/example_trigger_controller_dag.py
[2023-08-08 23:03:09,941] {logging_mixin.py:104} INFO - [2023-08-08 23:03:09,941] {dag.py:1833} INFO - Sync 1 DAGs
[2023-08-08 23:03:09,958] {logging_mixin.py:104} INFO - [2023-08-08 23:03:09,958] {dag.py:2306} INFO - Setting next_dagrun for example_trigger_controller_dag to 2023-08-06 00:00:00+00:00
[2023-08-08 23:03:09,974] {scheduler_job.py:190} INFO - Processing /home/airflow/.local/lib/python3.6/site-packages/airflow/example_dags/example_trigger_controller_dag.py took 0.090 seconds
[2023-08-08 23:03:41,042] {scheduler_job.py:182} INFO - Started process (PID=5839) to work on /home/airflow/.local/lib/python3.6/site-packages/airflow/example_dags/example_trigger_controller_dag.py
[2023-08-08 23:03:41,045] {scheduler_job.py:633} INFO - Processing file /home/airflow/.local/lib/python3.6/site-packages/airflow/example_dags/example_trigger_controller_dag.py for tasks to queue
[2023-08-08 23:03:41,056] {logging_mixin.py:104} INFO - [2023-08-08 23:03:41,046] {dagbag.py:496} INFO - Filling up the DagBag from /home/airflow/.local/lib/python3.6/site-packages/airflow/example_dags/example_trigger_controller_dag.py
[2023-08-08 23:03:41,140] {scheduler_job.py:643} INFO - DAG(s) dict_keys(['example_trigger_controller_dag']) retrieved from /home/airflow/.local/lib/python3.6/site-packages/airflow/example_dags/example_trigger_controller_dag.py
[2023-08-08 23:03:41,197] {logging_mixin.py:104} INFO - [2023-08-08 23:03:41,197] {dag.py:1833} INFO - Sync 1 DAGs
[2023-08-08 23:03:41,238] {logging_mixin.py:104} INFO - [2023-08-08 23:03:41,237] {dag.py:2306} INFO - Setting next_dagrun for example_trigger_controller_dag to 2023-08-06 00:00:00+00:00
[2023-08-08 23:03:41,272] {scheduler_job.py:190} INFO - Processing /home/airflow/.local/lib/python3.6/site-packages/airflow/example_dags/example_trigger_controller_dag.py took 0.235 seconds
[2023-08-08 23:04:11,584] {scheduler_job.py:182} INFO - Started process (PID=5890) to work on /home/airflow/.local/lib/python3.6/site-packages/airflow/example_dags/example_trigger_controller_dag.py
[2023-08-08 23:04:11,605] {scheduler_job.py:633} INFO - Processing file /home/airflow/.local/lib/python3.6/site-packages/airflow/example_dags/example_trigger_controller_dag.py for tasks to queue
[2023-08-08 23:04:11,612] {logging_mixin.py:104} INFO - [2023-08-08 23:04:11,611] {dagbag.py:496} INFO - Filling up the DagBag from /home/airflow/.local/lib/python3.6/site-packages/airflow/example_dags/example_trigger_controller_dag.py
[2023-08-08 23:04:11,711] {scheduler_job.py:643} INFO - DAG(s) dict_keys(['example_trigger_controller_dag']) retrieved from /home/airflow/.local/lib/python3.6/site-packages/airflow/example_dags/example_trigger_controller_dag.py
[2023-08-08 23:04:11,820] {logging_mixin.py:104} INFO - [2023-08-08 23:04:11,819] {dag.py:1833} INFO - Sync 1 DAGs
[2023-08-08 23:04:11,859] {logging_mixin.py:104} INFO - [2023-08-08 23:04:11,859] {dag.py:2306} INFO - Setting next_dagrun for example_trigger_controller_dag to 2023-08-06 00:00:00+00:00
[2023-08-08 23:04:11,898] {scheduler_job.py:190} INFO - Processing /home/airflow/.local/lib/python3.6/site-packages/airflow/example_dags/example_trigger_controller_dag.py took 0.354 seconds
[2023-08-08 23:04:42,690] {scheduler_job.py:182} INFO - Started process (PID=5941) to work on /home/airflow/.local/lib/python3.6/site-packages/airflow/example_dags/example_trigger_controller_dag.py
[2023-08-08 23:04:42,697] {scheduler_job.py:633} INFO - Processing file /home/airflow/.local/lib/python3.6/site-packages/airflow/example_dags/example_trigger_controller_dag.py for tasks to queue
[2023-08-08 23:04:42,700] {logging_mixin.py:104} INFO - [2023-08-08 23:04:42,700] {dagbag.py:496} INFO - Filling up the DagBag from /home/airflow/.local/lib/python3.6/site-packages/airflow/example_dags/example_trigger_controller_dag.py
[2023-08-08 23:04:42,763] {scheduler_job.py:643} INFO - DAG(s) dict_keys(['example_trigger_controller_dag']) retrieved from /home/airflow/.local/lib/python3.6/site-packages/airflow/example_dags/example_trigger_controller_dag.py
[2023-08-08 23:04:42,842] {logging_mixin.py:104} INFO - [2023-08-08 23:04:42,842] {dag.py:1833} INFO - Sync 1 DAGs
[2023-08-08 23:04:42,901] {logging_mixin.py:104} INFO - [2023-08-08 23:04:42,901] {dag.py:2306} INFO - Setting next_dagrun for example_trigger_controller_dag to 2023-08-06 00:00:00+00:00
[2023-08-08 23:04:42,946] {scheduler_job.py:190} INFO - Processing /home/airflow/.local/lib/python3.6/site-packages/airflow/example_dags/example_trigger_controller_dag.py took 0.268 seconds
[2023-08-08 23:05:13,446] {scheduler_job.py:182} INFO - Started process (PID=5992) to work on /home/airflow/.local/lib/python3.6/site-packages/airflow/example_dags/example_trigger_controller_dag.py
[2023-08-08 23:05:13,458] {scheduler_job.py:633} INFO - Processing file /home/airflow/.local/lib/python3.6/site-packages/airflow/example_dags/example_trigger_controller_dag.py for tasks to queue
[2023-08-08 23:05:13,470] {logging_mixin.py:104} INFO - [2023-08-08 23:05:13,469] {dagbag.py:496} INFO - Filling up the DagBag from /home/airflow/.local/lib/python3.6/site-packages/airflow/example_dags/example_trigger_controller_dag.py
[2023-08-08 23:05:13,535] {scheduler_job.py:643} INFO - DAG(s) dict_keys(['example_trigger_controller_dag']) retrieved from /home/airflow/.local/lib/python3.6/site-packages/airflow/example_dags/example_trigger_controller_dag.py
[2023-08-08 23:05:13,632] {logging_mixin.py:104} INFO - [2023-08-08 23:05:13,632] {dag.py:1833} INFO - Sync 1 DAGs
[2023-08-08 23:05:13,716] {logging_mixin.py:104} INFO - [2023-08-08 23:05:13,716] {dag.py:2306} INFO - Setting next_dagrun for example_trigger_controller_dag to 2023-08-06 00:00:00+00:00
[2023-08-08 23:05:13,785] {scheduler_job.py:190} INFO - Processing /home/airflow/.local/lib/python3.6/site-packages/airflow/example_dags/example_trigger_controller_dag.py took 0.355 seconds
[2023-08-08 23:05:44,046] {scheduler_job.py:182} INFO - Started process (PID=6041) to work on /home/airflow/.local/lib/python3.6/site-packages/airflow/example_dags/example_trigger_controller_dag.py
[2023-08-08 23:05:44,057] {scheduler_job.py:633} INFO - Processing file /home/airflow/.local/lib/python3.6/site-packages/airflow/example_dags/example_trigger_controller_dag.py for tasks to queue
[2023-08-08 23:05:44,060] {logging_mixin.py:104} INFO - [2023-08-08 23:05:44,060] {dagbag.py:496} INFO - Filling up the DagBag from /home/airflow/.local/lib/python3.6/site-packages/airflow/example_dags/example_trigger_controller_dag.py
[2023-08-08 23:05:44,133] {scheduler_job.py:643} INFO - DAG(s) dict_keys(['example_trigger_controller_dag']) retrieved from /home/airflow/.local/lib/python3.6/site-packages/airflow/example_dags/example_trigger_controller_dag.py
[2023-08-08 23:05:44,232] {logging_mixin.py:104} INFO - [2023-08-08 23:05:44,232] {dag.py:1833} INFO - Sync 1 DAGs
[2023-08-08 23:05:44,295] {logging_mixin.py:104} INFO - [2023-08-08 23:05:44,295] {dag.py:2306} INFO - Setting next_dagrun for example_trigger_controller_dag to 2023-08-06 00:00:00+00:00
[2023-08-08 23:05:44,354] {scheduler_job.py:190} INFO - Processing /home/airflow/.local/lib/python3.6/site-packages/airflow/example_dags/example_trigger_controller_dag.py took 0.332 seconds
[2023-08-08 23:06:14,703] {scheduler_job.py:182} INFO - Started process (PID=6082) to work on /home/airflow/.local/lib/python3.6/site-packages/airflow/example_dags/example_trigger_controller_dag.py
[2023-08-08 23:06:14,721] {scheduler_job.py:633} INFO - Processing file /home/airflow/.local/lib/python3.6/site-packages/airflow/example_dags/example_trigger_controller_dag.py for tasks to queue
[2023-08-08 23:06:14,725] {logging_mixin.py:104} INFO - [2023-08-08 23:06:14,725] {dagbag.py:496} INFO - Filling up the DagBag from /home/airflow/.local/lib/python3.6/site-packages/airflow/example_dags/example_trigger_controller_dag.py
[2023-08-08 23:06:14,782] {scheduler_job.py:643} INFO - DAG(s) dict_keys(['example_trigger_controller_dag']) retrieved from /home/airflow/.local/lib/python3.6/site-packages/airflow/example_dags/example_trigger_controller_dag.py
[2023-08-08 23:06:14,859] {logging_mixin.py:104} INFO - [2023-08-08 23:06:14,858] {dag.py:1833} INFO - Sync 1 DAGs
[2023-08-08 23:06:14,912] {logging_mixin.py:104} INFO - [2023-08-08 23:06:14,912] {dag.py:2306} INFO - Setting next_dagrun for example_trigger_controller_dag to 2023-08-06 00:00:00+00:00
[2023-08-08 23:06:14,954] {scheduler_job.py:190} INFO - Processing /home/airflow/.local/lib/python3.6/site-packages/airflow/example_dags/example_trigger_controller_dag.py took 0.264 seconds
[2023-08-08 23:06:45,500] {scheduler_job.py:182} INFO - Started process (PID=6134) to work on /home/airflow/.local/lib/python3.6/site-packages/airflow/example_dags/example_trigger_controller_dag.py
[2023-08-08 23:06:45,508] {scheduler_job.py:633} INFO - Processing file /home/airflow/.local/lib/python3.6/site-packages/airflow/example_dags/example_trigger_controller_dag.py for tasks to queue
[2023-08-08 23:06:45,516] {logging_mixin.py:104} INFO - [2023-08-08 23:06:45,516] {dagbag.py:496} INFO - Filling up the DagBag from /home/airflow/.local/lib/python3.6/site-packages/airflow/example_dags/example_trigger_controller_dag.py
[2023-08-08 23:06:45,553] {scheduler_job.py:643} INFO - DAG(s) dict_keys(['example_trigger_controller_dag']) retrieved from /home/airflow/.local/lib/python3.6/site-packages/airflow/example_dags/example_trigger_controller_dag.py
[2023-08-08 23:06:45,615] {logging_mixin.py:104} INFO - [2023-08-08 23:06:45,615] {dag.py:1833} INFO - Sync 1 DAGs
[2023-08-08 23:06:45,650] {logging_mixin.py:104} INFO - [2023-08-08 23:06:45,650] {dag.py:2306} INFO - Setting next_dagrun for example_trigger_controller_dag to 2023-08-06 00:00:00+00:00
[2023-08-08 23:06:45,675] {scheduler_job.py:190} INFO - Processing /home/airflow/.local/lib/python3.6/site-packages/airflow/example_dags/example_trigger_controller_dag.py took 0.190 seconds
[2023-08-08 23:07:16,510] {scheduler_job.py:182} INFO - Started process (PID=6184) to work on /home/airflow/.local/lib/python3.6/site-packages/airflow/example_dags/example_trigger_controller_dag.py
[2023-08-08 23:07:16,524] {scheduler_job.py:633} INFO - Processing file /home/airflow/.local/lib/python3.6/site-packages/airflow/example_dags/example_trigger_controller_dag.py for tasks to queue
[2023-08-08 23:07:16,529] {logging_mixin.py:104} INFO - [2023-08-08 23:07:16,529] {dagbag.py:496} INFO - Filling up the DagBag from /home/airflow/.local/lib/python3.6/site-packages/airflow/example_dags/example_trigger_controller_dag.py
[2023-08-08 23:07:16,580] {scheduler_job.py:643} INFO - DAG(s) dict_keys(['example_trigger_controller_dag']) retrieved from /home/airflow/.local/lib/python3.6/site-packages/airflow/example_dags/example_trigger_controller_dag.py
[2023-08-08 23:07:16,687] {logging_mixin.py:104} INFO - [2023-08-08 23:07:16,687] {dag.py:1833} INFO - Sync 1 DAGs
[2023-08-08 23:07:16,756] {logging_mixin.py:104} INFO - [2023-08-08 23:07:16,756] {dag.py:2306} INFO - Setting next_dagrun for example_trigger_controller_dag to 2023-08-06 00:00:00+00:00
[2023-08-08 23:07:16,802] {scheduler_job.py:190} INFO - Processing /home/airflow/.local/lib/python3.6/site-packages/airflow/example_dags/example_trigger_controller_dag.py took 0.315 seconds
[2023-08-08 23:07:47,345] {scheduler_job.py:182} INFO - Started process (PID=6233) to work on /home/airflow/.local/lib/python3.6/site-packages/airflow/example_dags/example_trigger_controller_dag.py
[2023-08-08 23:07:47,358] {scheduler_job.py:633} INFO - Processing file /home/airflow/.local/lib/python3.6/site-packages/airflow/example_dags/example_trigger_controller_dag.py for tasks to queue
[2023-08-08 23:07:47,374] {logging_mixin.py:104} INFO - [2023-08-08 23:07:47,373] {dagbag.py:496} INFO - Filling up the DagBag from /home/airflow/.local/lib/python3.6/site-packages/airflow/example_dags/example_trigger_controller_dag.py
[2023-08-08 23:07:47,455] {scheduler_job.py:643} INFO - DAG(s) dict_keys(['example_trigger_controller_dag']) retrieved from /home/airflow/.local/lib/python3.6/site-packages/airflow/example_dags/example_trigger_controller_dag.py
[2023-08-08 23:07:47,567] {logging_mixin.py:104} INFO - [2023-08-08 23:07:47,567] {dag.py:1833} INFO - Sync 1 DAGs
[2023-08-08 23:07:47,676] {logging_mixin.py:104} INFO - [2023-08-08 23:07:47,676] {dag.py:2306} INFO - Setting next_dagrun for example_trigger_controller_dag to 2023-08-06 00:00:00+00:00
[2023-08-08 23:07:47,740] {scheduler_job.py:190} INFO - Processing /home/airflow/.local/lib/python3.6/site-packages/airflow/example_dags/example_trigger_controller_dag.py took 0.427 seconds
[2023-08-08 23:08:18,067] {scheduler_job.py:182} INFO - Started process (PID=6285) to work on /home/airflow/.local/lib/python3.6/site-packages/airflow/example_dags/example_trigger_controller_dag.py
[2023-08-08 23:08:18,092] {scheduler_job.py:633} INFO - Processing file /home/airflow/.local/lib/python3.6/site-packages/airflow/example_dags/example_trigger_controller_dag.py for tasks to queue
[2023-08-08 23:08:18,100] {logging_mixin.py:104} INFO - [2023-08-08 23:08:18,100] {dagbag.py:496} INFO - Filling up the DagBag from /home/airflow/.local/lib/python3.6/site-packages/airflow/example_dags/example_trigger_controller_dag.py
[2023-08-08 23:08:18,232] {scheduler_job.py:643} INFO - DAG(s) dict_keys(['example_trigger_controller_dag']) retrieved from /home/airflow/.local/lib/python3.6/site-packages/airflow/example_dags/example_trigger_controller_dag.py
[2023-08-08 23:08:18,345] {logging_mixin.py:104} INFO - [2023-08-08 23:08:18,345] {dag.py:1833} INFO - Sync 1 DAGs
[2023-08-08 23:08:18,390] {logging_mixin.py:104} INFO - [2023-08-08 23:08:18,390] {dag.py:2306} INFO - Setting next_dagrun for example_trigger_controller_dag to 2023-08-06 00:00:00+00:00
[2023-08-08 23:08:18,446] {scheduler_job.py:190} INFO - Processing /home/airflow/.local/lib/python3.6/site-packages/airflow/example_dags/example_trigger_controller_dag.py took 0.411 seconds
[2023-08-08 23:08:48,944] {scheduler_job.py:182} INFO - Started process (PID=6335) to work on /home/airflow/.local/lib/python3.6/site-packages/airflow/example_dags/example_trigger_controller_dag.py
[2023-08-08 23:08:48,957] {scheduler_job.py:633} INFO - Processing file /home/airflow/.local/lib/python3.6/site-packages/airflow/example_dags/example_trigger_controller_dag.py for tasks to queue
[2023-08-08 23:08:48,962] {logging_mixin.py:104} INFO - [2023-08-08 23:08:48,962] {dagbag.py:496} INFO - Filling up the DagBag from /home/airflow/.local/lib/python3.6/site-packages/airflow/example_dags/example_trigger_controller_dag.py
[2023-08-08 23:08:49,018] {scheduler_job.py:643} INFO - DAG(s) dict_keys(['example_trigger_controller_dag']) retrieved from /home/airflow/.local/lib/python3.6/site-packages/airflow/example_dags/example_trigger_controller_dag.py
[2023-08-08 23:08:49,079] {logging_mixin.py:104} INFO - [2023-08-08 23:08:49,079] {dag.py:1833} INFO - Sync 1 DAGs
[2023-08-08 23:08:49,117] {logging_mixin.py:104} INFO - [2023-08-08 23:08:49,117] {dag.py:2306} INFO - Setting next_dagrun for example_trigger_controller_dag to 2023-08-06 00:00:00+00:00
[2023-08-08 23:08:49,156] {scheduler_job.py:190} INFO - Processing /home/airflow/.local/lib/python3.6/site-packages/airflow/example_dags/example_trigger_controller_dag.py took 0.221 seconds
[2023-08-08 23:09:20,208] {scheduler_job.py:182} INFO - Started process (PID=6383) to work on /home/airflow/.local/lib/python3.6/site-packages/airflow/example_dags/example_trigger_controller_dag.py
[2023-08-08 23:09:20,214] {scheduler_job.py:633} INFO - Processing file /home/airflow/.local/lib/python3.6/site-packages/airflow/example_dags/example_trigger_controller_dag.py for tasks to queue
[2023-08-08 23:09:20,220] {logging_mixin.py:104} INFO - [2023-08-08 23:09:20,219] {dagbag.py:496} INFO - Filling up the DagBag from /home/airflow/.local/lib/python3.6/site-packages/airflow/example_dags/example_trigger_controller_dag.py
[2023-08-08 23:09:20,303] {scheduler_job.py:643} INFO - DAG(s) dict_keys(['example_trigger_controller_dag']) retrieved from /home/airflow/.local/lib/python3.6/site-packages/airflow/example_dags/example_trigger_controller_dag.py
[2023-08-08 23:09:20,416] {logging_mixin.py:104} INFO - [2023-08-08 23:09:20,416] {dag.py:1833} INFO - Sync 1 DAGs
[2023-08-08 23:09:20,466] {logging_mixin.py:104} INFO - [2023-08-08 23:09:20,466] {dag.py:2306} INFO - Setting next_dagrun for example_trigger_controller_dag to 2023-08-06 00:00:00+00:00
[2023-08-08 23:09:20,500] {scheduler_job.py:190} INFO - Processing /home/airflow/.local/lib/python3.6/site-packages/airflow/example_dags/example_trigger_controller_dag.py took 0.314 seconds
[2023-08-08 23:09:50,958] {scheduler_job.py:182} INFO - Started process (PID=6428) to work on /home/airflow/.local/lib/python3.6/site-packages/airflow/example_dags/example_trigger_controller_dag.py
[2023-08-08 23:09:50,960] {scheduler_job.py:633} INFO - Processing file /home/airflow/.local/lib/python3.6/site-packages/airflow/example_dags/example_trigger_controller_dag.py for tasks to queue
[2023-08-08 23:09:50,990] {logging_mixin.py:104} INFO - [2023-08-08 23:09:50,988] {dagbag.py:496} INFO - Filling up the DagBag from /home/airflow/.local/lib/python3.6/site-packages/airflow/example_dags/example_trigger_controller_dag.py
[2023-08-08 23:09:51,034] {scheduler_job.py:643} INFO - DAG(s) dict_keys(['example_trigger_controller_dag']) retrieved from /home/airflow/.local/lib/python3.6/site-packages/airflow/example_dags/example_trigger_controller_dag.py
[2023-08-08 23:09:51,099] {logging_mixin.py:104} INFO - [2023-08-08 23:09:51,099] {dag.py:1833} INFO - Sync 1 DAGs
[2023-08-08 23:09:51,130] {logging_mixin.py:104} INFO - [2023-08-08 23:09:51,129] {dag.py:2306} INFO - Setting next_dagrun for example_trigger_controller_dag to 2023-08-06 00:00:00+00:00
[2023-08-08 23:09:51,162] {scheduler_job.py:190} INFO - Processing /home/airflow/.local/lib/python3.6/site-packages/airflow/example_dags/example_trigger_controller_dag.py took 0.237 seconds
[2023-08-08 23:10:21,559] {scheduler_job.py:182} INFO - Started process (PID=6479) to work on /home/airflow/.local/lib/python3.6/site-packages/airflow/example_dags/example_trigger_controller_dag.py
[2023-08-08 23:10:21,566] {scheduler_job.py:633} INFO - Processing file /home/airflow/.local/lib/python3.6/site-packages/airflow/example_dags/example_trigger_controller_dag.py for tasks to queue
[2023-08-08 23:10:21,569] {logging_mixin.py:104} INFO - [2023-08-08 23:10:21,568] {dagbag.py:496} INFO - Filling up the DagBag from /home/airflow/.local/lib/python3.6/site-packages/airflow/example_dags/example_trigger_controller_dag.py
[2023-08-08 23:10:21,622] {scheduler_job.py:643} INFO - DAG(s) dict_keys(['example_trigger_controller_dag']) retrieved from /home/airflow/.local/lib/python3.6/site-packages/airflow/example_dags/example_trigger_controller_dag.py
[2023-08-08 23:10:21,722] {logging_mixin.py:104} INFO - [2023-08-08 23:10:21,722] {dag.py:1833} INFO - Sync 1 DAGs
[2023-08-08 23:10:21,767] {logging_mixin.py:104} INFO - [2023-08-08 23:10:21,767] {dag.py:2306} INFO - Setting next_dagrun for example_trigger_controller_dag to 2023-08-06 00:00:00+00:00
[2023-08-08 23:10:21,786] {scheduler_job.py:190} INFO - Processing /home/airflow/.local/lib/python3.6/site-packages/airflow/example_dags/example_trigger_controller_dag.py took 0.245 seconds
[2023-08-08 23:10:52,680] {scheduler_job.py:182} INFO - Started process (PID=6529) to work on /home/airflow/.local/lib/python3.6/site-packages/airflow/example_dags/example_trigger_controller_dag.py
[2023-08-08 23:10:52,707] {scheduler_job.py:633} INFO - Processing file /home/airflow/.local/lib/python3.6/site-packages/airflow/example_dags/example_trigger_controller_dag.py for tasks to queue
[2023-08-08 23:10:52,711] {logging_mixin.py:104} INFO - [2023-08-08 23:10:52,711] {dagbag.py:496} INFO - Filling up the DagBag from /home/airflow/.local/lib/python3.6/site-packages/airflow/example_dags/example_trigger_controller_dag.py
[2023-08-08 23:10:52,775] {scheduler_job.py:643} INFO - DAG(s) dict_keys(['example_trigger_controller_dag']) retrieved from /home/airflow/.local/lib/python3.6/site-packages/airflow/example_dags/example_trigger_controller_dag.py
[2023-08-08 23:10:52,935] {logging_mixin.py:104} INFO - [2023-08-08 23:10:52,934] {dag.py:1833} INFO - Sync 1 DAGs
[2023-08-08 23:10:53,001] {logging_mixin.py:104} INFO - [2023-08-08 23:10:53,001] {dag.py:2306} INFO - Setting next_dagrun for example_trigger_controller_dag to 2023-08-06 00:00:00+00:00
[2023-08-08 23:10:53,050] {scheduler_job.py:190} INFO - Processing /home/airflow/.local/lib/python3.6/site-packages/airflow/example_dags/example_trigger_controller_dag.py took 0.378 seconds
[2023-08-08 23:11:23,568] {scheduler_job.py:182} INFO - Started process (PID=6579) to work on /home/airflow/.local/lib/python3.6/site-packages/airflow/example_dags/example_trigger_controller_dag.py
[2023-08-08 23:11:23,595] {scheduler_job.py:633} INFO - Processing file /home/airflow/.local/lib/python3.6/site-packages/airflow/example_dags/example_trigger_controller_dag.py for tasks to queue
[2023-08-08 23:11:23,603] {logging_mixin.py:104} INFO - [2023-08-08 23:11:23,603] {dagbag.py:496} INFO - Filling up the DagBag from /home/airflow/.local/lib/python3.6/site-packages/airflow/example_dags/example_trigger_controller_dag.py
[2023-08-08 23:11:23,742] {scheduler_job.py:643} INFO - DAG(s) dict_keys(['example_trigger_controller_dag']) retrieved from /home/airflow/.local/lib/python3.6/site-packages/airflow/example_dags/example_trigger_controller_dag.py
[2023-08-08 23:11:24,050] {logging_mixin.py:104} INFO - [2023-08-08 23:11:24,050] {dag.py:1833} INFO - Sync 1 DAGs
[2023-08-08 23:11:24,211] {logging_mixin.py:104} INFO - [2023-08-08 23:11:24,210] {dag.py:2306} INFO - Setting next_dagrun for example_trigger_controller_dag to 2023-08-06 00:00:00+00:00
[2023-08-08 23:11:24,266] {scheduler_job.py:190} INFO - Processing /home/airflow/.local/lib/python3.6/site-packages/airflow/example_dags/example_trigger_controller_dag.py took 0.722 seconds
[2023-08-08 23:11:54,726] {scheduler_job.py:182} INFO - Started process (PID=6630) to work on /home/airflow/.local/lib/python3.6/site-packages/airflow/example_dags/example_trigger_controller_dag.py
[2023-08-08 23:11:54,748] {scheduler_job.py:633} INFO - Processing file /home/airflow/.local/lib/python3.6/site-packages/airflow/example_dags/example_trigger_controller_dag.py for tasks to queue
[2023-08-08 23:11:54,761] {logging_mixin.py:104} INFO - [2023-08-08 23:11:54,761] {dagbag.py:496} INFO - Filling up the DagBag from /home/airflow/.local/lib/python3.6/site-packages/airflow/example_dags/example_trigger_controller_dag.py
[2023-08-08 23:11:54,870] {scheduler_job.py:643} INFO - DAG(s) dict_keys(['example_trigger_controller_dag']) retrieved from /home/airflow/.local/lib/python3.6/site-packages/airflow/example_dags/example_trigger_controller_dag.py
[2023-08-08 23:11:55,014] {logging_mixin.py:104} INFO - [2023-08-08 23:11:55,014] {dag.py:1833} INFO - Sync 1 DAGs
[2023-08-08 23:11:55,073] {logging_mixin.py:104} INFO - [2023-08-08 23:11:55,073] {dag.py:2306} INFO - Setting next_dagrun for example_trigger_controller_dag to 2023-08-06 00:00:00+00:00
[2023-08-08 23:11:55,103] {scheduler_job.py:190} INFO - Processing /home/airflow/.local/lib/python3.6/site-packages/airflow/example_dags/example_trigger_controller_dag.py took 0.393 seconds
[2023-08-08 23:12:26,337] {scheduler_job.py:182} INFO - Started process (PID=6680) to work on /home/airflow/.local/lib/python3.6/site-packages/airflow/example_dags/example_trigger_controller_dag.py
[2023-08-08 23:12:26,341] {scheduler_job.py:633} INFO - Processing file /home/airflow/.local/lib/python3.6/site-packages/airflow/example_dags/example_trigger_controller_dag.py for tasks to queue
[2023-08-08 23:12:26,353] {logging_mixin.py:104} INFO - [2023-08-08 23:12:26,352] {dagbag.py:496} INFO - Filling up the DagBag from /home/airflow/.local/lib/python3.6/site-packages/airflow/example_dags/example_trigger_controller_dag.py
[2023-08-08 23:12:26,391] {scheduler_job.py:643} INFO - DAG(s) dict_keys(['example_trigger_controller_dag']) retrieved from /home/airflow/.local/lib/python3.6/site-packages/airflow/example_dags/example_trigger_controller_dag.py
[2023-08-08 23:12:26,483] {logging_mixin.py:104} INFO - [2023-08-08 23:12:26,483] {dag.py:1833} INFO - Sync 1 DAGs
[2023-08-08 23:12:26,544] {logging_mixin.py:104} INFO - [2023-08-08 23:12:26,543] {dag.py:2306} INFO - Setting next_dagrun for example_trigger_controller_dag to 2023-08-06 00:00:00+00:00
[2023-08-08 23:12:26,592] {scheduler_job.py:190} INFO - Processing /home/airflow/.local/lib/python3.6/site-packages/airflow/example_dags/example_trigger_controller_dag.py took 0.268 seconds
[2023-08-08 23:12:57,535] {scheduler_job.py:182} INFO - Started process (PID=6720) to work on /home/airflow/.local/lib/python3.6/site-packages/airflow/example_dags/example_trigger_controller_dag.py
[2023-08-08 23:12:57,543] {scheduler_job.py:633} INFO - Processing file /home/airflow/.local/lib/python3.6/site-packages/airflow/example_dags/example_trigger_controller_dag.py for tasks to queue
[2023-08-08 23:12:57,550] {logging_mixin.py:104} INFO - [2023-08-08 23:12:57,550] {dagbag.py:496} INFO - Filling up the DagBag from /home/airflow/.local/lib/python3.6/site-packages/airflow/example_dags/example_trigger_controller_dag.py
[2023-08-08 23:12:57,605] {scheduler_job.py:643} INFO - DAG(s) dict_keys(['example_trigger_controller_dag']) retrieved from /home/airflow/.local/lib/python3.6/site-packages/airflow/example_dags/example_trigger_controller_dag.py
[2023-08-08 23:12:57,662] {logging_mixin.py:104} INFO - [2023-08-08 23:12:57,661] {dag.py:1833} INFO - Sync 1 DAGs
[2023-08-08 23:12:57,691] {logging_mixin.py:104} INFO - [2023-08-08 23:12:57,690] {dag.py:2306} INFO - Setting next_dagrun for example_trigger_controller_dag to 2023-08-06 00:00:00+00:00
[2023-08-08 23:12:57,731] {scheduler_job.py:190} INFO - Processing /home/airflow/.local/lib/python3.6/site-packages/airflow/example_dags/example_trigger_controller_dag.py took 0.214 seconds
[2023-08-08 23:13:27,897] {scheduler_job.py:182} INFO - Started process (PID=6771) to work on /home/airflow/.local/lib/python3.6/site-packages/airflow/example_dags/example_trigger_controller_dag.py
[2023-08-08 23:13:27,900] {scheduler_job.py:633} INFO - Processing file /home/airflow/.local/lib/python3.6/site-packages/airflow/example_dags/example_trigger_controller_dag.py for tasks to queue
[2023-08-08 23:13:27,902] {logging_mixin.py:104} INFO - [2023-08-08 23:13:27,902] {dagbag.py:496} INFO - Filling up the DagBag from /home/airflow/.local/lib/python3.6/site-packages/airflow/example_dags/example_trigger_controller_dag.py
[2023-08-08 23:13:27,939] {scheduler_job.py:643} INFO - DAG(s) dict_keys(['example_trigger_controller_dag']) retrieved from /home/airflow/.local/lib/python3.6/site-packages/airflow/example_dags/example_trigger_controller_dag.py
[2023-08-08 23:13:27,992] {logging_mixin.py:104} INFO - [2023-08-08 23:13:27,991] {dag.py:1833} INFO - Sync 1 DAGs
[2023-08-08 23:13:28,021] {logging_mixin.py:104} INFO - [2023-08-08 23:13:28,021] {dag.py:2306} INFO - Setting next_dagrun for example_trigger_controller_dag to 2023-08-06 00:00:00+00:00
[2023-08-08 23:13:28,052] {scheduler_job.py:190} INFO - Processing /home/airflow/.local/lib/python3.6/site-packages/airflow/example_dags/example_trigger_controller_dag.py took 0.162 seconds
[2023-08-08 23:13:58,444] {scheduler_job.py:182} INFO - Started process (PID=6822) to work on /home/airflow/.local/lib/python3.6/site-packages/airflow/example_dags/example_trigger_controller_dag.py
[2023-08-08 23:13:58,451] {scheduler_job.py:633} INFO - Processing file /home/airflow/.local/lib/python3.6/site-packages/airflow/example_dags/example_trigger_controller_dag.py for tasks to queue
[2023-08-08 23:13:58,457] {logging_mixin.py:104} INFO - [2023-08-08 23:13:58,455] {dagbag.py:496} INFO - Filling up the DagBag from /home/airflow/.local/lib/python3.6/site-packages/airflow/example_dags/example_trigger_controller_dag.py
[2023-08-08 23:13:58,619] {scheduler_job.py:643} INFO - DAG(s) dict_keys(['example_trigger_controller_dag']) retrieved from /home/airflow/.local/lib/python3.6/site-packages/airflow/example_dags/example_trigger_controller_dag.py
[2023-08-08 23:13:58,903] {logging_mixin.py:104} INFO - [2023-08-08 23:13:58,903] {dag.py:1833} INFO - Sync 1 DAGs
[2023-08-08 23:13:59,032] {logging_mixin.py:104} INFO - [2023-08-08 23:13:59,031] {dag.py:2306} INFO - Setting next_dagrun for example_trigger_controller_dag to 2023-08-06 00:00:00+00:00
[2023-08-08 23:13:59,115] {scheduler_job.py:190} INFO - Processing /home/airflow/.local/lib/python3.6/site-packages/airflow/example_dags/example_trigger_controller_dag.py took 0.694 seconds
[2023-08-08 23:14:30,038] {scheduler_job.py:182} INFO - Started process (PID=6873) to work on /home/airflow/.local/lib/python3.6/site-packages/airflow/example_dags/example_trigger_controller_dag.py
[2023-08-08 23:14:30,045] {scheduler_job.py:633} INFO - Processing file /home/airflow/.local/lib/python3.6/site-packages/airflow/example_dags/example_trigger_controller_dag.py for tasks to queue
[2023-08-08 23:14:30,050] {logging_mixin.py:104} INFO - [2023-08-08 23:14:30,050] {dagbag.py:496} INFO - Filling up the DagBag from /home/airflow/.local/lib/python3.6/site-packages/airflow/example_dags/example_trigger_controller_dag.py
[2023-08-08 23:14:30,083] {scheduler_job.py:643} INFO - DAG(s) dict_keys(['example_trigger_controller_dag']) retrieved from /home/airflow/.local/lib/python3.6/site-packages/airflow/example_dags/example_trigger_controller_dag.py
[2023-08-08 23:14:30,138] {logging_mixin.py:104} INFO - [2023-08-08 23:14:30,138] {dag.py:1833} INFO - Sync 1 DAGs
[2023-08-08 23:14:30,162] {logging_mixin.py:104} INFO - [2023-08-08 23:14:30,162] {dag.py:2306} INFO - Setting next_dagrun for example_trigger_controller_dag to 2023-08-06 00:00:00+00:00
[2023-08-08 23:14:30,187] {scheduler_job.py:190} INFO - Processing /home/airflow/.local/lib/python3.6/site-packages/airflow/example_dags/example_trigger_controller_dag.py took 0.163 seconds
[2023-08-08 23:15:00,763] {scheduler_job.py:182} INFO - Started process (PID=6923) to work on /home/airflow/.local/lib/python3.6/site-packages/airflow/example_dags/example_trigger_controller_dag.py
[2023-08-08 23:15:00,770] {scheduler_job.py:633} INFO - Processing file /home/airflow/.local/lib/python3.6/site-packages/airflow/example_dags/example_trigger_controller_dag.py for tasks to queue
[2023-08-08 23:15:00,773] {logging_mixin.py:104} INFO - [2023-08-08 23:15:00,772] {dagbag.py:496} INFO - Filling up the DagBag from /home/airflow/.local/lib/python3.6/site-packages/airflow/example_dags/example_trigger_controller_dag.py
[2023-08-08 23:15:00,873] {scheduler_job.py:643} INFO - DAG(s) dict_keys(['example_trigger_controller_dag']) retrieved from /home/airflow/.local/lib/python3.6/site-packages/airflow/example_dags/example_trigger_controller_dag.py
[2023-08-08 23:15:01,044] {logging_mixin.py:104} INFO - [2023-08-08 23:15:01,044] {dag.py:1833} INFO - Sync 1 DAGs
[2023-08-08 23:15:01,119] {logging_mixin.py:104} INFO - [2023-08-08 23:15:01,119] {dag.py:2306} INFO - Setting next_dagrun for example_trigger_controller_dag to 2023-08-06 00:00:00+00:00
[2023-08-08 23:15:01,171] {scheduler_job.py:190} INFO - Processing /home/airflow/.local/lib/python3.6/site-packages/airflow/example_dags/example_trigger_controller_dag.py took 0.434 seconds
[2023-08-08 23:15:31,681] {scheduler_job.py:182} INFO - Started process (PID=6972) to work on /home/airflow/.local/lib/python3.6/site-packages/airflow/example_dags/example_trigger_controller_dag.py
[2023-08-08 23:15:31,695] {scheduler_job.py:633} INFO - Processing file /home/airflow/.local/lib/python3.6/site-packages/airflow/example_dags/example_trigger_controller_dag.py for tasks to queue
[2023-08-08 23:15:31,699] {logging_mixin.py:104} INFO - [2023-08-08 23:15:31,699] {dagbag.py:496} INFO - Filling up the DagBag from /home/airflow/.local/lib/python3.6/site-packages/airflow/example_dags/example_trigger_controller_dag.py
[2023-08-08 23:15:31,838] {scheduler_job.py:643} INFO - DAG(s) dict_keys(['example_trigger_controller_dag']) retrieved from /home/airflow/.local/lib/python3.6/site-packages/airflow/example_dags/example_trigger_controller_dag.py
[2023-08-08 23:15:32,060] {logging_mixin.py:104} INFO - [2023-08-08 23:15:32,041] {dag.py:1833} INFO - Sync 1 DAGs
[2023-08-08 23:15:32,155] {logging_mixin.py:104} INFO - [2023-08-08 23:15:32,154] {dag.py:2306} INFO - Setting next_dagrun for example_trigger_controller_dag to 2023-08-06 00:00:00+00:00
[2023-08-08 23:15:32,200] {scheduler_job.py:190} INFO - Processing /home/airflow/.local/lib/python3.6/site-packages/airflow/example_dags/example_trigger_controller_dag.py took 0.545 seconds
[2023-08-08 23:16:02,436] {scheduler_job.py:182} INFO - Started process (PID=7013) to work on /home/airflow/.local/lib/python3.6/site-packages/airflow/example_dags/example_trigger_controller_dag.py
[2023-08-08 23:16:02,441] {scheduler_job.py:633} INFO - Processing file /home/airflow/.local/lib/python3.6/site-packages/airflow/example_dags/example_trigger_controller_dag.py for tasks to queue
[2023-08-08 23:16:02,444] {logging_mixin.py:104} INFO - [2023-08-08 23:16:02,444] {dagbag.py:496} INFO - Filling up the DagBag from /home/airflow/.local/lib/python3.6/site-packages/airflow/example_dags/example_trigger_controller_dag.py
[2023-08-08 23:16:02,479] {scheduler_job.py:643} INFO - DAG(s) dict_keys(['example_trigger_controller_dag']) retrieved from /home/airflow/.local/lib/python3.6/site-packages/airflow/example_dags/example_trigger_controller_dag.py
[2023-08-08 23:16:02,541] {logging_mixin.py:104} INFO - [2023-08-08 23:16:02,541] {dag.py:1833} INFO - Sync 1 DAGs
[2023-08-08 23:16:02,609] {logging_mixin.py:104} INFO - [2023-08-08 23:16:02,609] {dag.py:2306} INFO - Setting next_dagrun for example_trigger_controller_dag to 2023-08-06 00:00:00+00:00
[2023-08-08 23:16:02,661] {scheduler_job.py:190} INFO - Processing /home/airflow/.local/lib/python3.6/site-packages/airflow/example_dags/example_trigger_controller_dag.py took 0.233 seconds
[2023-08-08 23:16:33,109] {scheduler_job.py:182} INFO - Started process (PID=7063) to work on /home/airflow/.local/lib/python3.6/site-packages/airflow/example_dags/example_trigger_controller_dag.py
[2023-08-08 23:16:33,119] {scheduler_job.py:633} INFO - Processing file /home/airflow/.local/lib/python3.6/site-packages/airflow/example_dags/example_trigger_controller_dag.py for tasks to queue
[2023-08-08 23:16:33,134] {logging_mixin.py:104} INFO - [2023-08-08 23:16:33,127] {dagbag.py:496} INFO - Filling up the DagBag from /home/airflow/.local/lib/python3.6/site-packages/airflow/example_dags/example_trigger_controller_dag.py
[2023-08-08 23:16:33,214] {scheduler_job.py:643} INFO - DAG(s) dict_keys(['example_trigger_controller_dag']) retrieved from /home/airflow/.local/lib/python3.6/site-packages/airflow/example_dags/example_trigger_controller_dag.py
[2023-08-08 23:16:33,327] {logging_mixin.py:104} INFO - [2023-08-08 23:16:33,327] {dag.py:1833} INFO - Sync 1 DAGs
[2023-08-08 23:16:33,374] {logging_mixin.py:104} INFO - [2023-08-08 23:16:33,373] {dag.py:2306} INFO - Setting next_dagrun for example_trigger_controller_dag to 2023-08-06 00:00:00+00:00
[2023-08-08 23:16:33,478] {scheduler_job.py:190} INFO - Processing /home/airflow/.local/lib/python3.6/site-packages/airflow/example_dags/example_trigger_controller_dag.py took 0.408 seconds
[2023-08-08 23:17:05,212] {scheduler_job.py:182} INFO - Started process (PID=7111) to work on /home/airflow/.local/lib/python3.6/site-packages/airflow/example_dags/example_trigger_controller_dag.py
[2023-08-08 23:17:05,224] {scheduler_job.py:633} INFO - Processing file /home/airflow/.local/lib/python3.6/site-packages/airflow/example_dags/example_trigger_controller_dag.py for tasks to queue
[2023-08-08 23:17:05,228] {logging_mixin.py:104} INFO - [2023-08-08 23:17:05,228] {dagbag.py:496} INFO - Filling up the DagBag from /home/airflow/.local/lib/python3.6/site-packages/airflow/example_dags/example_trigger_controller_dag.py
[2023-08-08 23:17:05,306] {scheduler_job.py:643} INFO - DAG(s) dict_keys(['example_trigger_controller_dag']) retrieved from /home/airflow/.local/lib/python3.6/site-packages/airflow/example_dags/example_trigger_controller_dag.py
[2023-08-08 23:17:05,599] {logging_mixin.py:104} INFO - [2023-08-08 23:17:05,599] {dag.py:1833} INFO - Sync 1 DAGs
[2023-08-08 23:17:05,711] {logging_mixin.py:104} INFO - [2023-08-08 23:17:05,711] {dag.py:2306} INFO - Setting next_dagrun for example_trigger_controller_dag to 2023-08-06 00:00:00+00:00
[2023-08-08 23:17:05,759] {scheduler_job.py:190} INFO - Processing /home/airflow/.local/lib/python3.6/site-packages/airflow/example_dags/example_trigger_controller_dag.py took 0.557 seconds
[2023-08-08 23:17:36,858] {scheduler_job.py:182} INFO - Started process (PID=7158) to work on /home/airflow/.local/lib/python3.6/site-packages/airflow/example_dags/example_trigger_controller_dag.py
[2023-08-08 23:17:36,879] {scheduler_job.py:633} INFO - Processing file /home/airflow/.local/lib/python3.6/site-packages/airflow/example_dags/example_trigger_controller_dag.py for tasks to queue
[2023-08-08 23:17:36,897] {logging_mixin.py:104} INFO - [2023-08-08 23:17:36,892] {dagbag.py:496} INFO - Filling up the DagBag from /home/airflow/.local/lib/python3.6/site-packages/airflow/example_dags/example_trigger_controller_dag.py
[2023-08-08 23:17:37,024] {scheduler_job.py:643} INFO - DAG(s) dict_keys(['example_trigger_controller_dag']) retrieved from /home/airflow/.local/lib/python3.6/site-packages/airflow/example_dags/example_trigger_controller_dag.py
[2023-08-08 23:17:37,205] {logging_mixin.py:104} INFO - [2023-08-08 23:17:37,205] {dag.py:1833} INFO - Sync 1 DAGs
[2023-08-08 23:17:37,293] {logging_mixin.py:104} INFO - [2023-08-08 23:17:37,293] {dag.py:2306} INFO - Setting next_dagrun for example_trigger_controller_dag to 2023-08-06 00:00:00+00:00
[2023-08-08 23:17:37,375] {scheduler_job.py:190} INFO - Processing /home/airflow/.local/lib/python3.6/site-packages/airflow/example_dags/example_trigger_controller_dag.py took 0.543 seconds
[2023-08-08 23:18:07,474] {scheduler_job.py:182} INFO - Started process (PID=7202) to work on /home/airflow/.local/lib/python3.6/site-packages/airflow/example_dags/example_trigger_controller_dag.py
[2023-08-08 23:18:07,478] {scheduler_job.py:633} INFO - Processing file /home/airflow/.local/lib/python3.6/site-packages/airflow/example_dags/example_trigger_controller_dag.py for tasks to queue
[2023-08-08 23:18:07,481] {logging_mixin.py:104} INFO - [2023-08-08 23:18:07,481] {dagbag.py:496} INFO - Filling up the DagBag from /home/airflow/.local/lib/python3.6/site-packages/airflow/example_dags/example_trigger_controller_dag.py
[2023-08-08 23:18:07,509] {scheduler_job.py:643} INFO - DAG(s) dict_keys(['example_trigger_controller_dag']) retrieved from /home/airflow/.local/lib/python3.6/site-packages/airflow/example_dags/example_trigger_controller_dag.py
[2023-08-08 23:18:07,565] {logging_mixin.py:104} INFO - [2023-08-08 23:18:07,564] {dag.py:1833} INFO - Sync 1 DAGs
[2023-08-08 23:18:07,615] {logging_mixin.py:104} INFO - [2023-08-08 23:18:07,614] {dag.py:2306} INFO - Setting next_dagrun for example_trigger_controller_dag to 2023-08-06 00:00:00+00:00
[2023-08-08 23:18:07,647] {scheduler_job.py:190} INFO - Processing /home/airflow/.local/lib/python3.6/site-packages/airflow/example_dags/example_trigger_controller_dag.py took 0.183 seconds
[2023-08-08 23:18:42,104] {scheduler_job.py:182} INFO - Started process (PID=7254) to work on /home/airflow/.local/lib/python3.6/site-packages/airflow/example_dags/example_trigger_controller_dag.py
[2023-08-08 23:18:42,123] {scheduler_job.py:633} INFO - Processing file /home/airflow/.local/lib/python3.6/site-packages/airflow/example_dags/example_trigger_controller_dag.py for tasks to queue
[2023-08-08 23:18:42,139] {logging_mixin.py:104} INFO - [2023-08-08 23:18:42,138] {dagbag.py:496} INFO - Filling up the DagBag from /home/airflow/.local/lib/python3.6/site-packages/airflow/example_dags/example_trigger_controller_dag.py
[2023-08-08 23:18:42,261] {scheduler_job.py:643} INFO - DAG(s) dict_keys(['example_trigger_controller_dag']) retrieved from /home/airflow/.local/lib/python3.6/site-packages/airflow/example_dags/example_trigger_controller_dag.py
[2023-08-08 23:18:42,374] {logging_mixin.py:104} INFO - [2023-08-08 23:18:42,374] {dag.py:1833} INFO - Sync 1 DAGs
[2023-08-08 23:18:42,426] {logging_mixin.py:104} INFO - [2023-08-08 23:18:42,426] {dag.py:2306} INFO - Setting next_dagrun for example_trigger_controller_dag to 2023-08-06 00:00:00+00:00
[2023-08-08 23:18:42,479] {scheduler_job.py:190} INFO - Processing /home/airflow/.local/lib/python3.6/site-packages/airflow/example_dags/example_trigger_controller_dag.py took 0.400 seconds
[2023-08-08 23:19:12,588] {scheduler_job.py:182} INFO - Started process (PID=7305) to work on /home/airflow/.local/lib/python3.6/site-packages/airflow/example_dags/example_trigger_controller_dag.py
[2023-08-08 23:19:12,597] {scheduler_job.py:633} INFO - Processing file /home/airflow/.local/lib/python3.6/site-packages/airflow/example_dags/example_trigger_controller_dag.py for tasks to queue
[2023-08-08 23:19:12,601] {logging_mixin.py:104} INFO - [2023-08-08 23:19:12,601] {dagbag.py:496} INFO - Filling up the DagBag from /home/airflow/.local/lib/python3.6/site-packages/airflow/example_dags/example_trigger_controller_dag.py
[2023-08-08 23:19:12,658] {scheduler_job.py:643} INFO - DAG(s) dict_keys(['example_trigger_controller_dag']) retrieved from /home/airflow/.local/lib/python3.6/site-packages/airflow/example_dags/example_trigger_controller_dag.py
[2023-08-08 23:19:12,753] {logging_mixin.py:104} INFO - [2023-08-08 23:19:12,752] {dag.py:1833} INFO - Sync 1 DAGs
[2023-08-08 23:19:12,798] {logging_mixin.py:104} INFO - [2023-08-08 23:19:12,798] {dag.py:2306} INFO - Setting next_dagrun for example_trigger_controller_dag to 2023-08-06 00:00:00+00:00
[2023-08-08 23:19:12,856] {scheduler_job.py:190} INFO - Processing /home/airflow/.local/lib/python3.6/site-packages/airflow/example_dags/example_trigger_controller_dag.py took 0.281 seconds
[2023-08-08 23:19:43,395] {scheduler_job.py:182} INFO - Started process (PID=7354) to work on /home/airflow/.local/lib/python3.6/site-packages/airflow/example_dags/example_trigger_controller_dag.py
[2023-08-08 23:19:43,410] {scheduler_job.py:633} INFO - Processing file /home/airflow/.local/lib/python3.6/site-packages/airflow/example_dags/example_trigger_controller_dag.py for tasks to queue
[2023-08-08 23:19:43,412] {logging_mixin.py:104} INFO - [2023-08-08 23:19:43,412] {dagbag.py:496} INFO - Filling up the DagBag from /home/airflow/.local/lib/python3.6/site-packages/airflow/example_dags/example_trigger_controller_dag.py
[2023-08-08 23:19:43,531] {scheduler_job.py:643} INFO - DAG(s) dict_keys(['example_trigger_controller_dag']) retrieved from /home/airflow/.local/lib/python3.6/site-packages/airflow/example_dags/example_trigger_controller_dag.py
[2023-08-08 23:19:43,697] {logging_mixin.py:104} INFO - [2023-08-08 23:19:43,697] {dag.py:1833} INFO - Sync 1 DAGs
[2023-08-08 23:19:43,744] {logging_mixin.py:104} INFO - [2023-08-08 23:19:43,744] {dag.py:2306} INFO - Setting next_dagrun for example_trigger_controller_dag to 2023-08-06 00:00:00+00:00
[2023-08-08 23:19:43,779] {scheduler_job.py:190} INFO - Processing /home/airflow/.local/lib/python3.6/site-packages/airflow/example_dags/example_trigger_controller_dag.py took 0.431 seconds
