[2023-08-08 23:00:06,421] {scheduler_job.py:182} INFO - Started process (PID=5464) to work on /home/airflow/.local/lib/python3.6/site-packages/airflow/example_dags/example_xcomargs.py
[2023-08-08 23:00:06,428] {scheduler_job.py:633} INFO - Processing file /home/airflow/.local/lib/python3.6/site-packages/airflow/example_dags/example_xcomargs.py for tasks to queue
[2023-08-08 23:00:06,433] {logging_mixin.py:104} INFO - [2023-08-08 23:00:06,433] {dagbag.py:496} INFO - Filling up the DagBag from /home/airflow/.local/lib/python3.6/site-packages/airflow/example_dags/example_xcomargs.py
[2023-08-08 23:00:06,531] {scheduler_job.py:643} INFO - DAG(s) dict_keys(['example_xcom_args', 'example_xcom_args_with_operators']) retrieved from /home/airflow/.local/lib/python3.6/site-packages/airflow/example_dags/example_xcomargs.py
[2023-08-08 23:00:07,369] {logging_mixin.py:104} INFO - [2023-08-08 23:00:07,369] {dag.py:1833} INFO - Sync 2 DAGs
[2023-08-08 23:00:07,403] {logging_mixin.py:104} INFO - [2023-08-08 23:00:07,403] {dag.py:2306} INFO - Setting next_dagrun for example_xcom_args to None
[2023-08-08 23:00:07,405] {logging_mixin.py:104} INFO - [2023-08-08 23:00:07,405] {dag.py:2306} INFO - Setting next_dagrun for example_xcom_args_with_operators to None
[2023-08-08 23:00:07,442] {scheduler_job.py:190} INFO - Processing /home/airflow/.local/lib/python3.6/site-packages/airflow/example_dags/example_xcomargs.py took 1.035 seconds
[2023-08-08 23:00:37,591] {scheduler_job.py:182} INFO - Started process (PID=5525) to work on /home/airflow/.local/lib/python3.6/site-packages/airflow/example_dags/example_xcomargs.py
[2023-08-08 23:00:37,594] {scheduler_job.py:633} INFO - Processing file /home/airflow/.local/lib/python3.6/site-packages/airflow/example_dags/example_xcomargs.py for tasks to queue
[2023-08-08 23:00:37,596] {logging_mixin.py:104} INFO - [2023-08-08 23:00:37,595] {dagbag.py:496} INFO - Filling up the DagBag from /home/airflow/.local/lib/python3.6/site-packages/airflow/example_dags/example_xcomargs.py
[2023-08-08 23:00:37,636] {scheduler_job.py:643} INFO - DAG(s) dict_keys(['example_xcom_args', 'example_xcom_args_with_operators']) retrieved from /home/airflow/.local/lib/python3.6/site-packages/airflow/example_dags/example_xcomargs.py
[2023-08-08 23:00:37,933] {logging_mixin.py:104} INFO - [2023-08-08 23:00:37,933] {dag.py:1833} INFO - Sync 2 DAGs
[2023-08-08 23:00:37,955] {logging_mixin.py:104} INFO - [2023-08-08 23:00:37,955] {dag.py:2306} INFO - Setting next_dagrun for example_xcom_args to None
[2023-08-08 23:00:37,958] {logging_mixin.py:104} INFO - [2023-08-08 23:00:37,958] {dag.py:2306} INFO - Setting next_dagrun for example_xcom_args_with_operators to None
[2023-08-08 23:00:37,979] {scheduler_job.py:190} INFO - Processing /home/airflow/.local/lib/python3.6/site-packages/airflow/example_dags/example_xcomargs.py took 0.395 seconds
[2023-08-08 23:01:08,050] {scheduler_job.py:182} INFO - Started process (PID=5576) to work on /home/airflow/.local/lib/python3.6/site-packages/airflow/example_dags/example_xcomargs.py
[2023-08-08 23:01:08,054] {scheduler_job.py:633} INFO - Processing file /home/airflow/.local/lib/python3.6/site-packages/airflow/example_dags/example_xcomargs.py for tasks to queue
[2023-08-08 23:01:08,057] {logging_mixin.py:104} INFO - [2023-08-08 23:01:08,056] {dagbag.py:496} INFO - Filling up the DagBag from /home/airflow/.local/lib/python3.6/site-packages/airflow/example_dags/example_xcomargs.py
[2023-08-08 23:01:08,103] {scheduler_job.py:643} INFO - DAG(s) dict_keys(['example_xcom_args', 'example_xcom_args_with_operators']) retrieved from /home/airflow/.local/lib/python3.6/site-packages/airflow/example_dags/example_xcomargs.py
[2023-08-08 23:01:08,501] {logging_mixin.py:104} INFO - [2023-08-08 23:01:08,501] {dag.py:1833} INFO - Sync 2 DAGs
[2023-08-08 23:01:08,518] {logging_mixin.py:104} INFO - [2023-08-08 23:01:08,518] {dag.py:2306} INFO - Setting next_dagrun for example_xcom_args to None
[2023-08-08 23:01:08,520] {logging_mixin.py:104} INFO - [2023-08-08 23:01:08,520] {dag.py:2306} INFO - Setting next_dagrun for example_xcom_args_with_operators to None
[2023-08-08 23:01:08,543] {scheduler_job.py:190} INFO - Processing /home/airflow/.local/lib/python3.6/site-packages/airflow/example_dags/example_xcomargs.py took 0.499 seconds
[2023-08-08 23:01:38,686] {scheduler_job.py:182} INFO - Started process (PID=5626) to work on /home/airflow/.local/lib/python3.6/site-packages/airflow/example_dags/example_xcomargs.py
[2023-08-08 23:01:38,692] {scheduler_job.py:633} INFO - Processing file /home/airflow/.local/lib/python3.6/site-packages/airflow/example_dags/example_xcomargs.py for tasks to queue
[2023-08-08 23:01:38,697] {logging_mixin.py:104} INFO - [2023-08-08 23:01:38,696] {dagbag.py:496} INFO - Filling up the DagBag from /home/airflow/.local/lib/python3.6/site-packages/airflow/example_dags/example_xcomargs.py
[2023-08-08 23:01:38,760] {scheduler_job.py:643} INFO - DAG(s) dict_keys(['example_xcom_args', 'example_xcom_args_with_operators']) retrieved from /home/airflow/.local/lib/python3.6/site-packages/airflow/example_dags/example_xcomargs.py
[2023-08-08 23:01:38,809] {logging_mixin.py:104} INFO - [2023-08-08 23:01:38,809] {dag.py:1833} INFO - Sync 2 DAGs
[2023-08-08 23:01:38,835] {logging_mixin.py:104} INFO - [2023-08-08 23:01:38,835] {dag.py:2306} INFO - Setting next_dagrun for example_xcom_args to None
[2023-08-08 23:01:38,838] {logging_mixin.py:104} INFO - [2023-08-08 23:01:38,838] {dag.py:2306} INFO - Setting next_dagrun for example_xcom_args_with_operators to None
[2023-08-08 23:01:38,862] {scheduler_job.py:190} INFO - Processing /home/airflow/.local/lib/python3.6/site-packages/airflow/example_dags/example_xcomargs.py took 0.191 seconds
[2023-08-08 23:02:09,064] {scheduler_job.py:182} INFO - Started process (PID=5678) to work on /home/airflow/.local/lib/python3.6/site-packages/airflow/example_dags/example_xcomargs.py
[2023-08-08 23:02:09,069] {scheduler_job.py:633} INFO - Processing file /home/airflow/.local/lib/python3.6/site-packages/airflow/example_dags/example_xcomargs.py for tasks to queue
[2023-08-08 23:02:09,072] {logging_mixin.py:104} INFO - [2023-08-08 23:02:09,071] {dagbag.py:496} INFO - Filling up the DagBag from /home/airflow/.local/lib/python3.6/site-packages/airflow/example_dags/example_xcomargs.py
[2023-08-08 23:02:09,130] {scheduler_job.py:643} INFO - DAG(s) dict_keys(['example_xcom_args', 'example_xcom_args_with_operators']) retrieved from /home/airflow/.local/lib/python3.6/site-packages/airflow/example_dags/example_xcomargs.py
[2023-08-08 23:02:09,556] {logging_mixin.py:104} INFO - [2023-08-08 23:02:09,556] {dag.py:1833} INFO - Sync 2 DAGs
[2023-08-08 23:02:09,575] {logging_mixin.py:104} INFO - [2023-08-08 23:02:09,575] {dag.py:2306} INFO - Setting next_dagrun for example_xcom_args to None
[2023-08-08 23:02:09,577] {logging_mixin.py:104} INFO - [2023-08-08 23:02:09,577] {dag.py:2306} INFO - Setting next_dagrun for example_xcom_args_with_operators to None
[2023-08-08 23:02:09,721] {scheduler_job.py:190} INFO - Processing /home/airflow/.local/lib/python3.6/site-packages/airflow/example_dags/example_xcomargs.py took 0.663 seconds
[2023-08-08 23:02:40,531] {scheduler_job.py:182} INFO - Started process (PID=5730) to work on /home/airflow/.local/lib/python3.6/site-packages/airflow/example_dags/example_xcomargs.py
[2023-08-08 23:02:40,538] {scheduler_job.py:633} INFO - Processing file /home/airflow/.local/lib/python3.6/site-packages/airflow/example_dags/example_xcomargs.py for tasks to queue
[2023-08-08 23:02:40,543] {logging_mixin.py:104} INFO - [2023-08-08 23:02:40,542] {dagbag.py:496} INFO - Filling up the DagBag from /home/airflow/.local/lib/python3.6/site-packages/airflow/example_dags/example_xcomargs.py
[2023-08-08 23:02:40,601] {scheduler_job.py:643} INFO - DAG(s) dict_keys(['example_xcom_args', 'example_xcom_args_with_operators']) retrieved from /home/airflow/.local/lib/python3.6/site-packages/airflow/example_dags/example_xcomargs.py
[2023-08-08 23:02:41,025] {logging_mixin.py:104} INFO - [2023-08-08 23:02:41,025] {dag.py:1833} INFO - Sync 2 DAGs
[2023-08-08 23:02:41,051] {logging_mixin.py:104} INFO - [2023-08-08 23:02:41,051] {dag.py:2306} INFO - Setting next_dagrun for example_xcom_args to None
[2023-08-08 23:02:41,054] {logging_mixin.py:104} INFO - [2023-08-08 23:02:41,054] {dag.py:2306} INFO - Setting next_dagrun for example_xcom_args_with_operators to None
[2023-08-08 23:02:41,076] {scheduler_job.py:190} INFO - Processing /home/airflow/.local/lib/python3.6/site-packages/airflow/example_dags/example_xcomargs.py took 0.561 seconds
[2023-08-08 23:03:11,193] {scheduler_job.py:182} INFO - Started process (PID=5781) to work on /home/airflow/.local/lib/python3.6/site-packages/airflow/example_dags/example_xcomargs.py
[2023-08-08 23:03:11,200] {scheduler_job.py:633} INFO - Processing file /home/airflow/.local/lib/python3.6/site-packages/airflow/example_dags/example_xcomargs.py for tasks to queue
[2023-08-08 23:03:11,203] {logging_mixin.py:104} INFO - [2023-08-08 23:03:11,202] {dagbag.py:496} INFO - Filling up the DagBag from /home/airflow/.local/lib/python3.6/site-packages/airflow/example_dags/example_xcomargs.py
[2023-08-08 23:03:11,239] {scheduler_job.py:643} INFO - DAG(s) dict_keys(['example_xcom_args', 'example_xcom_args_with_operators']) retrieved from /home/airflow/.local/lib/python3.6/site-packages/airflow/example_dags/example_xcomargs.py
[2023-08-08 23:03:11,584] {logging_mixin.py:104} INFO - [2023-08-08 23:03:11,584] {dag.py:1833} INFO - Sync 2 DAGs
[2023-08-08 23:03:11,602] {logging_mixin.py:104} INFO - [2023-08-08 23:03:11,602] {dag.py:2306} INFO - Setting next_dagrun for example_xcom_args to None
[2023-08-08 23:03:11,604] {logging_mixin.py:104} INFO - [2023-08-08 23:03:11,604] {dag.py:2306} INFO - Setting next_dagrun for example_xcom_args_with_operators to None
[2023-08-08 23:03:11,623] {scheduler_job.py:190} INFO - Processing /home/airflow/.local/lib/python3.6/site-packages/airflow/example_dags/example_xcomargs.py took 0.447 seconds
[2023-08-08 23:03:42,342] {scheduler_job.py:182} INFO - Started process (PID=5842) to work on /home/airflow/.local/lib/python3.6/site-packages/airflow/example_dags/example_xcomargs.py
[2023-08-08 23:03:42,346] {scheduler_job.py:633} INFO - Processing file /home/airflow/.local/lib/python3.6/site-packages/airflow/example_dags/example_xcomargs.py for tasks to queue
[2023-08-08 23:03:42,349] {logging_mixin.py:104} INFO - [2023-08-08 23:03:42,349] {dagbag.py:496} INFO - Filling up the DagBag from /home/airflow/.local/lib/python3.6/site-packages/airflow/example_dags/example_xcomargs.py
[2023-08-08 23:03:42,395] {scheduler_job.py:643} INFO - DAG(s) dict_keys(['example_xcom_args', 'example_xcom_args_with_operators']) retrieved from /home/airflow/.local/lib/python3.6/site-packages/airflow/example_dags/example_xcomargs.py
[2023-08-08 23:03:42,993] {logging_mixin.py:104} INFO - [2023-08-08 23:03:42,993] {dag.py:1833} INFO - Sync 2 DAGs
[2023-08-08 23:03:43,025] {logging_mixin.py:104} INFO - [2023-08-08 23:03:43,025] {dag.py:2306} INFO - Setting next_dagrun for example_xcom_args to None
[2023-08-08 23:03:43,028] {logging_mixin.py:104} INFO - [2023-08-08 23:03:43,028] {dag.py:2306} INFO - Setting next_dagrun for example_xcom_args_with_operators to None
[2023-08-08 23:03:43,059] {scheduler_job.py:190} INFO - Processing /home/airflow/.local/lib/python3.6/site-packages/airflow/example_dags/example_xcomargs.py took 0.723 seconds
[2023-08-08 23:04:13,684] {scheduler_job.py:182} INFO - Started process (PID=5894) to work on /home/airflow/.local/lib/python3.6/site-packages/airflow/example_dags/example_xcomargs.py
[2023-08-08 23:04:13,687] {scheduler_job.py:633} INFO - Processing file /home/airflow/.local/lib/python3.6/site-packages/airflow/example_dags/example_xcomargs.py for tasks to queue
[2023-08-08 23:04:13,697] {logging_mixin.py:104} INFO - [2023-08-08 23:04:13,696] {dagbag.py:496} INFO - Filling up the DagBag from /home/airflow/.local/lib/python3.6/site-packages/airflow/example_dags/example_xcomargs.py
[2023-08-08 23:04:13,796] {scheduler_job.py:643} INFO - DAG(s) dict_keys(['example_xcom_args', 'example_xcom_args_with_operators']) retrieved from /home/airflow/.local/lib/python3.6/site-packages/airflow/example_dags/example_xcomargs.py
[2023-08-08 23:04:13,865] {logging_mixin.py:104} INFO - [2023-08-08 23:04:13,865] {dag.py:1833} INFO - Sync 2 DAGs
[2023-08-08 23:04:13,908] {logging_mixin.py:104} INFO - [2023-08-08 23:04:13,907] {dag.py:2306} INFO - Setting next_dagrun for example_xcom_args to None
[2023-08-08 23:04:13,910] {logging_mixin.py:104} INFO - [2023-08-08 23:04:13,910] {dag.py:2306} INFO - Setting next_dagrun for example_xcom_args_with_operators to None
[2023-08-08 23:04:13,944] {scheduler_job.py:190} INFO - Processing /home/airflow/.local/lib/python3.6/site-packages/airflow/example_dags/example_xcomargs.py took 0.267 seconds
[2023-08-08 23:04:44,075] {scheduler_job.py:182} INFO - Started process (PID=5944) to work on /home/airflow/.local/lib/python3.6/site-packages/airflow/example_dags/example_xcomargs.py
[2023-08-08 23:04:44,087] {scheduler_job.py:633} INFO - Processing file /home/airflow/.local/lib/python3.6/site-packages/airflow/example_dags/example_xcomargs.py for tasks to queue
[2023-08-08 23:04:44,092] {logging_mixin.py:104} INFO - [2023-08-08 23:04:44,091] {dagbag.py:496} INFO - Filling up the DagBag from /home/airflow/.local/lib/python3.6/site-packages/airflow/example_dags/example_xcomargs.py
[2023-08-08 23:04:44,203] {scheduler_job.py:643} INFO - DAG(s) dict_keys(['example_xcom_args', 'example_xcom_args_with_operators']) retrieved from /home/airflow/.local/lib/python3.6/site-packages/airflow/example_dags/example_xcomargs.py
[2023-08-08 23:04:45,334] {logging_mixin.py:104} INFO - [2023-08-08 23:04:45,334] {dag.py:1833} INFO - Sync 2 DAGs
[2023-08-08 23:04:45,391] {logging_mixin.py:104} INFO - [2023-08-08 23:04:45,390] {dag.py:2306} INFO - Setting next_dagrun for example_xcom_args to None
[2023-08-08 23:04:45,401] {logging_mixin.py:104} INFO - [2023-08-08 23:04:45,401] {dag.py:2306} INFO - Setting next_dagrun for example_xcom_args_with_operators to None
[2023-08-08 23:04:45,582] {scheduler_job.py:190} INFO - Processing /home/airflow/.local/lib/python3.6/site-packages/airflow/example_dags/example_xcomargs.py took 1.527 seconds
[2023-08-08 23:05:15,979] {scheduler_job.py:182} INFO - Started process (PID=5996) to work on /home/airflow/.local/lib/python3.6/site-packages/airflow/example_dags/example_xcomargs.py
[2023-08-08 23:05:15,987] {scheduler_job.py:633} INFO - Processing file /home/airflow/.local/lib/python3.6/site-packages/airflow/example_dags/example_xcomargs.py for tasks to queue
[2023-08-08 23:05:15,996] {logging_mixin.py:104} INFO - [2023-08-08 23:05:15,995] {dagbag.py:496} INFO - Filling up the DagBag from /home/airflow/.local/lib/python3.6/site-packages/airflow/example_dags/example_xcomargs.py
[2023-08-08 23:05:16,084] {scheduler_job.py:643} INFO - DAG(s) dict_keys(['example_xcom_args', 'example_xcom_args_with_operators']) retrieved from /home/airflow/.local/lib/python3.6/site-packages/airflow/example_dags/example_xcomargs.py
[2023-08-08 23:05:16,754] {logging_mixin.py:104} INFO - [2023-08-08 23:05:16,754] {dag.py:1833} INFO - Sync 2 DAGs
[2023-08-08 23:05:16,803] {logging_mixin.py:104} INFO - [2023-08-08 23:05:16,803] {dag.py:2306} INFO - Setting next_dagrun for example_xcom_args to None
[2023-08-08 23:05:16,807] {logging_mixin.py:104} INFO - [2023-08-08 23:05:16,807] {dag.py:2306} INFO - Setting next_dagrun for example_xcom_args_with_operators to None
[2023-08-08 23:05:16,843] {scheduler_job.py:190} INFO - Processing /home/airflow/.local/lib/python3.6/site-packages/airflow/example_dags/example_xcomargs.py took 0.878 seconds
[2023-08-08 23:05:47,718] {scheduler_job.py:182} INFO - Started process (PID=6048) to work on /home/airflow/.local/lib/python3.6/site-packages/airflow/example_dags/example_xcomargs.py
[2023-08-08 23:05:47,726] {scheduler_job.py:633} INFO - Processing file /home/airflow/.local/lib/python3.6/site-packages/airflow/example_dags/example_xcomargs.py for tasks to queue
[2023-08-08 23:05:47,729] {logging_mixin.py:104} INFO - [2023-08-08 23:05:47,729] {dagbag.py:496} INFO - Filling up the DagBag from /home/airflow/.local/lib/python3.6/site-packages/airflow/example_dags/example_xcomargs.py
[2023-08-08 23:05:47,863] {scheduler_job.py:643} INFO - DAG(s) dict_keys(['example_xcom_args', 'example_xcom_args_with_operators']) retrieved from /home/airflow/.local/lib/python3.6/site-packages/airflow/example_dags/example_xcomargs.py
[2023-08-08 23:05:47,925] {logging_mixin.py:104} INFO - [2023-08-08 23:05:47,925] {dag.py:1833} INFO - Sync 2 DAGs
[2023-08-08 23:05:47,993] {logging_mixin.py:104} INFO - [2023-08-08 23:05:47,983] {dag.py:2306} INFO - Setting next_dagrun for example_xcom_args to None
[2023-08-08 23:05:47,999] {logging_mixin.py:104} INFO - [2023-08-08 23:05:47,998] {dag.py:2306} INFO - Setting next_dagrun for example_xcom_args_with_operators to None
[2023-08-08 23:05:48,039] {scheduler_job.py:190} INFO - Processing /home/airflow/.local/lib/python3.6/site-packages/airflow/example_dags/example_xcomargs.py took 0.326 seconds
[2023-08-08 23:06:18,960] {scheduler_job.py:182} INFO - Started process (PID=6096) to work on /home/airflow/.local/lib/python3.6/site-packages/airflow/example_dags/example_xcomargs.py
[2023-08-08 23:06:18,973] {scheduler_job.py:633} INFO - Processing file /home/airflow/.local/lib/python3.6/site-packages/airflow/example_dags/example_xcomargs.py for tasks to queue
[2023-08-08 23:06:18,983] {logging_mixin.py:104} INFO - [2023-08-08 23:06:18,979] {dagbag.py:496} INFO - Filling up the DagBag from /home/airflow/.local/lib/python3.6/site-packages/airflow/example_dags/example_xcomargs.py
[2023-08-08 23:06:19,138] {scheduler_job.py:643} INFO - DAG(s) dict_keys(['example_xcom_args', 'example_xcom_args_with_operators']) retrieved from /home/airflow/.local/lib/python3.6/site-packages/airflow/example_dags/example_xcomargs.py
[2023-08-08 23:06:20,599] {logging_mixin.py:104} INFO - [2023-08-08 23:06:20,598] {dag.py:1833} INFO - Sync 2 DAGs
[2023-08-08 23:06:20,710] {logging_mixin.py:104} INFO - [2023-08-08 23:06:20,709] {dag.py:2306} INFO - Setting next_dagrun for example_xcom_args to None
[2023-08-08 23:06:20,716] {logging_mixin.py:104} INFO - [2023-08-08 23:06:20,716] {dag.py:2306} INFO - Setting next_dagrun for example_xcom_args_with_operators to None
[2023-08-08 23:06:20,790] {scheduler_job.py:190} INFO - Processing /home/airflow/.local/lib/python3.6/site-packages/airflow/example_dags/example_xcomargs.py took 1.850 seconds
[2023-08-08 23:06:51,227] {scheduler_job.py:182} INFO - Started process (PID=6142) to work on /home/airflow/.local/lib/python3.6/site-packages/airflow/example_dags/example_xcomargs.py
[2023-08-08 23:06:51,248] {scheduler_job.py:633} INFO - Processing file /home/airflow/.local/lib/python3.6/site-packages/airflow/example_dags/example_xcomargs.py for tasks to queue
[2023-08-08 23:06:51,257] {logging_mixin.py:104} INFO - [2023-08-08 23:06:51,257] {dagbag.py:496} INFO - Filling up the DagBag from /home/airflow/.local/lib/python3.6/site-packages/airflow/example_dags/example_xcomargs.py
[2023-08-08 23:06:51,448] {scheduler_job.py:643} INFO - DAG(s) dict_keys(['example_xcom_args', 'example_xcom_args_with_operators']) retrieved from /home/airflow/.local/lib/python3.6/site-packages/airflow/example_dags/example_xcomargs.py
[2023-08-08 23:06:52,355] {logging_mixin.py:104} INFO - [2023-08-08 23:06:52,354] {dag.py:1833} INFO - Sync 2 DAGs
[2023-08-08 23:06:52,378] {logging_mixin.py:104} INFO - [2023-08-08 23:06:52,378] {dag.py:2306} INFO - Setting next_dagrun for example_xcom_args to None
[2023-08-08 23:06:52,382] {logging_mixin.py:104} INFO - [2023-08-08 23:06:52,381] {dag.py:2306} INFO - Setting next_dagrun for example_xcom_args_with_operators to None
[2023-08-08 23:06:52,409] {scheduler_job.py:190} INFO - Processing /home/airflow/.local/lib/python3.6/site-packages/airflow/example_dags/example_xcomargs.py took 1.198 seconds
[2023-08-08 23:07:23,319] {scheduler_job.py:182} INFO - Started process (PID=6194) to work on /home/airflow/.local/lib/python3.6/site-packages/airflow/example_dags/example_xcomargs.py
[2023-08-08 23:07:23,326] {scheduler_job.py:633} INFO - Processing file /home/airflow/.local/lib/python3.6/site-packages/airflow/example_dags/example_xcomargs.py for tasks to queue
[2023-08-08 23:07:23,334] {logging_mixin.py:104} INFO - [2023-08-08 23:07:23,332] {dagbag.py:496} INFO - Filling up the DagBag from /home/airflow/.local/lib/python3.6/site-packages/airflow/example_dags/example_xcomargs.py
[2023-08-08 23:07:23,403] {scheduler_job.py:643} INFO - DAG(s) dict_keys(['example_xcom_args', 'example_xcom_args_with_operators']) retrieved from /home/airflow/.local/lib/python3.6/site-packages/airflow/example_dags/example_xcomargs.py
[2023-08-08 23:07:23,866] {logging_mixin.py:104} INFO - [2023-08-08 23:07:23,866] {dag.py:1833} INFO - Sync 2 DAGs
[2023-08-08 23:07:23,922] {logging_mixin.py:104} INFO - [2023-08-08 23:07:23,919] {dag.py:2306} INFO - Setting next_dagrun for example_xcom_args to None
[2023-08-08 23:07:23,930] {logging_mixin.py:104} INFO - [2023-08-08 23:07:23,929] {dag.py:2306} INFO - Setting next_dagrun for example_xcom_args_with_operators to None
[2023-08-08 23:07:23,978] {scheduler_job.py:190} INFO - Processing /home/airflow/.local/lib/python3.6/site-packages/airflow/example_dags/example_xcomargs.py took 0.679 seconds
[2023-08-08 23:07:54,215] {scheduler_job.py:182} INFO - Started process (PID=6243) to work on /home/airflow/.local/lib/python3.6/site-packages/airflow/example_dags/example_xcomargs.py
[2023-08-08 23:07:54,219] {scheduler_job.py:633} INFO - Processing file /home/airflow/.local/lib/python3.6/site-packages/airflow/example_dags/example_xcomargs.py for tasks to queue
[2023-08-08 23:07:54,221] {logging_mixin.py:104} INFO - [2023-08-08 23:07:54,221] {dagbag.py:496} INFO - Filling up the DagBag from /home/airflow/.local/lib/python3.6/site-packages/airflow/example_dags/example_xcomargs.py
[2023-08-08 23:07:54,275] {scheduler_job.py:643} INFO - DAG(s) dict_keys(['example_xcom_args', 'example_xcom_args_with_operators']) retrieved from /home/airflow/.local/lib/python3.6/site-packages/airflow/example_dags/example_xcomargs.py
[2023-08-08 23:07:54,335] {logging_mixin.py:104} INFO - [2023-08-08 23:07:54,334] {dag.py:1833} INFO - Sync 2 DAGs
[2023-08-08 23:07:54,390] {logging_mixin.py:104} INFO - [2023-08-08 23:07:54,389] {dag.py:2306} INFO - Setting next_dagrun for example_xcom_args to None
[2023-08-08 23:07:54,395] {logging_mixin.py:104} INFO - [2023-08-08 23:07:54,394] {dag.py:2306} INFO - Setting next_dagrun for example_xcom_args_with_operators to None
[2023-08-08 23:07:54,443] {scheduler_job.py:190} INFO - Processing /home/airflow/.local/lib/python3.6/site-packages/airflow/example_dags/example_xcomargs.py took 0.237 seconds
[2023-08-08 23:08:25,029] {scheduler_job.py:182} INFO - Started process (PID=6295) to work on /home/airflow/.local/lib/python3.6/site-packages/airflow/example_dags/example_xcomargs.py
[2023-08-08 23:08:25,033] {scheduler_job.py:633} INFO - Processing file /home/airflow/.local/lib/python3.6/site-packages/airflow/example_dags/example_xcomargs.py for tasks to queue
[2023-08-08 23:08:25,039] {logging_mixin.py:104} INFO - [2023-08-08 23:08:25,038] {dagbag.py:496} INFO - Filling up the DagBag from /home/airflow/.local/lib/python3.6/site-packages/airflow/example_dags/example_xcomargs.py
[2023-08-08 23:08:25,082] {scheduler_job.py:643} INFO - DAG(s) dict_keys(['example_xcom_args', 'example_xcom_args_with_operators']) retrieved from /home/airflow/.local/lib/python3.6/site-packages/airflow/example_dags/example_xcomargs.py
[2023-08-08 23:08:25,129] {logging_mixin.py:104} INFO - [2023-08-08 23:08:25,129] {dag.py:1833} INFO - Sync 2 DAGs
[2023-08-08 23:08:25,153] {logging_mixin.py:104} INFO - [2023-08-08 23:08:25,153] {dag.py:2306} INFO - Setting next_dagrun for example_xcom_args to None
[2023-08-08 23:08:25,156] {logging_mixin.py:104} INFO - [2023-08-08 23:08:25,155] {dag.py:2306} INFO - Setting next_dagrun for example_xcom_args_with_operators to None
[2023-08-08 23:08:25,178] {scheduler_job.py:190} INFO - Processing /home/airflow/.local/lib/python3.6/site-packages/airflow/example_dags/example_xcomargs.py took 0.159 seconds
[2023-08-08 23:08:55,808] {scheduler_job.py:182} INFO - Started process (PID=6343) to work on /home/airflow/.local/lib/python3.6/site-packages/airflow/example_dags/example_xcomargs.py
[2023-08-08 23:08:55,811] {scheduler_job.py:633} INFO - Processing file /home/airflow/.local/lib/python3.6/site-packages/airflow/example_dags/example_xcomargs.py for tasks to queue
[2023-08-08 23:08:55,814] {logging_mixin.py:104} INFO - [2023-08-08 23:08:55,813] {dagbag.py:496} INFO - Filling up the DagBag from /home/airflow/.local/lib/python3.6/site-packages/airflow/example_dags/example_xcomargs.py
[2023-08-08 23:08:55,853] {scheduler_job.py:643} INFO - DAG(s) dict_keys(['example_xcom_args', 'example_xcom_args_with_operators']) retrieved from /home/airflow/.local/lib/python3.6/site-packages/airflow/example_dags/example_xcomargs.py
[2023-08-08 23:08:56,456] {logging_mixin.py:104} INFO - [2023-08-08 23:08:56,456] {dag.py:1833} INFO - Sync 2 DAGs
[2023-08-08 23:08:56,480] {logging_mixin.py:104} INFO - [2023-08-08 23:08:56,480] {dag.py:2306} INFO - Setting next_dagrun for example_xcom_args to None
[2023-08-08 23:08:56,503] {logging_mixin.py:104} INFO - [2023-08-08 23:08:56,503] {dag.py:2306} INFO - Setting next_dagrun for example_xcom_args_with_operators to None
[2023-08-08 23:08:56,622] {scheduler_job.py:190} INFO - Processing /home/airflow/.local/lib/python3.6/site-packages/airflow/example_dags/example_xcomargs.py took 0.821 seconds
[2023-08-08 23:09:29,556] {scheduler_job.py:182} INFO - Started process (PID=6392) to work on /home/airflow/.local/lib/python3.6/site-packages/airflow/example_dags/example_xcomargs.py
[2023-08-08 23:09:29,569] {scheduler_job.py:633} INFO - Processing file /home/airflow/.local/lib/python3.6/site-packages/airflow/example_dags/example_xcomargs.py for tasks to queue
[2023-08-08 23:09:29,573] {logging_mixin.py:104} INFO - [2023-08-08 23:09:29,572] {dagbag.py:496} INFO - Filling up the DagBag from /home/airflow/.local/lib/python3.6/site-packages/airflow/example_dags/example_xcomargs.py
[2023-08-08 23:09:29,705] {scheduler_job.py:643} INFO - DAG(s) dict_keys(['example_xcom_args', 'example_xcom_args_with_operators']) retrieved from /home/airflow/.local/lib/python3.6/site-packages/airflow/example_dags/example_xcomargs.py
[2023-08-08 23:09:29,830] {logging_mixin.py:104} INFO - [2023-08-08 23:09:29,830] {dag.py:1833} INFO - Sync 2 DAGs
[2023-08-08 23:09:29,896] {logging_mixin.py:104} INFO - [2023-08-08 23:09:29,895] {dag.py:2306} INFO - Setting next_dagrun for example_xcom_args to None
[2023-08-08 23:09:29,906] {logging_mixin.py:104} INFO - [2023-08-08 23:09:29,906] {dag.py:2306} INFO - Setting next_dagrun for example_xcom_args_with_operators to None
[2023-08-08 23:09:29,990] {scheduler_job.py:190} INFO - Processing /home/airflow/.local/lib/python3.6/site-packages/airflow/example_dags/example_xcomargs.py took 0.456 seconds
[2023-08-08 23:10:00,197] {scheduler_job.py:182} INFO - Started process (PID=6443) to work on /home/airflow/.local/lib/python3.6/site-packages/airflow/example_dags/example_xcomargs.py
[2023-08-08 23:10:00,201] {scheduler_job.py:633} INFO - Processing file /home/airflow/.local/lib/python3.6/site-packages/airflow/example_dags/example_xcomargs.py for tasks to queue
[2023-08-08 23:10:00,204] {logging_mixin.py:104} INFO - [2023-08-08 23:10:00,203] {dagbag.py:496} INFO - Filling up the DagBag from /home/airflow/.local/lib/python3.6/site-packages/airflow/example_dags/example_xcomargs.py
[2023-08-08 23:10:00,253] {scheduler_job.py:643} INFO - DAG(s) dict_keys(['example_xcom_args', 'example_xcom_args_with_operators']) retrieved from /home/airflow/.local/lib/python3.6/site-packages/airflow/example_dags/example_xcomargs.py
[2023-08-08 23:10:00,661] {logging_mixin.py:104} INFO - [2023-08-08 23:10:00,661] {dag.py:1833} INFO - Sync 2 DAGs
[2023-08-08 23:10:00,682] {logging_mixin.py:104} INFO - [2023-08-08 23:10:00,682] {dag.py:2306} INFO - Setting next_dagrun for example_xcom_args to None
[2023-08-08 23:10:00,685] {logging_mixin.py:104} INFO - [2023-08-08 23:10:00,684] {dag.py:2306} INFO - Setting next_dagrun for example_xcom_args_with_operators to None
[2023-08-08 23:10:00,708] {scheduler_job.py:190} INFO - Processing /home/airflow/.local/lib/python3.6/site-packages/airflow/example_dags/example_xcomargs.py took 0.521 seconds
[2023-08-08 23:10:31,566] {scheduler_job.py:182} INFO - Started process (PID=6492) to work on /home/airflow/.local/lib/python3.6/site-packages/airflow/example_dags/example_xcomargs.py
[2023-08-08 23:10:31,573] {scheduler_job.py:633} INFO - Processing file /home/airflow/.local/lib/python3.6/site-packages/airflow/example_dags/example_xcomargs.py for tasks to queue
[2023-08-08 23:10:31,576] {logging_mixin.py:104} INFO - [2023-08-08 23:10:31,576] {dagbag.py:496} INFO - Filling up the DagBag from /home/airflow/.local/lib/python3.6/site-packages/airflow/example_dags/example_xcomargs.py
[2023-08-08 23:10:31,634] {scheduler_job.py:643} INFO - DAG(s) dict_keys(['example_xcom_args', 'example_xcom_args_with_operators']) retrieved from /home/airflow/.local/lib/python3.6/site-packages/airflow/example_dags/example_xcomargs.py
[2023-08-08 23:10:31,699] {logging_mixin.py:104} INFO - [2023-08-08 23:10:31,699] {dag.py:1833} INFO - Sync 2 DAGs
[2023-08-08 23:10:31,749] {logging_mixin.py:104} INFO - [2023-08-08 23:10:31,748] {dag.py:2306} INFO - Setting next_dagrun for example_xcom_args to None
[2023-08-08 23:10:31,753] {logging_mixin.py:104} INFO - [2023-08-08 23:10:31,753] {dag.py:2306} INFO - Setting next_dagrun for example_xcom_args_with_operators to None
[2023-08-08 23:10:31,786] {scheduler_job.py:190} INFO - Processing /home/airflow/.local/lib/python3.6/site-packages/airflow/example_dags/example_xcomargs.py took 0.231 seconds
[2023-08-08 23:11:03,519] {scheduler_job.py:182} INFO - Started process (PID=6541) to work on /home/airflow/.local/lib/python3.6/site-packages/airflow/example_dags/example_xcomargs.py
[2023-08-08 23:11:03,526] {scheduler_job.py:633} INFO - Processing file /home/airflow/.local/lib/python3.6/site-packages/airflow/example_dags/example_xcomargs.py for tasks to queue
[2023-08-08 23:11:03,532] {logging_mixin.py:104} INFO - [2023-08-08 23:11:03,532] {dagbag.py:496} INFO - Filling up the DagBag from /home/airflow/.local/lib/python3.6/site-packages/airflow/example_dags/example_xcomargs.py
[2023-08-08 23:11:03,691] {scheduler_job.py:643} INFO - DAG(s) dict_keys(['example_xcom_args', 'example_xcom_args_with_operators']) retrieved from /home/airflow/.local/lib/python3.6/site-packages/airflow/example_dags/example_xcomargs.py
[2023-08-08 23:11:03,779] {logging_mixin.py:104} INFO - [2023-08-08 23:11:03,779] {dag.py:1833} INFO - Sync 2 DAGs
[2023-08-08 23:11:03,824] {logging_mixin.py:104} INFO - [2023-08-08 23:11:03,824] {dag.py:2306} INFO - Setting next_dagrun for example_xcom_args to None
[2023-08-08 23:11:03,831] {logging_mixin.py:104} INFO - [2023-08-08 23:11:03,830] {dag.py:2306} INFO - Setting next_dagrun for example_xcom_args_with_operators to None
[2023-08-08 23:11:03,875] {scheduler_job.py:190} INFO - Processing /home/airflow/.local/lib/python3.6/site-packages/airflow/example_dags/example_xcomargs.py took 0.365 seconds
[2023-08-08 23:11:35,518] {scheduler_job.py:182} INFO - Started process (PID=6592) to work on /home/airflow/.local/lib/python3.6/site-packages/airflow/example_dags/example_xcomargs.py
[2023-08-08 23:11:35,538] {scheduler_job.py:633} INFO - Processing file /home/airflow/.local/lib/python3.6/site-packages/airflow/example_dags/example_xcomargs.py for tasks to queue
[2023-08-08 23:11:35,544] {logging_mixin.py:104} INFO - [2023-08-08 23:11:35,544] {dagbag.py:496} INFO - Filling up the DagBag from /home/airflow/.local/lib/python3.6/site-packages/airflow/example_dags/example_xcomargs.py
[2023-08-08 23:11:35,707] {scheduler_job.py:643} INFO - DAG(s) dict_keys(['example_xcom_args', 'example_xcom_args_with_operators']) retrieved from /home/airflow/.local/lib/python3.6/site-packages/airflow/example_dags/example_xcomargs.py
[2023-08-08 23:11:36,738] {logging_mixin.py:104} INFO - [2023-08-08 23:11:36,738] {dag.py:1833} INFO - Sync 2 DAGs
[2023-08-08 23:11:36,797] {logging_mixin.py:104} INFO - [2023-08-08 23:11:36,797] {dag.py:2306} INFO - Setting next_dagrun for example_xcom_args to None
[2023-08-08 23:11:36,802] {logging_mixin.py:104} INFO - [2023-08-08 23:11:36,802] {dag.py:2306} INFO - Setting next_dagrun for example_xcom_args_with_operators to None
[2023-08-08 23:11:36,864] {scheduler_job.py:190} INFO - Processing /home/airflow/.local/lib/python3.6/site-packages/airflow/example_dags/example_xcomargs.py took 1.377 seconds
[2023-08-08 23:12:10,325] {scheduler_job.py:182} INFO - Started process (PID=6647) to work on /home/airflow/.local/lib/python3.6/site-packages/airflow/example_dags/example_xcomargs.py
[2023-08-08 23:12:10,331] {scheduler_job.py:633} INFO - Processing file /home/airflow/.local/lib/python3.6/site-packages/airflow/example_dags/example_xcomargs.py for tasks to queue
[2023-08-08 23:12:10,348] {logging_mixin.py:104} INFO - [2023-08-08 23:12:10,347] {dagbag.py:496} INFO - Filling up the DagBag from /home/airflow/.local/lib/python3.6/site-packages/airflow/example_dags/example_xcomargs.py
[2023-08-08 23:12:10,560] {scheduler_job.py:643} INFO - DAG(s) dict_keys(['example_xcom_args', 'example_xcom_args_with_operators']) retrieved from /home/airflow/.local/lib/python3.6/site-packages/airflow/example_dags/example_xcomargs.py
[2023-08-08 23:12:11,879] {logging_mixin.py:104} INFO - [2023-08-08 23:12:11,879] {dag.py:1833} INFO - Sync 2 DAGs
[2023-08-08 23:12:11,912] {logging_mixin.py:104} INFO - [2023-08-08 23:12:11,912] {dag.py:2306} INFO - Setting next_dagrun for example_xcom_args to None
[2023-08-08 23:12:11,915] {logging_mixin.py:104} INFO - [2023-08-08 23:12:11,914] {dag.py:2306} INFO - Setting next_dagrun for example_xcom_args_with_operators to None
[2023-08-08 23:12:11,951] {scheduler_job.py:190} INFO - Processing /home/airflow/.local/lib/python3.6/site-packages/airflow/example_dags/example_xcomargs.py took 1.640 seconds
[2023-08-08 23:12:42,596] {scheduler_job.py:182} INFO - Started process (PID=6695) to work on /home/airflow/.local/lib/python3.6/site-packages/airflow/example_dags/example_xcomargs.py
[2023-08-08 23:12:42,600] {scheduler_job.py:633} INFO - Processing file /home/airflow/.local/lib/python3.6/site-packages/airflow/example_dags/example_xcomargs.py for tasks to queue
[2023-08-08 23:12:42,614] {logging_mixin.py:104} INFO - [2023-08-08 23:12:42,613] {dagbag.py:496} INFO - Filling up the DagBag from /home/airflow/.local/lib/python3.6/site-packages/airflow/example_dags/example_xcomargs.py
[2023-08-08 23:12:42,769] {scheduler_job.py:643} INFO - DAG(s) dict_keys(['example_xcom_args', 'example_xcom_args_with_operators']) retrieved from /home/airflow/.local/lib/python3.6/site-packages/airflow/example_dags/example_xcomargs.py
[2023-08-08 23:12:44,316] {logging_mixin.py:104} INFO - [2023-08-08 23:12:44,316] {dag.py:1833} INFO - Sync 2 DAGs
[2023-08-08 23:12:44,379] {logging_mixin.py:104} INFO - [2023-08-08 23:12:44,376] {dag.py:2306} INFO - Setting next_dagrun for example_xcom_args to None
[2023-08-08 23:12:44,383] {logging_mixin.py:104} INFO - [2023-08-08 23:12:44,383] {dag.py:2306} INFO - Setting next_dagrun for example_xcom_args_with_operators to None
[2023-08-08 23:12:44,449] {scheduler_job.py:190} INFO - Processing /home/airflow/.local/lib/python3.6/site-packages/airflow/example_dags/example_xcomargs.py took 1.882 seconds
[2023-08-08 23:13:15,769] {scheduler_job.py:182} INFO - Started process (PID=6740) to work on /home/airflow/.local/lib/python3.6/site-packages/airflow/example_dags/example_xcomargs.py
[2023-08-08 23:13:15,775] {scheduler_job.py:633} INFO - Processing file /home/airflow/.local/lib/python3.6/site-packages/airflow/example_dags/example_xcomargs.py for tasks to queue
[2023-08-08 23:13:15,779] {logging_mixin.py:104} INFO - [2023-08-08 23:13:15,779] {dagbag.py:496} INFO - Filling up the DagBag from /home/airflow/.local/lib/python3.6/site-packages/airflow/example_dags/example_xcomargs.py
[2023-08-08 23:13:15,840] {scheduler_job.py:643} INFO - DAG(s) dict_keys(['example_xcom_args', 'example_xcom_args_with_operators']) retrieved from /home/airflow/.local/lib/python3.6/site-packages/airflow/example_dags/example_xcomargs.py
[2023-08-08 23:13:15,908] {logging_mixin.py:104} INFO - [2023-08-08 23:13:15,908] {dag.py:1833} INFO - Sync 2 DAGs
[2023-08-08 23:13:15,946] {logging_mixin.py:104} INFO - [2023-08-08 23:13:15,946] {dag.py:2306} INFO - Setting next_dagrun for example_xcom_args to None
[2023-08-08 23:13:15,952] {logging_mixin.py:104} INFO - [2023-08-08 23:13:15,952] {dag.py:2306} INFO - Setting next_dagrun for example_xcom_args_with_operators to None
[2023-08-08 23:13:15,976] {scheduler_job.py:190} INFO - Processing /home/airflow/.local/lib/python3.6/site-packages/airflow/example_dags/example_xcomargs.py took 0.219 seconds
[2023-08-08 23:13:46,957] {scheduler_job.py:182} INFO - Started process (PID=6791) to work on /home/airflow/.local/lib/python3.6/site-packages/airflow/example_dags/example_xcomargs.py
[2023-08-08 23:13:46,963] {scheduler_job.py:633} INFO - Processing file /home/airflow/.local/lib/python3.6/site-packages/airflow/example_dags/example_xcomargs.py for tasks to queue
[2023-08-08 23:13:46,966] {logging_mixin.py:104} INFO - [2023-08-08 23:13:46,965] {dagbag.py:496} INFO - Filling up the DagBag from /home/airflow/.local/lib/python3.6/site-packages/airflow/example_dags/example_xcomargs.py
[2023-08-08 23:13:47,060] {scheduler_job.py:643} INFO - DAG(s) dict_keys(['example_xcom_args', 'example_xcom_args_with_operators']) retrieved from /home/airflow/.local/lib/python3.6/site-packages/airflow/example_dags/example_xcomargs.py
[2023-08-08 23:13:47,148] {logging_mixin.py:104} INFO - [2023-08-08 23:13:47,147] {dag.py:1833} INFO - Sync 2 DAGs
[2023-08-08 23:13:47,196] {logging_mixin.py:104} INFO - [2023-08-08 23:13:47,196] {dag.py:2306} INFO - Setting next_dagrun for example_xcom_args to None
[2023-08-08 23:13:47,201] {logging_mixin.py:104} INFO - [2023-08-08 23:13:47,201] {dag.py:2306} INFO - Setting next_dagrun for example_xcom_args_with_operators to None
[2023-08-08 23:13:47,253] {scheduler_job.py:190} INFO - Processing /home/airflow/.local/lib/python3.6/site-packages/airflow/example_dags/example_xcomargs.py took 0.310 seconds
[2023-08-08 23:14:17,427] {scheduler_job.py:182} INFO - Started process (PID=6841) to work on /home/airflow/.local/lib/python3.6/site-packages/airflow/example_dags/example_xcomargs.py
[2023-08-08 23:14:17,432] {scheduler_job.py:633} INFO - Processing file /home/airflow/.local/lib/python3.6/site-packages/airflow/example_dags/example_xcomargs.py for tasks to queue
[2023-08-08 23:14:17,435] {logging_mixin.py:104} INFO - [2023-08-08 23:14:17,434] {dagbag.py:496} INFO - Filling up the DagBag from /home/airflow/.local/lib/python3.6/site-packages/airflow/example_dags/example_xcomargs.py
[2023-08-08 23:14:17,491] {scheduler_job.py:643} INFO - DAG(s) dict_keys(['example_xcom_args', 'example_xcom_args_with_operators']) retrieved from /home/airflow/.local/lib/python3.6/site-packages/airflow/example_dags/example_xcomargs.py
[2023-08-08 23:14:18,001] {logging_mixin.py:104} INFO - [2023-08-08 23:14:18,001] {dag.py:1833} INFO - Sync 2 DAGs
[2023-08-08 23:14:18,025] {logging_mixin.py:104} INFO - [2023-08-08 23:14:18,025] {dag.py:2306} INFO - Setting next_dagrun for example_xcom_args to None
[2023-08-08 23:14:18,027] {logging_mixin.py:104} INFO - [2023-08-08 23:14:18,027] {dag.py:2306} INFO - Setting next_dagrun for example_xcom_args_with_operators to None
[2023-08-08 23:14:18,076] {scheduler_job.py:190} INFO - Processing /home/airflow/.local/lib/python3.6/site-packages/airflow/example_dags/example_xcomargs.py took 0.658 seconds
[2023-08-08 23:14:48,851] {scheduler_job.py:182} INFO - Started process (PID=6891) to work on /home/airflow/.local/lib/python3.6/site-packages/airflow/example_dags/example_xcomargs.py
[2023-08-08 23:14:48,864] {scheduler_job.py:633} INFO - Processing file /home/airflow/.local/lib/python3.6/site-packages/airflow/example_dags/example_xcomargs.py for tasks to queue
[2023-08-08 23:14:48,872] {logging_mixin.py:104} INFO - [2023-08-08 23:14:48,872] {dagbag.py:496} INFO - Filling up the DagBag from /home/airflow/.local/lib/python3.6/site-packages/airflow/example_dags/example_xcomargs.py
[2023-08-08 23:14:48,986] {scheduler_job.py:643} INFO - DAG(s) dict_keys(['example_xcom_args', 'example_xcom_args_with_operators']) retrieved from /home/airflow/.local/lib/python3.6/site-packages/airflow/example_dags/example_xcomargs.py
[2023-08-08 23:14:49,877] {logging_mixin.py:104} INFO - [2023-08-08 23:14:49,876] {dag.py:1833} INFO - Sync 2 DAGs
[2023-08-08 23:14:49,926] {logging_mixin.py:104} INFO - [2023-08-08 23:14:49,926] {dag.py:2306} INFO - Setting next_dagrun for example_xcom_args to None
[2023-08-08 23:14:49,933] {logging_mixin.py:104} INFO - [2023-08-08 23:14:49,933] {dag.py:2306} INFO - Setting next_dagrun for example_xcom_args_with_operators to None
[2023-08-08 23:14:49,994] {scheduler_job.py:190} INFO - Processing /home/airflow/.local/lib/python3.6/site-packages/airflow/example_dags/example_xcomargs.py took 1.156 seconds
[2023-08-08 23:15:20,487] {scheduler_job.py:182} INFO - Started process (PID=6941) to work on /home/airflow/.local/lib/python3.6/site-packages/airflow/example_dags/example_xcomargs.py
[2023-08-08 23:15:20,495] {scheduler_job.py:633} INFO - Processing file /home/airflow/.local/lib/python3.6/site-packages/airflow/example_dags/example_xcomargs.py for tasks to queue
[2023-08-08 23:15:20,498] {logging_mixin.py:104} INFO - [2023-08-08 23:15:20,498] {dagbag.py:496} INFO - Filling up the DagBag from /home/airflow/.local/lib/python3.6/site-packages/airflow/example_dags/example_xcomargs.py
[2023-08-08 23:15:20,561] {scheduler_job.py:643} INFO - DAG(s) dict_keys(['example_xcom_args', 'example_xcom_args_with_operators']) retrieved from /home/airflow/.local/lib/python3.6/site-packages/airflow/example_dags/example_xcomargs.py
[2023-08-08 23:15:21,155] {logging_mixin.py:104} INFO - [2023-08-08 23:15:21,155] {dag.py:1833} INFO - Sync 2 DAGs
[2023-08-08 23:15:21,181] {logging_mixin.py:104} INFO - [2023-08-08 23:15:21,180] {dag.py:2306} INFO - Setting next_dagrun for example_xcom_args to None
[2023-08-08 23:15:21,185] {logging_mixin.py:104} INFO - [2023-08-08 23:15:21,185] {dag.py:2306} INFO - Setting next_dagrun for example_xcom_args_with_operators to None
[2023-08-08 23:15:21,214] {scheduler_job.py:190} INFO - Processing /home/airflow/.local/lib/python3.6/site-packages/airflow/example_dags/example_xcomargs.py took 0.743 seconds
[2023-08-08 23:15:52,363] {scheduler_job.py:182} INFO - Started process (PID=6991) to work on /home/airflow/.local/lib/python3.6/site-packages/airflow/example_dags/example_xcomargs.py
[2023-08-08 23:15:52,371] {scheduler_job.py:633} INFO - Processing file /home/airflow/.local/lib/python3.6/site-packages/airflow/example_dags/example_xcomargs.py for tasks to queue
[2023-08-08 23:15:52,372] {logging_mixin.py:104} INFO - [2023-08-08 23:15:52,372] {dagbag.py:496} INFO - Filling up the DagBag from /home/airflow/.local/lib/python3.6/site-packages/airflow/example_dags/example_xcomargs.py
[2023-08-08 23:15:52,485] {scheduler_job.py:643} INFO - DAG(s) dict_keys(['example_xcom_args', 'example_xcom_args_with_operators']) retrieved from /home/airflow/.local/lib/python3.6/site-packages/airflow/example_dags/example_xcomargs.py
[2023-08-08 23:15:52,941] {logging_mixin.py:104} INFO - [2023-08-08 23:15:52,940] {dag.py:1833} INFO - Sync 2 DAGs
[2023-08-08 23:15:52,972] {logging_mixin.py:104} INFO - [2023-08-08 23:15:52,972] {dag.py:2306} INFO - Setting next_dagrun for example_xcom_args to None
[2023-08-08 23:15:52,979] {logging_mixin.py:104} INFO - [2023-08-08 23:15:52,978] {dag.py:2306} INFO - Setting next_dagrun for example_xcom_args_with_operators to None
[2023-08-08 23:15:53,009] {scheduler_job.py:190} INFO - Processing /home/airflow/.local/lib/python3.6/site-packages/airflow/example_dags/example_xcomargs.py took 0.659 seconds
[2023-08-08 23:16:24,699] {scheduler_job.py:182} INFO - Started process (PID=7041) to work on /home/airflow/.local/lib/python3.6/site-packages/airflow/example_dags/example_xcomargs.py
[2023-08-08 23:16:24,717] {scheduler_job.py:633} INFO - Processing file /home/airflow/.local/lib/python3.6/site-packages/airflow/example_dags/example_xcomargs.py for tasks to queue
[2023-08-08 23:16:24,725] {logging_mixin.py:104} INFO - [2023-08-08 23:16:24,725] {dagbag.py:496} INFO - Filling up the DagBag from /home/airflow/.local/lib/python3.6/site-packages/airflow/example_dags/example_xcomargs.py
[2023-08-08 23:16:24,889] {scheduler_job.py:643} INFO - DAG(s) dict_keys(['example_xcom_args', 'example_xcom_args_with_operators']) retrieved from /home/airflow/.local/lib/python3.6/site-packages/airflow/example_dags/example_xcomargs.py
[2023-08-08 23:16:27,004] {logging_mixin.py:104} INFO - [2023-08-08 23:16:27,004] {dag.py:1833} INFO - Sync 2 DAGs
[2023-08-08 23:16:27,119] {logging_mixin.py:104} INFO - [2023-08-08 23:16:27,119] {dag.py:2306} INFO - Setting next_dagrun for example_xcom_args to None
[2023-08-08 23:16:27,160] {logging_mixin.py:104} INFO - [2023-08-08 23:16:27,123] {dag.py:2306} INFO - Setting next_dagrun for example_xcom_args_with_operators to None
[2023-08-08 23:16:27,241] {scheduler_job.py:190} INFO - Processing /home/airflow/.local/lib/python3.6/site-packages/airflow/example_dags/example_xcomargs.py took 2.558 seconds
[2023-08-08 23:16:57,429] {scheduler_job.py:182} INFO - Started process (PID=7084) to work on /home/airflow/.local/lib/python3.6/site-packages/airflow/example_dags/example_xcomargs.py
[2023-08-08 23:16:57,432] {scheduler_job.py:633} INFO - Processing file /home/airflow/.local/lib/python3.6/site-packages/airflow/example_dags/example_xcomargs.py for tasks to queue
[2023-08-08 23:16:57,435] {logging_mixin.py:104} INFO - [2023-08-08 23:16:57,435] {dagbag.py:496} INFO - Filling up the DagBag from /home/airflow/.local/lib/python3.6/site-packages/airflow/example_dags/example_xcomargs.py
[2023-08-08 23:16:57,506] {scheduler_job.py:643} INFO - DAG(s) dict_keys(['example_xcom_args', 'example_xcom_args_with_operators']) retrieved from /home/airflow/.local/lib/python3.6/site-packages/airflow/example_dags/example_xcomargs.py
[2023-08-08 23:16:58,127] {logging_mixin.py:104} INFO - [2023-08-08 23:16:58,127] {dag.py:1833} INFO - Sync 2 DAGs
[2023-08-08 23:16:58,173] {logging_mixin.py:104} INFO - [2023-08-08 23:16:58,173] {dag.py:2306} INFO - Setting next_dagrun for example_xcom_args to None
[2023-08-08 23:16:58,176] {logging_mixin.py:104} INFO - [2023-08-08 23:16:58,176] {dag.py:2306} INFO - Setting next_dagrun for example_xcom_args_with_operators to None
[2023-08-08 23:16:58,289] {scheduler_job.py:190} INFO - Processing /home/airflow/.local/lib/python3.6/site-packages/airflow/example_dags/example_xcomargs.py took 0.876 seconds
[2023-08-08 23:17:28,813] {scheduler_job.py:182} INFO - Started process (PID=7134) to work on /home/airflow/.local/lib/python3.6/site-packages/airflow/example_dags/example_xcomargs.py
[2023-08-08 23:17:28,824] {scheduler_job.py:633} INFO - Processing file /home/airflow/.local/lib/python3.6/site-packages/airflow/example_dags/example_xcomargs.py for tasks to queue
[2023-08-08 23:17:28,829] {logging_mixin.py:104} INFO - [2023-08-08 23:17:28,829] {dagbag.py:496} INFO - Filling up the DagBag from /home/airflow/.local/lib/python3.6/site-packages/airflow/example_dags/example_xcomargs.py
[2023-08-08 23:17:28,884] {scheduler_job.py:643} INFO - DAG(s) dict_keys(['example_xcom_args', 'example_xcom_args_with_operators']) retrieved from /home/airflow/.local/lib/python3.6/site-packages/airflow/example_dags/example_xcomargs.py
[2023-08-08 23:17:29,381] {logging_mixin.py:104} INFO - [2023-08-08 23:17:29,381] {dag.py:1833} INFO - Sync 2 DAGs
[2023-08-08 23:17:29,406] {logging_mixin.py:104} INFO - [2023-08-08 23:17:29,406] {dag.py:2306} INFO - Setting next_dagrun for example_xcom_args to None
[2023-08-08 23:17:29,410] {logging_mixin.py:104} INFO - [2023-08-08 23:17:29,409] {dag.py:2306} INFO - Setting next_dagrun for example_xcom_args_with_operators to None
[2023-08-08 23:17:29,438] {scheduler_job.py:190} INFO - Processing /home/airflow/.local/lib/python3.6/site-packages/airflow/example_dags/example_xcomargs.py took 0.646 seconds
[2023-08-08 23:18:00,012] {scheduler_job.py:182} INFO - Started process (PID=7185) to work on /home/airflow/.local/lib/python3.6/site-packages/airflow/example_dags/example_xcomargs.py
[2023-08-08 23:18:00,020] {scheduler_job.py:633} INFO - Processing file /home/airflow/.local/lib/python3.6/site-packages/airflow/example_dags/example_xcomargs.py for tasks to queue
[2023-08-08 23:18:00,031] {logging_mixin.py:104} INFO - [2023-08-08 23:18:00,023] {dagbag.py:496} INFO - Filling up the DagBag from /home/airflow/.local/lib/python3.6/site-packages/airflow/example_dags/example_xcomargs.py
[2023-08-08 23:18:00,172] {scheduler_job.py:643} INFO - DAG(s) dict_keys(['example_xcom_args', 'example_xcom_args_with_operators']) retrieved from /home/airflow/.local/lib/python3.6/site-packages/airflow/example_dags/example_xcomargs.py
[2023-08-08 23:18:01,107] {logging_mixin.py:104} INFO - [2023-08-08 23:18:01,107] {dag.py:1833} INFO - Sync 2 DAGs
[2023-08-08 23:18:01,159] {logging_mixin.py:104} INFO - [2023-08-08 23:18:01,159] {dag.py:2306} INFO - Setting next_dagrun for example_xcom_args to None
[2023-08-08 23:18:01,173] {logging_mixin.py:104} INFO - [2023-08-08 23:18:01,173] {dag.py:2306} INFO - Setting next_dagrun for example_xcom_args_with_operators to None
[2023-08-08 23:18:01,228] {scheduler_job.py:190} INFO - Processing /home/airflow/.local/lib/python3.6/site-packages/airflow/example_dags/example_xcomargs.py took 1.239 seconds
[2023-08-08 23:18:33,386] {scheduler_job.py:182} INFO - Started process (PID=7235) to work on /home/airflow/.local/lib/python3.6/site-packages/airflow/example_dags/example_xcomargs.py
[2023-08-08 23:18:33,402] {scheduler_job.py:633} INFO - Processing file /home/airflow/.local/lib/python3.6/site-packages/airflow/example_dags/example_xcomargs.py for tasks to queue
[2023-08-08 23:18:33,413] {logging_mixin.py:104} INFO - [2023-08-08 23:18:33,413] {dagbag.py:496} INFO - Filling up the DagBag from /home/airflow/.local/lib/python3.6/site-packages/airflow/example_dags/example_xcomargs.py
[2023-08-08 23:18:33,867] {scheduler_job.py:643} INFO - DAG(s) dict_keys(['example_xcom_args', 'example_xcom_args_with_operators']) retrieved from /home/airflow/.local/lib/python3.6/site-packages/airflow/example_dags/example_xcomargs.py
[2023-08-08 23:18:34,134] {logging_mixin.py:104} INFO - [2023-08-08 23:18:34,134] {dag.py:1833} INFO - Sync 2 DAGs
[2023-08-08 23:18:34,201] {logging_mixin.py:104} INFO - [2023-08-08 23:18:34,201] {dag.py:2306} INFO - Setting next_dagrun for example_xcom_args to None
[2023-08-08 23:18:34,215] {logging_mixin.py:104} INFO - [2023-08-08 23:18:34,215] {dag.py:2306} INFO - Setting next_dagrun for example_xcom_args_with_operators to None
[2023-08-08 23:18:34,255] {scheduler_job.py:190} INFO - Processing /home/airflow/.local/lib/python3.6/site-packages/airflow/example_dags/example_xcomargs.py took 0.909 seconds
[2023-08-08 23:19:05,697] {scheduler_job.py:182} INFO - Started process (PID=7288) to work on /home/airflow/.local/lib/python3.6/site-packages/airflow/example_dags/example_xcomargs.py
[2023-08-08 23:19:05,773] {scheduler_job.py:633} INFO - Processing file /home/airflow/.local/lib/python3.6/site-packages/airflow/example_dags/example_xcomargs.py for tasks to queue
[2023-08-08 23:19:05,789] {logging_mixin.py:104} INFO - [2023-08-08 23:19:05,789] {dagbag.py:496} INFO - Filling up the DagBag from /home/airflow/.local/lib/python3.6/site-packages/airflow/example_dags/example_xcomargs.py
[2023-08-08 23:19:05,930] {scheduler_job.py:643} INFO - DAG(s) dict_keys(['example_xcom_args', 'example_xcom_args_with_operators']) retrieved from /home/airflow/.local/lib/python3.6/site-packages/airflow/example_dags/example_xcomargs.py
[2023-08-08 23:19:06,743] {logging_mixin.py:104} INFO - [2023-08-08 23:19:06,742] {dag.py:1833} INFO - Sync 2 DAGs
[2023-08-08 23:19:06,789] {logging_mixin.py:104} INFO - [2023-08-08 23:19:06,789] {dag.py:2306} INFO - Setting next_dagrun for example_xcom_args to None
[2023-08-08 23:19:06,792] {logging_mixin.py:104} INFO - [2023-08-08 23:19:06,792] {dag.py:2306} INFO - Setting next_dagrun for example_xcom_args_with_operators to None
[2023-08-08 23:19:06,860] {scheduler_job.py:190} INFO - Processing /home/airflow/.local/lib/python3.6/site-packages/airflow/example_dags/example_xcomargs.py took 1.218 seconds
[2023-08-08 23:19:37,549] {scheduler_job.py:182} INFO - Started process (PID=7332) to work on /home/airflow/.local/lib/python3.6/site-packages/airflow/example_dags/example_xcomargs.py
[2023-08-08 23:19:37,554] {scheduler_job.py:633} INFO - Processing file /home/airflow/.local/lib/python3.6/site-packages/airflow/example_dags/example_xcomargs.py for tasks to queue
[2023-08-08 23:19:37,558] {logging_mixin.py:104} INFO - [2023-08-08 23:19:37,558] {dagbag.py:496} INFO - Filling up the DagBag from /home/airflow/.local/lib/python3.6/site-packages/airflow/example_dags/example_xcomargs.py
[2023-08-08 23:19:37,645] {scheduler_job.py:643} INFO - DAG(s) dict_keys(['example_xcom_args', 'example_xcom_args_with_operators']) retrieved from /home/airflow/.local/lib/python3.6/site-packages/airflow/example_dags/example_xcomargs.py
[2023-08-08 23:19:38,163] {logging_mixin.py:104} INFO - [2023-08-08 23:19:38,163] {dag.py:1833} INFO - Sync 2 DAGs
[2023-08-08 23:19:38,190] {logging_mixin.py:104} INFO - [2023-08-08 23:19:38,189] {dag.py:2306} INFO - Setting next_dagrun for example_xcom_args to None
[2023-08-08 23:19:38,193] {logging_mixin.py:104} INFO - [2023-08-08 23:19:38,193] {dag.py:2306} INFO - Setting next_dagrun for example_xcom_args_with_operators to None
[2023-08-08 23:19:38,219] {scheduler_job.py:190} INFO - Processing /home/airflow/.local/lib/python3.6/site-packages/airflow/example_dags/example_xcomargs.py took 0.684 seconds
[2023-08-08 23:20:08,470] {scheduler_job.py:182} INFO - Started process (PID=7384) to work on /home/airflow/.local/lib/python3.6/site-packages/airflow/example_dags/example_xcomargs.py
[2023-08-08 23:20:08,473] {scheduler_job.py:633} INFO - Processing file /home/airflow/.local/lib/python3.6/site-packages/airflow/example_dags/example_xcomargs.py for tasks to queue
[2023-08-08 23:20:08,475] {logging_mixin.py:104} INFO - [2023-08-08 23:20:08,475] {dagbag.py:496} INFO - Filling up the DagBag from /home/airflow/.local/lib/python3.6/site-packages/airflow/example_dags/example_xcomargs.py
[2023-08-08 23:20:08,509] {scheduler_job.py:643} INFO - DAG(s) dict_keys(['example_xcom_args', 'example_xcom_args_with_operators']) retrieved from /home/airflow/.local/lib/python3.6/site-packages/airflow/example_dags/example_xcomargs.py
[2023-08-08 23:20:08,789] {logging_mixin.py:104} INFO - [2023-08-08 23:20:08,788] {dag.py:1833} INFO - Sync 2 DAGs
[2023-08-08 23:20:08,805] {logging_mixin.py:104} INFO - [2023-08-08 23:20:08,805] {dag.py:2306} INFO - Setting next_dagrun for example_xcom_args to None
[2023-08-08 23:20:08,807] {logging_mixin.py:104} INFO - [2023-08-08 23:20:08,807] {dag.py:2306} INFO - Setting next_dagrun for example_xcom_args_with_operators to None
[2023-08-08 23:20:08,825] {scheduler_job.py:190} INFO - Processing /home/airflow/.local/lib/python3.6/site-packages/airflow/example_dags/example_xcomargs.py took 0.362 seconds
