[2023-08-08 22:59:56,770] {scheduler_job.py:182} INFO - Started process (PID=5452) to work on /home/airflow/.local/lib/python3.6/site-packages/airflow/example_dags/example_nested_branch_dag.py
[2023-08-08 22:59:56,783] {scheduler_job.py:633} INFO - Processing file /home/airflow/.local/lib/python3.6/site-packages/airflow/example_dags/example_nested_branch_dag.py for tasks to queue
[2023-08-08 22:59:56,793] {logging_mixin.py:104} INFO - [2023-08-08 22:59:56,793] {dagbag.py:496} INFO - Filling up the DagBag from /home/airflow/.local/lib/python3.6/site-packages/airflow/example_dags/example_nested_branch_dag.py
[2023-08-08 22:59:56,928] {scheduler_job.py:643} INFO - DAG(s) dict_keys(['example_nested_branch_dag']) retrieved from /home/airflow/.local/lib/python3.6/site-packages/airflow/example_dags/example_nested_branch_dag.py
[2023-08-08 22:59:58,117] {logging_mixin.py:104} INFO - [2023-08-08 22:59:58,116] {dag.py:1833} INFO - Sync 1 DAGs
[2023-08-08 22:59:58,166] {logging_mixin.py:104} INFO - [2023-08-08 22:59:58,166] {dag.py:2306} INFO - Setting next_dagrun for example_nested_branch_dag to 2023-08-06 00:00:00+00:00
[2023-08-08 22:59:58,209] {scheduler_job.py:190} INFO - Processing /home/airflow/.local/lib/python3.6/site-packages/airflow/example_dags/example_nested_branch_dag.py took 1.473 seconds
[2023-08-08 23:00:28,324] {scheduler_job.py:182} INFO - Started process (PID=5503) to work on /home/airflow/.local/lib/python3.6/site-packages/airflow/example_dags/example_nested_branch_dag.py
[2023-08-08 23:00:28,335] {scheduler_job.py:633} INFO - Processing file /home/airflow/.local/lib/python3.6/site-packages/airflow/example_dags/example_nested_branch_dag.py for tasks to queue
[2023-08-08 23:00:28,343] {logging_mixin.py:104} INFO - [2023-08-08 23:00:28,342] {dagbag.py:496} INFO - Filling up the DagBag from /home/airflow/.local/lib/python3.6/site-packages/airflow/example_dags/example_nested_branch_dag.py
[2023-08-08 23:00:28,387] {scheduler_job.py:643} INFO - DAG(s) dict_keys(['example_nested_branch_dag']) retrieved from /home/airflow/.local/lib/python3.6/site-packages/airflow/example_dags/example_nested_branch_dag.py
[2023-08-08 23:00:28,439] {logging_mixin.py:104} INFO - [2023-08-08 23:00:28,439] {dag.py:1833} INFO - Sync 1 DAGs
[2023-08-08 23:00:28,471] {logging_mixin.py:104} INFO - [2023-08-08 23:00:28,470] {dag.py:2306} INFO - Setting next_dagrun for example_nested_branch_dag to 2023-08-06 00:00:00+00:00
[2023-08-08 23:00:28,569] {scheduler_job.py:190} INFO - Processing /home/airflow/.local/lib/python3.6/site-packages/airflow/example_dags/example_nested_branch_dag.py took 0.278 seconds
[2023-08-08 23:00:58,699] {scheduler_job.py:182} INFO - Started process (PID=5555) to work on /home/airflow/.local/lib/python3.6/site-packages/airflow/example_dags/example_nested_branch_dag.py
[2023-08-08 23:00:58,701] {scheduler_job.py:633} INFO - Processing file /home/airflow/.local/lib/python3.6/site-packages/airflow/example_dags/example_nested_branch_dag.py for tasks to queue
[2023-08-08 23:00:58,702] {logging_mixin.py:104} INFO - [2023-08-08 23:00:58,702] {dagbag.py:496} INFO - Filling up the DagBag from /home/airflow/.local/lib/python3.6/site-packages/airflow/example_dags/example_nested_branch_dag.py
[2023-08-08 23:00:58,724] {scheduler_job.py:643} INFO - DAG(s) dict_keys(['example_nested_branch_dag']) retrieved from /home/airflow/.local/lib/python3.6/site-packages/airflow/example_dags/example_nested_branch_dag.py
[2023-08-08 23:00:58,754] {logging_mixin.py:104} INFO - [2023-08-08 23:00:58,754] {dag.py:1833} INFO - Sync 1 DAGs
[2023-08-08 23:00:58,774] {logging_mixin.py:104} INFO - [2023-08-08 23:00:58,774] {dag.py:2306} INFO - Setting next_dagrun for example_nested_branch_dag to 2023-08-06 00:00:00+00:00
[2023-08-08 23:00:58,793] {scheduler_job.py:190} INFO - Processing /home/airflow/.local/lib/python3.6/site-packages/airflow/example_dags/example_nested_branch_dag.py took 0.100 seconds
[2023-08-08 23:01:29,853] {scheduler_job.py:182} INFO - Started process (PID=5611) to work on /home/airflow/.local/lib/python3.6/site-packages/airflow/example_dags/example_nested_branch_dag.py
[2023-08-08 23:01:29,863] {scheduler_job.py:633} INFO - Processing file /home/airflow/.local/lib/python3.6/site-packages/airflow/example_dags/example_nested_branch_dag.py for tasks to queue
[2023-08-08 23:01:29,869] {logging_mixin.py:104} INFO - [2023-08-08 23:01:29,869] {dagbag.py:496} INFO - Filling up the DagBag from /home/airflow/.local/lib/python3.6/site-packages/airflow/example_dags/example_nested_branch_dag.py
[2023-08-08 23:01:29,997] {scheduler_job.py:643} INFO - DAG(s) dict_keys(['example_nested_branch_dag']) retrieved from /home/airflow/.local/lib/python3.6/site-packages/airflow/example_dags/example_nested_branch_dag.py
[2023-08-08 23:01:30,116] {logging_mixin.py:104} INFO - [2023-08-08 23:01:30,116] {dag.py:1833} INFO - Sync 1 DAGs
[2023-08-08 23:01:30,195] {logging_mixin.py:104} INFO - [2023-08-08 23:01:30,195] {dag.py:2306} INFO - Setting next_dagrun for example_nested_branch_dag to 2023-08-06 00:00:00+00:00
[2023-08-08 23:01:30,314] {scheduler_job.py:190} INFO - Processing /home/airflow/.local/lib/python3.6/site-packages/airflow/example_dags/example_nested_branch_dag.py took 0.482 seconds
[2023-08-08 23:02:00,560] {scheduler_job.py:182} INFO - Started process (PID=5662) to work on /home/airflow/.local/lib/python3.6/site-packages/airflow/example_dags/example_nested_branch_dag.py
[2023-08-08 23:02:00,566] {scheduler_job.py:633} INFO - Processing file /home/airflow/.local/lib/python3.6/site-packages/airflow/example_dags/example_nested_branch_dag.py for tasks to queue
[2023-08-08 23:02:00,573] {logging_mixin.py:104} INFO - [2023-08-08 23:02:00,573] {dagbag.py:496} INFO - Filling up the DagBag from /home/airflow/.local/lib/python3.6/site-packages/airflow/example_dags/example_nested_branch_dag.py
[2023-08-08 23:02:00,654] {scheduler_job.py:643} INFO - DAG(s) dict_keys(['example_nested_branch_dag']) retrieved from /home/airflow/.local/lib/python3.6/site-packages/airflow/example_dags/example_nested_branch_dag.py
[2023-08-08 23:02:00,746] {logging_mixin.py:104} INFO - [2023-08-08 23:02:00,745] {dag.py:1833} INFO - Sync 1 DAGs
[2023-08-08 23:02:00,786] {logging_mixin.py:104} INFO - [2023-08-08 23:02:00,786] {dag.py:2306} INFO - Setting next_dagrun for example_nested_branch_dag to 2023-08-06 00:00:00+00:00
[2023-08-08 23:02:00,820] {scheduler_job.py:190} INFO - Processing /home/airflow/.local/lib/python3.6/site-packages/airflow/example_dags/example_nested_branch_dag.py took 0.278 seconds
[2023-08-08 23:02:30,945] {scheduler_job.py:182} INFO - Started process (PID=5716) to work on /home/airflow/.local/lib/python3.6/site-packages/airflow/example_dags/example_nested_branch_dag.py
[2023-08-08 23:02:30,951] {scheduler_job.py:633} INFO - Processing file /home/airflow/.local/lib/python3.6/site-packages/airflow/example_dags/example_nested_branch_dag.py for tasks to queue
[2023-08-08 23:02:30,954] {logging_mixin.py:104} INFO - [2023-08-08 23:02:30,953] {dagbag.py:496} INFO - Filling up the DagBag from /home/airflow/.local/lib/python3.6/site-packages/airflow/example_dags/example_nested_branch_dag.py
[2023-08-08 23:02:30,990] {scheduler_job.py:643} INFO - DAG(s) dict_keys(['example_nested_branch_dag']) retrieved from /home/airflow/.local/lib/python3.6/site-packages/airflow/example_dags/example_nested_branch_dag.py
[2023-08-08 23:02:31,020] {logging_mixin.py:104} INFO - [2023-08-08 23:02:31,020] {dag.py:1833} INFO - Sync 1 DAGs
[2023-08-08 23:02:31,043] {logging_mixin.py:104} INFO - [2023-08-08 23:02:31,043] {dag.py:2306} INFO - Setting next_dagrun for example_nested_branch_dag to 2023-08-06 00:00:00+00:00
[2023-08-08 23:02:31,061] {scheduler_job.py:190} INFO - Processing /home/airflow/.local/lib/python3.6/site-packages/airflow/example_dags/example_nested_branch_dag.py took 0.125 seconds
[2023-08-08 23:03:01,523] {scheduler_job.py:182} INFO - Started process (PID=5767) to work on /home/airflow/.local/lib/python3.6/site-packages/airflow/example_dags/example_nested_branch_dag.py
[2023-08-08 23:03:01,528] {scheduler_job.py:633} INFO - Processing file /home/airflow/.local/lib/python3.6/site-packages/airflow/example_dags/example_nested_branch_dag.py for tasks to queue
[2023-08-08 23:03:01,534] {logging_mixin.py:104} INFO - [2023-08-08 23:03:01,533] {dagbag.py:496} INFO - Filling up the DagBag from /home/airflow/.local/lib/python3.6/site-packages/airflow/example_dags/example_nested_branch_dag.py
[2023-08-08 23:03:01,604] {scheduler_job.py:643} INFO - DAG(s) dict_keys(['example_nested_branch_dag']) retrieved from /home/airflow/.local/lib/python3.6/site-packages/airflow/example_dags/example_nested_branch_dag.py
[2023-08-08 23:03:01,677] {logging_mixin.py:104} INFO - [2023-08-08 23:03:01,676] {dag.py:1833} INFO - Sync 1 DAGs
[2023-08-08 23:03:01,742] {logging_mixin.py:104} INFO - [2023-08-08 23:03:01,742] {dag.py:2306} INFO - Setting next_dagrun for example_nested_branch_dag to 2023-08-06 00:00:00+00:00
[2023-08-08 23:03:01,773] {scheduler_job.py:190} INFO - Processing /home/airflow/.local/lib/python3.6/site-packages/airflow/example_dags/example_nested_branch_dag.py took 0.269 seconds
[2023-08-08 23:03:32,217] {scheduler_job.py:182} INFO - Started process (PID=5819) to work on /home/airflow/.local/lib/python3.6/site-packages/airflow/example_dags/example_nested_branch_dag.py
[2023-08-08 23:03:32,230] {scheduler_job.py:633} INFO - Processing file /home/airflow/.local/lib/python3.6/site-packages/airflow/example_dags/example_nested_branch_dag.py for tasks to queue
[2023-08-08 23:03:32,234] {logging_mixin.py:104} INFO - [2023-08-08 23:03:32,233] {dagbag.py:496} INFO - Filling up the DagBag from /home/airflow/.local/lib/python3.6/site-packages/airflow/example_dags/example_nested_branch_dag.py
[2023-08-08 23:03:32,395] {scheduler_job.py:643} INFO - DAG(s) dict_keys(['example_nested_branch_dag']) retrieved from /home/airflow/.local/lib/python3.6/site-packages/airflow/example_dags/example_nested_branch_dag.py
[2023-08-08 23:03:32,538] {logging_mixin.py:104} INFO - [2023-08-08 23:03:32,538] {dag.py:1833} INFO - Sync 1 DAGs
[2023-08-08 23:03:32,660] {logging_mixin.py:104} INFO - [2023-08-08 23:03:32,657] {dag.py:2306} INFO - Setting next_dagrun for example_nested_branch_dag to 2023-08-06 00:00:00+00:00
[2023-08-08 23:03:32,728] {scheduler_job.py:190} INFO - Processing /home/airflow/.local/lib/python3.6/site-packages/airflow/example_dags/example_nested_branch_dag.py took 0.537 seconds
[2023-08-08 23:04:03,516] {scheduler_job.py:182} INFO - Started process (PID=5870) to work on /home/airflow/.local/lib/python3.6/site-packages/airflow/example_dags/example_nested_branch_dag.py
[2023-08-08 23:04:03,523] {scheduler_job.py:633} INFO - Processing file /home/airflow/.local/lib/python3.6/site-packages/airflow/example_dags/example_nested_branch_dag.py for tasks to queue
[2023-08-08 23:04:03,528] {logging_mixin.py:104} INFO - [2023-08-08 23:04:03,528] {dagbag.py:496} INFO - Filling up the DagBag from /home/airflow/.local/lib/python3.6/site-packages/airflow/example_dags/example_nested_branch_dag.py
[2023-08-08 23:04:03,588] {scheduler_job.py:643} INFO - DAG(s) dict_keys(['example_nested_branch_dag']) retrieved from /home/airflow/.local/lib/python3.6/site-packages/airflow/example_dags/example_nested_branch_dag.py
[2023-08-08 23:04:03,683] {logging_mixin.py:104} INFO - [2023-08-08 23:04:03,683] {dag.py:1833} INFO - Sync 1 DAGs
[2023-08-08 23:04:03,741] {logging_mixin.py:104} INFO - [2023-08-08 23:04:03,741] {dag.py:2306} INFO - Setting next_dagrun for example_nested_branch_dag to 2023-08-06 00:00:00+00:00
[2023-08-08 23:04:03,785] {scheduler_job.py:190} INFO - Processing /home/airflow/.local/lib/python3.6/site-packages/airflow/example_dags/example_nested_branch_dag.py took 0.275 seconds
[2023-08-08 23:04:33,917] {scheduler_job.py:182} INFO - Started process (PID=5920) to work on /home/airflow/.local/lib/python3.6/site-packages/airflow/example_dags/example_nested_branch_dag.py
[2023-08-08 23:04:33,923] {scheduler_job.py:633} INFO - Processing file /home/airflow/.local/lib/python3.6/site-packages/airflow/example_dags/example_nested_branch_dag.py for tasks to queue
[2023-08-08 23:04:33,930] {logging_mixin.py:104} INFO - [2023-08-08 23:04:33,930] {dagbag.py:496} INFO - Filling up the DagBag from /home/airflow/.local/lib/python3.6/site-packages/airflow/example_dags/example_nested_branch_dag.py
[2023-08-08 23:04:33,999] {scheduler_job.py:643} INFO - DAG(s) dict_keys(['example_nested_branch_dag']) retrieved from /home/airflow/.local/lib/python3.6/site-packages/airflow/example_dags/example_nested_branch_dag.py
[2023-08-08 23:04:34,052] {logging_mixin.py:104} INFO - [2023-08-08 23:04:34,052] {dag.py:1833} INFO - Sync 1 DAGs
[2023-08-08 23:04:34,079] {logging_mixin.py:104} INFO - [2023-08-08 23:04:34,079] {dag.py:2306} INFO - Setting next_dagrun for example_nested_branch_dag to 2023-08-06 00:00:00+00:00
[2023-08-08 23:04:34,106] {scheduler_job.py:190} INFO - Processing /home/airflow/.local/lib/python3.6/site-packages/airflow/example_dags/example_nested_branch_dag.py took 0.214 seconds
[2023-08-08 23:05:04,573] {scheduler_job.py:182} INFO - Started process (PID=5971) to work on /home/airflow/.local/lib/python3.6/site-packages/airflow/example_dags/example_nested_branch_dag.py
[2023-08-08 23:05:04,576] {scheduler_job.py:633} INFO - Processing file /home/airflow/.local/lib/python3.6/site-packages/airflow/example_dags/example_nested_branch_dag.py for tasks to queue
[2023-08-08 23:05:04,579] {logging_mixin.py:104} INFO - [2023-08-08 23:05:04,579] {dagbag.py:496} INFO - Filling up the DagBag from /home/airflow/.local/lib/python3.6/site-packages/airflow/example_dags/example_nested_branch_dag.py
[2023-08-08 23:05:04,624] {scheduler_job.py:643} INFO - DAG(s) dict_keys(['example_nested_branch_dag']) retrieved from /home/airflow/.local/lib/python3.6/site-packages/airflow/example_dags/example_nested_branch_dag.py
[2023-08-08 23:05:04,692] {logging_mixin.py:104} INFO - [2023-08-08 23:05:04,692] {dag.py:1833} INFO - Sync 1 DAGs
[2023-08-08 23:05:04,758] {logging_mixin.py:104} INFO - [2023-08-08 23:05:04,757] {dag.py:2306} INFO - Setting next_dagrun for example_nested_branch_dag to 2023-08-06 00:00:00+00:00
[2023-08-08 23:05:04,793] {scheduler_job.py:190} INFO - Processing /home/airflow/.local/lib/python3.6/site-packages/airflow/example_dags/example_nested_branch_dag.py took 0.234 seconds
[2023-08-08 23:05:35,206] {scheduler_job.py:182} INFO - Started process (PID=6022) to work on /home/airflow/.local/lib/python3.6/site-packages/airflow/example_dags/example_nested_branch_dag.py
[2023-08-08 23:05:35,214] {scheduler_job.py:633} INFO - Processing file /home/airflow/.local/lib/python3.6/site-packages/airflow/example_dags/example_nested_branch_dag.py for tasks to queue
[2023-08-08 23:05:35,217] {logging_mixin.py:104} INFO - [2023-08-08 23:05:35,217] {dagbag.py:496} INFO - Filling up the DagBag from /home/airflow/.local/lib/python3.6/site-packages/airflow/example_dags/example_nested_branch_dag.py
[2023-08-08 23:05:35,281] {scheduler_job.py:643} INFO - DAG(s) dict_keys(['example_nested_branch_dag']) retrieved from /home/airflow/.local/lib/python3.6/site-packages/airflow/example_dags/example_nested_branch_dag.py
[2023-08-08 23:05:35,347] {logging_mixin.py:104} INFO - [2023-08-08 23:05:35,347] {dag.py:1833} INFO - Sync 1 DAGs
[2023-08-08 23:05:35,433] {logging_mixin.py:104} INFO - [2023-08-08 23:05:35,432] {dag.py:2306} INFO - Setting next_dagrun for example_nested_branch_dag to 2023-08-06 00:00:00+00:00
[2023-08-08 23:05:35,494] {scheduler_job.py:190} INFO - Processing /home/airflow/.local/lib/python3.6/site-packages/airflow/example_dags/example_nested_branch_dag.py took 0.305 seconds
[2023-08-08 23:06:06,245] {scheduler_job.py:182} INFO - Started process (PID=6072) to work on /home/airflow/.local/lib/python3.6/site-packages/airflow/example_dags/example_nested_branch_dag.py
[2023-08-08 23:06:06,262] {scheduler_job.py:633} INFO - Processing file /home/airflow/.local/lib/python3.6/site-packages/airflow/example_dags/example_nested_branch_dag.py for tasks to queue
[2023-08-08 23:06:06,275] {logging_mixin.py:104} INFO - [2023-08-08 23:06:06,274] {dagbag.py:496} INFO - Filling up the DagBag from /home/airflow/.local/lib/python3.6/site-packages/airflow/example_dags/example_nested_branch_dag.py
[2023-08-08 23:06:06,333] {scheduler_job.py:643} INFO - DAG(s) dict_keys(['example_nested_branch_dag']) retrieved from /home/airflow/.local/lib/python3.6/site-packages/airflow/example_dags/example_nested_branch_dag.py
[2023-08-08 23:06:06,495] {logging_mixin.py:104} INFO - [2023-08-08 23:06:06,495] {dag.py:1833} INFO - Sync 1 DAGs
[2023-08-08 23:06:06,614] {logging_mixin.py:104} INFO - [2023-08-08 23:06:06,614] {dag.py:2306} INFO - Setting next_dagrun for example_nested_branch_dag to 2023-08-06 00:00:00+00:00
[2023-08-08 23:06:06,664] {scheduler_job.py:190} INFO - Processing /home/airflow/.local/lib/python3.6/site-packages/airflow/example_dags/example_nested_branch_dag.py took 0.431 seconds
[2023-08-08 23:06:36,863] {scheduler_job.py:182} INFO - Started process (PID=6120) to work on /home/airflow/.local/lib/python3.6/site-packages/airflow/example_dags/example_nested_branch_dag.py
[2023-08-08 23:06:36,873] {scheduler_job.py:633} INFO - Processing file /home/airflow/.local/lib/python3.6/site-packages/airflow/example_dags/example_nested_branch_dag.py for tasks to queue
[2023-08-08 23:06:36,879] {logging_mixin.py:104} INFO - [2023-08-08 23:06:36,879] {dagbag.py:496} INFO - Filling up the DagBag from /home/airflow/.local/lib/python3.6/site-packages/airflow/example_dags/example_nested_branch_dag.py
[2023-08-08 23:06:36,975] {scheduler_job.py:643} INFO - DAG(s) dict_keys(['example_nested_branch_dag']) retrieved from /home/airflow/.local/lib/python3.6/site-packages/airflow/example_dags/example_nested_branch_dag.py
[2023-08-08 23:06:37,095] {logging_mixin.py:104} INFO - [2023-08-08 23:06:37,094] {dag.py:1833} INFO - Sync 1 DAGs
[2023-08-08 23:06:37,150] {logging_mixin.py:104} INFO - [2023-08-08 23:06:37,150] {dag.py:2306} INFO - Setting next_dagrun for example_nested_branch_dag to 2023-08-06 00:00:00+00:00
[2023-08-08 23:06:37,199] {scheduler_job.py:190} INFO - Processing /home/airflow/.local/lib/python3.6/site-packages/airflow/example_dags/example_nested_branch_dag.py took 0.362 seconds
[2023-08-08 23:07:07,386] {scheduler_job.py:182} INFO - Started process (PID=6163) to work on /home/airflow/.local/lib/python3.6/site-packages/airflow/example_dags/example_nested_branch_dag.py
[2023-08-08 23:07:07,391] {scheduler_job.py:633} INFO - Processing file /home/airflow/.local/lib/python3.6/site-packages/airflow/example_dags/example_nested_branch_dag.py for tasks to queue
[2023-08-08 23:07:07,398] {logging_mixin.py:104} INFO - [2023-08-08 23:07:07,397] {dagbag.py:496} INFO - Filling up the DagBag from /home/airflow/.local/lib/python3.6/site-packages/airflow/example_dags/example_nested_branch_dag.py
[2023-08-08 23:07:07,457] {scheduler_job.py:643} INFO - DAG(s) dict_keys(['example_nested_branch_dag']) retrieved from /home/airflow/.local/lib/python3.6/site-packages/airflow/example_dags/example_nested_branch_dag.py
[2023-08-08 23:07:07,512] {logging_mixin.py:104} INFO - [2023-08-08 23:07:07,511] {dag.py:1833} INFO - Sync 1 DAGs
[2023-08-08 23:07:07,583] {logging_mixin.py:104} INFO - [2023-08-08 23:07:07,583] {dag.py:2306} INFO - Setting next_dagrun for example_nested_branch_dag to 2023-08-06 00:00:00+00:00
[2023-08-08 23:07:07,614] {scheduler_job.py:190} INFO - Processing /home/airflow/.local/lib/python3.6/site-packages/airflow/example_dags/example_nested_branch_dag.py took 0.241 seconds
[2023-08-08 23:07:38,128] {scheduler_job.py:182} INFO - Started process (PID=6213) to work on /home/airflow/.local/lib/python3.6/site-packages/airflow/example_dags/example_nested_branch_dag.py
[2023-08-08 23:07:38,132] {scheduler_job.py:633} INFO - Processing file /home/airflow/.local/lib/python3.6/site-packages/airflow/example_dags/example_nested_branch_dag.py for tasks to queue
[2023-08-08 23:07:38,135] {logging_mixin.py:104} INFO - [2023-08-08 23:07:38,134] {dagbag.py:496} INFO - Filling up the DagBag from /home/airflow/.local/lib/python3.6/site-packages/airflow/example_dags/example_nested_branch_dag.py
[2023-08-08 23:07:38,165] {scheduler_job.py:643} INFO - DAG(s) dict_keys(['example_nested_branch_dag']) retrieved from /home/airflow/.local/lib/python3.6/site-packages/airflow/example_dags/example_nested_branch_dag.py
[2023-08-08 23:07:38,209] {logging_mixin.py:104} INFO - [2023-08-08 23:07:38,208] {dag.py:1833} INFO - Sync 1 DAGs
[2023-08-08 23:07:38,240] {logging_mixin.py:104} INFO - [2023-08-08 23:07:38,240] {dag.py:2306} INFO - Setting next_dagrun for example_nested_branch_dag to 2023-08-06 00:00:00+00:00
[2023-08-08 23:07:38,262] {scheduler_job.py:190} INFO - Processing /home/airflow/.local/lib/python3.6/site-packages/airflow/example_dags/example_nested_branch_dag.py took 0.140 seconds
[2023-08-08 23:08:08,979] {scheduler_job.py:182} INFO - Started process (PID=6263) to work on /home/airflow/.local/lib/python3.6/site-packages/airflow/example_dags/example_nested_branch_dag.py
[2023-08-08 23:08:08,986] {scheduler_job.py:633} INFO - Processing file /home/airflow/.local/lib/python3.6/site-packages/airflow/example_dags/example_nested_branch_dag.py for tasks to queue
[2023-08-08 23:08:08,991] {logging_mixin.py:104} INFO - [2023-08-08 23:08:08,990] {dagbag.py:496} INFO - Filling up the DagBag from /home/airflow/.local/lib/python3.6/site-packages/airflow/example_dags/example_nested_branch_dag.py
[2023-08-08 23:08:09,040] {scheduler_job.py:643} INFO - DAG(s) dict_keys(['example_nested_branch_dag']) retrieved from /home/airflow/.local/lib/python3.6/site-packages/airflow/example_dags/example_nested_branch_dag.py
[2023-08-08 23:08:09,088] {logging_mixin.py:104} INFO - [2023-08-08 23:08:09,088] {dag.py:1833} INFO - Sync 1 DAGs
[2023-08-08 23:08:09,122] {logging_mixin.py:104} INFO - [2023-08-08 23:08:09,121] {dag.py:2306} INFO - Setting next_dagrun for example_nested_branch_dag to 2023-08-06 00:00:00+00:00
[2023-08-08 23:08:09,145] {scheduler_job.py:190} INFO - Processing /home/airflow/.local/lib/python3.6/site-packages/airflow/example_dags/example_nested_branch_dag.py took 0.186 seconds
[2023-08-08 23:08:39,584] {scheduler_job.py:182} INFO - Started process (PID=6315) to work on /home/airflow/.local/lib/python3.6/site-packages/airflow/example_dags/example_nested_branch_dag.py
[2023-08-08 23:08:39,590] {scheduler_job.py:633} INFO - Processing file /home/airflow/.local/lib/python3.6/site-packages/airflow/example_dags/example_nested_branch_dag.py for tasks to queue
[2023-08-08 23:08:39,595] {logging_mixin.py:104} INFO - [2023-08-08 23:08:39,594] {dagbag.py:496} INFO - Filling up the DagBag from /home/airflow/.local/lib/python3.6/site-packages/airflow/example_dags/example_nested_branch_dag.py
[2023-08-08 23:08:39,653] {scheduler_job.py:643} INFO - DAG(s) dict_keys(['example_nested_branch_dag']) retrieved from /home/airflow/.local/lib/python3.6/site-packages/airflow/example_dags/example_nested_branch_dag.py
[2023-08-08 23:08:39,703] {logging_mixin.py:104} INFO - [2023-08-08 23:08:39,703] {dag.py:1833} INFO - Sync 1 DAGs
[2023-08-08 23:08:39,761] {logging_mixin.py:104} INFO - [2023-08-08 23:08:39,761] {dag.py:2306} INFO - Setting next_dagrun for example_nested_branch_dag to 2023-08-06 00:00:00+00:00
[2023-08-08 23:08:39,793] {scheduler_job.py:190} INFO - Processing /home/airflow/.local/lib/python3.6/site-packages/airflow/example_dags/example_nested_branch_dag.py took 0.223 seconds
[2023-08-08 23:09:10,159] {scheduler_job.py:182} INFO - Started process (PID=6365) to work on /home/airflow/.local/lib/python3.6/site-packages/airflow/example_dags/example_nested_branch_dag.py
[2023-08-08 23:09:10,166] {scheduler_job.py:633} INFO - Processing file /home/airflow/.local/lib/python3.6/site-packages/airflow/example_dags/example_nested_branch_dag.py for tasks to queue
[2023-08-08 23:09:10,173] {logging_mixin.py:104} INFO - [2023-08-08 23:09:10,172] {dagbag.py:496} INFO - Filling up the DagBag from /home/airflow/.local/lib/python3.6/site-packages/airflow/example_dags/example_nested_branch_dag.py
[2023-08-08 23:09:10,290] {scheduler_job.py:643} INFO - DAG(s) dict_keys(['example_nested_branch_dag']) retrieved from /home/airflow/.local/lib/python3.6/site-packages/airflow/example_dags/example_nested_branch_dag.py
[2023-08-08 23:09:10,513] {logging_mixin.py:104} INFO - [2023-08-08 23:09:10,512] {dag.py:1833} INFO - Sync 1 DAGs
[2023-08-08 23:09:10,620] {logging_mixin.py:104} INFO - [2023-08-08 23:09:10,619] {dag.py:2306} INFO - Setting next_dagrun for example_nested_branch_dag to 2023-08-06 00:00:00+00:00
[2023-08-08 23:09:10,749] {scheduler_job.py:190} INFO - Processing /home/airflow/.local/lib/python3.6/site-packages/airflow/example_dags/example_nested_branch_dag.py took 0.608 seconds
[2023-08-08 23:09:41,569] {scheduler_job.py:182} INFO - Started process (PID=6416) to work on /home/airflow/.local/lib/python3.6/site-packages/airflow/example_dags/example_nested_branch_dag.py
[2023-08-08 23:09:41,577] {scheduler_job.py:633} INFO - Processing file /home/airflow/.local/lib/python3.6/site-packages/airflow/example_dags/example_nested_branch_dag.py for tasks to queue
[2023-08-08 23:09:41,581] {logging_mixin.py:104} INFO - [2023-08-08 23:09:41,581] {dagbag.py:496} INFO - Filling up the DagBag from /home/airflow/.local/lib/python3.6/site-packages/airflow/example_dags/example_nested_branch_dag.py
[2023-08-08 23:09:41,690] {scheduler_job.py:643} INFO - DAG(s) dict_keys(['example_nested_branch_dag']) retrieved from /home/airflow/.local/lib/python3.6/site-packages/airflow/example_dags/example_nested_branch_dag.py
[2023-08-08 23:09:41,779] {logging_mixin.py:104} INFO - [2023-08-08 23:09:41,778] {dag.py:1833} INFO - Sync 1 DAGs
[2023-08-08 23:09:41,807] {logging_mixin.py:104} INFO - [2023-08-08 23:09:41,807] {dag.py:2306} INFO - Setting next_dagrun for example_nested_branch_dag to 2023-08-06 00:00:00+00:00
[2023-08-08 23:09:41,826] {scheduler_job.py:190} INFO - Processing /home/airflow/.local/lib/python3.6/site-packages/airflow/example_dags/example_nested_branch_dag.py took 0.284 seconds
[2023-08-08 23:10:12,052] {scheduler_job.py:182} INFO - Started process (PID=6468) to work on /home/airflow/.local/lib/python3.6/site-packages/airflow/example_dags/example_nested_branch_dag.py
[2023-08-08 23:10:12,057] {scheduler_job.py:633} INFO - Processing file /home/airflow/.local/lib/python3.6/site-packages/airflow/example_dags/example_nested_branch_dag.py for tasks to queue
[2023-08-08 23:10:12,064] {logging_mixin.py:104} INFO - [2023-08-08 23:10:12,063] {dagbag.py:496} INFO - Filling up the DagBag from /home/airflow/.local/lib/python3.6/site-packages/airflow/example_dags/example_nested_branch_dag.py
[2023-08-08 23:10:12,229] {scheduler_job.py:643} INFO - DAG(s) dict_keys(['example_nested_branch_dag']) retrieved from /home/airflow/.local/lib/python3.6/site-packages/airflow/example_dags/example_nested_branch_dag.py
[2023-08-08 23:10:12,322] {logging_mixin.py:104} INFO - [2023-08-08 23:10:12,322] {dag.py:1833} INFO - Sync 1 DAGs
[2023-08-08 23:10:12,393] {logging_mixin.py:104} INFO - [2023-08-08 23:10:12,393] {dag.py:2306} INFO - Setting next_dagrun for example_nested_branch_dag to 2023-08-06 00:00:00+00:00
[2023-08-08 23:10:12,426] {scheduler_job.py:190} INFO - Processing /home/airflow/.local/lib/python3.6/site-packages/airflow/example_dags/example_nested_branch_dag.py took 0.392 seconds
[2023-08-08 23:10:43,250] {scheduler_job.py:182} INFO - Started process (PID=6518) to work on /home/airflow/.local/lib/python3.6/site-packages/airflow/example_dags/example_nested_branch_dag.py
[2023-08-08 23:10:43,255] {scheduler_job.py:633} INFO - Processing file /home/airflow/.local/lib/python3.6/site-packages/airflow/example_dags/example_nested_branch_dag.py for tasks to queue
[2023-08-08 23:10:43,260] {logging_mixin.py:104} INFO - [2023-08-08 23:10:43,260] {dagbag.py:496} INFO - Filling up the DagBag from /home/airflow/.local/lib/python3.6/site-packages/airflow/example_dags/example_nested_branch_dag.py
[2023-08-08 23:10:43,301] {scheduler_job.py:643} INFO - DAG(s) dict_keys(['example_nested_branch_dag']) retrieved from /home/airflow/.local/lib/python3.6/site-packages/airflow/example_dags/example_nested_branch_dag.py
[2023-08-08 23:10:43,371] {logging_mixin.py:104} INFO - [2023-08-08 23:10:43,371] {dag.py:1833} INFO - Sync 1 DAGs
[2023-08-08 23:10:43,427] {logging_mixin.py:104} INFO - [2023-08-08 23:10:43,427] {dag.py:2306} INFO - Setting next_dagrun for example_nested_branch_dag to 2023-08-06 00:00:00+00:00
[2023-08-08 23:10:43,450] {scheduler_job.py:190} INFO - Processing /home/airflow/.local/lib/python3.6/site-packages/airflow/example_dags/example_nested_branch_dag.py took 0.219 seconds
[2023-08-08 23:11:14,065] {scheduler_job.py:182} INFO - Started process (PID=6568) to work on /home/airflow/.local/lib/python3.6/site-packages/airflow/example_dags/example_nested_branch_dag.py
[2023-08-08 23:11:14,069] {scheduler_job.py:633} INFO - Processing file /home/airflow/.local/lib/python3.6/site-packages/airflow/example_dags/example_nested_branch_dag.py for tasks to queue
[2023-08-08 23:11:14,071] {logging_mixin.py:104} INFO - [2023-08-08 23:11:14,071] {dagbag.py:496} INFO - Filling up the DagBag from /home/airflow/.local/lib/python3.6/site-packages/airflow/example_dags/example_nested_branch_dag.py
[2023-08-08 23:11:14,117] {scheduler_job.py:643} INFO - DAG(s) dict_keys(['example_nested_branch_dag']) retrieved from /home/airflow/.local/lib/python3.6/site-packages/airflow/example_dags/example_nested_branch_dag.py
[2023-08-08 23:11:14,165] {logging_mixin.py:104} INFO - [2023-08-08 23:11:14,165] {dag.py:1833} INFO - Sync 1 DAGs
[2023-08-08 23:11:14,204] {logging_mixin.py:104} INFO - [2023-08-08 23:11:14,204] {dag.py:2306} INFO - Setting next_dagrun for example_nested_branch_dag to 2023-08-06 00:00:00+00:00
[2023-08-08 23:11:14,231] {scheduler_job.py:190} INFO - Processing /home/airflow/.local/lib/python3.6/site-packages/airflow/example_dags/example_nested_branch_dag.py took 0.175 seconds
[2023-08-08 23:11:45,128] {scheduler_job.py:182} INFO - Started process (PID=6619) to work on /home/airflow/.local/lib/python3.6/site-packages/airflow/example_dags/example_nested_branch_dag.py
[2023-08-08 23:11:45,226] {scheduler_job.py:633} INFO - Processing file /home/airflow/.local/lib/python3.6/site-packages/airflow/example_dags/example_nested_branch_dag.py for tasks to queue
[2023-08-08 23:11:45,236] {logging_mixin.py:104} INFO - [2023-08-08 23:11:45,235] {dagbag.py:496} INFO - Filling up the DagBag from /home/airflow/.local/lib/python3.6/site-packages/airflow/example_dags/example_nested_branch_dag.py
[2023-08-08 23:11:45,537] {scheduler_job.py:643} INFO - DAG(s) dict_keys(['example_nested_branch_dag']) retrieved from /home/airflow/.local/lib/python3.6/site-packages/airflow/example_dags/example_nested_branch_dag.py
[2023-08-08 23:11:45,728] {logging_mixin.py:104} INFO - [2023-08-08 23:11:45,727] {dag.py:1833} INFO - Sync 1 DAGs
[2023-08-08 23:11:45,881] {logging_mixin.py:104} INFO - [2023-08-08 23:11:45,881] {dag.py:2306} INFO - Setting next_dagrun for example_nested_branch_dag to 2023-08-06 00:00:00+00:00
[2023-08-08 23:11:45,989] {scheduler_job.py:190} INFO - Processing /home/airflow/.local/lib/python3.6/site-packages/airflow/example_dags/example_nested_branch_dag.py took 0.909 seconds
[2023-08-08 23:12:16,075] {scheduler_job.py:182} INFO - Started process (PID=6660) to work on /home/airflow/.local/lib/python3.6/site-packages/airflow/example_dags/example_nested_branch_dag.py
[2023-08-08 23:12:16,082] {scheduler_job.py:633} INFO - Processing file /home/airflow/.local/lib/python3.6/site-packages/airflow/example_dags/example_nested_branch_dag.py for tasks to queue
[2023-08-08 23:12:16,084] {logging_mixin.py:104} INFO - [2023-08-08 23:12:16,083] {dagbag.py:496} INFO - Filling up the DagBag from /home/airflow/.local/lib/python3.6/site-packages/airflow/example_dags/example_nested_branch_dag.py
[2023-08-08 23:12:16,121] {scheduler_job.py:643} INFO - DAG(s) dict_keys(['example_nested_branch_dag']) retrieved from /home/airflow/.local/lib/python3.6/site-packages/airflow/example_dags/example_nested_branch_dag.py
[2023-08-08 23:12:16,172] {logging_mixin.py:104} INFO - [2023-08-08 23:12:16,172] {dag.py:1833} INFO - Sync 1 DAGs
[2023-08-08 23:12:16,207] {logging_mixin.py:104} INFO - [2023-08-08 23:12:16,207] {dag.py:2306} INFO - Setting next_dagrun for example_nested_branch_dag to 2023-08-06 00:00:00+00:00
[2023-08-08 23:12:16,233] {scheduler_job.py:190} INFO - Processing /home/airflow/.local/lib/python3.6/site-packages/airflow/example_dags/example_nested_branch_dag.py took 0.167 seconds
[2023-08-08 23:12:48,111] {scheduler_job.py:182} INFO - Started process (PID=6709) to work on /home/airflow/.local/lib/python3.6/site-packages/airflow/example_dags/example_nested_branch_dag.py
[2023-08-08 23:12:48,115] {scheduler_job.py:633} INFO - Processing file /home/airflow/.local/lib/python3.6/site-packages/airflow/example_dags/example_nested_branch_dag.py for tasks to queue
[2023-08-08 23:12:48,120] {logging_mixin.py:104} INFO - [2023-08-08 23:12:48,118] {dagbag.py:496} INFO - Filling up the DagBag from /home/airflow/.local/lib/python3.6/site-packages/airflow/example_dags/example_nested_branch_dag.py
[2023-08-08 23:12:48,186] {scheduler_job.py:643} INFO - DAG(s) dict_keys(['example_nested_branch_dag']) retrieved from /home/airflow/.local/lib/python3.6/site-packages/airflow/example_dags/example_nested_branch_dag.py
[2023-08-08 23:12:48,312] {logging_mixin.py:104} INFO - [2023-08-08 23:12:48,312] {dag.py:1833} INFO - Sync 1 DAGs
[2023-08-08 23:12:48,369] {logging_mixin.py:104} INFO - [2023-08-08 23:12:48,369] {dag.py:2306} INFO - Setting next_dagrun for example_nested_branch_dag to 2023-08-06 00:00:00+00:00
[2023-08-08 23:12:48,419] {scheduler_job.py:190} INFO - Processing /home/airflow/.local/lib/python3.6/site-packages/airflow/example_dags/example_nested_branch_dag.py took 0.337 seconds
[2023-08-08 23:13:19,148] {scheduler_job.py:182} INFO - Started process (PID=6760) to work on /home/airflow/.local/lib/python3.6/site-packages/airflow/example_dags/example_nested_branch_dag.py
[2023-08-08 23:13:19,178] {scheduler_job.py:633} INFO - Processing file /home/airflow/.local/lib/python3.6/site-packages/airflow/example_dags/example_nested_branch_dag.py for tasks to queue
[2023-08-08 23:13:19,215] {logging_mixin.py:104} INFO - [2023-08-08 23:13:19,214] {dagbag.py:496} INFO - Filling up the DagBag from /home/airflow/.local/lib/python3.6/site-packages/airflow/example_dags/example_nested_branch_dag.py
[2023-08-08 23:13:19,377] {scheduler_job.py:643} INFO - DAG(s) dict_keys(['example_nested_branch_dag']) retrieved from /home/airflow/.local/lib/python3.6/site-packages/airflow/example_dags/example_nested_branch_dag.py
[2023-08-08 23:13:19,551] {logging_mixin.py:104} INFO - [2023-08-08 23:13:19,551] {dag.py:1833} INFO - Sync 1 DAGs
[2023-08-08 23:13:19,659] {logging_mixin.py:104} INFO - [2023-08-08 23:13:19,652] {dag.py:2306} INFO - Setting next_dagrun for example_nested_branch_dag to 2023-08-06 00:00:00+00:00
[2023-08-08 23:13:19,727] {scheduler_job.py:190} INFO - Processing /home/airflow/.local/lib/python3.6/site-packages/airflow/example_dags/example_nested_branch_dag.py took 0.606 seconds
[2023-08-08 23:13:50,145] {scheduler_job.py:182} INFO - Started process (PID=6802) to work on /home/airflow/.local/lib/python3.6/site-packages/airflow/example_dags/example_nested_branch_dag.py
[2023-08-08 23:13:50,150] {scheduler_job.py:633} INFO - Processing file /home/airflow/.local/lib/python3.6/site-packages/airflow/example_dags/example_nested_branch_dag.py for tasks to queue
[2023-08-08 23:13:50,154] {logging_mixin.py:104} INFO - [2023-08-08 23:13:50,153] {dagbag.py:496} INFO - Filling up the DagBag from /home/airflow/.local/lib/python3.6/site-packages/airflow/example_dags/example_nested_branch_dag.py
[2023-08-08 23:13:50,200] {scheduler_job.py:643} INFO - DAG(s) dict_keys(['example_nested_branch_dag']) retrieved from /home/airflow/.local/lib/python3.6/site-packages/airflow/example_dags/example_nested_branch_dag.py
[2023-08-08 23:13:50,275] {logging_mixin.py:104} INFO - [2023-08-08 23:13:50,274] {dag.py:1833} INFO - Sync 1 DAGs
[2023-08-08 23:13:50,320] {logging_mixin.py:104} INFO - [2023-08-08 23:13:50,320] {dag.py:2306} INFO - Setting next_dagrun for example_nested_branch_dag to 2023-08-06 00:00:00+00:00
[2023-08-08 23:13:50,350] {scheduler_job.py:190} INFO - Processing /home/airflow/.local/lib/python3.6/site-packages/airflow/example_dags/example_nested_branch_dag.py took 0.218 seconds
[2023-08-08 23:14:21,270] {scheduler_job.py:182} INFO - Started process (PID=6853) to work on /home/airflow/.local/lib/python3.6/site-packages/airflow/example_dags/example_nested_branch_dag.py
[2023-08-08 23:14:21,276] {scheduler_job.py:633} INFO - Processing file /home/airflow/.local/lib/python3.6/site-packages/airflow/example_dags/example_nested_branch_dag.py for tasks to queue
[2023-08-08 23:14:21,280] {logging_mixin.py:104} INFO - [2023-08-08 23:14:21,279] {dagbag.py:496} INFO - Filling up the DagBag from /home/airflow/.local/lib/python3.6/site-packages/airflow/example_dags/example_nested_branch_dag.py
[2023-08-08 23:14:21,325] {scheduler_job.py:643} INFO - DAG(s) dict_keys(['example_nested_branch_dag']) retrieved from /home/airflow/.local/lib/python3.6/site-packages/airflow/example_dags/example_nested_branch_dag.py
[2023-08-08 23:14:21,386] {logging_mixin.py:104} INFO - [2023-08-08 23:14:21,386] {dag.py:1833} INFO - Sync 1 DAGs
[2023-08-08 23:14:21,426] {logging_mixin.py:104} INFO - [2023-08-08 23:14:21,426] {dag.py:2306} INFO - Setting next_dagrun for example_nested_branch_dag to 2023-08-06 00:00:00+00:00
[2023-08-08 23:14:21,454] {scheduler_job.py:190} INFO - Processing /home/airflow/.local/lib/python3.6/site-packages/airflow/example_dags/example_nested_branch_dag.py took 0.195 seconds
[2023-08-08 23:14:55,364] {scheduler_job.py:182} INFO - Started process (PID=6907) to work on /home/airflow/.local/lib/python3.6/site-packages/airflow/example_dags/example_nested_branch_dag.py
[2023-08-08 23:14:55,391] {scheduler_job.py:633} INFO - Processing file /home/airflow/.local/lib/python3.6/site-packages/airflow/example_dags/example_nested_branch_dag.py for tasks to queue
[2023-08-08 23:14:55,427] {logging_mixin.py:104} INFO - [2023-08-08 23:14:55,426] {dagbag.py:496} INFO - Filling up the DagBag from /home/airflow/.local/lib/python3.6/site-packages/airflow/example_dags/example_nested_branch_dag.py
[2023-08-08 23:14:55,581] {scheduler_job.py:643} INFO - DAG(s) dict_keys(['example_nested_branch_dag']) retrieved from /home/airflow/.local/lib/python3.6/site-packages/airflow/example_dags/example_nested_branch_dag.py
[2023-08-08 23:14:55,810] {logging_mixin.py:104} INFO - [2023-08-08 23:14:55,810] {dag.py:1833} INFO - Sync 1 DAGs
[2023-08-08 23:14:55,900] {logging_mixin.py:104} INFO - [2023-08-08 23:14:55,900] {dag.py:2306} INFO - Setting next_dagrun for example_nested_branch_dag to 2023-08-06 00:00:00+00:00
[2023-08-08 23:14:55,967] {scheduler_job.py:190} INFO - Processing /home/airflow/.local/lib/python3.6/site-packages/airflow/example_dags/example_nested_branch_dag.py took 0.723 seconds
[2023-08-08 23:15:26,313] {scheduler_job.py:182} INFO - Started process (PID=6950) to work on /home/airflow/.local/lib/python3.6/site-packages/airflow/example_dags/example_nested_branch_dag.py
[2023-08-08 23:15:26,326] {scheduler_job.py:633} INFO - Processing file /home/airflow/.local/lib/python3.6/site-packages/airflow/example_dags/example_nested_branch_dag.py for tasks to queue
[2023-08-08 23:15:26,330] {logging_mixin.py:104} INFO - [2023-08-08 23:15:26,329] {dagbag.py:496} INFO - Filling up the DagBag from /home/airflow/.local/lib/python3.6/site-packages/airflow/example_dags/example_nested_branch_dag.py
[2023-08-08 23:15:26,407] {scheduler_job.py:643} INFO - DAG(s) dict_keys(['example_nested_branch_dag']) retrieved from /home/airflow/.local/lib/python3.6/site-packages/airflow/example_dags/example_nested_branch_dag.py
[2023-08-08 23:15:26,475] {logging_mixin.py:104} INFO - [2023-08-08 23:15:26,474] {dag.py:1833} INFO - Sync 1 DAGs
[2023-08-08 23:15:26,526] {logging_mixin.py:104} INFO - [2023-08-08 23:15:26,525] {dag.py:2306} INFO - Setting next_dagrun for example_nested_branch_dag to 2023-08-06 00:00:00+00:00
[2023-08-08 23:15:26,559] {scheduler_job.py:190} INFO - Processing /home/airflow/.local/lib/python3.6/site-packages/airflow/example_dags/example_nested_branch_dag.py took 0.253 seconds
[2023-08-08 23:15:57,115] {scheduler_job.py:182} INFO - Started process (PID=7000) to work on /home/airflow/.local/lib/python3.6/site-packages/airflow/example_dags/example_nested_branch_dag.py
[2023-08-08 23:15:57,126] {scheduler_job.py:633} INFO - Processing file /home/airflow/.local/lib/python3.6/site-packages/airflow/example_dags/example_nested_branch_dag.py for tasks to queue
[2023-08-08 23:15:57,131] {logging_mixin.py:104} INFO - [2023-08-08 23:15:57,130] {dagbag.py:496} INFO - Filling up the DagBag from /home/airflow/.local/lib/python3.6/site-packages/airflow/example_dags/example_nested_branch_dag.py
[2023-08-08 23:15:57,245] {scheduler_job.py:643} INFO - DAG(s) dict_keys(['example_nested_branch_dag']) retrieved from /home/airflow/.local/lib/python3.6/site-packages/airflow/example_dags/example_nested_branch_dag.py
[2023-08-08 23:15:57,313] {logging_mixin.py:104} INFO - [2023-08-08 23:15:57,313] {dag.py:1833} INFO - Sync 1 DAGs
[2023-08-08 23:15:57,361] {logging_mixin.py:104} INFO - [2023-08-08 23:15:57,361] {dag.py:2306} INFO - Setting next_dagrun for example_nested_branch_dag to 2023-08-06 00:00:00+00:00
[2023-08-08 23:15:57,389] {scheduler_job.py:190} INFO - Processing /home/airflow/.local/lib/python3.6/site-packages/airflow/example_dags/example_nested_branch_dag.py took 0.285 seconds
[2023-08-08 23:16:29,994] {scheduler_job.py:182} INFO - Started process (PID=7049) to work on /home/airflow/.local/lib/python3.6/site-packages/airflow/example_dags/example_nested_branch_dag.py
[2023-08-08 23:16:29,998] {scheduler_job.py:633} INFO - Processing file /home/airflow/.local/lib/python3.6/site-packages/airflow/example_dags/example_nested_branch_dag.py for tasks to queue
[2023-08-08 23:16:30,000] {logging_mixin.py:104} INFO - [2023-08-08 23:16:29,999] {dagbag.py:496} INFO - Filling up the DagBag from /home/airflow/.local/lib/python3.6/site-packages/airflow/example_dags/example_nested_branch_dag.py
[2023-08-08 23:16:30,055] {scheduler_job.py:643} INFO - DAG(s) dict_keys(['example_nested_branch_dag']) retrieved from /home/airflow/.local/lib/python3.6/site-packages/airflow/example_dags/example_nested_branch_dag.py
[2023-08-08 23:16:30,122] {logging_mixin.py:104} INFO - [2023-08-08 23:16:30,122] {dag.py:1833} INFO - Sync 1 DAGs
[2023-08-08 23:16:30,191] {logging_mixin.py:104} INFO - [2023-08-08 23:16:30,191] {dag.py:2306} INFO - Setting next_dagrun for example_nested_branch_dag to 2023-08-06 00:00:00+00:00
[2023-08-08 23:16:30,231] {scheduler_job.py:190} INFO - Processing /home/airflow/.local/lib/python3.6/site-packages/airflow/example_dags/example_nested_branch_dag.py took 0.252 seconds
[2023-08-08 23:17:02,154] {scheduler_job.py:182} INFO - Started process (PID=7099) to work on /home/airflow/.local/lib/python3.6/site-packages/airflow/example_dags/example_nested_branch_dag.py
[2023-08-08 23:17:02,172] {scheduler_job.py:633} INFO - Processing file /home/airflow/.local/lib/python3.6/site-packages/airflow/example_dags/example_nested_branch_dag.py for tasks to queue
[2023-08-08 23:17:02,178] {logging_mixin.py:104} INFO - [2023-08-08 23:17:02,178] {dagbag.py:496} INFO - Filling up the DagBag from /home/airflow/.local/lib/python3.6/site-packages/airflow/example_dags/example_nested_branch_dag.py
[2023-08-08 23:17:02,305] {scheduler_job.py:643} INFO - DAG(s) dict_keys(['example_nested_branch_dag']) retrieved from /home/airflow/.local/lib/python3.6/site-packages/airflow/example_dags/example_nested_branch_dag.py
[2023-08-08 23:17:02,443] {logging_mixin.py:104} INFO - [2023-08-08 23:17:02,443] {dag.py:1833} INFO - Sync 1 DAGs
[2023-08-08 23:17:02,639] {logging_mixin.py:104} INFO - [2023-08-08 23:17:02,639] {dag.py:2306} INFO - Setting next_dagrun for example_nested_branch_dag to 2023-08-06 00:00:00+00:00
[2023-08-08 23:17:02,747] {scheduler_job.py:190} INFO - Processing /home/airflow/.local/lib/python3.6/site-packages/airflow/example_dags/example_nested_branch_dag.py took 0.627 seconds
[2023-08-08 23:17:33,641] {scheduler_job.py:182} INFO - Started process (PID=7140) to work on /home/airflow/.local/lib/python3.6/site-packages/airflow/example_dags/example_nested_branch_dag.py
[2023-08-08 23:17:34,142] {scheduler_job.py:633} INFO - Processing file /home/airflow/.local/lib/python3.6/site-packages/airflow/example_dags/example_nested_branch_dag.py for tasks to queue
[2023-08-08 23:17:34,150] {logging_mixin.py:104} INFO - [2023-08-08 23:17:34,148] {dagbag.py:496} INFO - Filling up the DagBag from /home/airflow/.local/lib/python3.6/site-packages/airflow/example_dags/example_nested_branch_dag.py
[2023-08-08 23:17:34,236] {scheduler_job.py:643} INFO - DAG(s) dict_keys(['example_nested_branch_dag']) retrieved from /home/airflow/.local/lib/python3.6/site-packages/airflow/example_dags/example_nested_branch_dag.py
[2023-08-08 23:17:34,317] {logging_mixin.py:104} INFO - [2023-08-08 23:17:34,317] {dag.py:1833} INFO - Sync 1 DAGs
[2023-08-08 23:17:34,376] {logging_mixin.py:104} INFO - [2023-08-08 23:17:34,376] {dag.py:2306} INFO - Setting next_dagrun for example_nested_branch_dag to 2023-08-06 00:00:00+00:00
[2023-08-08 23:17:34,420] {scheduler_job.py:190} INFO - Processing /home/airflow/.local/lib/python3.6/site-packages/airflow/example_dags/example_nested_branch_dag.py took 0.788 seconds
[2023-08-08 23:18:04,932] {scheduler_job.py:182} INFO - Started process (PID=7191) to work on /home/airflow/.local/lib/python3.6/site-packages/airflow/example_dags/example_nested_branch_dag.py
[2023-08-08 23:18:04,934] {scheduler_job.py:633} INFO - Processing file /home/airflow/.local/lib/python3.6/site-packages/airflow/example_dags/example_nested_branch_dag.py for tasks to queue
[2023-08-08 23:18:04,936] {logging_mixin.py:104} INFO - [2023-08-08 23:18:04,936] {dagbag.py:496} INFO - Filling up the DagBag from /home/airflow/.local/lib/python3.6/site-packages/airflow/example_dags/example_nested_branch_dag.py
[2023-08-08 23:18:04,965] {scheduler_job.py:643} INFO - DAG(s) dict_keys(['example_nested_branch_dag']) retrieved from /home/airflow/.local/lib/python3.6/site-packages/airflow/example_dags/example_nested_branch_dag.py
[2023-08-08 23:18:05,007] {logging_mixin.py:104} INFO - [2023-08-08 23:18:05,007] {dag.py:1833} INFO - Sync 1 DAGs
[2023-08-08 23:18:05,037] {logging_mixin.py:104} INFO - [2023-08-08 23:18:05,037] {dag.py:2306} INFO - Setting next_dagrun for example_nested_branch_dag to 2023-08-06 00:00:00+00:00
[2023-08-08 23:18:05,066] {scheduler_job.py:190} INFO - Processing /home/airflow/.local/lib/python3.6/site-packages/airflow/example_dags/example_nested_branch_dag.py took 0.139 seconds
[2023-08-08 23:18:37,274] {scheduler_job.py:182} INFO - Started process (PID=7242) to work on /home/airflow/.local/lib/python3.6/site-packages/airflow/example_dags/example_nested_branch_dag.py
[2023-08-08 23:18:37,282] {scheduler_job.py:633} INFO - Processing file /home/airflow/.local/lib/python3.6/site-packages/airflow/example_dags/example_nested_branch_dag.py for tasks to queue
[2023-08-08 23:18:37,287] {logging_mixin.py:104} INFO - [2023-08-08 23:18:37,287] {dagbag.py:496} INFO - Filling up the DagBag from /home/airflow/.local/lib/python3.6/site-packages/airflow/example_dags/example_nested_branch_dag.py
[2023-08-08 23:18:37,530] {scheduler_job.py:643} INFO - DAG(s) dict_keys(['example_nested_branch_dag']) retrieved from /home/airflow/.local/lib/python3.6/site-packages/airflow/example_dags/example_nested_branch_dag.py
[2023-08-08 23:18:37,689] {logging_mixin.py:104} INFO - [2023-08-08 23:18:37,688] {dag.py:1833} INFO - Sync 1 DAGs
[2023-08-08 23:18:37,836] {logging_mixin.py:104} INFO - [2023-08-08 23:18:37,836] {dag.py:2306} INFO - Setting next_dagrun for example_nested_branch_dag to 2023-08-06 00:00:00+00:00
[2023-08-08 23:18:37,896] {scheduler_job.py:190} INFO - Processing /home/airflow/.local/lib/python3.6/site-packages/airflow/example_dags/example_nested_branch_dag.py took 0.660 seconds
[2023-08-08 23:19:08,356] {scheduler_job.py:182} INFO - Started process (PID=7293) to work on /home/airflow/.local/lib/python3.6/site-packages/airflow/example_dags/example_nested_branch_dag.py
[2023-08-08 23:19:08,371] {scheduler_job.py:633} INFO - Processing file /home/airflow/.local/lib/python3.6/site-packages/airflow/example_dags/example_nested_branch_dag.py for tasks to queue
[2023-08-08 23:19:08,374] {logging_mixin.py:104} INFO - [2023-08-08 23:19:08,374] {dagbag.py:496} INFO - Filling up the DagBag from /home/airflow/.local/lib/python3.6/site-packages/airflow/example_dags/example_nested_branch_dag.py
[2023-08-08 23:19:08,489] {scheduler_job.py:643} INFO - DAG(s) dict_keys(['example_nested_branch_dag']) retrieved from /home/airflow/.local/lib/python3.6/site-packages/airflow/example_dags/example_nested_branch_dag.py
[2023-08-08 23:19:08,571] {logging_mixin.py:104} INFO - [2023-08-08 23:19:08,571] {dag.py:1833} INFO - Sync 1 DAGs
[2023-08-08 23:19:08,623] {logging_mixin.py:104} INFO - [2023-08-08 23:19:08,623] {dag.py:2306} INFO - Setting next_dagrun for example_nested_branch_dag to 2023-08-06 00:00:00+00:00
[2023-08-08 23:19:08,672] {scheduler_job.py:190} INFO - Processing /home/airflow/.local/lib/python3.6/site-packages/airflow/example_dags/example_nested_branch_dag.py took 0.334 seconds
[2023-08-08 23:19:39,032] {scheduler_job.py:182} INFO - Started process (PID=7334) to work on /home/airflow/.local/lib/python3.6/site-packages/airflow/example_dags/example_nested_branch_dag.py
[2023-08-08 23:19:39,036] {scheduler_job.py:633} INFO - Processing file /home/airflow/.local/lib/python3.6/site-packages/airflow/example_dags/example_nested_branch_dag.py for tasks to queue
[2023-08-08 23:19:39,038] {logging_mixin.py:104} INFO - [2023-08-08 23:19:39,038] {dagbag.py:496} INFO - Filling up the DagBag from /home/airflow/.local/lib/python3.6/site-packages/airflow/example_dags/example_nested_branch_dag.py
[2023-08-08 23:19:39,085] {scheduler_job.py:643} INFO - DAG(s) dict_keys(['example_nested_branch_dag']) retrieved from /home/airflow/.local/lib/python3.6/site-packages/airflow/example_dags/example_nested_branch_dag.py
[2023-08-08 23:19:39,132] {logging_mixin.py:104} INFO - [2023-08-08 23:19:39,132] {dag.py:1833} INFO - Sync 1 DAGs
[2023-08-08 23:19:39,164] {logging_mixin.py:104} INFO - [2023-08-08 23:19:39,163] {dag.py:2306} INFO - Setting next_dagrun for example_nested_branch_dag to 2023-08-06 00:00:00+00:00
[2023-08-08 23:19:39,186] {scheduler_job.py:190} INFO - Processing /home/airflow/.local/lib/python3.6/site-packages/airflow/example_dags/example_nested_branch_dag.py took 0.160 seconds
[2023-08-08 23:20:09,524] {scheduler_job.py:182} INFO - Started process (PID=7385) to work on /home/airflow/.local/lib/python3.6/site-packages/airflow/example_dags/example_nested_branch_dag.py
[2023-08-08 23:20:09,529] {scheduler_job.py:633} INFO - Processing file /home/airflow/.local/lib/python3.6/site-packages/airflow/example_dags/example_nested_branch_dag.py for tasks to queue
[2023-08-08 23:20:09,531] {logging_mixin.py:104} INFO - [2023-08-08 23:20:09,530] {dagbag.py:496} INFO - Filling up the DagBag from /home/airflow/.local/lib/python3.6/site-packages/airflow/example_dags/example_nested_branch_dag.py
[2023-08-08 23:20:09,556] {scheduler_job.py:643} INFO - DAG(s) dict_keys(['example_nested_branch_dag']) retrieved from /home/airflow/.local/lib/python3.6/site-packages/airflow/example_dags/example_nested_branch_dag.py
[2023-08-08 23:20:09,588] {logging_mixin.py:104} INFO - [2023-08-08 23:20:09,588] {dag.py:1833} INFO - Sync 1 DAGs
[2023-08-08 23:20:09,608] {logging_mixin.py:104} INFO - [2023-08-08 23:20:09,608] {dag.py:2306} INFO - Setting next_dagrun for example_nested_branch_dag to 2023-08-06 00:00:00+00:00
[2023-08-08 23:20:09,625] {scheduler_job.py:190} INFO - Processing /home/airflow/.local/lib/python3.6/site-packages/airflow/example_dags/example_nested_branch_dag.py took 0.113 seconds
