[2023-08-08 23:00:00,406] {scheduler_job.py:182} INFO - Started process (PID=5457) to work on /home/airflow/.local/lib/python3.6/site-packages/airflow/example_dags/example_branch_datetime_operator.py
[2023-08-08 23:00:00,409] {scheduler_job.py:633} INFO - Processing file /home/airflow/.local/lib/python3.6/site-packages/airflow/example_dags/example_branch_datetime_operator.py for tasks to queue
[2023-08-08 23:00:00,420] {logging_mixin.py:104} INFO - [2023-08-08 23:00:00,420] {dagbag.py:496} INFO - Filling up the DagBag from /home/airflow/.local/lib/python3.6/site-packages/airflow/example_dags/example_branch_datetime_operator.py
[2023-08-08 23:00:00,470] {scheduler_job.py:643} INFO - DAG(s) dict_keys(['example_branch_datetime_operator_2']) retrieved from /home/airflow/.local/lib/python3.6/site-packages/airflow/example_dags/example_branch_datetime_operator.py
[2023-08-08 23:00:02,000] {logging_mixin.py:104} INFO - [2023-08-08 23:00:02,000] {dag.py:1833} INFO - Sync 1 DAGs
[2023-08-08 23:00:02,237] {logging_mixin.py:104} INFO - [2023-08-08 23:00:02,236] {dag.py:2306} INFO - Setting next_dagrun for example_branch_datetime_operator_2 to 2023-08-06 00:00:00+00:00
[2023-08-08 23:00:02,606] {scheduler_job.py:190} INFO - Processing /home/airflow/.local/lib/python3.6/site-packages/airflow/example_dags/example_branch_datetime_operator.py took 2.214 seconds
[2023-08-08 23:00:32,758] {scheduler_job.py:182} INFO - Started process (PID=5508) to work on /home/airflow/.local/lib/python3.6/site-packages/airflow/example_dags/example_branch_datetime_operator.py
[2023-08-08 23:00:32,762] {scheduler_job.py:633} INFO - Processing file /home/airflow/.local/lib/python3.6/site-packages/airflow/example_dags/example_branch_datetime_operator.py for tasks to queue
[2023-08-08 23:00:32,765] {logging_mixin.py:104} INFO - [2023-08-08 23:00:32,765] {dagbag.py:496} INFO - Filling up the DagBag from /home/airflow/.local/lib/python3.6/site-packages/airflow/example_dags/example_branch_datetime_operator.py
[2023-08-08 23:00:32,795] {scheduler_job.py:643} INFO - DAG(s) dict_keys(['example_branch_datetime_operator_2']) retrieved from /home/airflow/.local/lib/python3.6/site-packages/airflow/example_dags/example_branch_datetime_operator.py
[2023-08-08 23:00:32,839] {logging_mixin.py:104} INFO - [2023-08-08 23:00:32,839] {dag.py:1833} INFO - Sync 1 DAGs
[2023-08-08 23:00:32,872] {logging_mixin.py:104} INFO - [2023-08-08 23:00:32,872] {dag.py:2306} INFO - Setting next_dagrun for example_branch_datetime_operator_2 to 2023-08-06 00:00:00+00:00
[2023-08-08 23:00:32,891] {scheduler_job.py:190} INFO - Processing /home/airflow/.local/lib/python3.6/site-packages/airflow/example_dags/example_branch_datetime_operator.py took 0.140 seconds
[2023-08-08 23:01:03,262] {scheduler_job.py:182} INFO - Started process (PID=5568) to work on /home/airflow/.local/lib/python3.6/site-packages/airflow/example_dags/example_branch_datetime_operator.py
[2023-08-08 23:01:03,266] {scheduler_job.py:633} INFO - Processing file /home/airflow/.local/lib/python3.6/site-packages/airflow/example_dags/example_branch_datetime_operator.py for tasks to queue
[2023-08-08 23:01:03,270] {logging_mixin.py:104} INFO - [2023-08-08 23:01:03,269] {dagbag.py:496} INFO - Filling up the DagBag from /home/airflow/.local/lib/python3.6/site-packages/airflow/example_dags/example_branch_datetime_operator.py
[2023-08-08 23:01:03,334] {scheduler_job.py:643} INFO - DAG(s) dict_keys(['example_branch_datetime_operator_2']) retrieved from /home/airflow/.local/lib/python3.6/site-packages/airflow/example_dags/example_branch_datetime_operator.py
[2023-08-08 23:01:03,417] {logging_mixin.py:104} INFO - [2023-08-08 23:01:03,417] {dag.py:1833} INFO - Sync 1 DAGs
[2023-08-08 23:01:03,487] {logging_mixin.py:104} INFO - [2023-08-08 23:01:03,486] {dag.py:2306} INFO - Setting next_dagrun for example_branch_datetime_operator_2 to 2023-08-06 00:00:00+00:00
[2023-08-08 23:01:03,530] {scheduler_job.py:190} INFO - Processing /home/airflow/.local/lib/python3.6/site-packages/airflow/example_dags/example_branch_datetime_operator.py took 0.278 seconds
[2023-08-08 23:01:33,908] {scheduler_job.py:182} INFO - Started process (PID=5618) to work on /home/airflow/.local/lib/python3.6/site-packages/airflow/example_dags/example_branch_datetime_operator.py
[2023-08-08 23:01:33,911] {scheduler_job.py:633} INFO - Processing file /home/airflow/.local/lib/python3.6/site-packages/airflow/example_dags/example_branch_datetime_operator.py for tasks to queue
[2023-08-08 23:01:33,915] {logging_mixin.py:104} INFO - [2023-08-08 23:01:33,915] {dagbag.py:496} INFO - Filling up the DagBag from /home/airflow/.local/lib/python3.6/site-packages/airflow/example_dags/example_branch_datetime_operator.py
[2023-08-08 23:01:33,973] {scheduler_job.py:643} INFO - DAG(s) dict_keys(['example_branch_datetime_operator_2']) retrieved from /home/airflow/.local/lib/python3.6/site-packages/airflow/example_dags/example_branch_datetime_operator.py
[2023-08-08 23:01:34,059] {logging_mixin.py:104} INFO - [2023-08-08 23:01:34,059] {dag.py:1833} INFO - Sync 1 DAGs
[2023-08-08 23:01:34,122] {logging_mixin.py:104} INFO - [2023-08-08 23:01:34,122] {dag.py:2306} INFO - Setting next_dagrun for example_branch_datetime_operator_2 to 2023-08-06 00:00:00+00:00
[2023-08-08 23:01:34,150] {scheduler_job.py:190} INFO - Processing /home/airflow/.local/lib/python3.6/site-packages/airflow/example_dags/example_branch_datetime_operator.py took 0.257 seconds
[2023-08-08 23:02:04,249] {scheduler_job.py:182} INFO - Started process (PID=5670) to work on /home/airflow/.local/lib/python3.6/site-packages/airflow/example_dags/example_branch_datetime_operator.py
[2023-08-08 23:02:04,252] {scheduler_job.py:633} INFO - Processing file /home/airflow/.local/lib/python3.6/site-packages/airflow/example_dags/example_branch_datetime_operator.py for tasks to queue
[2023-08-08 23:02:04,265] {logging_mixin.py:104} INFO - [2023-08-08 23:02:04,265] {dagbag.py:496} INFO - Filling up the DagBag from /home/airflow/.local/lib/python3.6/site-packages/airflow/example_dags/example_branch_datetime_operator.py
[2023-08-08 23:02:04,301] {scheduler_job.py:643} INFO - DAG(s) dict_keys(['example_branch_datetime_operator_2']) retrieved from /home/airflow/.local/lib/python3.6/site-packages/airflow/example_dags/example_branch_datetime_operator.py
[2023-08-08 23:02:04,345] {logging_mixin.py:104} INFO - [2023-08-08 23:02:04,344] {dag.py:1833} INFO - Sync 1 DAGs
[2023-08-08 23:02:04,376] {logging_mixin.py:104} INFO - [2023-08-08 23:02:04,376] {dag.py:2306} INFO - Setting next_dagrun for example_branch_datetime_operator_2 to 2023-08-06 00:00:00+00:00
[2023-08-08 23:02:04,441] {scheduler_job.py:190} INFO - Processing /home/airflow/.local/lib/python3.6/site-packages/airflow/example_dags/example_branch_datetime_operator.py took 0.217 seconds
[2023-08-08 23:02:34,561] {scheduler_job.py:182} INFO - Started process (PID=5721) to work on /home/airflow/.local/lib/python3.6/site-packages/airflow/example_dags/example_branch_datetime_operator.py
[2023-08-08 23:02:34,570] {scheduler_job.py:633} INFO - Processing file /home/airflow/.local/lib/python3.6/site-packages/airflow/example_dags/example_branch_datetime_operator.py for tasks to queue
[2023-08-08 23:02:34,573] {logging_mixin.py:104} INFO - [2023-08-08 23:02:34,572] {dagbag.py:496} INFO - Filling up the DagBag from /home/airflow/.local/lib/python3.6/site-packages/airflow/example_dags/example_branch_datetime_operator.py
[2023-08-08 23:02:34,613] {scheduler_job.py:643} INFO - DAG(s) dict_keys(['example_branch_datetime_operator_2']) retrieved from /home/airflow/.local/lib/python3.6/site-packages/airflow/example_dags/example_branch_datetime_operator.py
[2023-08-08 23:02:34,670] {logging_mixin.py:104} INFO - [2023-08-08 23:02:34,670] {dag.py:1833} INFO - Sync 1 DAGs
[2023-08-08 23:02:34,703] {logging_mixin.py:104} INFO - [2023-08-08 23:02:34,703] {dag.py:2306} INFO - Setting next_dagrun for example_branch_datetime_operator_2 to 2023-08-06 00:00:00+00:00
[2023-08-08 23:02:34,730] {scheduler_job.py:190} INFO - Processing /home/airflow/.local/lib/python3.6/site-packages/airflow/example_dags/example_branch_datetime_operator.py took 0.184 seconds
[2023-08-08 23:03:05,306] {scheduler_job.py:182} INFO - Started process (PID=5772) to work on /home/airflow/.local/lib/python3.6/site-packages/airflow/example_dags/example_branch_datetime_operator.py
[2023-08-08 23:03:05,310] {scheduler_job.py:633} INFO - Processing file /home/airflow/.local/lib/python3.6/site-packages/airflow/example_dags/example_branch_datetime_operator.py for tasks to queue
[2023-08-08 23:03:05,320] {logging_mixin.py:104} INFO - [2023-08-08 23:03:05,320] {dagbag.py:496} INFO - Filling up the DagBag from /home/airflow/.local/lib/python3.6/site-packages/airflow/example_dags/example_branch_datetime_operator.py
[2023-08-08 23:03:05,353] {scheduler_job.py:643} INFO - DAG(s) dict_keys(['example_branch_datetime_operator_2']) retrieved from /home/airflow/.local/lib/python3.6/site-packages/airflow/example_dags/example_branch_datetime_operator.py
[2023-08-08 23:03:05,442] {logging_mixin.py:104} INFO - [2023-08-08 23:03:05,441] {dag.py:1833} INFO - Sync 1 DAGs
[2023-08-08 23:03:05,515] {logging_mixin.py:104} INFO - [2023-08-08 23:03:05,515] {dag.py:2306} INFO - Setting next_dagrun for example_branch_datetime_operator_2 to 2023-08-06 00:00:00+00:00
[2023-08-08 23:03:05,558] {scheduler_job.py:190} INFO - Processing /home/airflow/.local/lib/python3.6/site-packages/airflow/example_dags/example_branch_datetime_operator.py took 0.281 seconds
[2023-08-08 23:03:35,760] {scheduler_job.py:182} INFO - Started process (PID=5823) to work on /home/airflow/.local/lib/python3.6/site-packages/airflow/example_dags/example_branch_datetime_operator.py
[2023-08-08 23:03:35,763] {scheduler_job.py:633} INFO - Processing file /home/airflow/.local/lib/python3.6/site-packages/airflow/example_dags/example_branch_datetime_operator.py for tasks to queue
[2023-08-08 23:03:35,766] {logging_mixin.py:104} INFO - [2023-08-08 23:03:35,765] {dagbag.py:496} INFO - Filling up the DagBag from /home/airflow/.local/lib/python3.6/site-packages/airflow/example_dags/example_branch_datetime_operator.py
[2023-08-08 23:03:35,799] {scheduler_job.py:643} INFO - DAG(s) dict_keys(['example_branch_datetime_operator_2']) retrieved from /home/airflow/.local/lib/python3.6/site-packages/airflow/example_dags/example_branch_datetime_operator.py
[2023-08-08 23:03:35,881] {logging_mixin.py:104} INFO - [2023-08-08 23:03:35,880] {dag.py:1833} INFO - Sync 1 DAGs
[2023-08-08 23:03:35,944] {logging_mixin.py:104} INFO - [2023-08-08 23:03:35,944] {dag.py:2306} INFO - Setting next_dagrun for example_branch_datetime_operator_2 to 2023-08-06 00:00:00+00:00
[2023-08-08 23:03:35,968] {scheduler_job.py:190} INFO - Processing /home/airflow/.local/lib/python3.6/site-packages/airflow/example_dags/example_branch_datetime_operator.py took 0.219 seconds
[2023-08-08 23:04:06,316] {scheduler_job.py:182} INFO - Started process (PID=5874) to work on /home/airflow/.local/lib/python3.6/site-packages/airflow/example_dags/example_branch_datetime_operator.py
[2023-08-08 23:04:06,318] {scheduler_job.py:633} INFO - Processing file /home/airflow/.local/lib/python3.6/site-packages/airflow/example_dags/example_branch_datetime_operator.py for tasks to queue
[2023-08-08 23:04:06,321] {logging_mixin.py:104} INFO - [2023-08-08 23:04:06,320] {dagbag.py:496} INFO - Filling up the DagBag from /home/airflow/.local/lib/python3.6/site-packages/airflow/example_dags/example_branch_datetime_operator.py
[2023-08-08 23:04:06,345] {scheduler_job.py:643} INFO - DAG(s) dict_keys(['example_branch_datetime_operator_2']) retrieved from /home/airflow/.local/lib/python3.6/site-packages/airflow/example_dags/example_branch_datetime_operator.py
[2023-08-08 23:04:06,382] {logging_mixin.py:104} INFO - [2023-08-08 23:04:06,382] {dag.py:1833} INFO - Sync 1 DAGs
[2023-08-08 23:04:06,412] {logging_mixin.py:104} INFO - [2023-08-08 23:04:06,412] {dag.py:2306} INFO - Setting next_dagrun for example_branch_datetime_operator_2 to 2023-08-06 00:00:00+00:00
[2023-08-08 23:04:06,434] {scheduler_job.py:190} INFO - Processing /home/airflow/.local/lib/python3.6/site-packages/airflow/example_dags/example_branch_datetime_operator.py took 0.124 seconds
[2023-08-08 23:04:36,681] {scheduler_job.py:182} INFO - Started process (PID=5924) to work on /home/airflow/.local/lib/python3.6/site-packages/airflow/example_dags/example_branch_datetime_operator.py
[2023-08-08 23:04:36,701] {scheduler_job.py:633} INFO - Processing file /home/airflow/.local/lib/python3.6/site-packages/airflow/example_dags/example_branch_datetime_operator.py for tasks to queue
[2023-08-08 23:04:36,706] {logging_mixin.py:104} INFO - [2023-08-08 23:04:36,705] {dagbag.py:496} INFO - Filling up the DagBag from /home/airflow/.local/lib/python3.6/site-packages/airflow/example_dags/example_branch_datetime_operator.py
[2023-08-08 23:04:36,807] {scheduler_job.py:643} INFO - DAG(s) dict_keys(['example_branch_datetime_operator_2']) retrieved from /home/airflow/.local/lib/python3.6/site-packages/airflow/example_dags/example_branch_datetime_operator.py
[2023-08-08 23:04:36,932] {logging_mixin.py:104} INFO - [2023-08-08 23:04:36,931] {dag.py:1833} INFO - Sync 1 DAGs
[2023-08-08 23:04:37,003] {logging_mixin.py:104} INFO - [2023-08-08 23:04:37,002] {dag.py:2306} INFO - Setting next_dagrun for example_branch_datetime_operator_2 to 2023-08-06 00:00:00+00:00
[2023-08-08 23:04:37,030] {scheduler_job.py:190} INFO - Processing /home/airflow/.local/lib/python3.6/site-packages/airflow/example_dags/example_branch_datetime_operator.py took 0.381 seconds
[2023-08-08 23:05:07,617] {scheduler_job.py:182} INFO - Started process (PID=5975) to work on /home/airflow/.local/lib/python3.6/site-packages/airflow/example_dags/example_branch_datetime_operator.py
[2023-08-08 23:05:07,626] {scheduler_job.py:633} INFO - Processing file /home/airflow/.local/lib/python3.6/site-packages/airflow/example_dags/example_branch_datetime_operator.py for tasks to queue
[2023-08-08 23:05:07,637] {logging_mixin.py:104} INFO - [2023-08-08 23:05:07,637] {dagbag.py:496} INFO - Filling up the DagBag from /home/airflow/.local/lib/python3.6/site-packages/airflow/example_dags/example_branch_datetime_operator.py
[2023-08-08 23:05:07,668] {scheduler_job.py:643} INFO - DAG(s) dict_keys(['example_branch_datetime_operator_2']) retrieved from /home/airflow/.local/lib/python3.6/site-packages/airflow/example_dags/example_branch_datetime_operator.py
[2023-08-08 23:05:07,738] {logging_mixin.py:104} INFO - [2023-08-08 23:05:07,738] {dag.py:1833} INFO - Sync 1 DAGs
[2023-08-08 23:05:07,776] {logging_mixin.py:104} INFO - [2023-08-08 23:05:07,776] {dag.py:2306} INFO - Setting next_dagrun for example_branch_datetime_operator_2 to 2023-08-06 00:00:00+00:00
[2023-08-08 23:05:07,805] {scheduler_job.py:190} INFO - Processing /home/airflow/.local/lib/python3.6/site-packages/airflow/example_dags/example_branch_datetime_operator.py took 0.204 seconds
[2023-08-08 23:05:38,054] {scheduler_job.py:182} INFO - Started process (PID=6026) to work on /home/airflow/.local/lib/python3.6/site-packages/airflow/example_dags/example_branch_datetime_operator.py
[2023-08-08 23:05:38,060] {scheduler_job.py:633} INFO - Processing file /home/airflow/.local/lib/python3.6/site-packages/airflow/example_dags/example_branch_datetime_operator.py for tasks to queue
[2023-08-08 23:05:38,063] {logging_mixin.py:104} INFO - [2023-08-08 23:05:38,063] {dagbag.py:496} INFO - Filling up the DagBag from /home/airflow/.local/lib/python3.6/site-packages/airflow/example_dags/example_branch_datetime_operator.py
[2023-08-08 23:05:38,098] {scheduler_job.py:643} INFO - DAG(s) dict_keys(['example_branch_datetime_operator_2']) retrieved from /home/airflow/.local/lib/python3.6/site-packages/airflow/example_dags/example_branch_datetime_operator.py
[2023-08-08 23:05:38,163] {logging_mixin.py:104} INFO - [2023-08-08 23:05:38,163] {dag.py:1833} INFO - Sync 1 DAGs
[2023-08-08 23:05:38,234] {logging_mixin.py:104} INFO - [2023-08-08 23:05:38,234] {dag.py:2306} INFO - Setting next_dagrun for example_branch_datetime_operator_2 to 2023-08-06 00:00:00+00:00
[2023-08-08 23:05:38,269] {scheduler_job.py:190} INFO - Processing /home/airflow/.local/lib/python3.6/site-packages/airflow/example_dags/example_branch_datetime_operator.py took 0.229 seconds
[2023-08-08 23:06:08,985] {scheduler_job.py:182} INFO - Started process (PID=6076) to work on /home/airflow/.local/lib/python3.6/site-packages/airflow/example_dags/example_branch_datetime_operator.py
[2023-08-08 23:06:08,988] {scheduler_job.py:633} INFO - Processing file /home/airflow/.local/lib/python3.6/site-packages/airflow/example_dags/example_branch_datetime_operator.py for tasks to queue
[2023-08-08 23:06:08,994] {logging_mixin.py:104} INFO - [2023-08-08 23:06:08,994] {dagbag.py:496} INFO - Filling up the DagBag from /home/airflow/.local/lib/python3.6/site-packages/airflow/example_dags/example_branch_datetime_operator.py
[2023-08-08 23:06:09,070] {scheduler_job.py:643} INFO - DAG(s) dict_keys(['example_branch_datetime_operator_2']) retrieved from /home/airflow/.local/lib/python3.6/site-packages/airflow/example_dags/example_branch_datetime_operator.py
[2023-08-08 23:06:09,121] {logging_mixin.py:104} INFO - [2023-08-08 23:06:09,121] {dag.py:1833} INFO - Sync 1 DAGs
[2023-08-08 23:06:09,161] {logging_mixin.py:104} INFO - [2023-08-08 23:06:09,161] {dag.py:2306} INFO - Setting next_dagrun for example_branch_datetime_operator_2 to 2023-08-06 00:00:00+00:00
[2023-08-08 23:06:09,186] {scheduler_job.py:190} INFO - Processing /home/airflow/.local/lib/python3.6/site-packages/airflow/example_dags/example_branch_datetime_operator.py took 0.215 seconds
[2023-08-08 23:06:39,612] {scheduler_job.py:182} INFO - Started process (PID=6127) to work on /home/airflow/.local/lib/python3.6/site-packages/airflow/example_dags/example_branch_datetime_operator.py
[2023-08-08 23:06:39,618] {scheduler_job.py:633} INFO - Processing file /home/airflow/.local/lib/python3.6/site-packages/airflow/example_dags/example_branch_datetime_operator.py for tasks to queue
[2023-08-08 23:06:39,628] {logging_mixin.py:104} INFO - [2023-08-08 23:06:39,627] {dagbag.py:496} INFO - Filling up the DagBag from /home/airflow/.local/lib/python3.6/site-packages/airflow/example_dags/example_branch_datetime_operator.py
[2023-08-08 23:06:39,696] {scheduler_job.py:643} INFO - DAG(s) dict_keys(['example_branch_datetime_operator_2']) retrieved from /home/airflow/.local/lib/python3.6/site-packages/airflow/example_dags/example_branch_datetime_operator.py
[2023-08-08 23:06:39,825] {logging_mixin.py:104} INFO - [2023-08-08 23:06:39,824] {dag.py:1833} INFO - Sync 1 DAGs
[2023-08-08 23:06:39,888] {logging_mixin.py:104} INFO - [2023-08-08 23:06:39,888] {dag.py:2306} INFO - Setting next_dagrun for example_branch_datetime_operator_2 to 2023-08-06 00:00:00+00:00
[2023-08-08 23:06:39,927] {scheduler_job.py:190} INFO - Processing /home/airflow/.local/lib/python3.6/site-packages/airflow/example_dags/example_branch_datetime_operator.py took 0.331 seconds
[2023-08-08 23:07:11,359] {scheduler_job.py:182} INFO - Started process (PID=6177) to work on /home/airflow/.local/lib/python3.6/site-packages/airflow/example_dags/example_branch_datetime_operator.py
[2023-08-08 23:07:11,381] {scheduler_job.py:633} INFO - Processing file /home/airflow/.local/lib/python3.6/site-packages/airflow/example_dags/example_branch_datetime_operator.py for tasks to queue
[2023-08-08 23:07:11,388] {logging_mixin.py:104} INFO - [2023-08-08 23:07:11,388] {dagbag.py:496} INFO - Filling up the DagBag from /home/airflow/.local/lib/python3.6/site-packages/airflow/example_dags/example_branch_datetime_operator.py
[2023-08-08 23:07:11,485] {scheduler_job.py:643} INFO - DAG(s) dict_keys(['example_branch_datetime_operator_2']) retrieved from /home/airflow/.local/lib/python3.6/site-packages/airflow/example_dags/example_branch_datetime_operator.py
[2023-08-08 23:07:11,623] {logging_mixin.py:104} INFO - [2023-08-08 23:07:11,623] {dag.py:1833} INFO - Sync 1 DAGs
[2023-08-08 23:07:11,738] {logging_mixin.py:104} INFO - [2023-08-08 23:07:11,738] {dag.py:2306} INFO - Setting next_dagrun for example_branch_datetime_operator_2 to 2023-08-06 00:00:00+00:00
[2023-08-08 23:07:11,771] {scheduler_job.py:190} INFO - Processing /home/airflow/.local/lib/python3.6/site-packages/airflow/example_dags/example_branch_datetime_operator.py took 0.438 seconds
[2023-08-08 23:07:42,100] {scheduler_job.py:182} INFO - Started process (PID=6226) to work on /home/airflow/.local/lib/python3.6/site-packages/airflow/example_dags/example_branch_datetime_operator.py
[2023-08-08 23:07:42,113] {scheduler_job.py:633} INFO - Processing file /home/airflow/.local/lib/python3.6/site-packages/airflow/example_dags/example_branch_datetime_operator.py for tasks to queue
[2023-08-08 23:07:42,117] {logging_mixin.py:104} INFO - [2023-08-08 23:07:42,117] {dagbag.py:496} INFO - Filling up the DagBag from /home/airflow/.local/lib/python3.6/site-packages/airflow/example_dags/example_branch_datetime_operator.py
[2023-08-08 23:07:42,216] {scheduler_job.py:643} INFO - DAG(s) dict_keys(['example_branch_datetime_operator_2']) retrieved from /home/airflow/.local/lib/python3.6/site-packages/airflow/example_dags/example_branch_datetime_operator.py
[2023-08-08 23:07:42,367] {logging_mixin.py:104} INFO - [2023-08-08 23:07:42,367] {dag.py:1833} INFO - Sync 1 DAGs
[2023-08-08 23:07:42,461] {logging_mixin.py:104} INFO - [2023-08-08 23:07:42,457] {dag.py:2306} INFO - Setting next_dagrun for example_branch_datetime_operator_2 to 2023-08-06 00:00:00+00:00
[2023-08-08 23:07:42,501] {scheduler_job.py:190} INFO - Processing /home/airflow/.local/lib/python3.6/site-packages/airflow/example_dags/example_branch_datetime_operator.py took 0.444 seconds
[2023-08-08 23:08:13,535] {scheduler_job.py:182} INFO - Started process (PID=6267) to work on /home/airflow/.local/lib/python3.6/site-packages/airflow/example_dags/example_branch_datetime_operator.py
[2023-08-08 23:08:13,539] {scheduler_job.py:633} INFO - Processing file /home/airflow/.local/lib/python3.6/site-packages/airflow/example_dags/example_branch_datetime_operator.py for tasks to queue
[2023-08-08 23:08:13,543] {logging_mixin.py:104} INFO - [2023-08-08 23:08:13,543] {dagbag.py:496} INFO - Filling up the DagBag from /home/airflow/.local/lib/python3.6/site-packages/airflow/example_dags/example_branch_datetime_operator.py
[2023-08-08 23:08:13,588] {scheduler_job.py:643} INFO - DAG(s) dict_keys(['example_branch_datetime_operator_2']) retrieved from /home/airflow/.local/lib/python3.6/site-packages/airflow/example_dags/example_branch_datetime_operator.py
[2023-08-08 23:08:13,643] {logging_mixin.py:104} INFO - [2023-08-08 23:08:13,643] {dag.py:1833} INFO - Sync 1 DAGs
[2023-08-08 23:08:13,676] {logging_mixin.py:104} INFO - [2023-08-08 23:08:13,675] {dag.py:2306} INFO - Setting next_dagrun for example_branch_datetime_operator_2 to 2023-08-06 00:00:00+00:00
[2023-08-08 23:08:13,698] {scheduler_job.py:190} INFO - Processing /home/airflow/.local/lib/python3.6/site-packages/airflow/example_dags/example_branch_datetime_operator.py took 0.175 seconds
[2023-08-08 23:08:44,244] {scheduler_job.py:182} INFO - Started process (PID=6319) to work on /home/airflow/.local/lib/python3.6/site-packages/airflow/example_dags/example_branch_datetime_operator.py
[2023-08-08 23:08:44,250] {scheduler_job.py:633} INFO - Processing file /home/airflow/.local/lib/python3.6/site-packages/airflow/example_dags/example_branch_datetime_operator.py for tasks to queue
[2023-08-08 23:08:44,253] {logging_mixin.py:104} INFO - [2023-08-08 23:08:44,252] {dagbag.py:496} INFO - Filling up the DagBag from /home/airflow/.local/lib/python3.6/site-packages/airflow/example_dags/example_branch_datetime_operator.py
[2023-08-08 23:08:44,288] {scheduler_job.py:643} INFO - DAG(s) dict_keys(['example_branch_datetime_operator_2']) retrieved from /home/airflow/.local/lib/python3.6/site-packages/airflow/example_dags/example_branch_datetime_operator.py
[2023-08-08 23:08:44,356] {logging_mixin.py:104} INFO - [2023-08-08 23:08:44,355] {dag.py:1833} INFO - Sync 1 DAGs
[2023-08-08 23:08:44,413] {logging_mixin.py:104} INFO - [2023-08-08 23:08:44,413] {dag.py:2306} INFO - Setting next_dagrun for example_branch_datetime_operator_2 to 2023-08-06 00:00:00+00:00
[2023-08-08 23:08:44,449] {scheduler_job.py:190} INFO - Processing /home/airflow/.local/lib/python3.6/site-packages/airflow/example_dags/example_branch_datetime_operator.py took 0.255 seconds
[2023-08-08 23:09:15,320] {scheduler_job.py:182} INFO - Started process (PID=6369) to work on /home/airflow/.local/lib/python3.6/site-packages/airflow/example_dags/example_branch_datetime_operator.py
[2023-08-08 23:09:15,325] {scheduler_job.py:633} INFO - Processing file /home/airflow/.local/lib/python3.6/site-packages/airflow/example_dags/example_branch_datetime_operator.py for tasks to queue
[2023-08-08 23:09:15,332] {logging_mixin.py:104} INFO - [2023-08-08 23:09:15,331] {dagbag.py:496} INFO - Filling up the DagBag from /home/airflow/.local/lib/python3.6/site-packages/airflow/example_dags/example_branch_datetime_operator.py
[2023-08-08 23:09:15,369] {scheduler_job.py:643} INFO - DAG(s) dict_keys(['example_branch_datetime_operator_2']) retrieved from /home/airflow/.local/lib/python3.6/site-packages/airflow/example_dags/example_branch_datetime_operator.py
[2023-08-08 23:09:15,418] {logging_mixin.py:104} INFO - [2023-08-08 23:09:15,417] {dag.py:1833} INFO - Sync 1 DAGs
[2023-08-08 23:09:15,458] {logging_mixin.py:104} INFO - [2023-08-08 23:09:15,458] {dag.py:2306} INFO - Setting next_dagrun for example_branch_datetime_operator_2 to 2023-08-06 00:00:00+00:00
[2023-08-08 23:09:15,494] {scheduler_job.py:190} INFO - Processing /home/airflow/.local/lib/python3.6/site-packages/airflow/example_dags/example_branch_datetime_operator.py took 0.185 seconds
[2023-08-08 23:09:46,215] {scheduler_job.py:182} INFO - Started process (PID=6421) to work on /home/airflow/.local/lib/python3.6/site-packages/airflow/example_dags/example_branch_datetime_operator.py
[2023-08-08 23:09:46,223] {scheduler_job.py:633} INFO - Processing file /home/airflow/.local/lib/python3.6/site-packages/airflow/example_dags/example_branch_datetime_operator.py for tasks to queue
[2023-08-08 23:09:46,230] {logging_mixin.py:104} INFO - [2023-08-08 23:09:46,230] {dagbag.py:496} INFO - Filling up the DagBag from /home/airflow/.local/lib/python3.6/site-packages/airflow/example_dags/example_branch_datetime_operator.py
[2023-08-08 23:09:46,312] {scheduler_job.py:643} INFO - DAG(s) dict_keys(['example_branch_datetime_operator_2']) retrieved from /home/airflow/.local/lib/python3.6/site-packages/airflow/example_dags/example_branch_datetime_operator.py
[2023-08-08 23:09:46,441] {logging_mixin.py:104} INFO - [2023-08-08 23:09:46,441] {dag.py:1833} INFO - Sync 1 DAGs
[2023-08-08 23:09:46,480] {logging_mixin.py:104} INFO - [2023-08-08 23:09:46,480] {dag.py:2306} INFO - Setting next_dagrun for example_branch_datetime_operator_2 to 2023-08-06 00:00:00+00:00
[2023-08-08 23:09:46,517] {scheduler_job.py:190} INFO - Processing /home/airflow/.local/lib/python3.6/site-packages/airflow/example_dags/example_branch_datetime_operator.py took 0.313 seconds
[2023-08-08 23:10:16,835] {scheduler_job.py:182} INFO - Started process (PID=6472) to work on /home/airflow/.local/lib/python3.6/site-packages/airflow/example_dags/example_branch_datetime_operator.py
[2023-08-08 23:10:16,841] {scheduler_job.py:633} INFO - Processing file /home/airflow/.local/lib/python3.6/site-packages/airflow/example_dags/example_branch_datetime_operator.py for tasks to queue
[2023-08-08 23:10:16,844] {logging_mixin.py:104} INFO - [2023-08-08 23:10:16,843] {dagbag.py:496} INFO - Filling up the DagBag from /home/airflow/.local/lib/python3.6/site-packages/airflow/example_dags/example_branch_datetime_operator.py
[2023-08-08 23:10:16,888] {scheduler_job.py:643} INFO - DAG(s) dict_keys(['example_branch_datetime_operator_2']) retrieved from /home/airflow/.local/lib/python3.6/site-packages/airflow/example_dags/example_branch_datetime_operator.py
[2023-08-08 23:10:17,041] {logging_mixin.py:104} INFO - [2023-08-08 23:10:17,038] {dag.py:1833} INFO - Sync 1 DAGs
[2023-08-08 23:10:17,155] {logging_mixin.py:104} INFO - [2023-08-08 23:10:17,155] {dag.py:2306} INFO - Setting next_dagrun for example_branch_datetime_operator_2 to 2023-08-06 00:00:00+00:00
[2023-08-08 23:10:17,185] {scheduler_job.py:190} INFO - Processing /home/airflow/.local/lib/python3.6/site-packages/airflow/example_dags/example_branch_datetime_operator.py took 0.368 seconds
[2023-08-08 23:10:47,323] {scheduler_job.py:182} INFO - Started process (PID=6522) to work on /home/airflow/.local/lib/python3.6/site-packages/airflow/example_dags/example_branch_datetime_operator.py
[2023-08-08 23:10:47,326] {scheduler_job.py:633} INFO - Processing file /home/airflow/.local/lib/python3.6/site-packages/airflow/example_dags/example_branch_datetime_operator.py for tasks to queue
[2023-08-08 23:10:47,330] {logging_mixin.py:104} INFO - [2023-08-08 23:10:47,329] {dagbag.py:496} INFO - Filling up the DagBag from /home/airflow/.local/lib/python3.6/site-packages/airflow/example_dags/example_branch_datetime_operator.py
[2023-08-08 23:10:47,367] {scheduler_job.py:643} INFO - DAG(s) dict_keys(['example_branch_datetime_operator_2']) retrieved from /home/airflow/.local/lib/python3.6/site-packages/airflow/example_dags/example_branch_datetime_operator.py
[2023-08-08 23:10:47,414] {logging_mixin.py:104} INFO - [2023-08-08 23:10:47,413] {dag.py:1833} INFO - Sync 1 DAGs
[2023-08-08 23:10:47,445] {logging_mixin.py:104} INFO - [2023-08-08 23:10:47,445] {dag.py:2306} INFO - Setting next_dagrun for example_branch_datetime_operator_2 to 2023-08-06 00:00:00+00:00
[2023-08-08 23:10:47,471] {scheduler_job.py:190} INFO - Processing /home/airflow/.local/lib/python3.6/site-packages/airflow/example_dags/example_branch_datetime_operator.py took 0.156 seconds
[2023-08-08 23:11:17,617] {scheduler_job.py:182} INFO - Started process (PID=6572) to work on /home/airflow/.local/lib/python3.6/site-packages/airflow/example_dags/example_branch_datetime_operator.py
[2023-08-08 23:11:17,639] {scheduler_job.py:633} INFO - Processing file /home/airflow/.local/lib/python3.6/site-packages/airflow/example_dags/example_branch_datetime_operator.py for tasks to queue
[2023-08-08 23:11:17,649] {logging_mixin.py:104} INFO - [2023-08-08 23:11:17,648] {dagbag.py:496} INFO - Filling up the DagBag from /home/airflow/.local/lib/python3.6/site-packages/airflow/example_dags/example_branch_datetime_operator.py
[2023-08-08 23:11:17,704] {scheduler_job.py:643} INFO - DAG(s) dict_keys(['example_branch_datetime_operator_2']) retrieved from /home/airflow/.local/lib/python3.6/site-packages/airflow/example_dags/example_branch_datetime_operator.py
[2023-08-08 23:11:17,768] {logging_mixin.py:104} INFO - [2023-08-08 23:11:17,768] {dag.py:1833} INFO - Sync 1 DAGs
[2023-08-08 23:11:17,811] {logging_mixin.py:104} INFO - [2023-08-08 23:11:17,811] {dag.py:2306} INFO - Setting next_dagrun for example_branch_datetime_operator_2 to 2023-08-06 00:00:00+00:00
[2023-08-08 23:11:17,840] {scheduler_job.py:190} INFO - Processing /home/airflow/.local/lib/python3.6/site-packages/airflow/example_dags/example_branch_datetime_operator.py took 0.233 seconds
[2023-08-08 23:11:48,195] {scheduler_job.py:182} INFO - Started process (PID=6623) to work on /home/airflow/.local/lib/python3.6/site-packages/airflow/example_dags/example_branch_datetime_operator.py
[2023-08-08 23:11:48,211] {scheduler_job.py:633} INFO - Processing file /home/airflow/.local/lib/python3.6/site-packages/airflow/example_dags/example_branch_datetime_operator.py for tasks to queue
[2023-08-08 23:11:48,218] {logging_mixin.py:104} INFO - [2023-08-08 23:11:48,217] {dagbag.py:496} INFO - Filling up the DagBag from /home/airflow/.local/lib/python3.6/site-packages/airflow/example_dags/example_branch_datetime_operator.py
[2023-08-08 23:11:48,390] {scheduler_job.py:643} INFO - DAG(s) dict_keys(['example_branch_datetime_operator_2']) retrieved from /home/airflow/.local/lib/python3.6/site-packages/airflow/example_dags/example_branch_datetime_operator.py
[2023-08-08 23:11:48,641] {logging_mixin.py:104} INFO - [2023-08-08 23:11:48,641] {dag.py:1833} INFO - Sync 1 DAGs
[2023-08-08 23:11:48,736] {logging_mixin.py:104} INFO - [2023-08-08 23:11:48,732] {dag.py:2306} INFO - Setting next_dagrun for example_branch_datetime_operator_2 to 2023-08-06 00:00:00+00:00
[2023-08-08 23:11:48,791] {scheduler_job.py:190} INFO - Processing /home/airflow/.local/lib/python3.6/site-packages/airflow/example_dags/example_branch_datetime_operator.py took 0.616 seconds
[2023-08-08 23:12:19,466] {scheduler_job.py:182} INFO - Started process (PID=6664) to work on /home/airflow/.local/lib/python3.6/site-packages/airflow/example_dags/example_branch_datetime_operator.py
[2023-08-08 23:12:19,484] {scheduler_job.py:633} INFO - Processing file /home/airflow/.local/lib/python3.6/site-packages/airflow/example_dags/example_branch_datetime_operator.py for tasks to queue
[2023-08-08 23:12:19,488] {logging_mixin.py:104} INFO - [2023-08-08 23:12:19,487] {dagbag.py:496} INFO - Filling up the DagBag from /home/airflow/.local/lib/python3.6/site-packages/airflow/example_dags/example_branch_datetime_operator.py
[2023-08-08 23:12:19,542] {scheduler_job.py:643} INFO - DAG(s) dict_keys(['example_branch_datetime_operator_2']) retrieved from /home/airflow/.local/lib/python3.6/site-packages/airflow/example_dags/example_branch_datetime_operator.py
[2023-08-08 23:12:19,643] {logging_mixin.py:104} INFO - [2023-08-08 23:12:19,643] {dag.py:1833} INFO - Sync 1 DAGs
[2023-08-08 23:12:19,696] {logging_mixin.py:104} INFO - [2023-08-08 23:12:19,695] {dag.py:2306} INFO - Setting next_dagrun for example_branch_datetime_operator_2 to 2023-08-06 00:00:00+00:00
[2023-08-08 23:12:19,730] {scheduler_job.py:190} INFO - Processing /home/airflow/.local/lib/python3.6/site-packages/airflow/example_dags/example_branch_datetime_operator.py took 0.273 seconds
[2023-08-08 23:12:50,246] {scheduler_job.py:182} INFO - Started process (PID=6713) to work on /home/airflow/.local/lib/python3.6/site-packages/airflow/example_dags/example_branch_datetime_operator.py
[2023-08-08 23:12:50,255] {scheduler_job.py:633} INFO - Processing file /home/airflow/.local/lib/python3.6/site-packages/airflow/example_dags/example_branch_datetime_operator.py for tasks to queue
[2023-08-08 23:12:50,263] {logging_mixin.py:104} INFO - [2023-08-08 23:12:50,262] {dagbag.py:496} INFO - Filling up the DagBag from /home/airflow/.local/lib/python3.6/site-packages/airflow/example_dags/example_branch_datetime_operator.py
[2023-08-08 23:12:50,327] {scheduler_job.py:643} INFO - DAG(s) dict_keys(['example_branch_datetime_operator_2']) retrieved from /home/airflow/.local/lib/python3.6/site-packages/airflow/example_dags/example_branch_datetime_operator.py
[2023-08-08 23:12:50,441] {logging_mixin.py:104} INFO - [2023-08-08 23:12:50,434] {dag.py:1833} INFO - Sync 1 DAGs
[2023-08-08 23:12:50,504] {logging_mixin.py:104} INFO - [2023-08-08 23:12:50,504] {dag.py:2306} INFO - Setting next_dagrun for example_branch_datetime_operator_2 to 2023-08-06 00:00:00+00:00
[2023-08-08 23:12:50,547] {scheduler_job.py:190} INFO - Processing /home/airflow/.local/lib/python3.6/site-packages/airflow/example_dags/example_branch_datetime_operator.py took 0.316 seconds
[2023-08-08 23:13:21,286] {scheduler_job.py:182} INFO - Started process (PID=6765) to work on /home/airflow/.local/lib/python3.6/site-packages/airflow/example_dags/example_branch_datetime_operator.py
[2023-08-08 23:13:21,294] {scheduler_job.py:633} INFO - Processing file /home/airflow/.local/lib/python3.6/site-packages/airflow/example_dags/example_branch_datetime_operator.py for tasks to queue
[2023-08-08 23:13:21,302] {logging_mixin.py:104} INFO - [2023-08-08 23:13:21,301] {dagbag.py:496} INFO - Filling up the DagBag from /home/airflow/.local/lib/python3.6/site-packages/airflow/example_dags/example_branch_datetime_operator.py
[2023-08-08 23:13:21,378] {scheduler_job.py:643} INFO - DAG(s) dict_keys(['example_branch_datetime_operator_2']) retrieved from /home/airflow/.local/lib/python3.6/site-packages/airflow/example_dags/example_branch_datetime_operator.py
[2023-08-08 23:13:21,613] {logging_mixin.py:104} INFO - [2023-08-08 23:13:21,612] {dag.py:1833} INFO - Sync 1 DAGs
[2023-08-08 23:13:21,804] {logging_mixin.py:104} INFO - [2023-08-08 23:13:21,804] {dag.py:2306} INFO - Setting next_dagrun for example_branch_datetime_operator_2 to 2023-08-06 00:00:00+00:00
[2023-08-08 23:13:21,860] {scheduler_job.py:190} INFO - Processing /home/airflow/.local/lib/python3.6/site-packages/airflow/example_dags/example_branch_datetime_operator.py took 0.602 seconds
[2023-08-08 23:13:52,714] {scheduler_job.py:182} INFO - Started process (PID=6815) to work on /home/airflow/.local/lib/python3.6/site-packages/airflow/example_dags/example_branch_datetime_operator.py
[2023-08-08 23:13:52,717] {scheduler_job.py:633} INFO - Processing file /home/airflow/.local/lib/python3.6/site-packages/airflow/example_dags/example_branch_datetime_operator.py for tasks to queue
[2023-08-08 23:13:52,721] {logging_mixin.py:104} INFO - [2023-08-08 23:13:52,719] {dagbag.py:496} INFO - Filling up the DagBag from /home/airflow/.local/lib/python3.6/site-packages/airflow/example_dags/example_branch_datetime_operator.py
[2023-08-08 23:13:52,797] {scheduler_job.py:643} INFO - DAG(s) dict_keys(['example_branch_datetime_operator_2']) retrieved from /home/airflow/.local/lib/python3.6/site-packages/airflow/example_dags/example_branch_datetime_operator.py
[2023-08-08 23:13:52,877] {logging_mixin.py:104} INFO - [2023-08-08 23:13:52,877] {dag.py:1833} INFO - Sync 1 DAGs
[2023-08-08 23:13:52,937] {logging_mixin.py:104} INFO - [2023-08-08 23:13:52,937] {dag.py:2306} INFO - Setting next_dagrun for example_branch_datetime_operator_2 to 2023-08-06 00:00:00+00:00
[2023-08-08 23:13:52,966] {scheduler_job.py:190} INFO - Processing /home/airflow/.local/lib/python3.6/site-packages/airflow/example_dags/example_branch_datetime_operator.py took 0.273 seconds
[2023-08-08 23:14:23,250] {scheduler_job.py:182} INFO - Started process (PID=6866) to work on /home/airflow/.local/lib/python3.6/site-packages/airflow/example_dags/example_branch_datetime_operator.py
[2023-08-08 23:14:23,256] {scheduler_job.py:633} INFO - Processing file /home/airflow/.local/lib/python3.6/site-packages/airflow/example_dags/example_branch_datetime_operator.py for tasks to queue
[2023-08-08 23:14:23,267] {logging_mixin.py:104} INFO - [2023-08-08 23:14:23,266] {dagbag.py:496} INFO - Filling up the DagBag from /home/airflow/.local/lib/python3.6/site-packages/airflow/example_dags/example_branch_datetime_operator.py
[2023-08-08 23:14:23,309] {scheduler_job.py:643} INFO - DAG(s) dict_keys(['example_branch_datetime_operator_2']) retrieved from /home/airflow/.local/lib/python3.6/site-packages/airflow/example_dags/example_branch_datetime_operator.py
[2023-08-08 23:14:23,399] {logging_mixin.py:104} INFO - [2023-08-08 23:14:23,399] {dag.py:1833} INFO - Sync 1 DAGs
[2023-08-08 23:14:23,436] {logging_mixin.py:104} INFO - [2023-08-08 23:14:23,436] {dag.py:2306} INFO - Setting next_dagrun for example_branch_datetime_operator_2 to 2023-08-06 00:00:00+00:00
[2023-08-08 23:14:23,480] {scheduler_job.py:190} INFO - Processing /home/airflow/.local/lib/python3.6/site-packages/airflow/example_dags/example_branch_datetime_operator.py took 0.251 seconds
[2023-08-08 23:14:56,709] {scheduler_job.py:182} INFO - Started process (PID=6913) to work on /home/airflow/.local/lib/python3.6/site-packages/airflow/example_dags/example_branch_datetime_operator.py
[2023-08-08 23:14:56,721] {scheduler_job.py:633} INFO - Processing file /home/airflow/.local/lib/python3.6/site-packages/airflow/example_dags/example_branch_datetime_operator.py for tasks to queue
[2023-08-08 23:14:56,729] {logging_mixin.py:104} INFO - [2023-08-08 23:14:56,729] {dagbag.py:496} INFO - Filling up the DagBag from /home/airflow/.local/lib/python3.6/site-packages/airflow/example_dags/example_branch_datetime_operator.py
[2023-08-08 23:14:56,823] {scheduler_job.py:643} INFO - DAG(s) dict_keys(['example_branch_datetime_operator_2']) retrieved from /home/airflow/.local/lib/python3.6/site-packages/airflow/example_dags/example_branch_datetime_operator.py
[2023-08-08 23:14:56,928] {logging_mixin.py:104} INFO - [2023-08-08 23:14:56,928] {dag.py:1833} INFO - Sync 1 DAGs
[2023-08-08 23:14:57,085] {logging_mixin.py:104} INFO - [2023-08-08 23:14:57,085] {dag.py:2306} INFO - Setting next_dagrun for example_branch_datetime_operator_2 to 2023-08-06 00:00:00+00:00
[2023-08-08 23:14:57,161] {scheduler_job.py:190} INFO - Processing /home/airflow/.local/lib/python3.6/site-packages/airflow/example_dags/example_branch_datetime_operator.py took 0.479 seconds
[2023-08-08 23:15:27,314] {scheduler_job.py:182} INFO - Started process (PID=6954) to work on /home/airflow/.local/lib/python3.6/site-packages/airflow/example_dags/example_branch_datetime_operator.py
[2023-08-08 23:15:27,320] {scheduler_job.py:633} INFO - Processing file /home/airflow/.local/lib/python3.6/site-packages/airflow/example_dags/example_branch_datetime_operator.py for tasks to queue
[2023-08-08 23:15:27,323] {logging_mixin.py:104} INFO - [2023-08-08 23:15:27,323] {dagbag.py:496} INFO - Filling up the DagBag from /home/airflow/.local/lib/python3.6/site-packages/airflow/example_dags/example_branch_datetime_operator.py
[2023-08-08 23:15:27,385] {scheduler_job.py:643} INFO - DAG(s) dict_keys(['example_branch_datetime_operator_2']) retrieved from /home/airflow/.local/lib/python3.6/site-packages/airflow/example_dags/example_branch_datetime_operator.py
[2023-08-08 23:15:27,529] {logging_mixin.py:104} INFO - [2023-08-08 23:15:27,529] {dag.py:1833} INFO - Sync 1 DAGs
[2023-08-08 23:15:27,586] {logging_mixin.py:104} INFO - [2023-08-08 23:15:27,585] {dag.py:2306} INFO - Setting next_dagrun for example_branch_datetime_operator_2 to 2023-08-06 00:00:00+00:00
[2023-08-08 23:15:27,609] {scheduler_job.py:190} INFO - Processing /home/airflow/.local/lib/python3.6/site-packages/airflow/example_dags/example_branch_datetime_operator.py took 0.312 seconds
[2023-08-08 23:15:57,867] {scheduler_job.py:182} INFO - Started process (PID=7004) to work on /home/airflow/.local/lib/python3.6/site-packages/airflow/example_dags/example_branch_datetime_operator.py
[2023-08-08 23:15:57,875] {scheduler_job.py:633} INFO - Processing file /home/airflow/.local/lib/python3.6/site-packages/airflow/example_dags/example_branch_datetime_operator.py for tasks to queue
[2023-08-08 23:15:57,881] {logging_mixin.py:104} INFO - [2023-08-08 23:15:57,880] {dagbag.py:496} INFO - Filling up the DagBag from /home/airflow/.local/lib/python3.6/site-packages/airflow/example_dags/example_branch_datetime_operator.py
[2023-08-08 23:15:57,928] {scheduler_job.py:643} INFO - DAG(s) dict_keys(['example_branch_datetime_operator_2']) retrieved from /home/airflow/.local/lib/python3.6/site-packages/airflow/example_dags/example_branch_datetime_operator.py
[2023-08-08 23:15:57,998] {logging_mixin.py:104} INFO - [2023-08-08 23:15:57,998] {dag.py:1833} INFO - Sync 1 DAGs
[2023-08-08 23:15:58,045] {logging_mixin.py:104} INFO - [2023-08-08 23:15:58,045] {dag.py:2306} INFO - Setting next_dagrun for example_branch_datetime_operator_2 to 2023-08-06 00:00:00+00:00
[2023-08-08 23:15:58,067] {scheduler_job.py:190} INFO - Processing /home/airflow/.local/lib/python3.6/site-packages/airflow/example_dags/example_branch_datetime_operator.py took 0.206 seconds
[2023-08-08 23:16:30,733] {scheduler_job.py:182} INFO - Started process (PID=7054) to work on /home/airflow/.local/lib/python3.6/site-packages/airflow/example_dags/example_branch_datetime_operator.py
[2023-08-08 23:16:30,737] {scheduler_job.py:633} INFO - Processing file /home/airflow/.local/lib/python3.6/site-packages/airflow/example_dags/example_branch_datetime_operator.py for tasks to queue
[2023-08-08 23:16:30,741] {logging_mixin.py:104} INFO - [2023-08-08 23:16:30,741] {dagbag.py:496} INFO - Filling up the DagBag from /home/airflow/.local/lib/python3.6/site-packages/airflow/example_dags/example_branch_datetime_operator.py
[2023-08-08 23:16:30,783] {scheduler_job.py:643} INFO - DAG(s) dict_keys(['example_branch_datetime_operator_2']) retrieved from /home/airflow/.local/lib/python3.6/site-packages/airflow/example_dags/example_branch_datetime_operator.py
[2023-08-08 23:16:30,838] {logging_mixin.py:104} INFO - [2023-08-08 23:16:30,838] {dag.py:1833} INFO - Sync 1 DAGs
[2023-08-08 23:16:30,893] {logging_mixin.py:104} INFO - [2023-08-08 23:16:30,893] {dag.py:2306} INFO - Setting next_dagrun for example_branch_datetime_operator_2 to 2023-08-06 00:00:00+00:00
[2023-08-08 23:16:30,938] {scheduler_job.py:190} INFO - Processing /home/airflow/.local/lib/python3.6/site-packages/airflow/example_dags/example_branch_datetime_operator.py took 0.216 seconds
[2023-08-08 23:17:03,350] {scheduler_job.py:182} INFO - Started process (PID=7103) to work on /home/airflow/.local/lib/python3.6/site-packages/airflow/example_dags/example_branch_datetime_operator.py
[2023-08-08 23:17:03,369] {scheduler_job.py:633} INFO - Processing file /home/airflow/.local/lib/python3.6/site-packages/airflow/example_dags/example_branch_datetime_operator.py for tasks to queue
[2023-08-08 23:17:03,383] {logging_mixin.py:104} INFO - [2023-08-08 23:17:03,382] {dagbag.py:496} INFO - Filling up the DagBag from /home/airflow/.local/lib/python3.6/site-packages/airflow/example_dags/example_branch_datetime_operator.py
[2023-08-08 23:17:03,521] {scheduler_job.py:643} INFO - DAG(s) dict_keys(['example_branch_datetime_operator_2']) retrieved from /home/airflow/.local/lib/python3.6/site-packages/airflow/example_dags/example_branch_datetime_operator.py
[2023-08-08 23:17:03,596] {logging_mixin.py:104} INFO - [2023-08-08 23:17:03,596] {dag.py:1833} INFO - Sync 1 DAGs
[2023-08-08 23:17:03,680] {logging_mixin.py:104} INFO - [2023-08-08 23:17:03,679] {dag.py:2306} INFO - Setting next_dagrun for example_branch_datetime_operator_2 to 2023-08-06 00:00:00+00:00
[2023-08-08 23:17:03,780] {scheduler_job.py:190} INFO - Processing /home/airflow/.local/lib/python3.6/site-packages/airflow/example_dags/example_branch_datetime_operator.py took 0.476 seconds
[2023-08-08 23:17:34,878] {scheduler_job.py:182} INFO - Started process (PID=7144) to work on /home/airflow/.local/lib/python3.6/site-packages/airflow/example_dags/example_branch_datetime_operator.py
[2023-08-08 23:17:34,885] {scheduler_job.py:633} INFO - Processing file /home/airflow/.local/lib/python3.6/site-packages/airflow/example_dags/example_branch_datetime_operator.py for tasks to queue
[2023-08-08 23:17:34,893] {logging_mixin.py:104} INFO - [2023-08-08 23:17:34,889] {dagbag.py:496} INFO - Filling up the DagBag from /home/airflow/.local/lib/python3.6/site-packages/airflow/example_dags/example_branch_datetime_operator.py
[2023-08-08 23:17:34,965] {scheduler_job.py:643} INFO - DAG(s) dict_keys(['example_branch_datetime_operator_2']) retrieved from /home/airflow/.local/lib/python3.6/site-packages/airflow/example_dags/example_branch_datetime_operator.py
[2023-08-08 23:17:35,041] {logging_mixin.py:104} INFO - [2023-08-08 23:17:35,041] {dag.py:1833} INFO - Sync 1 DAGs
[2023-08-08 23:17:35,119] {logging_mixin.py:104} INFO - [2023-08-08 23:17:35,118] {dag.py:2306} INFO - Setting next_dagrun for example_branch_datetime_operator_2 to 2023-08-06 00:00:00+00:00
[2023-08-08 23:17:35,673] {scheduler_job.py:190} INFO - Processing /home/airflow/.local/lib/python3.6/site-packages/airflow/example_dags/example_branch_datetime_operator.py took 0.820 seconds
[2023-08-08 23:18:06,623] {scheduler_job.py:182} INFO - Started process (PID=7195) to work on /home/airflow/.local/lib/python3.6/site-packages/airflow/example_dags/example_branch_datetime_operator.py
[2023-08-08 23:18:06,643] {scheduler_job.py:633} INFO - Processing file /home/airflow/.local/lib/python3.6/site-packages/airflow/example_dags/example_branch_datetime_operator.py for tasks to queue
[2023-08-08 23:18:06,653] {logging_mixin.py:104} INFO - [2023-08-08 23:18:06,653] {dagbag.py:496} INFO - Filling up the DagBag from /home/airflow/.local/lib/python3.6/site-packages/airflow/example_dags/example_branch_datetime_operator.py
[2023-08-08 23:18:06,743] {scheduler_job.py:643} INFO - DAG(s) dict_keys(['example_branch_datetime_operator_2']) retrieved from /home/airflow/.local/lib/python3.6/site-packages/airflow/example_dags/example_branch_datetime_operator.py
[2023-08-08 23:18:06,808] {logging_mixin.py:104} INFO - [2023-08-08 23:18:06,807] {dag.py:1833} INFO - Sync 1 DAGs
[2023-08-08 23:18:06,851] {logging_mixin.py:104} INFO - [2023-08-08 23:18:06,850] {dag.py:2306} INFO - Setting next_dagrun for example_branch_datetime_operator_2 to 2023-08-06 00:00:00+00:00
[2023-08-08 23:18:06,877] {scheduler_job.py:190} INFO - Processing /home/airflow/.local/lib/python3.6/site-packages/airflow/example_dags/example_branch_datetime_operator.py took 0.266 seconds
[2023-08-08 23:18:39,012] {scheduler_job.py:182} INFO - Started process (PID=7246) to work on /home/airflow/.local/lib/python3.6/site-packages/airflow/example_dags/example_branch_datetime_operator.py
[2023-08-08 23:18:39,018] {scheduler_job.py:633} INFO - Processing file /home/airflow/.local/lib/python3.6/site-packages/airflow/example_dags/example_branch_datetime_operator.py for tasks to queue
[2023-08-08 23:18:39,029] {logging_mixin.py:104} INFO - [2023-08-08 23:18:39,028] {dagbag.py:496} INFO - Filling up the DagBag from /home/airflow/.local/lib/python3.6/site-packages/airflow/example_dags/example_branch_datetime_operator.py
[2023-08-08 23:18:39,066] {scheduler_job.py:643} INFO - DAG(s) dict_keys(['example_branch_datetime_operator_2']) retrieved from /home/airflow/.local/lib/python3.6/site-packages/airflow/example_dags/example_branch_datetime_operator.py
[2023-08-08 23:18:39,168] {logging_mixin.py:104} INFO - [2023-08-08 23:18:39,168] {dag.py:1833} INFO - Sync 1 DAGs
[2023-08-08 23:18:39,322] {logging_mixin.py:104} INFO - [2023-08-08 23:18:39,321] {dag.py:2306} INFO - Setting next_dagrun for example_branch_datetime_operator_2 to 2023-08-06 00:00:00+00:00
[2023-08-08 23:18:39,454] {scheduler_job.py:190} INFO - Processing /home/airflow/.local/lib/python3.6/site-packages/airflow/example_dags/example_branch_datetime_operator.py took 0.450 seconds
[2023-08-08 23:19:10,603] {scheduler_job.py:182} INFO - Started process (PID=7298) to work on /home/airflow/.local/lib/python3.6/site-packages/airflow/example_dags/example_branch_datetime_operator.py
[2023-08-08 23:19:10,609] {scheduler_job.py:633} INFO - Processing file /home/airflow/.local/lib/python3.6/site-packages/airflow/example_dags/example_branch_datetime_operator.py for tasks to queue
[2023-08-08 23:19:10,625] {logging_mixin.py:104} INFO - [2023-08-08 23:19:10,625] {dagbag.py:496} INFO - Filling up the DagBag from /home/airflow/.local/lib/python3.6/site-packages/airflow/example_dags/example_branch_datetime_operator.py
[2023-08-08 23:19:10,703] {scheduler_job.py:643} INFO - DAG(s) dict_keys(['example_branch_datetime_operator_2']) retrieved from /home/airflow/.local/lib/python3.6/site-packages/airflow/example_dags/example_branch_datetime_operator.py
[2023-08-08 23:19:10,773] {logging_mixin.py:104} INFO - [2023-08-08 23:19:10,773] {dag.py:1833} INFO - Sync 1 DAGs
[2023-08-08 23:19:10,836] {logging_mixin.py:104} INFO - [2023-08-08 23:19:10,835] {dag.py:2306} INFO - Setting next_dagrun for example_branch_datetime_operator_2 to 2023-08-06 00:00:00+00:00
[2023-08-08 23:19:10,881] {scheduler_job.py:190} INFO - Processing /home/airflow/.local/lib/python3.6/site-packages/airflow/example_dags/example_branch_datetime_operator.py took 0.293 seconds
[2023-08-08 23:19:41,318] {scheduler_job.py:182} INFO - Started process (PID=7338) to work on /home/airflow/.local/lib/python3.6/site-packages/airflow/example_dags/example_branch_datetime_operator.py
[2023-08-08 23:19:41,321] {scheduler_job.py:633} INFO - Processing file /home/airflow/.local/lib/python3.6/site-packages/airflow/example_dags/example_branch_datetime_operator.py for tasks to queue
[2023-08-08 23:19:41,324] {logging_mixin.py:104} INFO - [2023-08-08 23:19:41,323] {dagbag.py:496} INFO - Filling up the DagBag from /home/airflow/.local/lib/python3.6/site-packages/airflow/example_dags/example_branch_datetime_operator.py
[2023-08-08 23:19:41,362] {scheduler_job.py:643} INFO - DAG(s) dict_keys(['example_branch_datetime_operator_2']) retrieved from /home/airflow/.local/lib/python3.6/site-packages/airflow/example_dags/example_branch_datetime_operator.py
[2023-08-08 23:19:41,424] {logging_mixin.py:104} INFO - [2023-08-08 23:19:41,423] {dag.py:1833} INFO - Sync 1 DAGs
[2023-08-08 23:19:41,476] {logging_mixin.py:104} INFO - [2023-08-08 23:19:41,476] {dag.py:2306} INFO - Setting next_dagrun for example_branch_datetime_operator_2 to 2023-08-06 00:00:00+00:00
[2023-08-08 23:19:41,500] {scheduler_job.py:190} INFO - Processing /home/airflow/.local/lib/python3.6/site-packages/airflow/example_dags/example_branch_datetime_operator.py took 0.192 seconds
[2023-08-08 23:20:11,804] {scheduler_job.py:182} INFO - Started process (PID=7389) to work on /home/airflow/.local/lib/python3.6/site-packages/airflow/example_dags/example_branch_datetime_operator.py
[2023-08-08 23:20:11,809] {scheduler_job.py:633} INFO - Processing file /home/airflow/.local/lib/python3.6/site-packages/airflow/example_dags/example_branch_datetime_operator.py for tasks to queue
[2023-08-08 23:20:11,813] {logging_mixin.py:104} INFO - [2023-08-08 23:20:11,812] {dagbag.py:496} INFO - Filling up the DagBag from /home/airflow/.local/lib/python3.6/site-packages/airflow/example_dags/example_branch_datetime_operator.py
[2023-08-08 23:20:11,840] {scheduler_job.py:643} INFO - DAG(s) dict_keys(['example_branch_datetime_operator_2']) retrieved from /home/airflow/.local/lib/python3.6/site-packages/airflow/example_dags/example_branch_datetime_operator.py
[2023-08-08 23:20:11,873] {logging_mixin.py:104} INFO - [2023-08-08 23:20:11,873] {dag.py:1833} INFO - Sync 1 DAGs
[2023-08-08 23:20:11,918] {logging_mixin.py:104} INFO - [2023-08-08 23:20:11,916] {dag.py:2306} INFO - Setting next_dagrun for example_branch_datetime_operator_2 to 2023-08-06 00:00:00+00:00
[2023-08-08 23:20:11,942] {scheduler_job.py:190} INFO - Processing /home/airflow/.local/lib/python3.6/site-packages/airflow/example_dags/example_branch_datetime_operator.py took 0.149 seconds
