[2023-08-08 22:59:53,949] {scheduler_job.py:182} INFO - Started process (PID=5447) to work on /home/airflow/.local/lib/python3.6/site-packages/airflow/example_dags/example_kubernetes_executor_config.py
[2023-08-08 22:59:53,961] {scheduler_job.py:633} INFO - Processing file /home/airflow/.local/lib/python3.6/site-packages/airflow/example_dags/example_kubernetes_executor_config.py for tasks to queue
[2023-08-08 22:59:53,964] {logging_mixin.py:104} INFO - [2023-08-08 22:59:53,962] {dagbag.py:496} INFO - Filling up the DagBag from /home/airflow/.local/lib/python3.6/site-packages/airflow/example_dags/example_kubernetes_executor_config.py
[2023-08-08 22:59:54,047] {scheduler_job.py:643} INFO - DAG(s) dict_keys(['example_kubernetes_executor_config']) retrieved from /home/airflow/.local/lib/python3.6/site-packages/airflow/example_dags/example_kubernetes_executor_config.py
[2023-08-08 22:59:54,840] {logging_mixin.py:104} INFO - [2023-08-08 22:59:54,839] {dag.py:1833} INFO - Sync 1 DAGs
[2023-08-08 22:59:54,879] {logging_mixin.py:104} INFO - [2023-08-08 22:59:54,879] {dag.py:2306} INFO - Setting next_dagrun for example_kubernetes_executor_config to None
[2023-08-08 22:59:54,947] {scheduler_job.py:190} INFO - Processing /home/airflow/.local/lib/python3.6/site-packages/airflow/example_dags/example_kubernetes_executor_config.py took 1.031 seconds
[2023-08-08 23:00:25,138] {scheduler_job.py:182} INFO - Started process (PID=5498) to work on /home/airflow/.local/lib/python3.6/site-packages/airflow/example_dags/example_kubernetes_executor_config.py
[2023-08-08 23:00:25,145] {scheduler_job.py:633} INFO - Processing file /home/airflow/.local/lib/python3.6/site-packages/airflow/example_dags/example_kubernetes_executor_config.py for tasks to queue
[2023-08-08 23:00:25,150] {logging_mixin.py:104} INFO - [2023-08-08 23:00:25,150] {dagbag.py:496} INFO - Filling up the DagBag from /home/airflow/.local/lib/python3.6/site-packages/airflow/example_dags/example_kubernetes_executor_config.py
[2023-08-08 23:00:25,201] {scheduler_job.py:643} INFO - DAG(s) dict_keys(['example_kubernetes_executor_config']) retrieved from /home/airflow/.local/lib/python3.6/site-packages/airflow/example_dags/example_kubernetes_executor_config.py
[2023-08-08 23:00:25,248] {logging_mixin.py:104} INFO - [2023-08-08 23:00:25,248] {dag.py:1833} INFO - Sync 1 DAGs
[2023-08-08 23:00:25,273] {logging_mixin.py:104} INFO - [2023-08-08 23:00:25,272] {dag.py:2306} INFO - Setting next_dagrun for example_kubernetes_executor_config to None
[2023-08-08 23:00:25,294] {scheduler_job.py:190} INFO - Processing /home/airflow/.local/lib/python3.6/site-packages/airflow/example_dags/example_kubernetes_executor_config.py took 0.169 seconds
[2023-08-08 23:00:55,947] {scheduler_job.py:182} INFO - Started process (PID=5550) to work on /home/airflow/.local/lib/python3.6/site-packages/airflow/example_dags/example_kubernetes_executor_config.py
[2023-08-08 23:00:55,950] {scheduler_job.py:633} INFO - Processing file /home/airflow/.local/lib/python3.6/site-packages/airflow/example_dags/example_kubernetes_executor_config.py for tasks to queue
[2023-08-08 23:00:55,951] {logging_mixin.py:104} INFO - [2023-08-08 23:00:55,951] {dagbag.py:496} INFO - Filling up the DagBag from /home/airflow/.local/lib/python3.6/site-packages/airflow/example_dags/example_kubernetes_executor_config.py
[2023-08-08 23:00:55,973] {scheduler_job.py:643} INFO - DAG(s) dict_keys(['example_kubernetes_executor_config']) retrieved from /home/airflow/.local/lib/python3.6/site-packages/airflow/example_dags/example_kubernetes_executor_config.py
[2023-08-08 23:00:56,003] {logging_mixin.py:104} INFO - [2023-08-08 23:00:56,003] {dag.py:1833} INFO - Sync 1 DAGs
[2023-08-08 23:00:56,023] {logging_mixin.py:104} INFO - [2023-08-08 23:00:56,023] {dag.py:2306} INFO - Setting next_dagrun for example_kubernetes_executor_config to None
[2023-08-08 23:00:56,041] {scheduler_job.py:190} INFO - Processing /home/airflow/.local/lib/python3.6/site-packages/airflow/example_dags/example_kubernetes_executor_config.py took 0.099 seconds
[2023-08-08 23:01:26,318] {scheduler_job.py:182} INFO - Started process (PID=5599) to work on /home/airflow/.local/lib/python3.6/site-packages/airflow/example_dags/example_kubernetes_executor_config.py
[2023-08-08 23:01:26,321] {scheduler_job.py:633} INFO - Processing file /home/airflow/.local/lib/python3.6/site-packages/airflow/example_dags/example_kubernetes_executor_config.py for tasks to queue
[2023-08-08 23:01:26,324] {logging_mixin.py:104} INFO - [2023-08-08 23:01:26,323] {dagbag.py:496} INFO - Filling up the DagBag from /home/airflow/.local/lib/python3.6/site-packages/airflow/example_dags/example_kubernetes_executor_config.py
[2023-08-08 23:01:26,354] {scheduler_job.py:643} INFO - DAG(s) dict_keys(['example_kubernetes_executor_config']) retrieved from /home/airflow/.local/lib/python3.6/site-packages/airflow/example_dags/example_kubernetes_executor_config.py
[2023-08-08 23:01:26,393] {logging_mixin.py:104} INFO - [2023-08-08 23:01:26,392] {dag.py:1833} INFO - Sync 1 DAGs
[2023-08-08 23:01:26,419] {logging_mixin.py:104} INFO - [2023-08-08 23:01:26,419] {dag.py:2306} INFO - Setting next_dagrun for example_kubernetes_executor_config to None
[2023-08-08 23:01:26,454] {scheduler_job.py:190} INFO - Processing /home/airflow/.local/lib/python3.6/site-packages/airflow/example_dags/example_kubernetes_executor_config.py took 0.140 seconds
[2023-08-08 23:01:56,782] {scheduler_job.py:182} INFO - Started process (PID=5650) to work on /home/airflow/.local/lib/python3.6/site-packages/airflow/example_dags/example_kubernetes_executor_config.py
[2023-08-08 23:01:56,786] {scheduler_job.py:633} INFO - Processing file /home/airflow/.local/lib/python3.6/site-packages/airflow/example_dags/example_kubernetes_executor_config.py for tasks to queue
[2023-08-08 23:01:56,788] {logging_mixin.py:104} INFO - [2023-08-08 23:01:56,788] {dagbag.py:496} INFO - Filling up the DagBag from /home/airflow/.local/lib/python3.6/site-packages/airflow/example_dags/example_kubernetes_executor_config.py
[2023-08-08 23:01:56,814] {scheduler_job.py:643} INFO - DAG(s) dict_keys(['example_kubernetes_executor_config']) retrieved from /home/airflow/.local/lib/python3.6/site-packages/airflow/example_dags/example_kubernetes_executor_config.py
[2023-08-08 23:01:56,874] {logging_mixin.py:104} INFO - [2023-08-08 23:01:56,874] {dag.py:1833} INFO - Sync 1 DAGs
[2023-08-08 23:01:56,904] {logging_mixin.py:104} INFO - [2023-08-08 23:01:56,904] {dag.py:2306} INFO - Setting next_dagrun for example_kubernetes_executor_config to None
[2023-08-08 23:01:56,921] {scheduler_job.py:190} INFO - Processing /home/airflow/.local/lib/python3.6/site-packages/airflow/example_dags/example_kubernetes_executor_config.py took 0.144 seconds
[2023-08-08 23:02:27,632] {scheduler_job.py:182} INFO - Started process (PID=5702) to work on /home/airflow/.local/lib/python3.6/site-packages/airflow/example_dags/example_kubernetes_executor_config.py
[2023-08-08 23:02:27,636] {scheduler_job.py:633} INFO - Processing file /home/airflow/.local/lib/python3.6/site-packages/airflow/example_dags/example_kubernetes_executor_config.py for tasks to queue
[2023-08-08 23:02:27,637] {logging_mixin.py:104} INFO - [2023-08-08 23:02:27,637] {dagbag.py:496} INFO - Filling up the DagBag from /home/airflow/.local/lib/python3.6/site-packages/airflow/example_dags/example_kubernetes_executor_config.py
[2023-08-08 23:02:27,659] {scheduler_job.py:643} INFO - DAG(s) dict_keys(['example_kubernetes_executor_config']) retrieved from /home/airflow/.local/lib/python3.6/site-packages/airflow/example_dags/example_kubernetes_executor_config.py
[2023-08-08 23:02:27,693] {logging_mixin.py:104} INFO - [2023-08-08 23:02:27,693] {dag.py:1833} INFO - Sync 1 DAGs
[2023-08-08 23:02:27,712] {logging_mixin.py:104} INFO - [2023-08-08 23:02:27,712] {dag.py:2306} INFO - Setting next_dagrun for example_kubernetes_executor_config to None
[2023-08-08 23:02:27,727] {scheduler_job.py:190} INFO - Processing /home/airflow/.local/lib/python3.6/site-packages/airflow/example_dags/example_kubernetes_executor_config.py took 0.102 seconds
[2023-08-08 23:02:58,176] {scheduler_job.py:182} INFO - Started process (PID=5753) to work on /home/airflow/.local/lib/python3.6/site-packages/airflow/example_dags/example_kubernetes_executor_config.py
[2023-08-08 23:02:58,179] {scheduler_job.py:633} INFO - Processing file /home/airflow/.local/lib/python3.6/site-packages/airflow/example_dags/example_kubernetes_executor_config.py for tasks to queue
[2023-08-08 23:02:58,182] {logging_mixin.py:104} INFO - [2023-08-08 23:02:58,182] {dagbag.py:496} INFO - Filling up the DagBag from /home/airflow/.local/lib/python3.6/site-packages/airflow/example_dags/example_kubernetes_executor_config.py
[2023-08-08 23:02:58,213] {scheduler_job.py:643} INFO - DAG(s) dict_keys(['example_kubernetes_executor_config']) retrieved from /home/airflow/.local/lib/python3.6/site-packages/airflow/example_dags/example_kubernetes_executor_config.py
[2023-08-08 23:02:58,249] {logging_mixin.py:104} INFO - [2023-08-08 23:02:58,249] {dag.py:1833} INFO - Sync 1 DAGs
[2023-08-08 23:02:58,269] {logging_mixin.py:104} INFO - [2023-08-08 23:02:58,269] {dag.py:2306} INFO - Setting next_dagrun for example_kubernetes_executor_config to None
[2023-08-08 23:02:58,292] {scheduler_job.py:190} INFO - Processing /home/airflow/.local/lib/python3.6/site-packages/airflow/example_dags/example_kubernetes_executor_config.py took 0.127 seconds
[2023-08-08 23:03:29,569] {scheduler_job.py:182} INFO - Started process (PID=5815) to work on /home/airflow/.local/lib/python3.6/site-packages/airflow/example_dags/example_kubernetes_executor_config.py
[2023-08-08 23:03:29,576] {scheduler_job.py:633} INFO - Processing file /home/airflow/.local/lib/python3.6/site-packages/airflow/example_dags/example_kubernetes_executor_config.py for tasks to queue
[2023-08-08 23:03:29,582] {logging_mixin.py:104} INFO - [2023-08-08 23:03:29,581] {dagbag.py:496} INFO - Filling up the DagBag from /home/airflow/.local/lib/python3.6/site-packages/airflow/example_dags/example_kubernetes_executor_config.py
[2023-08-08 23:03:29,620] {scheduler_job.py:643} INFO - DAG(s) dict_keys(['example_kubernetes_executor_config']) retrieved from /home/airflow/.local/lib/python3.6/site-packages/airflow/example_dags/example_kubernetes_executor_config.py
[2023-08-08 23:03:29,688] {logging_mixin.py:104} INFO - [2023-08-08 23:03:29,688] {dag.py:1833} INFO - Sync 1 DAGs
[2023-08-08 23:03:29,733] {logging_mixin.py:104} INFO - [2023-08-08 23:03:29,733] {dag.py:2306} INFO - Setting next_dagrun for example_kubernetes_executor_config to None
[2023-08-08 23:03:29,767] {scheduler_job.py:190} INFO - Processing /home/airflow/.local/lib/python3.6/site-packages/airflow/example_dags/example_kubernetes_executor_config.py took 0.215 seconds
[2023-08-08 23:04:00,601] {scheduler_job.py:182} INFO - Started process (PID=5866) to work on /home/airflow/.local/lib/python3.6/site-packages/airflow/example_dags/example_kubernetes_executor_config.py
[2023-08-08 23:04:00,605] {scheduler_job.py:633} INFO - Processing file /home/airflow/.local/lib/python3.6/site-packages/airflow/example_dags/example_kubernetes_executor_config.py for tasks to queue
[2023-08-08 23:04:00,609] {logging_mixin.py:104} INFO - [2023-08-08 23:04:00,608] {dagbag.py:496} INFO - Filling up the DagBag from /home/airflow/.local/lib/python3.6/site-packages/airflow/example_dags/example_kubernetes_executor_config.py
[2023-08-08 23:04:00,649] {scheduler_job.py:643} INFO - DAG(s) dict_keys(['example_kubernetes_executor_config']) retrieved from /home/airflow/.local/lib/python3.6/site-packages/airflow/example_dags/example_kubernetes_executor_config.py
[2023-08-08 23:04:00,708] {logging_mixin.py:104} INFO - [2023-08-08 23:04:00,707] {dag.py:1833} INFO - Sync 1 DAGs
[2023-08-08 23:04:00,735] {logging_mixin.py:104} INFO - [2023-08-08 23:04:00,734] {dag.py:2306} INFO - Setting next_dagrun for example_kubernetes_executor_config to None
[2023-08-08 23:04:00,774] {scheduler_job.py:190} INFO - Processing /home/airflow/.local/lib/python3.6/site-packages/airflow/example_dags/example_kubernetes_executor_config.py took 0.183 seconds
[2023-08-08 23:04:30,956] {scheduler_job.py:182} INFO - Started process (PID=5915) to work on /home/airflow/.local/lib/python3.6/site-packages/airflow/example_dags/example_kubernetes_executor_config.py
[2023-08-08 23:04:30,962] {scheduler_job.py:633} INFO - Processing file /home/airflow/.local/lib/python3.6/site-packages/airflow/example_dags/example_kubernetes_executor_config.py for tasks to queue
[2023-08-08 23:04:30,966] {logging_mixin.py:104} INFO - [2023-08-08 23:04:30,965] {dagbag.py:496} INFO - Filling up the DagBag from /home/airflow/.local/lib/python3.6/site-packages/airflow/example_dags/example_kubernetes_executor_config.py
[2023-08-08 23:04:31,001] {scheduler_job.py:643} INFO - DAG(s) dict_keys(['example_kubernetes_executor_config']) retrieved from /home/airflow/.local/lib/python3.6/site-packages/airflow/example_dags/example_kubernetes_executor_config.py
[2023-08-08 23:04:31,052] {logging_mixin.py:104} INFO - [2023-08-08 23:04:31,052] {dag.py:1833} INFO - Sync 1 DAGs
[2023-08-08 23:04:31,081] {logging_mixin.py:104} INFO - [2023-08-08 23:04:31,080] {dag.py:2306} INFO - Setting next_dagrun for example_kubernetes_executor_config to None
[2023-08-08 23:04:31,120] {scheduler_job.py:190} INFO - Processing /home/airflow/.local/lib/python3.6/site-packages/airflow/example_dags/example_kubernetes_executor_config.py took 0.169 seconds
[2023-08-08 23:05:01,424] {scheduler_job.py:182} INFO - Started process (PID=5966) to work on /home/airflow/.local/lib/python3.6/site-packages/airflow/example_dags/example_kubernetes_executor_config.py
[2023-08-08 23:05:01,427] {scheduler_job.py:633} INFO - Processing file /home/airflow/.local/lib/python3.6/site-packages/airflow/example_dags/example_kubernetes_executor_config.py for tasks to queue
[2023-08-08 23:05:01,429] {logging_mixin.py:104} INFO - [2023-08-08 23:05:01,429] {dagbag.py:496} INFO - Filling up the DagBag from /home/airflow/.local/lib/python3.6/site-packages/airflow/example_dags/example_kubernetes_executor_config.py
[2023-08-08 23:05:01,532] {scheduler_job.py:643} INFO - DAG(s) dict_keys(['example_kubernetes_executor_config']) retrieved from /home/airflow/.local/lib/python3.6/site-packages/airflow/example_dags/example_kubernetes_executor_config.py
[2023-08-08 23:05:01,618] {logging_mixin.py:104} INFO - [2023-08-08 23:05:01,617] {dag.py:1833} INFO - Sync 1 DAGs
[2023-08-08 23:05:01,665] {logging_mixin.py:104} INFO - [2023-08-08 23:05:01,665] {dag.py:2306} INFO - Setting next_dagrun for example_kubernetes_executor_config to None
[2023-08-08 23:05:01,717] {scheduler_job.py:190} INFO - Processing /home/airflow/.local/lib/python3.6/site-packages/airflow/example_dags/example_kubernetes_executor_config.py took 0.312 seconds
[2023-08-08 23:05:31,843] {scheduler_job.py:182} INFO - Started process (PID=6017) to work on /home/airflow/.local/lib/python3.6/site-packages/airflow/example_dags/example_kubernetes_executor_config.py
[2023-08-08 23:05:31,851] {scheduler_job.py:633} INFO - Processing file /home/airflow/.local/lib/python3.6/site-packages/airflow/example_dags/example_kubernetes_executor_config.py for tasks to queue
[2023-08-08 23:05:31,854] {logging_mixin.py:104} INFO - [2023-08-08 23:05:31,854] {dagbag.py:496} INFO - Filling up the DagBag from /home/airflow/.local/lib/python3.6/site-packages/airflow/example_dags/example_kubernetes_executor_config.py
[2023-08-08 23:05:31,897] {scheduler_job.py:643} INFO - DAG(s) dict_keys(['example_kubernetes_executor_config']) retrieved from /home/airflow/.local/lib/python3.6/site-packages/airflow/example_dags/example_kubernetes_executor_config.py
[2023-08-08 23:05:31,939] {logging_mixin.py:104} INFO - [2023-08-08 23:05:31,939] {dag.py:1833} INFO - Sync 1 DAGs
[2023-08-08 23:05:31,974] {logging_mixin.py:104} INFO - [2023-08-08 23:05:31,974] {dag.py:2306} INFO - Setting next_dagrun for example_kubernetes_executor_config to None
[2023-08-08 23:05:32,008] {scheduler_job.py:190} INFO - Processing /home/airflow/.local/lib/python3.6/site-packages/airflow/example_dags/example_kubernetes_executor_config.py took 0.180 seconds
[2023-08-08 23:06:02,779] {scheduler_job.py:182} INFO - Started process (PID=6066) to work on /home/airflow/.local/lib/python3.6/site-packages/airflow/example_dags/example_kubernetes_executor_config.py
[2023-08-08 23:06:02,784] {scheduler_job.py:633} INFO - Processing file /home/airflow/.local/lib/python3.6/site-packages/airflow/example_dags/example_kubernetes_executor_config.py for tasks to queue
[2023-08-08 23:06:02,791] {logging_mixin.py:104} INFO - [2023-08-08 23:06:02,791] {dagbag.py:496} INFO - Filling up the DagBag from /home/airflow/.local/lib/python3.6/site-packages/airflow/example_dags/example_kubernetes_executor_config.py
[2023-08-08 23:06:02,914] {scheduler_job.py:643} INFO - DAG(s) dict_keys(['example_kubernetes_executor_config']) retrieved from /home/airflow/.local/lib/python3.6/site-packages/airflow/example_dags/example_kubernetes_executor_config.py
[2023-08-08 23:06:03,067] {logging_mixin.py:104} INFO - [2023-08-08 23:06:03,067] {dag.py:1833} INFO - Sync 1 DAGs
[2023-08-08 23:06:03,154] {logging_mixin.py:104} INFO - [2023-08-08 23:06:03,154] {dag.py:2306} INFO - Setting next_dagrun for example_kubernetes_executor_config to None
[2023-08-08 23:06:03,234] {scheduler_job.py:190} INFO - Processing /home/airflow/.local/lib/python3.6/site-packages/airflow/example_dags/example_kubernetes_executor_config.py took 0.478 seconds
[2023-08-08 23:06:33,682] {scheduler_job.py:182} INFO - Started process (PID=6108) to work on /home/airflow/.local/lib/python3.6/site-packages/airflow/example_dags/example_kubernetes_executor_config.py
[2023-08-08 23:06:33,687] {scheduler_job.py:633} INFO - Processing file /home/airflow/.local/lib/python3.6/site-packages/airflow/example_dags/example_kubernetes_executor_config.py for tasks to queue
[2023-08-08 23:06:33,693] {logging_mixin.py:104} INFO - [2023-08-08 23:06:33,692] {dagbag.py:496} INFO - Filling up the DagBag from /home/airflow/.local/lib/python3.6/site-packages/airflow/example_dags/example_kubernetes_executor_config.py
[2023-08-08 23:06:33,801] {scheduler_job.py:643} INFO - DAG(s) dict_keys(['example_kubernetes_executor_config']) retrieved from /home/airflow/.local/lib/python3.6/site-packages/airflow/example_dags/example_kubernetes_executor_config.py
[2023-08-08 23:06:33,916] {logging_mixin.py:104} INFO - [2023-08-08 23:06:33,915] {dag.py:1833} INFO - Sync 1 DAGs
[2023-08-08 23:06:33,983] {logging_mixin.py:104} INFO - [2023-08-08 23:06:33,983] {dag.py:2306} INFO - Setting next_dagrun for example_kubernetes_executor_config to None
[2023-08-08 23:06:34,037] {scheduler_job.py:190} INFO - Processing /home/airflow/.local/lib/python3.6/site-packages/airflow/example_dags/example_kubernetes_executor_config.py took 0.376 seconds
[2023-08-08 23:07:04,911] {scheduler_job.py:182} INFO - Started process (PID=6159) to work on /home/airflow/.local/lib/python3.6/site-packages/airflow/example_dags/example_kubernetes_executor_config.py
[2023-08-08 23:07:04,916] {scheduler_job.py:633} INFO - Processing file /home/airflow/.local/lib/python3.6/site-packages/airflow/example_dags/example_kubernetes_executor_config.py for tasks to queue
[2023-08-08 23:07:04,923] {logging_mixin.py:104} INFO - [2023-08-08 23:07:04,923] {dagbag.py:496} INFO - Filling up the DagBag from /home/airflow/.local/lib/python3.6/site-packages/airflow/example_dags/example_kubernetes_executor_config.py
[2023-08-08 23:07:04,952] {scheduler_job.py:643} INFO - DAG(s) dict_keys(['example_kubernetes_executor_config']) retrieved from /home/airflow/.local/lib/python3.6/site-packages/airflow/example_dags/example_kubernetes_executor_config.py
[2023-08-08 23:07:05,009] {logging_mixin.py:104} INFO - [2023-08-08 23:07:05,008] {dag.py:1833} INFO - Sync 1 DAGs
[2023-08-08 23:07:05,081] {logging_mixin.py:104} INFO - [2023-08-08 23:07:05,080] {dag.py:2306} INFO - Setting next_dagrun for example_kubernetes_executor_config to None
[2023-08-08 23:07:05,120] {scheduler_job.py:190} INFO - Processing /home/airflow/.local/lib/python3.6/site-packages/airflow/example_dags/example_kubernetes_executor_config.py took 0.223 seconds
[2023-08-08 23:07:35,837] {scheduler_job.py:182} INFO - Started process (PID=6209) to work on /home/airflow/.local/lib/python3.6/site-packages/airflow/example_dags/example_kubernetes_executor_config.py
[2023-08-08 23:07:35,851] {scheduler_job.py:633} INFO - Processing file /home/airflow/.local/lib/python3.6/site-packages/airflow/example_dags/example_kubernetes_executor_config.py for tasks to queue
[2023-08-08 23:07:35,869] {logging_mixin.py:104} INFO - [2023-08-08 23:07:35,862] {dagbag.py:496} INFO - Filling up the DagBag from /home/airflow/.local/lib/python3.6/site-packages/airflow/example_dags/example_kubernetes_executor_config.py
[2023-08-08 23:07:35,969] {scheduler_job.py:643} INFO - DAG(s) dict_keys(['example_kubernetes_executor_config']) retrieved from /home/airflow/.local/lib/python3.6/site-packages/airflow/example_dags/example_kubernetes_executor_config.py
[2023-08-08 23:07:36,134] {logging_mixin.py:104} INFO - [2023-08-08 23:07:36,134] {dag.py:1833} INFO - Sync 1 DAGs
[2023-08-08 23:07:36,171] {logging_mixin.py:104} INFO - [2023-08-08 23:07:36,170] {dag.py:2306} INFO - Setting next_dagrun for example_kubernetes_executor_config to None
[2023-08-08 23:07:36,200] {scheduler_job.py:190} INFO - Processing /home/airflow/.local/lib/python3.6/site-packages/airflow/example_dags/example_kubernetes_executor_config.py took 0.374 seconds
[2023-08-08 23:08:06,338] {scheduler_job.py:182} INFO - Started process (PID=6259) to work on /home/airflow/.local/lib/python3.6/site-packages/airflow/example_dags/example_kubernetes_executor_config.py
[2023-08-08 23:08:06,348] {scheduler_job.py:633} INFO - Processing file /home/airflow/.local/lib/python3.6/site-packages/airflow/example_dags/example_kubernetes_executor_config.py for tasks to queue
[2023-08-08 23:08:06,352] {logging_mixin.py:104} INFO - [2023-08-08 23:08:06,351] {dagbag.py:496} INFO - Filling up the DagBag from /home/airflow/.local/lib/python3.6/site-packages/airflow/example_dags/example_kubernetes_executor_config.py
[2023-08-08 23:08:06,414] {scheduler_job.py:643} INFO - DAG(s) dict_keys(['example_kubernetes_executor_config']) retrieved from /home/airflow/.local/lib/python3.6/site-packages/airflow/example_dags/example_kubernetes_executor_config.py
[2023-08-08 23:08:06,513] {logging_mixin.py:104} INFO - [2023-08-08 23:08:06,512] {dag.py:1833} INFO - Sync 1 DAGs
[2023-08-08 23:08:06,565] {logging_mixin.py:104} INFO - [2023-08-08 23:08:06,565] {dag.py:2306} INFO - Setting next_dagrun for example_kubernetes_executor_config to None
[2023-08-08 23:08:06,591] {scheduler_job.py:190} INFO - Processing /home/airflow/.local/lib/python3.6/site-packages/airflow/example_dags/example_kubernetes_executor_config.py took 0.268 seconds
[2023-08-08 23:08:36,823] {scheduler_job.py:182} INFO - Started process (PID=6311) to work on /home/airflow/.local/lib/python3.6/site-packages/airflow/example_dags/example_kubernetes_executor_config.py
[2023-08-08 23:08:36,839] {scheduler_job.py:633} INFO - Processing file /home/airflow/.local/lib/python3.6/site-packages/airflow/example_dags/example_kubernetes_executor_config.py for tasks to queue
[2023-08-08 23:08:36,843] {logging_mixin.py:104} INFO - [2023-08-08 23:08:36,843] {dagbag.py:496} INFO - Filling up the DagBag from /home/airflow/.local/lib/python3.6/site-packages/airflow/example_dags/example_kubernetes_executor_config.py
[2023-08-08 23:08:36,904] {scheduler_job.py:643} INFO - DAG(s) dict_keys(['example_kubernetes_executor_config']) retrieved from /home/airflow/.local/lib/python3.6/site-packages/airflow/example_dags/example_kubernetes_executor_config.py
[2023-08-08 23:08:36,995] {logging_mixin.py:104} INFO - [2023-08-08 23:08:36,995] {dag.py:1833} INFO - Sync 1 DAGs
[2023-08-08 23:08:37,051] {logging_mixin.py:104} INFO - [2023-08-08 23:08:37,051] {dag.py:2306} INFO - Setting next_dagrun for example_kubernetes_executor_config to None
[2023-08-08 23:08:37,101] {scheduler_job.py:190} INFO - Processing /home/airflow/.local/lib/python3.6/site-packages/airflow/example_dags/example_kubernetes_executor_config.py took 0.288 seconds
[2023-08-08 23:09:07,420] {scheduler_job.py:182} INFO - Started process (PID=6361) to work on /home/airflow/.local/lib/python3.6/site-packages/airflow/example_dags/example_kubernetes_executor_config.py
[2023-08-08 23:09:07,442] {scheduler_job.py:633} INFO - Processing file /home/airflow/.local/lib/python3.6/site-packages/airflow/example_dags/example_kubernetes_executor_config.py for tasks to queue
[2023-08-08 23:09:07,448] {logging_mixin.py:104} INFO - [2023-08-08 23:09:07,447] {dagbag.py:496} INFO - Filling up the DagBag from /home/airflow/.local/lib/python3.6/site-packages/airflow/example_dags/example_kubernetes_executor_config.py
[2023-08-08 23:09:07,592] {scheduler_job.py:643} INFO - DAG(s) dict_keys(['example_kubernetes_executor_config']) retrieved from /home/airflow/.local/lib/python3.6/site-packages/airflow/example_dags/example_kubernetes_executor_config.py
[2023-08-08 23:09:07,755] {logging_mixin.py:104} INFO - [2023-08-08 23:09:07,755] {dag.py:1833} INFO - Sync 1 DAGs
[2023-08-08 23:09:07,843] {logging_mixin.py:104} INFO - [2023-08-08 23:09:07,843] {dag.py:2306} INFO - Setting next_dagrun for example_kubernetes_executor_config to None
[2023-08-08 23:09:07,965] {scheduler_job.py:190} INFO - Processing /home/airflow/.local/lib/python3.6/site-packages/airflow/example_dags/example_kubernetes_executor_config.py took 0.568 seconds
[2023-08-08 23:09:38,821] {scheduler_job.py:182} INFO - Started process (PID=6402) to work on /home/airflow/.local/lib/python3.6/site-packages/airflow/example_dags/example_kubernetes_executor_config.py
[2023-08-08 23:09:38,832] {scheduler_job.py:633} INFO - Processing file /home/airflow/.local/lib/python3.6/site-packages/airflow/example_dags/example_kubernetes_executor_config.py for tasks to queue
[2023-08-08 23:09:38,838] {logging_mixin.py:104} INFO - [2023-08-08 23:09:38,838] {dagbag.py:496} INFO - Filling up the DagBag from /home/airflow/.local/lib/python3.6/site-packages/airflow/example_dags/example_kubernetes_executor_config.py
[2023-08-08 23:09:38,883] {scheduler_job.py:643} INFO - DAG(s) dict_keys(['example_kubernetes_executor_config']) retrieved from /home/airflow/.local/lib/python3.6/site-packages/airflow/example_dags/example_kubernetes_executor_config.py
[2023-08-08 23:09:38,973] {logging_mixin.py:104} INFO - [2023-08-08 23:09:38,972] {dag.py:1833} INFO - Sync 1 DAGs
[2023-08-08 23:09:39,004] {logging_mixin.py:104} INFO - [2023-08-08 23:09:39,004] {dag.py:2306} INFO - Setting next_dagrun for example_kubernetes_executor_config to None
[2023-08-08 23:09:39,053] {scheduler_job.py:190} INFO - Processing /home/airflow/.local/lib/python3.6/site-packages/airflow/example_dags/example_kubernetes_executor_config.py took 0.251 seconds
[2023-08-08 23:10:10,116] {scheduler_job.py:182} INFO - Started process (PID=6463) to work on /home/airflow/.local/lib/python3.6/site-packages/airflow/example_dags/example_kubernetes_executor_config.py
[2023-08-08 23:10:10,120] {scheduler_job.py:633} INFO - Processing file /home/airflow/.local/lib/python3.6/site-packages/airflow/example_dags/example_kubernetes_executor_config.py for tasks to queue
[2023-08-08 23:10:10,125] {logging_mixin.py:104} INFO - [2023-08-08 23:10:10,124] {dagbag.py:496} INFO - Filling up the DagBag from /home/airflow/.local/lib/python3.6/site-packages/airflow/example_dags/example_kubernetes_executor_config.py
[2023-08-08 23:10:10,201] {scheduler_job.py:643} INFO - DAG(s) dict_keys(['example_kubernetes_executor_config']) retrieved from /home/airflow/.local/lib/python3.6/site-packages/airflow/example_dags/example_kubernetes_executor_config.py
[2023-08-08 23:10:10,333] {logging_mixin.py:104} INFO - [2023-08-08 23:10:10,333] {dag.py:1833} INFO - Sync 1 DAGs
[2023-08-08 23:10:10,390] {logging_mixin.py:104} INFO - [2023-08-08 23:10:10,389] {dag.py:2306} INFO - Setting next_dagrun for example_kubernetes_executor_config to None
[2023-08-08 23:10:10,423] {scheduler_job.py:190} INFO - Processing /home/airflow/.local/lib/python3.6/site-packages/airflow/example_dags/example_kubernetes_executor_config.py took 0.328 seconds
[2023-08-08 23:10:41,444] {scheduler_job.py:182} INFO - Started process (PID=6514) to work on /home/airflow/.local/lib/python3.6/site-packages/airflow/example_dags/example_kubernetes_executor_config.py
[2023-08-08 23:10:41,450] {scheduler_job.py:633} INFO - Processing file /home/airflow/.local/lib/python3.6/site-packages/airflow/example_dags/example_kubernetes_executor_config.py for tasks to queue
[2023-08-08 23:10:41,453] {logging_mixin.py:104} INFO - [2023-08-08 23:10:41,453] {dagbag.py:496} INFO - Filling up the DagBag from /home/airflow/.local/lib/python3.6/site-packages/airflow/example_dags/example_kubernetes_executor_config.py
[2023-08-08 23:10:41,487] {scheduler_job.py:643} INFO - DAG(s) dict_keys(['example_kubernetes_executor_config']) retrieved from /home/airflow/.local/lib/python3.6/site-packages/airflow/example_dags/example_kubernetes_executor_config.py
[2023-08-08 23:10:41,551] {logging_mixin.py:104} INFO - [2023-08-08 23:10:41,551] {dag.py:1833} INFO - Sync 1 DAGs
[2023-08-08 23:10:41,601] {logging_mixin.py:104} INFO - [2023-08-08 23:10:41,601] {dag.py:2306} INFO - Setting next_dagrun for example_kubernetes_executor_config to None
[2023-08-08 23:10:41,657] {scheduler_job.py:190} INFO - Processing /home/airflow/.local/lib/python3.6/site-packages/airflow/example_dags/example_kubernetes_executor_config.py took 0.222 seconds
[2023-08-08 23:11:12,124] {scheduler_job.py:182} INFO - Started process (PID=6564) to work on /home/airflow/.local/lib/python3.6/site-packages/airflow/example_dags/example_kubernetes_executor_config.py
[2023-08-08 23:11:12,142] {scheduler_job.py:633} INFO - Processing file /home/airflow/.local/lib/python3.6/site-packages/airflow/example_dags/example_kubernetes_executor_config.py for tasks to queue
[2023-08-08 23:11:12,153] {logging_mixin.py:104} INFO - [2023-08-08 23:11:12,153] {dagbag.py:496} INFO - Filling up the DagBag from /home/airflow/.local/lib/python3.6/site-packages/airflow/example_dags/example_kubernetes_executor_config.py
[2023-08-08 23:11:12,323] {scheduler_job.py:643} INFO - DAG(s) dict_keys(['example_kubernetes_executor_config']) retrieved from /home/airflow/.local/lib/python3.6/site-packages/airflow/example_dags/example_kubernetes_executor_config.py
[2023-08-08 23:11:12,559] {logging_mixin.py:104} INFO - [2023-08-08 23:11:12,558] {dag.py:1833} INFO - Sync 1 DAGs
[2023-08-08 23:11:12,651] {logging_mixin.py:104} INFO - [2023-08-08 23:11:12,651] {dag.py:2306} INFO - Setting next_dagrun for example_kubernetes_executor_config to None
[2023-08-08 23:11:12,711] {scheduler_job.py:190} INFO - Processing /home/airflow/.local/lib/python3.6/site-packages/airflow/example_dags/example_kubernetes_executor_config.py took 0.657 seconds
[2023-08-08 23:11:43,149] {scheduler_job.py:182} INFO - Started process (PID=6614) to work on /home/airflow/.local/lib/python3.6/site-packages/airflow/example_dags/example_kubernetes_executor_config.py
[2023-08-08 23:11:43,160] {scheduler_job.py:633} INFO - Processing file /home/airflow/.local/lib/python3.6/site-packages/airflow/example_dags/example_kubernetes_executor_config.py for tasks to queue
[2023-08-08 23:11:43,165] {logging_mixin.py:104} INFO - [2023-08-08 23:11:43,164] {dagbag.py:496} INFO - Filling up the DagBag from /home/airflow/.local/lib/python3.6/site-packages/airflow/example_dags/example_kubernetes_executor_config.py
[2023-08-08 23:11:43,304] {scheduler_job.py:643} INFO - DAG(s) dict_keys(['example_kubernetes_executor_config']) retrieved from /home/airflow/.local/lib/python3.6/site-packages/airflow/example_dags/example_kubernetes_executor_config.py
[2023-08-08 23:11:43,561] {logging_mixin.py:104} INFO - [2023-08-08 23:11:43,560] {dag.py:1833} INFO - Sync 1 DAGs
[2023-08-08 23:11:43,679] {logging_mixin.py:104} INFO - [2023-08-08 23:11:43,679] {dag.py:2306} INFO - Setting next_dagrun for example_kubernetes_executor_config to None
[2023-08-08 23:11:43,789] {scheduler_job.py:190} INFO - Processing /home/airflow/.local/lib/python3.6/site-packages/airflow/example_dags/example_kubernetes_executor_config.py took 0.676 seconds
[2023-08-08 23:12:14,091] {scheduler_job.py:182} INFO - Started process (PID=6656) to work on /home/airflow/.local/lib/python3.6/site-packages/airflow/example_dags/example_kubernetes_executor_config.py
[2023-08-08 23:12:14,100] {scheduler_job.py:633} INFO - Processing file /home/airflow/.local/lib/python3.6/site-packages/airflow/example_dags/example_kubernetes_executor_config.py for tasks to queue
[2023-08-08 23:12:14,106] {logging_mixin.py:104} INFO - [2023-08-08 23:12:14,105] {dagbag.py:496} INFO - Filling up the DagBag from /home/airflow/.local/lib/python3.6/site-packages/airflow/example_dags/example_kubernetes_executor_config.py
[2023-08-08 23:12:14,181] {scheduler_job.py:643} INFO - DAG(s) dict_keys(['example_kubernetes_executor_config']) retrieved from /home/airflow/.local/lib/python3.6/site-packages/airflow/example_dags/example_kubernetes_executor_config.py
[2023-08-08 23:12:14,286] {logging_mixin.py:104} INFO - [2023-08-08 23:12:14,285] {dag.py:1833} INFO - Sync 1 DAGs
[2023-08-08 23:12:14,337] {logging_mixin.py:104} INFO - [2023-08-08 23:12:14,332] {dag.py:2306} INFO - Setting next_dagrun for example_kubernetes_executor_config to None
[2023-08-08 23:12:14,368] {scheduler_job.py:190} INFO - Processing /home/airflow/.local/lib/python3.6/site-packages/airflow/example_dags/example_kubernetes_executor_config.py took 0.291 seconds
[2023-08-08 23:12:47,013] {scheduler_job.py:182} INFO - Started process (PID=6705) to work on /home/airflow/.local/lib/python3.6/site-packages/airflow/example_dags/example_kubernetes_executor_config.py
[2023-08-08 23:12:47,028] {scheduler_job.py:633} INFO - Processing file /home/airflow/.local/lib/python3.6/site-packages/airflow/example_dags/example_kubernetes_executor_config.py for tasks to queue
[2023-08-08 23:12:47,038] {logging_mixin.py:104} INFO - [2023-08-08 23:12:47,037] {dagbag.py:496} INFO - Filling up the DagBag from /home/airflow/.local/lib/python3.6/site-packages/airflow/example_dags/example_kubernetes_executor_config.py
[2023-08-08 23:12:47,171] {scheduler_job.py:643} INFO - DAG(s) dict_keys(['example_kubernetes_executor_config']) retrieved from /home/airflow/.local/lib/python3.6/site-packages/airflow/example_dags/example_kubernetes_executor_config.py
[2023-08-08 23:12:47,260] {logging_mixin.py:104} INFO - [2023-08-08 23:12:47,260] {dag.py:1833} INFO - Sync 1 DAGs
[2023-08-08 23:12:47,307] {logging_mixin.py:104} INFO - [2023-08-08 23:12:47,307] {dag.py:2306} INFO - Setting next_dagrun for example_kubernetes_executor_config to None
[2023-08-08 23:12:47,396] {scheduler_job.py:190} INFO - Processing /home/airflow/.local/lib/python3.6/site-packages/airflow/example_dags/example_kubernetes_executor_config.py took 0.407 seconds
[2023-08-08 23:13:18,049] {scheduler_job.py:182} INFO - Started process (PID=6756) to work on /home/airflow/.local/lib/python3.6/site-packages/airflow/example_dags/example_kubernetes_executor_config.py
[2023-08-08 23:13:18,060] {scheduler_job.py:633} INFO - Processing file /home/airflow/.local/lib/python3.6/site-packages/airflow/example_dags/example_kubernetes_executor_config.py for tasks to queue
[2023-08-08 23:13:18,064] {logging_mixin.py:104} INFO - [2023-08-08 23:13:18,063] {dagbag.py:496} INFO - Filling up the DagBag from /home/airflow/.local/lib/python3.6/site-packages/airflow/example_dags/example_kubernetes_executor_config.py
[2023-08-08 23:13:18,259] {scheduler_job.py:643} INFO - DAG(s) dict_keys(['example_kubernetes_executor_config']) retrieved from /home/airflow/.local/lib/python3.6/site-packages/airflow/example_dags/example_kubernetes_executor_config.py
[2023-08-08 23:13:18,378] {logging_mixin.py:104} INFO - [2023-08-08 23:13:18,378] {dag.py:1833} INFO - Sync 1 DAGs
[2023-08-08 23:13:18,444] {logging_mixin.py:104} INFO - [2023-08-08 23:13:18,444] {dag.py:2306} INFO - Setting next_dagrun for example_kubernetes_executor_config to None
[2023-08-08 23:13:18,486] {scheduler_job.py:190} INFO - Processing /home/airflow/.local/lib/python3.6/site-packages/airflow/example_dags/example_kubernetes_executor_config.py took 0.454 seconds
[2023-08-08 23:13:48,823] {scheduler_job.py:182} INFO - Started process (PID=6799) to work on /home/airflow/.local/lib/python3.6/site-packages/airflow/example_dags/example_kubernetes_executor_config.py
[2023-08-08 23:13:48,828] {scheduler_job.py:633} INFO - Processing file /home/airflow/.local/lib/python3.6/site-packages/airflow/example_dags/example_kubernetes_executor_config.py for tasks to queue
[2023-08-08 23:13:48,831] {logging_mixin.py:104} INFO - [2023-08-08 23:13:48,831] {dagbag.py:496} INFO - Filling up the DagBag from /home/airflow/.local/lib/python3.6/site-packages/airflow/example_dags/example_kubernetes_executor_config.py
[2023-08-08 23:13:48,862] {scheduler_job.py:643} INFO - DAG(s) dict_keys(['example_kubernetes_executor_config']) retrieved from /home/airflow/.local/lib/python3.6/site-packages/airflow/example_dags/example_kubernetes_executor_config.py
[2023-08-08 23:13:48,923] {logging_mixin.py:104} INFO - [2023-08-08 23:13:48,923] {dag.py:1833} INFO - Sync 1 DAGs
[2023-08-08 23:13:48,949] {logging_mixin.py:104} INFO - [2023-08-08 23:13:48,949] {dag.py:2306} INFO - Setting next_dagrun for example_kubernetes_executor_config to None
[2023-08-08 23:13:48,986] {scheduler_job.py:190} INFO - Processing /home/airflow/.local/lib/python3.6/site-packages/airflow/example_dags/example_kubernetes_executor_config.py took 0.171 seconds
[2023-08-08 23:14:20,208] {scheduler_job.py:182} INFO - Started process (PID=6846) to work on /home/airflow/.local/lib/python3.6/site-packages/airflow/example_dags/example_kubernetes_executor_config.py
[2023-08-08 23:14:20,213] {scheduler_job.py:633} INFO - Processing file /home/airflow/.local/lib/python3.6/site-packages/airflow/example_dags/example_kubernetes_executor_config.py for tasks to queue
[2023-08-08 23:14:20,222] {logging_mixin.py:104} INFO - [2023-08-08 23:14:20,216] {dagbag.py:496} INFO - Filling up the DagBag from /home/airflow/.local/lib/python3.6/site-packages/airflow/example_dags/example_kubernetes_executor_config.py
[2023-08-08 23:14:20,326] {scheduler_job.py:643} INFO - DAG(s) dict_keys(['example_kubernetes_executor_config']) retrieved from /home/airflow/.local/lib/python3.6/site-packages/airflow/example_dags/example_kubernetes_executor_config.py
[2023-08-08 23:14:20,392] {logging_mixin.py:104} INFO - [2023-08-08 23:14:20,391] {dag.py:1833} INFO - Sync 1 DAGs
[2023-08-08 23:14:20,427] {logging_mixin.py:104} INFO - [2023-08-08 23:14:20,427] {dag.py:2306} INFO - Setting next_dagrun for example_kubernetes_executor_config to None
[2023-08-08 23:14:20,478] {scheduler_job.py:190} INFO - Processing /home/airflow/.local/lib/python3.6/site-packages/airflow/example_dags/example_kubernetes_executor_config.py took 0.288 seconds
[2023-08-08 23:14:52,921] {scheduler_job.py:182} INFO - Started process (PID=6902) to work on /home/airflow/.local/lib/python3.6/site-packages/airflow/example_dags/example_kubernetes_executor_config.py
[2023-08-08 23:14:52,927] {scheduler_job.py:633} INFO - Processing file /home/airflow/.local/lib/python3.6/site-packages/airflow/example_dags/example_kubernetes_executor_config.py for tasks to queue
[2023-08-08 23:14:52,940] {logging_mixin.py:104} INFO - [2023-08-08 23:14:52,939] {dagbag.py:496} INFO - Filling up the DagBag from /home/airflow/.local/lib/python3.6/site-packages/airflow/example_dags/example_kubernetes_executor_config.py
[2023-08-08 23:14:53,080] {scheduler_job.py:643} INFO - DAG(s) dict_keys(['example_kubernetes_executor_config']) retrieved from /home/airflow/.local/lib/python3.6/site-packages/airflow/example_dags/example_kubernetes_executor_config.py
[2023-08-08 23:14:53,281] {logging_mixin.py:104} INFO - [2023-08-08 23:14:53,280] {dag.py:1833} INFO - Sync 1 DAGs
[2023-08-08 23:14:53,414] {logging_mixin.py:104} INFO - [2023-08-08 23:14:53,414] {dag.py:2306} INFO - Setting next_dagrun for example_kubernetes_executor_config to None
[2023-08-08 23:14:53,503] {scheduler_job.py:190} INFO - Processing /home/airflow/.local/lib/python3.6/site-packages/airflow/example_dags/example_kubernetes_executor_config.py took 0.617 seconds
[2023-08-08 23:15:23,967] {scheduler_job.py:182} INFO - Started process (PID=6945) to work on /home/airflow/.local/lib/python3.6/site-packages/airflow/example_dags/example_kubernetes_executor_config.py
[2023-08-08 23:15:23,973] {scheduler_job.py:633} INFO - Processing file /home/airflow/.local/lib/python3.6/site-packages/airflow/example_dags/example_kubernetes_executor_config.py for tasks to queue
[2023-08-08 23:15:23,975] {logging_mixin.py:104} INFO - [2023-08-08 23:15:23,975] {dagbag.py:496} INFO - Filling up the DagBag from /home/airflow/.local/lib/python3.6/site-packages/airflow/example_dags/example_kubernetes_executor_config.py
[2023-08-08 23:15:24,014] {scheduler_job.py:643} INFO - DAG(s) dict_keys(['example_kubernetes_executor_config']) retrieved from /home/airflow/.local/lib/python3.6/site-packages/airflow/example_dags/example_kubernetes_executor_config.py
[2023-08-08 23:15:24,082] {logging_mixin.py:104} INFO - [2023-08-08 23:15:24,082] {dag.py:1833} INFO - Sync 1 DAGs
[2023-08-08 23:15:24,114] {logging_mixin.py:104} INFO - [2023-08-08 23:15:24,114] {dag.py:2306} INFO - Setting next_dagrun for example_kubernetes_executor_config to None
[2023-08-08 23:15:24,145] {scheduler_job.py:190} INFO - Processing /home/airflow/.local/lib/python3.6/site-packages/airflow/example_dags/example_kubernetes_executor_config.py took 0.191 seconds
[2023-08-08 23:15:54,327] {scheduler_job.py:182} INFO - Started process (PID=6994) to work on /home/airflow/.local/lib/python3.6/site-packages/airflow/example_dags/example_kubernetes_executor_config.py
[2023-08-08 23:15:54,332] {scheduler_job.py:633} INFO - Processing file /home/airflow/.local/lib/python3.6/site-packages/airflow/example_dags/example_kubernetes_executor_config.py for tasks to queue
[2023-08-08 23:15:54,335] {logging_mixin.py:104} INFO - [2023-08-08 23:15:54,335] {dagbag.py:496} INFO - Filling up the DagBag from /home/airflow/.local/lib/python3.6/site-packages/airflow/example_dags/example_kubernetes_executor_config.py
[2023-08-08 23:15:54,368] {scheduler_job.py:643} INFO - DAG(s) dict_keys(['example_kubernetes_executor_config']) retrieved from /home/airflow/.local/lib/python3.6/site-packages/airflow/example_dags/example_kubernetes_executor_config.py
[2023-08-08 23:15:54,418] {logging_mixin.py:104} INFO - [2023-08-08 23:15:54,418] {dag.py:1833} INFO - Sync 1 DAGs
[2023-08-08 23:15:54,443] {logging_mixin.py:104} INFO - [2023-08-08 23:15:54,442] {dag.py:2306} INFO - Setting next_dagrun for example_kubernetes_executor_config to None
[2023-08-08 23:15:54,463] {scheduler_job.py:190} INFO - Processing /home/airflow/.local/lib/python3.6/site-packages/airflow/example_dags/example_kubernetes_executor_config.py took 0.145 seconds
[2023-08-08 23:16:26,233] {scheduler_job.py:182} INFO - Started process (PID=7043) to work on /home/airflow/.local/lib/python3.6/site-packages/airflow/example_dags/example_kubernetes_executor_config.py
[2023-08-08 23:16:26,245] {scheduler_job.py:633} INFO - Processing file /home/airflow/.local/lib/python3.6/site-packages/airflow/example_dags/example_kubernetes_executor_config.py for tasks to queue
[2023-08-08 23:16:26,250] {logging_mixin.py:104} INFO - [2023-08-08 23:16:26,250] {dagbag.py:496} INFO - Filling up the DagBag from /home/airflow/.local/lib/python3.6/site-packages/airflow/example_dags/example_kubernetes_executor_config.py
[2023-08-08 23:16:26,401] {scheduler_job.py:643} INFO - DAG(s) dict_keys(['example_kubernetes_executor_config']) retrieved from /home/airflow/.local/lib/python3.6/site-packages/airflow/example_dags/example_kubernetes_executor_config.py
[2023-08-08 23:16:26,696] {logging_mixin.py:104} INFO - [2023-08-08 23:16:26,696] {dag.py:1833} INFO - Sync 1 DAGs
[2023-08-08 23:16:26,829] {logging_mixin.py:104} INFO - [2023-08-08 23:16:26,829] {dag.py:2306} INFO - Setting next_dagrun for example_kubernetes_executor_config to None
[2023-08-08 23:16:26,904] {scheduler_job.py:190} INFO - Processing /home/airflow/.local/lib/python3.6/site-packages/airflow/example_dags/example_kubernetes_executor_config.py took 0.689 seconds
[2023-08-08 23:16:57,415] {scheduler_job.py:182} INFO - Started process (PID=7083) to work on /home/airflow/.local/lib/python3.6/site-packages/airflow/example_dags/example_kubernetes_executor_config.py
[2023-08-08 23:16:57,424] {scheduler_job.py:633} INFO - Processing file /home/airflow/.local/lib/python3.6/site-packages/airflow/example_dags/example_kubernetes_executor_config.py for tasks to queue
[2023-08-08 23:16:57,432] {logging_mixin.py:104} INFO - [2023-08-08 23:16:57,432] {dagbag.py:496} INFO - Filling up the DagBag from /home/airflow/.local/lib/python3.6/site-packages/airflow/example_dags/example_kubernetes_executor_config.py
[2023-08-08 23:16:57,491] {scheduler_job.py:643} INFO - DAG(s) dict_keys(['example_kubernetes_executor_config']) retrieved from /home/airflow/.local/lib/python3.6/site-packages/airflow/example_dags/example_kubernetes_executor_config.py
[2023-08-08 23:16:57,587] {logging_mixin.py:104} INFO - [2023-08-08 23:16:57,587] {dag.py:1833} INFO - Sync 1 DAGs
[2023-08-08 23:16:57,611] {logging_mixin.py:104} INFO - [2023-08-08 23:16:57,611] {dag.py:2306} INFO - Setting next_dagrun for example_kubernetes_executor_config to None
[2023-08-08 23:16:57,650] {scheduler_job.py:190} INFO - Processing /home/airflow/.local/lib/python3.6/site-packages/airflow/example_dags/example_kubernetes_executor_config.py took 0.249 seconds
[2023-08-08 23:17:27,801] {scheduler_job.py:182} INFO - Started process (PID=7133) to work on /home/airflow/.local/lib/python3.6/site-packages/airflow/example_dags/example_kubernetes_executor_config.py
[2023-08-08 23:17:27,804] {scheduler_job.py:633} INFO - Processing file /home/airflow/.local/lib/python3.6/site-packages/airflow/example_dags/example_kubernetes_executor_config.py for tasks to queue
[2023-08-08 23:17:27,807] {logging_mixin.py:104} INFO - [2023-08-08 23:17:27,806] {dagbag.py:496} INFO - Filling up the DagBag from /home/airflow/.local/lib/python3.6/site-packages/airflow/example_dags/example_kubernetes_executor_config.py
[2023-08-08 23:17:27,838] {scheduler_job.py:643} INFO - DAG(s) dict_keys(['example_kubernetes_executor_config']) retrieved from /home/airflow/.local/lib/python3.6/site-packages/airflow/example_dags/example_kubernetes_executor_config.py
[2023-08-08 23:17:27,905] {logging_mixin.py:104} INFO - [2023-08-08 23:17:27,905] {dag.py:1833} INFO - Sync 1 DAGs
[2023-08-08 23:17:27,936] {logging_mixin.py:104} INFO - [2023-08-08 23:17:27,936] {dag.py:2306} INFO - Setting next_dagrun for example_kubernetes_executor_config to None
[2023-08-08 23:17:27,965] {scheduler_job.py:190} INFO - Processing /home/airflow/.local/lib/python3.6/site-packages/airflow/example_dags/example_kubernetes_executor_config.py took 0.175 seconds
[2023-08-08 23:17:58,970] {scheduler_job.py:182} INFO - Started process (PID=7184) to work on /home/airflow/.local/lib/python3.6/site-packages/airflow/example_dags/example_kubernetes_executor_config.py
[2023-08-08 23:17:58,975] {scheduler_job.py:633} INFO - Processing file /home/airflow/.local/lib/python3.6/site-packages/airflow/example_dags/example_kubernetes_executor_config.py for tasks to queue
[2023-08-08 23:17:58,979] {logging_mixin.py:104} INFO - [2023-08-08 23:17:58,978] {dagbag.py:496} INFO - Filling up the DagBag from /home/airflow/.local/lib/python3.6/site-packages/airflow/example_dags/example_kubernetes_executor_config.py
[2023-08-08 23:17:59,058] {scheduler_job.py:643} INFO - DAG(s) dict_keys(['example_kubernetes_executor_config']) retrieved from /home/airflow/.local/lib/python3.6/site-packages/airflow/example_dags/example_kubernetes_executor_config.py
[2023-08-08 23:17:59,202] {logging_mixin.py:104} INFO - [2023-08-08 23:17:59,202] {dag.py:1833} INFO - Sync 1 DAGs
[2023-08-08 23:17:59,277] {logging_mixin.py:104} INFO - [2023-08-08 23:17:59,276] {dag.py:2306} INFO - Setting next_dagrun for example_kubernetes_executor_config to None
[2023-08-08 23:17:59,342] {scheduler_job.py:190} INFO - Processing /home/airflow/.local/lib/python3.6/site-packages/airflow/example_dags/example_kubernetes_executor_config.py took 0.380 seconds
[2023-08-08 23:18:29,929] {scheduler_job.py:182} INFO - Started process (PID=7231) to work on /home/airflow/.local/lib/python3.6/site-packages/airflow/example_dags/example_kubernetes_executor_config.py
[2023-08-08 23:18:29,949] {scheduler_job.py:633} INFO - Processing file /home/airflow/.local/lib/python3.6/site-packages/airflow/example_dags/example_kubernetes_executor_config.py for tasks to queue
[2023-08-08 23:18:29,959] {logging_mixin.py:104} INFO - [2023-08-08 23:18:29,958] {dagbag.py:496} INFO - Filling up the DagBag from /home/airflow/.local/lib/python3.6/site-packages/airflow/example_dags/example_kubernetes_executor_config.py
[2023-08-08 23:18:30,175] {scheduler_job.py:643} INFO - DAG(s) dict_keys(['example_kubernetes_executor_config']) retrieved from /home/airflow/.local/lib/python3.6/site-packages/airflow/example_dags/example_kubernetes_executor_config.py
[2023-08-08 23:18:30,550] {logging_mixin.py:104} INFO - [2023-08-08 23:18:30,549] {dag.py:1833} INFO - Sync 1 DAGs
[2023-08-08 23:18:30,624] {logging_mixin.py:104} INFO - [2023-08-08 23:18:30,624] {dag.py:2306} INFO - Setting next_dagrun for example_kubernetes_executor_config to None
[2023-08-08 23:18:30,838] {scheduler_job.py:190} INFO - Processing /home/airflow/.local/lib/python3.6/site-packages/airflow/example_dags/example_kubernetes_executor_config.py took 0.923 seconds
[2023-08-08 23:19:01,042] {scheduler_job.py:182} INFO - Started process (PID=7274) to work on /home/airflow/.local/lib/python3.6/site-packages/airflow/example_dags/example_kubernetes_executor_config.py
[2023-08-08 23:19:01,047] {scheduler_job.py:633} INFO - Processing file /home/airflow/.local/lib/python3.6/site-packages/airflow/example_dags/example_kubernetes_executor_config.py for tasks to queue
[2023-08-08 23:19:01,051] {logging_mixin.py:104} INFO - [2023-08-08 23:19:01,050] {dagbag.py:496} INFO - Filling up the DagBag from /home/airflow/.local/lib/python3.6/site-packages/airflow/example_dags/example_kubernetes_executor_config.py
[2023-08-08 23:19:01,095] {scheduler_job.py:643} INFO - DAG(s) dict_keys(['example_kubernetes_executor_config']) retrieved from /home/airflow/.local/lib/python3.6/site-packages/airflow/example_dags/example_kubernetes_executor_config.py
[2023-08-08 23:19:01,146] {logging_mixin.py:104} INFO - [2023-08-08 23:19:01,146] {dag.py:1833} INFO - Sync 1 DAGs
[2023-08-08 23:19:01,171] {logging_mixin.py:104} INFO - [2023-08-08 23:19:01,171] {dag.py:2306} INFO - Setting next_dagrun for example_kubernetes_executor_config to None
[2023-08-08 23:19:01,200] {scheduler_job.py:190} INFO - Processing /home/airflow/.local/lib/python3.6/site-packages/airflow/example_dags/example_kubernetes_executor_config.py took 0.175 seconds
[2023-08-08 23:19:31,393] {scheduler_job.py:182} INFO - Started process (PID=7326) to work on /home/airflow/.local/lib/python3.6/site-packages/airflow/example_dags/example_kubernetes_executor_config.py
[2023-08-08 23:19:31,402] {scheduler_job.py:633} INFO - Processing file /home/airflow/.local/lib/python3.6/site-packages/airflow/example_dags/example_kubernetes_executor_config.py for tasks to queue
[2023-08-08 23:19:31,413] {logging_mixin.py:104} INFO - [2023-08-08 23:19:31,413] {dagbag.py:496} INFO - Filling up the DagBag from /home/airflow/.local/lib/python3.6/site-packages/airflow/example_dags/example_kubernetes_executor_config.py
[2023-08-08 23:19:31,482] {scheduler_job.py:643} INFO - DAG(s) dict_keys(['example_kubernetes_executor_config']) retrieved from /home/airflow/.local/lib/python3.6/site-packages/airflow/example_dags/example_kubernetes_executor_config.py
[2023-08-08 23:19:31,578] {logging_mixin.py:104} INFO - [2023-08-08 23:19:31,577] {dag.py:1833} INFO - Sync 1 DAGs
[2023-08-08 23:19:31,627] {logging_mixin.py:104} INFO - [2023-08-08 23:19:31,626] {dag.py:2306} INFO - Setting next_dagrun for example_kubernetes_executor_config to None
[2023-08-08 23:19:31,670] {scheduler_job.py:190} INFO - Processing /home/airflow/.local/lib/python3.6/site-packages/airflow/example_dags/example_kubernetes_executor_config.py took 0.284 seconds
[2023-08-08 23:20:02,121] {scheduler_job.py:182} INFO - Started process (PID=7376) to work on /home/airflow/.local/lib/python3.6/site-packages/airflow/example_dags/example_kubernetes_executor_config.py
[2023-08-08 23:20:02,135] {scheduler_job.py:633} INFO - Processing file /home/airflow/.local/lib/python3.6/site-packages/airflow/example_dags/example_kubernetes_executor_config.py for tasks to queue
[2023-08-08 23:20:02,145] {logging_mixin.py:104} INFO - [2023-08-08 23:20:02,144] {dagbag.py:496} INFO - Filling up the DagBag from /home/airflow/.local/lib/python3.6/site-packages/airflow/example_dags/example_kubernetes_executor_config.py
[2023-08-08 23:20:02,215] {scheduler_job.py:643} INFO - DAG(s) dict_keys(['example_kubernetes_executor_config']) retrieved from /home/airflow/.local/lib/python3.6/site-packages/airflow/example_dags/example_kubernetes_executor_config.py
[2023-08-08 23:20:02,331] {logging_mixin.py:104} INFO - [2023-08-08 23:20:02,330] {dag.py:1833} INFO - Sync 1 DAGs
[2023-08-08 23:20:02,370] {logging_mixin.py:104} INFO - [2023-08-08 23:20:02,369] {dag.py:2306} INFO - Setting next_dagrun for example_kubernetes_executor_config to None
[2023-08-08 23:20:02,398] {scheduler_job.py:190} INFO - Processing /home/airflow/.local/lib/python3.6/site-packages/airflow/example_dags/example_kubernetes_executor_config.py took 0.282 seconds
