[2023-08-08 22:59:52,171] {scheduler_job.py:182} INFO - Started process (PID=5443) to work on /home/airflow/.local/lib/python3.6/site-packages/airflow/example_dags/example_latest_only_with_trigger.py
[2023-08-08 22:59:52,174] {scheduler_job.py:633} INFO - Processing file /home/airflow/.local/lib/python3.6/site-packages/airflow/example_dags/example_latest_only_with_trigger.py for tasks to queue
[2023-08-08 22:59:52,176] {logging_mixin.py:104} INFO - [2023-08-08 22:59:52,176] {dagbag.py:496} INFO - Filling up the DagBag from /home/airflow/.local/lib/python3.6/site-packages/airflow/example_dags/example_latest_only_with_trigger.py
[2023-08-08 22:59:52,231] {scheduler_job.py:643} INFO - DAG(s) dict_keys(['latest_only_with_trigger']) retrieved from /home/airflow/.local/lib/python3.6/site-packages/airflow/example_dags/example_latest_only_with_trigger.py
[2023-08-08 22:59:53,218] {logging_mixin.py:104} INFO - [2023-08-08 22:59:53,217] {dag.py:1833} INFO - Sync 1 DAGs
[2023-08-08 22:59:53,260] {logging_mixin.py:104} INFO - [2023-08-08 22:59:53,260] {dag.py:2306} INFO - Setting next_dagrun for latest_only_with_trigger to 2023-08-06 00:00:00+00:00
[2023-08-08 22:59:53,302] {scheduler_job.py:190} INFO - Processing /home/airflow/.local/lib/python3.6/site-packages/airflow/example_dags/example_latest_only_with_trigger.py took 1.157 seconds
[2023-08-08 23:00:23,569] {scheduler_job.py:182} INFO - Started process (PID=5494) to work on /home/airflow/.local/lib/python3.6/site-packages/airflow/example_dags/example_latest_only_with_trigger.py
[2023-08-08 23:00:23,573] {scheduler_job.py:633} INFO - Processing file /home/airflow/.local/lib/python3.6/site-packages/airflow/example_dags/example_latest_only_with_trigger.py for tasks to queue
[2023-08-08 23:00:23,581] {logging_mixin.py:104} INFO - [2023-08-08 23:00:23,581] {dagbag.py:496} INFO - Filling up the DagBag from /home/airflow/.local/lib/python3.6/site-packages/airflow/example_dags/example_latest_only_with_trigger.py
[2023-08-08 23:00:23,641] {scheduler_job.py:643} INFO - DAG(s) dict_keys(['latest_only_with_trigger']) retrieved from /home/airflow/.local/lib/python3.6/site-packages/airflow/example_dags/example_latest_only_with_trigger.py
[2023-08-08 23:00:23,755] {logging_mixin.py:104} INFO - [2023-08-08 23:00:23,754] {dag.py:1833} INFO - Sync 1 DAGs
[2023-08-08 23:00:23,788] {logging_mixin.py:104} INFO - [2023-08-08 23:00:23,788] {dag.py:2306} INFO - Setting next_dagrun for latest_only_with_trigger to 2023-08-06 00:00:00+00:00
[2023-08-08 23:00:23,809] {scheduler_job.py:190} INFO - Processing /home/airflow/.local/lib/python3.6/site-packages/airflow/example_dags/example_latest_only_with_trigger.py took 0.255 seconds
[2023-08-08 23:00:54,623] {scheduler_job.py:182} INFO - Started process (PID=5547) to work on /home/airflow/.local/lib/python3.6/site-packages/airflow/example_dags/example_latest_only_with_trigger.py
[2023-08-08 23:00:54,631] {scheduler_job.py:633} INFO - Processing file /home/airflow/.local/lib/python3.6/site-packages/airflow/example_dags/example_latest_only_with_trigger.py for tasks to queue
[2023-08-08 23:00:54,641] {logging_mixin.py:104} INFO - [2023-08-08 23:00:54,641] {dagbag.py:496} INFO - Filling up the DagBag from /home/airflow/.local/lib/python3.6/site-packages/airflow/example_dags/example_latest_only_with_trigger.py
[2023-08-08 23:00:54,679] {scheduler_job.py:643} INFO - DAG(s) dict_keys(['latest_only_with_trigger']) retrieved from /home/airflow/.local/lib/python3.6/site-packages/airflow/example_dags/example_latest_only_with_trigger.py
[2023-08-08 23:00:54,712] {logging_mixin.py:104} INFO - [2023-08-08 23:00:54,712] {dag.py:1833} INFO - Sync 1 DAGs
[2023-08-08 23:00:54,734] {logging_mixin.py:104} INFO - [2023-08-08 23:00:54,734] {dag.py:2306} INFO - Setting next_dagrun for latest_only_with_trigger to 2023-08-06 00:00:00+00:00
[2023-08-08 23:00:54,751] {scheduler_job.py:190} INFO - Processing /home/airflow/.local/lib/python3.6/site-packages/airflow/example_dags/example_latest_only_with_trigger.py took 0.136 seconds
[2023-08-08 23:01:24,987] {scheduler_job.py:182} INFO - Started process (PID=5596) to work on /home/airflow/.local/lib/python3.6/site-packages/airflow/example_dags/example_latest_only_with_trigger.py
[2023-08-08 23:01:24,990] {scheduler_job.py:633} INFO - Processing file /home/airflow/.local/lib/python3.6/site-packages/airflow/example_dags/example_latest_only_with_trigger.py for tasks to queue
[2023-08-08 23:01:24,993] {logging_mixin.py:104} INFO - [2023-08-08 23:01:24,992] {dagbag.py:496} INFO - Filling up the DagBag from /home/airflow/.local/lib/python3.6/site-packages/airflow/example_dags/example_latest_only_with_trigger.py
[2023-08-08 23:01:25,021] {scheduler_job.py:643} INFO - DAG(s) dict_keys(['latest_only_with_trigger']) retrieved from /home/airflow/.local/lib/python3.6/site-packages/airflow/example_dags/example_latest_only_with_trigger.py
[2023-08-08 23:01:25,058] {logging_mixin.py:104} INFO - [2023-08-08 23:01:25,058] {dag.py:1833} INFO - Sync 1 DAGs
[2023-08-08 23:01:25,080] {logging_mixin.py:104} INFO - [2023-08-08 23:01:25,079] {dag.py:2306} INFO - Setting next_dagrun for latest_only_with_trigger to 2023-08-06 00:00:00+00:00
[2023-08-08 23:01:25,099] {scheduler_job.py:190} INFO - Processing /home/airflow/.local/lib/python3.6/site-packages/airflow/example_dags/example_latest_only_with_trigger.py took 0.118 seconds
[2023-08-08 23:01:55,458] {scheduler_job.py:182} INFO - Started process (PID=5647) to work on /home/airflow/.local/lib/python3.6/site-packages/airflow/example_dags/example_latest_only_with_trigger.py
[2023-08-08 23:01:55,460] {scheduler_job.py:633} INFO - Processing file /home/airflow/.local/lib/python3.6/site-packages/airflow/example_dags/example_latest_only_with_trigger.py for tasks to queue
[2023-08-08 23:01:55,463] {logging_mixin.py:104} INFO - [2023-08-08 23:01:55,463] {dagbag.py:496} INFO - Filling up the DagBag from /home/airflow/.local/lib/python3.6/site-packages/airflow/example_dags/example_latest_only_with_trigger.py
[2023-08-08 23:01:55,486] {scheduler_job.py:643} INFO - DAG(s) dict_keys(['latest_only_with_trigger']) retrieved from /home/airflow/.local/lib/python3.6/site-packages/airflow/example_dags/example_latest_only_with_trigger.py
[2023-08-08 23:01:55,521] {logging_mixin.py:104} INFO - [2023-08-08 23:01:55,521] {dag.py:1833} INFO - Sync 1 DAGs
[2023-08-08 23:01:55,541] {logging_mixin.py:104} INFO - [2023-08-08 23:01:55,541] {dag.py:2306} INFO - Setting next_dagrun for latest_only_with_trigger to 2023-08-06 00:00:00+00:00
[2023-08-08 23:01:55,566] {scheduler_job.py:190} INFO - Processing /home/airflow/.local/lib/python3.6/site-packages/airflow/example_dags/example_latest_only_with_trigger.py took 0.115 seconds
[2023-08-08 23:02:26,345] {scheduler_job.py:182} INFO - Started process (PID=5699) to work on /home/airflow/.local/lib/python3.6/site-packages/airflow/example_dags/example_latest_only_with_trigger.py
[2023-08-08 23:02:26,349] {scheduler_job.py:633} INFO - Processing file /home/airflow/.local/lib/python3.6/site-packages/airflow/example_dags/example_latest_only_with_trigger.py for tasks to queue
[2023-08-08 23:02:26,351] {logging_mixin.py:104} INFO - [2023-08-08 23:02:26,350] {dagbag.py:496} INFO - Filling up the DagBag from /home/airflow/.local/lib/python3.6/site-packages/airflow/example_dags/example_latest_only_with_trigger.py
[2023-08-08 23:02:26,369] {scheduler_job.py:643} INFO - DAG(s) dict_keys(['latest_only_with_trigger']) retrieved from /home/airflow/.local/lib/python3.6/site-packages/airflow/example_dags/example_latest_only_with_trigger.py
[2023-08-08 23:02:26,400] {logging_mixin.py:104} INFO - [2023-08-08 23:02:26,400] {dag.py:1833} INFO - Sync 1 DAGs
[2023-08-08 23:02:26,419] {logging_mixin.py:104} INFO - [2023-08-08 23:02:26,419] {dag.py:2306} INFO - Setting next_dagrun for latest_only_with_trigger to 2023-08-06 00:00:00+00:00
[2023-08-08 23:02:26,434] {scheduler_job.py:190} INFO - Processing /home/airflow/.local/lib/python3.6/site-packages/airflow/example_dags/example_latest_only_with_trigger.py took 0.093 seconds
[2023-08-08 23:02:57,381] {scheduler_job.py:182} INFO - Started process (PID=5750) to work on /home/airflow/.local/lib/python3.6/site-packages/airflow/example_dags/example_latest_only_with_trigger.py
[2023-08-08 23:02:57,388] {scheduler_job.py:633} INFO - Processing file /home/airflow/.local/lib/python3.6/site-packages/airflow/example_dags/example_latest_only_with_trigger.py for tasks to queue
[2023-08-08 23:02:57,393] {logging_mixin.py:104} INFO - [2023-08-08 23:02:57,392] {dagbag.py:496} INFO - Filling up the DagBag from /home/airflow/.local/lib/python3.6/site-packages/airflow/example_dags/example_latest_only_with_trigger.py
[2023-08-08 23:02:57,422] {scheduler_job.py:643} INFO - DAG(s) dict_keys(['latest_only_with_trigger']) retrieved from /home/airflow/.local/lib/python3.6/site-packages/airflow/example_dags/example_latest_only_with_trigger.py
[2023-08-08 23:02:57,485] {logging_mixin.py:104} INFO - [2023-08-08 23:02:57,485] {dag.py:1833} INFO - Sync 1 DAGs
[2023-08-08 23:02:57,530] {logging_mixin.py:104} INFO - [2023-08-08 23:02:57,529] {dag.py:2306} INFO - Setting next_dagrun for latest_only_with_trigger to 2023-08-06 00:00:00+00:00
[2023-08-08 23:02:57,574] {scheduler_job.py:190} INFO - Processing /home/airflow/.local/lib/python3.6/site-packages/airflow/example_dags/example_latest_only_with_trigger.py took 0.198 seconds
[2023-08-08 23:03:28,619] {scheduler_job.py:182} INFO - Started process (PID=5812) to work on /home/airflow/.local/lib/python3.6/site-packages/airflow/example_dags/example_latest_only_with_trigger.py
[2023-08-08 23:03:28,629] {scheduler_job.py:633} INFO - Processing file /home/airflow/.local/lib/python3.6/site-packages/airflow/example_dags/example_latest_only_with_trigger.py for tasks to queue
[2023-08-08 23:03:28,638] {logging_mixin.py:104} INFO - [2023-08-08 23:03:28,638] {dagbag.py:496} INFO - Filling up the DagBag from /home/airflow/.local/lib/python3.6/site-packages/airflow/example_dags/example_latest_only_with_trigger.py
[2023-08-08 23:03:28,699] {scheduler_job.py:643} INFO - DAG(s) dict_keys(['latest_only_with_trigger']) retrieved from /home/airflow/.local/lib/python3.6/site-packages/airflow/example_dags/example_latest_only_with_trigger.py
[2023-08-08 23:03:28,773] {logging_mixin.py:104} INFO - [2023-08-08 23:03:28,773] {dag.py:1833} INFO - Sync 1 DAGs
[2023-08-08 23:03:28,821] {logging_mixin.py:104} INFO - [2023-08-08 23:03:28,821] {dag.py:2306} INFO - Setting next_dagrun for latest_only_with_trigger to 2023-08-06 00:00:00+00:00
[2023-08-08 23:03:28,855] {scheduler_job.py:190} INFO - Processing /home/airflow/.local/lib/python3.6/site-packages/airflow/example_dags/example_latest_only_with_trigger.py took 0.249 seconds
[2023-08-08 23:03:58,946] {scheduler_job.py:182} INFO - Started process (PID=5862) to work on /home/airflow/.local/lib/python3.6/site-packages/airflow/example_dags/example_latest_only_with_trigger.py
[2023-08-08 23:03:58,953] {scheduler_job.py:633} INFO - Processing file /home/airflow/.local/lib/python3.6/site-packages/airflow/example_dags/example_latest_only_with_trigger.py for tasks to queue
[2023-08-08 23:03:58,959] {logging_mixin.py:104} INFO - [2023-08-08 23:03:58,956] {dagbag.py:496} INFO - Filling up the DagBag from /home/airflow/.local/lib/python3.6/site-packages/airflow/example_dags/example_latest_only_with_trigger.py
[2023-08-08 23:03:59,064] {scheduler_job.py:643} INFO - DAG(s) dict_keys(['latest_only_with_trigger']) retrieved from /home/airflow/.local/lib/python3.6/site-packages/airflow/example_dags/example_latest_only_with_trigger.py
[2023-08-08 23:03:59,124] {logging_mixin.py:104} INFO - [2023-08-08 23:03:59,124] {dag.py:1833} INFO - Sync 1 DAGs
[2023-08-08 23:03:59,162] {logging_mixin.py:104} INFO - [2023-08-08 23:03:59,162] {dag.py:2306} INFO - Setting next_dagrun for latest_only_with_trigger to 2023-08-06 00:00:00+00:00
[2023-08-08 23:03:59,205] {scheduler_job.py:190} INFO - Processing /home/airflow/.local/lib/python3.6/site-packages/airflow/example_dags/example_latest_only_with_trigger.py took 0.281 seconds
[2023-08-08 23:04:29,738] {scheduler_job.py:182} INFO - Started process (PID=5912) to work on /home/airflow/.local/lib/python3.6/site-packages/airflow/example_dags/example_latest_only_with_trigger.py
[2023-08-08 23:04:29,754] {scheduler_job.py:633} INFO - Processing file /home/airflow/.local/lib/python3.6/site-packages/airflow/example_dags/example_latest_only_with_trigger.py for tasks to queue
[2023-08-08 23:04:29,766] {logging_mixin.py:104} INFO - [2023-08-08 23:04:29,766] {dagbag.py:496} INFO - Filling up the DagBag from /home/airflow/.local/lib/python3.6/site-packages/airflow/example_dags/example_latest_only_with_trigger.py
[2023-08-08 23:04:29,812] {scheduler_job.py:643} INFO - DAG(s) dict_keys(['latest_only_with_trigger']) retrieved from /home/airflow/.local/lib/python3.6/site-packages/airflow/example_dags/example_latest_only_with_trigger.py
[2023-08-08 23:04:29,852] {logging_mixin.py:104} INFO - [2023-08-08 23:04:29,852] {dag.py:1833} INFO - Sync 1 DAGs
[2023-08-08 23:04:29,876] {logging_mixin.py:104} INFO - [2023-08-08 23:04:29,876] {dag.py:2306} INFO - Setting next_dagrun for latest_only_with_trigger to 2023-08-06 00:00:00+00:00
[2023-08-08 23:04:29,897] {scheduler_job.py:190} INFO - Processing /home/airflow/.local/lib/python3.6/site-packages/airflow/example_dags/example_latest_only_with_trigger.py took 0.174 seconds
[2023-08-08 23:05:00,045] {scheduler_job.py:182} INFO - Started process (PID=5963) to work on /home/airflow/.local/lib/python3.6/site-packages/airflow/example_dags/example_latest_only_with_trigger.py
[2023-08-08 23:05:00,047] {scheduler_job.py:633} INFO - Processing file /home/airflow/.local/lib/python3.6/site-packages/airflow/example_dags/example_latest_only_with_trigger.py for tasks to queue
[2023-08-08 23:05:00,063] {logging_mixin.py:104} INFO - [2023-08-08 23:05:00,063] {dagbag.py:496} INFO - Filling up the DagBag from /home/airflow/.local/lib/python3.6/site-packages/airflow/example_dags/example_latest_only_with_trigger.py
[2023-08-08 23:05:00,108] {scheduler_job.py:643} INFO - DAG(s) dict_keys(['latest_only_with_trigger']) retrieved from /home/airflow/.local/lib/python3.6/site-packages/airflow/example_dags/example_latest_only_with_trigger.py
[2023-08-08 23:05:00,213] {logging_mixin.py:104} INFO - [2023-08-08 23:05:00,213] {dag.py:1833} INFO - Sync 1 DAGs
[2023-08-08 23:05:00,256] {logging_mixin.py:104} INFO - [2023-08-08 23:05:00,255] {dag.py:2306} INFO - Setting next_dagrun for latest_only_with_trigger to 2023-08-06 00:00:00+00:00
[2023-08-08 23:05:00,303] {scheduler_job.py:190} INFO - Processing /home/airflow/.local/lib/python3.6/site-packages/airflow/example_dags/example_latest_only_with_trigger.py took 0.278 seconds
[2023-08-08 23:05:30,478] {scheduler_job.py:182} INFO - Started process (PID=6014) to work on /home/airflow/.local/lib/python3.6/site-packages/airflow/example_dags/example_latest_only_with_trigger.py
[2023-08-08 23:05:30,484] {scheduler_job.py:633} INFO - Processing file /home/airflow/.local/lib/python3.6/site-packages/airflow/example_dags/example_latest_only_with_trigger.py for tasks to queue
[2023-08-08 23:05:30,486] {logging_mixin.py:104} INFO - [2023-08-08 23:05:30,485] {dagbag.py:496} INFO - Filling up the DagBag from /home/airflow/.local/lib/python3.6/site-packages/airflow/example_dags/example_latest_only_with_trigger.py
[2023-08-08 23:05:30,507] {scheduler_job.py:643} INFO - DAG(s) dict_keys(['latest_only_with_trigger']) retrieved from /home/airflow/.local/lib/python3.6/site-packages/airflow/example_dags/example_latest_only_with_trigger.py
[2023-08-08 23:05:30,550] {logging_mixin.py:104} INFO - [2023-08-08 23:05:30,550] {dag.py:1833} INFO - Sync 1 DAGs
[2023-08-08 23:05:30,575] {logging_mixin.py:104} INFO - [2023-08-08 23:05:30,575] {dag.py:2306} INFO - Setting next_dagrun for latest_only_with_trigger to 2023-08-06 00:00:00+00:00
[2023-08-08 23:05:30,600] {scheduler_job.py:190} INFO - Processing /home/airflow/.local/lib/python3.6/site-packages/airflow/example_dags/example_latest_only_with_trigger.py took 0.128 seconds
[2023-08-08 23:06:01,127] {scheduler_job.py:182} INFO - Started process (PID=6063) to work on /home/airflow/.local/lib/python3.6/site-packages/airflow/example_dags/example_latest_only_with_trigger.py
[2023-08-08 23:06:01,141] {scheduler_job.py:633} INFO - Processing file /home/airflow/.local/lib/python3.6/site-packages/airflow/example_dags/example_latest_only_with_trigger.py for tasks to queue
[2023-08-08 23:06:01,146] {logging_mixin.py:104} INFO - [2023-08-08 23:06:01,145] {dagbag.py:496} INFO - Filling up the DagBag from /home/airflow/.local/lib/python3.6/site-packages/airflow/example_dags/example_latest_only_with_trigger.py
[2023-08-08 23:06:01,245] {scheduler_job.py:643} INFO - DAG(s) dict_keys(['latest_only_with_trigger']) retrieved from /home/airflow/.local/lib/python3.6/site-packages/airflow/example_dags/example_latest_only_with_trigger.py
[2023-08-08 23:06:01,422] {logging_mixin.py:104} INFO - [2023-08-08 23:06:01,421] {dag.py:1833} INFO - Sync 1 DAGs
[2023-08-08 23:06:01,523] {logging_mixin.py:104} INFO - [2023-08-08 23:06:01,514] {dag.py:2306} INFO - Setting next_dagrun for latest_only_with_trigger to 2023-08-06 00:00:00+00:00
[2023-08-08 23:06:01,593] {scheduler_job.py:190} INFO - Processing /home/airflow/.local/lib/python3.6/site-packages/airflow/example_dags/example_latest_only_with_trigger.py took 0.493 seconds
[2023-08-08 23:06:32,335] {scheduler_job.py:182} INFO - Started process (PID=6105) to work on /home/airflow/.local/lib/python3.6/site-packages/airflow/example_dags/example_latest_only_with_trigger.py
[2023-08-08 23:06:32,342] {scheduler_job.py:633} INFO - Processing file /home/airflow/.local/lib/python3.6/site-packages/airflow/example_dags/example_latest_only_with_trigger.py for tasks to queue
[2023-08-08 23:06:32,349] {logging_mixin.py:104} INFO - [2023-08-08 23:06:32,349] {dagbag.py:496} INFO - Filling up the DagBag from /home/airflow/.local/lib/python3.6/site-packages/airflow/example_dags/example_latest_only_with_trigger.py
[2023-08-08 23:06:32,420] {scheduler_job.py:643} INFO - DAG(s) dict_keys(['latest_only_with_trigger']) retrieved from /home/airflow/.local/lib/python3.6/site-packages/airflow/example_dags/example_latest_only_with_trigger.py
[2023-08-08 23:06:32,540] {logging_mixin.py:104} INFO - [2023-08-08 23:06:32,540] {dag.py:1833} INFO - Sync 1 DAGs
[2023-08-08 23:06:32,581] {logging_mixin.py:104} INFO - [2023-08-08 23:06:32,580] {dag.py:2306} INFO - Setting next_dagrun for latest_only_with_trigger to 2023-08-06 00:00:00+00:00
[2023-08-08 23:06:32,624] {scheduler_job.py:190} INFO - Processing /home/airflow/.local/lib/python3.6/site-packages/airflow/example_dags/example_latest_only_with_trigger.py took 0.302 seconds
[2023-08-08 23:07:03,298] {scheduler_job.py:182} INFO - Started process (PID=6156) to work on /home/airflow/.local/lib/python3.6/site-packages/airflow/example_dags/example_latest_only_with_trigger.py
[2023-08-08 23:07:03,329] {scheduler_job.py:633} INFO - Processing file /home/airflow/.local/lib/python3.6/site-packages/airflow/example_dags/example_latest_only_with_trigger.py for tasks to queue
[2023-08-08 23:07:03,332] {logging_mixin.py:104} INFO - [2023-08-08 23:07:03,331] {dagbag.py:496} INFO - Filling up the DagBag from /home/airflow/.local/lib/python3.6/site-packages/airflow/example_dags/example_latest_only_with_trigger.py
[2023-08-08 23:07:03,549] {scheduler_job.py:643} INFO - DAG(s) dict_keys(['latest_only_with_trigger']) retrieved from /home/airflow/.local/lib/python3.6/site-packages/airflow/example_dags/example_latest_only_with_trigger.py
[2023-08-08 23:07:03,682] {logging_mixin.py:104} INFO - [2023-08-08 23:07:03,682] {dag.py:1833} INFO - Sync 1 DAGs
[2023-08-08 23:07:03,715] {logging_mixin.py:104} INFO - [2023-08-08 23:07:03,714] {dag.py:2306} INFO - Setting next_dagrun for latest_only_with_trigger to 2023-08-06 00:00:00+00:00
[2023-08-08 23:07:03,763] {scheduler_job.py:190} INFO - Processing /home/airflow/.local/lib/python3.6/site-packages/airflow/example_dags/example_latest_only_with_trigger.py took 0.512 seconds
[2023-08-08 23:07:34,424] {scheduler_job.py:182} INFO - Started process (PID=6206) to work on /home/airflow/.local/lib/python3.6/site-packages/airflow/example_dags/example_latest_only_with_trigger.py
[2023-08-08 23:07:34,429] {scheduler_job.py:633} INFO - Processing file /home/airflow/.local/lib/python3.6/site-packages/airflow/example_dags/example_latest_only_with_trigger.py for tasks to queue
[2023-08-08 23:07:34,434] {logging_mixin.py:104} INFO - [2023-08-08 23:07:34,434] {dagbag.py:496} INFO - Filling up the DagBag from /home/airflow/.local/lib/python3.6/site-packages/airflow/example_dags/example_latest_only_with_trigger.py
[2023-08-08 23:07:34,468] {scheduler_job.py:643} INFO - DAG(s) dict_keys(['latest_only_with_trigger']) retrieved from /home/airflow/.local/lib/python3.6/site-packages/airflow/example_dags/example_latest_only_with_trigger.py
[2023-08-08 23:07:34,521] {logging_mixin.py:104} INFO - [2023-08-08 23:07:34,521] {dag.py:1833} INFO - Sync 1 DAGs
[2023-08-08 23:07:34,547] {logging_mixin.py:104} INFO - [2023-08-08 23:07:34,547] {dag.py:2306} INFO - Setting next_dagrun for latest_only_with_trigger to 2023-08-06 00:00:00+00:00
[2023-08-08 23:07:34,606] {scheduler_job.py:190} INFO - Processing /home/airflow/.local/lib/python3.6/site-packages/airflow/example_dags/example_latest_only_with_trigger.py took 0.193 seconds
[2023-08-08 23:08:04,949] {scheduler_job.py:182} INFO - Started process (PID=6256) to work on /home/airflow/.local/lib/python3.6/site-packages/airflow/example_dags/example_latest_only_with_trigger.py
[2023-08-08 23:08:04,956] {scheduler_job.py:633} INFO - Processing file /home/airflow/.local/lib/python3.6/site-packages/airflow/example_dags/example_latest_only_with_trigger.py for tasks to queue
[2023-08-08 23:08:04,961] {logging_mixin.py:104} INFO - [2023-08-08 23:08:04,961] {dagbag.py:496} INFO - Filling up the DagBag from /home/airflow/.local/lib/python3.6/site-packages/airflow/example_dags/example_latest_only_with_trigger.py
[2023-08-08 23:08:05,036] {scheduler_job.py:643} INFO - DAG(s) dict_keys(['latest_only_with_trigger']) retrieved from /home/airflow/.local/lib/python3.6/site-packages/airflow/example_dags/example_latest_only_with_trigger.py
[2023-08-08 23:08:05,126] {logging_mixin.py:104} INFO - [2023-08-08 23:08:05,125] {dag.py:1833} INFO - Sync 1 DAGs
[2023-08-08 23:08:05,175] {logging_mixin.py:104} INFO - [2023-08-08 23:08:05,175] {dag.py:2306} INFO - Setting next_dagrun for latest_only_with_trigger to 2023-08-06 00:00:00+00:00
[2023-08-08 23:08:05,223] {scheduler_job.py:190} INFO - Processing /home/airflow/.local/lib/python3.6/site-packages/airflow/example_dags/example_latest_only_with_trigger.py took 0.287 seconds
[2023-08-08 23:08:35,426] {scheduler_job.py:182} INFO - Started process (PID=6308) to work on /home/airflow/.local/lib/python3.6/site-packages/airflow/example_dags/example_latest_only_with_trigger.py
[2023-08-08 23:08:35,437] {scheduler_job.py:633} INFO - Processing file /home/airflow/.local/lib/python3.6/site-packages/airflow/example_dags/example_latest_only_with_trigger.py for tasks to queue
[2023-08-08 23:08:35,443] {logging_mixin.py:104} INFO - [2023-08-08 23:08:35,442] {dagbag.py:496} INFO - Filling up the DagBag from /home/airflow/.local/lib/python3.6/site-packages/airflow/example_dags/example_latest_only_with_trigger.py
[2023-08-08 23:08:35,606] {scheduler_job.py:643} INFO - DAG(s) dict_keys(['latest_only_with_trigger']) retrieved from /home/airflow/.local/lib/python3.6/site-packages/airflow/example_dags/example_latest_only_with_trigger.py
[2023-08-08 23:08:35,700] {logging_mixin.py:104} INFO - [2023-08-08 23:08:35,700] {dag.py:1833} INFO - Sync 1 DAGs
[2023-08-08 23:08:35,758] {logging_mixin.py:104} INFO - [2023-08-08 23:08:35,757] {dag.py:2306} INFO - Setting next_dagrun for latest_only_with_trigger to 2023-08-06 00:00:00+00:00
[2023-08-08 23:08:35,798] {scheduler_job.py:190} INFO - Processing /home/airflow/.local/lib/python3.6/site-packages/airflow/example_dags/example_latest_only_with_trigger.py took 0.407 seconds
[2023-08-08 23:09:06,417] {scheduler_job.py:182} INFO - Started process (PID=6358) to work on /home/airflow/.local/lib/python3.6/site-packages/airflow/example_dags/example_latest_only_with_trigger.py
[2023-08-08 23:09:06,520] {scheduler_job.py:633} INFO - Processing file /home/airflow/.local/lib/python3.6/site-packages/airflow/example_dags/example_latest_only_with_trigger.py for tasks to queue
[2023-08-08 23:09:06,577] {logging_mixin.py:104} INFO - [2023-08-08 23:09:06,576] {dagbag.py:496} INFO - Filling up the DagBag from /home/airflow/.local/lib/python3.6/site-packages/airflow/example_dags/example_latest_only_with_trigger.py
[2023-08-08 23:09:06,863] {scheduler_job.py:643} INFO - DAG(s) dict_keys(['latest_only_with_trigger']) retrieved from /home/airflow/.local/lib/python3.6/site-packages/airflow/example_dags/example_latest_only_with_trigger.py
[2023-08-08 23:09:07,068] {logging_mixin.py:104} INFO - [2023-08-08 23:09:07,067] {dag.py:1833} INFO - Sync 1 DAGs
[2023-08-08 23:09:07,153] {logging_mixin.py:104} INFO - [2023-08-08 23:09:07,153] {dag.py:2306} INFO - Setting next_dagrun for latest_only_with_trigger to 2023-08-06 00:00:00+00:00
[2023-08-08 23:09:07,228] {scheduler_job.py:190} INFO - Processing /home/airflow/.local/lib/python3.6/site-packages/airflow/example_dags/example_latest_only_with_trigger.py took 0.862 seconds
[2023-08-08 23:09:37,534] {scheduler_job.py:182} INFO - Started process (PID=6399) to work on /home/airflow/.local/lib/python3.6/site-packages/airflow/example_dags/example_latest_only_with_trigger.py
[2023-08-08 23:09:37,539] {scheduler_job.py:633} INFO - Processing file /home/airflow/.local/lib/python3.6/site-packages/airflow/example_dags/example_latest_only_with_trigger.py for tasks to queue
[2023-08-08 23:09:37,544] {logging_mixin.py:104} INFO - [2023-08-08 23:09:37,543] {dagbag.py:496} INFO - Filling up the DagBag from /home/airflow/.local/lib/python3.6/site-packages/airflow/example_dags/example_latest_only_with_trigger.py
[2023-08-08 23:09:37,584] {scheduler_job.py:643} INFO - DAG(s) dict_keys(['latest_only_with_trigger']) retrieved from /home/airflow/.local/lib/python3.6/site-packages/airflow/example_dags/example_latest_only_with_trigger.py
[2023-08-08 23:09:37,630] {logging_mixin.py:104} INFO - [2023-08-08 23:09:37,629] {dag.py:1833} INFO - Sync 1 DAGs
[2023-08-08 23:09:37,684] {logging_mixin.py:104} INFO - [2023-08-08 23:09:37,684] {dag.py:2306} INFO - Setting next_dagrun for latest_only_with_trigger to 2023-08-06 00:00:00+00:00
[2023-08-08 23:09:37,720] {scheduler_job.py:190} INFO - Processing /home/airflow/.local/lib/python3.6/site-packages/airflow/example_dags/example_latest_only_with_trigger.py took 0.200 seconds
[2023-08-08 23:10:08,785] {scheduler_job.py:182} INFO - Started process (PID=6451) to work on /home/airflow/.local/lib/python3.6/site-packages/airflow/example_dags/example_latest_only_with_trigger.py
[2023-08-08 23:10:08,797] {scheduler_job.py:633} INFO - Processing file /home/airflow/.local/lib/python3.6/site-packages/airflow/example_dags/example_latest_only_with_trigger.py for tasks to queue
[2023-08-08 23:10:08,803] {logging_mixin.py:104} INFO - [2023-08-08 23:10:08,802] {dagbag.py:496} INFO - Filling up the DagBag from /home/airflow/.local/lib/python3.6/site-packages/airflow/example_dags/example_latest_only_with_trigger.py
[2023-08-08 23:10:08,855] {scheduler_job.py:643} INFO - DAG(s) dict_keys(['latest_only_with_trigger']) retrieved from /home/airflow/.local/lib/python3.6/site-packages/airflow/example_dags/example_latest_only_with_trigger.py
[2023-08-08 23:10:08,937] {logging_mixin.py:104} INFO - [2023-08-08 23:10:08,937] {dag.py:1833} INFO - Sync 1 DAGs
[2023-08-08 23:10:08,984] {logging_mixin.py:104} INFO - [2023-08-08 23:10:08,984] {dag.py:2306} INFO - Setting next_dagrun for latest_only_with_trigger to 2023-08-06 00:00:00+00:00
[2023-08-08 23:10:09,020] {scheduler_job.py:190} INFO - Processing /home/airflow/.local/lib/python3.6/site-packages/airflow/example_dags/example_latest_only_with_trigger.py took 0.279 seconds
[2023-08-08 23:10:39,146] {scheduler_job.py:182} INFO - Started process (PID=6510) to work on /home/airflow/.local/lib/python3.6/site-packages/airflow/example_dags/example_latest_only_with_trigger.py
[2023-08-08 23:10:39,153] {scheduler_job.py:633} INFO - Processing file /home/airflow/.local/lib/python3.6/site-packages/airflow/example_dags/example_latest_only_with_trigger.py for tasks to queue
[2023-08-08 23:10:39,157] {logging_mixin.py:104} INFO - [2023-08-08 23:10:39,156] {dagbag.py:496} INFO - Filling up the DagBag from /home/airflow/.local/lib/python3.6/site-packages/airflow/example_dags/example_latest_only_with_trigger.py
[2023-08-08 23:10:39,223] {scheduler_job.py:643} INFO - DAG(s) dict_keys(['latest_only_with_trigger']) retrieved from /home/airflow/.local/lib/python3.6/site-packages/airflow/example_dags/example_latest_only_with_trigger.py
[2023-08-08 23:10:39,297] {logging_mixin.py:104} INFO - [2023-08-08 23:10:39,297] {dag.py:1833} INFO - Sync 1 DAGs
[2023-08-08 23:10:39,324] {logging_mixin.py:104} INFO - [2023-08-08 23:10:39,323] {dag.py:2306} INFO - Setting next_dagrun for latest_only_with_trigger to 2023-08-06 00:00:00+00:00
[2023-08-08 23:10:39,358] {scheduler_job.py:190} INFO - Processing /home/airflow/.local/lib/python3.6/site-packages/airflow/example_dags/example_latest_only_with_trigger.py took 0.223 seconds
[2023-08-08 23:11:09,676] {scheduler_job.py:182} INFO - Started process (PID=6560) to work on /home/airflow/.local/lib/python3.6/site-packages/airflow/example_dags/example_latest_only_with_trigger.py
[2023-08-08 23:11:09,684] {scheduler_job.py:633} INFO - Processing file /home/airflow/.local/lib/python3.6/site-packages/airflow/example_dags/example_latest_only_with_trigger.py for tasks to queue
[2023-08-08 23:11:09,697] {logging_mixin.py:104} INFO - [2023-08-08 23:11:09,697] {dagbag.py:496} INFO - Filling up the DagBag from /home/airflow/.local/lib/python3.6/site-packages/airflow/example_dags/example_latest_only_with_trigger.py
[2023-08-08 23:11:09,764] {scheduler_job.py:643} INFO - DAG(s) dict_keys(['latest_only_with_trigger']) retrieved from /home/airflow/.local/lib/python3.6/site-packages/airflow/example_dags/example_latest_only_with_trigger.py
[2023-08-08 23:11:09,820] {logging_mixin.py:104} INFO - [2023-08-08 23:11:09,820] {dag.py:1833} INFO - Sync 1 DAGs
[2023-08-08 23:11:09,860] {logging_mixin.py:104} INFO - [2023-08-08 23:11:09,860] {dag.py:2306} INFO - Setting next_dagrun for latest_only_with_trigger to 2023-08-06 00:00:00+00:00
[2023-08-08 23:11:09,909] {scheduler_job.py:190} INFO - Processing /home/airflow/.local/lib/python3.6/site-packages/airflow/example_dags/example_latest_only_with_trigger.py took 0.250 seconds
[2023-08-08 23:11:40,518] {scheduler_job.py:182} INFO - Started process (PID=6608) to work on /home/airflow/.local/lib/python3.6/site-packages/airflow/example_dags/example_latest_only_with_trigger.py
[2023-08-08 23:11:40,530] {scheduler_job.py:633} INFO - Processing file /home/airflow/.local/lib/python3.6/site-packages/airflow/example_dags/example_latest_only_with_trigger.py for tasks to queue
[2023-08-08 23:11:40,541] {logging_mixin.py:104} INFO - [2023-08-08 23:11:40,539] {dagbag.py:496} INFO - Filling up the DagBag from /home/airflow/.local/lib/python3.6/site-packages/airflow/example_dags/example_latest_only_with_trigger.py
[2023-08-08 23:11:40,666] {scheduler_job.py:643} INFO - DAG(s) dict_keys(['latest_only_with_trigger']) retrieved from /home/airflow/.local/lib/python3.6/site-packages/airflow/example_dags/example_latest_only_with_trigger.py
[2023-08-08 23:11:40,810] {logging_mixin.py:104} INFO - [2023-08-08 23:11:40,810] {dag.py:1833} INFO - Sync 1 DAGs
[2023-08-08 23:11:40,883] {logging_mixin.py:104} INFO - [2023-08-08 23:11:40,883] {dag.py:2306} INFO - Setting next_dagrun for latest_only_with_trigger to 2023-08-06 00:00:00+00:00
[2023-08-08 23:11:40,971] {scheduler_job.py:190} INFO - Processing /home/airflow/.local/lib/python3.6/site-packages/airflow/example_dags/example_latest_only_with_trigger.py took 0.473 seconds
[2023-08-08 23:12:12,733] {scheduler_job.py:182} INFO - Started process (PID=6653) to work on /home/airflow/.local/lib/python3.6/site-packages/airflow/example_dags/example_latest_only_with_trigger.py
[2023-08-08 23:12:12,736] {scheduler_job.py:633} INFO - Processing file /home/airflow/.local/lib/python3.6/site-packages/airflow/example_dags/example_latest_only_with_trigger.py for tasks to queue
[2023-08-08 23:12:12,742] {logging_mixin.py:104} INFO - [2023-08-08 23:12:12,738] {dagbag.py:496} INFO - Filling up the DagBag from /home/airflow/.local/lib/python3.6/site-packages/airflow/example_dags/example_latest_only_with_trigger.py
[2023-08-08 23:12:12,778] {scheduler_job.py:643} INFO - DAG(s) dict_keys(['latest_only_with_trigger']) retrieved from /home/airflow/.local/lib/python3.6/site-packages/airflow/example_dags/example_latest_only_with_trigger.py
[2023-08-08 23:12:12,860] {logging_mixin.py:104} INFO - [2023-08-08 23:12:12,860] {dag.py:1833} INFO - Sync 1 DAGs
[2023-08-08 23:12:12,893] {logging_mixin.py:104} INFO - [2023-08-08 23:12:12,892] {dag.py:2306} INFO - Setting next_dagrun for latest_only_with_trigger to 2023-08-06 00:00:00+00:00
[2023-08-08 23:12:12,930] {scheduler_job.py:190} INFO - Processing /home/airflow/.local/lib/python3.6/site-packages/airflow/example_dags/example_latest_only_with_trigger.py took 0.211 seconds
[2023-08-08 23:12:44,538] {scheduler_job.py:182} INFO - Started process (PID=6697) to work on /home/airflow/.local/lib/python3.6/site-packages/airflow/example_dags/example_latest_only_with_trigger.py
[2023-08-08 23:12:44,550] {scheduler_job.py:633} INFO - Processing file /home/airflow/.local/lib/python3.6/site-packages/airflow/example_dags/example_latest_only_with_trigger.py for tasks to queue
[2023-08-08 23:12:44,553] {logging_mixin.py:104} INFO - [2023-08-08 23:12:44,553] {dagbag.py:496} INFO - Filling up the DagBag from /home/airflow/.local/lib/python3.6/site-packages/airflow/example_dags/example_latest_only_with_trigger.py
[2023-08-08 23:12:44,597] {scheduler_job.py:643} INFO - DAG(s) dict_keys(['latest_only_with_trigger']) retrieved from /home/airflow/.local/lib/python3.6/site-packages/airflow/example_dags/example_latest_only_with_trigger.py
[2023-08-08 23:12:44,737] {logging_mixin.py:104} INFO - [2023-08-08 23:12:44,736] {dag.py:1833} INFO - Sync 1 DAGs
[2023-08-08 23:12:44,811] {logging_mixin.py:104} INFO - [2023-08-08 23:12:44,811] {dag.py:2306} INFO - Setting next_dagrun for latest_only_with_trigger to 2023-08-06 00:00:00+00:00
[2023-08-08 23:12:44,865] {scheduler_job.py:190} INFO - Processing /home/airflow/.local/lib/python3.6/site-packages/airflow/example_dags/example_latest_only_with_trigger.py took 0.349 seconds
[2023-08-08 23:13:15,472] {scheduler_job.py:182} INFO - Started process (PID=6737) to work on /home/airflow/.local/lib/python3.6/site-packages/airflow/example_dags/example_latest_only_with_trigger.py
[2023-08-08 23:13:15,479] {scheduler_job.py:633} INFO - Processing file /home/airflow/.local/lib/python3.6/site-packages/airflow/example_dags/example_latest_only_with_trigger.py for tasks to queue
[2023-08-08 23:13:15,486] {logging_mixin.py:104} INFO - [2023-08-08 23:13:15,485] {dagbag.py:496} INFO - Filling up the DagBag from /home/airflow/.local/lib/python3.6/site-packages/airflow/example_dags/example_latest_only_with_trigger.py
[2023-08-08 23:13:15,528] {scheduler_job.py:643} INFO - DAG(s) dict_keys(['latest_only_with_trigger']) retrieved from /home/airflow/.local/lib/python3.6/site-packages/airflow/example_dags/example_latest_only_with_trigger.py
[2023-08-08 23:13:15,604] {logging_mixin.py:104} INFO - [2023-08-08 23:13:15,603] {dag.py:1833} INFO - Sync 1 DAGs
[2023-08-08 23:13:15,645] {logging_mixin.py:104} INFO - [2023-08-08 23:13:15,644] {dag.py:2306} INFO - Setting next_dagrun for latest_only_with_trigger to 2023-08-06 00:00:00+00:00
[2023-08-08 23:13:15,694] {scheduler_job.py:190} INFO - Processing /home/airflow/.local/lib/python3.6/site-packages/airflow/example_dags/example_latest_only_with_trigger.py took 0.234 seconds
[2023-08-08 23:13:46,648] {scheduler_job.py:182} INFO - Started process (PID=6788) to work on /home/airflow/.local/lib/python3.6/site-packages/airflow/example_dags/example_latest_only_with_trigger.py
[2023-08-08 23:13:46,652] {scheduler_job.py:633} INFO - Processing file /home/airflow/.local/lib/python3.6/site-packages/airflow/example_dags/example_latest_only_with_trigger.py for tasks to queue
[2023-08-08 23:13:46,654] {logging_mixin.py:104} INFO - [2023-08-08 23:13:46,654] {dagbag.py:496} INFO - Filling up the DagBag from /home/airflow/.local/lib/python3.6/site-packages/airflow/example_dags/example_latest_only_with_trigger.py
[2023-08-08 23:13:46,713] {scheduler_job.py:643} INFO - DAG(s) dict_keys(['latest_only_with_trigger']) retrieved from /home/airflow/.local/lib/python3.6/site-packages/airflow/example_dags/example_latest_only_with_trigger.py
[2023-08-08 23:13:46,787] {logging_mixin.py:104} INFO - [2023-08-08 23:13:46,786] {dag.py:1833} INFO - Sync 1 DAGs
[2023-08-08 23:13:46,831] {logging_mixin.py:104} INFO - [2023-08-08 23:13:46,830] {dag.py:2306} INFO - Setting next_dagrun for latest_only_with_trigger to 2023-08-06 00:00:00+00:00
[2023-08-08 23:13:46,872] {scheduler_job.py:190} INFO - Processing /home/airflow/.local/lib/python3.6/site-packages/airflow/example_dags/example_latest_only_with_trigger.py took 0.237 seconds
[2023-08-08 23:14:17,068] {scheduler_job.py:182} INFO - Started process (PID=6839) to work on /home/airflow/.local/lib/python3.6/site-packages/airflow/example_dags/example_latest_only_with_trigger.py
[2023-08-08 23:14:17,080] {scheduler_job.py:633} INFO - Processing file /home/airflow/.local/lib/python3.6/site-packages/airflow/example_dags/example_latest_only_with_trigger.py for tasks to queue
[2023-08-08 23:14:17,084] {logging_mixin.py:104} INFO - [2023-08-08 23:14:17,083] {dagbag.py:496} INFO - Filling up the DagBag from /home/airflow/.local/lib/python3.6/site-packages/airflow/example_dags/example_latest_only_with_trigger.py
[2023-08-08 23:14:17,150] {scheduler_job.py:643} INFO - DAG(s) dict_keys(['latest_only_with_trigger']) retrieved from /home/airflow/.local/lib/python3.6/site-packages/airflow/example_dags/example_latest_only_with_trigger.py
[2023-08-08 23:14:17,258] {logging_mixin.py:104} INFO - [2023-08-08 23:14:17,258] {dag.py:1833} INFO - Sync 1 DAGs
[2023-08-08 23:14:17,322] {logging_mixin.py:104} INFO - [2023-08-08 23:14:17,321] {dag.py:2306} INFO - Setting next_dagrun for latest_only_with_trigger to 2023-08-06 00:00:00+00:00
[2023-08-08 23:14:17,359] {scheduler_job.py:190} INFO - Processing /home/airflow/.local/lib/python3.6/site-packages/airflow/example_dags/example_latest_only_with_trigger.py took 0.300 seconds
[2023-08-08 23:14:48,457] {scheduler_job.py:182} INFO - Started process (PID=6889) to work on /home/airflow/.local/lib/python3.6/site-packages/airflow/example_dags/example_latest_only_with_trigger.py
[2023-08-08 23:14:48,477] {scheduler_job.py:633} INFO - Processing file /home/airflow/.local/lib/python3.6/site-packages/airflow/example_dags/example_latest_only_with_trigger.py for tasks to queue
[2023-08-08 23:14:48,487] {logging_mixin.py:104} INFO - [2023-08-08 23:14:48,484] {dagbag.py:496} INFO - Filling up the DagBag from /home/airflow/.local/lib/python3.6/site-packages/airflow/example_dags/example_latest_only_with_trigger.py
[2023-08-08 23:14:48,566] {scheduler_job.py:643} INFO - DAG(s) dict_keys(['latest_only_with_trigger']) retrieved from /home/airflow/.local/lib/python3.6/site-packages/airflow/example_dags/example_latest_only_with_trigger.py
[2023-08-08 23:14:48,670] {logging_mixin.py:104} INFO - [2023-08-08 23:14:48,670] {dag.py:1833} INFO - Sync 1 DAGs
[2023-08-08 23:14:48,728] {logging_mixin.py:104} INFO - [2023-08-08 23:14:48,728] {dag.py:2306} INFO - Setting next_dagrun for latest_only_with_trigger to 2023-08-06 00:00:00+00:00
[2023-08-08 23:14:48,765] {scheduler_job.py:190} INFO - Processing /home/airflow/.local/lib/python3.6/site-packages/airflow/example_dags/example_latest_only_with_trigger.py took 0.329 seconds
[2023-08-08 23:15:19,260] {scheduler_job.py:182} INFO - Started process (PID=6939) to work on /home/airflow/.local/lib/python3.6/site-packages/airflow/example_dags/example_latest_only_with_trigger.py
[2023-08-08 23:15:19,263] {scheduler_job.py:633} INFO - Processing file /home/airflow/.local/lib/python3.6/site-packages/airflow/example_dags/example_latest_only_with_trigger.py for tasks to queue
[2023-08-08 23:15:19,265] {logging_mixin.py:104} INFO - [2023-08-08 23:15:19,265] {dagbag.py:496} INFO - Filling up the DagBag from /home/airflow/.local/lib/python3.6/site-packages/airflow/example_dags/example_latest_only_with_trigger.py
[2023-08-08 23:15:19,304] {scheduler_job.py:643} INFO - DAG(s) dict_keys(['latest_only_with_trigger']) retrieved from /home/airflow/.local/lib/python3.6/site-packages/airflow/example_dags/example_latest_only_with_trigger.py
[2023-08-08 23:15:19,364] {logging_mixin.py:104} INFO - [2023-08-08 23:15:19,364] {dag.py:1833} INFO - Sync 1 DAGs
[2023-08-08 23:15:19,400] {logging_mixin.py:104} INFO - [2023-08-08 23:15:19,400] {dag.py:2306} INFO - Setting next_dagrun for latest_only_with_trigger to 2023-08-06 00:00:00+00:00
[2023-08-08 23:15:19,424] {scheduler_job.py:190} INFO - Processing /home/airflow/.local/lib/python3.6/site-packages/airflow/example_dags/example_latest_only_with_trigger.py took 0.172 seconds
[2023-08-08 23:15:51,898] {scheduler_job.py:182} INFO - Started process (PID=6989) to work on /home/airflow/.local/lib/python3.6/site-packages/airflow/example_dags/example_latest_only_with_trigger.py
[2023-08-08 23:15:51,902] {scheduler_job.py:633} INFO - Processing file /home/airflow/.local/lib/python3.6/site-packages/airflow/example_dags/example_latest_only_with_trigger.py for tasks to queue
[2023-08-08 23:15:51,905] {logging_mixin.py:104} INFO - [2023-08-08 23:15:51,905] {dagbag.py:496} INFO - Filling up the DagBag from /home/airflow/.local/lib/python3.6/site-packages/airflow/example_dags/example_latest_only_with_trigger.py
[2023-08-08 23:15:52,003] {scheduler_job.py:643} INFO - DAG(s) dict_keys(['latest_only_with_trigger']) retrieved from /home/airflow/.local/lib/python3.6/site-packages/airflow/example_dags/example_latest_only_with_trigger.py
[2023-08-08 23:15:52,162] {logging_mixin.py:104} INFO - [2023-08-08 23:15:52,162] {dag.py:1833} INFO - Sync 1 DAGs
[2023-08-08 23:15:52,232] {logging_mixin.py:104} INFO - [2023-08-08 23:15:52,232] {dag.py:2306} INFO - Setting next_dagrun for latest_only_with_trigger to 2023-08-06 00:00:00+00:00
[2023-08-08 23:15:52,281] {scheduler_job.py:190} INFO - Processing /home/airflow/.local/lib/python3.6/site-packages/airflow/example_dags/example_latest_only_with_trigger.py took 0.402 seconds
[2023-08-08 23:16:22,615] {scheduler_job.py:182} INFO - Started process (PID=7037) to work on /home/airflow/.local/lib/python3.6/site-packages/airflow/example_dags/example_latest_only_with_trigger.py
[2023-08-08 23:16:22,632] {scheduler_job.py:633} INFO - Processing file /home/airflow/.local/lib/python3.6/site-packages/airflow/example_dags/example_latest_only_with_trigger.py for tasks to queue
[2023-08-08 23:16:22,639] {logging_mixin.py:104} INFO - [2023-08-08 23:16:22,639] {dagbag.py:496} INFO - Filling up the DagBag from /home/airflow/.local/lib/python3.6/site-packages/airflow/example_dags/example_latest_only_with_trigger.py
[2023-08-08 23:16:22,756] {scheduler_job.py:643} INFO - DAG(s) dict_keys(['latest_only_with_trigger']) retrieved from /home/airflow/.local/lib/python3.6/site-packages/airflow/example_dags/example_latest_only_with_trigger.py
[2023-08-08 23:16:22,928] {logging_mixin.py:104} INFO - [2023-08-08 23:16:22,927] {dag.py:1833} INFO - Sync 1 DAGs
[2023-08-08 23:16:23,033] {logging_mixin.py:104} INFO - [2023-08-08 23:16:23,033] {dag.py:2306} INFO - Setting next_dagrun for latest_only_with_trigger to 2023-08-06 00:00:00+00:00
[2023-08-08 23:16:23,093] {scheduler_job.py:190} INFO - Processing /home/airflow/.local/lib/python3.6/site-packages/airflow/example_dags/example_latest_only_with_trigger.py took 0.502 seconds
[2023-08-08 23:16:53,776] {scheduler_job.py:182} INFO - Started process (PID=7077) to work on /home/airflow/.local/lib/python3.6/site-packages/airflow/example_dags/example_latest_only_with_trigger.py
[2023-08-08 23:16:53,786] {scheduler_job.py:633} INFO - Processing file /home/airflow/.local/lib/python3.6/site-packages/airflow/example_dags/example_latest_only_with_trigger.py for tasks to queue
[2023-08-08 23:16:53,790] {logging_mixin.py:104} INFO - [2023-08-08 23:16:53,789] {dagbag.py:496} INFO - Filling up the DagBag from /home/airflow/.local/lib/python3.6/site-packages/airflow/example_dags/example_latest_only_with_trigger.py
[2023-08-08 23:16:53,838] {scheduler_job.py:643} INFO - DAG(s) dict_keys(['latest_only_with_trigger']) retrieved from /home/airflow/.local/lib/python3.6/site-packages/airflow/example_dags/example_latest_only_with_trigger.py
[2023-08-08 23:16:53,895] {logging_mixin.py:104} INFO - [2023-08-08 23:16:53,895] {dag.py:1833} INFO - Sync 1 DAGs
[2023-08-08 23:16:53,935] {logging_mixin.py:104} INFO - [2023-08-08 23:16:53,935] {dag.py:2306} INFO - Setting next_dagrun for latest_only_with_trigger to 2023-08-06 00:00:00+00:00
[2023-08-08 23:16:53,966] {scheduler_job.py:190} INFO - Processing /home/airflow/.local/lib/python3.6/site-packages/airflow/example_dags/example_latest_only_with_trigger.py took 0.206 seconds
[2023-08-08 23:17:24,825] {scheduler_job.py:182} INFO - Started process (PID=7127) to work on /home/airflow/.local/lib/python3.6/site-packages/airflow/example_dags/example_latest_only_with_trigger.py
[2023-08-08 23:17:24,860] {scheduler_job.py:633} INFO - Processing file /home/airflow/.local/lib/python3.6/site-packages/airflow/example_dags/example_latest_only_with_trigger.py for tasks to queue
[2023-08-08 23:17:24,872] {logging_mixin.py:104} INFO - [2023-08-08 23:17:24,872] {dagbag.py:496} INFO - Filling up the DagBag from /home/airflow/.local/lib/python3.6/site-packages/airflow/example_dags/example_latest_only_with_trigger.py
[2023-08-08 23:17:24,974] {scheduler_job.py:643} INFO - DAG(s) dict_keys(['latest_only_with_trigger']) retrieved from /home/airflow/.local/lib/python3.6/site-packages/airflow/example_dags/example_latest_only_with_trigger.py
[2023-08-08 23:17:25,096] {logging_mixin.py:104} INFO - [2023-08-08 23:17:25,096] {dag.py:1833} INFO - Sync 1 DAGs
[2023-08-08 23:17:25,161] {logging_mixin.py:104} INFO - [2023-08-08 23:17:25,161] {dag.py:2306} INFO - Setting next_dagrun for latest_only_with_trigger to 2023-08-06 00:00:00+00:00
[2023-08-08 23:17:25,209] {scheduler_job.py:190} INFO - Processing /home/airflow/.local/lib/python3.6/site-packages/airflow/example_dags/example_latest_only_with_trigger.py took 0.401 seconds
[2023-08-08 23:17:55,576] {scheduler_job.py:182} INFO - Started process (PID=7177) to work on /home/airflow/.local/lib/python3.6/site-packages/airflow/example_dags/example_latest_only_with_trigger.py
[2023-08-08 23:17:55,586] {scheduler_job.py:633} INFO - Processing file /home/airflow/.local/lib/python3.6/site-packages/airflow/example_dags/example_latest_only_with_trigger.py for tasks to queue
[2023-08-08 23:17:55,593] {logging_mixin.py:104} INFO - [2023-08-08 23:17:55,592] {dagbag.py:496} INFO - Filling up the DagBag from /home/airflow/.local/lib/python3.6/site-packages/airflow/example_dags/example_latest_only_with_trigger.py
[2023-08-08 23:17:55,645] {scheduler_job.py:643} INFO - DAG(s) dict_keys(['latest_only_with_trigger']) retrieved from /home/airflow/.local/lib/python3.6/site-packages/airflow/example_dags/example_latest_only_with_trigger.py
[2023-08-08 23:17:55,726] {logging_mixin.py:104} INFO - [2023-08-08 23:17:55,726] {dag.py:1833} INFO - Sync 1 DAGs
[2023-08-08 23:17:55,768] {logging_mixin.py:104} INFO - [2023-08-08 23:17:55,768] {dag.py:2306} INFO - Setting next_dagrun for latest_only_with_trigger to 2023-08-06 00:00:00+00:00
[2023-08-08 23:17:55,800] {scheduler_job.py:190} INFO - Processing /home/airflow/.local/lib/python3.6/site-packages/airflow/example_dags/example_latest_only_with_trigger.py took 0.234 seconds
[2023-08-08 23:18:26,033] {scheduler_job.py:182} INFO - Started process (PID=7219) to work on /home/airflow/.local/lib/python3.6/site-packages/airflow/example_dags/example_latest_only_with_trigger.py
[2023-08-08 23:18:26,038] {scheduler_job.py:633} INFO - Processing file /home/airflow/.local/lib/python3.6/site-packages/airflow/example_dags/example_latest_only_with_trigger.py for tasks to queue
[2023-08-08 23:18:26,043] {logging_mixin.py:104} INFO - [2023-08-08 23:18:26,042] {dagbag.py:496} INFO - Filling up the DagBag from /home/airflow/.local/lib/python3.6/site-packages/airflow/example_dags/example_latest_only_with_trigger.py
[2023-08-08 23:18:26,077] {scheduler_job.py:643} INFO - DAG(s) dict_keys(['latest_only_with_trigger']) retrieved from /home/airflow/.local/lib/python3.6/site-packages/airflow/example_dags/example_latest_only_with_trigger.py
[2023-08-08 23:18:26,122] {logging_mixin.py:104} INFO - [2023-08-08 23:18:26,122] {dag.py:1833} INFO - Sync 1 DAGs
[2023-08-08 23:18:26,148] {logging_mixin.py:104} INFO - [2023-08-08 23:18:26,148] {dag.py:2306} INFO - Setting next_dagrun for latest_only_with_trigger to 2023-08-06 00:00:00+00:00
[2023-08-08 23:18:26,170] {scheduler_job.py:190} INFO - Processing /home/airflow/.local/lib/python3.6/site-packages/airflow/example_dags/example_latest_only_with_trigger.py took 0.148 seconds
[2023-08-08 23:18:56,442] {scheduler_job.py:182} INFO - Started process (PID=7270) to work on /home/airflow/.local/lib/python3.6/site-packages/airflow/example_dags/example_latest_only_with_trigger.py
[2023-08-08 23:18:56,447] {scheduler_job.py:633} INFO - Processing file /home/airflow/.local/lib/python3.6/site-packages/airflow/example_dags/example_latest_only_with_trigger.py for tasks to queue
[2023-08-08 23:18:56,450] {logging_mixin.py:104} INFO - [2023-08-08 23:18:56,449] {dagbag.py:496} INFO - Filling up the DagBag from /home/airflow/.local/lib/python3.6/site-packages/airflow/example_dags/example_latest_only_with_trigger.py
[2023-08-08 23:18:56,484] {scheduler_job.py:643} INFO - DAG(s) dict_keys(['latest_only_with_trigger']) retrieved from /home/airflow/.local/lib/python3.6/site-packages/airflow/example_dags/example_latest_only_with_trigger.py
[2023-08-08 23:18:56,543] {logging_mixin.py:104} INFO - [2023-08-08 23:18:56,543] {dag.py:1833} INFO - Sync 1 DAGs
[2023-08-08 23:18:56,575] {logging_mixin.py:104} INFO - [2023-08-08 23:18:56,574] {dag.py:2306} INFO - Setting next_dagrun for latest_only_with_trigger to 2023-08-06 00:00:00+00:00
[2023-08-08 23:18:56,611] {scheduler_job.py:190} INFO - Processing /home/airflow/.local/lib/python3.6/site-packages/airflow/example_dags/example_latest_only_with_trigger.py took 0.176 seconds
[2023-08-08 23:19:27,125] {scheduler_job.py:182} INFO - Started process (PID=7321) to work on /home/airflow/.local/lib/python3.6/site-packages/airflow/example_dags/example_latest_only_with_trigger.py
[2023-08-08 23:19:27,130] {scheduler_job.py:633} INFO - Processing file /home/airflow/.local/lib/python3.6/site-packages/airflow/example_dags/example_latest_only_with_trigger.py for tasks to queue
[2023-08-08 23:19:27,138] {logging_mixin.py:104} INFO - [2023-08-08 23:19:27,138] {dagbag.py:496} INFO - Filling up the DagBag from /home/airflow/.local/lib/python3.6/site-packages/airflow/example_dags/example_latest_only_with_trigger.py
[2023-08-08 23:19:27,210] {scheduler_job.py:643} INFO - DAG(s) dict_keys(['latest_only_with_trigger']) retrieved from /home/airflow/.local/lib/python3.6/site-packages/airflow/example_dags/example_latest_only_with_trigger.py
[2023-08-08 23:19:27,326] {logging_mixin.py:104} INFO - [2023-08-08 23:19:27,326] {dag.py:1833} INFO - Sync 1 DAGs
[2023-08-08 23:19:27,402] {logging_mixin.py:104} INFO - [2023-08-08 23:19:27,402] {dag.py:2306} INFO - Setting next_dagrun for latest_only_with_trigger to 2023-08-06 00:00:00+00:00
[2023-08-08 23:19:27,486] {scheduler_job.py:190} INFO - Processing /home/airflow/.local/lib/python3.6/site-packages/airflow/example_dags/example_latest_only_with_trigger.py took 0.390 seconds
[2023-08-08 23:19:57,842] {scheduler_job.py:182} INFO - Started process (PID=7363) to work on /home/airflow/.local/lib/python3.6/site-packages/airflow/example_dags/example_latest_only_with_trigger.py
[2023-08-08 23:19:57,854] {scheduler_job.py:633} INFO - Processing file /home/airflow/.local/lib/python3.6/site-packages/airflow/example_dags/example_latest_only_with_trigger.py for tasks to queue
[2023-08-08 23:19:57,859] {logging_mixin.py:104} INFO - [2023-08-08 23:19:57,859] {dagbag.py:496} INFO - Filling up the DagBag from /home/airflow/.local/lib/python3.6/site-packages/airflow/example_dags/example_latest_only_with_trigger.py
[2023-08-08 23:19:57,902] {scheduler_job.py:643} INFO - DAG(s) dict_keys(['latest_only_with_trigger']) retrieved from /home/airflow/.local/lib/python3.6/site-packages/airflow/example_dags/example_latest_only_with_trigger.py
[2023-08-08 23:19:57,948] {logging_mixin.py:104} INFO - [2023-08-08 23:19:57,948] {dag.py:1833} INFO - Sync 1 DAGs
[2023-08-08 23:19:57,987] {logging_mixin.py:104} INFO - [2023-08-08 23:19:57,987] {dag.py:2306} INFO - Setting next_dagrun for latest_only_with_trigger to 2023-08-06 00:00:00+00:00
[2023-08-08 23:19:58,021] {scheduler_job.py:190} INFO - Processing /home/airflow/.local/lib/python3.6/site-packages/airflow/example_dags/example_latest_only_with_trigger.py took 0.207 seconds
