[2023-08-08 22:59:55,504] {scheduler_job.py:182} INFO - Started process (PID=5450) to work on /home/airflow/.local/lib/python3.6/site-packages/airflow/example_dags/tutorial_taskflow_api_etl_virtualenv.py
[2023-08-08 22:59:55,508] {scheduler_job.py:633} INFO - Processing file /home/airflow/.local/lib/python3.6/site-packages/airflow/example_dags/tutorial_taskflow_api_etl_virtualenv.py for tasks to queue
[2023-08-08 22:59:55,518] {logging_mixin.py:104} INFO - [2023-08-08 22:59:55,518] {dagbag.py:496} INFO - Filling up the DagBag from /home/airflow/.local/lib/python3.6/site-packages/airflow/example_dags/tutorial_taskflow_api_etl_virtualenv.py
[2023-08-08 22:59:55,554] {scheduler_job.py:643} INFO - DAG(s) dict_keys(['tutorial_taskflow_api_etl_virtualenv']) retrieved from /home/airflow/.local/lib/python3.6/site-packages/airflow/example_dags/tutorial_taskflow_api_etl_virtualenv.py
[2023-08-08 22:59:56,492] {logging_mixin.py:104} INFO - [2023-08-08 22:59:56,492] {dag.py:1833} INFO - Sync 1 DAGs
[2023-08-08 22:59:56,564] {logging_mixin.py:104} INFO - [2023-08-08 22:59:56,564] {dag.py:2306} INFO - Setting next_dagrun for tutorial_taskflow_api_etl_virtualenv to None
[2023-08-08 22:59:56,620] {scheduler_job.py:190} INFO - Processing /home/airflow/.local/lib/python3.6/site-packages/airflow/example_dags/tutorial_taskflow_api_etl_virtualenv.py took 1.132 seconds
[2023-08-08 23:00:27,410] {scheduler_job.py:182} INFO - Started process (PID=5501) to work on /home/airflow/.local/lib/python3.6/site-packages/airflow/example_dags/tutorial_taskflow_api_etl_virtualenv.py
[2023-08-08 23:00:27,416] {scheduler_job.py:633} INFO - Processing file /home/airflow/.local/lib/python3.6/site-packages/airflow/example_dags/tutorial_taskflow_api_etl_virtualenv.py for tasks to queue
[2023-08-08 23:00:27,419] {logging_mixin.py:104} INFO - [2023-08-08 23:00:27,419] {dagbag.py:496} INFO - Filling up the DagBag from /home/airflow/.local/lib/python3.6/site-packages/airflow/example_dags/tutorial_taskflow_api_etl_virtualenv.py
[2023-08-08 23:00:27,459] {scheduler_job.py:643} INFO - DAG(s) dict_keys(['tutorial_taskflow_api_etl_virtualenv']) retrieved from /home/airflow/.local/lib/python3.6/site-packages/airflow/example_dags/tutorial_taskflow_api_etl_virtualenv.py
[2023-08-08 23:00:27,885] {logging_mixin.py:104} INFO - [2023-08-08 23:00:27,885] {dag.py:1833} INFO - Sync 1 DAGs
[2023-08-08 23:00:27,909] {logging_mixin.py:104} INFO - [2023-08-08 23:00:27,909] {dag.py:2306} INFO - Setting next_dagrun for tutorial_taskflow_api_etl_virtualenv to None
[2023-08-08 23:00:27,932] {scheduler_job.py:190} INFO - Processing /home/airflow/.local/lib/python3.6/site-packages/airflow/example_dags/tutorial_taskflow_api_etl_virtualenv.py took 0.540 seconds
[2023-08-08 23:00:58,181] {scheduler_job.py:182} INFO - Started process (PID=5553) to work on /home/airflow/.local/lib/python3.6/site-packages/airflow/example_dags/tutorial_taskflow_api_etl_virtualenv.py
[2023-08-08 23:00:58,186] {scheduler_job.py:633} INFO - Processing file /home/airflow/.local/lib/python3.6/site-packages/airflow/example_dags/tutorial_taskflow_api_etl_virtualenv.py for tasks to queue
[2023-08-08 23:00:58,189] {logging_mixin.py:104} INFO - [2023-08-08 23:00:58,189] {dagbag.py:496} INFO - Filling up the DagBag from /home/airflow/.local/lib/python3.6/site-packages/airflow/example_dags/tutorial_taskflow_api_etl_virtualenv.py
[2023-08-08 23:00:58,224] {scheduler_job.py:643} INFO - DAG(s) dict_keys(['tutorial_taskflow_api_etl_virtualenv']) retrieved from /home/airflow/.local/lib/python3.6/site-packages/airflow/example_dags/tutorial_taskflow_api_etl_virtualenv.py
[2023-08-08 23:00:58,510] {logging_mixin.py:104} INFO - [2023-08-08 23:00:58,509] {dag.py:1833} INFO - Sync 1 DAGs
[2023-08-08 23:00:58,531] {logging_mixin.py:104} INFO - [2023-08-08 23:00:58,531] {dag.py:2306} INFO - Setting next_dagrun for tutorial_taskflow_api_etl_virtualenv to None
[2023-08-08 23:00:58,549] {scheduler_job.py:190} INFO - Processing /home/airflow/.local/lib/python3.6/site-packages/airflow/example_dags/tutorial_taskflow_api_etl_virtualenv.py took 0.382 seconds
[2023-08-08 23:01:28,952] {scheduler_job.py:182} INFO - Started process (PID=5602) to work on /home/airflow/.local/lib/python3.6/site-packages/airflow/example_dags/tutorial_taskflow_api_etl_virtualenv.py
[2023-08-08 23:01:28,980] {scheduler_job.py:633} INFO - Processing file /home/airflow/.local/lib/python3.6/site-packages/airflow/example_dags/tutorial_taskflow_api_etl_virtualenv.py for tasks to queue
[2023-08-08 23:01:28,987] {logging_mixin.py:104} INFO - [2023-08-08 23:01:28,987] {dagbag.py:496} INFO - Filling up the DagBag from /home/airflow/.local/lib/python3.6/site-packages/airflow/example_dags/tutorial_taskflow_api_etl_virtualenv.py
[2023-08-08 23:01:29,430] {scheduler_job.py:643} INFO - DAG(s) dict_keys(['tutorial_taskflow_api_etl_virtualenv']) retrieved from /home/airflow/.local/lib/python3.6/site-packages/airflow/example_dags/tutorial_taskflow_api_etl_virtualenv.py
[2023-08-08 23:01:31,134] {logging_mixin.py:104} INFO - [2023-08-08 23:01:31,133] {dag.py:1833} INFO - Sync 1 DAGs
[2023-08-08 23:01:31,185] {logging_mixin.py:104} INFO - [2023-08-08 23:01:31,185] {dag.py:2306} INFO - Setting next_dagrun for tutorial_taskflow_api_etl_virtualenv to None
[2023-08-08 23:01:31,245] {scheduler_job.py:190} INFO - Processing /home/airflow/.local/lib/python3.6/site-packages/airflow/example_dags/tutorial_taskflow_api_etl_virtualenv.py took 2.350 seconds
[2023-08-08 23:02:01,908] {scheduler_job.py:182} INFO - Started process (PID=5666) to work on /home/airflow/.local/lib/python3.6/site-packages/airflow/example_dags/tutorial_taskflow_api_etl_virtualenv.py
[2023-08-08 23:02:01,911] {scheduler_job.py:633} INFO - Processing file /home/airflow/.local/lib/python3.6/site-packages/airflow/example_dags/tutorial_taskflow_api_etl_virtualenv.py for tasks to queue
[2023-08-08 23:02:01,923] {logging_mixin.py:104} INFO - [2023-08-08 23:02:01,922] {dagbag.py:496} INFO - Filling up the DagBag from /home/airflow/.local/lib/python3.6/site-packages/airflow/example_dags/tutorial_taskflow_api_etl_virtualenv.py
[2023-08-08 23:02:02,110] {scheduler_job.py:643} INFO - DAG(s) dict_keys(['tutorial_taskflow_api_etl_virtualenv']) retrieved from /home/airflow/.local/lib/python3.6/site-packages/airflow/example_dags/tutorial_taskflow_api_etl_virtualenv.py
[2023-08-08 23:02:03,458] {logging_mixin.py:104} INFO - [2023-08-08 23:02:03,457] {dag.py:1833} INFO - Sync 1 DAGs
[2023-08-08 23:02:03,518] {logging_mixin.py:104} INFO - [2023-08-08 23:02:03,517] {dag.py:2306} INFO - Setting next_dagrun for tutorial_taskflow_api_etl_virtualenv to None
[2023-08-08 23:02:03,572] {scheduler_job.py:190} INFO - Processing /home/airflow/.local/lib/python3.6/site-packages/airflow/example_dags/tutorial_taskflow_api_etl_virtualenv.py took 1.682 seconds
[2023-08-08 23:02:34,429] {scheduler_job.py:182} INFO - Started process (PID=5720) to work on /home/airflow/.local/lib/python3.6/site-packages/airflow/example_dags/tutorial_taskflow_api_etl_virtualenv.py
[2023-08-08 23:02:34,433] {scheduler_job.py:633} INFO - Processing file /home/airflow/.local/lib/python3.6/site-packages/airflow/example_dags/tutorial_taskflow_api_etl_virtualenv.py for tasks to queue
[2023-08-08 23:02:34,435] {logging_mixin.py:104} INFO - [2023-08-08 23:02:34,435] {dagbag.py:496} INFO - Filling up the DagBag from /home/airflow/.local/lib/python3.6/site-packages/airflow/example_dags/tutorial_taskflow_api_etl_virtualenv.py
[2023-08-08 23:02:34,462] {scheduler_job.py:643} INFO - DAG(s) dict_keys(['tutorial_taskflow_api_etl_virtualenv']) retrieved from /home/airflow/.local/lib/python3.6/site-packages/airflow/example_dags/tutorial_taskflow_api_etl_virtualenv.py
[2023-08-08 23:02:34,854] {logging_mixin.py:104} INFO - [2023-08-08 23:02:34,854] {dag.py:1833} INFO - Sync 1 DAGs
[2023-08-08 23:02:34,868] {logging_mixin.py:104} INFO - [2023-08-08 23:02:34,868] {dag.py:2306} INFO - Setting next_dagrun for tutorial_taskflow_api_etl_virtualenv to None
[2023-08-08 23:02:34,885] {scheduler_job.py:190} INFO - Processing /home/airflow/.local/lib/python3.6/site-packages/airflow/example_dags/tutorial_taskflow_api_etl_virtualenv.py took 0.460 seconds
[2023-08-08 23:03:05,270] {scheduler_job.py:182} INFO - Started process (PID=5771) to work on /home/airflow/.local/lib/python3.6/site-packages/airflow/example_dags/tutorial_taskflow_api_etl_virtualenv.py
[2023-08-08 23:03:05,273] {scheduler_job.py:633} INFO - Processing file /home/airflow/.local/lib/python3.6/site-packages/airflow/example_dags/tutorial_taskflow_api_etl_virtualenv.py for tasks to queue
[2023-08-08 23:03:05,281] {logging_mixin.py:104} INFO - [2023-08-08 23:03:05,280] {dagbag.py:496} INFO - Filling up the DagBag from /home/airflow/.local/lib/python3.6/site-packages/airflow/example_dags/tutorial_taskflow_api_etl_virtualenv.py
[2023-08-08 23:03:05,405] {scheduler_job.py:643} INFO - DAG(s) dict_keys(['tutorial_taskflow_api_etl_virtualenv']) retrieved from /home/airflow/.local/lib/python3.6/site-packages/airflow/example_dags/tutorial_taskflow_api_etl_virtualenv.py
[2023-08-08 23:03:05,956] {logging_mixin.py:104} INFO - [2023-08-08 23:03:05,955] {dag.py:1833} INFO - Sync 1 DAGs
[2023-08-08 23:03:05,982] {logging_mixin.py:104} INFO - [2023-08-08 23:03:05,982] {dag.py:2306} INFO - Setting next_dagrun for tutorial_taskflow_api_etl_virtualenv to None
[2023-08-08 23:03:06,008] {scheduler_job.py:190} INFO - Processing /home/airflow/.local/lib/python3.6/site-packages/airflow/example_dags/tutorial_taskflow_api_etl_virtualenv.py took 0.753 seconds
[2023-08-08 23:03:36,927] {scheduler_job.py:182} INFO - Started process (PID=5824) to work on /home/airflow/.local/lib/python3.6/site-packages/airflow/example_dags/tutorial_taskflow_api_etl_virtualenv.py
[2023-08-08 23:03:36,930] {scheduler_job.py:633} INFO - Processing file /home/airflow/.local/lib/python3.6/site-packages/airflow/example_dags/tutorial_taskflow_api_etl_virtualenv.py for tasks to queue
[2023-08-08 23:03:36,934] {logging_mixin.py:104} INFO - [2023-08-08 23:03:36,934] {dagbag.py:496} INFO - Filling up the DagBag from /home/airflow/.local/lib/python3.6/site-packages/airflow/example_dags/tutorial_taskflow_api_etl_virtualenv.py
[2023-08-08 23:03:36,997] {scheduler_job.py:643} INFO - DAG(s) dict_keys(['tutorial_taskflow_api_etl_virtualenv']) retrieved from /home/airflow/.local/lib/python3.6/site-packages/airflow/example_dags/tutorial_taskflow_api_etl_virtualenv.py
[2023-08-08 23:03:37,443] {logging_mixin.py:104} INFO - [2023-08-08 23:03:37,442] {dag.py:1833} INFO - Sync 1 DAGs
[2023-08-08 23:03:37,462] {logging_mixin.py:104} INFO - [2023-08-08 23:03:37,462] {dag.py:2306} INFO - Setting next_dagrun for tutorial_taskflow_api_etl_virtualenv to None
[2023-08-08 23:03:37,501] {scheduler_job.py:190} INFO - Processing /home/airflow/.local/lib/python3.6/site-packages/airflow/example_dags/tutorial_taskflow_api_etl_virtualenv.py took 0.584 seconds
[2023-08-08 23:04:07,653] {scheduler_job.py:182} INFO - Started process (PID=5876) to work on /home/airflow/.local/lib/python3.6/site-packages/airflow/example_dags/tutorial_taskflow_api_etl_virtualenv.py
[2023-08-08 23:04:07,656] {scheduler_job.py:633} INFO - Processing file /home/airflow/.local/lib/python3.6/site-packages/airflow/example_dags/tutorial_taskflow_api_etl_virtualenv.py for tasks to queue
[2023-08-08 23:04:07,657] {logging_mixin.py:104} INFO - [2023-08-08 23:04:07,657] {dagbag.py:496} INFO - Filling up the DagBag from /home/airflow/.local/lib/python3.6/site-packages/airflow/example_dags/tutorial_taskflow_api_etl_virtualenv.py
[2023-08-08 23:04:07,689] {scheduler_job.py:643} INFO - DAG(s) dict_keys(['tutorial_taskflow_api_etl_virtualenv']) retrieved from /home/airflow/.local/lib/python3.6/site-packages/airflow/example_dags/tutorial_taskflow_api_etl_virtualenv.py
[2023-08-08 23:04:08,043] {logging_mixin.py:104} INFO - [2023-08-08 23:04:08,042] {dag.py:1833} INFO - Sync 1 DAGs
[2023-08-08 23:04:08,058] {logging_mixin.py:104} INFO - [2023-08-08 23:04:08,058] {dag.py:2306} INFO - Setting next_dagrun for tutorial_taskflow_api_etl_virtualenv to None
[2023-08-08 23:04:08,087] {scheduler_job.py:190} INFO - Processing /home/airflow/.local/lib/python3.6/site-packages/airflow/example_dags/tutorial_taskflow_api_etl_virtualenv.py took 0.440 seconds
[2023-08-08 23:04:39,127] {scheduler_job.py:182} INFO - Started process (PID=5928) to work on /home/airflow/.local/lib/python3.6/site-packages/airflow/example_dags/tutorial_taskflow_api_etl_virtualenv.py
[2023-08-08 23:04:39,130] {scheduler_job.py:633} INFO - Processing file /home/airflow/.local/lib/python3.6/site-packages/airflow/example_dags/tutorial_taskflow_api_etl_virtualenv.py for tasks to queue
[2023-08-08 23:04:39,133] {logging_mixin.py:104} INFO - [2023-08-08 23:04:39,132] {dagbag.py:496} INFO - Filling up the DagBag from /home/airflow/.local/lib/python3.6/site-packages/airflow/example_dags/tutorial_taskflow_api_etl_virtualenv.py
[2023-08-08 23:04:39,190] {scheduler_job.py:643} INFO - DAG(s) dict_keys(['tutorial_taskflow_api_etl_virtualenv']) retrieved from /home/airflow/.local/lib/python3.6/site-packages/airflow/example_dags/tutorial_taskflow_api_etl_virtualenv.py
[2023-08-08 23:04:39,796] {logging_mixin.py:104} INFO - [2023-08-08 23:04:39,796] {dag.py:1833} INFO - Sync 1 DAGs
[2023-08-08 23:04:39,833] {logging_mixin.py:104} INFO - [2023-08-08 23:04:39,833] {dag.py:2306} INFO - Setting next_dagrun for tutorial_taskflow_api_etl_virtualenv to None
[2023-08-08 23:04:39,867] {scheduler_job.py:190} INFO - Processing /home/airflow/.local/lib/python3.6/site-packages/airflow/example_dags/tutorial_taskflow_api_etl_virtualenv.py took 0.760 seconds
[2023-08-08 23:05:10,925] {scheduler_job.py:182} INFO - Started process (PID=5985) to work on /home/airflow/.local/lib/python3.6/site-packages/airflow/example_dags/tutorial_taskflow_api_etl_virtualenv.py
[2023-08-08 23:05:10,938] {scheduler_job.py:633} INFO - Processing file /home/airflow/.local/lib/python3.6/site-packages/airflow/example_dags/tutorial_taskflow_api_etl_virtualenv.py for tasks to queue
[2023-08-08 23:05:10,943] {logging_mixin.py:104} INFO - [2023-08-08 23:05:10,943] {dagbag.py:496} INFO - Filling up the DagBag from /home/airflow/.local/lib/python3.6/site-packages/airflow/example_dags/tutorial_taskflow_api_etl_virtualenv.py
[2023-08-08 23:05:11,087] {scheduler_job.py:643} INFO - DAG(s) dict_keys(['tutorial_taskflow_api_etl_virtualenv']) retrieved from /home/airflow/.local/lib/python3.6/site-packages/airflow/example_dags/tutorial_taskflow_api_etl_virtualenv.py
[2023-08-08 23:05:12,697] {logging_mixin.py:104} INFO - [2023-08-08 23:05:12,696] {dag.py:1833} INFO - Sync 1 DAGs
[2023-08-08 23:05:12,772] {logging_mixin.py:104} INFO - [2023-08-08 23:05:12,771] {dag.py:2306} INFO - Setting next_dagrun for tutorial_taskflow_api_etl_virtualenv to None
[2023-08-08 23:05:12,865] {scheduler_job.py:190} INFO - Processing /home/airflow/.local/lib/python3.6/site-packages/airflow/example_dags/tutorial_taskflow_api_etl_virtualenv.py took 1.977 seconds
[2023-08-08 23:05:43,554] {scheduler_job.py:182} INFO - Started process (PID=6039) to work on /home/airflow/.local/lib/python3.6/site-packages/airflow/example_dags/tutorial_taskflow_api_etl_virtualenv.py
[2023-08-08 23:05:43,568] {scheduler_job.py:633} INFO - Processing file /home/airflow/.local/lib/python3.6/site-packages/airflow/example_dags/tutorial_taskflow_api_etl_virtualenv.py for tasks to queue
[2023-08-08 23:05:43,577] {logging_mixin.py:104} INFO - [2023-08-08 23:05:43,577] {dagbag.py:496} INFO - Filling up the DagBag from /home/airflow/.local/lib/python3.6/site-packages/airflow/example_dags/tutorial_taskflow_api_etl_virtualenv.py
[2023-08-08 23:05:43,713] {scheduler_job.py:643} INFO - DAG(s) dict_keys(['tutorial_taskflow_api_etl_virtualenv']) retrieved from /home/airflow/.local/lib/python3.6/site-packages/airflow/example_dags/tutorial_taskflow_api_etl_virtualenv.py
[2023-08-08 23:05:45,412] {logging_mixin.py:104} INFO - [2023-08-08 23:05:45,412] {dag.py:1833} INFO - Sync 1 DAGs
[2023-08-08 23:05:45,450] {logging_mixin.py:104} INFO - [2023-08-08 23:05:45,450] {dag.py:2306} INFO - Setting next_dagrun for tutorial_taskflow_api_etl_virtualenv to None
[2023-08-08 23:05:45,494] {scheduler_job.py:190} INFO - Processing /home/airflow/.local/lib/python3.6/site-packages/airflow/example_dags/tutorial_taskflow_api_etl_virtualenv.py took 1.975 seconds
[2023-08-08 23:06:16,076] {scheduler_job.py:182} INFO - Started process (PID=6083) to work on /home/airflow/.local/lib/python3.6/site-packages/airflow/example_dags/tutorial_taskflow_api_etl_virtualenv.py
[2023-08-08 23:06:16,085] {scheduler_job.py:633} INFO - Processing file /home/airflow/.local/lib/python3.6/site-packages/airflow/example_dags/tutorial_taskflow_api_etl_virtualenv.py for tasks to queue
[2023-08-08 23:06:16,089] {logging_mixin.py:104} INFO - [2023-08-08 23:06:16,089] {dagbag.py:496} INFO - Filling up the DagBag from /home/airflow/.local/lib/python3.6/site-packages/airflow/example_dags/tutorial_taskflow_api_etl_virtualenv.py
[2023-08-08 23:06:16,214] {scheduler_job.py:643} INFO - DAG(s) dict_keys(['tutorial_taskflow_api_etl_virtualenv']) retrieved from /home/airflow/.local/lib/python3.6/site-packages/airflow/example_dags/tutorial_taskflow_api_etl_virtualenv.py
[2023-08-08 23:06:17,317] {logging_mixin.py:104} INFO - [2023-08-08 23:06:17,317] {dag.py:1833} INFO - Sync 1 DAGs
[2023-08-08 23:06:17,405] {logging_mixin.py:104} INFO - [2023-08-08 23:06:17,405] {dag.py:2306} INFO - Setting next_dagrun for tutorial_taskflow_api_etl_virtualenv to None
[2023-08-08 23:06:17,478] {scheduler_job.py:190} INFO - Processing /home/airflow/.local/lib/python3.6/site-packages/airflow/example_dags/tutorial_taskflow_api_etl_virtualenv.py took 1.428 seconds
[2023-08-08 23:06:47,762] {scheduler_job.py:182} INFO - Started process (PID=6135) to work on /home/airflow/.local/lib/python3.6/site-packages/airflow/example_dags/tutorial_taskflow_api_etl_virtualenv.py
[2023-08-08 23:06:47,773] {scheduler_job.py:633} INFO - Processing file /home/airflow/.local/lib/python3.6/site-packages/airflow/example_dags/tutorial_taskflow_api_etl_virtualenv.py for tasks to queue
[2023-08-08 23:06:47,780] {logging_mixin.py:104} INFO - [2023-08-08 23:06:47,779] {dagbag.py:496} INFO - Filling up the DagBag from /home/airflow/.local/lib/python3.6/site-packages/airflow/example_dags/tutorial_taskflow_api_etl_virtualenv.py
[2023-08-08 23:06:47,838] {scheduler_job.py:643} INFO - DAG(s) dict_keys(['tutorial_taskflow_api_etl_virtualenv']) retrieved from /home/airflow/.local/lib/python3.6/site-packages/airflow/example_dags/tutorial_taskflow_api_etl_virtualenv.py
[2023-08-08 23:06:48,371] {logging_mixin.py:104} INFO - [2023-08-08 23:06:48,371] {dag.py:1833} INFO - Sync 1 DAGs
[2023-08-08 23:06:48,396] {logging_mixin.py:104} INFO - [2023-08-08 23:06:48,396] {dag.py:2306} INFO - Setting next_dagrun for tutorial_taskflow_api_etl_virtualenv to None
[2023-08-08 23:06:48,422] {scheduler_job.py:190} INFO - Processing /home/airflow/.local/lib/python3.6/site-packages/airflow/example_dags/tutorial_taskflow_api_etl_virtualenv.py took 0.684 seconds
[2023-08-08 23:07:18,813] {scheduler_job.py:182} INFO - Started process (PID=6185) to work on /home/airflow/.local/lib/python3.6/site-packages/airflow/example_dags/tutorial_taskflow_api_etl_virtualenv.py
[2023-08-08 23:07:18,820] {scheduler_job.py:633} INFO - Processing file /home/airflow/.local/lib/python3.6/site-packages/airflow/example_dags/tutorial_taskflow_api_etl_virtualenv.py for tasks to queue
[2023-08-08 23:07:18,830] {logging_mixin.py:104} INFO - [2023-08-08 23:07:18,827] {dagbag.py:496} INFO - Filling up the DagBag from /home/airflow/.local/lib/python3.6/site-packages/airflow/example_dags/tutorial_taskflow_api_etl_virtualenv.py
[2023-08-08 23:07:18,897] {scheduler_job.py:643} INFO - DAG(s) dict_keys(['tutorial_taskflow_api_etl_virtualenv']) retrieved from /home/airflow/.local/lib/python3.6/site-packages/airflow/example_dags/tutorial_taskflow_api_etl_virtualenv.py
[2023-08-08 23:07:19,511] {logging_mixin.py:104} INFO - [2023-08-08 23:07:19,511] {dag.py:1833} INFO - Sync 1 DAGs
[2023-08-08 23:07:19,535] {logging_mixin.py:104} INFO - [2023-08-08 23:07:19,535] {dag.py:2306} INFO - Setting next_dagrun for tutorial_taskflow_api_etl_virtualenv to None
[2023-08-08 23:07:19,564] {scheduler_job.py:190} INFO - Processing /home/airflow/.local/lib/python3.6/site-packages/airflow/example_dags/tutorial_taskflow_api_etl_virtualenv.py took 0.759 seconds
[2023-08-08 23:07:49,815] {scheduler_job.py:182} INFO - Started process (PID=6234) to work on /home/airflow/.local/lib/python3.6/site-packages/airflow/example_dags/tutorial_taskflow_api_etl_virtualenv.py
[2023-08-08 23:07:49,824] {scheduler_job.py:633} INFO - Processing file /home/airflow/.local/lib/python3.6/site-packages/airflow/example_dags/tutorial_taskflow_api_etl_virtualenv.py for tasks to queue
[2023-08-08 23:07:49,828] {logging_mixin.py:104} INFO - [2023-08-08 23:07:49,828] {dagbag.py:496} INFO - Filling up the DagBag from /home/airflow/.local/lib/python3.6/site-packages/airflow/example_dags/tutorial_taskflow_api_etl_virtualenv.py
[2023-08-08 23:07:49,951] {scheduler_job.py:643} INFO - DAG(s) dict_keys(['tutorial_taskflow_api_etl_virtualenv']) retrieved from /home/airflow/.local/lib/python3.6/site-packages/airflow/example_dags/tutorial_taskflow_api_etl_virtualenv.py
[2023-08-08 23:07:51,078] {logging_mixin.py:104} INFO - [2023-08-08 23:07:51,078] {dag.py:1833} INFO - Sync 1 DAGs
[2023-08-08 23:07:51,102] {logging_mixin.py:104} INFO - [2023-08-08 23:07:51,102] {dag.py:2306} INFO - Setting next_dagrun for tutorial_taskflow_api_etl_virtualenv to None
[2023-08-08 23:07:51,129] {scheduler_job.py:190} INFO - Processing /home/airflow/.local/lib/python3.6/site-packages/airflow/example_dags/tutorial_taskflow_api_etl_virtualenv.py took 1.321 seconds
[2023-08-08 23:08:21,547] {scheduler_job.py:182} INFO - Started process (PID=6286) to work on /home/airflow/.local/lib/python3.6/site-packages/airflow/example_dags/tutorial_taskflow_api_etl_virtualenv.py
[2023-08-08 23:08:21,554] {scheduler_job.py:633} INFO - Processing file /home/airflow/.local/lib/python3.6/site-packages/airflow/example_dags/tutorial_taskflow_api_etl_virtualenv.py for tasks to queue
[2023-08-08 23:08:21,559] {logging_mixin.py:104} INFO - [2023-08-08 23:08:21,559] {dagbag.py:496} INFO - Filling up the DagBag from /home/airflow/.local/lib/python3.6/site-packages/airflow/example_dags/tutorial_taskflow_api_etl_virtualenv.py
[2023-08-08 23:08:21,645] {scheduler_job.py:643} INFO - DAG(s) dict_keys(['tutorial_taskflow_api_etl_virtualenv']) retrieved from /home/airflow/.local/lib/python3.6/site-packages/airflow/example_dags/tutorial_taskflow_api_etl_virtualenv.py
[2023-08-08 23:08:22,476] {logging_mixin.py:104} INFO - [2023-08-08 23:08:22,476] {dag.py:1833} INFO - Sync 1 DAGs
[2023-08-08 23:08:22,497] {logging_mixin.py:104} INFO - [2023-08-08 23:08:22,497] {dag.py:2306} INFO - Setting next_dagrun for tutorial_taskflow_api_etl_virtualenv to None
[2023-08-08 23:08:22,520] {scheduler_job.py:190} INFO - Processing /home/airflow/.local/lib/python3.6/site-packages/airflow/example_dags/tutorial_taskflow_api_etl_virtualenv.py took 0.981 seconds
[2023-08-08 23:08:53,313] {scheduler_job.py:182} INFO - Started process (PID=6336) to work on /home/airflow/.local/lib/python3.6/site-packages/airflow/example_dags/tutorial_taskflow_api_etl_virtualenv.py
[2023-08-08 23:08:53,321] {scheduler_job.py:633} INFO - Processing file /home/airflow/.local/lib/python3.6/site-packages/airflow/example_dags/tutorial_taskflow_api_etl_virtualenv.py for tasks to queue
[2023-08-08 23:08:53,323] {logging_mixin.py:104} INFO - [2023-08-08 23:08:53,323] {dagbag.py:496} INFO - Filling up the DagBag from /home/airflow/.local/lib/python3.6/site-packages/airflow/example_dags/tutorial_taskflow_api_etl_virtualenv.py
[2023-08-08 23:08:53,386] {scheduler_job.py:643} INFO - DAG(s) dict_keys(['tutorial_taskflow_api_etl_virtualenv']) retrieved from /home/airflow/.local/lib/python3.6/site-packages/airflow/example_dags/tutorial_taskflow_api_etl_virtualenv.py
[2023-08-08 23:08:54,969] {logging_mixin.py:104} INFO - [2023-08-08 23:08:54,969] {dag.py:1833} INFO - Sync 1 DAGs
[2023-08-08 23:08:55,014] {logging_mixin.py:104} INFO - [2023-08-08 23:08:55,014] {dag.py:2306} INFO - Setting next_dagrun for tutorial_taskflow_api_etl_virtualenv to None
[2023-08-08 23:08:55,039] {scheduler_job.py:190} INFO - Processing /home/airflow/.local/lib/python3.6/site-packages/airflow/example_dags/tutorial_taskflow_api_etl_virtualenv.py took 1.740 seconds
[2023-08-08 23:09:25,733] {scheduler_job.py:182} INFO - Started process (PID=6387) to work on /home/airflow/.local/lib/python3.6/site-packages/airflow/example_dags/tutorial_taskflow_api_etl_virtualenv.py
[2023-08-08 23:09:25,743] {scheduler_job.py:633} INFO - Processing file /home/airflow/.local/lib/python3.6/site-packages/airflow/example_dags/tutorial_taskflow_api_etl_virtualenv.py for tasks to queue
[2023-08-08 23:09:25,748] {logging_mixin.py:104} INFO - [2023-08-08 23:09:25,747] {dagbag.py:496} INFO - Filling up the DagBag from /home/airflow/.local/lib/python3.6/site-packages/airflow/example_dags/tutorial_taskflow_api_etl_virtualenv.py
[2023-08-08 23:09:25,932] {scheduler_job.py:643} INFO - DAG(s) dict_keys(['tutorial_taskflow_api_etl_virtualenv']) retrieved from /home/airflow/.local/lib/python3.6/site-packages/airflow/example_dags/tutorial_taskflow_api_etl_virtualenv.py
[2023-08-08 23:09:28,581] {logging_mixin.py:104} INFO - [2023-08-08 23:09:28,581] {dag.py:1833} INFO - Sync 1 DAGs
[2023-08-08 23:09:28,650] {logging_mixin.py:104} INFO - [2023-08-08 23:09:28,649] {dag.py:2306} INFO - Setting next_dagrun for tutorial_taskflow_api_etl_virtualenv to None
[2023-08-08 23:09:28,729] {scheduler_job.py:190} INFO - Processing /home/airflow/.local/lib/python3.6/site-packages/airflow/example_dags/tutorial_taskflow_api_etl_virtualenv.py took 3.031 seconds
[2023-08-08 23:09:59,274] {scheduler_job.py:182} INFO - Started process (PID=6439) to work on /home/airflow/.local/lib/python3.6/site-packages/airflow/example_dags/tutorial_taskflow_api_etl_virtualenv.py
[2023-08-08 23:09:59,285] {scheduler_job.py:633} INFO - Processing file /home/airflow/.local/lib/python3.6/site-packages/airflow/example_dags/tutorial_taskflow_api_etl_virtualenv.py for tasks to queue
[2023-08-08 23:09:59,287] {logging_mixin.py:104} INFO - [2023-08-08 23:09:59,287] {dagbag.py:496} INFO - Filling up the DagBag from /home/airflow/.local/lib/python3.6/site-packages/airflow/example_dags/tutorial_taskflow_api_etl_virtualenv.py
[2023-08-08 23:09:59,330] {scheduler_job.py:643} INFO - DAG(s) dict_keys(['tutorial_taskflow_api_etl_virtualenv']) retrieved from /home/airflow/.local/lib/python3.6/site-packages/airflow/example_dags/tutorial_taskflow_api_etl_virtualenv.py
[2023-08-08 23:09:59,835] {logging_mixin.py:104} INFO - [2023-08-08 23:09:59,834] {dag.py:1833} INFO - Sync 1 DAGs
[2023-08-08 23:09:59,884] {logging_mixin.py:104} INFO - [2023-08-08 23:09:59,884] {dag.py:2306} INFO - Setting next_dagrun for tutorial_taskflow_api_etl_virtualenv to None
[2023-08-08 23:09:59,950] {scheduler_job.py:190} INFO - Processing /home/airflow/.local/lib/python3.6/site-packages/airflow/example_dags/tutorial_taskflow_api_etl_virtualenv.py took 0.685 seconds
[2023-08-08 23:10:30,863] {scheduler_job.py:182} INFO - Started process (PID=6490) to work on /home/airflow/.local/lib/python3.6/site-packages/airflow/example_dags/tutorial_taskflow_api_etl_virtualenv.py
[2023-08-08 23:10:30,871] {scheduler_job.py:633} INFO - Processing file /home/airflow/.local/lib/python3.6/site-packages/airflow/example_dags/tutorial_taskflow_api_etl_virtualenv.py for tasks to queue
[2023-08-08 23:10:30,875] {logging_mixin.py:104} INFO - [2023-08-08 23:10:30,874] {dagbag.py:496} INFO - Filling up the DagBag from /home/airflow/.local/lib/python3.6/site-packages/airflow/example_dags/tutorial_taskflow_api_etl_virtualenv.py
[2023-08-08 23:10:30,921] {scheduler_job.py:643} INFO - DAG(s) dict_keys(['tutorial_taskflow_api_etl_virtualenv']) retrieved from /home/airflow/.local/lib/python3.6/site-packages/airflow/example_dags/tutorial_taskflow_api_etl_virtualenv.py
[2023-08-08 23:10:31,570] {logging_mixin.py:104} INFO - [2023-08-08 23:10:31,570] {dag.py:1833} INFO - Sync 1 DAGs
[2023-08-08 23:10:31,593] {logging_mixin.py:104} INFO - [2023-08-08 23:10:31,593] {dag.py:2306} INFO - Setting next_dagrun for tutorial_taskflow_api_etl_virtualenv to None
[2023-08-08 23:10:31,618] {scheduler_job.py:190} INFO - Processing /home/airflow/.local/lib/python3.6/site-packages/airflow/example_dags/tutorial_taskflow_api_etl_virtualenv.py took 0.766 seconds
[2023-08-08 23:11:02,187] {scheduler_job.py:182} INFO - Started process (PID=6539) to work on /home/airflow/.local/lib/python3.6/site-packages/airflow/example_dags/tutorial_taskflow_api_etl_virtualenv.py
[2023-08-08 23:11:02,194] {scheduler_job.py:633} INFO - Processing file /home/airflow/.local/lib/python3.6/site-packages/airflow/example_dags/tutorial_taskflow_api_etl_virtualenv.py for tasks to queue
[2023-08-08 23:11:02,202] {logging_mixin.py:104} INFO - [2023-08-08 23:11:02,202] {dagbag.py:496} INFO - Filling up the DagBag from /home/airflow/.local/lib/python3.6/site-packages/airflow/example_dags/tutorial_taskflow_api_etl_virtualenv.py
[2023-08-08 23:11:02,250] {scheduler_job.py:643} INFO - DAG(s) dict_keys(['tutorial_taskflow_api_etl_virtualenv']) retrieved from /home/airflow/.local/lib/python3.6/site-packages/airflow/example_dags/tutorial_taskflow_api_etl_virtualenv.py
[2023-08-08 23:11:03,383] {logging_mixin.py:104} INFO - [2023-08-08 23:11:03,383] {dag.py:1833} INFO - Sync 1 DAGs
[2023-08-08 23:11:03,421] {logging_mixin.py:104} INFO - [2023-08-08 23:11:03,421] {dag.py:2306} INFO - Setting next_dagrun for tutorial_taskflow_api_etl_virtualenv to None
[2023-08-08 23:11:03,449] {scheduler_job.py:190} INFO - Processing /home/airflow/.local/lib/python3.6/site-packages/airflow/example_dags/tutorial_taskflow_api_etl_virtualenv.py took 1.270 seconds
[2023-08-08 23:11:34,459] {scheduler_job.py:182} INFO - Started process (PID=6590) to work on /home/airflow/.local/lib/python3.6/site-packages/airflow/example_dags/tutorial_taskflow_api_etl_virtualenv.py
[2023-08-08 23:11:34,489] {scheduler_job.py:633} INFO - Processing file /home/airflow/.local/lib/python3.6/site-packages/airflow/example_dags/tutorial_taskflow_api_etl_virtualenv.py for tasks to queue
[2023-08-08 23:11:34,493] {logging_mixin.py:104} INFO - [2023-08-08 23:11:34,492] {dagbag.py:496} INFO - Filling up the DagBag from /home/airflow/.local/lib/python3.6/site-packages/airflow/example_dags/tutorial_taskflow_api_etl_virtualenv.py
[2023-08-08 23:11:34,608] {scheduler_job.py:643} INFO - DAG(s) dict_keys(['tutorial_taskflow_api_etl_virtualenv']) retrieved from /home/airflow/.local/lib/python3.6/site-packages/airflow/example_dags/tutorial_taskflow_api_etl_virtualenv.py
[2023-08-08 23:11:35,376] {logging_mixin.py:104} INFO - [2023-08-08 23:11:35,376] {dag.py:1833} INFO - Sync 1 DAGs
[2023-08-08 23:11:35,404] {logging_mixin.py:104} INFO - [2023-08-08 23:11:35,404] {dag.py:2306} INFO - Setting next_dagrun for tutorial_taskflow_api_etl_virtualenv to None
[2023-08-08 23:11:35,435] {scheduler_job.py:190} INFO - Processing /home/airflow/.local/lib/python3.6/site-packages/airflow/example_dags/tutorial_taskflow_api_etl_virtualenv.py took 0.991 seconds
[2023-08-08 23:12:06,331] {scheduler_job.py:182} INFO - Started process (PID=6641) to work on /home/airflow/.local/lib/python3.6/site-packages/airflow/example_dags/tutorial_taskflow_api_etl_virtualenv.py
[2023-08-08 23:12:06,344] {scheduler_job.py:633} INFO - Processing file /home/airflow/.local/lib/python3.6/site-packages/airflow/example_dags/tutorial_taskflow_api_etl_virtualenv.py for tasks to queue
[2023-08-08 23:12:06,354] {logging_mixin.py:104} INFO - [2023-08-08 23:12:06,354] {dagbag.py:496} INFO - Filling up the DagBag from /home/airflow/.local/lib/python3.6/site-packages/airflow/example_dags/tutorial_taskflow_api_etl_virtualenv.py
[2023-08-08 23:12:06,554] {scheduler_job.py:643} INFO - DAG(s) dict_keys(['tutorial_taskflow_api_etl_virtualenv']) retrieved from /home/airflow/.local/lib/python3.6/site-packages/airflow/example_dags/tutorial_taskflow_api_etl_virtualenv.py
[2023-08-08 23:12:08,656] {logging_mixin.py:104} INFO - [2023-08-08 23:12:08,656] {dag.py:1833} INFO - Sync 1 DAGs
[2023-08-08 23:12:08,734] {logging_mixin.py:104} INFO - [2023-08-08 23:12:08,733] {dag.py:2306} INFO - Setting next_dagrun for tutorial_taskflow_api_etl_virtualenv to None
[2023-08-08 23:12:08,859] {scheduler_job.py:190} INFO - Processing /home/airflow/.local/lib/python3.6/site-packages/airflow/example_dags/tutorial_taskflow_api_etl_virtualenv.py took 2.538 seconds
[2023-08-08 23:12:39,886] {scheduler_job.py:182} INFO - Started process (PID=6687) to work on /home/airflow/.local/lib/python3.6/site-packages/airflow/example_dags/tutorial_taskflow_api_etl_virtualenv.py
[2023-08-08 23:12:39,891] {scheduler_job.py:633} INFO - Processing file /home/airflow/.local/lib/python3.6/site-packages/airflow/example_dags/tutorial_taskflow_api_etl_virtualenv.py for tasks to queue
[2023-08-08 23:12:39,894] {logging_mixin.py:104} INFO - [2023-08-08 23:12:39,894] {dagbag.py:496} INFO - Filling up the DagBag from /home/airflow/.local/lib/python3.6/site-packages/airflow/example_dags/tutorial_taskflow_api_etl_virtualenv.py
[2023-08-08 23:12:39,970] {scheduler_job.py:643} INFO - DAG(s) dict_keys(['tutorial_taskflow_api_etl_virtualenv']) retrieved from /home/airflow/.local/lib/python3.6/site-packages/airflow/example_dags/tutorial_taskflow_api_etl_virtualenv.py
[2023-08-08 23:12:40,773] {logging_mixin.py:104} INFO - [2023-08-08 23:12:40,773] {dag.py:1833} INFO - Sync 1 DAGs
[2023-08-08 23:12:40,795] {logging_mixin.py:104} INFO - [2023-08-08 23:12:40,795] {dag.py:2306} INFO - Setting next_dagrun for tutorial_taskflow_api_etl_virtualenv to None
[2023-08-08 23:12:40,914] {scheduler_job.py:190} INFO - Processing /home/airflow/.local/lib/python3.6/site-packages/airflow/example_dags/tutorial_taskflow_api_etl_virtualenv.py took 1.042 seconds
[2023-08-08 23:13:11,289] {scheduler_job.py:182} INFO - Started process (PID=6732) to work on /home/airflow/.local/lib/python3.6/site-packages/airflow/example_dags/tutorial_taskflow_api_etl_virtualenv.py
[2023-08-08 23:13:11,294] {scheduler_job.py:633} INFO - Processing file /home/airflow/.local/lib/python3.6/site-packages/airflow/example_dags/tutorial_taskflow_api_etl_virtualenv.py for tasks to queue
[2023-08-08 23:13:11,297] {logging_mixin.py:104} INFO - [2023-08-08 23:13:11,297] {dagbag.py:496} INFO - Filling up the DagBag from /home/airflow/.local/lib/python3.6/site-packages/airflow/example_dags/tutorial_taskflow_api_etl_virtualenv.py
[2023-08-08 23:13:11,342] {scheduler_job.py:643} INFO - DAG(s) dict_keys(['tutorial_taskflow_api_etl_virtualenv']) retrieved from /home/airflow/.local/lib/python3.6/site-packages/airflow/example_dags/tutorial_taskflow_api_etl_virtualenv.py
[2023-08-08 23:13:12,056] {logging_mixin.py:104} INFO - [2023-08-08 23:13:12,056] {dag.py:1833} INFO - Sync 1 DAGs
[2023-08-08 23:13:12,082] {logging_mixin.py:104} INFO - [2023-08-08 23:13:12,082] {dag.py:2306} INFO - Setting next_dagrun for tutorial_taskflow_api_etl_virtualenv to None
[2023-08-08 23:13:12,121] {scheduler_job.py:190} INFO - Processing /home/airflow/.local/lib/python3.6/site-packages/airflow/example_dags/tutorial_taskflow_api_etl_virtualenv.py took 0.852 seconds
[2023-08-08 23:13:42,340] {scheduler_job.py:182} INFO - Started process (PID=6783) to work on /home/airflow/.local/lib/python3.6/site-packages/airflow/example_dags/tutorial_taskflow_api_etl_virtualenv.py
[2023-08-08 23:13:42,348] {scheduler_job.py:633} INFO - Processing file /home/airflow/.local/lib/python3.6/site-packages/airflow/example_dags/tutorial_taskflow_api_etl_virtualenv.py for tasks to queue
[2023-08-08 23:13:42,354] {logging_mixin.py:104} INFO - [2023-08-08 23:13:42,353] {dagbag.py:496} INFO - Filling up the DagBag from /home/airflow/.local/lib/python3.6/site-packages/airflow/example_dags/tutorial_taskflow_api_etl_virtualenv.py
[2023-08-08 23:13:42,468] {scheduler_job.py:643} INFO - DAG(s) dict_keys(['tutorial_taskflow_api_etl_virtualenv']) retrieved from /home/airflow/.local/lib/python3.6/site-packages/airflow/example_dags/tutorial_taskflow_api_etl_virtualenv.py
[2023-08-08 23:13:44,116] {logging_mixin.py:104} INFO - [2023-08-08 23:13:44,116] {dag.py:1833} INFO - Sync 1 DAGs
[2023-08-08 23:13:44,221] {logging_mixin.py:104} INFO - [2023-08-08 23:13:44,220] {dag.py:2306} INFO - Setting next_dagrun for tutorial_taskflow_api_etl_virtualenv to None
[2023-08-08 23:13:44,300] {scheduler_job.py:190} INFO - Processing /home/airflow/.local/lib/python3.6/site-packages/airflow/example_dags/tutorial_taskflow_api_etl_virtualenv.py took 1.991 seconds
[2023-08-08 23:14:14,975] {scheduler_job.py:182} INFO - Started process (PID=6834) to work on /home/airflow/.local/lib/python3.6/site-packages/airflow/example_dags/tutorial_taskflow_api_etl_virtualenv.py
[2023-08-08 23:14:14,980] {scheduler_job.py:633} INFO - Processing file /home/airflow/.local/lib/python3.6/site-packages/airflow/example_dags/tutorial_taskflow_api_etl_virtualenv.py for tasks to queue
[2023-08-08 23:14:14,988] {logging_mixin.py:104} INFO - [2023-08-08 23:14:14,987] {dagbag.py:496} INFO - Filling up the DagBag from /home/airflow/.local/lib/python3.6/site-packages/airflow/example_dags/tutorial_taskflow_api_etl_virtualenv.py
[2023-08-08 23:14:15,098] {scheduler_job.py:643} INFO - DAG(s) dict_keys(['tutorial_taskflow_api_etl_virtualenv']) retrieved from /home/airflow/.local/lib/python3.6/site-packages/airflow/example_dags/tutorial_taskflow_api_etl_virtualenv.py
[2023-08-08 23:14:16,293] {logging_mixin.py:104} INFO - [2023-08-08 23:14:16,292] {dag.py:1833} INFO - Sync 1 DAGs
[2023-08-08 23:14:16,338] {logging_mixin.py:104} INFO - [2023-08-08 23:14:16,338] {dag.py:2306} INFO - Setting next_dagrun for tutorial_taskflow_api_etl_virtualenv to None
[2023-08-08 23:14:16,392] {scheduler_job.py:190} INFO - Processing /home/airflow/.local/lib/python3.6/site-packages/airflow/example_dags/tutorial_taskflow_api_etl_virtualenv.py took 1.429 seconds
[2023-08-08 23:14:46,874] {scheduler_job.py:182} INFO - Started process (PID=6884) to work on /home/airflow/.local/lib/python3.6/site-packages/airflow/example_dags/tutorial_taskflow_api_etl_virtualenv.py
[2023-08-08 23:14:46,880] {scheduler_job.py:633} INFO - Processing file /home/airflow/.local/lib/python3.6/site-packages/airflow/example_dags/tutorial_taskflow_api_etl_virtualenv.py for tasks to queue
[2023-08-08 23:14:46,887] {logging_mixin.py:104} INFO - [2023-08-08 23:14:46,886] {dagbag.py:496} INFO - Filling up the DagBag from /home/airflow/.local/lib/python3.6/site-packages/airflow/example_dags/tutorial_taskflow_api_etl_virtualenv.py
[2023-08-08 23:14:46,951] {scheduler_job.py:643} INFO - DAG(s) dict_keys(['tutorial_taskflow_api_etl_virtualenv']) retrieved from /home/airflow/.local/lib/python3.6/site-packages/airflow/example_dags/tutorial_taskflow_api_etl_virtualenv.py
[2023-08-08 23:14:47,656] {logging_mixin.py:104} INFO - [2023-08-08 23:14:47,656] {dag.py:1833} INFO - Sync 1 DAGs
[2023-08-08 23:14:47,701] {logging_mixin.py:104} INFO - [2023-08-08 23:14:47,701] {dag.py:2306} INFO - Setting next_dagrun for tutorial_taskflow_api_etl_virtualenv to None
[2023-08-08 23:14:47,745] {scheduler_job.py:190} INFO - Processing /home/airflow/.local/lib/python3.6/site-packages/airflow/example_dags/tutorial_taskflow_api_etl_virtualenv.py took 0.885 seconds
[2023-08-08 23:15:18,038] {scheduler_job.py:182} INFO - Started process (PID=6934) to work on /home/airflow/.local/lib/python3.6/site-packages/airflow/example_dags/tutorial_taskflow_api_etl_virtualenv.py
[2023-08-08 23:15:18,043] {scheduler_job.py:633} INFO - Processing file /home/airflow/.local/lib/python3.6/site-packages/airflow/example_dags/tutorial_taskflow_api_etl_virtualenv.py for tasks to queue
[2023-08-08 23:15:18,045] {logging_mixin.py:104} INFO - [2023-08-08 23:15:18,045] {dagbag.py:496} INFO - Filling up the DagBag from /home/airflow/.local/lib/python3.6/site-packages/airflow/example_dags/tutorial_taskflow_api_etl_virtualenv.py
[2023-08-08 23:15:18,095] {scheduler_job.py:643} INFO - DAG(s) dict_keys(['tutorial_taskflow_api_etl_virtualenv']) retrieved from /home/airflow/.local/lib/python3.6/site-packages/airflow/example_dags/tutorial_taskflow_api_etl_virtualenv.py
[2023-08-08 23:15:18,696] {logging_mixin.py:104} INFO - [2023-08-08 23:15:18,696] {dag.py:1833} INFO - Sync 1 DAGs
[2023-08-08 23:15:18,727] {logging_mixin.py:104} INFO - [2023-08-08 23:15:18,727] {dag.py:2306} INFO - Setting next_dagrun for tutorial_taskflow_api_etl_virtualenv to None
[2023-08-08 23:15:18,749] {scheduler_job.py:190} INFO - Processing /home/airflow/.local/lib/python3.6/site-packages/airflow/example_dags/tutorial_taskflow_api_etl_virtualenv.py took 0.723 seconds
[2023-08-08 23:15:49,898] {scheduler_job.py:182} INFO - Started process (PID=6986) to work on /home/airflow/.local/lib/python3.6/site-packages/airflow/example_dags/tutorial_taskflow_api_etl_virtualenv.py
[2023-08-08 23:15:49,903] {scheduler_job.py:633} INFO - Processing file /home/airflow/.local/lib/python3.6/site-packages/airflow/example_dags/tutorial_taskflow_api_etl_virtualenv.py for tasks to queue
[2023-08-08 23:15:49,911] {logging_mixin.py:104} INFO - [2023-08-08 23:15:49,911] {dagbag.py:496} INFO - Filling up the DagBag from /home/airflow/.local/lib/python3.6/site-packages/airflow/example_dags/tutorial_taskflow_api_etl_virtualenv.py
[2023-08-08 23:15:50,036] {scheduler_job.py:643} INFO - DAG(s) dict_keys(['tutorial_taskflow_api_etl_virtualenv']) retrieved from /home/airflow/.local/lib/python3.6/site-packages/airflow/example_dags/tutorial_taskflow_api_etl_virtualenv.py
[2023-08-08 23:15:51,451] {logging_mixin.py:104} INFO - [2023-08-08 23:15:51,451] {dag.py:1833} INFO - Sync 1 DAGs
[2023-08-08 23:15:51,479] {logging_mixin.py:104} INFO - [2023-08-08 23:15:51,479] {dag.py:2306} INFO - Setting next_dagrun for tutorial_taskflow_api_etl_virtualenv to None
[2023-08-08 23:15:51,517] {scheduler_job.py:190} INFO - Processing /home/airflow/.local/lib/python3.6/site-packages/airflow/example_dags/tutorial_taskflow_api_etl_virtualenv.py took 1.633 seconds
[2023-08-08 23:16:21,656] {scheduler_job.py:182} INFO - Started process (PID=7036) to work on /home/airflow/.local/lib/python3.6/site-packages/airflow/example_dags/tutorial_taskflow_api_etl_virtualenv.py
[2023-08-08 23:16:21,660] {scheduler_job.py:633} INFO - Processing file /home/airflow/.local/lib/python3.6/site-packages/airflow/example_dags/tutorial_taskflow_api_etl_virtualenv.py for tasks to queue
[2023-08-08 23:16:21,664] {logging_mixin.py:104} INFO - [2023-08-08 23:16:21,662] {dagbag.py:496} INFO - Filling up the DagBag from /home/airflow/.local/lib/python3.6/site-packages/airflow/example_dags/tutorial_taskflow_api_etl_virtualenv.py
[2023-08-08 23:16:21,718] {scheduler_job.py:643} INFO - DAG(s) dict_keys(['tutorial_taskflow_api_etl_virtualenv']) retrieved from /home/airflow/.local/lib/python3.6/site-packages/airflow/example_dags/tutorial_taskflow_api_etl_virtualenv.py
[2023-08-08 23:16:23,287] {logging_mixin.py:104} INFO - [2023-08-08 23:16:23,287] {dag.py:1833} INFO - Sync 1 DAGs
[2023-08-08 23:16:23,366] {logging_mixin.py:104} INFO - [2023-08-08 23:16:23,366] {dag.py:2306} INFO - Setting next_dagrun for tutorial_taskflow_api_etl_virtualenv to None
[2023-08-08 23:16:23,442] {scheduler_job.py:190} INFO - Processing /home/airflow/.local/lib/python3.6/site-packages/airflow/example_dags/tutorial_taskflow_api_etl_virtualenv.py took 1.799 seconds
[2023-08-08 23:16:53,791] {scheduler_job.py:182} INFO - Started process (PID=7078) to work on /home/airflow/.local/lib/python3.6/site-packages/airflow/example_dags/tutorial_taskflow_api_etl_virtualenv.py
[2023-08-08 23:16:53,797] {scheduler_job.py:633} INFO - Processing file /home/airflow/.local/lib/python3.6/site-packages/airflow/example_dags/tutorial_taskflow_api_etl_virtualenv.py for tasks to queue
[2023-08-08 23:16:53,805] {logging_mixin.py:104} INFO - [2023-08-08 23:16:53,805] {dagbag.py:496} INFO - Filling up the DagBag from /home/airflow/.local/lib/python3.6/site-packages/airflow/example_dags/tutorial_taskflow_api_etl_virtualenv.py
[2023-08-08 23:16:53,859] {scheduler_job.py:643} INFO - DAG(s) dict_keys(['tutorial_taskflow_api_etl_virtualenv']) retrieved from /home/airflow/.local/lib/python3.6/site-packages/airflow/example_dags/tutorial_taskflow_api_etl_virtualenv.py
[2023-08-08 23:16:54,438] {logging_mixin.py:104} INFO - [2023-08-08 23:16:54,438] {dag.py:1833} INFO - Sync 1 DAGs
[2023-08-08 23:16:54,460] {logging_mixin.py:104} INFO - [2023-08-08 23:16:54,460] {dag.py:2306} INFO - Setting next_dagrun for tutorial_taskflow_api_etl_virtualenv to None
[2023-08-08 23:16:54,492] {scheduler_job.py:190} INFO - Processing /home/airflow/.local/lib/python3.6/site-packages/airflow/example_dags/tutorial_taskflow_api_etl_virtualenv.py took 0.717 seconds
[2023-08-08 23:17:24,917] {scheduler_job.py:182} INFO - Started process (PID=7128) to work on /home/airflow/.local/lib/python3.6/site-packages/airflow/example_dags/tutorial_taskflow_api_etl_virtualenv.py
[2023-08-08 23:17:24,932] {scheduler_job.py:633} INFO - Processing file /home/airflow/.local/lib/python3.6/site-packages/airflow/example_dags/tutorial_taskflow_api_etl_virtualenv.py for tasks to queue
[2023-08-08 23:17:24,938] {logging_mixin.py:104} INFO - [2023-08-08 23:17:24,938] {dagbag.py:496} INFO - Filling up the DagBag from /home/airflow/.local/lib/python3.6/site-packages/airflow/example_dags/tutorial_taskflow_api_etl_virtualenv.py
[2023-08-08 23:17:25,057] {scheduler_job.py:643} INFO - DAG(s) dict_keys(['tutorial_taskflow_api_etl_virtualenv']) retrieved from /home/airflow/.local/lib/python3.6/site-packages/airflow/example_dags/tutorial_taskflow_api_etl_virtualenv.py
[2023-08-08 23:17:26,460] {logging_mixin.py:104} INFO - [2023-08-08 23:17:26,459] {dag.py:1833} INFO - Sync 1 DAGs
[2023-08-08 23:17:26,492] {logging_mixin.py:104} INFO - [2023-08-08 23:17:26,492] {dag.py:2306} INFO - Setting next_dagrun for tutorial_taskflow_api_etl_virtualenv to None
[2023-08-08 23:17:26,537] {scheduler_job.py:190} INFO - Processing /home/airflow/.local/lib/python3.6/site-packages/airflow/example_dags/tutorial_taskflow_api_etl_virtualenv.py took 1.652 seconds
[2023-08-08 23:17:56,678] {scheduler_job.py:182} INFO - Started process (PID=7180) to work on /home/airflow/.local/lib/python3.6/site-packages/airflow/example_dags/tutorial_taskflow_api_etl_virtualenv.py
[2023-08-08 23:17:56,684] {scheduler_job.py:633} INFO - Processing file /home/airflow/.local/lib/python3.6/site-packages/airflow/example_dags/tutorial_taskflow_api_etl_virtualenv.py for tasks to queue
[2023-08-08 23:17:56,690] {logging_mixin.py:104} INFO - [2023-08-08 23:17:56,690] {dagbag.py:496} INFO - Filling up the DagBag from /home/airflow/.local/lib/python3.6/site-packages/airflow/example_dags/tutorial_taskflow_api_etl_virtualenv.py
[2023-08-08 23:17:56,810] {scheduler_job.py:643} INFO - DAG(s) dict_keys(['tutorial_taskflow_api_etl_virtualenv']) retrieved from /home/airflow/.local/lib/python3.6/site-packages/airflow/example_dags/tutorial_taskflow_api_etl_virtualenv.py
[2023-08-08 23:17:58,672] {logging_mixin.py:104} INFO - [2023-08-08 23:17:58,671] {dag.py:1833} INFO - Sync 1 DAGs
[2023-08-08 23:17:58,747] {logging_mixin.py:104} INFO - [2023-08-08 23:17:58,747] {dag.py:2306} INFO - Setting next_dagrun for tutorial_taskflow_api_etl_virtualenv to None
[2023-08-08 23:17:58,876] {scheduler_job.py:190} INFO - Processing /home/airflow/.local/lib/python3.6/site-packages/airflow/example_dags/tutorial_taskflow_api_etl_virtualenv.py took 2.213 seconds
[2023-08-08 23:18:29,943] {scheduler_job.py:182} INFO - Started process (PID=7233) to work on /home/airflow/.local/lib/python3.6/site-packages/airflow/example_dags/tutorial_taskflow_api_etl_virtualenv.py
[2023-08-08 23:18:29,952] {scheduler_job.py:633} INFO - Processing file /home/airflow/.local/lib/python3.6/site-packages/airflow/example_dags/tutorial_taskflow_api_etl_virtualenv.py for tasks to queue
[2023-08-08 23:18:29,956] {logging_mixin.py:104} INFO - [2023-08-08 23:18:29,956] {dagbag.py:496} INFO - Filling up the DagBag from /home/airflow/.local/lib/python3.6/site-packages/airflow/example_dags/tutorial_taskflow_api_etl_virtualenv.py
[2023-08-08 23:18:30,149] {scheduler_job.py:643} INFO - DAG(s) dict_keys(['tutorial_taskflow_api_etl_virtualenv']) retrieved from /home/airflow/.local/lib/python3.6/site-packages/airflow/example_dags/tutorial_taskflow_api_etl_virtualenv.py
[2023-08-08 23:18:33,099] {logging_mixin.py:104} INFO - [2023-08-08 23:18:33,098] {dag.py:1833} INFO - Sync 1 DAGs
[2023-08-08 23:18:33,182] {logging_mixin.py:104} INFO - [2023-08-08 23:18:33,182] {dag.py:2306} INFO - Setting next_dagrun for tutorial_taskflow_api_etl_virtualenv to None
[2023-08-08 23:18:33,261] {scheduler_job.py:190} INFO - Processing /home/airflow/.local/lib/python3.6/site-packages/airflow/example_dags/tutorial_taskflow_api_etl_virtualenv.py took 3.349 seconds
[2023-08-08 23:19:04,097] {scheduler_job.py:182} INFO - Started process (PID=7275) to work on /home/airflow/.local/lib/python3.6/site-packages/airflow/example_dags/tutorial_taskflow_api_etl_virtualenv.py
[2023-08-08 23:19:04,105] {scheduler_job.py:633} INFO - Processing file /home/airflow/.local/lib/python3.6/site-packages/airflow/example_dags/tutorial_taskflow_api_etl_virtualenv.py for tasks to queue
[2023-08-08 23:19:04,114] {logging_mixin.py:104} INFO - [2023-08-08 23:19:04,114] {dagbag.py:496} INFO - Filling up the DagBag from /home/airflow/.local/lib/python3.6/site-packages/airflow/example_dags/tutorial_taskflow_api_etl_virtualenv.py
[2023-08-08 23:19:04,175] {scheduler_job.py:643} INFO - DAG(s) dict_keys(['tutorial_taskflow_api_etl_virtualenv']) retrieved from /home/airflow/.local/lib/python3.6/site-packages/airflow/example_dags/tutorial_taskflow_api_etl_virtualenv.py
[2023-08-08 23:19:04,963] {logging_mixin.py:104} INFO - [2023-08-08 23:19:04,960] {dag.py:1833} INFO - Sync 1 DAGs
[2023-08-08 23:19:05,035] {logging_mixin.py:104} INFO - [2023-08-08 23:19:05,034] {dag.py:2306} INFO - Setting next_dagrun for tutorial_taskflow_api_etl_virtualenv to None
[2023-08-08 23:19:05,091] {scheduler_job.py:190} INFO - Processing /home/airflow/.local/lib/python3.6/site-packages/airflow/example_dags/tutorial_taskflow_api_etl_virtualenv.py took 1.010 seconds
[2023-08-08 23:19:35,490] {scheduler_job.py:182} INFO - Started process (PID=7327) to work on /home/airflow/.local/lib/python3.6/site-packages/airflow/example_dags/tutorial_taskflow_api_etl_virtualenv.py
[2023-08-08 23:19:35,496] {scheduler_job.py:633} INFO - Processing file /home/airflow/.local/lib/python3.6/site-packages/airflow/example_dags/tutorial_taskflow_api_etl_virtualenv.py for tasks to queue
[2023-08-08 23:19:35,498] {logging_mixin.py:104} INFO - [2023-08-08 23:19:35,498] {dagbag.py:496} INFO - Filling up the DagBag from /home/airflow/.local/lib/python3.6/site-packages/airflow/example_dags/tutorial_taskflow_api_etl_virtualenv.py
[2023-08-08 23:19:35,542] {scheduler_job.py:643} INFO - DAG(s) dict_keys(['tutorial_taskflow_api_etl_virtualenv']) retrieved from /home/airflow/.local/lib/python3.6/site-packages/airflow/example_dags/tutorial_taskflow_api_etl_virtualenv.py
[2023-08-08 23:19:36,145] {logging_mixin.py:104} INFO - [2023-08-08 23:19:36,145] {dag.py:1833} INFO - Sync 1 DAGs
[2023-08-08 23:19:36,193] {logging_mixin.py:104} INFO - [2023-08-08 23:19:36,192] {dag.py:2306} INFO - Setting next_dagrun for tutorial_taskflow_api_etl_virtualenv to None
[2023-08-08 23:19:36,220] {scheduler_job.py:190} INFO - Processing /home/airflow/.local/lib/python3.6/site-packages/airflow/example_dags/tutorial_taskflow_api_etl_virtualenv.py took 0.735 seconds
[2023-08-08 23:20:06,545] {scheduler_job.py:182} INFO - Started process (PID=7379) to work on /home/airflow/.local/lib/python3.6/site-packages/airflow/example_dags/tutorial_taskflow_api_etl_virtualenv.py
[2023-08-08 23:20:06,549] {scheduler_job.py:633} INFO - Processing file /home/airflow/.local/lib/python3.6/site-packages/airflow/example_dags/tutorial_taskflow_api_etl_virtualenv.py for tasks to queue
[2023-08-08 23:20:06,551] {logging_mixin.py:104} INFO - [2023-08-08 23:20:06,550] {dagbag.py:496} INFO - Filling up the DagBag from /home/airflow/.local/lib/python3.6/site-packages/airflow/example_dags/tutorial_taskflow_api_etl_virtualenv.py
[2023-08-08 23:20:06,589] {scheduler_job.py:643} INFO - DAG(s) dict_keys(['tutorial_taskflow_api_etl_virtualenv']) retrieved from /home/airflow/.local/lib/python3.6/site-packages/airflow/example_dags/tutorial_taskflow_api_etl_virtualenv.py
[2023-08-08 23:20:07,022] {logging_mixin.py:104} INFO - [2023-08-08 23:20:07,021] {dag.py:1833} INFO - Sync 1 DAGs
[2023-08-08 23:20:07,042] {logging_mixin.py:104} INFO - [2023-08-08 23:20:07,042] {dag.py:2306} INFO - Setting next_dagrun for tutorial_taskflow_api_etl_virtualenv to None
[2023-08-08 23:20:07,060] {scheduler_job.py:190} INFO - Processing /home/airflow/.local/lib/python3.6/site-packages/airflow/example_dags/tutorial_taskflow_api_etl_virtualenv.py took 0.525 seconds
