[2023-08-08 23:00:05,163] {scheduler_job.py:182} INFO - Started process (PID=5462) to work on /home/airflow/.local/lib/python3.6/site-packages/airflow/example_dags/tutorial_etl_dag.py
[2023-08-08 23:00:05,183] {scheduler_job.py:633} INFO - Processing file /home/airflow/.local/lib/python3.6/site-packages/airflow/example_dags/tutorial_etl_dag.py for tasks to queue
[2023-08-08 23:00:05,187] {logging_mixin.py:104} INFO - [2023-08-08 23:00:05,187] {dagbag.py:496} INFO - Filling up the DagBag from /home/airflow/.local/lib/python3.6/site-packages/airflow/example_dags/tutorial_etl_dag.py
[2023-08-08 23:00:05,240] {scheduler_job.py:643} INFO - DAG(s) dict_keys(['tutorial_etl_dag']) retrieved from /home/airflow/.local/lib/python3.6/site-packages/airflow/example_dags/tutorial_etl_dag.py
[2023-08-08 23:00:06,286] {logging_mixin.py:104} INFO - [2023-08-08 23:00:06,286] {dag.py:1833} INFO - Sync 1 DAGs
[2023-08-08 23:00:06,319] {logging_mixin.py:104} INFO - [2023-08-08 23:00:06,319] {dag.py:2306} INFO - Setting next_dagrun for tutorial_etl_dag to None
[2023-08-08 23:00:06,351] {scheduler_job.py:190} INFO - Processing /home/airflow/.local/lib/python3.6/site-packages/airflow/example_dags/tutorial_etl_dag.py took 1.195 seconds
[2023-08-08 23:00:36,461] {scheduler_job.py:182} INFO - Started process (PID=5520) to work on /home/airflow/.local/lib/python3.6/site-packages/airflow/example_dags/tutorial_etl_dag.py
[2023-08-08 23:00:36,463] {scheduler_job.py:633} INFO - Processing file /home/airflow/.local/lib/python3.6/site-packages/airflow/example_dags/tutorial_etl_dag.py for tasks to queue
[2023-08-08 23:00:36,465] {logging_mixin.py:104} INFO - [2023-08-08 23:00:36,465] {dagbag.py:496} INFO - Filling up the DagBag from /home/airflow/.local/lib/python3.6/site-packages/airflow/example_dags/tutorial_etl_dag.py
[2023-08-08 23:00:36,490] {scheduler_job.py:643} INFO - DAG(s) dict_keys(['tutorial_etl_dag']) retrieved from /home/airflow/.local/lib/python3.6/site-packages/airflow/example_dags/tutorial_etl_dag.py
[2023-08-08 23:00:36,526] {logging_mixin.py:104} INFO - [2023-08-08 23:00:36,526] {dag.py:1833} INFO - Sync 1 DAGs
[2023-08-08 23:00:36,547] {logging_mixin.py:104} INFO - [2023-08-08 23:00:36,547] {dag.py:2306} INFO - Setting next_dagrun for tutorial_etl_dag to None
[2023-08-08 23:00:36,565] {scheduler_job.py:190} INFO - Processing /home/airflow/.local/lib/python3.6/site-packages/airflow/example_dags/tutorial_etl_dag.py took 0.110 seconds
[2023-08-08 23:01:06,910] {scheduler_job.py:182} INFO - Started process (PID=5574) to work on /home/airflow/.local/lib/python3.6/site-packages/airflow/example_dags/tutorial_etl_dag.py
[2023-08-08 23:01:06,913] {scheduler_job.py:633} INFO - Processing file /home/airflow/.local/lib/python3.6/site-packages/airflow/example_dags/tutorial_etl_dag.py for tasks to queue
[2023-08-08 23:01:06,914] {logging_mixin.py:104} INFO - [2023-08-08 23:01:06,914] {dagbag.py:496} INFO - Filling up the DagBag from /home/airflow/.local/lib/python3.6/site-packages/airflow/example_dags/tutorial_etl_dag.py
[2023-08-08 23:01:06,939] {scheduler_job.py:643} INFO - DAG(s) dict_keys(['tutorial_etl_dag']) retrieved from /home/airflow/.local/lib/python3.6/site-packages/airflow/example_dags/tutorial_etl_dag.py
[2023-08-08 23:01:06,966] {logging_mixin.py:104} INFO - [2023-08-08 23:01:06,966] {dag.py:1833} INFO - Sync 1 DAGs
[2023-08-08 23:01:06,986] {logging_mixin.py:104} INFO - [2023-08-08 23:01:06,986] {dag.py:2306} INFO - Setting next_dagrun for tutorial_etl_dag to None
[2023-08-08 23:01:07,001] {scheduler_job.py:190} INFO - Processing /home/airflow/.local/lib/python3.6/site-packages/airflow/example_dags/tutorial_etl_dag.py took 0.096 seconds
[2023-08-08 23:01:37,413] {scheduler_job.py:182} INFO - Started process (PID=5624) to work on /home/airflow/.local/lib/python3.6/site-packages/airflow/example_dags/tutorial_etl_dag.py
[2023-08-08 23:01:37,416] {scheduler_job.py:633} INFO - Processing file /home/airflow/.local/lib/python3.6/site-packages/airflow/example_dags/tutorial_etl_dag.py for tasks to queue
[2023-08-08 23:01:37,419] {logging_mixin.py:104} INFO - [2023-08-08 23:01:37,418] {dagbag.py:496} INFO - Filling up the DagBag from /home/airflow/.local/lib/python3.6/site-packages/airflow/example_dags/tutorial_etl_dag.py
[2023-08-08 23:01:37,443] {scheduler_job.py:643} INFO - DAG(s) dict_keys(['tutorial_etl_dag']) retrieved from /home/airflow/.local/lib/python3.6/site-packages/airflow/example_dags/tutorial_etl_dag.py
[2023-08-08 23:01:37,488] {logging_mixin.py:104} INFO - [2023-08-08 23:01:37,488] {dag.py:1833} INFO - Sync 1 DAGs
[2023-08-08 23:01:37,511] {logging_mixin.py:104} INFO - [2023-08-08 23:01:37,510] {dag.py:2306} INFO - Setting next_dagrun for tutorial_etl_dag to None
[2023-08-08 23:01:37,536] {scheduler_job.py:190} INFO - Processing /home/airflow/.local/lib/python3.6/site-packages/airflow/example_dags/tutorial_etl_dag.py took 0.130 seconds
[2023-08-08 23:02:07,706] {scheduler_job.py:182} INFO - Started process (PID=5675) to work on /home/airflow/.local/lib/python3.6/site-packages/airflow/example_dags/tutorial_etl_dag.py
[2023-08-08 23:02:07,709] {scheduler_job.py:633} INFO - Processing file /home/airflow/.local/lib/python3.6/site-packages/airflow/example_dags/tutorial_etl_dag.py for tasks to queue
[2023-08-08 23:02:07,711] {logging_mixin.py:104} INFO - [2023-08-08 23:02:07,711] {dagbag.py:496} INFO - Filling up the DagBag from /home/airflow/.local/lib/python3.6/site-packages/airflow/example_dags/tutorial_etl_dag.py
[2023-08-08 23:02:07,739] {scheduler_job.py:643} INFO - DAG(s) dict_keys(['tutorial_etl_dag']) retrieved from /home/airflow/.local/lib/python3.6/site-packages/airflow/example_dags/tutorial_etl_dag.py
[2023-08-08 23:02:07,785] {logging_mixin.py:104} INFO - [2023-08-08 23:02:07,785] {dag.py:1833} INFO - Sync 1 DAGs
[2023-08-08 23:02:07,806] {logging_mixin.py:104} INFO - [2023-08-08 23:02:07,806] {dag.py:2306} INFO - Setting next_dagrun for tutorial_etl_dag to None
[2023-08-08 23:02:07,829] {scheduler_job.py:190} INFO - Processing /home/airflow/.local/lib/python3.6/site-packages/airflow/example_dags/tutorial_etl_dag.py took 0.128 seconds
[2023-08-08 23:02:38,262] {scheduler_job.py:182} INFO - Started process (PID=5726) to work on /home/airflow/.local/lib/python3.6/site-packages/airflow/example_dags/tutorial_etl_dag.py
[2023-08-08 23:02:38,267] {scheduler_job.py:633} INFO - Processing file /home/airflow/.local/lib/python3.6/site-packages/airflow/example_dags/tutorial_etl_dag.py for tasks to queue
[2023-08-08 23:02:38,271] {logging_mixin.py:104} INFO - [2023-08-08 23:02:38,271] {dagbag.py:496} INFO - Filling up the DagBag from /home/airflow/.local/lib/python3.6/site-packages/airflow/example_dags/tutorial_etl_dag.py
[2023-08-08 23:02:38,325] {scheduler_job.py:643} INFO - DAG(s) dict_keys(['tutorial_etl_dag']) retrieved from /home/airflow/.local/lib/python3.6/site-packages/airflow/example_dags/tutorial_etl_dag.py
[2023-08-08 23:02:38,358] {logging_mixin.py:104} INFO - [2023-08-08 23:02:38,358] {dag.py:1833} INFO - Sync 1 DAGs
[2023-08-08 23:02:38,381] {logging_mixin.py:104} INFO - [2023-08-08 23:02:38,381] {dag.py:2306} INFO - Setting next_dagrun for tutorial_etl_dag to None
[2023-08-08 23:02:38,399] {scheduler_job.py:190} INFO - Processing /home/airflow/.local/lib/python3.6/site-packages/airflow/example_dags/tutorial_etl_dag.py took 0.166 seconds
[2023-08-08 23:03:08,553] {scheduler_job.py:182} INFO - Started process (PID=5777) to work on /home/airflow/.local/lib/python3.6/site-packages/airflow/example_dags/tutorial_etl_dag.py
[2023-08-08 23:03:08,558] {scheduler_job.py:633} INFO - Processing file /home/airflow/.local/lib/python3.6/site-packages/airflow/example_dags/tutorial_etl_dag.py for tasks to queue
[2023-08-08 23:03:08,560] {logging_mixin.py:104} INFO - [2023-08-08 23:03:08,559] {dagbag.py:496} INFO - Filling up the DagBag from /home/airflow/.local/lib/python3.6/site-packages/airflow/example_dags/tutorial_etl_dag.py
[2023-08-08 23:03:08,589] {scheduler_job.py:643} INFO - DAG(s) dict_keys(['tutorial_etl_dag']) retrieved from /home/airflow/.local/lib/python3.6/site-packages/airflow/example_dags/tutorial_etl_dag.py
[2023-08-08 23:03:08,626] {logging_mixin.py:104} INFO - [2023-08-08 23:03:08,625] {dag.py:1833} INFO - Sync 1 DAGs
[2023-08-08 23:03:08,643] {logging_mixin.py:104} INFO - [2023-08-08 23:03:08,643] {dag.py:2306} INFO - Setting next_dagrun for tutorial_etl_dag to None
[2023-08-08 23:03:08,669] {scheduler_job.py:190} INFO - Processing /home/airflow/.local/lib/python3.6/site-packages/airflow/example_dags/tutorial_etl_dag.py took 0.125 seconds
[2023-08-08 23:03:39,490] {scheduler_job.py:182} INFO - Started process (PID=5829) to work on /home/airflow/.local/lib/python3.6/site-packages/airflow/example_dags/tutorial_etl_dag.py
[2023-08-08 23:03:39,493] {scheduler_job.py:633} INFO - Processing file /home/airflow/.local/lib/python3.6/site-packages/airflow/example_dags/tutorial_etl_dag.py for tasks to queue
[2023-08-08 23:03:39,495] {logging_mixin.py:104} INFO - [2023-08-08 23:03:39,494] {dagbag.py:496} INFO - Filling up the DagBag from /home/airflow/.local/lib/python3.6/site-packages/airflow/example_dags/tutorial_etl_dag.py
[2023-08-08 23:03:39,520] {scheduler_job.py:643} INFO - DAG(s) dict_keys(['tutorial_etl_dag']) retrieved from /home/airflow/.local/lib/python3.6/site-packages/airflow/example_dags/tutorial_etl_dag.py
[2023-08-08 23:03:39,561] {logging_mixin.py:104} INFO - [2023-08-08 23:03:39,561] {dag.py:1833} INFO - Sync 1 DAGs
[2023-08-08 23:03:39,585] {logging_mixin.py:104} INFO - [2023-08-08 23:03:39,584] {dag.py:2306} INFO - Setting next_dagrun for tutorial_etl_dag to None
[2023-08-08 23:03:39,603] {scheduler_job.py:190} INFO - Processing /home/airflow/.local/lib/python3.6/site-packages/airflow/example_dags/tutorial_etl_dag.py took 0.120 seconds
[2023-08-08 23:04:09,744] {scheduler_job.py:182} INFO - Started process (PID=5879) to work on /home/airflow/.local/lib/python3.6/site-packages/airflow/example_dags/tutorial_etl_dag.py
[2023-08-08 23:04:09,749] {scheduler_job.py:633} INFO - Processing file /home/airflow/.local/lib/python3.6/site-packages/airflow/example_dags/tutorial_etl_dag.py for tasks to queue
[2023-08-08 23:04:09,753] {logging_mixin.py:104} INFO - [2023-08-08 23:04:09,752] {dagbag.py:496} INFO - Filling up the DagBag from /home/airflow/.local/lib/python3.6/site-packages/airflow/example_dags/tutorial_etl_dag.py
[2023-08-08 23:04:09,790] {scheduler_job.py:643} INFO - DAG(s) dict_keys(['tutorial_etl_dag']) retrieved from /home/airflow/.local/lib/python3.6/site-packages/airflow/example_dags/tutorial_etl_dag.py
[2023-08-08 23:04:09,851] {logging_mixin.py:104} INFO - [2023-08-08 23:04:09,851] {dag.py:1833} INFO - Sync 1 DAGs
[2023-08-08 23:04:09,896] {logging_mixin.py:104} INFO - [2023-08-08 23:04:09,896] {dag.py:2306} INFO - Setting next_dagrun for tutorial_etl_dag to None
[2023-08-08 23:04:09,935] {scheduler_job.py:190} INFO - Processing /home/airflow/.local/lib/python3.6/site-packages/airflow/example_dags/tutorial_etl_dag.py took 0.217 seconds
[2023-08-08 23:04:40,366] {scheduler_job.py:182} INFO - Started process (PID=5937) to work on /home/airflow/.local/lib/python3.6/site-packages/airflow/example_dags/tutorial_etl_dag.py
[2023-08-08 23:04:40,371] {scheduler_job.py:633} INFO - Processing file /home/airflow/.local/lib/python3.6/site-packages/airflow/example_dags/tutorial_etl_dag.py for tasks to queue
[2023-08-08 23:04:40,376] {logging_mixin.py:104} INFO - [2023-08-08 23:04:40,376] {dagbag.py:496} INFO - Filling up the DagBag from /home/airflow/.local/lib/python3.6/site-packages/airflow/example_dags/tutorial_etl_dag.py
[2023-08-08 23:04:40,442] {scheduler_job.py:643} INFO - DAG(s) dict_keys(['tutorial_etl_dag']) retrieved from /home/airflow/.local/lib/python3.6/site-packages/airflow/example_dags/tutorial_etl_dag.py
[2023-08-08 23:04:40,486] {logging_mixin.py:104} INFO - [2023-08-08 23:04:40,486] {dag.py:1833} INFO - Sync 1 DAGs
[2023-08-08 23:04:40,512] {logging_mixin.py:104} INFO - [2023-08-08 23:04:40,511] {dag.py:2306} INFO - Setting next_dagrun for tutorial_etl_dag to None
[2023-08-08 23:04:40,534] {scheduler_job.py:190} INFO - Processing /home/airflow/.local/lib/python3.6/site-packages/airflow/example_dags/tutorial_etl_dag.py took 0.184 seconds
[2023-08-08 23:05:11,408] {scheduler_job.py:182} INFO - Started process (PID=5989) to work on /home/airflow/.local/lib/python3.6/site-packages/airflow/example_dags/tutorial_etl_dag.py
[2023-08-08 23:05:11,414] {scheduler_job.py:633} INFO - Processing file /home/airflow/.local/lib/python3.6/site-packages/airflow/example_dags/tutorial_etl_dag.py for tasks to queue
[2023-08-08 23:05:11,426] {logging_mixin.py:104} INFO - [2023-08-08 23:05:11,426] {dagbag.py:496} INFO - Filling up the DagBag from /home/airflow/.local/lib/python3.6/site-packages/airflow/example_dags/tutorial_etl_dag.py
[2023-08-08 23:05:11,518] {scheduler_job.py:643} INFO - DAG(s) dict_keys(['tutorial_etl_dag']) retrieved from /home/airflow/.local/lib/python3.6/site-packages/airflow/example_dags/tutorial_etl_dag.py
[2023-08-08 23:05:11,674] {logging_mixin.py:104} INFO - [2023-08-08 23:05:11,674] {dag.py:1833} INFO - Sync 1 DAGs
[2023-08-08 23:05:11,755] {logging_mixin.py:104} INFO - [2023-08-08 23:05:11,755] {dag.py:2306} INFO - Setting next_dagrun for tutorial_etl_dag to None
[2023-08-08 23:05:11,805] {scheduler_job.py:190} INFO - Processing /home/airflow/.local/lib/python3.6/site-packages/airflow/example_dags/tutorial_etl_dag.py took 0.434 seconds
[2023-08-08 23:05:42,181] {scheduler_job.py:182} INFO - Started process (PID=6036) to work on /home/airflow/.local/lib/python3.6/site-packages/airflow/example_dags/tutorial_etl_dag.py
[2023-08-08 23:05:42,190] {scheduler_job.py:633} INFO - Processing file /home/airflow/.local/lib/python3.6/site-packages/airflow/example_dags/tutorial_etl_dag.py for tasks to queue
[2023-08-08 23:05:42,195] {logging_mixin.py:104} INFO - [2023-08-08 23:05:42,194] {dagbag.py:496} INFO - Filling up the DagBag from /home/airflow/.local/lib/python3.6/site-packages/airflow/example_dags/tutorial_etl_dag.py
[2023-08-08 23:05:42,283] {scheduler_job.py:643} INFO - DAG(s) dict_keys(['tutorial_etl_dag']) retrieved from /home/airflow/.local/lib/python3.6/site-packages/airflow/example_dags/tutorial_etl_dag.py
[2023-08-08 23:05:42,382] {logging_mixin.py:104} INFO - [2023-08-08 23:05:42,381] {dag.py:1833} INFO - Sync 1 DAGs
[2023-08-08 23:05:42,458] {logging_mixin.py:104} INFO - [2023-08-08 23:05:42,458] {dag.py:2306} INFO - Setting next_dagrun for tutorial_etl_dag to None
[2023-08-08 23:05:42,500] {scheduler_job.py:190} INFO - Processing /home/airflow/.local/lib/python3.6/site-packages/airflow/example_dags/tutorial_etl_dag.py took 0.341 seconds
[2023-08-08 23:06:13,340] {scheduler_job.py:182} INFO - Started process (PID=6080) to work on /home/airflow/.local/lib/python3.6/site-packages/airflow/example_dags/tutorial_etl_dag.py
[2023-08-08 23:06:13,348] {scheduler_job.py:633} INFO - Processing file /home/airflow/.local/lib/python3.6/site-packages/airflow/example_dags/tutorial_etl_dag.py for tasks to queue
[2023-08-08 23:06:13,354] {logging_mixin.py:104} INFO - [2023-08-08 23:06:13,353] {dagbag.py:496} INFO - Filling up the DagBag from /home/airflow/.local/lib/python3.6/site-packages/airflow/example_dags/tutorial_etl_dag.py
[2023-08-08 23:06:13,445] {scheduler_job.py:643} INFO - DAG(s) dict_keys(['tutorial_etl_dag']) retrieved from /home/airflow/.local/lib/python3.6/site-packages/airflow/example_dags/tutorial_etl_dag.py
[2023-08-08 23:06:13,636] {logging_mixin.py:104} INFO - [2023-08-08 23:06:13,636] {dag.py:1833} INFO - Sync 1 DAGs
[2023-08-08 23:06:13,707] {logging_mixin.py:104} INFO - [2023-08-08 23:06:13,706] {dag.py:2306} INFO - Setting next_dagrun for tutorial_etl_dag to None
[2023-08-08 23:06:13,733] {scheduler_job.py:190} INFO - Processing /home/airflow/.local/lib/python3.6/site-packages/airflow/example_dags/tutorial_etl_dag.py took 0.417 seconds
[2023-08-08 23:06:44,175] {scheduler_job.py:182} INFO - Started process (PID=6132) to work on /home/airflow/.local/lib/python3.6/site-packages/airflow/example_dags/tutorial_etl_dag.py
[2023-08-08 23:06:44,178] {scheduler_job.py:633} INFO - Processing file /home/airflow/.local/lib/python3.6/site-packages/airflow/example_dags/tutorial_etl_dag.py for tasks to queue
[2023-08-08 23:06:44,181] {logging_mixin.py:104} INFO - [2023-08-08 23:06:44,181] {dagbag.py:496} INFO - Filling up the DagBag from /home/airflow/.local/lib/python3.6/site-packages/airflow/example_dags/tutorial_etl_dag.py
[2023-08-08 23:06:44,231] {scheduler_job.py:643} INFO - DAG(s) dict_keys(['tutorial_etl_dag']) retrieved from /home/airflow/.local/lib/python3.6/site-packages/airflow/example_dags/tutorial_etl_dag.py
[2023-08-08 23:06:44,280] {logging_mixin.py:104} INFO - [2023-08-08 23:06:44,279] {dag.py:1833} INFO - Sync 1 DAGs
[2023-08-08 23:06:44,313] {logging_mixin.py:104} INFO - [2023-08-08 23:06:44,312] {dag.py:2306} INFO - Setting next_dagrun for tutorial_etl_dag to None
[2023-08-08 23:06:44,352] {scheduler_job.py:190} INFO - Processing /home/airflow/.local/lib/python3.6/site-packages/airflow/example_dags/tutorial_etl_dag.py took 0.190 seconds
[2023-08-08 23:07:15,011] {scheduler_job.py:182} INFO - Started process (PID=6182) to work on /home/airflow/.local/lib/python3.6/site-packages/airflow/example_dags/tutorial_etl_dag.py
[2023-08-08 23:07:15,020] {scheduler_job.py:633} INFO - Processing file /home/airflow/.local/lib/python3.6/site-packages/airflow/example_dags/tutorial_etl_dag.py for tasks to queue
[2023-08-08 23:07:15,029] {logging_mixin.py:104} INFO - [2023-08-08 23:07:15,029] {dagbag.py:496} INFO - Filling up the DagBag from /home/airflow/.local/lib/python3.6/site-packages/airflow/example_dags/tutorial_etl_dag.py
[2023-08-08 23:07:15,122] {scheduler_job.py:643} INFO - DAG(s) dict_keys(['tutorial_etl_dag']) retrieved from /home/airflow/.local/lib/python3.6/site-packages/airflow/example_dags/tutorial_etl_dag.py
[2023-08-08 23:07:15,221] {logging_mixin.py:104} INFO - [2023-08-08 23:07:15,221] {dag.py:1833} INFO - Sync 1 DAGs
[2023-08-08 23:07:15,290] {logging_mixin.py:104} INFO - [2023-08-08 23:07:15,290] {dag.py:2306} INFO - Setting next_dagrun for tutorial_etl_dag to None
[2023-08-08 23:07:15,347] {scheduler_job.py:190} INFO - Processing /home/airflow/.local/lib/python3.6/site-packages/airflow/example_dags/tutorial_etl_dag.py took 0.367 seconds
[2023-08-08 23:07:45,670] {scheduler_job.py:182} INFO - Started process (PID=6231) to work on /home/airflow/.local/lib/python3.6/site-packages/airflow/example_dags/tutorial_etl_dag.py
[2023-08-08 23:07:45,680] {scheduler_job.py:633} INFO - Processing file /home/airflow/.local/lib/python3.6/site-packages/airflow/example_dags/tutorial_etl_dag.py for tasks to queue
[2023-08-08 23:07:45,684] {logging_mixin.py:104} INFO - [2023-08-08 23:07:45,683] {dagbag.py:496} INFO - Filling up the DagBag from /home/airflow/.local/lib/python3.6/site-packages/airflow/example_dags/tutorial_etl_dag.py
[2023-08-08 23:07:45,781] {scheduler_job.py:643} INFO - DAG(s) dict_keys(['tutorial_etl_dag']) retrieved from /home/airflow/.local/lib/python3.6/site-packages/airflow/example_dags/tutorial_etl_dag.py
[2023-08-08 23:07:45,958] {logging_mixin.py:104} INFO - [2023-08-08 23:07:45,957] {dag.py:1833} INFO - Sync 1 DAGs
[2023-08-08 23:07:46,093] {logging_mixin.py:104} INFO - [2023-08-08 23:07:46,093] {dag.py:2306} INFO - Setting next_dagrun for tutorial_etl_dag to None
[2023-08-08 23:07:46,180] {scheduler_job.py:190} INFO - Processing /home/airflow/.local/lib/python3.6/site-packages/airflow/example_dags/tutorial_etl_dag.py took 0.547 seconds
[2023-08-08 23:08:16,616] {scheduler_job.py:182} INFO - Started process (PID=6283) to work on /home/airflow/.local/lib/python3.6/site-packages/airflow/example_dags/tutorial_etl_dag.py
[2023-08-08 23:08:16,635] {scheduler_job.py:633} INFO - Processing file /home/airflow/.local/lib/python3.6/site-packages/airflow/example_dags/tutorial_etl_dag.py for tasks to queue
[2023-08-08 23:08:16,645] {logging_mixin.py:104} INFO - [2023-08-08 23:08:16,645] {dagbag.py:496} INFO - Filling up the DagBag from /home/airflow/.local/lib/python3.6/site-packages/airflow/example_dags/tutorial_etl_dag.py
[2023-08-08 23:08:16,706] {scheduler_job.py:643} INFO - DAG(s) dict_keys(['tutorial_etl_dag']) retrieved from /home/airflow/.local/lib/python3.6/site-packages/airflow/example_dags/tutorial_etl_dag.py
[2023-08-08 23:08:16,805] {logging_mixin.py:104} INFO - [2023-08-08 23:08:16,804] {dag.py:1833} INFO - Sync 1 DAGs
[2023-08-08 23:08:16,869] {logging_mixin.py:104} INFO - [2023-08-08 23:08:16,868] {dag.py:2306} INFO - Setting next_dagrun for tutorial_etl_dag to None
[2023-08-08 23:08:16,906] {scheduler_job.py:190} INFO - Processing /home/airflow/.local/lib/python3.6/site-packages/airflow/example_dags/tutorial_etl_dag.py took 0.297 seconds
[2023-08-08 23:08:47,661] {scheduler_job.py:182} INFO - Started process (PID=6333) to work on /home/airflow/.local/lib/python3.6/site-packages/airflow/example_dags/tutorial_etl_dag.py
[2023-08-08 23:08:47,666] {scheduler_job.py:633} INFO - Processing file /home/airflow/.local/lib/python3.6/site-packages/airflow/example_dags/tutorial_etl_dag.py for tasks to queue
[2023-08-08 23:08:47,671] {logging_mixin.py:104} INFO - [2023-08-08 23:08:47,670] {dagbag.py:496} INFO - Filling up the DagBag from /home/airflow/.local/lib/python3.6/site-packages/airflow/example_dags/tutorial_etl_dag.py
[2023-08-08 23:08:47,721] {scheduler_job.py:643} INFO - DAG(s) dict_keys(['tutorial_etl_dag']) retrieved from /home/airflow/.local/lib/python3.6/site-packages/airflow/example_dags/tutorial_etl_dag.py
[2023-08-08 23:08:47,802] {logging_mixin.py:104} INFO - [2023-08-08 23:08:47,802] {dag.py:1833} INFO - Sync 1 DAGs
[2023-08-08 23:08:47,860] {logging_mixin.py:104} INFO - [2023-08-08 23:08:47,859] {dag.py:2306} INFO - Setting next_dagrun for tutorial_etl_dag to None
[2023-08-08 23:08:47,907] {scheduler_job.py:190} INFO - Processing /home/airflow/.local/lib/python3.6/site-packages/airflow/example_dags/tutorial_etl_dag.py took 0.264 seconds
[2023-08-08 23:09:18,669] {scheduler_job.py:182} INFO - Started process (PID=6374) to work on /home/airflow/.local/lib/python3.6/site-packages/airflow/example_dags/tutorial_etl_dag.py
[2023-08-08 23:09:18,673] {scheduler_job.py:633} INFO - Processing file /home/airflow/.local/lib/python3.6/site-packages/airflow/example_dags/tutorial_etl_dag.py for tasks to queue
[2023-08-08 23:09:18,678] {logging_mixin.py:104} INFO - [2023-08-08 23:09:18,677] {dagbag.py:496} INFO - Filling up the DagBag from /home/airflow/.local/lib/python3.6/site-packages/airflow/example_dags/tutorial_etl_dag.py
[2023-08-08 23:09:18,733] {scheduler_job.py:643} INFO - DAG(s) dict_keys(['tutorial_etl_dag']) retrieved from /home/airflow/.local/lib/python3.6/site-packages/airflow/example_dags/tutorial_etl_dag.py
[2023-08-08 23:09:18,808] {logging_mixin.py:104} INFO - [2023-08-08 23:09:18,808] {dag.py:1833} INFO - Sync 1 DAGs
[2023-08-08 23:09:18,890] {logging_mixin.py:104} INFO - [2023-08-08 23:09:18,889] {dag.py:2306} INFO - Setting next_dagrun for tutorial_etl_dag to None
[2023-08-08 23:09:19,045] {scheduler_job.py:190} INFO - Processing /home/airflow/.local/lib/python3.6/site-packages/airflow/example_dags/tutorial_etl_dag.py took 0.384 seconds
[2023-08-08 23:09:49,609] {scheduler_job.py:182} INFO - Started process (PID=6426) to work on /home/airflow/.local/lib/python3.6/site-packages/airflow/example_dags/tutorial_etl_dag.py
[2023-08-08 23:09:49,613] {scheduler_job.py:633} INFO - Processing file /home/airflow/.local/lib/python3.6/site-packages/airflow/example_dags/tutorial_etl_dag.py for tasks to queue
[2023-08-08 23:09:49,619] {logging_mixin.py:104} INFO - [2023-08-08 23:09:49,619] {dagbag.py:496} INFO - Filling up the DagBag from /home/airflow/.local/lib/python3.6/site-packages/airflow/example_dags/tutorial_etl_dag.py
[2023-08-08 23:09:49,677] {scheduler_job.py:643} INFO - DAG(s) dict_keys(['tutorial_etl_dag']) retrieved from /home/airflow/.local/lib/python3.6/site-packages/airflow/example_dags/tutorial_etl_dag.py
[2023-08-08 23:09:49,770] {logging_mixin.py:104} INFO - [2023-08-08 23:09:49,770] {dag.py:1833} INFO - Sync 1 DAGs
[2023-08-08 23:09:49,817] {logging_mixin.py:104} INFO - [2023-08-08 23:09:49,816] {dag.py:2306} INFO - Setting next_dagrun for tutorial_etl_dag to None
[2023-08-08 23:09:49,868] {scheduler_job.py:190} INFO - Processing /home/airflow/.local/lib/python3.6/site-packages/airflow/example_dags/tutorial_etl_dag.py took 0.279 seconds
[2023-08-08 23:10:20,514] {scheduler_job.py:182} INFO - Started process (PID=6477) to work on /home/airflow/.local/lib/python3.6/site-packages/airflow/example_dags/tutorial_etl_dag.py
[2023-08-08 23:10:20,522] {scheduler_job.py:633} INFO - Processing file /home/airflow/.local/lib/python3.6/site-packages/airflow/example_dags/tutorial_etl_dag.py for tasks to queue
[2023-08-08 23:10:20,528] {logging_mixin.py:104} INFO - [2023-08-08 23:10:20,528] {dagbag.py:496} INFO - Filling up the DagBag from /home/airflow/.local/lib/python3.6/site-packages/airflow/example_dags/tutorial_etl_dag.py
[2023-08-08 23:10:20,584] {scheduler_job.py:643} INFO - DAG(s) dict_keys(['tutorial_etl_dag']) retrieved from /home/airflow/.local/lib/python3.6/site-packages/airflow/example_dags/tutorial_etl_dag.py
[2023-08-08 23:10:20,644] {logging_mixin.py:104} INFO - [2023-08-08 23:10:20,644] {dag.py:1833} INFO - Sync 1 DAGs
[2023-08-08 23:10:20,688] {logging_mixin.py:104} INFO - [2023-08-08 23:10:20,688] {dag.py:2306} INFO - Setting next_dagrun for tutorial_etl_dag to None
[2023-08-08 23:10:20,714] {scheduler_job.py:190} INFO - Processing /home/airflow/.local/lib/python3.6/site-packages/airflow/example_dags/tutorial_etl_dag.py took 0.210 seconds
[2023-08-08 23:10:51,355] {scheduler_job.py:182} INFO - Started process (PID=6527) to work on /home/airflow/.local/lib/python3.6/site-packages/airflow/example_dags/tutorial_etl_dag.py
[2023-08-08 23:10:51,361] {scheduler_job.py:633} INFO - Processing file /home/airflow/.local/lib/python3.6/site-packages/airflow/example_dags/tutorial_etl_dag.py for tasks to queue
[2023-08-08 23:10:51,367] {logging_mixin.py:104} INFO - [2023-08-08 23:10:51,367] {dagbag.py:496} INFO - Filling up the DagBag from /home/airflow/.local/lib/python3.6/site-packages/airflow/example_dags/tutorial_etl_dag.py
[2023-08-08 23:10:51,414] {scheduler_job.py:643} INFO - DAG(s) dict_keys(['tutorial_etl_dag']) retrieved from /home/airflow/.local/lib/python3.6/site-packages/airflow/example_dags/tutorial_etl_dag.py
[2023-08-08 23:10:51,490] {logging_mixin.py:104} INFO - [2023-08-08 23:10:51,490] {dag.py:1833} INFO - Sync 1 DAGs
[2023-08-08 23:10:51,534] {logging_mixin.py:104} INFO - [2023-08-08 23:10:51,533] {dag.py:2306} INFO - Setting next_dagrun for tutorial_etl_dag to None
[2023-08-08 23:10:51,576] {scheduler_job.py:190} INFO - Processing /home/airflow/.local/lib/python3.6/site-packages/airflow/example_dags/tutorial_etl_dag.py took 0.243 seconds
[2023-08-08 23:11:22,319] {scheduler_job.py:182} INFO - Started process (PID=6577) to work on /home/airflow/.local/lib/python3.6/site-packages/airflow/example_dags/tutorial_etl_dag.py
[2023-08-08 23:11:22,323] {scheduler_job.py:633} INFO - Processing file /home/airflow/.local/lib/python3.6/site-packages/airflow/example_dags/tutorial_etl_dag.py for tasks to queue
[2023-08-08 23:11:22,326] {logging_mixin.py:104} INFO - [2023-08-08 23:11:22,326] {dagbag.py:496} INFO - Filling up the DagBag from /home/airflow/.local/lib/python3.6/site-packages/airflow/example_dags/tutorial_etl_dag.py
[2023-08-08 23:11:22,354] {scheduler_job.py:643} INFO - DAG(s) dict_keys(['tutorial_etl_dag']) retrieved from /home/airflow/.local/lib/python3.6/site-packages/airflow/example_dags/tutorial_etl_dag.py
[2023-08-08 23:11:22,400] {logging_mixin.py:104} INFO - [2023-08-08 23:11:22,400] {dag.py:1833} INFO - Sync 1 DAGs
[2023-08-08 23:11:22,427] {logging_mixin.py:104} INFO - [2023-08-08 23:11:22,426] {dag.py:2306} INFO - Setting next_dagrun for tutorial_etl_dag to None
[2023-08-08 23:11:22,452] {scheduler_job.py:190} INFO - Processing /home/airflow/.local/lib/python3.6/site-packages/airflow/example_dags/tutorial_etl_dag.py took 0.141 seconds
[2023-08-08 23:11:52,645] {scheduler_job.py:182} INFO - Started process (PID=6627) to work on /home/airflow/.local/lib/python3.6/site-packages/airflow/example_dags/tutorial_etl_dag.py
[2023-08-08 23:11:52,655] {scheduler_job.py:633} INFO - Processing file /home/airflow/.local/lib/python3.6/site-packages/airflow/example_dags/tutorial_etl_dag.py for tasks to queue
[2023-08-08 23:11:52,661] {logging_mixin.py:104} INFO - [2023-08-08 23:11:52,659] {dagbag.py:496} INFO - Filling up the DagBag from /home/airflow/.local/lib/python3.6/site-packages/airflow/example_dags/tutorial_etl_dag.py
[2023-08-08 23:11:52,733] {scheduler_job.py:643} INFO - DAG(s) dict_keys(['tutorial_etl_dag']) retrieved from /home/airflow/.local/lib/python3.6/site-packages/airflow/example_dags/tutorial_etl_dag.py
[2023-08-08 23:11:52,796] {logging_mixin.py:104} INFO - [2023-08-08 23:11:52,795] {dag.py:1833} INFO - Sync 1 DAGs
[2023-08-08 23:11:52,827] {logging_mixin.py:104} INFO - [2023-08-08 23:11:52,827] {dag.py:2306} INFO - Setting next_dagrun for tutorial_etl_dag to None
[2023-08-08 23:11:52,848] {scheduler_job.py:190} INFO - Processing /home/airflow/.local/lib/python3.6/site-packages/airflow/example_dags/tutorial_etl_dag.py took 0.212 seconds
[2023-08-08 23:12:23,123] {scheduler_job.py:182} INFO - Started process (PID=6676) to work on /home/airflow/.local/lib/python3.6/site-packages/airflow/example_dags/tutorial_etl_dag.py
[2023-08-08 23:12:23,129] {scheduler_job.py:633} INFO - Processing file /home/airflow/.local/lib/python3.6/site-packages/airflow/example_dags/tutorial_etl_dag.py for tasks to queue
[2023-08-08 23:12:23,143] {logging_mixin.py:104} INFO - [2023-08-08 23:12:23,142] {dagbag.py:496} INFO - Filling up the DagBag from /home/airflow/.local/lib/python3.6/site-packages/airflow/example_dags/tutorial_etl_dag.py
[2023-08-08 23:12:23,275] {scheduler_job.py:643} INFO - DAG(s) dict_keys(['tutorial_etl_dag']) retrieved from /home/airflow/.local/lib/python3.6/site-packages/airflow/example_dags/tutorial_etl_dag.py
[2023-08-08 23:12:23,399] {logging_mixin.py:104} INFO - [2023-08-08 23:12:23,399] {dag.py:1833} INFO - Sync 1 DAGs
[2023-08-08 23:12:23,472] {logging_mixin.py:104} INFO - [2023-08-08 23:12:23,472] {dag.py:2306} INFO - Setting next_dagrun for tutorial_etl_dag to None
[2023-08-08 23:12:23,504] {scheduler_job.py:190} INFO - Processing /home/airflow/.local/lib/python3.6/site-packages/airflow/example_dags/tutorial_etl_dag.py took 0.407 seconds
[2023-08-08 23:12:53,737] {scheduler_job.py:182} INFO - Started process (PID=6717) to work on /home/airflow/.local/lib/python3.6/site-packages/airflow/example_dags/tutorial_etl_dag.py
[2023-08-08 23:12:53,745] {scheduler_job.py:633} INFO - Processing file /home/airflow/.local/lib/python3.6/site-packages/airflow/example_dags/tutorial_etl_dag.py for tasks to queue
[2023-08-08 23:12:53,752] {logging_mixin.py:104} INFO - [2023-08-08 23:12:53,751] {dagbag.py:496} INFO - Filling up the DagBag from /home/airflow/.local/lib/python3.6/site-packages/airflow/example_dags/tutorial_etl_dag.py
[2023-08-08 23:12:53,826] {scheduler_job.py:643} INFO - DAG(s) dict_keys(['tutorial_etl_dag']) retrieved from /home/airflow/.local/lib/python3.6/site-packages/airflow/example_dags/tutorial_etl_dag.py
[2023-08-08 23:12:53,889] {logging_mixin.py:104} INFO - [2023-08-08 23:12:53,889] {dag.py:1833} INFO - Sync 1 DAGs
[2023-08-08 23:12:53,943] {logging_mixin.py:104} INFO - [2023-08-08 23:12:53,943] {dag.py:2306} INFO - Setting next_dagrun for tutorial_etl_dag to None
[2023-08-08 23:12:53,976] {scheduler_job.py:190} INFO - Processing /home/airflow/.local/lib/python3.6/site-packages/airflow/example_dags/tutorial_etl_dag.py took 0.263 seconds
[2023-08-08 23:13:24,244] {scheduler_job.py:182} INFO - Started process (PID=6769) to work on /home/airflow/.local/lib/python3.6/site-packages/airflow/example_dags/tutorial_etl_dag.py
[2023-08-08 23:13:24,249] {scheduler_job.py:633} INFO - Processing file /home/airflow/.local/lib/python3.6/site-packages/airflow/example_dags/tutorial_etl_dag.py for tasks to queue
[2023-08-08 23:13:24,253] {logging_mixin.py:104} INFO - [2023-08-08 23:13:24,253] {dagbag.py:496} INFO - Filling up the DagBag from /home/airflow/.local/lib/python3.6/site-packages/airflow/example_dags/tutorial_etl_dag.py
[2023-08-08 23:13:24,288] {scheduler_job.py:643} INFO - DAG(s) dict_keys(['tutorial_etl_dag']) retrieved from /home/airflow/.local/lib/python3.6/site-packages/airflow/example_dags/tutorial_etl_dag.py
[2023-08-08 23:13:24,338] {logging_mixin.py:104} INFO - [2023-08-08 23:13:24,337] {dag.py:1833} INFO - Sync 1 DAGs
[2023-08-08 23:13:24,366] {logging_mixin.py:104} INFO - [2023-08-08 23:13:24,366] {dag.py:2306} INFO - Setting next_dagrun for tutorial_etl_dag to None
[2023-08-08 23:13:24,396] {scheduler_job.py:190} INFO - Processing /home/airflow/.local/lib/python3.6/site-packages/airflow/example_dags/tutorial_etl_dag.py took 0.160 seconds
[2023-08-08 23:13:55,116] {scheduler_job.py:182} INFO - Started process (PID=6820) to work on /home/airflow/.local/lib/python3.6/site-packages/airflow/example_dags/tutorial_etl_dag.py
[2023-08-08 23:13:55,125] {scheduler_job.py:633} INFO - Processing file /home/airflow/.local/lib/python3.6/site-packages/airflow/example_dags/tutorial_etl_dag.py for tasks to queue
[2023-08-08 23:13:55,128] {logging_mixin.py:104} INFO - [2023-08-08 23:13:55,128] {dagbag.py:496} INFO - Filling up the DagBag from /home/airflow/.local/lib/python3.6/site-packages/airflow/example_dags/tutorial_etl_dag.py
[2023-08-08 23:13:55,205] {scheduler_job.py:643} INFO - DAG(s) dict_keys(['tutorial_etl_dag']) retrieved from /home/airflow/.local/lib/python3.6/site-packages/airflow/example_dags/tutorial_etl_dag.py
[2023-08-08 23:13:55,289] {logging_mixin.py:104} INFO - [2023-08-08 23:13:55,288] {dag.py:1833} INFO - Sync 1 DAGs
[2023-08-08 23:13:55,365] {logging_mixin.py:104} INFO - [2023-08-08 23:13:55,364] {dag.py:2306} INFO - Setting next_dagrun for tutorial_etl_dag to None
[2023-08-08 23:13:55,399] {scheduler_job.py:190} INFO - Processing /home/airflow/.local/lib/python3.6/site-packages/airflow/example_dags/tutorial_etl_dag.py took 0.306 seconds
[2023-08-08 23:14:25,684] {scheduler_job.py:182} INFO - Started process (PID=6871) to work on /home/airflow/.local/lib/python3.6/site-packages/airflow/example_dags/tutorial_etl_dag.py
[2023-08-08 23:14:25,693] {scheduler_job.py:633} INFO - Processing file /home/airflow/.local/lib/python3.6/site-packages/airflow/example_dags/tutorial_etl_dag.py for tasks to queue
[2023-08-08 23:14:25,702] {logging_mixin.py:104} INFO - [2023-08-08 23:14:25,702] {dagbag.py:496} INFO - Filling up the DagBag from /home/airflow/.local/lib/python3.6/site-packages/airflow/example_dags/tutorial_etl_dag.py
[2023-08-08 23:14:25,782] {scheduler_job.py:643} INFO - DAG(s) dict_keys(['tutorial_etl_dag']) retrieved from /home/airflow/.local/lib/python3.6/site-packages/airflow/example_dags/tutorial_etl_dag.py
[2023-08-08 23:14:25,882] {logging_mixin.py:104} INFO - [2023-08-08 23:14:25,881] {dag.py:1833} INFO - Sync 1 DAGs
[2023-08-08 23:14:25,946] {logging_mixin.py:104} INFO - [2023-08-08 23:14:25,945] {dag.py:2306} INFO - Setting next_dagrun for tutorial_etl_dag to None
[2023-08-08 23:14:25,975] {scheduler_job.py:190} INFO - Processing /home/airflow/.local/lib/python3.6/site-packages/airflow/example_dags/tutorial_etl_dag.py took 0.308 seconds
[2023-08-08 23:14:58,551] {scheduler_job.py:182} INFO - Started process (PID=6920) to work on /home/airflow/.local/lib/python3.6/site-packages/airflow/example_dags/tutorial_etl_dag.py
[2023-08-08 23:14:58,558] {scheduler_job.py:633} INFO - Processing file /home/airflow/.local/lib/python3.6/site-packages/airflow/example_dags/tutorial_etl_dag.py for tasks to queue
[2023-08-08 23:14:58,564] {logging_mixin.py:104} INFO - [2023-08-08 23:14:58,563] {dagbag.py:496} INFO - Filling up the DagBag from /home/airflow/.local/lib/python3.6/site-packages/airflow/example_dags/tutorial_etl_dag.py
[2023-08-08 23:14:58,598] {scheduler_job.py:643} INFO - DAG(s) dict_keys(['tutorial_etl_dag']) retrieved from /home/airflow/.local/lib/python3.6/site-packages/airflow/example_dags/tutorial_etl_dag.py
[2023-08-08 23:14:58,691] {logging_mixin.py:104} INFO - [2023-08-08 23:14:58,690] {dag.py:1833} INFO - Sync 1 DAGs
[2023-08-08 23:14:58,734] {logging_mixin.py:104} INFO - [2023-08-08 23:14:58,733] {dag.py:2306} INFO - Setting next_dagrun for tutorial_etl_dag to None
[2023-08-08 23:14:58,756] {scheduler_job.py:190} INFO - Processing /home/airflow/.local/lib/python3.6/site-packages/airflow/example_dags/tutorial_etl_dag.py took 0.232 seconds
[2023-08-08 23:15:30,103] {scheduler_job.py:182} INFO - Started process (PID=6970) to work on /home/airflow/.local/lib/python3.6/site-packages/airflow/example_dags/tutorial_etl_dag.py
[2023-08-08 23:15:30,118] {scheduler_job.py:633} INFO - Processing file /home/airflow/.local/lib/python3.6/site-packages/airflow/example_dags/tutorial_etl_dag.py for tasks to queue
[2023-08-08 23:15:30,127] {logging_mixin.py:104} INFO - [2023-08-08 23:15:30,127] {dagbag.py:496} INFO - Filling up the DagBag from /home/airflow/.local/lib/python3.6/site-packages/airflow/example_dags/tutorial_etl_dag.py
[2023-08-08 23:15:30,362] {scheduler_job.py:643} INFO - DAG(s) dict_keys(['tutorial_etl_dag']) retrieved from /home/airflow/.local/lib/python3.6/site-packages/airflow/example_dags/tutorial_etl_dag.py
[2023-08-08 23:15:30,535] {logging_mixin.py:104} INFO - [2023-08-08 23:15:30,535] {dag.py:1833} INFO - Sync 1 DAGs
[2023-08-08 23:15:30,602] {logging_mixin.py:104} INFO - [2023-08-08 23:15:30,602] {dag.py:2306} INFO - Setting next_dagrun for tutorial_etl_dag to None
[2023-08-08 23:15:30,653] {scheduler_job.py:190} INFO - Processing /home/airflow/.local/lib/python3.6/site-packages/airflow/example_dags/tutorial_etl_dag.py took 0.604 seconds
[2023-08-08 23:16:00,779] {scheduler_job.py:182} INFO - Started process (PID=7011) to work on /home/airflow/.local/lib/python3.6/site-packages/airflow/example_dags/tutorial_etl_dag.py
[2023-08-08 23:16:00,793] {scheduler_job.py:633} INFO - Processing file /home/airflow/.local/lib/python3.6/site-packages/airflow/example_dags/tutorial_etl_dag.py for tasks to queue
[2023-08-08 23:16:00,797] {logging_mixin.py:104} INFO - [2023-08-08 23:16:00,796] {dagbag.py:496} INFO - Filling up the DagBag from /home/airflow/.local/lib/python3.6/site-packages/airflow/example_dags/tutorial_etl_dag.py
[2023-08-08 23:16:00,919] {scheduler_job.py:643} INFO - DAG(s) dict_keys(['tutorial_etl_dag']) retrieved from /home/airflow/.local/lib/python3.6/site-packages/airflow/example_dags/tutorial_etl_dag.py
[2023-08-08 23:16:01,046] {logging_mixin.py:104} INFO - [2023-08-08 23:16:01,045] {dag.py:1833} INFO - Sync 1 DAGs
[2023-08-08 23:16:01,119] {logging_mixin.py:104} INFO - [2023-08-08 23:16:01,119] {dag.py:2306} INFO - Setting next_dagrun for tutorial_etl_dag to None
[2023-08-08 23:16:01,162] {scheduler_job.py:190} INFO - Processing /home/airflow/.local/lib/python3.6/site-packages/airflow/example_dags/tutorial_etl_dag.py took 0.390 seconds
[2023-08-08 23:16:31,546] {scheduler_job.py:182} INFO - Started process (PID=7060) to work on /home/airflow/.local/lib/python3.6/site-packages/airflow/example_dags/tutorial_etl_dag.py
[2023-08-08 23:16:31,556] {scheduler_job.py:633} INFO - Processing file /home/airflow/.local/lib/python3.6/site-packages/airflow/example_dags/tutorial_etl_dag.py for tasks to queue
[2023-08-08 23:16:31,561] {logging_mixin.py:104} INFO - [2023-08-08 23:16:31,560] {dagbag.py:496} INFO - Filling up the DagBag from /home/airflow/.local/lib/python3.6/site-packages/airflow/example_dags/tutorial_etl_dag.py
[2023-08-08 23:16:31,687] {scheduler_job.py:643} INFO - DAG(s) dict_keys(['tutorial_etl_dag']) retrieved from /home/airflow/.local/lib/python3.6/site-packages/airflow/example_dags/tutorial_etl_dag.py
[2023-08-08 23:16:31,789] {logging_mixin.py:104} INFO - [2023-08-08 23:16:31,789] {dag.py:1833} INFO - Sync 1 DAGs
[2023-08-08 23:16:31,820] {logging_mixin.py:104} INFO - [2023-08-08 23:16:31,820] {dag.py:2306} INFO - Setting next_dagrun for tutorial_etl_dag to None
[2023-08-08 23:16:31,888] {scheduler_job.py:190} INFO - Processing /home/airflow/.local/lib/python3.6/site-packages/airflow/example_dags/tutorial_etl_dag.py took 0.359 seconds
[2023-08-08 23:17:04,640] {scheduler_job.py:182} INFO - Started process (PID=7109) to work on /home/airflow/.local/lib/python3.6/site-packages/airflow/example_dags/tutorial_etl_dag.py
[2023-08-08 23:17:04,660] {scheduler_job.py:633} INFO - Processing file /home/airflow/.local/lib/python3.6/site-packages/airflow/example_dags/tutorial_etl_dag.py for tasks to queue
[2023-08-08 23:17:04,668] {logging_mixin.py:104} INFO - [2023-08-08 23:17:04,667] {dagbag.py:496} INFO - Filling up the DagBag from /home/airflow/.local/lib/python3.6/site-packages/airflow/example_dags/tutorial_etl_dag.py
[2023-08-08 23:17:04,777] {scheduler_job.py:643} INFO - DAG(s) dict_keys(['tutorial_etl_dag']) retrieved from /home/airflow/.local/lib/python3.6/site-packages/airflow/example_dags/tutorial_etl_dag.py
[2023-08-08 23:17:04,908] {logging_mixin.py:104} INFO - [2023-08-08 23:17:04,907] {dag.py:1833} INFO - Sync 1 DAGs
[2023-08-08 23:17:05,010] {logging_mixin.py:104} INFO - [2023-08-08 23:17:05,010] {dag.py:2306} INFO - Setting next_dagrun for tutorial_etl_dag to None
[2023-08-08 23:17:05,086] {scheduler_job.py:190} INFO - Processing /home/airflow/.local/lib/python3.6/site-packages/airflow/example_dags/tutorial_etl_dag.py took 0.470 seconds
[2023-08-08 23:17:36,169] {scheduler_job.py:182} INFO - Started process (PID=7149) to work on /home/airflow/.local/lib/python3.6/site-packages/airflow/example_dags/tutorial_etl_dag.py
[2023-08-08 23:17:36,178] {scheduler_job.py:633} INFO - Processing file /home/airflow/.local/lib/python3.6/site-packages/airflow/example_dags/tutorial_etl_dag.py for tasks to queue
[2023-08-08 23:17:36,186] {logging_mixin.py:104} INFO - [2023-08-08 23:17:36,186] {dagbag.py:496} INFO - Filling up the DagBag from /home/airflow/.local/lib/python3.6/site-packages/airflow/example_dags/tutorial_etl_dag.py
[2023-08-08 23:17:36,240] {scheduler_job.py:643} INFO - DAG(s) dict_keys(['tutorial_etl_dag']) retrieved from /home/airflow/.local/lib/python3.6/site-packages/airflow/example_dags/tutorial_etl_dag.py
[2023-08-08 23:17:36,355] {logging_mixin.py:104} INFO - [2023-08-08 23:17:36,353] {dag.py:1833} INFO - Sync 1 DAGs
[2023-08-08 23:17:36,465] {logging_mixin.py:104} INFO - [2023-08-08 23:17:36,465] {dag.py:2306} INFO - Setting next_dagrun for tutorial_etl_dag to None
[2023-08-08 23:17:36,647] {scheduler_job.py:190} INFO - Processing /home/airflow/.local/lib/python3.6/site-packages/airflow/example_dags/tutorial_etl_dag.py took 0.493 seconds
[2023-08-08 23:18:07,225] {scheduler_job.py:182} INFO - Started process (PID=7200) to work on /home/airflow/.local/lib/python3.6/site-packages/airflow/example_dags/tutorial_etl_dag.py
[2023-08-08 23:18:07,229] {scheduler_job.py:633} INFO - Processing file /home/airflow/.local/lib/python3.6/site-packages/airflow/example_dags/tutorial_etl_dag.py for tasks to queue
[2023-08-08 23:18:07,233] {logging_mixin.py:104} INFO - [2023-08-08 23:18:07,232] {dagbag.py:496} INFO - Filling up the DagBag from /home/airflow/.local/lib/python3.6/site-packages/airflow/example_dags/tutorial_etl_dag.py
[2023-08-08 23:18:07,270] {scheduler_job.py:643} INFO - DAG(s) dict_keys(['tutorial_etl_dag']) retrieved from /home/airflow/.local/lib/python3.6/site-packages/airflow/example_dags/tutorial_etl_dag.py
[2023-08-08 23:18:07,322] {logging_mixin.py:104} INFO - [2023-08-08 23:18:07,322] {dag.py:1833} INFO - Sync 1 DAGs
[2023-08-08 23:18:07,359] {logging_mixin.py:104} INFO - [2023-08-08 23:18:07,358] {dag.py:2306} INFO - Setting next_dagrun for tutorial_etl_dag to None
[2023-08-08 23:18:07,384] {scheduler_job.py:190} INFO - Processing /home/airflow/.local/lib/python3.6/site-packages/airflow/example_dags/tutorial_etl_dag.py took 0.175 seconds
[2023-08-08 23:18:40,733] {scheduler_job.py:182} INFO - Started process (PID=7250) to work on /home/airflow/.local/lib/python3.6/site-packages/airflow/example_dags/tutorial_etl_dag.py
[2023-08-08 23:18:40,747] {scheduler_job.py:633} INFO - Processing file /home/airflow/.local/lib/python3.6/site-packages/airflow/example_dags/tutorial_etl_dag.py for tasks to queue
[2023-08-08 23:18:40,762] {logging_mixin.py:104} INFO - [2023-08-08 23:18:40,761] {dagbag.py:496} INFO - Filling up the DagBag from /home/airflow/.local/lib/python3.6/site-packages/airflow/example_dags/tutorial_etl_dag.py
[2023-08-08 23:18:40,931] {scheduler_job.py:643} INFO - DAG(s) dict_keys(['tutorial_etl_dag']) retrieved from /home/airflow/.local/lib/python3.6/site-packages/airflow/example_dags/tutorial_etl_dag.py
[2023-08-08 23:18:41,111] {logging_mixin.py:104} INFO - [2023-08-08 23:18:41,111] {dag.py:1833} INFO - Sync 1 DAGs
[2023-08-08 23:18:41,185] {logging_mixin.py:104} INFO - [2023-08-08 23:18:41,185] {dag.py:2306} INFO - Setting next_dagrun for tutorial_etl_dag to None
[2023-08-08 23:18:41,257] {scheduler_job.py:190} INFO - Processing /home/airflow/.local/lib/python3.6/site-packages/airflow/example_dags/tutorial_etl_dag.py took 0.558 seconds
[2023-08-08 23:19:11,498] {scheduler_job.py:182} INFO - Started process (PID=7302) to work on /home/airflow/.local/lib/python3.6/site-packages/airflow/example_dags/tutorial_etl_dag.py
[2023-08-08 23:19:11,506] {scheduler_job.py:633} INFO - Processing file /home/airflow/.local/lib/python3.6/site-packages/airflow/example_dags/tutorial_etl_dag.py for tasks to queue
[2023-08-08 23:19:11,534] {logging_mixin.py:104} INFO - [2023-08-08 23:19:11,529] {dagbag.py:496} INFO - Filling up the DagBag from /home/airflow/.local/lib/python3.6/site-packages/airflow/example_dags/tutorial_etl_dag.py
[2023-08-08 23:19:11,614] {scheduler_job.py:643} INFO - DAG(s) dict_keys(['tutorial_etl_dag']) retrieved from /home/airflow/.local/lib/python3.6/site-packages/airflow/example_dags/tutorial_etl_dag.py
[2023-08-08 23:19:11,753] {logging_mixin.py:104} INFO - [2023-08-08 23:19:11,753] {dag.py:1833} INFO - Sync 1 DAGs
[2023-08-08 23:19:11,860] {logging_mixin.py:104} INFO - [2023-08-08 23:19:11,860] {dag.py:2306} INFO - Setting next_dagrun for tutorial_etl_dag to None
[2023-08-08 23:19:11,938] {scheduler_job.py:190} INFO - Processing /home/airflow/.local/lib/python3.6/site-packages/airflow/example_dags/tutorial_etl_dag.py took 0.463 seconds
[2023-08-08 23:19:42,828] {scheduler_job.py:182} INFO - Started process (PID=7350) to work on /home/airflow/.local/lib/python3.6/site-packages/airflow/example_dags/tutorial_etl_dag.py
[2023-08-08 23:19:42,842] {scheduler_job.py:633} INFO - Processing file /home/airflow/.local/lib/python3.6/site-packages/airflow/example_dags/tutorial_etl_dag.py for tasks to queue
[2023-08-08 23:19:42,868] {logging_mixin.py:104} INFO - [2023-08-08 23:19:42,856] {dagbag.py:496} INFO - Filling up the DagBag from /home/airflow/.local/lib/python3.6/site-packages/airflow/example_dags/tutorial_etl_dag.py
[2023-08-08 23:19:42,986] {scheduler_job.py:643} INFO - DAG(s) dict_keys(['tutorial_etl_dag']) retrieved from /home/airflow/.local/lib/python3.6/site-packages/airflow/example_dags/tutorial_etl_dag.py
[2023-08-08 23:19:43,123] {logging_mixin.py:104} INFO - [2023-08-08 23:19:43,123] {dag.py:1833} INFO - Sync 1 DAGs
[2023-08-08 23:19:43,194] {logging_mixin.py:104} INFO - [2023-08-08 23:19:43,194] {dag.py:2306} INFO - Setting next_dagrun for tutorial_etl_dag to None
[2023-08-08 23:19:43,249] {scheduler_job.py:190} INFO - Processing /home/airflow/.local/lib/python3.6/site-packages/airflow/example_dags/tutorial_etl_dag.py took 0.460 seconds
