[2023-08-08 22:59:49,191] {scheduler_job.py:182} INFO - Started process (PID=5441) to work on /home/airflow/.local/lib/python3.6/site-packages/airflow/example_dags/tutorial_taskflow_api_etl.py
[2023-08-08 22:59:49,206] {scheduler_job.py:633} INFO - Processing file /home/airflow/.local/lib/python3.6/site-packages/airflow/example_dags/tutorial_taskflow_api_etl.py for tasks to queue
[2023-08-08 22:59:49,219] {logging_mixin.py:104} INFO - [2023-08-08 22:59:49,209] {dagbag.py:496} INFO - Filling up the DagBag from /home/airflow/.local/lib/python3.6/site-packages/airflow/example_dags/tutorial_taskflow_api_etl.py
[2023-08-08 22:59:49,382] {scheduler_job.py:643} INFO - DAG(s) dict_keys(['tutorial_taskflow_api_etl']) retrieved from /home/airflow/.local/lib/python3.6/site-packages/airflow/example_dags/tutorial_taskflow_api_etl.py
[2023-08-08 22:59:50,929] {logging_mixin.py:104} INFO - [2023-08-08 22:59:50,929] {dag.py:1833} INFO - Sync 1 DAGs
[2023-08-08 22:59:51,025] {logging_mixin.py:104} INFO - [2023-08-08 22:59:51,025] {dag.py:2306} INFO - Setting next_dagrun for tutorial_taskflow_api_etl to None
[2023-08-08 22:59:51,675] {scheduler_job.py:190} INFO - Processing /home/airflow/.local/lib/python3.6/site-packages/airflow/example_dags/tutorial_taskflow_api_etl.py took 2.510 seconds
[2023-08-08 23:00:21,974] {scheduler_job.py:182} INFO - Started process (PID=5488) to work on /home/airflow/.local/lib/python3.6/site-packages/airflow/example_dags/tutorial_taskflow_api_etl.py
[2023-08-08 23:00:21,976] {scheduler_job.py:633} INFO - Processing file /home/airflow/.local/lib/python3.6/site-packages/airflow/example_dags/tutorial_taskflow_api_etl.py for tasks to queue
[2023-08-08 23:00:21,978] {logging_mixin.py:104} INFO - [2023-08-08 23:00:21,978] {dagbag.py:496} INFO - Filling up the DagBag from /home/airflow/.local/lib/python3.6/site-packages/airflow/example_dags/tutorial_taskflow_api_etl.py
[2023-08-08 23:00:22,022] {scheduler_job.py:643} INFO - DAG(s) dict_keys(['tutorial_taskflow_api_etl']) retrieved from /home/airflow/.local/lib/python3.6/site-packages/airflow/example_dags/tutorial_taskflow_api_etl.py
[2023-08-08 23:00:22,432] {logging_mixin.py:104} INFO - [2023-08-08 23:00:22,432] {dag.py:1833} INFO - Sync 1 DAGs
[2023-08-08 23:00:22,457] {logging_mixin.py:104} INFO - [2023-08-08 23:00:22,457] {dag.py:2306} INFO - Setting next_dagrun for tutorial_taskflow_api_etl to None
[2023-08-08 23:00:22,486] {scheduler_job.py:190} INFO - Processing /home/airflow/.local/lib/python3.6/site-packages/airflow/example_dags/tutorial_taskflow_api_etl.py took 0.517 seconds
[2023-08-08 23:00:53,457] {scheduler_job.py:182} INFO - Started process (PID=5545) to work on /home/airflow/.local/lib/python3.6/site-packages/airflow/example_dags/tutorial_taskflow_api_etl.py
[2023-08-08 23:00:53,460] {scheduler_job.py:633} INFO - Processing file /home/airflow/.local/lib/python3.6/site-packages/airflow/example_dags/tutorial_taskflow_api_etl.py for tasks to queue
[2023-08-08 23:00:53,463] {logging_mixin.py:104} INFO - [2023-08-08 23:00:53,462] {dagbag.py:496} INFO - Filling up the DagBag from /home/airflow/.local/lib/python3.6/site-packages/airflow/example_dags/tutorial_taskflow_api_etl.py
[2023-08-08 23:00:53,493] {scheduler_job.py:643} INFO - DAG(s) dict_keys(['tutorial_taskflow_api_etl']) retrieved from /home/airflow/.local/lib/python3.6/site-packages/airflow/example_dags/tutorial_taskflow_api_etl.py
[2023-08-08 23:00:53,766] {logging_mixin.py:104} INFO - [2023-08-08 23:00:53,766] {dag.py:1833} INFO - Sync 1 DAGs
[2023-08-08 23:00:53,783] {logging_mixin.py:104} INFO - [2023-08-08 23:00:53,783] {dag.py:2306} INFO - Setting next_dagrun for tutorial_taskflow_api_etl to None
[2023-08-08 23:00:53,801] {scheduler_job.py:190} INFO - Processing /home/airflow/.local/lib/python3.6/site-packages/airflow/example_dags/tutorial_taskflow_api_etl.py took 0.348 seconds
[2023-08-08 23:01:24,432] {scheduler_job.py:182} INFO - Started process (PID=5594) to work on /home/airflow/.local/lib/python3.6/site-packages/airflow/example_dags/tutorial_taskflow_api_etl.py
[2023-08-08 23:01:24,437] {scheduler_job.py:633} INFO - Processing file /home/airflow/.local/lib/python3.6/site-packages/airflow/example_dags/tutorial_taskflow_api_etl.py for tasks to queue
[2023-08-08 23:01:24,442] {logging_mixin.py:104} INFO - [2023-08-08 23:01:24,441] {dagbag.py:496} INFO - Filling up the DagBag from /home/airflow/.local/lib/python3.6/site-packages/airflow/example_dags/tutorial_taskflow_api_etl.py
[2023-08-08 23:01:24,480] {scheduler_job.py:643} INFO - DAG(s) dict_keys(['tutorial_taskflow_api_etl']) retrieved from /home/airflow/.local/lib/python3.6/site-packages/airflow/example_dags/tutorial_taskflow_api_etl.py
[2023-08-08 23:01:24,914] {logging_mixin.py:104} INFO - [2023-08-08 23:01:24,914] {dag.py:1833} INFO - Sync 1 DAGs
[2023-08-08 23:01:24,930] {logging_mixin.py:104} INFO - [2023-08-08 23:01:24,930] {dag.py:2306} INFO - Setting next_dagrun for tutorial_taskflow_api_etl to None
[2023-08-08 23:01:24,948] {scheduler_job.py:190} INFO - Processing /home/airflow/.local/lib/python3.6/site-packages/airflow/example_dags/tutorial_taskflow_api_etl.py took 0.532 seconds
[2023-08-08 23:01:55,000] {scheduler_job.py:182} INFO - Started process (PID=5645) to work on /home/airflow/.local/lib/python3.6/site-packages/airflow/example_dags/tutorial_taskflow_api_etl.py
[2023-08-08 23:01:55,006] {scheduler_job.py:633} INFO - Processing file /home/airflow/.local/lib/python3.6/site-packages/airflow/example_dags/tutorial_taskflow_api_etl.py for tasks to queue
[2023-08-08 23:01:55,010] {logging_mixin.py:104} INFO - [2023-08-08 23:01:55,010] {dagbag.py:496} INFO - Filling up the DagBag from /home/airflow/.local/lib/python3.6/site-packages/airflow/example_dags/tutorial_taskflow_api_etl.py
[2023-08-08 23:01:55,050] {scheduler_job.py:643} INFO - DAG(s) dict_keys(['tutorial_taskflow_api_etl']) retrieved from /home/airflow/.local/lib/python3.6/site-packages/airflow/example_dags/tutorial_taskflow_api_etl.py
[2023-08-08 23:01:55,379] {logging_mixin.py:104} INFO - [2023-08-08 23:01:55,379] {dag.py:1833} INFO - Sync 1 DAGs
[2023-08-08 23:01:55,394] {logging_mixin.py:104} INFO - [2023-08-08 23:01:55,394] {dag.py:2306} INFO - Setting next_dagrun for tutorial_taskflow_api_etl to None
[2023-08-08 23:01:55,413] {scheduler_job.py:190} INFO - Processing /home/airflow/.local/lib/python3.6/site-packages/airflow/example_dags/tutorial_taskflow_api_etl.py took 0.426 seconds
[2023-08-08 23:02:26,193] {scheduler_job.py:182} INFO - Started process (PID=5697) to work on /home/airflow/.local/lib/python3.6/site-packages/airflow/example_dags/tutorial_taskflow_api_etl.py
[2023-08-08 23:02:26,198] {scheduler_job.py:633} INFO - Processing file /home/airflow/.local/lib/python3.6/site-packages/airflow/example_dags/tutorial_taskflow_api_etl.py for tasks to queue
[2023-08-08 23:02:26,200] {logging_mixin.py:104} INFO - [2023-08-08 23:02:26,199] {dagbag.py:496} INFO - Filling up the DagBag from /home/airflow/.local/lib/python3.6/site-packages/airflow/example_dags/tutorial_taskflow_api_etl.py
[2023-08-08 23:02:26,240] {scheduler_job.py:643} INFO - DAG(s) dict_keys(['tutorial_taskflow_api_etl']) retrieved from /home/airflow/.local/lib/python3.6/site-packages/airflow/example_dags/tutorial_taskflow_api_etl.py
[2023-08-08 23:02:26,522] {logging_mixin.py:104} INFO - [2023-08-08 23:02:26,522] {dag.py:1833} INFO - Sync 1 DAGs
[2023-08-08 23:02:26,536] {logging_mixin.py:104} INFO - [2023-08-08 23:02:26,536] {dag.py:2306} INFO - Setting next_dagrun for tutorial_taskflow_api_etl to None
[2023-08-08 23:02:26,552] {scheduler_job.py:190} INFO - Processing /home/airflow/.local/lib/python3.6/site-packages/airflow/example_dags/tutorial_taskflow_api_etl.py took 0.366 seconds
[2023-08-08 23:02:57,131] {scheduler_job.py:182} INFO - Started process (PID=5748) to work on /home/airflow/.local/lib/python3.6/site-packages/airflow/example_dags/tutorial_taskflow_api_etl.py
[2023-08-08 23:02:57,136] {scheduler_job.py:633} INFO - Processing file /home/airflow/.local/lib/python3.6/site-packages/airflow/example_dags/tutorial_taskflow_api_etl.py for tasks to queue
[2023-08-08 23:02:57,139] {logging_mixin.py:104} INFO - [2023-08-08 23:02:57,139] {dagbag.py:496} INFO - Filling up the DagBag from /home/airflow/.local/lib/python3.6/site-packages/airflow/example_dags/tutorial_taskflow_api_etl.py
[2023-08-08 23:02:57,203] {scheduler_job.py:643} INFO - DAG(s) dict_keys(['tutorial_taskflow_api_etl']) retrieved from /home/airflow/.local/lib/python3.6/site-packages/airflow/example_dags/tutorial_taskflow_api_etl.py
[2023-08-08 23:02:57,774] {logging_mixin.py:104} INFO - [2023-08-08 23:02:57,774] {dag.py:1833} INFO - Sync 1 DAGs
[2023-08-08 23:02:57,803] {logging_mixin.py:104} INFO - [2023-08-08 23:02:57,803] {dag.py:2306} INFO - Setting next_dagrun for tutorial_taskflow_api_etl to None
[2023-08-08 23:02:57,850] {scheduler_job.py:190} INFO - Processing /home/airflow/.local/lib/python3.6/site-packages/airflow/example_dags/tutorial_taskflow_api_etl.py took 0.725 seconds
[2023-08-08 23:03:28,603] {scheduler_job.py:182} INFO - Started process (PID=5811) to work on /home/airflow/.local/lib/python3.6/site-packages/airflow/example_dags/tutorial_taskflow_api_etl.py
[2023-08-08 23:03:28,614] {scheduler_job.py:633} INFO - Processing file /home/airflow/.local/lib/python3.6/site-packages/airflow/example_dags/tutorial_taskflow_api_etl.py for tasks to queue
[2023-08-08 23:03:28,620] {logging_mixin.py:104} INFO - [2023-08-08 23:03:28,617] {dagbag.py:496} INFO - Filling up the DagBag from /home/airflow/.local/lib/python3.6/site-packages/airflow/example_dags/tutorial_taskflow_api_etl.py
[2023-08-08 23:03:28,716] {scheduler_job.py:643} INFO - DAG(s) dict_keys(['tutorial_taskflow_api_etl']) retrieved from /home/airflow/.local/lib/python3.6/site-packages/airflow/example_dags/tutorial_taskflow_api_etl.py
[2023-08-08 23:03:29,503] {logging_mixin.py:104} INFO - [2023-08-08 23:03:29,502] {dag.py:1833} INFO - Sync 1 DAGs
[2023-08-08 23:03:29,560] {logging_mixin.py:104} INFO - [2023-08-08 23:03:29,559] {dag.py:2306} INFO - Setting next_dagrun for tutorial_taskflow_api_etl to None
[2023-08-08 23:03:29,618] {scheduler_job.py:190} INFO - Processing /home/airflow/.local/lib/python3.6/site-packages/airflow/example_dags/tutorial_taskflow_api_etl.py took 1.028 seconds
[2023-08-08 23:04:00,293] {scheduler_job.py:182} INFO - Started process (PID=5864) to work on /home/airflow/.local/lib/python3.6/site-packages/airflow/example_dags/tutorial_taskflow_api_etl.py
[2023-08-08 23:04:00,312] {scheduler_job.py:633} INFO - Processing file /home/airflow/.local/lib/python3.6/site-packages/airflow/example_dags/tutorial_taskflow_api_etl.py for tasks to queue
[2023-08-08 23:04:00,324] {logging_mixin.py:104} INFO - [2023-08-08 23:04:00,324] {dagbag.py:496} INFO - Filling up the DagBag from /home/airflow/.local/lib/python3.6/site-packages/airflow/example_dags/tutorial_taskflow_api_etl.py
[2023-08-08 23:04:00,422] {scheduler_job.py:643} INFO - DAG(s) dict_keys(['tutorial_taskflow_api_etl']) retrieved from /home/airflow/.local/lib/python3.6/site-packages/airflow/example_dags/tutorial_taskflow_api_etl.py
[2023-08-08 23:04:01,389] {logging_mixin.py:104} INFO - [2023-08-08 23:04:01,389] {dag.py:1833} INFO - Sync 1 DAGs
[2023-08-08 23:04:01,417] {logging_mixin.py:104} INFO - [2023-08-08 23:04:01,417] {dag.py:2306} INFO - Setting next_dagrun for tutorial_taskflow_api_etl to None
[2023-08-08 23:04:01,444] {scheduler_job.py:190} INFO - Processing /home/airflow/.local/lib/python3.6/site-packages/airflow/example_dags/tutorial_taskflow_api_etl.py took 1.180 seconds
[2023-08-08 23:04:32,209] {scheduler_job.py:182} INFO - Started process (PID=5916) to work on /home/airflow/.local/lib/python3.6/site-packages/airflow/example_dags/tutorial_taskflow_api_etl.py
[2023-08-08 23:04:32,217] {scheduler_job.py:633} INFO - Processing file /home/airflow/.local/lib/python3.6/site-packages/airflow/example_dags/tutorial_taskflow_api_etl.py for tasks to queue
[2023-08-08 23:04:32,224] {logging_mixin.py:104} INFO - [2023-08-08 23:04:32,224] {dagbag.py:496} INFO - Filling up the DagBag from /home/airflow/.local/lib/python3.6/site-packages/airflow/example_dags/tutorial_taskflow_api_etl.py
[2023-08-08 23:04:32,298] {scheduler_job.py:643} INFO - DAG(s) dict_keys(['tutorial_taskflow_api_etl']) retrieved from /home/airflow/.local/lib/python3.6/site-packages/airflow/example_dags/tutorial_taskflow_api_etl.py
[2023-08-08 23:04:32,906] {logging_mixin.py:104} INFO - [2023-08-08 23:04:32,906] {dag.py:1833} INFO - Sync 1 DAGs
[2023-08-08 23:04:32,938] {logging_mixin.py:104} INFO - [2023-08-08 23:04:32,938] {dag.py:2306} INFO - Setting next_dagrun for tutorial_taskflow_api_etl to None
[2023-08-08 23:04:32,990] {scheduler_job.py:190} INFO - Processing /home/airflow/.local/lib/python3.6/site-packages/airflow/example_dags/tutorial_taskflow_api_etl.py took 0.799 seconds
[2023-08-08 23:05:03,170] {scheduler_job.py:182} INFO - Started process (PID=5968) to work on /home/airflow/.local/lib/python3.6/site-packages/airflow/example_dags/tutorial_taskflow_api_etl.py
[2023-08-08 23:05:03,175] {scheduler_job.py:633} INFO - Processing file /home/airflow/.local/lib/python3.6/site-packages/airflow/example_dags/tutorial_taskflow_api_etl.py for tasks to queue
[2023-08-08 23:05:03,182] {logging_mixin.py:104} INFO - [2023-08-08 23:05:03,182] {dagbag.py:496} INFO - Filling up the DagBag from /home/airflow/.local/lib/python3.6/site-packages/airflow/example_dags/tutorial_taskflow_api_etl.py
[2023-08-08 23:05:03,251] {scheduler_job.py:643} INFO - DAG(s) dict_keys(['tutorial_taskflow_api_etl']) retrieved from /home/airflow/.local/lib/python3.6/site-packages/airflow/example_dags/tutorial_taskflow_api_etl.py
[2023-08-08 23:05:03,842] {logging_mixin.py:104} INFO - [2023-08-08 23:05:03,842] {dag.py:1833} INFO - Sync 1 DAGs
[2023-08-08 23:05:03,883] {logging_mixin.py:104} INFO - [2023-08-08 23:05:03,883] {dag.py:2306} INFO - Setting next_dagrun for tutorial_taskflow_api_etl to None
[2023-08-08 23:05:03,950] {scheduler_job.py:190} INFO - Processing /home/airflow/.local/lib/python3.6/site-packages/airflow/example_dags/tutorial_taskflow_api_etl.py took 0.790 seconds
[2023-08-08 23:05:34,341] {scheduler_job.py:182} INFO - Started process (PID=6020) to work on /home/airflow/.local/lib/python3.6/site-packages/airflow/example_dags/tutorial_taskflow_api_etl.py
[2023-08-08 23:05:34,352] {scheduler_job.py:633} INFO - Processing file /home/airflow/.local/lib/python3.6/site-packages/airflow/example_dags/tutorial_taskflow_api_etl.py for tasks to queue
[2023-08-08 23:05:34,357] {logging_mixin.py:104} INFO - [2023-08-08 23:05:34,356] {dagbag.py:496} INFO - Filling up the DagBag from /home/airflow/.local/lib/python3.6/site-packages/airflow/example_dags/tutorial_taskflow_api_etl.py
[2023-08-08 23:05:34,440] {scheduler_job.py:643} INFO - DAG(s) dict_keys(['tutorial_taskflow_api_etl']) retrieved from /home/airflow/.local/lib/python3.6/site-packages/airflow/example_dags/tutorial_taskflow_api_etl.py
[2023-08-08 23:05:35,060] {logging_mixin.py:104} INFO - [2023-08-08 23:05:35,060] {dag.py:1833} INFO - Sync 1 DAGs
[2023-08-08 23:05:35,086] {logging_mixin.py:104} INFO - [2023-08-08 23:05:35,086] {dag.py:2306} INFO - Setting next_dagrun for tutorial_taskflow_api_etl to None
[2023-08-08 23:05:35,122] {scheduler_job.py:190} INFO - Processing /home/airflow/.local/lib/python3.6/site-packages/airflow/example_dags/tutorial_taskflow_api_etl.py took 0.802 seconds
[2023-08-08 23:06:05,665] {scheduler_job.py:182} INFO - Started process (PID=6070) to work on /home/airflow/.local/lib/python3.6/site-packages/airflow/example_dags/tutorial_taskflow_api_etl.py
[2023-08-08 23:06:05,674] {scheduler_job.py:633} INFO - Processing file /home/airflow/.local/lib/python3.6/site-packages/airflow/example_dags/tutorial_taskflow_api_etl.py for tasks to queue
[2023-08-08 23:06:05,679] {logging_mixin.py:104} INFO - [2023-08-08 23:06:05,679] {dagbag.py:496} INFO - Filling up the DagBag from /home/airflow/.local/lib/python3.6/site-packages/airflow/example_dags/tutorial_taskflow_api_etl.py
[2023-08-08 23:06:05,845] {scheduler_job.py:643} INFO - DAG(s) dict_keys(['tutorial_taskflow_api_etl']) retrieved from /home/airflow/.local/lib/python3.6/site-packages/airflow/example_dags/tutorial_taskflow_api_etl.py
[2023-08-08 23:06:07,073] {logging_mixin.py:104} INFO - [2023-08-08 23:06:07,073] {dag.py:1833} INFO - Sync 1 DAGs
[2023-08-08 23:06:07,104] {logging_mixin.py:104} INFO - [2023-08-08 23:06:07,104] {dag.py:2306} INFO - Setting next_dagrun for tutorial_taskflow_api_etl to None
[2023-08-08 23:06:07,149] {scheduler_job.py:190} INFO - Processing /home/airflow/.local/lib/python3.6/site-packages/airflow/example_dags/tutorial_taskflow_api_etl.py took 1.506 seconds
[2023-08-08 23:06:37,305] {scheduler_job.py:182} INFO - Started process (PID=6123) to work on /home/airflow/.local/lib/python3.6/site-packages/airflow/example_dags/tutorial_taskflow_api_etl.py
[2023-08-08 23:06:37,319] {scheduler_job.py:633} INFO - Processing file /home/airflow/.local/lib/python3.6/site-packages/airflow/example_dags/tutorial_taskflow_api_etl.py for tasks to queue
[2023-08-08 23:06:37,336] {logging_mixin.py:104} INFO - [2023-08-08 23:06:37,332] {dagbag.py:496} INFO - Filling up the DagBag from /home/airflow/.local/lib/python3.6/site-packages/airflow/example_dags/tutorial_taskflow_api_etl.py
[2023-08-08 23:06:37,509] {scheduler_job.py:643} INFO - DAG(s) dict_keys(['tutorial_taskflow_api_etl']) retrieved from /home/airflow/.local/lib/python3.6/site-packages/airflow/example_dags/tutorial_taskflow_api_etl.py
[2023-08-08 23:06:38,823] {logging_mixin.py:104} INFO - [2023-08-08 23:06:38,823] {dag.py:1833} INFO - Sync 1 DAGs
[2023-08-08 23:06:38,863] {logging_mixin.py:104} INFO - [2023-08-08 23:06:38,863] {dag.py:2306} INFO - Setting next_dagrun for tutorial_taskflow_api_etl to None
[2023-08-08 23:06:38,940] {scheduler_job.py:190} INFO - Processing /home/airflow/.local/lib/python3.6/site-packages/airflow/example_dags/tutorial_taskflow_api_etl.py took 1.666 seconds
[2023-08-08 23:07:09,676] {scheduler_job.py:182} INFO - Started process (PID=6171) to work on /home/airflow/.local/lib/python3.6/site-packages/airflow/example_dags/tutorial_taskflow_api_etl.py
[2023-08-08 23:07:09,704] {scheduler_job.py:633} INFO - Processing file /home/airflow/.local/lib/python3.6/site-packages/airflow/example_dags/tutorial_taskflow_api_etl.py for tasks to queue
[2023-08-08 23:07:09,708] {logging_mixin.py:104} INFO - [2023-08-08 23:07:09,708] {dagbag.py:496} INFO - Filling up the DagBag from /home/airflow/.local/lib/python3.6/site-packages/airflow/example_dags/tutorial_taskflow_api_etl.py
[2023-08-08 23:07:09,807] {scheduler_job.py:643} INFO - DAG(s) dict_keys(['tutorial_taskflow_api_etl']) retrieved from /home/airflow/.local/lib/python3.6/site-packages/airflow/example_dags/tutorial_taskflow_api_etl.py
[2023-08-08 23:07:11,293] {logging_mixin.py:104} INFO - [2023-08-08 23:07:11,292] {dag.py:1833} INFO - Sync 1 DAGs
[2023-08-08 23:07:11,392] {logging_mixin.py:104} INFO - [2023-08-08 23:07:11,392] {dag.py:2306} INFO - Setting next_dagrun for tutorial_taskflow_api_etl to None
[2023-08-08 23:07:11,457] {scheduler_job.py:190} INFO - Processing /home/airflow/.local/lib/python3.6/site-packages/airflow/example_dags/tutorial_taskflow_api_etl.py took 1.808 seconds
[2023-08-08 23:07:41,990] {scheduler_job.py:182} INFO - Started process (PID=6225) to work on /home/airflow/.local/lib/python3.6/site-packages/airflow/example_dags/tutorial_taskflow_api_etl.py
[2023-08-08 23:07:41,997] {scheduler_job.py:633} INFO - Processing file /home/airflow/.local/lib/python3.6/site-packages/airflow/example_dags/tutorial_taskflow_api_etl.py for tasks to queue
[2023-08-08 23:07:42,011] {logging_mixin.py:104} INFO - [2023-08-08 23:07:42,011] {dagbag.py:496} INFO - Filling up the DagBag from /home/airflow/.local/lib/python3.6/site-packages/airflow/example_dags/tutorial_taskflow_api_etl.py
[2023-08-08 23:07:42,181] {scheduler_job.py:643} INFO - DAG(s) dict_keys(['tutorial_taskflow_api_etl']) retrieved from /home/airflow/.local/lib/python3.6/site-packages/airflow/example_dags/tutorial_taskflow_api_etl.py
[2023-08-08 23:07:43,968] {logging_mixin.py:104} INFO - [2023-08-08 23:07:43,968] {dag.py:1833} INFO - Sync 1 DAGs
[2023-08-08 23:07:44,060] {logging_mixin.py:104} INFO - [2023-08-08 23:07:44,060] {dag.py:2306} INFO - Setting next_dagrun for tutorial_taskflow_api_etl to None
[2023-08-08 23:07:44,131] {scheduler_job.py:190} INFO - Processing /home/airflow/.local/lib/python3.6/site-packages/airflow/example_dags/tutorial_taskflow_api_etl.py took 2.183 seconds
[2023-08-08 23:08:14,758] {scheduler_job.py:182} INFO - Started process (PID=6277) to work on /home/airflow/.local/lib/python3.6/site-packages/airflow/example_dags/tutorial_taskflow_api_etl.py
[2023-08-08 23:08:14,766] {scheduler_job.py:633} INFO - Processing file /home/airflow/.local/lib/python3.6/site-packages/airflow/example_dags/tutorial_taskflow_api_etl.py for tasks to queue
[2023-08-08 23:08:14,768] {logging_mixin.py:104} INFO - [2023-08-08 23:08:14,767] {dagbag.py:496} INFO - Filling up the DagBag from /home/airflow/.local/lib/python3.6/site-packages/airflow/example_dags/tutorial_taskflow_api_etl.py
[2023-08-08 23:08:14,849] {scheduler_job.py:643} INFO - DAG(s) dict_keys(['tutorial_taskflow_api_etl']) retrieved from /home/airflow/.local/lib/python3.6/site-packages/airflow/example_dags/tutorial_taskflow_api_etl.py
[2023-08-08 23:08:15,514] {logging_mixin.py:104} INFO - [2023-08-08 23:08:15,514] {dag.py:1833} INFO - Sync 1 DAGs
[2023-08-08 23:08:15,533] {logging_mixin.py:104} INFO - [2023-08-08 23:08:15,533] {dag.py:2306} INFO - Setting next_dagrun for tutorial_taskflow_api_etl to None
[2023-08-08 23:08:15,554] {scheduler_job.py:190} INFO - Processing /home/airflow/.local/lib/python3.6/site-packages/airflow/example_dags/tutorial_taskflow_api_etl.py took 0.806 seconds
[2023-08-08 23:08:45,663] {scheduler_job.py:182} INFO - Started process (PID=6330) to work on /home/airflow/.local/lib/python3.6/site-packages/airflow/example_dags/tutorial_taskflow_api_etl.py
[2023-08-08 23:08:45,670] {scheduler_job.py:633} INFO - Processing file /home/airflow/.local/lib/python3.6/site-packages/airflow/example_dags/tutorial_taskflow_api_etl.py for tasks to queue
[2023-08-08 23:08:45,675] {logging_mixin.py:104} INFO - [2023-08-08 23:08:45,674] {dagbag.py:496} INFO - Filling up the DagBag from /home/airflow/.local/lib/python3.6/site-packages/airflow/example_dags/tutorial_taskflow_api_etl.py
[2023-08-08 23:08:45,727] {scheduler_job.py:643} INFO - DAG(s) dict_keys(['tutorial_taskflow_api_etl']) retrieved from /home/airflow/.local/lib/python3.6/site-packages/airflow/example_dags/tutorial_taskflow_api_etl.py
[2023-08-08 23:08:46,389] {logging_mixin.py:104} INFO - [2023-08-08 23:08:46,389] {dag.py:1833} INFO - Sync 1 DAGs
[2023-08-08 23:08:46,463] {logging_mixin.py:104} INFO - [2023-08-08 23:08:46,463] {dag.py:2306} INFO - Setting next_dagrun for tutorial_taskflow_api_etl to None
[2023-08-08 23:08:46,504] {scheduler_job.py:190} INFO - Processing /home/airflow/.local/lib/python3.6/site-packages/airflow/example_dags/tutorial_taskflow_api_etl.py took 0.858 seconds
[2023-08-08 23:09:16,846] {scheduler_job.py:182} INFO - Started process (PID=6372) to work on /home/airflow/.local/lib/python3.6/site-packages/airflow/example_dags/tutorial_taskflow_api_etl.py
[2023-08-08 23:09:16,853] {scheduler_job.py:633} INFO - Processing file /home/airflow/.local/lib/python3.6/site-packages/airflow/example_dags/tutorial_taskflow_api_etl.py for tasks to queue
[2023-08-08 23:09:16,856] {logging_mixin.py:104} INFO - [2023-08-08 23:09:16,855] {dagbag.py:496} INFO - Filling up the DagBag from /home/airflow/.local/lib/python3.6/site-packages/airflow/example_dags/tutorial_taskflow_api_etl.py
[2023-08-08 23:09:16,906] {scheduler_job.py:643} INFO - DAG(s) dict_keys(['tutorial_taskflow_api_etl']) retrieved from /home/airflow/.local/lib/python3.6/site-packages/airflow/example_dags/tutorial_taskflow_api_etl.py
[2023-08-08 23:09:17,531] {logging_mixin.py:104} INFO - [2023-08-08 23:09:17,530] {dag.py:1833} INFO - Sync 1 DAGs
[2023-08-08 23:09:17,558] {logging_mixin.py:104} INFO - [2023-08-08 23:09:17,558] {dag.py:2306} INFO - Setting next_dagrun for tutorial_taskflow_api_etl to None
[2023-08-08 23:09:17,601] {scheduler_job.py:190} INFO - Processing /home/airflow/.local/lib/python3.6/site-packages/airflow/example_dags/tutorial_taskflow_api_etl.py took 0.764 seconds
[2023-08-08 23:09:48,262] {scheduler_job.py:182} INFO - Started process (PID=6424) to work on /home/airflow/.local/lib/python3.6/site-packages/airflow/example_dags/tutorial_taskflow_api_etl.py
[2023-08-08 23:09:48,266] {scheduler_job.py:633} INFO - Processing file /home/airflow/.local/lib/python3.6/site-packages/airflow/example_dags/tutorial_taskflow_api_etl.py for tasks to queue
[2023-08-08 23:09:48,272] {logging_mixin.py:104} INFO - [2023-08-08 23:09:48,270] {dagbag.py:496} INFO - Filling up the DagBag from /home/airflow/.local/lib/python3.6/site-packages/airflow/example_dags/tutorial_taskflow_api_etl.py
[2023-08-08 23:09:48,311] {scheduler_job.py:643} INFO - DAG(s) dict_keys(['tutorial_taskflow_api_etl']) retrieved from /home/airflow/.local/lib/python3.6/site-packages/airflow/example_dags/tutorial_taskflow_api_etl.py
[2023-08-08 23:09:48,874] {logging_mixin.py:104} INFO - [2023-08-08 23:09:48,874] {dag.py:1833} INFO - Sync 1 DAGs
[2023-08-08 23:09:48,906] {logging_mixin.py:104} INFO - [2023-08-08 23:09:48,905] {dag.py:2306} INFO - Setting next_dagrun for tutorial_taskflow_api_etl to None
[2023-08-08 23:09:48,934] {scheduler_job.py:190} INFO - Processing /home/airflow/.local/lib/python3.6/site-packages/airflow/example_dags/tutorial_taskflow_api_etl.py took 0.680 seconds
[2023-08-08 23:10:19,237] {scheduler_job.py:182} INFO - Started process (PID=6475) to work on /home/airflow/.local/lib/python3.6/site-packages/airflow/example_dags/tutorial_taskflow_api_etl.py
[2023-08-08 23:10:19,240] {scheduler_job.py:633} INFO - Processing file /home/airflow/.local/lib/python3.6/site-packages/airflow/example_dags/tutorial_taskflow_api_etl.py for tasks to queue
[2023-08-08 23:10:19,243] {logging_mixin.py:104} INFO - [2023-08-08 23:10:19,243] {dagbag.py:496} INFO - Filling up the DagBag from /home/airflow/.local/lib/python3.6/site-packages/airflow/example_dags/tutorial_taskflow_api_etl.py
[2023-08-08 23:10:19,273] {scheduler_job.py:643} INFO - DAG(s) dict_keys(['tutorial_taskflow_api_etl']) retrieved from /home/airflow/.local/lib/python3.6/site-packages/airflow/example_dags/tutorial_taskflow_api_etl.py
[2023-08-08 23:10:19,754] {logging_mixin.py:104} INFO - [2023-08-08 23:10:19,754] {dag.py:1833} INFO - Sync 1 DAGs
[2023-08-08 23:10:19,786] {logging_mixin.py:104} INFO - [2023-08-08 23:10:19,786] {dag.py:2306} INFO - Setting next_dagrun for tutorial_taskflow_api_etl to None
[2023-08-08 23:10:19,824] {scheduler_job.py:190} INFO - Processing /home/airflow/.local/lib/python3.6/site-packages/airflow/example_dags/tutorial_taskflow_api_etl.py took 0.595 seconds
[2023-08-08 23:10:50,585] {scheduler_job.py:182} INFO - Started process (PID=6525) to work on /home/airflow/.local/lib/python3.6/site-packages/airflow/example_dags/tutorial_taskflow_api_etl.py
[2023-08-08 23:10:50,590] {scheduler_job.py:633} INFO - Processing file /home/airflow/.local/lib/python3.6/site-packages/airflow/example_dags/tutorial_taskflow_api_etl.py for tasks to queue
[2023-08-08 23:10:50,593] {logging_mixin.py:104} INFO - [2023-08-08 23:10:50,593] {dagbag.py:496} INFO - Filling up the DagBag from /home/airflow/.local/lib/python3.6/site-packages/airflow/example_dags/tutorial_taskflow_api_etl.py
[2023-08-08 23:10:50,674] {scheduler_job.py:643} INFO - DAG(s) dict_keys(['tutorial_taskflow_api_etl']) retrieved from /home/airflow/.local/lib/python3.6/site-packages/airflow/example_dags/tutorial_taskflow_api_etl.py
[2023-08-08 23:10:51,145] {logging_mixin.py:104} INFO - [2023-08-08 23:10:51,145] {dag.py:1833} INFO - Sync 1 DAGs
[2023-08-08 23:10:51,177] {logging_mixin.py:104} INFO - [2023-08-08 23:10:51,177] {dag.py:2306} INFO - Setting next_dagrun for tutorial_taskflow_api_etl to None
[2023-08-08 23:10:51,209] {scheduler_job.py:190} INFO - Processing /home/airflow/.local/lib/python3.6/site-packages/airflow/example_dags/tutorial_taskflow_api_etl.py took 0.636 seconds
[2023-08-08 23:11:22,043] {scheduler_job.py:182} INFO - Started process (PID=6575) to work on /home/airflow/.local/lib/python3.6/site-packages/airflow/example_dags/tutorial_taskflow_api_etl.py
[2023-08-08 23:11:22,060] {scheduler_job.py:633} INFO - Processing file /home/airflow/.local/lib/python3.6/site-packages/airflow/example_dags/tutorial_taskflow_api_etl.py for tasks to queue
[2023-08-08 23:11:22,066] {logging_mixin.py:104} INFO - [2023-08-08 23:11:22,066] {dagbag.py:496} INFO - Filling up the DagBag from /home/airflow/.local/lib/python3.6/site-packages/airflow/example_dags/tutorial_taskflow_api_etl.py
[2023-08-08 23:11:22,162] {scheduler_job.py:643} INFO - DAG(s) dict_keys(['tutorial_taskflow_api_etl']) retrieved from /home/airflow/.local/lib/python3.6/site-packages/airflow/example_dags/tutorial_taskflow_api_etl.py
[2023-08-08 23:11:22,684] {logging_mixin.py:104} INFO - [2023-08-08 23:11:22,683] {dag.py:1833} INFO - Sync 1 DAGs
[2023-08-08 23:11:22,703] {logging_mixin.py:104} INFO - [2023-08-08 23:11:22,703] {dag.py:2306} INFO - Setting next_dagrun for tutorial_taskflow_api_etl to None
[2023-08-08 23:11:22,742] {scheduler_job.py:190} INFO - Processing /home/airflow/.local/lib/python3.6/site-packages/airflow/example_dags/tutorial_taskflow_api_etl.py took 0.714 seconds
[2023-08-08 23:11:52,886] {scheduler_job.py:182} INFO - Started process (PID=6628) to work on /home/airflow/.local/lib/python3.6/site-packages/airflow/example_dags/tutorial_taskflow_api_etl.py
[2023-08-08 23:11:52,892] {scheduler_job.py:633} INFO - Processing file /home/airflow/.local/lib/python3.6/site-packages/airflow/example_dags/tutorial_taskflow_api_etl.py for tasks to queue
[2023-08-08 23:11:52,902] {logging_mixin.py:104} INFO - [2023-08-08 23:11:52,896] {dagbag.py:496} INFO - Filling up the DagBag from /home/airflow/.local/lib/python3.6/site-packages/airflow/example_dags/tutorial_taskflow_api_etl.py
[2023-08-08 23:11:52,965] {scheduler_job.py:643} INFO - DAG(s) dict_keys(['tutorial_taskflow_api_etl']) retrieved from /home/airflow/.local/lib/python3.6/site-packages/airflow/example_dags/tutorial_taskflow_api_etl.py
[2023-08-08 23:11:53,674] {logging_mixin.py:104} INFO - [2023-08-08 23:11:53,674] {dag.py:1833} INFO - Sync 1 DAGs
[2023-08-08 23:11:53,711] {logging_mixin.py:104} INFO - [2023-08-08 23:11:53,711] {dag.py:2306} INFO - Setting next_dagrun for tutorial_taskflow_api_etl to None
[2023-08-08 23:11:53,737] {scheduler_job.py:190} INFO - Processing /home/airflow/.local/lib/python3.6/site-packages/airflow/example_dags/tutorial_taskflow_api_etl.py took 0.864 seconds
[2023-08-08 23:12:24,639] {scheduler_job.py:182} INFO - Started process (PID=6678) to work on /home/airflow/.local/lib/python3.6/site-packages/airflow/example_dags/tutorial_taskflow_api_etl.py
[2023-08-08 23:12:24,650] {scheduler_job.py:633} INFO - Processing file /home/airflow/.local/lib/python3.6/site-packages/airflow/example_dags/tutorial_taskflow_api_etl.py for tasks to queue
[2023-08-08 23:12:24,656] {logging_mixin.py:104} INFO - [2023-08-08 23:12:24,656] {dagbag.py:496} INFO - Filling up the DagBag from /home/airflow/.local/lib/python3.6/site-packages/airflow/example_dags/tutorial_taskflow_api_etl.py
[2023-08-08 23:12:24,834] {scheduler_job.py:643} INFO - DAG(s) dict_keys(['tutorial_taskflow_api_etl']) retrieved from /home/airflow/.local/lib/python3.6/site-packages/airflow/example_dags/tutorial_taskflow_api_etl.py
[2023-08-08 23:12:26,598] {logging_mixin.py:104} INFO - [2023-08-08 23:12:26,598] {dag.py:1833} INFO - Sync 1 DAGs
[2023-08-08 23:12:26,647] {logging_mixin.py:104} INFO - [2023-08-08 23:12:26,647] {dag.py:2306} INFO - Setting next_dagrun for tutorial_taskflow_api_etl to None
[2023-08-08 23:12:26,689] {scheduler_job.py:190} INFO - Processing /home/airflow/.local/lib/python3.6/site-packages/airflow/example_dags/tutorial_taskflow_api_etl.py took 2.069 seconds
[2023-08-08 23:12:57,077] {scheduler_job.py:182} INFO - Started process (PID=6718) to work on /home/airflow/.local/lib/python3.6/site-packages/airflow/example_dags/tutorial_taskflow_api_etl.py
[2023-08-08 23:12:57,086] {scheduler_job.py:633} INFO - Processing file /home/airflow/.local/lib/python3.6/site-packages/airflow/example_dags/tutorial_taskflow_api_etl.py for tasks to queue
[2023-08-08 23:12:57,089] {logging_mixin.py:104} INFO - [2023-08-08 23:12:57,089] {dagbag.py:496} INFO - Filling up the DagBag from /home/airflow/.local/lib/python3.6/site-packages/airflow/example_dags/tutorial_taskflow_api_etl.py
[2023-08-08 23:12:57,157] {scheduler_job.py:643} INFO - DAG(s) dict_keys(['tutorial_taskflow_api_etl']) retrieved from /home/airflow/.local/lib/python3.6/site-packages/airflow/example_dags/tutorial_taskflow_api_etl.py
[2023-08-08 23:12:58,037] {logging_mixin.py:104} INFO - [2023-08-08 23:12:58,035] {dag.py:1833} INFO - Sync 1 DAGs
[2023-08-08 23:12:58,074] {logging_mixin.py:104} INFO - [2023-08-08 23:12:58,074] {dag.py:2306} INFO - Setting next_dagrun for tutorial_taskflow_api_etl to None
[2023-08-08 23:12:58,121] {scheduler_job.py:190} INFO - Processing /home/airflow/.local/lib/python3.6/site-packages/airflow/example_dags/tutorial_taskflow_api_etl.py took 1.055 seconds
[2023-08-08 23:13:28,905] {scheduler_job.py:182} INFO - Started process (PID=6772) to work on /home/airflow/.local/lib/python3.6/site-packages/airflow/example_dags/tutorial_taskflow_api_etl.py
[2023-08-08 23:13:28,911] {scheduler_job.py:633} INFO - Processing file /home/airflow/.local/lib/python3.6/site-packages/airflow/example_dags/tutorial_taskflow_api_etl.py for tasks to queue
[2023-08-08 23:13:28,916] {logging_mixin.py:104} INFO - [2023-08-08 23:13:28,916] {dagbag.py:496} INFO - Filling up the DagBag from /home/airflow/.local/lib/python3.6/site-packages/airflow/example_dags/tutorial_taskflow_api_etl.py
[2023-08-08 23:13:28,955] {scheduler_job.py:643} INFO - DAG(s) dict_keys(['tutorial_taskflow_api_etl']) retrieved from /home/airflow/.local/lib/python3.6/site-packages/airflow/example_dags/tutorial_taskflow_api_etl.py
[2023-08-08 23:13:29,419] {logging_mixin.py:104} INFO - [2023-08-08 23:13:29,419] {dag.py:1833} INFO - Sync 1 DAGs
[2023-08-08 23:13:29,444] {logging_mixin.py:104} INFO - [2023-08-08 23:13:29,443] {dag.py:2306} INFO - Setting next_dagrun for tutorial_taskflow_api_etl to None
[2023-08-08 23:13:29,467] {scheduler_job.py:190} INFO - Processing /home/airflow/.local/lib/python3.6/site-packages/airflow/example_dags/tutorial_taskflow_api_etl.py took 0.567 seconds
[2023-08-08 23:14:00,195] {scheduler_job.py:182} INFO - Started process (PID=6823) to work on /home/airflow/.local/lib/python3.6/site-packages/airflow/example_dags/tutorial_taskflow_api_etl.py
[2023-08-08 23:14:00,200] {scheduler_job.py:633} INFO - Processing file /home/airflow/.local/lib/python3.6/site-packages/airflow/example_dags/tutorial_taskflow_api_etl.py for tasks to queue
[2023-08-08 23:14:00,204] {logging_mixin.py:104} INFO - [2023-08-08 23:14:00,203] {dagbag.py:496} INFO - Filling up the DagBag from /home/airflow/.local/lib/python3.6/site-packages/airflow/example_dags/tutorial_taskflow_api_etl.py
[2023-08-08 23:14:00,247] {scheduler_job.py:643} INFO - DAG(s) dict_keys(['tutorial_taskflow_api_etl']) retrieved from /home/airflow/.local/lib/python3.6/site-packages/airflow/example_dags/tutorial_taskflow_api_etl.py
[2023-08-08 23:14:00,773] {logging_mixin.py:104} INFO - [2023-08-08 23:14:00,773] {dag.py:1833} INFO - Sync 1 DAGs
[2023-08-08 23:14:00,796] {logging_mixin.py:104} INFO - [2023-08-08 23:14:00,796] {dag.py:2306} INFO - Setting next_dagrun for tutorial_taskflow_api_etl to None
[2023-08-08 23:14:00,823] {scheduler_job.py:190} INFO - Processing /home/airflow/.local/lib/python3.6/site-packages/airflow/example_dags/tutorial_taskflow_api_etl.py took 0.641 seconds
[2023-08-08 23:14:31,053] {scheduler_job.py:182} INFO - Started process (PID=6874) to work on /home/airflow/.local/lib/python3.6/site-packages/airflow/example_dags/tutorial_taskflow_api_etl.py
[2023-08-08 23:14:31,056] {scheduler_job.py:633} INFO - Processing file /home/airflow/.local/lib/python3.6/site-packages/airflow/example_dags/tutorial_taskflow_api_etl.py for tasks to queue
[2023-08-08 23:14:31,061] {logging_mixin.py:104} INFO - [2023-08-08 23:14:31,061] {dagbag.py:496} INFO - Filling up the DagBag from /home/airflow/.local/lib/python3.6/site-packages/airflow/example_dags/tutorial_taskflow_api_etl.py
[2023-08-08 23:14:31,105] {scheduler_job.py:643} INFO - DAG(s) dict_keys(['tutorial_taskflow_api_etl']) retrieved from /home/airflow/.local/lib/python3.6/site-packages/airflow/example_dags/tutorial_taskflow_api_etl.py
[2023-08-08 23:14:31,619] {logging_mixin.py:104} INFO - [2023-08-08 23:14:31,619] {dag.py:1833} INFO - Sync 1 DAGs
[2023-08-08 23:14:31,650] {logging_mixin.py:104} INFO - [2023-08-08 23:14:31,650] {dag.py:2306} INFO - Setting next_dagrun for tutorial_taskflow_api_etl to None
[2023-08-08 23:14:31,680] {scheduler_job.py:190} INFO - Processing /home/airflow/.local/lib/python3.6/site-packages/airflow/example_dags/tutorial_taskflow_api_etl.py took 0.635 seconds
[2023-08-08 23:15:02,234] {scheduler_job.py:182} INFO - Started process (PID=6924) to work on /home/airflow/.local/lib/python3.6/site-packages/airflow/example_dags/tutorial_taskflow_api_etl.py
[2023-08-08 23:15:02,237] {scheduler_job.py:633} INFO - Processing file /home/airflow/.local/lib/python3.6/site-packages/airflow/example_dags/tutorial_taskflow_api_etl.py for tasks to queue
[2023-08-08 23:15:02,240] {logging_mixin.py:104} INFO - [2023-08-08 23:15:02,239] {dagbag.py:496} INFO - Filling up the DagBag from /home/airflow/.local/lib/python3.6/site-packages/airflow/example_dags/tutorial_taskflow_api_etl.py
[2023-08-08 23:15:02,297] {scheduler_job.py:643} INFO - DAG(s) dict_keys(['tutorial_taskflow_api_etl']) retrieved from /home/airflow/.local/lib/python3.6/site-packages/airflow/example_dags/tutorial_taskflow_api_etl.py
[2023-08-08 23:15:02,851] {logging_mixin.py:104} INFO - [2023-08-08 23:15:02,851] {dag.py:1833} INFO - Sync 1 DAGs
[2023-08-08 23:15:02,878] {logging_mixin.py:104} INFO - [2023-08-08 23:15:02,878] {dag.py:2306} INFO - Setting next_dagrun for tutorial_taskflow_api_etl to None
[2023-08-08 23:15:02,903] {scheduler_job.py:190} INFO - Processing /home/airflow/.local/lib/python3.6/site-packages/airflow/example_dags/tutorial_taskflow_api_etl.py took 0.685 seconds
[2023-08-08 23:15:33,202] {scheduler_job.py:182} INFO - Started process (PID=6974) to work on /home/airflow/.local/lib/python3.6/site-packages/airflow/example_dags/tutorial_taskflow_api_etl.py
[2023-08-08 23:15:33,209] {scheduler_job.py:633} INFO - Processing file /home/airflow/.local/lib/python3.6/site-packages/airflow/example_dags/tutorial_taskflow_api_etl.py for tasks to queue
[2023-08-08 23:15:33,227] {logging_mixin.py:104} INFO - [2023-08-08 23:15:33,227] {dagbag.py:496} INFO - Filling up the DagBag from /home/airflow/.local/lib/python3.6/site-packages/airflow/example_dags/tutorial_taskflow_api_etl.py
[2023-08-08 23:15:33,336] {scheduler_job.py:643} INFO - DAG(s) dict_keys(['tutorial_taskflow_api_etl']) retrieved from /home/airflow/.local/lib/python3.6/site-packages/airflow/example_dags/tutorial_taskflow_api_etl.py
[2023-08-08 23:15:33,971] {logging_mixin.py:104} INFO - [2023-08-08 23:15:33,971] {dag.py:1833} INFO - Sync 1 DAGs
[2023-08-08 23:15:34,011] {logging_mixin.py:104} INFO - [2023-08-08 23:15:34,011] {dag.py:2306} INFO - Setting next_dagrun for tutorial_taskflow_api_etl to None
[2023-08-08 23:15:34,066] {scheduler_job.py:190} INFO - Processing /home/airflow/.local/lib/python3.6/site-packages/airflow/example_dags/tutorial_taskflow_api_etl.py took 0.881 seconds
[2023-08-08 23:16:04,482] {scheduler_job.py:182} INFO - Started process (PID=7023) to work on /home/airflow/.local/lib/python3.6/site-packages/airflow/example_dags/tutorial_taskflow_api_etl.py
[2023-08-08 23:16:04,493] {scheduler_job.py:633} INFO - Processing file /home/airflow/.local/lib/python3.6/site-packages/airflow/example_dags/tutorial_taskflow_api_etl.py for tasks to queue
[2023-08-08 23:16:04,496] {logging_mixin.py:104} INFO - [2023-08-08 23:16:04,496] {dagbag.py:496} INFO - Filling up the DagBag from /home/airflow/.local/lib/python3.6/site-packages/airflow/example_dags/tutorial_taskflow_api_etl.py
[2023-08-08 23:16:04,610] {scheduler_job.py:643} INFO - DAG(s) dict_keys(['tutorial_taskflow_api_etl']) retrieved from /home/airflow/.local/lib/python3.6/site-packages/airflow/example_dags/tutorial_taskflow_api_etl.py
[2023-08-08 23:16:04,718] {logging_mixin.py:104} INFO - [2023-08-08 23:16:04,717] {dag.py:1833} INFO - Sync 1 DAGs
[2023-08-08 23:16:04,763] {logging_mixin.py:104} INFO - [2023-08-08 23:16:04,763] {dag.py:2306} INFO - Setting next_dagrun for tutorial_taskflow_api_etl to None
[2023-08-08 23:16:04,806] {scheduler_job.py:190} INFO - Processing /home/airflow/.local/lib/python3.6/site-packages/airflow/example_dags/tutorial_taskflow_api_etl.py took 0.332 seconds
[2023-08-08 23:16:35,518] {scheduler_job.py:182} INFO - Started process (PID=7064) to work on /home/airflow/.local/lib/python3.6/site-packages/airflow/example_dags/tutorial_taskflow_api_etl.py
[2023-08-08 23:16:35,522] {scheduler_job.py:633} INFO - Processing file /home/airflow/.local/lib/python3.6/site-packages/airflow/example_dags/tutorial_taskflow_api_etl.py for tasks to queue
[2023-08-08 23:16:35,525] {logging_mixin.py:104} INFO - [2023-08-08 23:16:35,524] {dagbag.py:496} INFO - Filling up the DagBag from /home/airflow/.local/lib/python3.6/site-packages/airflow/example_dags/tutorial_taskflow_api_etl.py
[2023-08-08 23:16:35,566] {scheduler_job.py:643} INFO - DAG(s) dict_keys(['tutorial_taskflow_api_etl']) retrieved from /home/airflow/.local/lib/python3.6/site-packages/airflow/example_dags/tutorial_taskflow_api_etl.py
[2023-08-08 23:16:36,196] {logging_mixin.py:104} INFO - [2023-08-08 23:16:36,195] {dag.py:1833} INFO - Sync 1 DAGs
[2023-08-08 23:16:36,223] {logging_mixin.py:104} INFO - [2023-08-08 23:16:36,223] {dag.py:2306} INFO - Setting next_dagrun for tutorial_taskflow_api_etl to None
[2023-08-08 23:16:36,251] {scheduler_job.py:190} INFO - Processing /home/airflow/.local/lib/python3.6/site-packages/airflow/example_dags/tutorial_taskflow_api_etl.py took 0.741 seconds
[2023-08-08 23:17:06,489] {scheduler_job.py:182} INFO - Started process (PID=7115) to work on /home/airflow/.local/lib/python3.6/site-packages/airflow/example_dags/tutorial_taskflow_api_etl.py
[2023-08-08 23:17:06,500] {scheduler_job.py:633} INFO - Processing file /home/airflow/.local/lib/python3.6/site-packages/airflow/example_dags/tutorial_taskflow_api_etl.py for tasks to queue
[2023-08-08 23:17:06,504] {logging_mixin.py:104} INFO - [2023-08-08 23:17:06,503] {dagbag.py:496} INFO - Filling up the DagBag from /home/airflow/.local/lib/python3.6/site-packages/airflow/example_dags/tutorial_taskflow_api_etl.py
[2023-08-08 23:17:06,609] {scheduler_job.py:643} INFO - DAG(s) dict_keys(['tutorial_taskflow_api_etl']) retrieved from /home/airflow/.local/lib/python3.6/site-packages/airflow/example_dags/tutorial_taskflow_api_etl.py
[2023-08-08 23:17:07,537] {logging_mixin.py:104} INFO - [2023-08-08 23:17:07,536] {dag.py:1833} INFO - Sync 1 DAGs
[2023-08-08 23:17:07,569] {logging_mixin.py:104} INFO - [2023-08-08 23:17:07,569] {dag.py:2306} INFO - Setting next_dagrun for tutorial_taskflow_api_etl to None
[2023-08-08 23:17:07,597] {scheduler_job.py:190} INFO - Processing /home/airflow/.local/lib/python3.6/site-packages/airflow/example_dags/tutorial_taskflow_api_etl.py took 1.128 seconds
[2023-08-08 23:17:38,085] {scheduler_job.py:182} INFO - Started process (PID=7162) to work on /home/airflow/.local/lib/python3.6/site-packages/airflow/example_dags/tutorial_taskflow_api_etl.py
[2023-08-08 23:17:38,099] {scheduler_job.py:633} INFO - Processing file /home/airflow/.local/lib/python3.6/site-packages/airflow/example_dags/tutorial_taskflow_api_etl.py for tasks to queue
[2023-08-08 23:17:38,107] {logging_mixin.py:104} INFO - [2023-08-08 23:17:38,107] {dagbag.py:496} INFO - Filling up the DagBag from /home/airflow/.local/lib/python3.6/site-packages/airflow/example_dags/tutorial_taskflow_api_etl.py
[2023-08-08 23:17:38,234] {scheduler_job.py:643} INFO - DAG(s) dict_keys(['tutorial_taskflow_api_etl']) retrieved from /home/airflow/.local/lib/python3.6/site-packages/airflow/example_dags/tutorial_taskflow_api_etl.py
[2023-08-08 23:17:39,274] {logging_mixin.py:104} INFO - [2023-08-08 23:17:39,273] {dag.py:1833} INFO - Sync 1 DAGs
[2023-08-08 23:17:39,330] {logging_mixin.py:104} INFO - [2023-08-08 23:17:39,330] {dag.py:2306} INFO - Setting next_dagrun for tutorial_taskflow_api_etl to None
[2023-08-08 23:17:39,374] {scheduler_job.py:190} INFO - Processing /home/airflow/.local/lib/python3.6/site-packages/airflow/example_dags/tutorial_taskflow_api_etl.py took 1.314 seconds
[2023-08-08 23:18:09,903] {scheduler_job.py:182} INFO - Started process (PID=7206) to work on /home/airflow/.local/lib/python3.6/site-packages/airflow/example_dags/tutorial_taskflow_api_etl.py
[2023-08-08 23:18:09,906] {scheduler_job.py:633} INFO - Processing file /home/airflow/.local/lib/python3.6/site-packages/airflow/example_dags/tutorial_taskflow_api_etl.py for tasks to queue
[2023-08-08 23:18:09,911] {logging_mixin.py:104} INFO - [2023-08-08 23:18:09,910] {dagbag.py:496} INFO - Filling up the DagBag from /home/airflow/.local/lib/python3.6/site-packages/airflow/example_dags/tutorial_taskflow_api_etl.py
[2023-08-08 23:18:09,996] {scheduler_job.py:643} INFO - DAG(s) dict_keys(['tutorial_taskflow_api_etl']) retrieved from /home/airflow/.local/lib/python3.6/site-packages/airflow/example_dags/tutorial_taskflow_api_etl.py
[2023-08-08 23:18:10,530] {logging_mixin.py:104} INFO - [2023-08-08 23:18:10,530] {dag.py:1833} INFO - Sync 1 DAGs
[2023-08-08 23:18:10,560] {logging_mixin.py:104} INFO - [2023-08-08 23:18:10,560] {dag.py:2306} INFO - Setting next_dagrun for tutorial_taskflow_api_etl to None
[2023-08-08 23:18:10,584] {scheduler_job.py:190} INFO - Processing /home/airflow/.local/lib/python3.6/site-packages/airflow/example_dags/tutorial_taskflow_api_etl.py took 0.692 seconds
[2023-08-08 23:18:41,555] {scheduler_job.py:182} INFO - Started process (PID=7253) to work on /home/airflow/.local/lib/python3.6/site-packages/airflow/example_dags/tutorial_taskflow_api_etl.py
[2023-08-08 23:18:41,566] {scheduler_job.py:633} INFO - Processing file /home/airflow/.local/lib/python3.6/site-packages/airflow/example_dags/tutorial_taskflow_api_etl.py for tasks to queue
[2023-08-08 23:18:41,571] {logging_mixin.py:104} INFO - [2023-08-08 23:18:41,571] {dagbag.py:496} INFO - Filling up the DagBag from /home/airflow/.local/lib/python3.6/site-packages/airflow/example_dags/tutorial_taskflow_api_etl.py
[2023-08-08 23:18:41,755] {scheduler_job.py:643} INFO - DAG(s) dict_keys(['tutorial_taskflow_api_etl']) retrieved from /home/airflow/.local/lib/python3.6/site-packages/airflow/example_dags/tutorial_taskflow_api_etl.py
[2023-08-08 23:18:43,009] {logging_mixin.py:104} INFO - [2023-08-08 23:18:43,009] {dag.py:1833} INFO - Sync 1 DAGs
[2023-08-08 23:18:43,051] {logging_mixin.py:104} INFO - [2023-08-08 23:18:43,051] {dag.py:2306} INFO - Setting next_dagrun for tutorial_taskflow_api_etl to None
[2023-08-08 23:18:43,101] {scheduler_job.py:190} INFO - Processing /home/airflow/.local/lib/python3.6/site-packages/airflow/example_dags/tutorial_taskflow_api_etl.py took 1.559 seconds
[2023-08-08 23:19:13,686] {scheduler_job.py:182} INFO - Started process (PID=7306) to work on /home/airflow/.local/lib/python3.6/site-packages/airflow/example_dags/tutorial_taskflow_api_etl.py
[2023-08-08 23:19:13,689] {scheduler_job.py:633} INFO - Processing file /home/airflow/.local/lib/python3.6/site-packages/airflow/example_dags/tutorial_taskflow_api_etl.py for tasks to queue
[2023-08-08 23:19:13,695] {logging_mixin.py:104} INFO - [2023-08-08 23:19:13,695] {dagbag.py:496} INFO - Filling up the DagBag from /home/airflow/.local/lib/python3.6/site-packages/airflow/example_dags/tutorial_taskflow_api_etl.py
[2023-08-08 23:19:13,837] {scheduler_job.py:643} INFO - DAG(s) dict_keys(['tutorial_taskflow_api_etl']) retrieved from /home/airflow/.local/lib/python3.6/site-packages/airflow/example_dags/tutorial_taskflow_api_etl.py
[2023-08-08 23:19:14,814] {logging_mixin.py:104} INFO - [2023-08-08 23:19:14,814] {dag.py:1833} INFO - Sync 1 DAGs
[2023-08-08 23:19:14,838] {logging_mixin.py:104} INFO - [2023-08-08 23:19:14,838] {dag.py:2306} INFO - Setting next_dagrun for tutorial_taskflow_api_etl to None
[2023-08-08 23:19:14,881] {scheduler_job.py:190} INFO - Processing /home/airflow/.local/lib/python3.6/site-packages/airflow/example_dags/tutorial_taskflow_api_etl.py took 1.225 seconds
[2023-08-08 23:19:45,518] {scheduler_job.py:182} INFO - Started process (PID=7360) to work on /home/airflow/.local/lib/python3.6/site-packages/airflow/example_dags/tutorial_taskflow_api_etl.py
[2023-08-08 23:19:45,530] {scheduler_job.py:633} INFO - Processing file /home/airflow/.local/lib/python3.6/site-packages/airflow/example_dags/tutorial_taskflow_api_etl.py for tasks to queue
[2023-08-08 23:19:45,534] {logging_mixin.py:104} INFO - [2023-08-08 23:19:45,534] {dagbag.py:496} INFO - Filling up the DagBag from /home/airflow/.local/lib/python3.6/site-packages/airflow/example_dags/tutorial_taskflow_api_etl.py
[2023-08-08 23:19:45,631] {scheduler_job.py:643} INFO - DAG(s) dict_keys(['tutorial_taskflow_api_etl']) retrieved from /home/airflow/.local/lib/python3.6/site-packages/airflow/example_dags/tutorial_taskflow_api_etl.py
[2023-08-08 23:19:46,702] {logging_mixin.py:104} INFO - [2023-08-08 23:19:46,701] {dag.py:1833} INFO - Sync 1 DAGs
[2023-08-08 23:19:46,758] {logging_mixin.py:104} INFO - [2023-08-08 23:19:46,758] {dag.py:2306} INFO - Setting next_dagrun for tutorial_taskflow_api_etl to None
[2023-08-08 23:19:46,821] {scheduler_job.py:190} INFO - Processing /home/airflow/.local/lib/python3.6/site-packages/airflow/example_dags/tutorial_taskflow_api_etl.py took 1.328 seconds
