[2023-08-08 23:00:05,920] {scheduler_job.py:182} INFO - Started process (PID=5463) to work on /home/airflow/.local/lib/python3.6/site-packages/airflow/example_dags/tutorial.py
[2023-08-08 23:00:05,926] {scheduler_job.py:633} INFO - Processing file /home/airflow/.local/lib/python3.6/site-packages/airflow/example_dags/tutorial.py for tasks to queue
[2023-08-08 23:00:05,929] {logging_mixin.py:104} INFO - [2023-08-08 23:00:05,929] {dagbag.py:496} INFO - Filling up the DagBag from /home/airflow/.local/lib/python3.6/site-packages/airflow/example_dags/tutorial.py
[2023-08-08 23:00:05,953] {scheduler_job.py:643} INFO - DAG(s) dict_keys(['tutorial']) retrieved from /home/airflow/.local/lib/python3.6/site-packages/airflow/example_dags/tutorial.py
[2023-08-08 23:00:06,638] {logging_mixin.py:104} INFO - [2023-08-08 23:00:06,638] {dag.py:1833} INFO - Sync 1 DAGs
[2023-08-08 23:00:06,708] {logging_mixin.py:104} INFO - [2023-08-08 23:00:06,707] {dag.py:2306} INFO - Setting next_dagrun for tutorial to 2023-08-06 00:00:00+00:00
[2023-08-08 23:00:06,808] {scheduler_job.py:190} INFO - Processing /home/airflow/.local/lib/python3.6/site-packages/airflow/example_dags/tutorial.py took 0.895 seconds
[2023-08-08 23:00:37,469] {scheduler_job.py:182} INFO - Started process (PID=5524) to work on /home/airflow/.local/lib/python3.6/site-packages/airflow/example_dags/tutorial.py
[2023-08-08 23:00:37,472] {scheduler_job.py:633} INFO - Processing file /home/airflow/.local/lib/python3.6/site-packages/airflow/example_dags/tutorial.py for tasks to queue
[2023-08-08 23:00:37,473] {logging_mixin.py:104} INFO - [2023-08-08 23:00:37,473] {dagbag.py:496} INFO - Filling up the DagBag from /home/airflow/.local/lib/python3.6/site-packages/airflow/example_dags/tutorial.py
[2023-08-08 23:00:37,492] {scheduler_job.py:643} INFO - DAG(s) dict_keys(['tutorial']) retrieved from /home/airflow/.local/lib/python3.6/site-packages/airflow/example_dags/tutorial.py
[2023-08-08 23:00:37,520] {logging_mixin.py:104} INFO - [2023-08-08 23:00:37,520] {dag.py:1833} INFO - Sync 1 DAGs
[2023-08-08 23:00:37,537] {logging_mixin.py:104} INFO - [2023-08-08 23:00:37,537] {dag.py:2306} INFO - Setting next_dagrun for tutorial to 2023-08-06 00:00:00+00:00
[2023-08-08 23:00:37,553] {scheduler_job.py:190} INFO - Processing /home/airflow/.local/lib/python3.6/site-packages/airflow/example_dags/tutorial.py took 0.091 seconds
[2023-08-08 23:01:08,038] {scheduler_job.py:182} INFO - Started process (PID=5575) to work on /home/airflow/.local/lib/python3.6/site-packages/airflow/example_dags/tutorial.py
[2023-08-08 23:01:08,040] {scheduler_job.py:633} INFO - Processing file /home/airflow/.local/lib/python3.6/site-packages/airflow/example_dags/tutorial.py for tasks to queue
[2023-08-08 23:01:08,042] {logging_mixin.py:104} INFO - [2023-08-08 23:01:08,042] {dagbag.py:496} INFO - Filling up the DagBag from /home/airflow/.local/lib/python3.6/site-packages/airflow/example_dags/tutorial.py
[2023-08-08 23:01:08,064] {scheduler_job.py:643} INFO - DAG(s) dict_keys(['tutorial']) retrieved from /home/airflow/.local/lib/python3.6/site-packages/airflow/example_dags/tutorial.py
[2023-08-08 23:01:08,096] {logging_mixin.py:104} INFO - [2023-08-08 23:01:08,096] {dag.py:1833} INFO - Sync 1 DAGs
[2023-08-08 23:01:08,114] {logging_mixin.py:104} INFO - [2023-08-08 23:01:08,114] {dag.py:2306} INFO - Setting next_dagrun for tutorial to 2023-08-06 00:00:00+00:00
[2023-08-08 23:01:08,133] {scheduler_job.py:190} INFO - Processing /home/airflow/.local/lib/python3.6/site-packages/airflow/example_dags/tutorial.py took 0.101 seconds
[2023-08-08 23:01:38,648] {scheduler_job.py:182} INFO - Started process (PID=5625) to work on /home/airflow/.local/lib/python3.6/site-packages/airflow/example_dags/tutorial.py
[2023-08-08 23:01:38,655] {scheduler_job.py:633} INFO - Processing file /home/airflow/.local/lib/python3.6/site-packages/airflow/example_dags/tutorial.py for tasks to queue
[2023-08-08 23:01:38,662] {logging_mixin.py:104} INFO - [2023-08-08 23:01:38,662] {dagbag.py:496} INFO - Filling up the DagBag from /home/airflow/.local/lib/python3.6/site-packages/airflow/example_dags/tutorial.py
[2023-08-08 23:01:38,710] {scheduler_job.py:643} INFO - DAG(s) dict_keys(['tutorial']) retrieved from /home/airflow/.local/lib/python3.6/site-packages/airflow/example_dags/tutorial.py
[2023-08-08 23:01:38,757] {logging_mixin.py:104} INFO - [2023-08-08 23:01:38,756] {dag.py:1833} INFO - Sync 1 DAGs
[2023-08-08 23:01:38,783] {logging_mixin.py:104} INFO - [2023-08-08 23:01:38,783] {dag.py:2306} INFO - Setting next_dagrun for tutorial to 2023-08-06 00:00:00+00:00
[2023-08-08 23:01:38,806] {scheduler_job.py:190} INFO - Processing /home/airflow/.local/lib/python3.6/site-packages/airflow/example_dags/tutorial.py took 0.194 seconds
[2023-08-08 23:02:08,895] {scheduler_job.py:182} INFO - Started process (PID=5677) to work on /home/airflow/.local/lib/python3.6/site-packages/airflow/example_dags/tutorial.py
[2023-08-08 23:02:08,900] {scheduler_job.py:633} INFO - Processing file /home/airflow/.local/lib/python3.6/site-packages/airflow/example_dags/tutorial.py for tasks to queue
[2023-08-08 23:02:08,905] {logging_mixin.py:104} INFO - [2023-08-08 23:02:08,904] {dagbag.py:496} INFO - Filling up the DagBag from /home/airflow/.local/lib/python3.6/site-packages/airflow/example_dags/tutorial.py
[2023-08-08 23:02:08,953] {scheduler_job.py:643} INFO - DAG(s) dict_keys(['tutorial']) retrieved from /home/airflow/.local/lib/python3.6/site-packages/airflow/example_dags/tutorial.py
[2023-08-08 23:02:08,990] {logging_mixin.py:104} INFO - [2023-08-08 23:02:08,990] {dag.py:1833} INFO - Sync 1 DAGs
[2023-08-08 23:02:09,010] {logging_mixin.py:104} INFO - [2023-08-08 23:02:09,010] {dag.py:2306} INFO - Setting next_dagrun for tutorial to 2023-08-06 00:00:00+00:00
[2023-08-08 23:02:09,030] {scheduler_job.py:190} INFO - Processing /home/airflow/.local/lib/python3.6/site-packages/airflow/example_dags/tutorial.py took 0.149 seconds
[2023-08-08 23:02:39,483] {scheduler_job.py:182} INFO - Started process (PID=5728) to work on /home/airflow/.local/lib/python3.6/site-packages/airflow/example_dags/tutorial.py
[2023-08-08 23:02:39,489] {scheduler_job.py:633} INFO - Processing file /home/airflow/.local/lib/python3.6/site-packages/airflow/example_dags/tutorial.py for tasks to queue
[2023-08-08 23:02:39,492] {logging_mixin.py:104} INFO - [2023-08-08 23:02:39,492] {dagbag.py:496} INFO - Filling up the DagBag from /home/airflow/.local/lib/python3.6/site-packages/airflow/example_dags/tutorial.py
[2023-08-08 23:02:39,522] {scheduler_job.py:643} INFO - DAG(s) dict_keys(['tutorial']) retrieved from /home/airflow/.local/lib/python3.6/site-packages/airflow/example_dags/tutorial.py
[2023-08-08 23:02:39,556] {logging_mixin.py:104} INFO - [2023-08-08 23:02:39,556] {dag.py:1833} INFO - Sync 1 DAGs
[2023-08-08 23:02:39,576] {logging_mixin.py:104} INFO - [2023-08-08 23:02:39,575] {dag.py:2306} INFO - Setting next_dagrun for tutorial to 2023-08-06 00:00:00+00:00
[2023-08-08 23:02:39,593] {scheduler_job.py:190} INFO - Processing /home/airflow/.local/lib/python3.6/site-packages/airflow/example_dags/tutorial.py took 0.126 seconds
[2023-08-08 23:03:09,751] {scheduler_job.py:182} INFO - Started process (PID=5779) to work on /home/airflow/.local/lib/python3.6/site-packages/airflow/example_dags/tutorial.py
[2023-08-08 23:03:09,755] {scheduler_job.py:633} INFO - Processing file /home/airflow/.local/lib/python3.6/site-packages/airflow/example_dags/tutorial.py for tasks to queue
[2023-08-08 23:03:09,761] {logging_mixin.py:104} INFO - [2023-08-08 23:03:09,760] {dagbag.py:496} INFO - Filling up the DagBag from /home/airflow/.local/lib/python3.6/site-packages/airflow/example_dags/tutorial.py
[2023-08-08 23:03:09,789] {scheduler_job.py:643} INFO - DAG(s) dict_keys(['tutorial']) retrieved from /home/airflow/.local/lib/python3.6/site-packages/airflow/example_dags/tutorial.py
[2023-08-08 23:03:09,825] {logging_mixin.py:104} INFO - [2023-08-08 23:03:09,825] {dag.py:1833} INFO - Sync 1 DAGs
[2023-08-08 23:03:09,846] {logging_mixin.py:104} INFO - [2023-08-08 23:03:09,846] {dag.py:2306} INFO - Setting next_dagrun for tutorial to 2023-08-06 00:00:00+00:00
[2023-08-08 23:03:09,863] {scheduler_job.py:190} INFO - Processing /home/airflow/.local/lib/python3.6/site-packages/airflow/example_dags/tutorial.py took 0.123 seconds
[2023-08-08 23:03:40,690] {scheduler_job.py:182} INFO - Started process (PID=5838) to work on /home/airflow/.local/lib/python3.6/site-packages/airflow/example_dags/tutorial.py
[2023-08-08 23:03:40,695] {scheduler_job.py:633} INFO - Processing file /home/airflow/.local/lib/python3.6/site-packages/airflow/example_dags/tutorial.py for tasks to queue
[2023-08-08 23:03:40,701] {logging_mixin.py:104} INFO - [2023-08-08 23:03:40,701] {dagbag.py:496} INFO - Filling up the DagBag from /home/airflow/.local/lib/python3.6/site-packages/airflow/example_dags/tutorial.py
[2023-08-08 23:03:40,758] {scheduler_job.py:643} INFO - DAG(s) dict_keys(['tutorial']) retrieved from /home/airflow/.local/lib/python3.6/site-packages/airflow/example_dags/tutorial.py
[2023-08-08 23:03:40,877] {logging_mixin.py:104} INFO - [2023-08-08 23:03:40,877] {dag.py:1833} INFO - Sync 1 DAGs
[2023-08-08 23:03:40,947] {logging_mixin.py:104} INFO - [2023-08-08 23:03:40,947] {dag.py:2306} INFO - Setting next_dagrun for tutorial to 2023-08-06 00:00:00+00:00
[2023-08-08 23:03:40,986] {scheduler_job.py:190} INFO - Processing /home/airflow/.local/lib/python3.6/site-packages/airflow/example_dags/tutorial.py took 0.316 seconds
[2023-08-08 23:04:11,556] {scheduler_job.py:182} INFO - Started process (PID=5889) to work on /home/airflow/.local/lib/python3.6/site-packages/airflow/example_dags/tutorial.py
[2023-08-08 23:04:11,571] {scheduler_job.py:633} INFO - Processing file /home/airflow/.local/lib/python3.6/site-packages/airflow/example_dags/tutorial.py for tasks to queue
[2023-08-08 23:04:11,579] {logging_mixin.py:104} INFO - [2023-08-08 23:04:11,578] {dagbag.py:496} INFO - Filling up the DagBag from /home/airflow/.local/lib/python3.6/site-packages/airflow/example_dags/tutorial.py
[2023-08-08 23:04:11,691] {scheduler_job.py:643} INFO - DAG(s) dict_keys(['tutorial']) retrieved from /home/airflow/.local/lib/python3.6/site-packages/airflow/example_dags/tutorial.py
[2023-08-08 23:04:11,806] {logging_mixin.py:104} INFO - [2023-08-08 23:04:11,806] {dag.py:1833} INFO - Sync 1 DAGs
[2023-08-08 23:04:11,859] {logging_mixin.py:104} INFO - [2023-08-08 23:04:11,859] {dag.py:2306} INFO - Setting next_dagrun for tutorial to 2023-08-06 00:00:00+00:00
[2023-08-08 23:04:11,906] {scheduler_job.py:190} INFO - Processing /home/airflow/.local/lib/python3.6/site-packages/airflow/example_dags/tutorial.py took 0.368 seconds
[2023-08-08 23:04:42,678] {scheduler_job.py:182} INFO - Started process (PID=5940) to work on /home/airflow/.local/lib/python3.6/site-packages/airflow/example_dags/tutorial.py
[2023-08-08 23:04:42,681] {scheduler_job.py:633} INFO - Processing file /home/airflow/.local/lib/python3.6/site-packages/airflow/example_dags/tutorial.py for tasks to queue
[2023-08-08 23:04:42,683] {logging_mixin.py:104} INFO - [2023-08-08 23:04:42,682] {dagbag.py:496} INFO - Filling up the DagBag from /home/airflow/.local/lib/python3.6/site-packages/airflow/example_dags/tutorial.py
[2023-08-08 23:04:42,729] {scheduler_job.py:643} INFO - DAG(s) dict_keys(['tutorial']) retrieved from /home/airflow/.local/lib/python3.6/site-packages/airflow/example_dags/tutorial.py
[2023-08-08 23:04:42,823] {logging_mixin.py:104} INFO - [2023-08-08 23:04:42,823] {dag.py:1833} INFO - Sync 1 DAGs
[2023-08-08 23:04:42,859] {logging_mixin.py:104} INFO - [2023-08-08 23:04:42,859] {dag.py:2306} INFO - Setting next_dagrun for tutorial to 2023-08-06 00:00:00+00:00
[2023-08-08 23:04:42,893] {scheduler_job.py:190} INFO - Processing /home/airflow/.local/lib/python3.6/site-packages/airflow/example_dags/tutorial.py took 0.237 seconds
[2023-08-08 23:05:12,974] {scheduler_job.py:182} INFO - Started process (PID=5991) to work on /home/airflow/.local/lib/python3.6/site-packages/airflow/example_dags/tutorial.py
[2023-08-08 23:05:12,987] {scheduler_job.py:633} INFO - Processing file /home/airflow/.local/lib/python3.6/site-packages/airflow/example_dags/tutorial.py for tasks to queue
[2023-08-08 23:05:12,990] {logging_mixin.py:104} INFO - [2023-08-08 23:05:12,990] {dagbag.py:496} INFO - Filling up the DagBag from /home/airflow/.local/lib/python3.6/site-packages/airflow/example_dags/tutorial.py
[2023-08-08 23:05:13,107] {scheduler_job.py:643} INFO - DAG(s) dict_keys(['tutorial']) retrieved from /home/airflow/.local/lib/python3.6/site-packages/airflow/example_dags/tutorial.py
[2023-08-08 23:05:13,237] {logging_mixin.py:104} INFO - [2023-08-08 23:05:13,237] {dag.py:1833} INFO - Sync 1 DAGs
[2023-08-08 23:05:13,306] {logging_mixin.py:104} INFO - [2023-08-08 23:05:13,306] {dag.py:2306} INFO - Setting next_dagrun for tutorial to 2023-08-06 00:00:00+00:00
[2023-08-08 23:05:13,360] {scheduler_job.py:190} INFO - Processing /home/airflow/.local/lib/python3.6/site-packages/airflow/example_dags/tutorial.py took 0.399 seconds
[2023-08-08 23:05:43,558] {scheduler_job.py:182} INFO - Started process (PID=6040) to work on /home/airflow/.local/lib/python3.6/site-packages/airflow/example_dags/tutorial.py
[2023-08-08 23:05:43,571] {scheduler_job.py:633} INFO - Processing file /home/airflow/.local/lib/python3.6/site-packages/airflow/example_dags/tutorial.py for tasks to queue
[2023-08-08 23:05:43,574] {logging_mixin.py:104} INFO - [2023-08-08 23:05:43,573] {dagbag.py:496} INFO - Filling up the DagBag from /home/airflow/.local/lib/python3.6/site-packages/airflow/example_dags/tutorial.py
[2023-08-08 23:05:43,625] {scheduler_job.py:643} INFO - DAG(s) dict_keys(['tutorial']) retrieved from /home/airflow/.local/lib/python3.6/site-packages/airflow/example_dags/tutorial.py
[2023-08-08 23:05:43,782] {logging_mixin.py:104} INFO - [2023-08-08 23:05:43,782] {dag.py:1833} INFO - Sync 1 DAGs
[2023-08-08 23:05:43,861] {logging_mixin.py:104} INFO - [2023-08-08 23:05:43,860] {dag.py:2306} INFO - Setting next_dagrun for tutorial to 2023-08-06 00:00:00+00:00
[2023-08-08 23:05:43,932] {scheduler_job.py:190} INFO - Processing /home/airflow/.local/lib/python3.6/site-packages/airflow/example_dags/tutorial.py took 0.385 seconds
[2023-08-08 23:06:14,693] {scheduler_job.py:182} INFO - Started process (PID=6081) to work on /home/airflow/.local/lib/python3.6/site-packages/airflow/example_dags/tutorial.py
[2023-08-08 23:06:14,704] {scheduler_job.py:633} INFO - Processing file /home/airflow/.local/lib/python3.6/site-packages/airflow/example_dags/tutorial.py for tasks to queue
[2023-08-08 23:06:14,709] {logging_mixin.py:104} INFO - [2023-08-08 23:06:14,708] {dagbag.py:496} INFO - Filling up the DagBag from /home/airflow/.local/lib/python3.6/site-packages/airflow/example_dags/tutorial.py
[2023-08-08 23:06:14,780] {scheduler_job.py:643} INFO - DAG(s) dict_keys(['tutorial']) retrieved from /home/airflow/.local/lib/python3.6/site-packages/airflow/example_dags/tutorial.py
[2023-08-08 23:06:14,862] {logging_mixin.py:104} INFO - [2023-08-08 23:06:14,862] {dag.py:1833} INFO - Sync 1 DAGs
[2023-08-08 23:06:14,919] {logging_mixin.py:104} INFO - [2023-08-08 23:06:14,919] {dag.py:2306} INFO - Setting next_dagrun for tutorial to 2023-08-06 00:00:00+00:00
[2023-08-08 23:06:14,952] {scheduler_job.py:190} INFO - Processing /home/airflow/.local/lib/python3.6/site-packages/airflow/example_dags/tutorial.py took 0.281 seconds
[2023-08-08 23:06:45,469] {scheduler_job.py:182} INFO - Started process (PID=6133) to work on /home/airflow/.local/lib/python3.6/site-packages/airflow/example_dags/tutorial.py
[2023-08-08 23:06:45,489] {scheduler_job.py:633} INFO - Processing file /home/airflow/.local/lib/python3.6/site-packages/airflow/example_dags/tutorial.py for tasks to queue
[2023-08-08 23:06:45,492] {logging_mixin.py:104} INFO - [2023-08-08 23:06:45,492] {dagbag.py:496} INFO - Filling up the DagBag from /home/airflow/.local/lib/python3.6/site-packages/airflow/example_dags/tutorial.py
[2023-08-08 23:06:45,536] {scheduler_job.py:643} INFO - DAG(s) dict_keys(['tutorial']) retrieved from /home/airflow/.local/lib/python3.6/site-packages/airflow/example_dags/tutorial.py
[2023-08-08 23:06:45,632] {logging_mixin.py:104} INFO - [2023-08-08 23:06:45,632] {dag.py:1833} INFO - Sync 1 DAGs
[2023-08-08 23:06:45,670] {logging_mixin.py:104} INFO - [2023-08-08 23:06:45,670] {dag.py:2306} INFO - Setting next_dagrun for tutorial to 2023-08-06 00:00:00+00:00
[2023-08-08 23:06:45,690] {scheduler_job.py:190} INFO - Processing /home/airflow/.local/lib/python3.6/site-packages/airflow/example_dags/tutorial.py took 0.247 seconds
[2023-08-08 23:07:16,481] {scheduler_job.py:182} INFO - Started process (PID=6183) to work on /home/airflow/.local/lib/python3.6/site-packages/airflow/example_dags/tutorial.py
[2023-08-08 23:07:16,499] {scheduler_job.py:633} INFO - Processing file /home/airflow/.local/lib/python3.6/site-packages/airflow/example_dags/tutorial.py for tasks to queue
[2023-08-08 23:07:16,513] {logging_mixin.py:104} INFO - [2023-08-08 23:07:16,513] {dagbag.py:496} INFO - Filling up the DagBag from /home/airflow/.local/lib/python3.6/site-packages/airflow/example_dags/tutorial.py
[2023-08-08 23:07:16,557] {scheduler_job.py:643} INFO - DAG(s) dict_keys(['tutorial']) retrieved from /home/airflow/.local/lib/python3.6/site-packages/airflow/example_dags/tutorial.py
[2023-08-08 23:07:16,639] {logging_mixin.py:104} INFO - [2023-08-08 23:07:16,639] {dag.py:1833} INFO - Sync 1 DAGs
[2023-08-08 23:07:16,688] {logging_mixin.py:104} INFO - [2023-08-08 23:07:16,688] {dag.py:2306} INFO - Setting next_dagrun for tutorial to 2023-08-06 00:00:00+00:00
[2023-08-08 23:07:16,736] {scheduler_job.py:190} INFO - Processing /home/airflow/.local/lib/python3.6/site-packages/airflow/example_dags/tutorial.py took 0.276 seconds
[2023-08-08 23:07:47,275] {scheduler_job.py:182} INFO - Started process (PID=6232) to work on /home/airflow/.local/lib/python3.6/site-packages/airflow/example_dags/tutorial.py
[2023-08-08 23:07:47,284] {scheduler_job.py:633} INFO - Processing file /home/airflow/.local/lib/python3.6/site-packages/airflow/example_dags/tutorial.py for tasks to queue
[2023-08-08 23:07:47,294] {logging_mixin.py:104} INFO - [2023-08-08 23:07:47,294] {dagbag.py:496} INFO - Filling up the DagBag from /home/airflow/.local/lib/python3.6/site-packages/airflow/example_dags/tutorial.py
[2023-08-08 23:07:47,418] {scheduler_job.py:643} INFO - DAG(s) dict_keys(['tutorial']) retrieved from /home/airflow/.local/lib/python3.6/site-packages/airflow/example_dags/tutorial.py
[2023-08-08 23:07:47,571] {logging_mixin.py:104} INFO - [2023-08-08 23:07:47,571] {dag.py:1833} INFO - Sync 1 DAGs
[2023-08-08 23:07:47,657] {logging_mixin.py:104} INFO - [2023-08-08 23:07:47,657] {dag.py:2306} INFO - Setting next_dagrun for tutorial to 2023-08-06 00:00:00+00:00
[2023-08-08 23:07:47,725] {scheduler_job.py:190} INFO - Processing /home/airflow/.local/lib/python3.6/site-packages/airflow/example_dags/tutorial.py took 0.461 seconds
[2023-08-08 23:08:18,030] {scheduler_job.py:182} INFO - Started process (PID=6284) to work on /home/airflow/.local/lib/python3.6/site-packages/airflow/example_dags/tutorial.py
[2023-08-08 23:08:18,045] {scheduler_job.py:633} INFO - Processing file /home/airflow/.local/lib/python3.6/site-packages/airflow/example_dags/tutorial.py for tasks to queue
[2023-08-08 23:08:18,053] {logging_mixin.py:104} INFO - [2023-08-08 23:08:18,053] {dagbag.py:496} INFO - Filling up the DagBag from /home/airflow/.local/lib/python3.6/site-packages/airflow/example_dags/tutorial.py
[2023-08-08 23:08:18,185] {scheduler_job.py:643} INFO - DAG(s) dict_keys(['tutorial']) retrieved from /home/airflow/.local/lib/python3.6/site-packages/airflow/example_dags/tutorial.py
[2023-08-08 23:08:18,339] {logging_mixin.py:104} INFO - [2023-08-08 23:08:18,339] {dag.py:1833} INFO - Sync 1 DAGs
[2023-08-08 23:08:18,418] {logging_mixin.py:104} INFO - [2023-08-08 23:08:18,418] {dag.py:2306} INFO - Setting next_dagrun for tutorial to 2023-08-06 00:00:00+00:00
[2023-08-08 23:08:18,476] {scheduler_job.py:190} INFO - Processing /home/airflow/.local/lib/python3.6/site-packages/airflow/example_dags/tutorial.py took 0.505 seconds
[2023-08-08 23:08:48,965] {scheduler_job.py:182} INFO - Started process (PID=6334) to work on /home/airflow/.local/lib/python3.6/site-packages/airflow/example_dags/tutorial.py
[2023-08-08 23:08:48,974] {scheduler_job.py:633} INFO - Processing file /home/airflow/.local/lib/python3.6/site-packages/airflow/example_dags/tutorial.py for tasks to queue
[2023-08-08 23:08:48,979] {logging_mixin.py:104} INFO - [2023-08-08 23:08:48,979] {dagbag.py:496} INFO - Filling up the DagBag from /home/airflow/.local/lib/python3.6/site-packages/airflow/example_dags/tutorial.py
[2023-08-08 23:08:49,049] {scheduler_job.py:643} INFO - DAG(s) dict_keys(['tutorial']) retrieved from /home/airflow/.local/lib/python3.6/site-packages/airflow/example_dags/tutorial.py
[2023-08-08 23:08:49,138] {logging_mixin.py:104} INFO - [2023-08-08 23:08:49,138] {dag.py:1833} INFO - Sync 1 DAGs
[2023-08-08 23:08:49,200] {logging_mixin.py:104} INFO - [2023-08-08 23:08:49,200] {dag.py:2306} INFO - Setting next_dagrun for tutorial to 2023-08-06 00:00:00+00:00
[2023-08-08 23:08:49,229] {scheduler_job.py:190} INFO - Processing /home/airflow/.local/lib/python3.6/site-packages/airflow/example_dags/tutorial.py took 0.282 seconds
[2023-08-08 23:09:20,185] {scheduler_job.py:182} INFO - Started process (PID=6382) to work on /home/airflow/.local/lib/python3.6/site-packages/airflow/example_dags/tutorial.py
[2023-08-08 23:09:20,189] {scheduler_job.py:633} INFO - Processing file /home/airflow/.local/lib/python3.6/site-packages/airflow/example_dags/tutorial.py for tasks to queue
[2023-08-08 23:09:20,195] {logging_mixin.py:104} INFO - [2023-08-08 23:09:20,194] {dagbag.py:496} INFO - Filling up the DagBag from /home/airflow/.local/lib/python3.6/site-packages/airflow/example_dags/tutorial.py
[2023-08-08 23:09:20,268] {scheduler_job.py:643} INFO - DAG(s) dict_keys(['tutorial']) retrieved from /home/airflow/.local/lib/python3.6/site-packages/airflow/example_dags/tutorial.py
[2023-08-08 23:09:20,409] {logging_mixin.py:104} INFO - [2023-08-08 23:09:20,409] {dag.py:1833} INFO - Sync 1 DAGs
[2023-08-08 23:09:20,453] {logging_mixin.py:104} INFO - [2023-08-08 23:09:20,453] {dag.py:2306} INFO - Setting next_dagrun for tutorial to 2023-08-06 00:00:00+00:00
[2023-08-08 23:09:20,486] {scheduler_job.py:190} INFO - Processing /home/airflow/.local/lib/python3.6/site-packages/airflow/example_dags/tutorial.py took 0.314 seconds
[2023-08-08 23:09:50,921] {scheduler_job.py:182} INFO - Started process (PID=6427) to work on /home/airflow/.local/lib/python3.6/site-packages/airflow/example_dags/tutorial.py
[2023-08-08 23:09:50,927] {scheduler_job.py:633} INFO - Processing file /home/airflow/.local/lib/python3.6/site-packages/airflow/example_dags/tutorial.py for tasks to queue
[2023-08-08 23:09:50,940] {logging_mixin.py:104} INFO - [2023-08-08 23:09:50,940] {dagbag.py:496} INFO - Filling up the DagBag from /home/airflow/.local/lib/python3.6/site-packages/airflow/example_dags/tutorial.py
[2023-08-08 23:09:51,027] {scheduler_job.py:643} INFO - DAG(s) dict_keys(['tutorial']) retrieved from /home/airflow/.local/lib/python3.6/site-packages/airflow/example_dags/tutorial.py
[2023-08-08 23:09:51,084] {logging_mixin.py:104} INFO - [2023-08-08 23:09:51,084] {dag.py:1833} INFO - Sync 1 DAGs
[2023-08-08 23:09:51,118] {logging_mixin.py:104} INFO - [2023-08-08 23:09:51,118] {dag.py:2306} INFO - Setting next_dagrun for tutorial to 2023-08-06 00:00:00+00:00
[2023-08-08 23:09:51,146] {scheduler_job.py:190} INFO - Processing /home/airflow/.local/lib/python3.6/site-packages/airflow/example_dags/tutorial.py took 0.237 seconds
[2023-08-08 23:10:21,534] {scheduler_job.py:182} INFO - Started process (PID=6478) to work on /home/airflow/.local/lib/python3.6/site-packages/airflow/example_dags/tutorial.py
[2023-08-08 23:10:21,540] {scheduler_job.py:633} INFO - Processing file /home/airflow/.local/lib/python3.6/site-packages/airflow/example_dags/tutorial.py for tasks to queue
[2023-08-08 23:10:21,546] {logging_mixin.py:104} INFO - [2023-08-08 23:10:21,545] {dagbag.py:496} INFO - Filling up the DagBag from /home/airflow/.local/lib/python3.6/site-packages/airflow/example_dags/tutorial.py
[2023-08-08 23:10:21,608] {scheduler_job.py:643} INFO - DAG(s) dict_keys(['tutorial']) retrieved from /home/airflow/.local/lib/python3.6/site-packages/airflow/example_dags/tutorial.py
[2023-08-08 23:10:21,682] {logging_mixin.py:104} INFO - [2023-08-08 23:10:21,682] {dag.py:1833} INFO - Sync 1 DAGs
[2023-08-08 23:10:21,715] {logging_mixin.py:104} INFO - [2023-08-08 23:10:21,715] {dag.py:2306} INFO - Setting next_dagrun for tutorial to 2023-08-06 00:00:00+00:00
[2023-08-08 23:10:21,751] {scheduler_job.py:190} INFO - Processing /home/airflow/.local/lib/python3.6/site-packages/airflow/example_dags/tutorial.py took 0.230 seconds
[2023-08-08 23:10:52,660] {scheduler_job.py:182} INFO - Started process (PID=6528) to work on /home/airflow/.local/lib/python3.6/site-packages/airflow/example_dags/tutorial.py
[2023-08-08 23:10:52,679] {scheduler_job.py:633} INFO - Processing file /home/airflow/.local/lib/python3.6/site-packages/airflow/example_dags/tutorial.py for tasks to queue
[2023-08-08 23:10:52,688] {logging_mixin.py:104} INFO - [2023-08-08 23:10:52,687] {dagbag.py:496} INFO - Filling up the DagBag from /home/airflow/.local/lib/python3.6/site-packages/airflow/example_dags/tutorial.py
[2023-08-08 23:10:52,725] {scheduler_job.py:643} INFO - DAG(s) dict_keys(['tutorial']) retrieved from /home/airflow/.local/lib/python3.6/site-packages/airflow/example_dags/tutorial.py
[2023-08-08 23:10:52,811] {logging_mixin.py:104} INFO - [2023-08-08 23:10:52,811] {dag.py:1833} INFO - Sync 1 DAGs
[2023-08-08 23:10:52,925] {logging_mixin.py:104} INFO - [2023-08-08 23:10:52,925] {dag.py:2306} INFO - Setting next_dagrun for tutorial to 2023-08-06 00:00:00+00:00
[2023-08-08 23:10:52,969] {scheduler_job.py:190} INFO - Processing /home/airflow/.local/lib/python3.6/site-packages/airflow/example_dags/tutorial.py took 0.317 seconds
[2023-08-08 23:11:23,558] {scheduler_job.py:182} INFO - Started process (PID=6578) to work on /home/airflow/.local/lib/python3.6/site-packages/airflow/example_dags/tutorial.py
[2023-08-08 23:11:23,579] {scheduler_job.py:633} INFO - Processing file /home/airflow/.local/lib/python3.6/site-packages/airflow/example_dags/tutorial.py for tasks to queue
[2023-08-08 23:11:23,591] {logging_mixin.py:104} INFO - [2023-08-08 23:11:23,588] {dagbag.py:496} INFO - Filling up the DagBag from /home/airflow/.local/lib/python3.6/site-packages/airflow/example_dags/tutorial.py
[2023-08-08 23:11:23,761] {scheduler_job.py:643} INFO - DAG(s) dict_keys(['tutorial']) retrieved from /home/airflow/.local/lib/python3.6/site-packages/airflow/example_dags/tutorial.py
[2023-08-08 23:11:24,066] {logging_mixin.py:104} INFO - [2023-08-08 23:11:24,066] {dag.py:1833} INFO - Sync 1 DAGs
[2023-08-08 23:11:24,239] {logging_mixin.py:104} INFO - [2023-08-08 23:11:24,238] {dag.py:2306} INFO - Setting next_dagrun for tutorial to 2023-08-06 00:00:00+00:00
[2023-08-08 23:11:24,330] {scheduler_job.py:190} INFO - Processing /home/airflow/.local/lib/python3.6/site-packages/airflow/example_dags/tutorial.py took 0.802 seconds
[2023-08-08 23:11:54,709] {scheduler_job.py:182} INFO - Started process (PID=6629) to work on /home/airflow/.local/lib/python3.6/site-packages/airflow/example_dags/tutorial.py
[2023-08-08 23:11:54,714] {scheduler_job.py:633} INFO - Processing file /home/airflow/.local/lib/python3.6/site-packages/airflow/example_dags/tutorial.py for tasks to queue
[2023-08-08 23:11:54,736] {logging_mixin.py:104} INFO - [2023-08-08 23:11:54,723] {dagbag.py:496} INFO - Filling up the DagBag from /home/airflow/.local/lib/python3.6/site-packages/airflow/example_dags/tutorial.py
[2023-08-08 23:11:54,893] {scheduler_job.py:643} INFO - DAG(s) dict_keys(['tutorial']) retrieved from /home/airflow/.local/lib/python3.6/site-packages/airflow/example_dags/tutorial.py
[2023-08-08 23:11:55,036] {logging_mixin.py:104} INFO - [2023-08-08 23:11:55,035] {dag.py:1833} INFO - Sync 1 DAGs
[2023-08-08 23:11:55,089] {logging_mixin.py:104} INFO - [2023-08-08 23:11:55,089] {dag.py:2306} INFO - Setting next_dagrun for tutorial to 2023-08-06 00:00:00+00:00
[2023-08-08 23:11:55,119] {scheduler_job.py:190} INFO - Processing /home/airflow/.local/lib/python3.6/site-packages/airflow/example_dags/tutorial.py took 0.450 seconds
[2023-08-08 23:12:25,625] {scheduler_job.py:182} INFO - Started process (PID=6679) to work on /home/airflow/.local/lib/python3.6/site-packages/airflow/example_dags/tutorial.py
[2023-08-08 23:12:25,637] {scheduler_job.py:633} INFO - Processing file /home/airflow/.local/lib/python3.6/site-packages/airflow/example_dags/tutorial.py for tasks to queue
[2023-08-08 23:12:25,650] {logging_mixin.py:104} INFO - [2023-08-08 23:12:25,645] {dagbag.py:496} INFO - Filling up the DagBag from /home/airflow/.local/lib/python3.6/site-packages/airflow/example_dags/tutorial.py
[2023-08-08 23:12:25,843] {scheduler_job.py:643} INFO - DAG(s) dict_keys(['tutorial']) retrieved from /home/airflow/.local/lib/python3.6/site-packages/airflow/example_dags/tutorial.py
[2023-08-08 23:12:26,092] {logging_mixin.py:104} INFO - [2023-08-08 23:12:26,092] {dag.py:1833} INFO - Sync 1 DAGs
[2023-08-08 23:12:26,230] {logging_mixin.py:104} INFO - [2023-08-08 23:12:26,230] {dag.py:2306} INFO - Setting next_dagrun for tutorial to 2023-08-06 00:00:00+00:00
[2023-08-08 23:12:26,270] {scheduler_job.py:190} INFO - Processing /home/airflow/.local/lib/python3.6/site-packages/airflow/example_dags/tutorial.py took 0.674 seconds
[2023-08-08 23:12:57,104] {scheduler_job.py:182} INFO - Started process (PID=6719) to work on /home/airflow/.local/lib/python3.6/site-packages/airflow/example_dags/tutorial.py
[2023-08-08 23:12:57,110] {scheduler_job.py:633} INFO - Processing file /home/airflow/.local/lib/python3.6/site-packages/airflow/example_dags/tutorial.py for tasks to queue
[2023-08-08 23:12:57,117] {logging_mixin.py:104} INFO - [2023-08-08 23:12:57,117] {dagbag.py:496} INFO - Filling up the DagBag from /home/airflow/.local/lib/python3.6/site-packages/airflow/example_dags/tutorial.py
[2023-08-08 23:12:57,172] {scheduler_job.py:643} INFO - DAG(s) dict_keys(['tutorial']) retrieved from /home/airflow/.local/lib/python3.6/site-packages/airflow/example_dags/tutorial.py
[2023-08-08 23:12:57,321] {logging_mixin.py:104} INFO - [2023-08-08 23:12:57,321] {dag.py:1833} INFO - Sync 1 DAGs
[2023-08-08 23:12:57,383] {logging_mixin.py:104} INFO - [2023-08-08 23:12:57,383] {dag.py:2306} INFO - Setting next_dagrun for tutorial to 2023-08-06 00:00:00+00:00
[2023-08-08 23:12:57,434] {scheduler_job.py:190} INFO - Processing /home/airflow/.local/lib/python3.6/site-packages/airflow/example_dags/tutorial.py took 0.348 seconds
[2023-08-08 23:13:27,567] {scheduler_job.py:182} INFO - Started process (PID=6770) to work on /home/airflow/.local/lib/python3.6/site-packages/airflow/example_dags/tutorial.py
[2023-08-08 23:13:27,573] {scheduler_job.py:633} INFO - Processing file /home/airflow/.local/lib/python3.6/site-packages/airflow/example_dags/tutorial.py for tasks to queue
[2023-08-08 23:13:27,578] {logging_mixin.py:104} INFO - [2023-08-08 23:13:27,576] {dagbag.py:496} INFO - Filling up the DagBag from /home/airflow/.local/lib/python3.6/site-packages/airflow/example_dags/tutorial.py
[2023-08-08 23:13:27,637] {scheduler_job.py:643} INFO - DAG(s) dict_keys(['tutorial']) retrieved from /home/airflow/.local/lib/python3.6/site-packages/airflow/example_dags/tutorial.py
[2023-08-08 23:13:27,732] {logging_mixin.py:104} INFO - [2023-08-08 23:13:27,731] {dag.py:1833} INFO - Sync 1 DAGs
[2023-08-08 23:13:27,783] {logging_mixin.py:104} INFO - [2023-08-08 23:13:27,783] {dag.py:2306} INFO - Setting next_dagrun for tutorial to 2023-08-06 00:00:00+00:00
[2023-08-08 23:13:27,831] {scheduler_job.py:190} INFO - Processing /home/airflow/.local/lib/python3.6/site-packages/airflow/example_dags/tutorial.py took 0.275 seconds
[2023-08-08 23:13:58,414] {scheduler_job.py:182} INFO - Started process (PID=6821) to work on /home/airflow/.local/lib/python3.6/site-packages/airflow/example_dags/tutorial.py
[2023-08-08 23:13:58,425] {scheduler_job.py:633} INFO - Processing file /home/airflow/.local/lib/python3.6/site-packages/airflow/example_dags/tutorial.py for tasks to queue
[2023-08-08 23:13:58,429] {logging_mixin.py:104} INFO - [2023-08-08 23:13:58,428] {dagbag.py:496} INFO - Filling up the DagBag from /home/airflow/.local/lib/python3.6/site-packages/airflow/example_dags/tutorial.py
[2023-08-08 23:13:58,586] {scheduler_job.py:643} INFO - DAG(s) dict_keys(['tutorial']) retrieved from /home/airflow/.local/lib/python3.6/site-packages/airflow/example_dags/tutorial.py
[2023-08-08 23:13:58,953] {logging_mixin.py:104} INFO - [2023-08-08 23:13:58,952] {dag.py:1833} INFO - Sync 1 DAGs
[2023-08-08 23:13:59,091] {logging_mixin.py:104} INFO - [2023-08-08 23:13:59,091] {dag.py:2306} INFO - Setting next_dagrun for tutorial to 2023-08-06 00:00:00+00:00
[2023-08-08 23:13:59,149] {scheduler_job.py:190} INFO - Processing /home/airflow/.local/lib/python3.6/site-packages/airflow/example_dags/tutorial.py took 0.741 seconds
[2023-08-08 23:14:30,014] {scheduler_job.py:182} INFO - Started process (PID=6872) to work on /home/airflow/.local/lib/python3.6/site-packages/airflow/example_dags/tutorial.py
[2023-08-08 23:14:30,020] {scheduler_job.py:633} INFO - Processing file /home/airflow/.local/lib/python3.6/site-packages/airflow/example_dags/tutorial.py for tasks to queue
[2023-08-08 23:14:30,025] {logging_mixin.py:104} INFO - [2023-08-08 23:14:30,025] {dagbag.py:496} INFO - Filling up the DagBag from /home/airflow/.local/lib/python3.6/site-packages/airflow/example_dags/tutorial.py
[2023-08-08 23:14:30,070] {scheduler_job.py:643} INFO - DAG(s) dict_keys(['tutorial']) retrieved from /home/airflow/.local/lib/python3.6/site-packages/airflow/example_dags/tutorial.py
[2023-08-08 23:14:30,133] {logging_mixin.py:104} INFO - [2023-08-08 23:14:30,133] {dag.py:1833} INFO - Sync 1 DAGs
[2023-08-08 23:14:30,162] {logging_mixin.py:104} INFO - [2023-08-08 23:14:30,162] {dag.py:2306} INFO - Setting next_dagrun for tutorial to 2023-08-06 00:00:00+00:00
[2023-08-08 23:14:30,192] {scheduler_job.py:190} INFO - Processing /home/airflow/.local/lib/python3.6/site-packages/airflow/example_dags/tutorial.py took 0.198 seconds
[2023-08-08 23:15:00,763] {scheduler_job.py:182} INFO - Started process (PID=6922) to work on /home/airflow/.local/lib/python3.6/site-packages/airflow/example_dags/tutorial.py
[2023-08-08 23:15:00,775] {scheduler_job.py:633} INFO - Processing file /home/airflow/.local/lib/python3.6/site-packages/airflow/example_dags/tutorial.py for tasks to queue
[2023-08-08 23:15:00,784] {logging_mixin.py:104} INFO - [2023-08-08 23:15:00,784] {dagbag.py:496} INFO - Filling up the DagBag from /home/airflow/.local/lib/python3.6/site-packages/airflow/example_dags/tutorial.py
[2023-08-08 23:15:00,922] {scheduler_job.py:643} INFO - DAG(s) dict_keys(['tutorial']) retrieved from /home/airflow/.local/lib/python3.6/site-packages/airflow/example_dags/tutorial.py
[2023-08-08 23:15:01,063] {logging_mixin.py:104} INFO - [2023-08-08 23:15:01,063] {dag.py:1833} INFO - Sync 1 DAGs
[2023-08-08 23:15:01,104] {logging_mixin.py:104} INFO - [2023-08-08 23:15:01,103] {dag.py:2306} INFO - Setting next_dagrun for tutorial to 2023-08-06 00:00:00+00:00
[2023-08-08 23:15:01,143] {scheduler_job.py:190} INFO - Processing /home/airflow/.local/lib/python3.6/site-packages/airflow/example_dags/tutorial.py took 0.405 seconds
[2023-08-08 23:15:31,626] {scheduler_job.py:182} INFO - Started process (PID=6971) to work on /home/airflow/.local/lib/python3.6/site-packages/airflow/example_dags/tutorial.py
[2023-08-08 23:15:31,639] {scheduler_job.py:633} INFO - Processing file /home/airflow/.local/lib/python3.6/site-packages/airflow/example_dags/tutorial.py for tasks to queue
[2023-08-08 23:15:31,646] {logging_mixin.py:104} INFO - [2023-08-08 23:15:31,646] {dagbag.py:496} INFO - Filling up the DagBag from /home/airflow/.local/lib/python3.6/site-packages/airflow/example_dags/tutorial.py
[2023-08-08 23:15:31,749] {scheduler_job.py:643} INFO - DAG(s) dict_keys(['tutorial']) retrieved from /home/airflow/.local/lib/python3.6/site-packages/airflow/example_dags/tutorial.py
[2023-08-08 23:15:31,930] {logging_mixin.py:104} INFO - [2023-08-08 23:15:31,930] {dag.py:1833} INFO - Sync 1 DAGs
[2023-08-08 23:15:31,993] {logging_mixin.py:104} INFO - [2023-08-08 23:15:31,992] {dag.py:2306} INFO - Setting next_dagrun for tutorial to 2023-08-06 00:00:00+00:00
[2023-08-08 23:15:32,087] {scheduler_job.py:190} INFO - Processing /home/airflow/.local/lib/python3.6/site-packages/airflow/example_dags/tutorial.py took 0.480 seconds
[2023-08-08 23:16:02,215] {scheduler_job.py:182} INFO - Started process (PID=7012) to work on /home/airflow/.local/lib/python3.6/site-packages/airflow/example_dags/tutorial.py
[2023-08-08 23:16:02,220] {scheduler_job.py:633} INFO - Processing file /home/airflow/.local/lib/python3.6/site-packages/airflow/example_dags/tutorial.py for tasks to queue
[2023-08-08 23:16:02,224] {logging_mixin.py:104} INFO - [2023-08-08 23:16:02,224] {dagbag.py:496} INFO - Filling up the DagBag from /home/airflow/.local/lib/python3.6/site-packages/airflow/example_dags/tutorial.py
[2023-08-08 23:16:02,262] {scheduler_job.py:643} INFO - DAG(s) dict_keys(['tutorial']) retrieved from /home/airflow/.local/lib/python3.6/site-packages/airflow/example_dags/tutorial.py
[2023-08-08 23:16:02,307] {logging_mixin.py:104} INFO - [2023-08-08 23:16:02,307] {dag.py:1833} INFO - Sync 1 DAGs
[2023-08-08 23:16:02,330] {logging_mixin.py:104} INFO - [2023-08-08 23:16:02,330] {dag.py:2306} INFO - Setting next_dagrun for tutorial to 2023-08-06 00:00:00+00:00
[2023-08-08 23:16:02,377] {scheduler_job.py:190} INFO - Processing /home/airflow/.local/lib/python3.6/site-packages/airflow/example_dags/tutorial.py took 0.169 seconds
[2023-08-08 23:16:33,096] {scheduler_job.py:182} INFO - Started process (PID=7062) to work on /home/airflow/.local/lib/python3.6/site-packages/airflow/example_dags/tutorial.py
[2023-08-08 23:16:33,103] {scheduler_job.py:633} INFO - Processing file /home/airflow/.local/lib/python3.6/site-packages/airflow/example_dags/tutorial.py for tasks to queue
[2023-08-08 23:16:33,109] {logging_mixin.py:104} INFO - [2023-08-08 23:16:33,107] {dagbag.py:496} INFO - Filling up the DagBag from /home/airflow/.local/lib/python3.6/site-packages/airflow/example_dags/tutorial.py
[2023-08-08 23:16:33,170] {scheduler_job.py:643} INFO - DAG(s) dict_keys(['tutorial']) retrieved from /home/airflow/.local/lib/python3.6/site-packages/airflow/example_dags/tutorial.py
[2023-08-08 23:16:33,244] {logging_mixin.py:104} INFO - [2023-08-08 23:16:33,244] {dag.py:1833} INFO - Sync 1 DAGs
[2023-08-08 23:16:33,285] {logging_mixin.py:104} INFO - [2023-08-08 23:16:33,284] {dag.py:2306} INFO - Setting next_dagrun for tutorial to 2023-08-06 00:00:00+00:00
[2023-08-08 23:16:33,381] {scheduler_job.py:190} INFO - Processing /home/airflow/.local/lib/python3.6/site-packages/airflow/example_dags/tutorial.py took 0.311 seconds
[2023-08-08 23:17:05,197] {scheduler_job.py:182} INFO - Started process (PID=7110) to work on /home/airflow/.local/lib/python3.6/site-packages/airflow/example_dags/tutorial.py
[2023-08-08 23:17:05,224] {scheduler_job.py:633} INFO - Processing file /home/airflow/.local/lib/python3.6/site-packages/airflow/example_dags/tutorial.py for tasks to queue
[2023-08-08 23:17:05,229] {logging_mixin.py:104} INFO - [2023-08-08 23:17:05,229] {dagbag.py:496} INFO - Filling up the DagBag from /home/airflow/.local/lib/python3.6/site-packages/airflow/example_dags/tutorial.py
[2023-08-08 23:17:05,360] {scheduler_job.py:643} INFO - DAG(s) dict_keys(['tutorial']) retrieved from /home/airflow/.local/lib/python3.6/site-packages/airflow/example_dags/tutorial.py
[2023-08-08 23:17:05,506] {logging_mixin.py:104} INFO - [2023-08-08 23:17:05,506] {dag.py:1833} INFO - Sync 1 DAGs
[2023-08-08 23:17:05,591] {logging_mixin.py:104} INFO - [2023-08-08 23:17:05,591] {dag.py:2306} INFO - Setting next_dagrun for tutorial to 2023-08-06 00:00:00+00:00
[2023-08-08 23:17:05,620] {scheduler_job.py:190} INFO - Processing /home/airflow/.local/lib/python3.6/site-packages/airflow/example_dags/tutorial.py took 0.458 seconds
[2023-08-08 23:17:36,572] {scheduler_job.py:182} INFO - Started process (PID=7156) to work on /home/airflow/.local/lib/python3.6/site-packages/airflow/example_dags/tutorial.py
[2023-08-08 23:17:36,593] {scheduler_job.py:633} INFO - Processing file /home/airflow/.local/lib/python3.6/site-packages/airflow/example_dags/tutorial.py for tasks to queue
[2023-08-08 23:17:36,606] {logging_mixin.py:104} INFO - [2023-08-08 23:17:36,606] {dagbag.py:496} INFO - Filling up the DagBag from /home/airflow/.local/lib/python3.6/site-packages/airflow/example_dags/tutorial.py
[2023-08-08 23:17:36,734] {scheduler_job.py:643} INFO - DAG(s) dict_keys(['tutorial']) retrieved from /home/airflow/.local/lib/python3.6/site-packages/airflow/example_dags/tutorial.py
[2023-08-08 23:17:36,859] {logging_mixin.py:104} INFO - [2023-08-08 23:17:36,858] {dag.py:1833} INFO - Sync 1 DAGs
[2023-08-08 23:17:36,951] {logging_mixin.py:104} INFO - [2023-08-08 23:17:36,950] {dag.py:2306} INFO - Setting next_dagrun for tutorial to 2023-08-06 00:00:00+00:00
[2023-08-08 23:17:37,040] {scheduler_job.py:190} INFO - Processing /home/airflow/.local/lib/python3.6/site-packages/airflow/example_dags/tutorial.py took 0.523 seconds
[2023-08-08 23:18:07,257] {scheduler_job.py:182} INFO - Started process (PID=7201) to work on /home/airflow/.local/lib/python3.6/site-packages/airflow/example_dags/tutorial.py
[2023-08-08 23:18:07,261] {scheduler_job.py:633} INFO - Processing file /home/airflow/.local/lib/python3.6/site-packages/airflow/example_dags/tutorial.py for tasks to queue
[2023-08-08 23:18:07,264] {logging_mixin.py:104} INFO - [2023-08-08 23:18:07,263] {dagbag.py:496} INFO - Filling up the DagBag from /home/airflow/.local/lib/python3.6/site-packages/airflow/example_dags/tutorial.py
[2023-08-08 23:18:07,300] {scheduler_job.py:643} INFO - DAG(s) dict_keys(['tutorial']) retrieved from /home/airflow/.local/lib/python3.6/site-packages/airflow/example_dags/tutorial.py
[2023-08-08 23:18:07,357] {logging_mixin.py:104} INFO - [2023-08-08 23:18:07,357] {dag.py:1833} INFO - Sync 1 DAGs
[2023-08-08 23:18:07,387] {logging_mixin.py:104} INFO - [2023-08-08 23:18:07,387] {dag.py:2306} INFO - Setting next_dagrun for tutorial to 2023-08-06 00:00:00+00:00
[2023-08-08 23:18:07,410] {scheduler_job.py:190} INFO - Processing /home/airflow/.local/lib/python3.6/site-packages/airflow/example_dags/tutorial.py took 0.162 seconds
[2023-08-08 23:18:41,065] {scheduler_job.py:182} INFO - Started process (PID=7251) to work on /home/airflow/.local/lib/python3.6/site-packages/airflow/example_dags/tutorial.py
[2023-08-08 23:18:41,079] {scheduler_job.py:633} INFO - Processing file /home/airflow/.local/lib/python3.6/site-packages/airflow/example_dags/tutorial.py for tasks to queue
[2023-08-08 23:18:41,083] {logging_mixin.py:104} INFO - [2023-08-08 23:18:41,082] {dagbag.py:496} INFO - Filling up the DagBag from /home/airflow/.local/lib/python3.6/site-packages/airflow/example_dags/tutorial.py
[2023-08-08 23:18:41,188] {scheduler_job.py:643} INFO - DAG(s) dict_keys(['tutorial']) retrieved from /home/airflow/.local/lib/python3.6/site-packages/airflow/example_dags/tutorial.py
[2023-08-08 23:18:41,348] {logging_mixin.py:104} INFO - [2023-08-08 23:18:41,347] {dag.py:1833} INFO - Sync 1 DAGs
[2023-08-08 23:18:41,402] {logging_mixin.py:104} INFO - [2023-08-08 23:18:41,402] {dag.py:2306} INFO - Setting next_dagrun for tutorial to 2023-08-06 00:00:00+00:00
[2023-08-08 23:18:41,446] {scheduler_job.py:190} INFO - Processing /home/airflow/.local/lib/python3.6/site-packages/airflow/example_dags/tutorial.py took 0.400 seconds
[2023-08-08 23:19:11,927] {scheduler_job.py:182} INFO - Started process (PID=7303) to work on /home/airflow/.local/lib/python3.6/site-packages/airflow/example_dags/tutorial.py
[2023-08-08 23:19:11,934] {scheduler_job.py:633} INFO - Processing file /home/airflow/.local/lib/python3.6/site-packages/airflow/example_dags/tutorial.py for tasks to queue
[2023-08-08 23:19:11,938] {logging_mixin.py:104} INFO - [2023-08-08 23:19:11,938] {dagbag.py:496} INFO - Filling up the DagBag from /home/airflow/.local/lib/python3.6/site-packages/airflow/example_dags/tutorial.py
[2023-08-08 23:19:12,011] {scheduler_job.py:643} INFO - DAG(s) dict_keys(['tutorial']) retrieved from /home/airflow/.local/lib/python3.6/site-packages/airflow/example_dags/tutorial.py
[2023-08-08 23:19:12,101] {logging_mixin.py:104} INFO - [2023-08-08 23:19:12,101] {dag.py:1833} INFO - Sync 1 DAGs
[2023-08-08 23:19:12,153] {logging_mixin.py:104} INFO - [2023-08-08 23:19:12,153] {dag.py:2306} INFO - Setting next_dagrun for tutorial to 2023-08-06 00:00:00+00:00
[2023-08-08 23:19:12,190] {scheduler_job.py:190} INFO - Processing /home/airflow/.local/lib/python3.6/site-packages/airflow/example_dags/tutorial.py took 0.283 seconds
[2023-08-08 23:19:42,993] {scheduler_job.py:182} INFO - Started process (PID=7353) to work on /home/airflow/.local/lib/python3.6/site-packages/airflow/example_dags/tutorial.py
[2023-08-08 23:19:43,001] {scheduler_job.py:633} INFO - Processing file /home/airflow/.local/lib/python3.6/site-packages/airflow/example_dags/tutorial.py for tasks to queue
[2023-08-08 23:19:43,013] {logging_mixin.py:104} INFO - [2023-08-08 23:19:43,013] {dagbag.py:496} INFO - Filling up the DagBag from /home/airflow/.local/lib/python3.6/site-packages/airflow/example_dags/tutorial.py
[2023-08-08 23:19:43,098] {scheduler_job.py:643} INFO - DAG(s) dict_keys(['tutorial']) retrieved from /home/airflow/.local/lib/python3.6/site-packages/airflow/example_dags/tutorial.py
[2023-08-08 23:19:43,222] {logging_mixin.py:104} INFO - [2023-08-08 23:19:43,222] {dag.py:1833} INFO - Sync 1 DAGs
[2023-08-08 23:19:43,282] {logging_mixin.py:104} INFO - [2023-08-08 23:19:43,282] {dag.py:2306} INFO - Setting next_dagrun for tutorial to 2023-08-06 00:00:00+00:00
[2023-08-08 23:19:43,329] {scheduler_job.py:190} INFO - Processing /home/airflow/.local/lib/python3.6/site-packages/airflow/example_dags/tutorial.py took 0.358 seconds
