[2023-08-18 06:22:12,369] {scheduler_job.py:182} INFO - Started process (PID=42468) to work on /home/airflow/.local/lib/python3.6/site-packages/airflow/example_dags/example_trigger_target_dag.py
[2023-08-18 06:22:12,394] {scheduler_job.py:633} INFO - Processing file /home/airflow/.local/lib/python3.6/site-packages/airflow/example_dags/example_trigger_target_dag.py for tasks to queue
[2023-08-18 06:22:12,424] {logging_mixin.py:104} INFO - [2023-08-18 06:22:12,423] {dagbag.py:496} INFO - Filling up the DagBag from /home/airflow/.local/lib/python3.6/site-packages/airflow/example_dags/example_trigger_target_dag.py
[2023-08-18 06:22:12,845] {scheduler_job.py:643} INFO - DAG(s) dict_keys(['example_trigger_target_dag']) retrieved from /home/airflow/.local/lib/python3.6/site-packages/airflow/example_dags/example_trigger_target_dag.py
[2023-08-18 06:22:37,608] {logging_mixin.py:104} INFO - [2023-08-18 06:22:37,608] {dag.py:1833} INFO - Sync 1 DAGs
[2023-08-18 06:22:37,818] {logging_mixin.py:104} INFO - [2023-08-18 06:22:37,818] {dag.py:2306} INFO - Setting next_dagrun for example_trigger_target_dag to None
[2023-08-18 06:22:38,145] {scheduler_job.py:190} INFO - Processing /home/airflow/.local/lib/python3.6/site-packages/airflow/example_dags/example_trigger_target_dag.py took 25.507 seconds
[2023-08-18 06:25:13,816] {scheduler_job.py:182} INFO - Started process (PID=42542) to work on /home/airflow/.local/lib/python3.6/site-packages/airflow/example_dags/example_trigger_target_dag.py
[2023-08-18 06:25:13,897] {scheduler_job.py:633} INFO - Processing file /home/airflow/.local/lib/python3.6/site-packages/airflow/example_dags/example_trigger_target_dag.py for tasks to queue
[2023-08-18 06:25:13,985] {logging_mixin.py:104} INFO - [2023-08-18 06:25:13,972] {dagbag.py:496} INFO - Filling up the DagBag from /home/airflow/.local/lib/python3.6/site-packages/airflow/example_dags/example_trigger_target_dag.py
[2023-08-18 06:25:15,108] {scheduler_job.py:643} INFO - DAG(s) dict_keys(['example_trigger_target_dag']) retrieved from /home/airflow/.local/lib/python3.6/site-packages/airflow/example_dags/example_trigger_target_dag.py
[2023-08-18 06:25:16,901] {logging_mixin.py:104} INFO - [2023-08-18 06:25:16,857] {dag.py:1833} INFO - Sync 1 DAGs
[2023-08-18 06:25:17,795] {logging_mixin.py:104} INFO - [2023-08-18 06:25:17,795] {dag.py:2306} INFO - Setting next_dagrun for example_trigger_target_dag to None
[2023-08-18 06:25:18,506] {scheduler_job.py:190} INFO - Processing /home/airflow/.local/lib/python3.6/site-packages/airflow/example_dags/example_trigger_target_dag.py took 4.945 seconds
[2023-08-18 06:28:13,174] {scheduler_job.py:182} INFO - Started process (PID=42599) to work on /home/airflow/.local/lib/python3.6/site-packages/airflow/example_dags/example_trigger_target_dag.py
[2023-08-18 06:28:13,276] {scheduler_job.py:633} INFO - Processing file /home/airflow/.local/lib/python3.6/site-packages/airflow/example_dags/example_trigger_target_dag.py for tasks to queue
[2023-08-18 06:28:13,336] {logging_mixin.py:104} INFO - [2023-08-18 06:28:13,310] {dagbag.py:496} INFO - Filling up the DagBag from /home/airflow/.local/lib/python3.6/site-packages/airflow/example_dags/example_trigger_target_dag.py
[2023-08-18 06:28:14,915] {scheduler_job.py:643} INFO - DAG(s) dict_keys(['example_trigger_target_dag']) retrieved from /home/airflow/.local/lib/python3.6/site-packages/airflow/example_dags/example_trigger_target_dag.py
[2023-08-18 06:28:16,279] {logging_mixin.py:104} INFO - [2023-08-18 06:28:16,279] {dag.py:1833} INFO - Sync 1 DAGs
[2023-08-18 06:28:17,292] {logging_mixin.py:104} INFO - [2023-08-18 06:28:17,263] {dag.py:2306} INFO - Setting next_dagrun for example_trigger_target_dag to None
[2023-08-18 06:28:17,924] {scheduler_job.py:190} INFO - Processing /home/airflow/.local/lib/python3.6/site-packages/airflow/example_dags/example_trigger_target_dag.py took 5.145 seconds
[2023-08-18 06:29:23,726] {scheduler_job.py:182} INFO - Started process (PID=42631) to work on /home/airflow/.local/lib/python3.6/site-packages/airflow/example_dags/example_trigger_target_dag.py
[2023-08-18 06:29:23,862] {scheduler_job.py:633} INFO - Processing file /home/airflow/.local/lib/python3.6/site-packages/airflow/example_dags/example_trigger_target_dag.py for tasks to queue
[2023-08-18 06:29:23,955] {logging_mixin.py:104} INFO - [2023-08-18 06:29:23,905] {dagbag.py:496} INFO - Filling up the DagBag from /home/airflow/.local/lib/python3.6/site-packages/airflow/example_dags/example_trigger_target_dag.py
[2023-08-18 06:29:25,583] {scheduler_job.py:643} INFO - DAG(s) dict_keys(['example_trigger_target_dag']) retrieved from /home/airflow/.local/lib/python3.6/site-packages/airflow/example_dags/example_trigger_target_dag.py
[2023-08-18 06:29:27,557] {logging_mixin.py:104} INFO - [2023-08-18 06:29:27,525] {dag.py:1833} INFO - Sync 1 DAGs
[2023-08-18 06:29:28,672] {logging_mixin.py:104} INFO - [2023-08-18 06:29:28,672] {dag.py:2306} INFO - Setting next_dagrun for example_trigger_target_dag to None
[2023-08-18 06:29:29,531] {scheduler_job.py:190} INFO - Processing /home/airflow/.local/lib/python3.6/site-packages/airflow/example_dags/example_trigger_target_dag.py took 6.192 seconds
[2023-08-18 06:30:31,980] {scheduler_job.py:182} INFO - Started process (PID=42662) to work on /home/airflow/.local/lib/python3.6/site-packages/airflow/example_dags/example_trigger_target_dag.py
[2023-08-18 06:30:32,027] {scheduler_job.py:633} INFO - Processing file /home/airflow/.local/lib/python3.6/site-packages/airflow/example_dags/example_trigger_target_dag.py for tasks to queue
[2023-08-18 06:30:32,057] {logging_mixin.py:104} INFO - [2023-08-18 06:30:32,035] {dagbag.py:496} INFO - Filling up the DagBag from /home/airflow/.local/lib/python3.6/site-packages/airflow/example_dags/example_trigger_target_dag.py
[2023-08-18 06:30:33,153] {scheduler_job.py:643} INFO - DAG(s) dict_keys(['example_trigger_target_dag']) retrieved from /home/airflow/.local/lib/python3.6/site-packages/airflow/example_dags/example_trigger_target_dag.py
[2023-08-18 06:30:34,922] {logging_mixin.py:104} INFO - [2023-08-18 06:30:34,921] {dag.py:1833} INFO - Sync 1 DAGs
[2023-08-18 06:30:35,693] {logging_mixin.py:104} INFO - [2023-08-18 06:30:35,668] {dag.py:2306} INFO - Setting next_dagrun for example_trigger_target_dag to None
[2023-08-18 06:30:36,095] {scheduler_job.py:190} INFO - Processing /home/airflow/.local/lib/python3.6/site-packages/airflow/example_dags/example_trigger_target_dag.py took 4.346 seconds
