[2023-08-18 06:21:57,938] {scheduler_job.py:182} INFO - Started process (PID=42463) to work on /home/airflow/.local/lib/python3.6/site-packages/airflow/example_dags/example_kubernetes_executor.py
[2023-08-18 06:21:58,048] {scheduler_job.py:633} INFO - Processing file /home/airflow/.local/lib/python3.6/site-packages/airflow/example_dags/example_kubernetes_executor.py for tasks to queue
[2023-08-18 06:21:58,134] {logging_mixin.py:104} INFO - [2023-08-18 06:21:58,119] {dagbag.py:496} INFO - Filling up the DagBag from /home/airflow/.local/lib/python3.6/site-packages/airflow/example_dags/example_kubernetes_executor.py
[2023-08-18 06:21:58,733] {scheduler_job.py:643} INFO - DAG(s) dict_keys(['example_kubernetes_executor']) retrieved from /home/airflow/.local/lib/python3.6/site-packages/airflow/example_dags/example_kubernetes_executor.py
[2023-08-18 06:22:11,850] {logging_mixin.py:104} INFO - [2023-08-18 06:22:11,849] {dag.py:1833} INFO - Sync 1 DAGs
[2023-08-18 06:22:12,058] {logging_mixin.py:104} INFO - [2023-08-18 06:22:12,057] {dag.py:2306} INFO - Setting next_dagrun for example_kubernetes_executor to None
[2023-08-18 06:22:12,182] {scheduler_job.py:190} INFO - Processing /home/airflow/.local/lib/python3.6/site-packages/airflow/example_dags/example_kubernetes_executor.py took 14.531 seconds
[2023-08-18 06:25:08,482] {scheduler_job.py:182} INFO - Started process (PID=42537) to work on /home/airflow/.local/lib/python3.6/site-packages/airflow/example_dags/example_kubernetes_executor.py
[2023-08-18 06:25:08,648] {scheduler_job.py:633} INFO - Processing file /home/airflow/.local/lib/python3.6/site-packages/airflow/example_dags/example_kubernetes_executor.py for tasks to queue
[2023-08-18 06:25:08,691] {logging_mixin.py:104} INFO - [2023-08-18 06:25:08,690] {dagbag.py:496} INFO - Filling up the DagBag from /home/airflow/.local/lib/python3.6/site-packages/airflow/example_dags/example_kubernetes_executor.py
[2023-08-18 06:25:10,178] {scheduler_job.py:643} INFO - DAG(s) dict_keys(['example_kubernetes_executor']) retrieved from /home/airflow/.local/lib/python3.6/site-packages/airflow/example_dags/example_kubernetes_executor.py
[2023-08-18 06:25:11,594] {logging_mixin.py:104} INFO - [2023-08-18 06:25:11,594] {dag.py:1833} INFO - Sync 1 DAGs
[2023-08-18 06:25:12,227] {logging_mixin.py:104} INFO - [2023-08-18 06:25:12,224] {dag.py:2306} INFO - Setting next_dagrun for example_kubernetes_executor to None
[2023-08-18 06:25:12,818] {scheduler_job.py:190} INFO - Processing /home/airflow/.local/lib/python3.6/site-packages/airflow/example_dags/example_kubernetes_executor.py took 4.553 seconds
[2023-08-18 06:28:05,917] {scheduler_job.py:182} INFO - Started process (PID=42597) to work on /home/airflow/.local/lib/python3.6/site-packages/airflow/example_dags/example_kubernetes_executor.py
[2023-08-18 06:28:06,071] {scheduler_job.py:633} INFO - Processing file /home/airflow/.local/lib/python3.6/site-packages/airflow/example_dags/example_kubernetes_executor.py for tasks to queue
[2023-08-18 06:28:06,184] {logging_mixin.py:104} INFO - [2023-08-18 06:28:06,152] {dagbag.py:496} INFO - Filling up the DagBag from /home/airflow/.local/lib/python3.6/site-packages/airflow/example_dags/example_kubernetes_executor.py
[2023-08-18 06:28:07,792] {scheduler_job.py:643} INFO - DAG(s) dict_keys(['example_kubernetes_executor']) retrieved from /home/airflow/.local/lib/python3.6/site-packages/airflow/example_dags/example_kubernetes_executor.py
[2023-08-18 06:28:09,448] {logging_mixin.py:104} INFO - [2023-08-18 06:28:09,447] {dag.py:1833} INFO - Sync 1 DAGs
[2023-08-18 06:28:11,104] {logging_mixin.py:104} INFO - [2023-08-18 06:28:11,104] {dag.py:2306} INFO - Setting next_dagrun for example_kubernetes_executor to None
[2023-08-18 06:28:11,848] {scheduler_job.py:190} INFO - Processing /home/airflow/.local/lib/python3.6/site-packages/airflow/example_dags/example_kubernetes_executor.py took 6.548 seconds
[2023-08-18 06:29:16,144] {scheduler_job.py:182} INFO - Started process (PID=42623) to work on /home/airflow/.local/lib/python3.6/site-packages/airflow/example_dags/example_kubernetes_executor.py
[2023-08-18 06:29:16,274] {scheduler_job.py:633} INFO - Processing file /home/airflow/.local/lib/python3.6/site-packages/airflow/example_dags/example_kubernetes_executor.py for tasks to queue
[2023-08-18 06:29:16,373] {logging_mixin.py:104} INFO - [2023-08-18 06:29:16,372] {dagbag.py:496} INFO - Filling up the DagBag from /home/airflow/.local/lib/python3.6/site-packages/airflow/example_dags/example_kubernetes_executor.py
[2023-08-18 06:29:18,041] {scheduler_job.py:643} INFO - DAG(s) dict_keys(['example_kubernetes_executor']) retrieved from /home/airflow/.local/lib/python3.6/site-packages/airflow/example_dags/example_kubernetes_executor.py
[2023-08-18 06:29:19,902] {logging_mixin.py:104} INFO - [2023-08-18 06:29:19,901] {dag.py:1833} INFO - Sync 1 DAGs
[2023-08-18 06:29:20,968] {logging_mixin.py:104} INFO - [2023-08-18 06:29:20,967] {dag.py:2306} INFO - Setting next_dagrun for example_kubernetes_executor to None
[2023-08-18 06:29:22,288] {scheduler_job.py:190} INFO - Processing /home/airflow/.local/lib/python3.6/site-packages/airflow/example_dags/example_kubernetes_executor.py took 6.723 seconds
[2023-08-18 06:30:27,484] {scheduler_job.py:182} INFO - Started process (PID=42660) to work on /home/airflow/.local/lib/python3.6/site-packages/airflow/example_dags/example_kubernetes_executor.py
[2023-08-18 06:30:27,619] {scheduler_job.py:633} INFO - Processing file /home/airflow/.local/lib/python3.6/site-packages/airflow/example_dags/example_kubernetes_executor.py for tasks to queue
[2023-08-18 06:30:27,677] {logging_mixin.py:104} INFO - [2023-08-18 06:30:27,652] {dagbag.py:496} INFO - Filling up the DagBag from /home/airflow/.local/lib/python3.6/site-packages/airflow/example_dags/example_kubernetes_executor.py
[2023-08-18 06:30:28,811] {scheduler_job.py:643} INFO - DAG(s) dict_keys(['example_kubernetes_executor']) retrieved from /home/airflow/.local/lib/python3.6/site-packages/airflow/example_dags/example_kubernetes_executor.py
[2023-08-18 06:30:29,908] {logging_mixin.py:104} INFO - [2023-08-18 06:30:29,908] {dag.py:1833} INFO - Sync 1 DAGs
[2023-08-18 06:30:30,510] {logging_mixin.py:104} INFO - [2023-08-18 06:30:30,491] {dag.py:2306} INFO - Setting next_dagrun for example_kubernetes_executor to None
[2023-08-18 06:30:31,001] {scheduler_job.py:190} INFO - Processing /home/airflow/.local/lib/python3.6/site-packages/airflow/example_dags/example_kubernetes_executor.py took 3.914 seconds
