[2023-08-18 06:23:13,977] {scheduler_job.py:182} INFO - Started process (PID=42495) to work on /home/airflow/.local/lib/python3.6/site-packages/airflow/example_dags/example_kubernetes_executor_config.py
[2023-08-18 06:23:14,043] {scheduler_job.py:633} INFO - Processing file /home/airflow/.local/lib/python3.6/site-packages/airflow/example_dags/example_kubernetes_executor_config.py for tasks to queue
[2023-08-18 06:23:14,214] {logging_mixin.py:104} INFO - [2023-08-18 06:23:14,213] {dagbag.py:496} INFO - Filling up the DagBag from /home/airflow/.local/lib/python3.6/site-packages/airflow/example_dags/example_kubernetes_executor_config.py
[2023-08-18 06:23:16,027] {scheduler_job.py:643} INFO - DAG(s) dict_keys(['example_kubernetes_executor_config']) retrieved from /home/airflow/.local/lib/python3.6/site-packages/airflow/example_dags/example_kubernetes_executor_config.py
[2023-08-18 06:23:59,764] {logging_mixin.py:104} INFO - [2023-08-18 06:23:59,764] {dag.py:1833} INFO - Sync 1 DAGs
[2023-08-18 06:24:00,259] {logging_mixin.py:104} INFO - [2023-08-18 06:24:00,240] {dag.py:2306} INFO - Setting next_dagrun for example_kubernetes_executor_config to None
[2023-08-18 06:24:00,728] {scheduler_job.py:190} INFO - Processing /home/airflow/.local/lib/python3.6/site-packages/airflow/example_dags/example_kubernetes_executor_config.py took 47.016 seconds
[2023-08-18 06:25:57,602] {scheduler_job.py:182} INFO - Started process (PID=42556) to work on /home/airflow/.local/lib/python3.6/site-packages/airflow/example_dags/example_kubernetes_executor_config.py
[2023-08-18 06:25:57,841] {scheduler_job.py:633} INFO - Processing file /home/airflow/.local/lib/python3.6/site-packages/airflow/example_dags/example_kubernetes_executor_config.py for tasks to queue
[2023-08-18 06:25:58,172] {logging_mixin.py:104} INFO - [2023-08-18 06:25:58,102] {dagbag.py:496} INFO - Filling up the DagBag from /home/airflow/.local/lib/python3.6/site-packages/airflow/example_dags/example_kubernetes_executor_config.py
[2023-08-18 06:26:13,477] {scheduler_job.py:643} INFO - DAG(s) dict_keys(['example_kubernetes_executor_config']) retrieved from /home/airflow/.local/lib/python3.6/site-packages/airflow/example_dags/example_kubernetes_executor_config.py
[2023-08-18 06:26:15,789] {logging_mixin.py:104} INFO - [2023-08-18 06:26:15,788] {dag.py:1833} INFO - Sync 1 DAGs
[2023-08-18 06:26:16,557] {logging_mixin.py:104} INFO - [2023-08-18 06:26:16,556] {dag.py:2306} INFO - Setting next_dagrun for example_kubernetes_executor_config to None
[2023-08-18 06:26:17,495] {scheduler_job.py:190} INFO - Processing /home/airflow/.local/lib/python3.6/site-packages/airflow/example_dags/example_kubernetes_executor_config.py took 20.842 seconds
[2023-08-18 06:30:48,675] {scheduler_job.py:182} INFO - Started process (PID=42675) to work on /home/airflow/.local/lib/python3.6/site-packages/airflow/example_dags/example_kubernetes_executor_config.py
[2023-08-18 06:31:00,330] {scheduler_job.py:633} INFO - Processing file /home/airflow/.local/lib/python3.6/site-packages/airflow/example_dags/example_kubernetes_executor_config.py for tasks to queue
[2023-08-18 06:31:00,454] {logging_mixin.py:104} INFO - [2023-08-18 06:31:00,453] {dagbag.py:496} INFO - Filling up the DagBag from /home/airflow/.local/lib/python3.6/site-packages/airflow/example_dags/example_kubernetes_executor_config.py
[2023-08-18 06:31:01,950] {scheduler_job.py:643} INFO - DAG(s) dict_keys(['example_kubernetes_executor_config']) retrieved from /home/airflow/.local/lib/python3.6/site-packages/airflow/example_dags/example_kubernetes_executor_config.py
[2023-08-18 06:31:03,251] {logging_mixin.py:104} INFO - [2023-08-18 06:31:03,251] {dag.py:1833} INFO - Sync 1 DAGs
[2023-08-18 06:31:03,936] {logging_mixin.py:104} INFO - [2023-08-18 06:31:03,935] {dag.py:2306} INFO - Setting next_dagrun for example_kubernetes_executor_config to None
[2023-08-18 06:31:04,381] {scheduler_job.py:190} INFO - Processing /home/airflow/.local/lib/python3.6/site-packages/airflow/example_dags/example_kubernetes_executor_config.py took 15.642 seconds
