[2023-08-18 06:22:12,615] {scheduler_job.py:182} INFO - Started process (PID=42469) to work on /home/airflow/.local/lib/python3.6/site-packages/airflow/example_dags/example_latest_only_with_trigger.py
[2023-08-18 06:22:12,673] {scheduler_job.py:633} INFO - Processing file /home/airflow/.local/lib/python3.6/site-packages/airflow/example_dags/example_latest_only_with_trigger.py for tasks to queue
[2023-08-18 06:22:12,694] {logging_mixin.py:104} INFO - [2023-08-18 06:22:12,693] {dagbag.py:496} INFO - Filling up the DagBag from /home/airflow/.local/lib/python3.6/site-packages/airflow/example_dags/example_latest_only_with_trigger.py
[2023-08-18 06:22:13,006] {scheduler_job.py:643} INFO - DAG(s) dict_keys(['latest_only_with_trigger']) retrieved from /home/airflow/.local/lib/python3.6/site-packages/airflow/example_dags/example_latest_only_with_trigger.py
[2023-08-18 06:22:37,341] {logging_mixin.py:104} INFO - [2023-08-18 06:22:37,341] {dag.py:1833} INFO - Sync 1 DAGs
[2023-08-18 06:22:37,772] {logging_mixin.py:104} INFO - [2023-08-18 06:22:37,762] {dag.py:2306} INFO - Setting next_dagrun for latest_only_with_trigger to 2023-08-16 00:00:00+00:00
[2023-08-18 06:22:38,022] {scheduler_job.py:190} INFO - Processing /home/airflow/.local/lib/python3.6/site-packages/airflow/example_dags/example_latest_only_with_trigger.py took 25.157 seconds
[2023-08-18 06:25:19,598] {scheduler_job.py:182} INFO - Started process (PID=42543) to work on /home/airflow/.local/lib/python3.6/site-packages/airflow/example_dags/example_latest_only_with_trigger.py
[2023-08-18 06:25:19,718] {scheduler_job.py:633} INFO - Processing file /home/airflow/.local/lib/python3.6/site-packages/airflow/example_dags/example_latest_only_with_trigger.py for tasks to queue
[2023-08-18 06:25:19,775] {logging_mixin.py:104} INFO - [2023-08-18 06:25:19,774] {dagbag.py:496} INFO - Filling up the DagBag from /home/airflow/.local/lib/python3.6/site-packages/airflow/example_dags/example_latest_only_with_trigger.py
[2023-08-18 06:25:21,684] {scheduler_job.py:643} INFO - DAG(s) dict_keys(['latest_only_with_trigger']) retrieved from /home/airflow/.local/lib/python3.6/site-packages/airflow/example_dags/example_latest_only_with_trigger.py
[2023-08-18 06:25:34,627] {logging_mixin.py:104} INFO - [2023-08-18 06:25:34,627] {dag.py:1833} INFO - Sync 1 DAGs
[2023-08-18 06:25:35,857] {logging_mixin.py:104} INFO - [2023-08-18 06:25:35,857] {dag.py:2306} INFO - Setting next_dagrun for latest_only_with_trigger to 2023-08-16 00:00:00+00:00
[2023-08-18 06:25:37,489] {scheduler_job.py:190} INFO - Processing /home/airflow/.local/lib/python3.6/site-packages/airflow/example_dags/example_latest_only_with_trigger.py took 18.386 seconds
[2023-08-18 06:28:19,485] {scheduler_job.py:182} INFO - Started process (PID=42602) to work on /home/airflow/.local/lib/python3.6/site-packages/airflow/example_dags/example_latest_only_with_trigger.py
[2023-08-18 06:28:19,616] {scheduler_job.py:633} INFO - Processing file /home/airflow/.local/lib/python3.6/site-packages/airflow/example_dags/example_latest_only_with_trigger.py for tasks to queue
[2023-08-18 06:28:19,699] {logging_mixin.py:104} INFO - [2023-08-18 06:28:19,662] {dagbag.py:496} INFO - Filling up the DagBag from /home/airflow/.local/lib/python3.6/site-packages/airflow/example_dags/example_latest_only_with_trigger.py
[2023-08-18 06:28:21,206] {scheduler_job.py:643} INFO - DAG(s) dict_keys(['latest_only_with_trigger']) retrieved from /home/airflow/.local/lib/python3.6/site-packages/airflow/example_dags/example_latest_only_with_trigger.py
[2023-08-18 06:28:22,717] {logging_mixin.py:104} INFO - [2023-08-18 06:28:22,717] {dag.py:1833} INFO - Sync 1 DAGs
[2023-08-18 06:28:23,962] {logging_mixin.py:104} INFO - [2023-08-18 06:28:23,961] {dag.py:2306} INFO - Setting next_dagrun for latest_only_with_trigger to 2023-08-16 00:00:00+00:00
[2023-08-18 06:28:35,363] {scheduler_job.py:190} INFO - Processing /home/airflow/.local/lib/python3.6/site-packages/airflow/example_dags/example_latest_only_with_trigger.py took 16.760 seconds
[2023-08-18 06:29:31,152] {scheduler_job.py:182} INFO - Started process (PID=42635) to work on /home/airflow/.local/lib/python3.6/site-packages/airflow/example_dags/example_latest_only_with_trigger.py
[2023-08-18 06:29:31,280] {scheduler_job.py:633} INFO - Processing file /home/airflow/.local/lib/python3.6/site-packages/airflow/example_dags/example_latest_only_with_trigger.py for tasks to queue
[2023-08-18 06:29:31,391] {logging_mixin.py:104} INFO - [2023-08-18 06:29:31,390] {dagbag.py:496} INFO - Filling up the DagBag from /home/airflow/.local/lib/python3.6/site-packages/airflow/example_dags/example_latest_only_with_trigger.py
[2023-08-18 06:29:33,336] {scheduler_job.py:643} INFO - DAG(s) dict_keys(['latest_only_with_trigger']) retrieved from /home/airflow/.local/lib/python3.6/site-packages/airflow/example_dags/example_latest_only_with_trigger.py
[2023-08-18 06:29:48,007] {logging_mixin.py:104} INFO - [2023-08-18 06:29:47,899] {dag.py:1833} INFO - Sync 1 DAGs
[2023-08-18 06:29:53,036] {logging_mixin.py:104} INFO - [2023-08-18 06:29:51,185] {dag.py:2306} INFO - Setting next_dagrun for latest_only_with_trigger to 2023-08-16 00:00:00+00:00
[2023-08-18 06:29:53,943] {scheduler_job.py:190} INFO - Processing /home/airflow/.local/lib/python3.6/site-packages/airflow/example_dags/example_latest_only_with_trigger.py took 23.229 seconds
[2023-08-18 06:30:36,991] {scheduler_job.py:182} INFO - Started process (PID=42663) to work on /home/airflow/.local/lib/python3.6/site-packages/airflow/example_dags/example_latest_only_with_trigger.py
[2023-08-18 06:30:37,070] {scheduler_job.py:633} INFO - Processing file /home/airflow/.local/lib/python3.6/site-packages/airflow/example_dags/example_latest_only_with_trigger.py for tasks to queue
[2023-08-18 06:30:37,116] {logging_mixin.py:104} INFO - [2023-08-18 06:30:37,115] {dagbag.py:496} INFO - Filling up the DagBag from /home/airflow/.local/lib/python3.6/site-packages/airflow/example_dags/example_latest_only_with_trigger.py
[2023-08-18 06:30:37,901] {scheduler_job.py:643} INFO - DAG(s) dict_keys(['latest_only_with_trigger']) retrieved from /home/airflow/.local/lib/python3.6/site-packages/airflow/example_dags/example_latest_only_with_trigger.py
[2023-08-18 06:30:38,891] {logging_mixin.py:104} INFO - [2023-08-18 06:30:38,891] {dag.py:1833} INFO - Sync 1 DAGs
[2023-08-18 06:30:39,652] {logging_mixin.py:104} INFO - [2023-08-18 06:30:39,652] {dag.py:2306} INFO - Setting next_dagrun for latest_only_with_trigger to 2023-08-16 00:00:00+00:00
[2023-08-18 06:30:40,296] {scheduler_job.py:190} INFO - Processing /home/airflow/.local/lib/python3.6/site-packages/airflow/example_dags/example_latest_only_with_trigger.py took 3.545 seconds
