[2023-08-18 06:21:58,210] {scheduler_job.py:182} INFO - Started process (PID=42464) to work on /home/airflow/.local/lib/python3.6/site-packages/airflow/example_dags/tutorial_taskflow_api_etl.py
[2023-08-18 06:21:58,279] {scheduler_job.py:633} INFO - Processing file /home/airflow/.local/lib/python3.6/site-packages/airflow/example_dags/tutorial_taskflow_api_etl.py for tasks to queue
[2023-08-18 06:21:58,313] {logging_mixin.py:104} INFO - [2023-08-18 06:21:58,312] {dagbag.py:496} INFO - Filling up the DagBag from /home/airflow/.local/lib/python3.6/site-packages/airflow/example_dags/tutorial_taskflow_api_etl.py
[2023-08-18 06:21:58,678] {scheduler_job.py:643} INFO - DAG(s) dict_keys(['tutorial_taskflow_api_etl']) retrieved from /home/airflow/.local/lib/python3.6/site-packages/airflow/example_dags/tutorial_taskflow_api_etl.py
[2023-08-18 06:22:11,337] {logging_mixin.py:104} INFO - [2023-08-18 06:22:11,337] {dag.py:1833} INFO - Sync 1 DAGs
[2023-08-18 06:22:11,671] {logging_mixin.py:104} INFO - [2023-08-18 06:22:11,671] {dag.py:2306} INFO - Setting next_dagrun for tutorial_taskflow_api_etl to None
[2023-08-18 06:22:11,954] {scheduler_job.py:190} INFO - Processing /home/airflow/.local/lib/python3.6/site-packages/airflow/example_dags/tutorial_taskflow_api_etl.py took 14.026 seconds
[2023-08-18 06:25:08,769] {scheduler_job.py:182} INFO - Started process (PID=42538) to work on /home/airflow/.local/lib/python3.6/site-packages/airflow/example_dags/tutorial_taskflow_api_etl.py
[2023-08-18 06:25:08,983] {scheduler_job.py:633} INFO - Processing file /home/airflow/.local/lib/python3.6/site-packages/airflow/example_dags/tutorial_taskflow_api_etl.py for tasks to queue
[2023-08-18 06:25:09,087] {logging_mixin.py:104} INFO - [2023-08-18 06:25:09,041] {dagbag.py:496} INFO - Filling up the DagBag from /home/airflow/.local/lib/python3.6/site-packages/airflow/example_dags/tutorial_taskflow_api_etl.py
[2023-08-18 06:25:10,578] {scheduler_job.py:643} INFO - DAG(s) dict_keys(['tutorial_taskflow_api_etl']) retrieved from /home/airflow/.local/lib/python3.6/site-packages/airflow/example_dags/tutorial_taskflow_api_etl.py
[2023-08-18 06:25:51,964] {logging_mixin.py:104} INFO - [2023-08-18 06:25:51,964] {dag.py:1833} INFO - Sync 1 DAGs
[2023-08-18 06:25:52,599] {logging_mixin.py:104} INFO - [2023-08-18 06:25:52,598] {dag.py:2306} INFO - Setting next_dagrun for tutorial_taskflow_api_etl to None
[2023-08-18 06:25:54,628] {scheduler_job.py:190} INFO - Processing /home/airflow/.local/lib/python3.6/site-packages/airflow/example_dags/tutorial_taskflow_api_etl.py took 46.135 seconds
[2023-08-18 06:28:06,344] {scheduler_job.py:182} INFO - Started process (PID=42598) to work on /home/airflow/.local/lib/python3.6/site-packages/airflow/example_dags/tutorial_taskflow_api_etl.py
[2023-08-18 06:28:06,442] {scheduler_job.py:633} INFO - Processing file /home/airflow/.local/lib/python3.6/site-packages/airflow/example_dags/tutorial_taskflow_api_etl.py for tasks to queue
[2023-08-18 06:28:06,512] {logging_mixin.py:104} INFO - [2023-08-18 06:28:06,511] {dagbag.py:496} INFO - Filling up the DagBag from /home/airflow/.local/lib/python3.6/site-packages/airflow/example_dags/tutorial_taskflow_api_etl.py
[2023-08-18 06:28:08,637] {scheduler_job.py:643} INFO - DAG(s) dict_keys(['tutorial_taskflow_api_etl']) retrieved from /home/airflow/.local/lib/python3.6/site-packages/airflow/example_dags/tutorial_taskflow_api_etl.py
[2023-08-18 06:29:16,581] {scheduler_job.py:182} INFO - Started process (PID=42624) to work on /home/airflow/.local/lib/python3.6/site-packages/airflow/example_dags/tutorial_taskflow_api_etl.py
[2023-08-18 06:29:16,687] {scheduler_job.py:633} INFO - Processing file /home/airflow/.local/lib/python3.6/site-packages/airflow/example_dags/tutorial_taskflow_api_etl.py for tasks to queue
[2023-08-18 06:29:16,789] {logging_mixin.py:104} INFO - [2023-08-18 06:29:16,734] {dagbag.py:496} INFO - Filling up the DagBag from /home/airflow/.local/lib/python3.6/site-packages/airflow/example_dags/tutorial_taskflow_api_etl.py
[2023-08-18 06:29:19,014] {scheduler_job.py:643} INFO - DAG(s) dict_keys(['tutorial_taskflow_api_etl']) retrieved from /home/airflow/.local/lib/python3.6/site-packages/airflow/example_dags/tutorial_taskflow_api_etl.py
[2023-08-18 06:30:27,736] {scheduler_job.py:182} INFO - Started process (PID=42661) to work on /home/airflow/.local/lib/python3.6/site-packages/airflow/example_dags/tutorial_taskflow_api_etl.py
[2023-08-18 06:30:27,790] {scheduler_job.py:633} INFO - Processing file /home/airflow/.local/lib/python3.6/site-packages/airflow/example_dags/tutorial_taskflow_api_etl.py for tasks to queue
[2023-08-18 06:30:27,854] {logging_mixin.py:104} INFO - [2023-08-18 06:30:27,827] {dagbag.py:496} INFO - Filling up the DagBag from /home/airflow/.local/lib/python3.6/site-packages/airflow/example_dags/tutorial_taskflow_api_etl.py
[2023-08-18 06:30:29,438] {scheduler_job.py:643} INFO - DAG(s) dict_keys(['tutorial_taskflow_api_etl']) retrieved from /home/airflow/.local/lib/python3.6/site-packages/airflow/example_dags/tutorial_taskflow_api_etl.py
[2023-08-18 06:30:46,653] {logging_mixin.py:104} INFO - [2023-08-18 06:30:46,653] {dag.py:1833} INFO - Sync 1 DAGs
[2023-08-18 06:30:47,019] {logging_mixin.py:104} INFO - [2023-08-18 06:30:47,019] {dag.py:2306} INFO - Setting next_dagrun for tutorial_taskflow_api_etl to None
[2023-08-18 06:30:47,403] {scheduler_job.py:190} INFO - Processing /home/airflow/.local/lib/python3.6/site-packages/airflow/example_dags/tutorial_taskflow_api_etl.py took 19.962 seconds
