[2023-08-28 20:28:41,971] {scheduler_job.py:182} INFO - Started process (PID=6165) to work on /home/airflow/.local/lib/python3.6/site-packages/airflow/example_dags/example_subdag_operator.py
[2023-08-28 20:28:42,030] {scheduler_job.py:633} INFO - Processing file /home/airflow/.local/lib/python3.6/site-packages/airflow/example_dags/example_subdag_operator.py for tasks to queue
[2023-08-28 20:28:42,068] {logging_mixin.py:104} INFO - [2023-08-28 20:28:42,067] {dagbag.py:496} INFO - Filling up the DagBag from /home/airflow/.local/lib/python3.6/site-packages/airflow/example_dags/example_subdag_operator.py
[2023-08-28 20:28:44,936] {scheduler_job.py:643} INFO - DAG(s) dict_keys(['example_subdag_operator.section-1', 'example_subdag_operator.section-2', 'example_subdag_operator']) retrieved from /home/airflow/.local/lib/python3.6/site-packages/airflow/example_dags/example_subdag_operator.py
[2023-08-28 20:29:04,942] {logging_mixin.py:104} INFO - [2023-08-28 20:29:04,942] {dag.py:1833} INFO - Sync 3 DAGs
[2023-08-28 20:29:05,425] {logging_mixin.py:104} INFO - [2023-08-28 20:29:05,406] {dag.py:2306} INFO - Setting next_dagrun for example_subdag_operator to 2023-08-26 00:00:00+00:00
[2023-08-28 20:29:05,468] {logging_mixin.py:104} INFO - [2023-08-28 20:29:05,445] {dag.py:2306} INFO - Setting next_dagrun for example_subdag_operator.section-1 to None
[2023-08-28 20:29:05,474] {logging_mixin.py:104} INFO - [2023-08-28 20:29:05,474] {dag.py:2306} INFO - Setting next_dagrun for example_subdag_operator.section-2 to None
[2023-08-28 20:29:06,288] {logging_mixin.py:104} INFO - [2023-08-28 20:29:06,288] {dag.py:1833} INFO - Sync 2 DAGs
[2023-08-28 20:29:06,635] {logging_mixin.py:104} INFO - [2023-08-28 20:29:06,635] {dag.py:2306} INFO - Setting next_dagrun for example_subdag_operator.section-1 to None
[2023-08-28 20:29:06,649] {logging_mixin.py:104} INFO - [2023-08-28 20:29:06,648] {dag.py:2306} INFO - Setting next_dagrun for example_subdag_operator.section-2 to None
[2023-08-28 20:29:06,874] {scheduler_job.py:190} INFO - Processing /home/airflow/.local/lib/python3.6/site-packages/airflow/example_dags/example_subdag_operator.py took 25.170 seconds
[2023-08-28 20:33:38,592] {scheduler_job.py:182} INFO - Started process (PID=6326) to work on /home/airflow/.local/lib/python3.6/site-packages/airflow/example_dags/example_subdag_operator.py
[2023-08-28 20:33:38,702] {scheduler_job.py:633} INFO - Processing file /home/airflow/.local/lib/python3.6/site-packages/airflow/example_dags/example_subdag_operator.py for tasks to queue
[2023-08-28 20:33:38,780] {logging_mixin.py:104} INFO - [2023-08-28 20:33:38,775] {dagbag.py:496} INFO - Filling up the DagBag from /home/airflow/.local/lib/python3.6/site-packages/airflow/example_dags/example_subdag_operator.py
[2023-08-28 20:33:41,717] {scheduler_job.py:643} INFO - DAG(s) dict_keys(['example_subdag_operator.section-1', 'example_subdag_operator.section-2', 'example_subdag_operator']) retrieved from /home/airflow/.local/lib/python3.6/site-packages/airflow/example_dags/example_subdag_operator.py
[2023-08-28 20:33:42,621] {logging_mixin.py:104} INFO - [2023-08-28 20:33:42,621] {dag.py:1833} INFO - Sync 3 DAGs
[2023-08-28 20:33:43,046] {logging_mixin.py:104} INFO - [2023-08-28 20:33:43,045] {dag.py:2306} INFO - Setting next_dagrun for example_subdag_operator to 2023-08-26 00:00:00+00:00
[2023-08-28 20:33:43,104] {logging_mixin.py:104} INFO - [2023-08-28 20:33:43,104] {dag.py:2306} INFO - Setting next_dagrun for example_subdag_operator.section-1 to None
[2023-08-28 20:33:43,124] {logging_mixin.py:104} INFO - [2023-08-28 20:33:43,124] {dag.py:2306} INFO - Setting next_dagrun for example_subdag_operator.section-2 to None
[2023-08-28 20:33:43,494] {logging_mixin.py:104} INFO - [2023-08-28 20:33:43,494] {dag.py:1833} INFO - Sync 2 DAGs
[2023-08-28 20:33:44,132] {logging_mixin.py:104} INFO - [2023-08-28 20:33:44,114] {dag.py:2306} INFO - Setting next_dagrun for example_subdag_operator.section-1 to None
[2023-08-28 20:33:44,150] {logging_mixin.py:104} INFO - [2023-08-28 20:33:44,149] {dag.py:2306} INFO - Setting next_dagrun for example_subdag_operator.section-2 to None
[2023-08-28 20:33:44,365] {scheduler_job.py:190} INFO - Processing /home/airflow/.local/lib/python3.6/site-packages/airflow/example_dags/example_subdag_operator.py took 6.311 seconds
